Num_Nodos;Num_Procesos;Tipo_Proceso;Identificador;T_In;T_Out;T_Dif



50;3;ANULACION;308274752;13:24:01.601833;13:24:37.601095;35999262
50;3;ANULACION;299882048;13:24:01.601997;13:26:17.609320;136007323
50;3;ANULACION;291489344;13:24:01.602114;13:27:57.618456;236016342
50;3;ANULACION;283096640;13:24:01.602319;13:29:37.627821;336025502
50;3;ANULACION;274703936;13:24:01.602514;13:31:17.634488;436031974
50;3;ANULACION;266311232;13:24:01.602748;13:32:57.641077;536038329
50;3;ANULACION;257918528;13:24:01.602948;13:34:37.647416;636044468
50;3;ANULACION;249525824;13:24:01.603137;13:36:17.657048;736053911
50;3;ANULACION;241133120;13:24:01.603327;13:37:57.662388;836059061
50;3;ANULACION;232740416;13:24:01.603507;13:39:37.668153;936064646
50;3;PAGO;224347712;13:24:01.603728;13:41:17.676368;1036072640
50;3;PAGO;215955008;13:24:01.603910;13:42:57.686296;1136082386
50;3;PAGO;207562304;13:24:01.604128;13:44:37.693103;1236088975
50;3;PAGO;199169600;13:24:01.604307;13:46:17.701144;1336096837
50;3;PAGO;190776896;13:24:01.604476;13:47:57.708380;1436103904
50;3;RESERVA/ANULACION;182384192;13:24:01.606061;13:49:37.713302;1536107241
50;3;RESERVA/ANULACION;173991488;13:24:01.606299;13:51:17.719230;1636112931
50;3;RESERVA/ANULACION;165598784;13:24:01.606477;13:52:57.724783;1736118306
50;3;RESERVA/ANULACION;157206080;13:24:01.606649;13:54:37.730961;1836124312
50;3;RESERVA/ANULACION;148813376;13:24:01.606752;13:56:17.739128;1936132376
50;3;ANULACION;1985996352;13:24:02.601444;13:24:47.601687;45000243
50;3;ANULACION;1977603648;13:24:02.601540;13:26:27.609648;145008108
50;3;ANULACION;1969210944;13:24:02.601658;13:28:07.619178;245017520
50;3;ANULACION;1960818240;13:24:02.601748;13:29:47.629007;345027259
50;3;ANULACION;1952425536;13:24:02.601859;13:31:27.634817;445032958
50;3;PAGO;1944032832;13:24:02.602058;13:33:07.641413;545039355
50;3;PAGO;1935640128;13:24:02.602290;13:34:47.648752;645046462
50;3;PAGO;1927247424;13:24:02.602488;13:36:27.657406;745054918
50;3;PAGO;1918854720;13:24:02.602697;13:38:07.662760;845060063
50;3;PAGO;1910462016;13:24:02.602896;13:39:47.669144;945066248
50;3;PAGO;1902069312;13:24:02.603116;13:41:27.677366;1045074250
50;3;PAGO;1893676608;13:24:02.603321;13:43:07.687463;1145084142
50;3;PAGO;1885283904;13:24:02.603554;13:44:47.694643;1245091089
50;3;PAGO;1876891200;13:24:02.603744;13:46:27.701504;1345097760
50;3;PAGO;1868498496;13:24:02.603945;13:48:07.708980;1445105035
50;3;PAGO;1860105792;13:24:02.604164;13:49:47.713628;1545109464
50;3;PAGO;1851713088;13:24:02.604383;13:51:27.719822;1645115439
50;3;PAGO;1843320384;13:24:02.604564;13:53:07.725081;1745120517
50;3;PAGO;1834927680;13:24:02.606029;13:54:47.731592;1845125563
50;3;PAGO;1826534976;13:24:02.606167;13:56:27.740165;1945133998
50;3;ANULACION;-799021504;13:24:02.601415;13:24:57.602822;55001407
50;3;ANULACION;-807414208;13:24:02.601542;13:26:37.610350;155008808
50;3;ANULACION;-815806912;13:24:02.601688;13:28:17.619874;255018186
50;3;ANULACION;-824199616;13:24:02.601802;13:29:57.629382;355027580
50;3;ANULACION;-832592320;13:24:02.601920;13:31:37.635762;455033842
50;3;PAGO;-840985024;13:24:02.602087;13:33:17.642460;555040373
50;3;PAGO;-849377728;13:24:02.602245;13:34:57.649411;655047166
50;3;PAGO;-857770432;13:24:02.602448;13:36:37.658111;755055663
50;3;PAGO;-866163136;13:24:02.602642;13:38:17.663162;855060520
50;3;PAGO;-874555840;13:24:02.602839;13:39:57.669389;955066550
50;3;PAGO;-882948544;13:24:02.603076;13:41:37.677727;1055074651
50;3;PAGO;-891341248;13:24:02.603273;13:43:17.688229;1155084956
50;3;PAGO;-899733952;13:24:02.603458;13:44:57.695103;1255091645
50;3;PAGO;-908126656;13:24:02.603629;13:46:37.701841;1355098212
50;3;PAGO;-916519360;13:24:02.603818;13:48:17.709258;1455105440
50;3;PAGO;-924912064;13:24:02.604029;13:49:57.714570;1555110541
50;3;PAGO;-933304768;13:24:02.604284;13:51:37.720980;1655116696
50;3;PAGO;-941697472;13:24:02.604472;13:53:17.725396;1755120924
50;3;PAGO;-950090176;13:24:02.605928;13:54:57.732118;1855126190
50;3;PAGO;-958482880;13:24:02.606104;13:56:37.741310;1955135206
50;3;ANULACION;-142612928;13:24:02.601428;13:25:07.603873;65002445
50;3;ANULACION;-151005632;13:24:02.601572;13:26:47.613092;165011520
50;3;ANULACION;-159398336;13:24:02.601660;13:28:27.620984;265019324
50;3;ANULACION;-167791040;13:24:02.601803;13:30:07.629714;365027911
50;3;ANULACION;-176183744;13:24:02.601890;13:31:47.636123;465034233
50;3;PAGO;-184576448;13:24:02.602089;13:33:27.642875;565040786
50;3;PAGO;-192969152;13:24:02.602292;13:35:07.650653;665048361
50;3;PAGO;-201361856;13:24:02.602498;13:36:47.658459;765055961
50;3;PAGO;-209754560;13:24:02.602703;13:38:27.663782;865061079
50;3;PAGO;-218147264;13:24:02.602895;13:40:07.670442;965067547
50;3;PAGO;-226539968;13:24:02.603151;13:41:47.678943;1065075792
50;3;PAGO;-234932672;13:24:02.603356;13:43:27.688668;1165085312
50;3;PAGO;-243325376;13:24:02.603559;13:45:07.696103;1265092544
50;3;PAGO;-251718080;13:24:02.603737;13:46:47.702897;1365099160
50;3;PAGO;-260110784;13:24:02.603985;13:48:27.709660;1465105675
50;3;PAGO;-268503488;13:24:02.604134;13:50:07.715783;1565111649
50;3;PAGO;-276896192;13:24:02.604381;13:51:47.721344;1665116963
50;3;PAGO;-285288896;13:24:02.604562;13:53:27.726237;1765121675
50;3;PAGO;-293681600;13:24:02.606027;13:55:07.732461;1865126434
50;3;PAGO;-302074304;13:24:02.606166;13:56:47.741899;1965135733
50;3;ANULACION;1121969728;13:24:01.601846;13:25:17.605112;76003266
50;3;ANULACION;1113577024;13:24:01.601994;13:26:57.613396;176011402
50;3;ANULACION;1105184320;13:24:01.602112;13:28:37.621374;276019262
50;3;ANULACION;1096791616;13:24:01.602261;13:30:17.630220;376027959
50;3;ANULACION;1088398912;13:24:01.602452;13:31:57.636452;476034000
50;3;ANULACION;1080006208;13:24:01.602669;13:33:37.643746;576041077
50;3;ANULACION;1071613504;13:24:01.602867;13:35:17.651891;676049024
50;3;ANULACION;1063220800;13:24:01.603064;13:36:57.659061;776055997
50;3;ANULACION;1054828096;13:24:01.603248;13:38:37.664907;876061659
50;3;ANULACION;1046435392;13:24:01.603420;13:40:17.671506;976068086
50;3;PAGO;1038042688;13:24:01.603633;13:41:57.679927;1076076294
50;3;PAGO;1029649984;13:24:01.603826;13:43:37.689015;1176085189
50;3;PAGO;1021257280;13:24:01.603995;13:45:17.697211;1276093216
50;3;PAGO;1012864576;13:24:01.604218;13:46:57.703717;1376099499
50;3;PAGO;1004471872;13:24:01.604392;13:48:37.709958;1476105566
50;3;RESERVA/ANULACION;996079168;13:24:01.604644;13:50:17.716703;1576112059
50;3;RESERVA/ANULACION;987686464;13:24:01.606180;13:51:57.721651;1676115471
50;3;RESERVA/ANULACION;979293760;13:24:01.606388;13:53:37.726562;1776120174
50;3;RESERVA/ANULACION;970901056;13:24:01.606562;13:55:17.732776;1876126214
50;3;RESERVA/ANULACION;962508352;13:24:01.606701;13:56:57.743538;1976136837
50;3;ANULACION;-2038438336;13:24:02.601399;13:25:27.605827;85004428
50;3;ANULACION;-2046831040;13:24:02.601574;13:27:07.613705;185012131
50;3;ANULACION;-2055223744;13:24:02.601690;13:28:47.621687;285019997
50;3;ANULACION;-2063616448;13:24:02.601805;13:30:27.630889;385029084
50;3;ANULACION;-2072009152;13:24:02.601922;13:32:07.636694;485034772
50;3;PAGO;-2080401856;13:24:02.602132;13:33:47.644189;585042057
50;3;PAGO;-2088794560;13:24:02.602338;13:35:27.652923;685050585
50;3;PAGO;-2097187264;13:24:02.602535;13:37:07.659527;785056992
50;3;PAGO;-2105579968;13:24:02.602739;13:38:47.665232;885062493
50;3;PAGO;-2113972672;13:24:02.602967;13:40:27.672633;985069666
50;3;PAGO;-2122365376;13:24:02.603183;13:42:07.681320;1085078137
50;3;PAGO;-2130758080;13:24:02.603384;13:43:47.689377;1185085993
50;3;PAGO;-2139150784;13:24:02.603587;13:45:27.697703;1285094116
50;3;PAGO;2147423808;13:24:02.603775;13:47:07.704377;1385100602
50;3;PAGO;2139031104;13:24:02.603983;13:48:47.710509;1485106526
50;3;PAGO;2130638400;13:24:02.604238;13:50:27.717078;1585112840
50;3;PAGO;2122245696;13:24:02.604426;13:52:07.721921;1685117495
50;3;PAGO;2113852992;13:24:02.605840;13:53:47.727617;1785121777
50;3;PAGO;2105460288;13:24:02.606076;13:55:27.733913;1885127837
50;3;PAGO;2097067584;13:24:02.606194;13:57:07.744861;1985138667
50;3;PAGO;-929044928;13:24:01.597308;13:25:37.606465;96009157
50;3;PAGO;-937437632;13:24:01.597431;13:27:17.614729;196017298
50;3;PAGO;-945830336;13:24:01.597463;13:28:57.623602;296026139
50;3;PAGO;-954223040;13:24:01.597491;13:30:37.631732;396034241
50;3;PAGO;-962615744;13:24:01.597519;13:32:17.637270;496039751
50;3;PAGO;-971008448;13:24:01.597546;13:33:57.644875;596047329
50;3;PAGO;-979401152;13:24:01.597577;13:35:37.653265;696055688
50;3;PAGO;-987793856;13:24:01.597603;13:37:17.660717;796063114
50;3;PAGO;-996186560;13:24:01.597635;13:38:57.665595;896067960
50;3;PAGO;-1004579264;13:24:01.597661;13:40:37.673532;996075871
50;3;RESERVA/ANULACION;-1012971968;13:24:01.597712;13:42:17.681910;1096084198
50;3;RESERVA/ANULACION;-1021364672;13:24:01.597740;13:43:57.689820;1196092080
50;3;RESERVA/ANULACION;-1029757376;13:24:01.597766;13:45:37.698698;1296100932
50;3;RESERVA/ANULACION;-1038150080;13:24:01.597796;13:47:17.705270;1396107474
50;3;RESERVA/ANULACION;-1046542784;13:24:01.597822;13:48:57.711152;1496113330
50;3;RESERVA/ANULACION;-1054935488;13:24:01.597848;13:50:37.717456;1596119608
50;3;RESERVA/ANULACION;-1063328192;13:24:01.597873;13:52:17.722264;1696124391
50;3;RESERVA/ANULACION;-1071720896;13:24:01.597899;13:53:57.728689;1796130790
50;3;RESERVA/ANULACION;-1080113600;13:24:01.597926;13:55:37.735239;1896137313
50;3;RESERVA/ANULACION;-1088506304;13:24:01.597937;13:57:17.745310;1996147373
50;3;PAGO;1302324800;13:24:01.601858;13:25:47.607073;106005215
50;3;PAGO;1293932096;13:24:01.601966;13:27:27.615347;206013381
50;3;PAGO;1285539392;13:24:01.602080;13:29:07.624368;306022288
50;3;PAGO;1277146688;13:24:01.602286;13:30:47.632341;406030055
50;3;PAGO;1268753984;13:24:01.602484;13:32:27.637549;506035065
50;3;PAGO;1260361280;13:24:01.602715;13:34:07.645373;606042658
50;3;PAGO;1251968576;13:24:01.602914;13:35:47.654556;706051642
50;3;PAGO;1243575872;13:24:01.603110;13:37:27.661145;806058035
50;3;PAGO;1235183168;13:24:01.603297;13:39:07.666034;906062737
50;3;PAGO;1226790464;13:24:01.603476;13:40:47.673868;1006070392
50;3;RESERVA/ANULACION;1218397760;13:24:01.603700;13:42:27.682991;1106079291
50;3;RESERVA/ANULACION;1210005056;13:24:01.603883;13:44:07.690190;1206086307
50;3;RESERVA/ANULACION;1201612352;13:24:01.604087;13:45:47.699044;1306094957
50;3;RESERVA/ANULACION;1193219648;13:24:01.604262;13:47:27.706195;1406101933
50;3;RESERVA/ANULACION;1184826944;13:24:01.604433;13:49:07.711988;1506107555
50;3;RESERVA/ANULACION;1176434240;13:24:01.606013;13:50:47.717781;1606111768
50;3;RESERVA/ANULACION;1168041536;13:24:01.606252;13:52:27.722640;1706116388
50;3;RESERVA/ANULACION;1159648832;13:24:01.606433;13:54:07.729026;1806122593
50;3;RESERVA/ANULACION;1151256128;13:24:01.606605;13:55:47.736694;1906130089
50;3;RESERVA/ANULACION;1142863424;13:24:01.606726;13:57:27.746394;2006139668
50;3;PAGO;1841292864;13:24:01.600930;13:25:57.607575;116006645
50;3;PAGO;1832900160;13:24:01.600982;13:27:37.616199;216015217
50;3;PAGO;1824507456;13:24:01.601012;13:29:17.625226;316024214
50;3;PAGO;1816114752;13:24:01.601045;13:30:57.632679;416031634
50;3;PAGO;1807722048;13:24:01.601071;13:32:37.639060;516037989
50;3;PAGO;1799329344;13:24:01.601096;13:34:17.645963;616044867
50;3;PAGO;1790936640;13:24:01.601127;13:35:57.656451;716055324
50;3;PAGO;1782543936;13:24:01.601152;13:37:37.661456;816060304
50;3;PAGO;1774151232;13:24:01.601179;13:39:17.666844;916065665
50;3;PAGO;1765758528;13:24:01.601205;13:40:57.674540;1016073335
50;3;RESERVA/ANULACION;1757365824;13:24:01.601230;13:42:37.684229;1116082999
50;3;RESERVA/ANULACION;1748973120;13:24:01.601254;13:44:17.691241;1216089987
50;3;RESERVA/ANULACION;1740580416;13:24:01.601280;13:45:57.699659;1316098379
50;3;RESERVA/ANULACION;1732187712;13:24:01.601308;13:47:37.706737;1416105429
50;3;RESERVA/ANULACION;1723795008;13:24:01.601334;13:49:17.712617;1516111283
50;3;RESERVA/ANULACION;1715402304;13:24:01.601359;13:50:57.718224;1616116865
50;3;RESERVA/ANULACION;1707009600;13:24:01.601387;13:52:37.724012;1716122625
50;3;RESERVA/ANULACION;1698616896;13:24:01.601413;13:54:17.729354;1816127941
50;3;RESERVA/ANULACION;1690224192;13:24:01.601441;13:55:57.737112;1916135671
50;3;RESERVA/ANULACION;1681831488;13:24:01.601452;13:57:37.747265;2016145813
50;3;PAGO;1449125440;13:24:01.601870;13:26:07.608764;126006894
50;3;PAGO;1440732736;13:24:01.601964;13:27:47.616908;226014944
50;3;PAGO;1432340032;13:24:01.602078;13:29:27.625676;326023598
50;3;PAGO;1423947328;13:24:01.602201;13:31:07.633077;426030876
50;3;PAGO;1415554624;13:24:01.602382;13:32:47.639493;526037111
50;3;PAGO;1407161920;13:24:01.602606;13:34:27.646259;626043653
50;3;PAGO;1398769216;13:24:01.602801;13:36:07.656749;726053948
50;3;PAGO;1390376512;13:24:01.602991;13:37:47.662059;826059068
50;3;PAGO;1381983808;13:24:01.603180;13:39:27.667550;926064370
50;3;PAGO;1373591104;13:24:01.603370;13:41:07.675376;1026072006
50;3;RESERVA/ANULACION;1365198400;13:24:01.603576;13:42:47.685123;1126081547
50;3;RESERVA/ANULACION;1356805696;13:24:01.603771;13:44:27.691530;1226087759
50;3;RESERVA/ANULACION;1348412992;13:24:01.603951;13:46:07.700799;1326096848
50;3;RESERVA/ANULACION;1340020288;13:24:01.604174;13:47:47.707809;1426103635
50;3;RESERVA/ANULACION;1331627584;13:24:01.604351;13:49:27.712968;1526108617
50;3;RESERVA/ANULACION;1323234880;13:24:01.604593;13:51:07.718540;1626113947
50;3;RESERVA/ANULACION;1314842176;13:24:01.606110;13:52:47.724355;1726118245
50;3;RESERVA/ANULACION;1306449472;13:24:01.606343;13:54:27.730349;1826124006
50;3;RESERVA/ANULACION;1298056768;13:24:01.606519;13:56:07.737474;1926130955
50;3;RESERVA/ANULACION;1289664064;13:24:01.606675;13:57:47.749040;2026142365
