4;5;PAGO;-624957888;13:07:28.808958;13:07:28.813403;4445
4;5;PAGO;-650136000;13:07:28.810675;13:07:28.814740;4065
4;5;PAGO;-658528704;13:07:28.810784;13:07:28.815412;4628
4;5;PAGO;-633350592;13:07:28.809158;13:07:28.826210;17052
4;5;PAGO;-641743296;13:07:28.809302;13:07:28.831036;21734
4;5;PAGO;-2027952576;13:07:28.809001;13:07:28.820240;11239
4;5;PAGO;-2053130688;13:07:28.810702;13:07:28.821499;10797
4;5;PAGO;-2061523392;13:07:28.810799;13:07:28.822214;11415
4;5;PAGO;-2036345280;13:07:28.809176;13:07:28.829091;19915
4;5;PAGO;-2044737984;13:07:28.809324;13:07:28.833034;23710
4;5;PAGO;-2053118400;13:07:28.808917;13:07:28.824152;15235
4;5;PAGO;-2078296512;13:07:28.810608;13:07:28.825368;14760
4;5;PAGO;-2086689216;13:07:28.810761;13:07:28.826147;15386
4;5;PAGO;-2061511104;13:07:28.809134;13:07:28.830162;21028
4;5;PAGO;-2069903808;13:07:28.809282;13:07:28.833678;24396
4;5;PAGO;18867776;13:07:28.808762;13:07:28.817347;8585
4;5;PAGO;-14703040;13:07:28.810728;13:07:28.818555;7827
4;5;PAGO;10475072;13:07:28.809056;13:07:28.828248;19192
4;5;PAGO;2082368;13:07:28.809211;13:07:28.832550;23339
4;5;PAGO;-6310336;13:07:28.809359;13:07:28.835534;26175


10;20;PAGO;1895818816;13:16:23.701516;13:16:23.732053;30537
10;20;PAGO;1887426112;13:16:23.704243;13:16:23.733037;28794
10;20;PAGO;1879033408;13:16:23.706623;13:16:23.733826;27203
10;20;PAGO;1870640704;13:16:23.709725;13:16:23.734593;24868
10;20;PAGO;1862248000;13:16:23.710557;13:16:23.734758;24201
10;20;PAGO;1853855296;13:16:23.711285;13:16:23.735767;24482
10;20;PAGO;1845462592;13:16:23.713904;13:16:23.736571;22667
10;20;PAGO;1837069888;13:16:23.714744;13:16:23.736707;21963
10;20;PAGO;1828677184;13:16:23.716905;13:16:23.737329;20424
10;20;PAGO;1820284480;13:16:23.717423;13:16:23.737713;20290
10;20;PAGO;1811891776;13:16:23.717806;13:16:23.738788;20982
10;20;PAGO;1803499072;13:16:23.721444;13:16:23.738870;17426
10;20;PAGO;1795106368;13:16:23.721836;13:16:23.739672;17836
10;20;PAGO;1786713664;13:16:23.722697;13:16:23.739801;17104
10;20;PAGO;1778320960;13:16:23.723177;13:16:23.740644;17467
10;20;PAGO;1769928256;13:16:23.723551;13:16:23.741615;18064
10;20;PAGO;1761535552;13:16:23.723915;13:16:23.742631;18716
10;20;PAGO;1753142848;13:16:23.724379;13:16:23.742687;18308
10;20;PAGO;1744750144;13:16:23.724738;13:16:23.742750;18012
10;20;PAGO;1736357440;13:16:23.726352;13:16:23.743156;16804
10;20;PAGO;-698358208;13:16:23.701483;13:16:23.743610;42127
10;20;PAGO;-706750912;13:16:23.702341;13:16:23.744705;42364
10;20;PAGO;-715143616;13:16:23.705391;13:16:23.745528;40137
10;20;PAGO;-723536320;13:16:23.709754;13:16:23.746579;36825
10;20;PAGO;-731929024;13:16:23.710958;13:16:23.747330;36372
10;20;PAGO;-740321728;13:16:23.711819;13:16:23.747443;35624
10;20;PAGO;-748714432;13:16:23.714080;13:16:23.747493;33413
10;20;PAGO;-757107136;13:16:23.716481;13:16:23.747546;31065
10;20;PAGO;-765499840;13:16:23.717022;13:16:23.747595;30573
10;20;PAGO;-773892544;13:16:23.717539;13:16:23.747644;30105
10;20;PAGO;-782285248;13:16:23.717934;13:16:23.748453;30519
10;20;PAGO;-790677952;13:16:23.721593;13:16:23.749439;27846
10;20;PAGO;-799070656;13:16:23.721949;13:16:23.749493;27544
10;20;PAGO;-807463360;13:16:23.722824;13:16:23.749542;26718
10;20;PAGO;-815856064;13:16:23.723342;13:16:23.749634;26292
10;20;PAGO;-824248768;13:16:23.723695;13:16:23.750446;26751
10;20;PAGO;-832641472;13:16:23.724155;13:16:23.751381;27226
10;20;PAGO;-841034176;13:16:23.724534;13:16:23.752359;27825
10;20;PAGO;-849426880;13:16:23.724890;13:16:23.753339;28449
10;20;PAGO;-857819584;13:16:23.726523;13:16:23.754343;27820
10;20;PAGO;-1176508864;13:16:23.701376;13:16:23.754405;53029
10;20;PAGO;-1184901568;13:16:23.702277;13:16:23.754611;52334
10;20;PAGO;-1193294272;13:16:23.705252;13:16:23.754869;49617
10;20;PAGO;-1201686976;13:16:23.707189;13:16:23.755283;48094
10;20;PAGO;-1210079680;13:16:23.710303;13:16:23.756274;45971
10;20;PAGO;-1218472384;13:16:23.711228;13:16:23.756547;45319
10;20;PAGO;-1226865088;13:16:23.713857;13:16:23.757230;43373
10;20;PAGO;-1235257792;13:16:23.714696;13:16:23.758209;43513
10;20;PAGO;-1243650496;13:16:23.716871;13:16:23.759221;42350
10;20;PAGO;-1252043200;13:16:23.717391;13:16:23.760192;42801
10;20;PAGO;-1260435904;13:16:23.717775;13:16:23.760245;42470
10;20;PAGO;-1268828608;13:16:23.721409;13:16:23.760298;38889
10;20;PAGO;-1277221312;13:16:23.721797;13:16:23.760356;38559
10;20;PAGO;-1285614016;13:16:23.722660;13:16:23.761135;38475
10;20;PAGO;-1294006720;13:16:23.723145;13:16:23.762113;38968
10;20;PAGO;-1302399424;13:16:23.723515;13:16:23.762171;38656
10;20;PAGO;-1310792128;13:16:23.723878;13:16:23.762221;38343
10;20;PAGO;-1319184832;13:16:23.724342;13:16:23.763133;38791
10;20;PAGO;-1327577536;13:16:23.724702;13:16:23.763184;38482
10;20;PAGO;-1335970240;13:16:23.726329;13:16:23.763239;36910
10;20;PAGO;593487424;13:16:23.702041;13:16:23.765078;63037
10;20;PAGO;585094720;13:16:23.705069;13:16:23.766171;61102
10;20;PAGO;576702016;13:16:23.707057;13:16:23.766230;59173
10;20;PAGO;568309312;13:16:23.710107;13:16:23.767043;56936
10;20;PAGO;559916608;13:16:23.711086;13:16:23.767330;56244
10;20;PAGO;551523904;13:16:23.713733;13:16:23.767974;54241
10;20;PAGO;543131200;13:16:23.714585;13:16:23.768949;54364
10;20;PAGO;534738496;13:16:23.716786;13:16:23.769922;53136
10;20;PAGO;526345792;13:16:23.717310;13:16:23.770936;53626
10;20;PAGO;517953088;13:16:23.717696;13:16:23.771870;54174
10;20;PAGO;509560384;13:16:23.721320;13:16:23.771921;50601
10;20;PAGO;501167680;13:16:23.721726;13:16:23.771975;50249
10;20;PAGO;492774976;13:16:23.722581;13:16:23.772023;49442
10;20;PAGO;484382272;13:16:23.722968;13:16:23.772846;49878
10;20;PAGO;475989568;13:16:23.723446;13:16:23.773799;50353
10;20;PAGO;467596864;13:16:23.723810;13:16:23.774831;51021
10;20;PAGO;459204160;13:16:23.724273;13:16:23.775820;51547
10;20;PAGO;450811456;13:16:23.724633;13:16:23.776541;51908
10;20;PAGO;442418752;13:16:23.726283;13:16:23.776723;50440
10;20;PAGO;434026048;13:16:23.726697;13:16:23.777329;50632
10;20;PAGO;-1908414912;13:16:23.702000;13:16:23.778744;76744
10;20;PAGO;-1916807616;13:16:23.705102;13:16:23.778961;73859
10;20;PAGO;-1925200320;13:16:23.707087;13:16:23.779663;72576
10;20;PAGO;-1933593024;13:16:23.710130;13:16:23.779853;69723
10;20;PAGO;-1941985728;13:16:23.711114;13:16:23.780497;69383
10;20;PAGO;-1950378432;13:16:23.713698;13:16:23.780588;66890
10;20;PAGO;-1958771136;13:16:23.714517;13:16:23.780848;66331
10;20;PAGO;-1967163840;13:16:23.716757;13:16:23.780898;64141
10;20;PAGO;-1975556544;13:16:23.717154;13:16:23.780952;63798
10;20;PAGO;-1983949248;13:16:23.717661;13:16:23.781010;63349
10;20;PAGO;-1992341952;13:16:23.721280;13:16:23.781649;60369
10;20;PAGO;-2000734656;13:16:23.721690;13:16:23.782657;60967
10;20;PAGO;-2009127360;13:16:23.722551;13:16:23.783581;61030
10;20;PAGO;-2017520064;13:16:23.722941;13:16:23.784563;61622
10;20;PAGO;-2025912768;13:16:23.723417;13:16:23.785542;62125
10;20;PAGO;-2034305472;13:16:23.723785;13:16:23.785593;61808
10;20;PAGO;-2042698176;13:16:23.724247;13:16:23.785649;61402
10;20;PAGO;-2051090880;13:16:23.724605;13:16:23.785706;61101
10;20;PAGO;-2059483584;13:16:23.725116;13:16:23.785755;60639
10;20;PAGO;-2067876288;13:16:23.726682;13:16:23.785803;59121
10;20;PAGO;228582976;13:16:23.704913;13:16:23.787536;82623
10;20;PAGO;220190272;13:16:23.706836;13:16:23.788625;81789
10;20;PAGO;211797568;13:16:23.709900;13:16:23.789460;79560
10;20;PAGO;203404864;13:16:23.710828;13:16:23.790468;79640
10;20;PAGO;195012160;13:16:23.713617;13:16:23.791397;77780
10;20;PAGO;186619456;13:16:23.714172;13:16:23.791457;77285
10;20;PAGO;178226752;13:16:23.716707;13:16:23.791508;74801
10;20;PAGO;169834048;13:16:23.717108;13:16:23.791557;74449
10;20;PAGO;161441344;13:16:23.717626;13:16:23.791614;73988
10;20;PAGO;153048640;13:16:23.721236;13:16:23.792376;71140
10;20;PAGO;144655936;13:16:23.721655;13:16:23.793351;71696
10;20;PAGO;136263232;13:16:23.722033;13:16:23.797357;75324
10;20;PAGO;127870528;13:16:23.722893;13:16:23.797415;74522
10;20;PAGO;119477824;13:16:23.723369;13:16:23.797465;74096
10;20;PAGO;111085120;13:16:23.723739;13:16:23.798237;74498
10;20;PAGO;102692416;13:16:23.724200;13:16:23.799272;75072
10;20;PAGO;94299712;13:16:23.724562;13:16:23.800189;75627
10;20;PAGO;85907008;13:16:23.724919;13:16:23.801137;76218
10;20;PAGO;77514304;13:16:23.726648;13:16:23.802180;75532
10;20;PAGO;69121600;13:16:23.726785;13:16:23.802234;75449
10;20;PAGO;419423808;13:16:23.704899;13:16:23.804127;99228
10;20;PAGO;411031104;13:16:23.706881;13:16:23.804341;97460
10;20;PAGO;402638400;13:16:23.710020;13:16:23.805072;95052
10;20;PAGO;394245696;13:16:23.711002;13:16:23.806039;95037
10;20;PAGO;385852992;13:16:23.711862;13:16:23.806093;94231
10;20;PAGO;377460288;13:16:23.714120;13:16:23.806142;92022
10;20;PAGO;369067584;13:16:23.716624;13:16:23.806195;89571
10;20;PAGO;360674880;13:16:23.717059;13:16:23.806582;89523
10;20;PAGO;352282176;13:16:23.717571;13:16:23.807024;89453
10;20;PAGO;343889472;13:16:23.717951;13:16:23.807348;89397
10;20;PAGO;335496768;13:16:23.721565;13:16:23.807949;86384
10;20;PAGO;327104064;13:16:23.721978;13:16:23.809043;87065
10;20;PAGO;318711360;13:16:23.722846;13:16:23.809145;86299
10;20;PAGO;310318656;13:16:23.723325;13:16:23.809939;86614
10;20;PAGO;301925952;13:16:23.723711;13:16:23.810970;87259
10;20;PAGO;293533248;13:16:23.724116;13:16:23.811884;87768
10;20;PAGO;285140544;13:16:23.724448;13:16:23.811943;87495
10;20;PAGO;276747840;13:16:23.724804;13:16:23.811993;87189
10;20;PAGO;268355136;13:16:23.726444;13:16:23.812040;85596
10;20;PAGO;259962432;13:16:23.726741;13:16:23.812087;85346
10;20;PAGO;-727718336;13:16:23.704934;13:16:23.813818;108884
10;20;PAGO;-736111040;13:16:23.706966;13:16:23.815030;108064
10;20;PAGO;-744503744;13:16:23.709947;13:16:23.815853;105906
10;20;PAGO;-752896448;13:16:23.710863;13:16:23.816551;105688
10;20;PAGO;-761289152;13:16:23.711730;13:16:23.816740;105010
10;20;PAGO;-769681856;13:16:23.714023;13:16:23.817319;103296
10;20;PAGO;-778074560;13:16:23.716683;13:16:23.817376;100693
10;20;PAGO;-786467264;13:16:23.717077;13:16:23.817767;100690
10;20;PAGO;-794859968;13:16:23.717599;13:16:23.818764;101165
10;20;PAGO;-803252672;13:16:23.721211;13:16:23.818816;97605
10;20;PAGO;-811645376;13:16:23.721634;13:16:23.819718;98084
10;20;PAGO;-820038080;13:16:23.722008;13:16:23.820668;98660
10;20;PAGO;-828430784;13:16:23.722864;13:16:23.821660;98796
10;20;PAGO;-836823488;13:16:23.723290;13:16:23.822718;99428
10;20;PAGO;-845216192;13:16:23.723661;13:16:23.823610;99949
10;20;PAGO;-853608896;13:16:23.724170;13:16:23.824571;100401
10;20;PAGO;-862001600;13:16:23.724505;13:16:23.825568;101063
10;20;PAGO;-870394304;13:16:23.724860;13:16:23.826570;101710
10;20;PAGO;-878787008;13:16:23.726617;13:16:23.826624;100007
10;20;PAGO;-887179712;13:16:23.726769;13:16:23.826673;99904
10;20;PAGO;1688200768;13:16:23.704923;13:16:23.827358;122435
10;20;PAGO;1679808064;13:16:23.706910;13:16:23.827677;120767
10;20;PAGO;1671415360;13:16:23.709973;13:16:23.827740;117767
10;20;PAGO;1663022656;13:16:23.710886;13:16:23.828483;117597
10;20;PAGO;1654629952;13:16:23.711755;13:16:23.829503;117748
10;20;PAGO;1646237248;13:16:23.713987;13:16:23.830481;116494
10;20;PAGO;1637844544;13:16:23.714823;13:16:23.831406;116583
10;20;PAGO;1629451840;13:16:23.716941;13:16:23.832413;115472
10;20;PAGO;1621059136;13:16:23.717459;13:16:23.833364;115905
10;20;PAGO;1612666432;13:16:23.717848;13:16:23.833416;115568
10;20;PAGO;1604273728;13:16:23.721484;13:16:23.833464;111980
10;20;PAGO;1595881024;13:16:23.721871;13:16:23.833512;111641
10;20;PAGO;1587488320;13:16:23.722732;13:16:23.833574;110842
10;20;PAGO;1579095616;13:16:23.723213;13:16:23.834386;111173
10;20;PAGO;1570702912;13:16:23.723585;13:16:23.835321;111736
10;20;PAGO;1562310208;13:16:23.723951;13:16:23.836305;112354
10;20;PAGO;1553917504;13:16:23.724414;13:16:23.836544;112130
10;20;PAGO;1545524800;13:16:23.724771;13:16:23.836602;111831
10;20;PAGO;1537132096;13:16:23.726392;13:16:23.836969;110577
10;20;PAGO;1528739392;13:16:23.726719;13:16:23.837263;110544
10;0;PAGO;-295705024;13:16:23.701438;13:16:23.722128;20690
10;0;PAGO;-304097728;13:16:23.702279;13:16:23.722413;20134
10;0;PAGO;-337668544;13:16:23.711174;13:16:23.723089;11915
10;0;PAGO;-346061248;13:16:23.713804;13:16:23.724069;10265
10;0;PAGO;-354453952;13:16:23.714644;13:16:23.725062;10418
10;20;PAGO;-362846656;13:16:23.716832;13:16:23.726235;9403
10;20;PAGO;-312490432;13:16:23.705296;13:16:23.726578;21282
10;20;PAGO;-320883136;13:16:23.707234;13:16:23.727000;19766
10;20;PAGO;-329275840;13:16:23.710220;13:16:23.727980;17760
10;20;PAGO;-371239360;13:16:23.717353;13:16:23.728932;11579
10;20;PAGO;-379632064;13:16:23.717731;13:16:23.729906;12175
10;20;PAGO;-388024768;13:16:23.721360;13:16:23.729957;8597
10;20;PAGO;-396417472;13:16:23.721761;13:16:23.730912;9151
10;20;PAGO;-404810176;13:16:23.722617;13:16:23.730964;8347
10;20;PAGO;-413202880;13:16:23.723003;13:16:23.839259;116256
10;20;PAGO;-421595584;13:16:23.723481;13:16:23.840208;116727
10;20;PAGO;-429988288;13:16:23.723844;13:16:23.840261;116417
10;20;PAGO;-438380992;13:16:23.724308;13:16:23.840314;116006
10;20;PAGO;-446773696;13:16:23.724668;13:16:23.840362;115694
10;20;PAGO;-455166400;13:16:23.726306;13:16:23.840409;114103


25;0;PAGO;48227904;13:16:55.926351;13:16:56.264862;338511
25;0;PAGO;39835200;13:16:55.929818;13:16:56.268213;338395
25;50;PAGO;-337836480;13:16:56.252211;13:16:56.268625;16414
25;50;PAGO;6264384;13:16:55.954816;13:16:56.270499;315683
25;50;PAGO;-2128320;13:16:55.973478;13:16:56.273389;299911
25;50;PAGO;-10521024;13:16:55.975274;13:16:56.274384;299110
25;50;PAGO;-18913728;13:16:55.976509;13:16:56.275331;298822
25;50;PAGO;-27306432;13:16:55.981939;13:16:56.276286;294347
25;50;PAGO;-35699136;13:16:55.984219;13:16:56.276569;292350
25;50;PAGO;-44091840;13:16:55.988715;13:16:56.277286;288571
25;50;PAGO;-52484544;13:16:55.994057;13:16:56.278227;284170
25;50;PAGO;-60877248;13:16:55.998142;13:16:56.279282;281140
25;50;PAGO;-69269952;13:16:55.999901;13:16:56.279350;279449
25;50;PAGO;-77662656;13:16:56.002352;13:16:56.279401;277049
25;50;PAGO;-86055360;13:16:56.006541;13:16:56.279449;272908
25;50;PAGO;-94448064;13:16:56.007801;13:16:56.279745;271944
25;50;PAGO;-102840768;13:16:56.009007;13:16:56.279798;270791
25;50;PAGO;-111233472;13:16:56.012257;13:16:56.279962;267705
25;50;PAGO;-119626176;13:16:56.021422;13:16:56.280270;258848
25;50;PAGO;-128018880;13:16:56.027823;13:16:56.280350;252527
25;50;PAGO;-136411584;13:16:56.031476;13:16:56.281213;249737
25;50;PAGO;-144804288;13:16:56.035291;13:16:56.281273;245982
25;50;PAGO;-153196992;13:16:56.040559;13:16:56.281328;240769
25;50;PAGO;-161589696;13:16:56.047689;13:16:56.282158;234469
25;50;PAGO;-169982400;13:16:56.050374;13:16:56.282214;231840
25;50;PAGO;-178375104;13:16:56.053681;13:16:56.283173;229492
25;50;PAGO;-186767808;13:16:56.057183;13:16:56.284127;226944
25;50;PAGO;-195160512;13:16:56.058506;13:16:56.284730;226224
25;50;PAGO;-203553216;13:16:56.063015;13:16:56.284953;221938
25;50;PAGO;-211945920;13:16:56.064208;13:16:56.285053;220845
25;50;PAGO;-220338624;13:16:56.065858;13:16:56.285199;219341
25;50;PAGO;-228731328;13:16:56.071702;13:16:56.285372;213670
25;50;PAGO;-237124032;13:16:56.072814;13:16:56.285568;212754
25;50;PAGO;-245516736;13:16:56.073889;13:16:56.285675;211786
25;50;PAGO;-253909440;13:16:56.076016;13:16:56.285828;209812
25;50;PAGO;-262302144;13:16:56.079482;13:16:56.285953;206471
25;50;PAGO;-270694848;13:16:56.080610;13:16:56.286067;205457
25;50;PAGO;-279087552;13:16:56.235450;13:16:56.286173;50723
25;50;PAGO;-287480256;13:16:56.237581;13:16:56.286618;49037
25;50;PAGO;-295872960;13:16:56.239553;13:16:56.286823;47270
25;50;PAGO;-304265664;13:16:56.242604;13:16:56.286988;44384
25;50;PAGO;-312658368;13:16:56.243408;13:16:56.287205;43797
25;50;PAGO;-321051072;13:16:56.246482;13:16:56.288012;41530
25;50;PAGO;-329443776;13:16:56.250180;13:16:56.288145;37965
25;50;PAGO;31442496;13:16:55.934446;13:16:56.288941;354495
25;50;PAGO;23049792;13:16:55.943117;13:16:56.289148;346031
25;50;PAGO;14657088;13:16:55.946188;13:16:56.289362;343174
25;50;PAGO;-346229184;13:16:56.254904;13:16:56.289984;35080
25;50;PAGO;-363014592;13:16:56.268654;13:16:56.290136;21482
25;50;PAGO;-354621888;13:16:56.263706;13:16:56.290231;26525
25;50;PAGO;1707075136;13:16:55.918763;13:16:56.321240;402477
25;50;PAGO;1698682432;13:16:55.926975;13:16:56.322350;395375
25;50;PAGO;1690289728;13:16:55.930564;13:16:56.323176;392612
25;50;PAGO;1681897024;13:16:55.937209;13:16:56.324129;386920
25;50;PAGO;1673504320;13:16:55.944154;13:16:56.325120;380966
25;50;PAGO;1665111616;13:16:55.948217;13:16:56.326077;377860
25;50;PAGO;1656718912;13:16:55.957900;13:16:56.326134;368234
25;50;PAGO;1648326208;13:16:55.974255;13:16:56.326187;351932
25;50;PAGO;1639933504;13:16:55.975611;13:16:56.326243;350632
25;50;PAGO;1631540800;13:16:55.978942;13:16:56.327126;348184
25;50;PAGO;1623148096;13:16:55.982117;13:16:56.327182;345065
25;50;PAGO;1614755392;13:16:55.984368;13:16:56.327232;342864
25;50;PAGO;1606362688;13:16:55.989551;13:16:56.327279;337728
25;50;PAGO;1597969984;13:16:55.994406;13:16:56.327325;332919
25;50;PAGO;1589577280;13:16:55.998441;13:16:56.327387;328946
25;50;PAGO;1581184576;13:16:56.001298;13:16:56.328063;326765
25;50;PAGO;1572791872;13:16:56.003423;13:16:56.328985;325562
25;50;PAGO;1564399168;13:16:56.007086;13:16:56.329999;322913
25;50;PAGO;1556006464;13:16:56.008382;13:16:56.331012;322630
25;50;PAGO;1547613760;13:16:56.009583;13:16:56.331948;322365
25;50;PAGO;1539221056;13:16:56.020778;13:16:56.332001;311223
25;50;PAGO;1530828352;13:16:56.027004;13:16:56.332049;305045
25;50;PAGO;1522435648;13:16:56.029828;13:16:56.332096;302268
25;50;PAGO;1514042944;13:16:56.034713;13:16:56.332150;297437
25;50;PAGO;1505650240;13:16:56.039717;13:16:56.332208;292491
25;50;PAGO;1497257536;13:16:56.047077;13:16:56.332923;285846
25;50;PAGO;1488864832;13:16:56.049983;13:16:56.333890;283907
25;50;PAGO;1480472128;13:16:56.053280;13:16:56.334923;281643
25;50;PAGO;1472079424;13:16:56.054475;13:16:56.335849;281374
25;50;PAGO;1463686720;13:16:56.058136;13:16:56.336574;278438
25;50;PAGO;1455294016;13:16:56.059468;13:16:56.337214;277746
25;50;PAGO;1446901312;13:16:56.063843;13:16:56.337990;274147
25;50;PAGO;1438508608;13:16:56.065340;13:16:56.338156;272816
25;50;PAGO;1430115904;13:16:56.071264;13:16:56.338207;266943
25;50;PAGO;1421723200;13:16:56.072493;13:16:56.339237;266744
25;50;PAGO;1413330496;13:16:56.073593;13:16:56.339299;265706
25;50;PAGO;1404937792;13:16:56.075710;13:16:56.339363;263653
25;50;PAGO;1396545088;13:16:56.079052;13:16:56.340138;261086
25;50;PAGO;1388152384;13:16:56.080283;13:16:56.341111;260828
25;50;PAGO;1379759680;13:16:56.235011;13:16:56.342122;107111
25;50;PAGO;1371366976;13:16:56.237885;13:16:56.342223;104338
25;50;PAGO;1362974272;13:16:56.239526;13:16:56.343116;103590
25;50;PAGO;1354581568;13:16:56.241493;13:16:56.343174;101681
25;50;PAGO;1346188864;13:16:56.243615;13:16:56.343223;99608
25;50;PAGO;1337796160;13:16:56.247710;13:16:56.343284;95574
25;50;PAGO;1329403456;13:16:56.248821;13:16:56.343332;94511
25;50;PAGO;1321010752;13:16:56.252448;13:16:56.344044;91596
25;50;PAGO;1312618048;13:16:56.254727;13:16:56.345020;90293
25;50;PAGO;1304225344;13:16:56.263283;13:16:56.347418;84135
25;50;PAGO;1295832640;13:16:56.264843;13:16:56.347920;83077
25;50;PAGO;-1465915840;13:16:55.899811;13:16:56.348992;449181
25;50;PAGO;-1474308544;13:16:55.925617;13:16:56.350024;424407
25;50;PAGO;-1482701248;13:16:55.927602;13:16:56.350086;422484
25;50;PAGO;-1491093952;13:16:55.931353;13:16:56.350137;418784
25;50;PAGO;-1499486656;13:16:55.937407;13:16:56.350187;412780
25;50;PAGO;-1507879360;13:16:55.944114;13:16:56.350243;406129
25;50;PAGO;-1516272064;13:16:55.948189;13:16:56.350853;402664
25;50;PAGO;-1524664768;13:16:55.957910;13:16:56.351832;393922
25;50;PAGO;-1533057472;13:16:55.973833;13:16:56.352796;378963
25;50;PAGO;-1541450176;13:16:55.975537;13:16:56.353778;378241
25;50;PAGO;-1549842880;13:16:55.978830;13:16:56.354805;375975
25;50;PAGO;-1558235584;13:16:55.982262;13:16:56.355737;373475
25;50;PAGO;-1566628288;13:16:55.986538;13:16:56.355791;369253
25;50;PAGO;-1575020992;13:16:55.989669;13:16:56.355845;366176
25;50;PAGO;-1583413696;13:16:55.994438;13:16:56.355895;361457
25;50;PAGO;-1591806400;13:16:55.998397;13:16:56.356786;358389
25;50;PAGO;-1600199104;13:16:56.001227;13:16:56.357356;356129
25;50;PAGO;-1608591808;13:16:56.003351;13:16:56.357714;354363
25;50;PAGO;-1616984512;13:16:56.007055;13:16:56.358720;351665
25;50;PAGO;-1625377216;13:16:56.008441;13:16:56.359667;351226
25;50;PAGO;-1633769920;13:16:56.009558;13:16:56.360623;351065
25;50;PAGO;-1642162624;13:16:56.020807;13:16:56.361607;340800
25;50;PAGO;-1650555328;13:16:56.027045;13:16:56.362615;335570
25;50;PAGO;-1658948032;13:16:56.029853;13:16:56.363535;333682
25;50;PAGO;-1667340736;13:16:56.034742;13:16:56.364600;329858
25;50;PAGO;-1675733440;13:16:56.039757;13:16:56.364654;324897
25;50;PAGO;-1684126144;13:16:56.046994;13:16:56.364703;317709
25;50;PAGO;-1692518848;13:16:56.049728;13:16:56.366615;316887
25;50;PAGO;-1700911552;13:16:56.053123;13:16:56.367398;314275
25;50;PAGO;-1709304256;13:16:56.054340;13:16:56.367481;313141
25;50;PAGO;-1717696960;13:16:56.058049;13:16:56.368466;310417
25;50;PAGO;-1726089664;13:16:56.059329;13:16:56.369412;310083
25;50;PAGO;-1734482368;13:16:56.063815;13:16:56.370427;306612
25;50;PAGO;-1742875072;13:16:56.065283;13:16:56.371381;306098
25;50;PAGO;-1751267776;13:16:56.071147;13:16:56.372275;301128
25;50;PAGO;-1759660480;13:16:56.072400;13:16:56.372340;299940
25;50;PAGO;-1768053184;13:16:56.073499;13:16:56.372391;298892
25;50;PAGO;-1776445888;13:16:56.075593;13:16:56.372446;296853
25;50;PAGO;-1784838592;13:16:56.078942;13:16:56.372605;293663
25;50;PAGO;-1793231296;13:16:56.080133;13:16:56.373297;293164
25;50;PAGO;-1801624000;13:16:56.235013;13:16:56.374272;139259
25;50;PAGO;-1810016704;13:16:56.236379;13:16:56.375302;138923
25;50;PAGO;-1818409408;13:16:56.238048;13:16:56.376245;138197
25;50;PAGO;-1826802112;13:16:56.239304;13:16:56.376557;137253
25;50;PAGO;-1835194816;13:16:56.241472;13:16:56.377238;135766
25;50;PAGO;-1843587520;13:16:56.245253;13:16:56.378226;132973
25;50;PAGO;-1851980224;13:16:56.247738;13:16:56.379242;131504
25;50;PAGO;-1860372928;13:16:56.248712;13:16:56.379298;130586
25;50;PAGO;-1868765632;13:16:56.251070;13:16:56.379355;128285
25;50;PAGO;-1877158336;13:16:56.255047;13:16:56.380153;125106
25;50;PAGO;-161487296;13:16:55.909154;13:16:56.382076;472922
25;50;PAGO;-169880000;13:16:55.926164;13:16:56.382301;456137
25;50;PAGO;-178272704;13:16:55.929432;13:16:56.383114;453682
25;50;PAGO;-186665408;13:16:55.932499;13:16:56.384051;451552
25;50;PAGO;-195058112;13:16:55.939395;13:16:56.385019;445624
25;50;PAGO;-203450816;13:16:55.945072;13:16:56.386005;440933
25;50;PAGO;-211843520;13:16:55.951929;13:16:56.386055;434126
25;50;PAGO;-220236224;13:16:55.961438;13:16:56.386108;424670
25;50;PAGO;-228628928;13:16:55.974997;13:16:56.386157;411160
25;50;PAGO;-237021632;13:16:55.976323;13:16:56.386204;409881
25;50;PAGO;-245414336;13:16:55.979725;13:16:56.386596;406871
25;50;PAGO;-253807040;13:16:55.983969;13:16:56.386977;403008
25;50;PAGO;-262199744;13:16:55.988511;13:16:56.387348;398837
25;50;PAGO;-270592448;13:16:55.993917;13:16:56.387950;394033
25;50;PAGO;-278985152;13:16:55.997966;13:16:56.388926;390960
25;50;PAGO;-287377856;13:16:55.999263;13:16:56.389924;390661
25;50;PAGO;-295770560;13:16:56.003213;13:16:56.390028;386815
25;50;PAGO;-304163264;13:16:56.006741;13:16:56.390932;384191
25;50;PAGO;-312555968;13:16:56.008028;13:16:56.391026;382998
25;50;PAGO;-320948672;13:16:56.009195;13:16:56.391895;382700
25;50;PAGO;-329341376;13:16:56.012465;13:16:56.392851;380386
25;50;PAGO;-337734080;13:16:56.026490;13:16:56.393810;367320
25;50;PAGO;-346126784;13:16:56.028109;13:16:56.394823;366714
25;50;PAGO;-354519488;13:16:56.031736;13:16:56.395761;364025
25;50;PAGO;-362912192;13:16:56.039211;13:16:56.396559;357348
25;50;PAGO;-371304896;13:16:56.045064;13:16:56.396737;351673
25;50;PAGO;-379697600;13:16:56.049362;13:16:56.397347;347985
25;50;PAGO;-388090304;13:16:56.050560;13:16:56.397687;347127
25;50;PAGO;-396483008;13:16:56.053923;13:16:56.398774;344851
25;50;PAGO;-404875712;13:16:56.057553;13:16:56.399673;342120
25;50;PAGO;-413268416;13:16:56.059047;13:16:56.400647;341600
25;50;PAGO;-421661120;13:16:56.063397;13:16:56.401633;338236
25;50;PAGO;-430053824;13:16:56.065021;13:16:56.402643;337622
25;50;PAGO;-438446528;13:16:56.066174;13:16:56.403580;337406
25;50;PAGO;-446839232;13:16:56.072036;13:16:56.404568;332532
25;50;PAGO;-455231936;13:16:56.073129;13:16:56.405604;332475
25;50;PAGO;-463624640;13:16:56.075316;13:16:56.406067;330751
25;50;PAGO;-472017344;13:16:56.078647;13:16:56.406121;327474
25;50;PAGO;-480410048;13:16:56.079819;13:16:56.406171;326352
25;50;PAGO;-488802752;13:16:56.080943;13:16:56.406226;325283
25;50;PAGO;-497195456;13:16:56.235681;13:16:56.406622;170941
25;50;PAGO;-505588160;13:16:56.236359;13:16:56.407461;171102
25;50;PAGO;-513980864;13:16:56.238326;13:16:56.408478;170152
25;50;PAGO;-522373568;13:16:56.239223;13:16:56.408582;169359
25;50;PAGO;-530766272;13:16:56.240807;13:16:56.409477;168670
25;50;PAGO;-539158976;13:16:56.245276;13:16:56.410074;164798
25;50;PAGO;-547551680;13:16:56.246298;13:16:56.410129;163831
25;50;PAGO;-555944384;13:16:56.248916;13:16:56.410179;161263
25;50;PAGO;-564337088;13:16:56.252495;13:16:56.410233;157738
25;50;PAGO;-572729792;13:16:56.254570;13:16:56.410455;155885
25;50;PAGO;752870976;13:16:55.926228;13:16:56.411732;485504
25;50;PAGO;744478272;13:16:55.929481;13:16:56.412373;482892
25;50;PAGO;736085568;13:16:55.934326;13:16:56.412925;478599
25;50;PAGO;727692864;13:16:55.943006;13:16:56.412995;469989
25;50;PAGO;719300160;13:16:55.945207;13:16:56.413047;467840
25;50;PAGO;710907456;13:16:55.952001;13:16:56.413104;461103
25;50;PAGO;702514752;13:16:55.961596;13:16:56.413275;451679
25;50;PAGO;694122048;13:16:55.975024;13:16:56.413523;438499
25;50;PAGO;685729344;13:16:55.976341;13:16:56.413637;437296
25;50;PAGO;677336640;13:16:55.979946;13:16:56.414370;434424
25;50;PAGO;668943936;13:16:55.983995;13:16:56.415302;431307
25;50;PAGO;660551232;13:16:55.986953;13:16:56.416269;429316
25;50;PAGO;652158528;13:16:55.993538;13:16:56.416561;423023
25;50;PAGO;643765824;13:16:55.994816;13:16:56.417239;422423
25;50;PAGO;635373120;13:16:55.998787;13:16:56.418233;419446
25;50;PAGO;626980416;13:16:56.001630;13:16:56.422217;420587
25;50;PAGO;618587712;13:16:56.006131;13:16:56.423134;417003
25;50;PAGO;610195008;13:16:56.007437;13:16:56.424075;416638
25;50;PAGO;601802304;13:16:56.008624;13:16:56.425070;416446
25;50;PAGO;593409600;13:16:56.011871;13:16:56.426015;414144
25;50;PAGO;585016896;13:16:56.021114;13:16:56.426073;404959
25;50;PAGO;576624192;13:16:56.027314;13:16:56.426157;398843
25;50;PAGO;568231488;13:16:56.030766;13:16:56.426268;395502
25;50;PAGO;559838784;13:16:56.034942;13:16:56.427084;392142
25;50;PAGO;551446080;13:16:56.039947;13:16:56.427356;387409
25;50;PAGO;543053376;13:16:56.047428;13:16:56.427962;380534
25;50;PAGO;534660672;13:16:56.050137;13:16:56.428968;378831
25;50;PAGO;526267968;13:16:56.053438;13:16:56.429079;375641
25;50;PAGO;517875264;13:16:56.054642;13:16:56.429933;375291
25;50;PAGO;509482560;13:16:56.058308;13:16:56.430947;372639
25;50;PAGO;501089856;13:16:56.062806;13:16:56.431894;369088
25;50;PAGO;492697152;13:16:56.064044;13:16:56.431953;367909
25;50;PAGO;484304448;13:16:56.065698;13:16:56.432002;366304
25;50;PAGO;475911744;13:16:56.071516;13:16:56.432050;360534
25;50;PAGO;467519040;13:16:56.072657;13:16:56.432097;359440
25;50;PAGO;459126336;13:16:56.073735;13:16:56.432872;359137
25;50;PAGO;450733632;13:16:56.075852;13:16:56.433865;358013
25;50;PAGO;442340928;13:16:56.079296;13:16:56.433943;354647
25;50;PAGO;433948224;13:16:56.080446;13:16:56.434819;354373
25;50;PAGO;425555520;13:16:56.235327;13:16:56.434899;199572
25;50;PAGO;417162816;13:16:56.236464;13:16:56.435783;199319
25;50;PAGO;408770112;13:16:56.238423;13:16:56.436552;198129
25;50;PAGO;400377408;13:16:56.239699;13:16:56.436767;197068
25;50;PAGO;391984704;13:16:56.242648;13:16:56.437300;194652
25;50;PAGO;383592000;13:16:56.243390;13:16:56.437374;193984
25;50;PAGO;375199296;13:16:56.246364;13:16:56.438340;191976
25;50;PAGO;366806592;13:16:56.250112;13:16:56.439312;189200
25;50;PAGO;358413888;13:16:56.252065;13:16:56.440298;188233
25;50;PAGO;350021184;13:16:56.254619;13:16:56.441302;186683
25;50;PAGO;341628480;13:16:56.263362;13:16:56.441993;178631
25;50;PAGO;-1558190528;13:16:55.927395;13:16:56.442191;514796
25;50;PAGO;-1566583232;13:16:55.930649;13:16:56.442426;511777
25;50;PAGO;-1574975936;13:16:55.937265;13:16:56.443253;505988
25;50;PAGO;-1583368640;13:16:55.943998;13:16:56.444178;500180
25;50;PAGO;-1591761344;13:16:55.948074;13:16:56.445140;497066
25;50;PAGO;-1600154048;13:16:55.957905;13:16:56.445204;487299
25;50;PAGO;-1608546752;13:16:55.974210;13:16:56.446121;471911
25;50;PAGO;-1616939456;13:16:55.975571;13:16:56.446175;470604
25;50;PAGO;-1625332160;13:16:55.978868;13:16:56.446225;467357
25;50;PAGO;-1633724864;13:16:55.982215;13:16:56.446598;464383
25;50;PAGO;-1642117568;13:16:55.986509;13:16:56.447115;460606
25;50;PAGO;-1650510272;13:16:55.989584;13:16:56.447368;457784
25;50;PAGO;-1658902976;13:16:55.994321;13:16:56.448044;453723
25;50;PAGO;-1667295680;13:16:55.998275;13:16:56.449048;450773
25;50;PAGO;-1675688384;13:16:55.999991;13:16:56.450079;450088
25;50;PAGO;-1684081088;13:16:56.003288;13:16:56.450133;446845
25;50;PAGO;-1692473792;13:16:56.006815;13:16:56.450181;443366
25;50;PAGO;-1700866496;13:16:56.008156;13:16:56.450228;442072
25;50;PAGO;-1709259200;13:16:56.009324;13:16:56.451048;441724
25;50;PAGO;-1717651904;13:16:56.012532;13:16:56.451959;439427
25;50;PAGO;-1726044608;13:16:56.026777;13:16:56.452956;426179
25;50;PAGO;-1734437312;13:16:56.028233;13:16:56.453914;425681
25;50;PAGO;-1742830016;13:16:56.034429;13:16:56.454934;420505
25;50;PAGO;-1751222720;13:16:56.039412;13:16:56.455860;416448
25;50;PAGO;-1759615424;13:16:56.045280;13:16:56.456549;411269
25;50;PAGO;-1768008128;13:16:56.049534;13:16:56.456814;407280
25;50;PAGO;-1776400832;13:16:56.052917;13:16:56.457337;404420
25;50;PAGO;-1784793536;13:16:56.054176;13:16:56.457824;403648
25;50;PAGO;-1793186240;13:16:56.057777;13:16:56.458783;401006
25;50;PAGO;-1801578944;13:16:56.059088;13:16:56.459743;400655
25;50;PAGO;-1809971648;13:16:56.063439;13:16:56.460763;397324
25;50;PAGO;-1818364352;13:16:56.065079;13:16:56.461727;396648
25;50;PAGO;-1826757056;13:16:56.066241;13:16:56.462712;396471
25;50;PAGO;-1835149760;13:16:56.072107;13:16:56.462762;390655
25;50;PAGO;-1843542464;13:16:56.073198;13:16:56.462809;389611
25;50;PAGO;-1851935168;13:16:56.075388;13:16:56.462862;387474
25;50;PAGO;-1860327872;13:16:56.078724;13:16:56.462909;384185
25;50;PAGO;-1868720576;13:16:56.079889;13:16:56.462956;383067
25;50;PAGO;-1877113280;13:16:56.081008;13:16:56.463745;382737
25;50;PAGO;-1885505984;13:16:56.235741;13:16:56.463897;228156
25;50;PAGO;-1893898688;13:16:56.237913;13:16:56.463961;226048
25;50;PAGO;-1902291392;13:16:56.239437;13:16:56.464650;225213
25;50;PAGO;-1910684096;13:16:56.241415;13:16:56.465634;224219
25;50;PAGO;-1919076800;13:16:56.243634;13:16:56.465902;222268
25;50;PAGO;-1927469504;13:16:56.246318;13:16:56.466599;220281
25;50;PAGO;-1935862208;13:16:56.250087;13:16:56.467343;217256
25;50;PAGO;-1944254912;13:16:56.252190;13:16:56.467548;215358
25;50;PAGO;-1952647616;13:16:56.255175;13:16:56.468582;213407
25;50;PAGO;-1961040320;13:16:56.264221;13:16:56.468683;204462
25;50;PAGO;-1969433024;13:16:56.273439;13:16:56.469535;196096
25;0;PAGO;1755309632;13:16:55.925410;13:16:55.996900;71490
25;0;PAGO;1746916928;13:16:55.927504;13:16:55.997739;70235
25;0;PAGO;1713346112;13:16:55.948149;13:16:55.998189;50040
25;0;PAGO;1704953408;13:16:55.957908;13:16:55.999140;41232
25;0;PAGO;1696560704;13:16:55.973859;13:16:55.999809;25950
25;0;PAGO;1688168000;13:16:55.975450;13:16:56.001176;25726
25;0;PAGO;1679775296;13:16:55.976833;13:16:56.002093;25260
25;0;PAGO;1738524224;13:16:55.931329;13:16:56.002178;70849
25;0;PAGO;1730131520;13:16:55.937379;13:16:56.002257;64878
25;0;PAGO;1721738816;13:16:55.944084;13:16:56.003145;59061
25;0;PAGO;1671382592;13:16:55.982294;13:16:56.005986;23692
25;0;PAGO;1662989888;13:16:55.986624;13:16:56.006941;20317
25;0;PAGO;1654597184;13:16:55.989785;13:16:56.007894;18109
25;0;PAGO;1646204480;13:16:55.994607;13:16:56.008879;14272
25;0;PAGO;1637811776;13:16:55.998603;13:16:56.011761;13158
25;50;PAGO;1629419072;13:16:56.001472;13:16:56.849181;847709
25;50;PAGO;1476359744;13:16:56.045358;13:16:56.850154;804796
25;50;PAGO;1467967040;13:16:56.049590;13:16:56.850215;800625
25;50;PAGO;1459574336;13:16:56.052977;13:16:56.851179;798202
25;50;PAGO;1451181632;13:16:56.054228;13:16:56.852102;797874
25;50;PAGO;1442788928;13:16:56.057832;13:16:56.853080;795248
25;50;PAGO;1434396224;13:16:56.059142;13:16:56.853138;793996
25;50;PAGO;1426003520;13:16:56.063618;13:16:56.853188;789570
25;50;PAGO;1417610816;13:16:56.065131;13:16:56.853244;788113
25;50;PAGO;1409218112;13:16:56.066974;13:16:56.853357;786383
25;50;PAGO;1400825408;13:16:56.072158;13:16:56.854096;781938
25;50;PAGO;1392432704;13:16:56.073330;13:16:56.854154;780824
25;50;PAGO;1384040000;13:16:56.075435;13:16:56.854206;778771
25;50;PAGO;1375647296;13:16:56.078777;13:16:56.855118;776341
25;50;PAGO;1367254592;13:16:56.079938;13:16:56.856026;776088
25;50;PAGO;1358861888;13:16:56.234881;13:16:56.856566;621685
25;50;PAGO;1350469184;13:16:56.235771;13:16:56.856992;621221
25;50;PAGO;1342076480;13:16:56.238109;13:16:56.857356;619247
25;50;PAGO;1333683776;13:16:56.239249;13:16:56.857945;618696
25;50;PAGO;1325291072;13:16:56.241242;13:16:56.858996;617754
25;50;PAGO;1316898368;13:16:56.243571;13:16:56.859058;615487
25;50;PAGO;1308505664;13:16:56.246150;13:16:56.859925;613775
25;50;PAGO;1300112960;13:16:56.250136;13:16:56.860901;610765
25;50;PAGO;1291720256;13:16:56.252106;13:16:56.861893;609787
25;50;PAGO;1283327552;13:16:56.254708;13:16:56.862865;608157
25;50;PAGO;1274934848;13:16:56.263241;13:16:56.862920;599679
25;50;PAGO;1621026368;13:16:56.003581;13:16:56.886263;882682
25;50;PAGO;1543501376;13:16:56.007201;13:16:56.903819;896618
25;50;PAGO;1535108672;13:16:56.008461;13:16:56.926597;918136
25;50;PAGO;1526715968;13:16:56.009605;13:16:56.947760;938155
25;50;PAGO;1518323264;13:16:56.012737;13:16:56.973125;960388
25;50;PAGO;1509930560;13:16:56.026942;13:16:56.993634;966692
25;50;PAGO;1501537856;13:16:56.028334;13:16:57.155628;1127294
25;50;PAGO;1493145152;13:16:56.034526;13:16:57.177342;1142816
25;50;PAGO;1484752448;13:16:56.039518;13:16:57.193700;1154182
25;0;PAGO;664790592;13:16:55.898336;13:16:56.020833;122497
25;0;PAGO;656397888;13:16:55.919155;13:16:56.022327;103172
25;0;PAGO;622827072;13:16:55.944024;13:16:56.024409;80385
25;0;PAGO;614434368;13:16:55.947758;13:16:56.024504;76746
25;0;PAGO;606041664;13:16:55.957902;13:16:56.026548;68646
25;0;PAGO;597648960;13:16:55.974235;13:16:56.027437;53202
25;0;PAGO;589256256;13:16:55.975521;13:16:56.027542;52021
25;0;PAGO;580863552;13:16:55.978809;13:16:56.029672;50863
25;0;PAGO;572470848;13:16:55.982234;13:16:56.030396;48162
25;0;PAGO;564078144;13:16:55.986479;13:16:56.030478;43999
25;0;PAGO;555685440;13:16:55.989615;13:16:56.030553;40938
25;0;PAGO;547292736;13:16:55.994479;13:16:56.031355;36876
25;0;PAGO;538900032;13:16:55.998499;13:16:56.033285;34786
25;0;PAGO;530507328;13:16:56.001413;13:16:56.034306;32893
25;0;PAGO;522114624;13:16:56.003621;13:16:56.035259;31638
25;0;PAGO;648005184;13:16:55.926932;13:16:56.037347;110415
25;0;PAGO;639612480;13:16:55.930584;13:16:56.037431;106847
25;0;PAGO;631219776;13:16:55.937318;13:16:56.037506;100188
25;0;PAGO;513721920;13:16:56.007144;13:16:56.037579;30435
25;0;PAGO;505329216;13:16:56.008417;13:16:56.037692;29275
25;0;PAGO;496936512;13:16:56.009674;13:16:56.039163;29489
25;50;PAGO;488543808;13:16:56.020898;13:16:56.863993;843095
25;50;PAGO;310330944;13:16:56.071388;13:16:56.864832;793444
25;50;PAGO;301938240;13:16:56.072539;13:16:56.865769;793230
25;50;PAGO;293545536;13:16:56.073622;13:16:56.866608;792986
25;50;PAGO;285152832;13:16:56.075736;13:16:56.866788;791052
25;50;PAGO;276760128;13:16:56.079077;13:16:56.867357;788280
25;50;PAGO;268367424;13:16:56.080330;13:16:56.867711;787381
25;50;PAGO;259974720;13:16:56.235071;13:16:56.868708;633637
25;50;PAGO;251582016;13:16:56.237626;13:16:56.869673;632047
25;50;PAGO;243189312;13:16:56.239418;13:16:56.870714;631296
25;50;PAGO;234796608;13:16:56.241452;13:16:56.870800;629348
25;50;PAGO;226403904;13:16:56.243493;13:16:56.871643;628150
25;50;PAGO;218011200;13:16:56.246555;13:16:56.872611;626056
25;50;PAGO;209618496;13:16:56.248966;13:16:56.872665;623699
25;50;PAGO;201225792;13:16:56.252411;13:16:56.872721;620310
25;50;PAGO;192833088;13:16:56.254564;13:16:56.872794;618230
25;50;PAGO;184440384;13:16:56.263553;13:16:56.873593;610040
25;50;PAGO;480151104;13:16:56.027084;13:16:56.895057;867973
25;50;PAGO;402650688;13:16:56.029746;13:16:56.910684;880938
25;50;PAGO;394257984;13:16:56.034648;13:16:56.933105;898457
25;50;PAGO;385865280;13:16:56.039622;13:16:56.954622;915000
25;50;PAGO;377472576;13:16:56.047029;13:16:56.977357;930328
25;50;PAGO;369079872;13:16:56.050009;13:16:56.998682;948673
25;50;PAGO;360687168;13:16:56.053307;13:16:57.158744;1105437
25;50;PAGO;352294464;13:16:56.054522;13:16:57.182177;1127655
25;50;PAGO;343901760;13:16:56.058168;13:16:57.203158;1144990
25;50;PAGO;335509056;13:16:56.062673;13:16:57.226658;1163985
25;50;PAGO;327116352;13:16:56.063923;13:16:57.253220;1189297
25;50;PAGO;318723648;13:16:56.065408;13:16:57.275674;1210266
25;0;PAGO;849339968;13:16:55.926727;13:16:56.042145;115418
25;0;PAGO;840947264;13:16:55.930510;13:16:56.042524;112014
25;0;PAGO;807376448;13:16:55.957913;13:16:56.044110;86197
25;0;PAGO;798983744;13:16:55.973887;13:16:56.045129;71242
25;0;PAGO;790591040;13:16:55.975497;13:16:56.046632;71135
25;0;PAGO;782198336;13:16:55.978975;13:16:56.046711;67736
25;0;PAGO;773805632;13:16:55.982315;13:16:56.046784;64469
25;0;PAGO;765412928;13:16:55.986598;13:16:56.047185;60587
25;0;PAGO;757020224;13:16:55.989762;13:16:56.047368;57606
25;0;PAGO;748627520;13:16:55.994573;13:16:56.047934;53361
25;0;PAGO;740234816;13:16:55.998557;13:16:56.049178;50621
25;0;PAGO;731842112;13:16:56.001380;13:16:56.049262;47882
25;0;PAGO;723449408;13:16:56.003563;13:16:56.049886;46323
25;0;PAGO;715056704;13:16:56.007220;13:16:56.050870;43650
25;0;PAGO;706664000;13:16:56.008400;13:16:56.050948;42548
25;0;PAGO;698271296;13:16:56.009508;13:16:56.052856;43348
25;0;PAGO;689878592;13:16:56.012774;13:16:56.053789;41015
25;0;PAGO;832554560;13:16:55.937113;13:16:56.056878;119765
25;0;PAGO;824161856;13:16:55.943988;13:16:56.056970;112982
25;0;PAGO;815769152;13:16:55.948097;13:16:56.057401;109304
25;0;PAGO;681485888;13:16:56.026880;13:16:56.057657;30777
25;0;PAGO;673093184;13:16:56.029607;13:16:56.058806;29199
25;0;PAGO;664700480;13:16:56.034571;13:16:56.062616;28045
25;0;PAGO;656307776;13:16:56.039568;13:16:56.063554;23986
25;0;PAGO;647915072;13:16:56.046857;13:16:56.064553;17696
25;50;PAGO;639522368;13:16:56.049648;13:16:56.875754;826106
25;50;PAGO;631129664;13:16:56.053024;13:16:56.896785;843761
25;50;PAGO;622736960;13:16:56.054259;13:16:56.928398;874139
25;50;PAGO;614344256;13:16:56.057863;13:16:56.949871;892008
25;50;PAGO;536868416;13:16:56.059171;13:16:56.975280;916109
25;50;PAGO;528475712;13:16:56.063646;13:16:56.997369;933723
25;50;PAGO;520083008;13:16:56.065157;13:16:57.156837;1091680
25;50;PAGO;511690304;13:16:56.071021;13:16:57.179236;1108215
25;50;PAGO;503297600;13:16:56.072189;13:16:57.199555;1127366
25;50;PAGO;494904896;13:16:56.073365;13:16:57.227232;1153867
25;50;PAGO;486512192;13:16:56.075468;13:16:57.255364;1179896
25;50;PAGO;478119488;13:16:56.078807;13:16:57.278897;1200090
25;50;PAGO;469726784;13:16:56.079964;13:16:57.279659;1199695
25;50;PAGO;461334080;13:16:56.234883;13:16:57.279855;1044972
25;50;PAGO;452941376;13:16:56.235800;13:16:57.280830;1045030
25;50;PAGO;444548672;13:16:56.237985;13:16:57.281597;1043612
25;50;PAGO;436155968;13:16:56.239187;13:16:57.282563;1043376
25;50;PAGO;427763264;13:16:56.240845;13:16:57.282713;1041868
25;50;PAGO;419370560;13:16:56.245154;13:16:57.285121;1039967
25;50;PAGO;410977856;13:16:56.246169;13:16:57.285510;1039341
25;50;PAGO;402585152;13:16:56.250216;13:16:57.286465;1036249
25;50;PAGO;394192448;13:16:56.252086;13:16:57.286581;1034495
25;50;PAGO;385799744;13:16:56.254747;13:16:57.287400;1032653
25;50;PAGO;377407040;13:16:56.263333;13:16:57.287456;1024123
25;50;PAGO;369014336;13:16:56.264773;13:16:57.287747;1022974
25;0;PAGO;-1551899072;13:16:55.926294;13:16:56.065598;139304
25;0;PAGO;-1560291776;13:16:55.929644;13:16:56.070775;141131
25;0;PAGO;-1593862592;13:16:55.952058;13:16:56.071368;119310
25;0;PAGO;-1602255296;13:16:55.973336;13:16:56.072339;99003
25;0;PAGO;-1610648000;13:16:55.975175;13:16:56.073311;98136
25;0;PAGO;-1619040704;13:16:55.976388;13:16:56.075249;98861
25;0;PAGO;-1627433408;13:16:55.980000;13:16:56.076219;96219
25;0;PAGO;-1635826112;13:16:55.983727;13:16:56.078545;94818
25;0;PAGO;-1644218816;13:16:55.986766;13:16:56.079167;92401
25;0;PAGO;-1652611520;13:16:55.989929;13:16:56.080195;90266
25;0;PAGO;-1661004224;13:16:55.994758;13:16:56.082101;87343
25;0;PAGO;-1669396928;13:16:55.998747;13:16:56.082175;83428
25;0;PAGO;-1677789632;13:16:56.001589;13:16:56.082266;80677
25;0;PAGO;-1686182336;13:16:56.006086;13:16:56.235169;229083
25;0;PAGO;-1694575040;13:16:56.007398;13:16:56.235291;227893
25;0;PAGO;-1702967744;13:16:56.008586;13:16:56.237867;229281
25;0;PAGO;-1711360448;13:16:56.011836;13:16:56.238291;226455
25;0;PAGO;-1719753152;13:16:56.021070;13:16:56.239642;218572
25;0;PAGO;-1728145856;13:16:56.027282;13:16:56.240517;213235
25;0;PAGO;-1736538560;13:16:56.030731;13:16:56.241199;210468
25;0;PAGO;-1744931264;13:16:56.034909;13:16:56.242533;207624
25;0;PAGO;-1753323968;13:16:56.039913;13:16:56.245098;205185
25;0;PAGO;-1761716672;13:16:56.047388;13:16:56.245478;198090
25;0;PAGO;-1770109376;13:16:56.050106;13:16:56.246261;196155
25;0;PAGO;-1778502080;13:16:56.053405;13:16:56.247855;194450
25;0;PAGO;-1786894784;13:16:56.054606;13:16:56.248035;193429
25;0;PAGO;-1568684480;13:16:55.934394;13:16:56.250380;315986
25;0;PAGO;-1577077184;13:16:55.943069;13:16:56.252332;309263
25;0;PAGO;-1585469888;13:16:55.945262;13:16:56.254448;309186
25;0;PAGO;-1795287488;13:16:56.058289;13:16:56.254860;196571
25;0;PAGO;-1803680192;13:16:56.062787;13:16:56.262462;199675
25;0;PAGO;-1812072896;13:16:56.064027;13:16:56.262839;198812
25;50;PAGO;-1820465600;13:16:56.065677;13:16:56.877536;811859
25;50;PAGO;-1828858304;13:16:56.071487;13:16:56.905975;834488
25;50;PAGO;-1837251008;13:16:56.072625;13:16:56.935220;862595
25;50;PAGO;-1845643712;13:16:56.073701;13:16:56.956661;882960
25;50;PAGO;-1854036416;13:16:56.075820;13:16:56.979084;903264
25;50;PAGO;-1862429120;13:16:56.079262;13:16:57.001427;922165
25;50;PAGO;-1946159552;13:16:56.080417;13:16:57.164424;1084007
25;50;PAGO;-1954552256;13:16:56.235218;13:16:57.185894;950676
25;50;PAGO;-1962944960;13:16:56.236529;13:16:57.205409;968880
25;50;PAGO;-1971337664;13:16:56.238550;13:16:57.228640;990090
25;50;PAGO;-1979730368;13:16:56.239821;13:16:57.277386;1037565
25;50;PAGO;-1988123072;13:16:56.240558;13:16:57.297162;1056604
25;50;PAGO;-1996515776;13:16:56.243273;13:16:57.298178;1054905
25;50;PAGO;-2004908480;13:16:56.246025;13:16:57.298234;1052209
25;50;PAGO;-2013301184;13:16:56.248651;13:16:57.299132;1050481
25;50;PAGO;-2021693888;13:16:56.251135;13:16:57.299229;1048094
25;50;PAGO;-2030086592;13:16:56.255155;13:16:57.299315;1044160
25;50;PAGO;-2038479296;13:16:56.264181;13:16:57.300095;1035914
25;50;PAGO;-692066752;13:16:55.926688;13:16:56.291958;365270
25;50;PAGO;-700459456;13:16:55.930486;13:16:56.293057;362571
25;50;PAGO;-708852160;13:16:55.937175;13:16:56.293877;356702
25;50;PAGO;-717244864;13:16:55.944002;13:16:56.294939;350937
25;50;PAGO;-725637568;13:16:55.948035;13:16:56.295841;347806
25;50;PAGO;-734030272;13:16:55.960555;13:16:56.295898;335343
25;50;PAGO;-742422976;13:16:55.974305;13:16:56.296774;322469
25;50;PAGO;-750815680;13:16:55.975861;13:16:56.296829;320968
25;50;PAGO;-759208384;13:16:55.979030;13:16:56.296880;317850
25;50;PAGO;-767601088;13:16:55.982368;13:16:56.296930;314562
25;50;PAGO;-775993792;13:16:55.986657;13:16:56.296987;310330
25;50;PAGO;-784386496;13:16:55.989817;13:16:56.297201;307384
25;50;PAGO;-792779200;13:16:55.994635;13:16:56.297751;303116
25;50;PAGO;-801171904;13:16:55.998625;13:16:56.298787;300162
25;50;PAGO;-809564608;13:16:56.001450;13:16:56.299704;298254
25;50;PAGO;-817957312;13:16:56.003603;13:16:56.300711;297108
25;50;PAGO;-826350016;13:16:56.007251;13:16:56.301740;294489
25;50;PAGO;-834742720;13:16:56.008479;13:16:56.302709;294230
25;50;PAGO;-843135424;13:16:56.009640;13:16:56.302763;293123
25;50;PAGO;-851528128;13:16:56.020875;13:16:56.302811;281936
25;50;PAGO;-859920832;13:16:56.027113;13:16:56.302882;275769
25;50;PAGO;-868313536;13:16:56.029787;13:16:56.303632;273845
25;50;PAGO;-876706240;13:16:56.034679;13:16:56.304606;269927
25;50;PAGO;-885098944;13:16:56.039667;13:16:56.304658;264991
25;50;PAGO;-893491648;13:16:56.046962;13:16:56.304714;257752
25;50;PAGO;-901884352;13:16:56.049774;13:16:56.304772;254998
25;50;PAGO;-910277056;13:16:56.053172;13:16:56.305604;252432
25;50;PAGO;-918669760;13:16:56.054385;13:16:56.306590;252205
25;50;PAGO;-927062464;13:16:56.057991;13:16:56.307511;249520
25;50;PAGO;-935455168;13:16:56.059256;13:16:56.308522;249266
25;50;PAGO;-943847872;13:16:56.063729;13:16:56.308574;244845
25;50;PAGO;-952240576;13:16:56.065212;13:16:56.308636;243424
25;50;PAGO;-960633280;13:16:56.071078;13:16:56.309486;238408
25;50;PAGO;-969025984;13:16:56.072359;13:16:56.310509;238150
25;50;PAGO;-977418688;13:16:56.073443;13:16:56.311439;237996
25;50;PAGO;-985811392;13:16:56.075564;13:16:56.312418;236854
25;50;PAGO;-994204096;13:16:56.078897;13:16:56.313391;234494
25;50;PAGO;-1002596800;13:16:56.080046;13:16:56.314402;234356
25;50;PAGO;-1010989504;13:16:56.235042;13:16:56.314456;79414
25;50;PAGO;-1019382208;13:16:56.235831;13:16:56.314510;78679
25;50;PAGO;-1027774912;13:16:56.238352;13:16:56.314558;76206
25;50;PAGO;-1036167616;13:16:56.239575;13:16:56.314616;75041
25;50;PAGO;-1044560320;13:16:56.241303;13:16:56.315349;74046
25;50;PAGO;-1052953024;13:16:56.243513;13:16:56.316350;72837
25;50;PAGO;-1061345728;13:16:56.246425;13:16:56.317294;70869
25;50;PAGO;-1069738432;13:16:56.248992;13:16:56.318276;69284
25;50;PAGO;-1078131136;13:16:56.250950;13:16:56.319274;68324
25;50;PAGO;-1086523840;13:16:56.254131;13:16:56.320224;66093
25;50;PAGO;-1094916544;13:16:56.262995;13:16:56.320275;57280
25;50;PAGO;-1103309248;13:16:56.264727;13:16:56.320323;55596
25;50;PAGO;1228924480;13:16:55.927348;13:16:56.471493;544145
25;50;PAGO;1220531776;13:16:55.930607;13:16:56.472594;541987
25;50;PAGO;1212139072;13:16:55.937230;13:16:56.473412;536182
25;50;PAGO;1203746368;13:16:55.943996;13:16:56.474482;530486
25;50;PAGO;1195353664;13:16:55.950789;13:16:56.475396;524607
25;50;PAGO;1186960960;13:16:55.960598;13:16:56.476355;515757
25;50;PAGO;1178568256;13:16:55.974341;13:16:56.476556;502215
25;50;PAGO;1170175552;13:16:55.975890;13:16:56.477336;501446
25;50;PAGO;1161782848;13:16:55.979059;13:16:56.477963;498904
25;50;PAGO;1153390144;13:16:55.982401;13:16:56.478339;495938
25;50;PAGO;1144997440;13:16:55.986688;13:16:56.478441;491753
25;50;PAGO;1136604736;13:16:55.989847;13:16:56.479321;489474
25;50;PAGO;1128212032;13:16:55.994667;13:16:56.480276;485609
25;50;PAGO;1119819328;13:16:55.998661;13:16:56.481252;482591
25;50;PAGO;1111426624;13:16:56.001502;13:16:56.482267;480765
25;50;PAGO;1103033920;13:16:56.003651;13:16:56.483257;479606
25;50;PAGO;1094641216;13:16:56.007279;13:16:56.484182;476903
25;50;PAGO;1086248512;13:16:56.008308;13:16:56.484235;475927
25;50;PAGO;1077855808;13:16:56.009527;13:16:56.484291;474764
25;50;PAGO;1069463104;13:16:56.020959;13:16:56.484342;463383
25;50;PAGO;1061070400;13:16:56.027156;13:16:56.484389;457233
25;50;PAGO;1052677696;13:16:56.030629;13:16:56.484437;453808
25;50;PAGO;1044284992;13:16:56.034806;13:16:56.484508;449702
25;50;PAGO;1035892288;13:16:56.039809;13:16:56.485155;445346
25;50;PAGO;1027499584;13:16:56.047138;13:16:56.486132;438994
25;50;PAGO;1019106880;13:16:56.049929;13:16:56.486185;436256
25;50;PAGO;1010714176;13:16:56.053229;13:16:56.486241;433012
25;50;PAGO;1002321472;13:16:56.054425;13:16:56.486596;432171
25;50;PAGO;993928768;13:16:56.058083;13:16:56.487107;429024
25;50;PAGO;985536064;13:16:56.059444;13:16:56.487354;427910
25;50;PAGO;977143360;13:16:56.063895;13:16:56.488091;424196
25;50;PAGO;968750656;13:16:56.065362;13:16:56.488171;422809
25;50;PAGO;960357952;13:16:56.071199;13:16:56.489059;417860
25;50;PAGO;951965248;13:16:56.072472;13:16:56.490039;417567
25;50;PAGO;943572544;13:16:56.073576;13:16:56.490097;416521
25;50;PAGO;935179840;13:16:56.075685;13:16:56.490148;414463
25;50;PAGO;926787136;13:16:56.078986;13:16:56.490195;411209
25;50;PAGO;918394432;13:16:56.080259;13:16:56.491067;410808
25;50;PAGO;910001728;13:16:56.234983;13:16:56.491988;257005
25;50;PAGO;901609024;13:16:56.237933;13:16:56.492975;255042
25;50;PAGO;893216320;13:16:56.239365;13:16:56.493943;254578
25;50;PAGO;884823616;13:16:56.241434;13:16:56.498930;257496
25;50;PAGO;876430912;13:16:56.243434;13:16:56.499807;256373
25;50;PAGO;868038208;13:16:56.247687;13:16:56.500777;253090
25;50;PAGO;859645504;13:16:56.248871;13:16:56.501738;252867
25;50;PAGO;851252800;13:16:56.251181;13:16:56.502734;251553
25;50;PAGO;842860096;13:16:56.255070;13:16:56.503210;248140
25;50;PAGO;834467392;13:16:56.263754;13:16:56.503659;239905
25;50;PAGO;826074688;13:16:56.264910;13:16:56.504670;239760
25;50;PAGO;817681984;13:16:56.273723;13:16:56.504728;231005
25;50;PAGO;-2053118400;13:16:55.927315;13:16:56.504790;577475
25;50;PAGO;-2061511104;13:16:55.930545;13:16:56.505002;574457
25;50;PAGO;-2069903808;13:16:55.937154;13:16:56.505447;568293
25;50;PAGO;-2078296512;13:16:55.944000;13:16:56.505655;561655
25;50;PAGO;-2086689216;13:16:55.947720;13:16:56.506598;558878
25;50;PAGO;-2095081920;13:16:55.957852;13:16:56.507354;549502
25;50;PAGO;-2103474624;13:16:55.974230;13:16:56.507572;533342
25;50;PAGO;-2111867328;13:16:55.975587;13:16:56.508448;532861
25;50;PAGO;-2120260032;13:16:55.978915;13:16:56.508582;529667
25;50;PAGO;-2128652736;13:16:55.982193;13:16:56.508666;526473
25;50;PAGO;-2137045440;13:16:55.984506;13:16:56.509632;525126
25;50;PAGO;-2145438144;13:16:55.989647;13:16:56.510117;520470
25;50;PAGO;2141136448;13:16:55.994536;13:16:56.510181;515645
25;50;PAGO;2132743744;13:16:55.998535;13:16:56.510250;511715
25;50;PAGO;2124351040;13:16:56.001341;13:16:56.510378;509037
25;50;PAGO;2115958336;13:16:56.003493;13:16:56.510492;506999
25;50;PAGO;2107565632;13:16:56.007311;13:16:56.511500;504189
25;50;PAGO;2099172928;13:16:56.008508;13:16:56.512473;503965
25;50;PAGO;2090780224;13:16:56.009693;13:16:56.513510;503817
25;50;PAGO;2082387520;13:16:56.020981;13:16:56.514507;493526
25;50;PAGO;2073994816;13:16:56.027180;13:16:56.515385;488205
25;50;PAGO;2065602112;13:16:56.030610;13:16:56.516370;485760
25;50;PAGO;2057209408;13:16:56.034788;13:16:56.516501;481713
25;50;PAGO;2048816704;13:16:56.039791;13:16:56.517419;477628
25;50;PAGO;2040424000;13:16:56.047116;13:16:56.517783;470667
25;50;PAGO;2032031296;13:16:56.049963;13:16:56.518368;468405
25;50;PAGO;2023638592;13:16:56.053251;13:16:56.519335;466084
25;50;PAGO;2015245888;13:16:56.054494;13:16:56.520320;465826
25;50;PAGO;2006853184;13:16:56.058116;13:16:56.521264;463148
25;50;PAGO;1998460480;13:16:56.059497;13:16:56.522212;462715
25;50;PAGO;1990067776;13:16:56.063869;13:16:56.523259;459390
25;50;PAGO;1981675072;13:16:56.065379;13:16:56.523313;457934
25;50;PAGO;1973282368;13:16:56.071245;13:16:56.523372;452127
25;50;PAGO;1964889664;13:16:56.072511;13:16:56.524203;451692
25;50;PAGO;1956496960;13:16:56.073536;13:16:56.525166;451630
25;50;PAGO;1948104256;13:16:56.075651;13:16:56.526141;450490
25;50;PAGO;1939711552;13:16:56.079028;13:16:56.526191;447163
25;50;PAGO;1931318848;13:16:56.080306;13:16:56.526584;446278
25;50;PAGO;1922926144;13:16:56.235040;13:16:56.527093;292053
25;50;PAGO;1914533440;13:16:56.237798;13:16:56.528190;290392
25;50;PAGO;1906140736;13:16:56.239528;13:16:56.528255;288727
25;50;PAGO;1897748032;13:16:56.242754;13:16:56.529083;286329
25;50;PAGO;1889355328;13:16:56.245385;13:16:56.530064;284679
25;50;PAGO;1880962624;13:16:56.248126;13:16:56.530124;281998
25;50;PAGO;1872569920;13:16:56.250488;13:16:56.530174;279686
25;50;PAGO;1864177216;13:16:56.252583;13:16:56.530222;277639
25;50;PAGO;1855784512;13:16:56.255131;13:16:56.531109;275978
25;50;PAGO;1847391808;13:16:56.264296;13:16:56.532007;267711
25;50;PAGO;1838999104;13:16:56.273497;13:16:56.532975;259478
25;50;PAGO;1830606400;13:16:56.273814;13:16:56.533949;260135
25;50;PAGO;1277158976;13:16:55.929296;13:16:56.535045;605749
25;50;PAGO;1268766272;13:16:55.934249;13:16:56.536125;601876
25;50;PAGO;1260373568;13:16:55.939432;13:16:56.536183;596751
25;50;PAGO;1251980864;13:16:55.945164;13:16:56.536563;591399
25;50;PAGO;1243588160;13:16:55.951935;13:16:56.537289;585354
25;50;PAGO;1235195456;13:16:55.961261;13:16:56.538036;576775
25;50;PAGO;1226802752;13:16:55.975049;13:16:56.538093;563044
25;50;PAGO;1218410048;13:16:55.976264;13:16:56.538143;561879
25;50;PAGO;1210017344;13:16:55.979490;13:16:56.538191;558701
25;50;PAGO;1201624640;13:16:55.983877;13:16:56.539290;555413
25;50;PAGO;1193231936;13:16:55.987035;13:16:56.539369;552334
25;50;PAGO;1184839232;13:16:55.993661;13:16:56.540227;546566
25;50;PAGO;1176446528;13:16:55.997258;13:16:56.541217;543959
25;50;PAGO;1168053824;13:16:55.999302;13:16:56.541273;541971
25;50;PAGO;1159661120;13:16:56.003039;13:16:56.541323;538284
25;50;PAGO;1151268416;13:16:56.006722;13:16:56.541381;534659
25;50;PAGO;1142875712;13:16:56.008010;13:16:56.542154;534144
25;50;PAGO;1134483008;13:16:56.009248;13:16:56.542210;532962
25;50;PAGO;1126090304;13:16:56.012423;13:16:56.543201;530778
25;50;PAGO;1117697600;13:16:56.026666;13:16:56.544163;517497
25;50;PAGO;1109304896;13:16:56.028163;13:16:56.545113;516950
25;50;PAGO;1100912192;13:16:56.031643;13:16:56.546089;514446
25;50;PAGO;1092519488;13:16:56.039272;13:16:56.546141;506869
25;50;PAGO;1084126784;13:16:56.045032;13:16:56.546190;501158
25;50;PAGO;1075734080;13:16:56.049328;13:16:56.546607;497279
25;50;PAGO;1067341376;13:16:56.051011;13:16:56.547062;496051
25;50;PAGO;1058948672;13:16:56.053984;13:16:56.547353;493369
25;50;PAGO;1050555968;13:16:56.057456;13:16:56.548042;490586
25;50;PAGO;1042163264;13:16:56.058740;13:16:56.549027;490287
25;50;PAGO;1033770560;13:16:56.063121;13:16:56.549089;485968
25;50;PAGO;1025377856;13:16:56.064317;13:16:56.549140;484823
25;50;PAGO;1016985152;13:16:56.065965;13:16:56.549188;483223
25;50;PAGO;1008592448;13:16:56.071804;13:16:56.549250;477446
25;50;PAGO;1000199744;13:16:56.072919;13:16:56.549995;477076
25;50;PAGO;991807040;13:16:56.073997;13:16:56.551016;477019
25;50;PAGO;983414336;13:16:56.076119;13:16:56.551072;474953
25;50;PAGO;975021632;13:16:56.079594;13:16:56.551121;471527
25;50;PAGO;966628928;13:16:56.080721;13:16:56.551188;470467
25;50;PAGO;958236224;13:16:56.235534;13:16:56.551237;315703
25;50;PAGO;949843520;13:16:56.237722;13:16:56.551964;314242
25;50;PAGO;941450816;13:16:56.239286;13:16:56.552930;313644
25;50;PAGO;933058112;13:16:56.242625;13:16:56.553897;311272
25;50;PAGO;924665408;13:16:56.243370;13:16:56.554937;311567
25;50;PAGO;916272704;13:16:56.247777;13:16:56.555852;308075
25;50;PAGO;907880000;13:16:56.250292;13:16:56.556568;306276
25;50;PAGO;899487296;13:16:56.252126;13:16:56.556816;304690
25;50;PAGO;891094592;13:16:56.254944;13:16:56.557355;302411
25;50;PAGO;882701888;13:16:56.263261;13:16:56.557802;294541
25;50;PAGO;874309184;13:16:56.264830;13:16:56.558793;293963
25;50;PAGO;865916480;13:16:56.273691;13:16:56.558852;285161
25;50;PAGO;-337648064;13:16:55.929339;13:16:56.591956;662617
25;50;PAGO;-346040768;13:16:55.934247;13:16:56.593081;658834
25;50;PAGO;-354433472;13:16:55.939194;13:16:56.593909;654715
25;50;PAGO;-362826176;13:16:55.944832;13:16:56.593960;649128
25;50;PAGO;-371218880;13:16:55.951119;13:16:56.594017;642898
25;50;PAGO;-379611584;13:16:55.961241;13:16:56.594071;632830
25;50;PAGO;-388004288;13:16:55.974863;13:16:56.594120;619257
25;50;PAGO;-396396992;13:16:55.976192;13:16:56.594185;617993
25;50;PAGO;-404789696;13:16:55.979508;13:16:56.594233;614725
25;50;PAGO;-413182400;13:16:55.984028;13:16:56.594934;610906
25;50;PAGO;-421575104;13:16:55.987135;13:16:56.595868;608733
25;50;PAGO;-429967808;13:16:55.993943;13:16:56.596569;602626
25;50;PAGO;-438360512;13:16:55.997988;13:16:56.596804;598816
25;50;PAGO;-446753216;13:16:55.999281;13:16:56.596861;597580
25;50;PAGO;-455145920;13:16:56.003091;13:16:56.596911;593820
25;50;PAGO;-463538624;13:16:56.006642;13:16:56.597343;590701
25;50;PAGO;-471931328;13:16:56.008074;13:16:56.597812;589738
25;50;PAGO;-480324032;13:16:56.009177;13:16:56.598855;589678
25;50;PAGO;-488716736;13:16:56.012359;13:16:56.599766;587407
25;50;PAGO;-497109440;13:16:56.026597;13:16:56.600745;574148
25;50;PAGO;-505502144;13:16:56.028077;13:16:56.601729;573652
25;50;PAGO;-513894848;13:16:56.031710;13:16:56.601791;570081
25;50;PAGO;-522287552;13:16:56.039340;13:16:56.601842;562502
25;50;PAGO;-530680256;13:16:56.045239;13:16:56.602733;557494
25;50;PAGO;-539072960;13:16:56.049490;13:16:56.603677;554187
25;50;PAGO;-547465664;13:16:56.051119;13:16:56.603736;552617
25;50;PAGO;-555858368;13:16:56.054116;13:16:56.603787;549671
25;50;PAGO;-564251072;13:16:56.057487;13:16:56.603835;546348
25;50;PAGO;-572643776;13:16:56.058939;13:16:56.604657;545718
25;50;PAGO;-581036480;13:16:56.063349;13:16:56.605623;542274
25;50;PAGO;-589429184;13:16:56.064957;13:16:56.605684;540727
25;50;PAGO;-597821888;13:16:56.066142;13:16:56.605733;539591
25;50;PAGO;-606214592;13:16:56.071998;13:16:56.605782;533784
25;50;PAGO;-614607296;13:16:56.073095;13:16:56.606653;533558
25;50;PAGO;-623000000;13:16:56.074172;13:16:56.606783;532611
25;50;PAGO;-631392704;13:16:56.078600;13:16:56.607356;528756
25;50;PAGO;-639785408;13:16:56.079772;13:16:56.607539;527767
25;50;PAGO;-648178112;13:16:56.080912;13:16:56.608556;527644
25;50;PAGO;-656570816;13:16:56.235653;13:16:56.609541;373888
25;50;PAGO;-664963520;13:16:56.236429;13:16:56.610596;374167
25;50;PAGO;-673356224;13:16:56.238462;13:16:56.610785;372323
25;50;PAGO;-681748928;13:16:56.239739;13:16:56.611460;371721
25;50;PAGO;-690141632;13:16:56.242699;13:16:56.612440;369741
25;50;PAGO;-698534336;13:16:56.245297;13:16:56.613439;368142
25;50;PAGO;-706927040;13:16:56.247923;13:16:56.613496;365573
25;50;PAGO;-715319744;13:16:56.250313;13:16:56.613871;363558
25;50;PAGO;-723712448;13:16:56.252516;13:16:56.614193;361677
25;50;PAGO;-732105152;13:16:56.254591;13:16:56.614445;359854
25;50;PAGO;-740497856;13:16:56.263530;13:16:56.615406;351876
25;50;PAGO;-748890560;13:16:56.264811;13:16:56.615459;350648
25;50;PAGO;-421534144;13:16:55.929390;13:16:56.615676;686286
25;50;PAGO;-429926848;13:16:55.931613;13:16:56.616538;684925
25;50;PAGO;-438319552;13:16:55.939157;13:16:56.616596;677439
25;50;PAGO;-446712256;13:16:55.944871;13:16:56.617344;672473
25;50;PAGO;-455104960;13:16:55.950950;13:16:56.618365;667415
25;50;PAGO;-463497664;13:16:55.960894;13:16:56.619288;658394
25;50;PAGO;-471890368;13:16:55.974919;13:16:56.620264;645345
25;50;PAGO;-480283072;13:16:55.976243;13:16:56.621304;645061
25;50;PAGO;-488675776;13:16:55.979439;13:16:56.622200;642761
25;50;PAGO;-497068480;13:16:55.984053;13:16:56.623222;639169
25;50;PAGO;-505461184;13:16:55.987173;13:16:56.624161;636988
25;50;PAGO;-513853888;13:16:55.993697;13:16:56.625145;631448
25;50;PAGO;-522246592;13:16:55.997091;13:16:56.625200;628109
25;50;PAGO;-530639296;13:16:55.998898;13:16:56.625250;626352
25;50;PAGO;-539032000;13:16:56.001692;13:16:56.625298;623606
25;50;PAGO;-547424704;13:16:56.006188;13:16:56.625351;619163
25;50;PAGO;-555817408;13:16:56.007477;13:16:56.625400;617923
25;50;PAGO;-564210112;13:16:56.008660;13:16:56.626119;617459
25;50;PAGO;-572602816;13:16:56.011919;13:16:56.626172;614253
25;50;PAGO;-580995520;13:16:56.021161;13:16:56.626227;605066
25;50;PAGO;-589388224;13:16:56.027598;13:16:56.626600;599002
25;50;PAGO;-597780928;13:16:56.030810;13:16:56.627075;596265
25;50;PAGO;-606173632;13:16:56.034984;13:16:56.627182;592198
25;50;PAGO;-614566336;13:16:56.039991;13:16:56.628189;588198
25;50;PAGO;-622959040;13:16:56.047475;13:16:56.628245;580770
25;50;PAGO;-631351744;13:16:56.050179;13:16:56.628294;578115
25;50;PAGO;-639744448;13:16:56.053484;13:16:56.628353;574869
25;50;PAGO;-648137152;13:16:56.054680;13:16:56.629050;574370
25;50;PAGO;-656529856;13:16:56.058353;13:16:56.630034;571681
25;50;PAGO;-664922560;13:16:56.062853;13:16:56.630088;567235
25;50;PAGO;-673315264;13:16:56.064083;13:16:56.630345;566262
25;50;PAGO;-681707968;13:16:56.065736;13:16:56.631000;565264
25;50;PAGO;-690100672;13:16:56.071559;13:16:56.631990;560431
25;50;PAGO;-698493376;13:16:56.072694;13:16:56.632990;560296
25;50;PAGO;-706886080;13:16:56.073772;13:16:56.633047;559275
25;50;PAGO;-715278784;13:16:56.075901;13:16:56.633105;557204
25;50;PAGO;-723671488;13:16:56.079367;13:16:56.633931;554564
25;50;PAGO;-732064192;13:16:56.080502;13:16:56.634985;554483
25;50;PAGO;-740456896;13:16:56.235362;13:16:56.635689;400327
25;50;PAGO;-748849600;13:16:56.237794;13:16:56.635843;398049
25;50;PAGO;-757242304;13:16:56.239347;13:16:56.636868;397521
25;50;PAGO;-765635008;13:16:56.240433;13:16:56.636940;396507
25;50;PAGO;-774027712;13:16:56.245187;13:16:56.637399;392212
25;50;PAGO;-782420416;13:16:56.247793;13:16:56.637713;389920
25;50;PAGO;-790813120;13:16:56.248854;13:16:56.638470;389616
25;50;PAGO;-799205824;13:16:56.252388;13:16:56.638572;386184
25;50;PAGO;-807598528;13:16:56.254538;13:16:56.639328;384790
25;50;PAGO;-815991232;13:16:56.263834;13:16:56.639382;375548
25;50;PAGO;-824383936;13:16:56.270636;13:16:56.640323;369687
25;50;PAGO;-832776640;13:16:56.273824;13:16:56.640382;366558
25;50;PAGO;-1637882304;13:16:55.929310;13:16:56.640632;711322
25;50;PAGO;-1646275008;13:16:55.934397;13:16:56.641441;707044
25;50;PAGO;-1654667712;13:16:55.939281;13:16:56.642273;702992
25;50;PAGO;-1663060416;13:16:55.944895;13:16:56.643270;698375
25;50;PAGO;-1671453120;13:16:55.951031;13:16:56.644248;693217
25;50;PAGO;-1679845824;13:16:55.960792;13:16:56.645224;684432
25;50;PAGO;-1688238528;13:16:55.974500;13:16:56.645282;670782
25;50;PAGO;-1696631232;13:16:55.976052;13:16:56.645331;669279
25;50;PAGO;-1705023936;13:16:55.979213;13:16:56.646175;666962
25;50;PAGO;-1713416640;13:16:55.983820;13:16:56.646226;662406
25;50;PAGO;-1721809344;13:16:55.988619;13:16:56.647203;658584
25;50;PAGO;-1730202048;13:16:55.993994;13:16:56.647263;653269
25;50;PAGO;-1738594752;13:16:55.997901;13:16:56.647319;649418
25;50;PAGO;-1746987456;13:16:55.999245;13:16:56.647371;648126
25;50;PAGO;-1755380160;13:16:56.003071;13:16:56.647795;644724
25;50;PAGO;-1763772864;13:16:56.006663;13:16:56.648100;641437
25;50;PAGO;-1772165568;13:16:56.007972;13:16:56.649115;641143
25;50;PAGO;-1780558272;13:16:56.009286;13:16:56.650083;640797
25;50;PAGO;-1788950976;13:16:56.012491;13:16:56.650136;637645
25;50;PAGO;-1797343680;13:16:56.026629;13:16:56.651087;624458
25;50;PAGO;-1805736384;13:16:56.028041;13:16:56.652032;623991
25;50;PAGO;-1814129088;13:16:56.033337;13:16:56.653017;619680
25;50;PAGO;-1822521792;13:16:56.039235;13:16:56.653070;613835
25;50;PAGO;-1830914496;13:16:56.044999;13:16:56.653124;608125
25;50;PAGO;-1839307200;13:16:56.049413;13:16:56.653181;603768
25;50;PAGO;-1847699904;13:16:56.051045;13:16:56.653983;602938
25;50;PAGO;-1856092608;13:16:56.054028;13:16:56.655005;600977
25;50;PAGO;-1864485312;13:16:56.057735;13:16:56.655979;598244
25;50;PAGO;-1872878016;13:16:56.058877;13:16:56.656642;597765
25;50;PAGO;-1881270720;13:16:56.063166;13:16:56.656884;593718
25;50;PAGO;-1889663424;13:16:56.064358;13:16:56.657450;593092
25;50;PAGO;-1898056128;13:16:56.066004;13:16:56.657912;591908
25;50;PAGO;-1906448832;13:16:56.071846;13:16:56.658207;586361
25;50;PAGO;-1914841536;13:16:56.072958;13:16:56.658451;585493
25;50;PAGO;-1923234240;13:16:56.074036;13:16:56.658842;584806
25;50;PAGO;-1931626944;13:16:56.076261;13:16:56.659815;583554
25;50;PAGO;-1940019648;13:16:56.079636;13:16:56.659868;580232
25;50;PAGO;-1948412352;13:16:56.080762;13:16:56.659917;579155
25;50;PAGO;-1956805056;13:16:56.235567;13:16:56.659983;424416
25;50;PAGO;-1965197760;13:16:56.237653;13:16:56.660786;423133
25;50;PAGO;-1973590464;13:16:56.239399;13:16:56.661768;422369
25;50;PAGO;-1981983168;13:16:56.241380;13:16:56.662842;421462
25;50;PAGO;-1990375872;13:16:56.243456;13:16:56.662902;419446
25;50;PAGO;-1998768576;13:16:56.246343;13:16:56.662952;416609
25;50;PAGO;-2007161280;13:16:56.248895;13:16:56.663748;414853
25;50;PAGO;-2015553984;13:16:56.252240;13:16:56.663941;411701
25;50;PAGO;-2023946688;13:16:56.254646;13:16:56.664720;410074
25;50;PAGO;-2032339392;13:16:56.263194;13:16:56.665695;402501
25;50;PAGO;-2040732096;13:16:56.264805;13:16:56.665747;400942
25;50;PAGO;-2049124800;13:16:56.273734;13:16:56.665801;392067
25;50;PAGO;-1291852224;13:16:55.929351;13:16:56.666570;737219
25;50;PAGO;-1300244928;13:16:55.931596;13:16:56.666830;735234
25;50;PAGO;-1308637632;13:16:55.939314;13:16:56.667360;728046
25;50;PAGO;-1317030336;13:16:55.945719;13:16:56.667410;721691
25;50;PAGO;-1325423040;13:16:55.952087;13:16:56.667458;715371
25;50;PAGO;-1333815744;13:16:55.973392;13:16:56.667637;694245
25;50;PAGO;-1342208448;13:16:55.975201;13:16:56.667721;692520
25;50;PAGO;-1350601152;13:16:55.976433;13:16:56.668641;692208
25;50;PAGO;-1358993856;13:16:55.980048;13:16:56.668713;688665
25;50;PAGO;-1367386560;13:16:55.984105;13:16:56.669602;685497
25;50;PAGO;-1375779264;13:16:55.988538;13:16:56.670620;682082
25;50;PAGO;-1384171968;13:16:55.993891;13:16:56.671553;677662
25;50;PAGO;-1392564672;13:16:55.997924;13:16:56.671611;673687
25;50;PAGO;-1400957376;13:16:55.999321;13:16:56.671661;672340
25;50;PAGO;-1409350080;13:16:56.002295;13:16:56.671708;669413
25;50;PAGO;-1417742784;13:16:56.006452;13:16:56.671768;665316
25;50;PAGO;-1426135488;13:16:56.007710;13:16:56.672528;664818
25;50;PAGO;-1434528192;13:16:56.009072;13:16:56.673502;664430
25;50;PAGO;-1442920896;13:16:56.012216;13:16:56.673553;661337
25;50;PAGO;-1451313600;13:16:56.021474;13:16:56.673602;652128
25;50;PAGO;-1459706304;13:16:56.027845;13:16:56.673667;645822
25;50;PAGO;-1468099008;13:16:56.031496;13:16:56.674548;643052
25;50;PAGO;-1476491712;13:16:56.035311;13:16:56.675432;640121
25;50;PAGO;-1484884416;13:16:56.040581;13:16:56.676420;635839
25;50;PAGO;-1493277120;13:16:56.047715;13:16:56.676559;628844
25;50;PAGO;-1501669824;13:16:56.050398;13:16:56.677409;627011
25;50;PAGO;-1510062528;13:16:56.053708;13:16:56.677523;623815
25;50;PAGO;-1518455232;13:16:56.057213;13:16:56.677575;620362
25;50;PAGO;-1526847936;13:16:56.058568;13:16:56.677624;619056
25;50;PAGO;-1535240640;13:16:56.063079;13:16:56.678457;615378
25;50;PAGO;-1543633344;13:16:56.064280;13:16:56.679338;615058
25;50;PAGO;-1552026048;13:16:56.065929;13:16:56.680338;614409
25;50;PAGO;-1560418752;13:16:56.071765;13:16:56.681319;609554
25;50;PAGO;-1568811456;13:16:56.072882;13:16:56.682352;609470
25;50;PAGO;-1577204160;13:16:56.073961;13:16:56.683248;609287
25;50;PAGO;-1585596864;13:16:56.076083;13:16:56.683301;607218
25;50;PAGO;-1593989568;13:16:56.079555;13:16:56.683350;603795
25;50;PAGO;-1602382272;13:16:56.080679;13:16:56.683396;602717
25;50;PAGO;-1610774976;13:16:56.235507;13:16:56.683451;447944
25;50;PAGO;-1619167680;13:16:56.236502;13:16:56.683613;447111
25;50;PAGO;-1627560384;13:16:56.238521;13:16:56.684245;445724
25;50;PAGO;-1635953088;13:16:56.239769;13:16:56.685244;445475
25;50;PAGO;-1644345792;13:16:56.242723;13:16:56.685349;442626
25;50;PAGO;-1652738496;13:16:56.245346;13:16:56.686198;440852
25;50;PAGO;-1661131200;13:16:56.248078;13:16:56.686592;438514
25;50;PAGO;-1669523904;13:16:56.250444;13:16:56.687171;436727
25;50;PAGO;-1677916608;13:16:56.251962;13:16:56.687349;435387
25;50;PAGO;-1686309312;13:16:56.254972;13:16:56.688150;433178
25;50;PAGO;-1694702016;13:16:56.263304;13:16:56.689147;425843
25;50;PAGO;-1703094720;13:16:56.264885;13:16:56.689204;424319
25;50;PAGO;-505420224;13:16:55.929266;13:16:56.690138;760872
25;50;PAGO;-513812928;13:16:55.932465;13:16:56.690361;757896
25;50;PAGO;-522205632;13:16:55.943196;13:16:56.691104;747908
25;50;PAGO;-530598336;13:16:55.946231;13:16:56.692055;745824
25;50;PAGO;-538991040;13:16:55.954863;13:16:56.693032;738169
25;50;PAGO;-547383744;13:16:55.973520;13:16:56.694009;720489
25;50;PAGO;-555776448;13:16:55.975315;13:16:56.694070;718755
25;50;PAGO;-564169152;13:16:55.976547;13:16:56.694119;717572
25;50;PAGO;-572561856;13:16:55.981982;13:16:56.694168;712186
25;50;PAGO;-580954560;13:16:55.984251;13:16:56.694217;709966
25;50;PAGO;-589347264;13:16:55.988780;13:16:56.695054;706274
25;50;PAGO;-597739968;13:16:55.994128;13:16:56.695106;700978
25;50;PAGO;-606132672;13:16:55.998233;13:16:56.695164;696931
25;50;PAGO;-614525376;13:16:55.999923;13:16:56.695968;696045
25;50;PAGO;-622918080;13:16:56.003192;13:16:56.696568;693376
25;50;PAGO;-631310784;13:16:56.006698;13:16:56.696902;690204
25;50;PAGO;-639703488;13:16:56.008056;13:16:56.697014;688958
25;50;PAGO;-648096192;13:16:56.009145;13:16:56.697356;688211
25;50;PAGO;-656488896;13:16:56.012399;13:16:56.697899;685500
25;50;PAGO;-664881600;13:16:56.026700;13:16:56.698920;672220
25;50;PAGO;-673274304;13:16:56.028141;13:16:56.699018;670877
25;50;PAGO;-681667008;13:16:56.034348;13:16:56.699880;665532
25;50;PAGO;-690059712;13:16:56.039303;13:16:56.700837;661534
25;50;PAGO;-698452416;13:16:56.045176;13:16:56.700890;655714
25;50;PAGO;-706845120;13:16:56.049434;13:16:56.700946;651512
25;50;PAGO;-715237824;13:16:56.051066;13:16:56.700995;649929
25;50;PAGO;-723630528;13:16:56.054049;13:16:56.701817;647768
25;50;PAGO;-732023232;13:16:56.057534;13:16:56.702828;645294
25;50;PAGO;-740415936;13:16:56.059016;13:16:56.703758;644742
25;50;PAGO;-748808640;13:16:56.063367;13:16:56.704732;641365
25;50;PAGO;-757201344;13:16:56.064993;13:16:56.705709;640716
25;50;PAGO;-765594048;13:16:56.066085;13:16:56.706816;640731
25;50;PAGO;-773986752;13:16:56.071945;13:16:56.706874;634929
25;50;PAGO;-782379456;13:16:56.073036;13:16:56.707389;634353
25;50;PAGO;-790772160;13:16:56.074115;13:16:56.707634;633519
25;50;PAGO;-799164864;13:16:56.076373;13:16:56.708009;631636
25;50;PAGO;-807557568;13:16:56.079753;13:16:56.708647;628894
25;50;PAGO;-815950272;13:16:56.080880;13:16:56.708724;627844
25;50;PAGO;-824342976;13:16:56.235624;13:16:56.708821;473197
25;50;PAGO;-832735680;13:16:56.236483;13:16:56.709621;473138
25;50;PAGO;-841128384;13:16:56.238483;13:16:56.710632;472149
25;50;PAGO;-849521088;13:16:56.239722;13:16:56.711565;471843
25;50;PAGO;-857913792;13:16:56.242680;13:16:56.712559;469879
25;50;PAGO;-866306496;13:16:56.243532;13:16:56.713257;469725
25;50;PAGO;-874699200;13:16:56.247901;13:16:56.713518;465617
25;50;PAGO;-883091904;13:16:56.250271;13:16:56.714348;464077
25;50;PAGO;-891484608;13:16:56.252146;13:16:56.714408;462262
25;50;PAGO;-899877312;13:16:56.254996;13:16:56.714489;459493
25;50;PAGO;-908270016;13:16:56.263727;13:16:56.715486;451759
25;50;PAGO;-916662720;13:16:56.264848;13:16:56.716451;451603
25;50;PAGO;318760512;13:16:55.929364;13:16:56.717349;787985
25;50;PAGO;310367808;13:16:55.934245;13:16:56.717615;783370
25;50;PAGO;301975104;13:16:55.942913;13:16:56.718467;775554
25;50;PAGO;293582400;13:16:55.945142;13:16:56.719385;774243
25;50;PAGO;285189696;13:16:55.951459;13:16:56.719441;767982
25;50;PAGO;276796992;13:16:55.961201;13:16:56.719500;758299
25;50;PAGO;268404288;13:16:55.974840;13:16:56.719555;744715
25;50;PAGO;260011584;13:16:55.976170;13:16:56.719617;743447
25;50;PAGO;251618880;13:16:55.979460;13:16:56.720364;740904
25;50;PAGO;243226176;13:16:55.983951;13:16:56.721355;737404
25;50;PAGO;234833472;13:16:55.987154;13:16:56.722355;735201
25;50;PAGO;226440768;13:16:55.993971;13:16:56.723286;729315
25;50;PAGO;218048064;13:16:55.997945;13:16:56.723340;725395
25;50;PAGO;209655360;13:16:55.999192;13:16:56.723391;724199
25;50;PAGO;201262656;13:16:56.002374;13:16:56.723447;721073
25;50;PAGO;192869952;13:16:56.006604;13:16:56.723507;716903
25;50;PAGO;184477248;13:16:56.008118;13:16:56.724260;716142
25;50;PAGO;176084544;13:16:56.009266;13:16:56.725242;715976
25;50;PAGO;167691840;13:16:56.012379;13:16:56.726219;713840
25;50;PAGO;159299136;13:16:56.026731;13:16:56.726612;699881
25;50;PAGO;150906432;13:16:56.028193;13:16:56.726669;698476
25;50;PAGO;142513728;13:16:56.034384;13:16:56.726721;692337
25;50;PAGO;134121024;13:16:56.039367;13:16:56.726776;687409
25;50;PAGO;125728320;13:16:56.045214;13:16:56.726827;681613
25;50;PAGO;117335616;13:16:56.049464;13:16:56.727203;677739
25;50;PAGO;108942912;13:16:56.051095;13:16:56.728229;677134
25;50;PAGO;100550208;13:16:56.054083;13:16:56.729142;675059
25;50;PAGO;92157504;13:16:56.057582;13:16:56.730133;672551
25;50;PAGO;83764800;13:16:56.058972;13:16:56.730190;671218
25;50;PAGO;75372096;13:16:56.063322;13:16:56.731140;667818
25;50;PAGO;66979392;13:16:56.064973;13:16:56.731198;666225
25;50;PAGO;58586688;13:16:56.066119;13:16:56.731249;665130
25;50;PAGO;50193984;13:16:56.071971;13:16:56.731300;659329
25;50;PAGO;41801280;13:16:56.073066;13:16:56.731356;658290
25;50;PAGO;33408576;13:16:56.074141;13:16:56.732078;657937
25;50;PAGO;25015872;13:16:56.076355;13:16:56.733074;656719
25;50;PAGO;16623168;13:16:56.079715;13:16:56.734026;654311
25;50;PAGO;8230464;13:16:56.080831;13:16:56.734087;653256
25;50;PAGO;-162240;13:16:56.235594;13:16:56.734139;498545
25;50;PAGO;-8554944;13:16:56.236447;13:16:56.734188;497741
25;50;PAGO;-16947648;13:16:56.238503;13:16:56.734238;495735
25;50;PAGO;-25340352;13:16:56.239787;13:16:56.735050;495263
25;50;PAGO;-33733056;13:16:56.240461;13:16:56.735972;495511
25;50;PAGO;-42125760;13:16:56.245522;13:16:56.736569;491047
25;50;PAGO;-50518464;13:16:56.248167;13:16:56.736920;488753
25;50;PAGO;-58911168;13:16:56.250527;13:16:56.737354;486827
25;50;PAGO;-67303872;13:16:56.252624;13:16:56.737958;485334
25;50;PAGO;-75696576;13:16:56.255216;13:16:56.738044;482828
25;50;PAGO;-84089280;13:16:56.264327;13:16:56.738118;473791
25;50;PAGO;-92481984;13:16:56.273550;13:16:56.738886;465336
25;50;PAGO;-1283463616;13:16:55.930321;13:16:56.559122;628801
25;50;PAGO;-1291856320;13:16:55.934482;13:16:56.559911;625429
25;50;PAGO;-1300249024;13:16:55.943151;13:16:56.560730;617579
25;50;PAGO;-1308641728;13:16:55.946137;13:16:56.561705;615568
25;50;PAGO;-1317034432;13:16:55.954753;13:16:56.562739;607986
25;50;PAGO;-1325427136;13:16:55.973448;13:16:56.562794;589346
25;50;PAGO;-1333819840;13:16:55.975248;13:16:56.562842;587594
25;50;PAGO;-1342212544;13:16:55.976480;13:16:56.562894;586414
25;50;PAGO;-1350605248;13:16:55.980099;13:16:56.562943;582844
25;50;PAGO;-1358997952;13:16:55.984182;13:16:56.562991;578809
25;50;PAGO;-1367390656;13:16:55.988747;13:16:56.563653;574906
25;50;PAGO;-1375783360;13:16:55.994092;13:16:56.566633;572541
25;50;PAGO;-1384176064;13:16:55.998111;13:16:56.567348;569237
25;50;PAGO;-1392568768;13:16:55.999836;13:16:56.567562;567726
25;50;PAGO;-1400961472;13:16:56.002007;13:16:56.567651;565644
25;50;PAGO;-1409354176;13:16:56.006414;13:16:56.570559;564145
25;50;PAGO;-1417746880;13:16:56.007682;13:16:56.571443;563761
25;50;PAGO;-1426139584;13:16:56.008920;13:16:56.572404;563484
25;50;PAGO;-1434532288;13:16:56.012057;13:16:56.573404;561347
25;50;PAGO;-1442924992;13:16:56.021290;13:16:56.574408;553118
25;50;PAGO;-1451317696;13:16:56.027750;13:16:56.575398;547648
25;50;PAGO;-1459710400;13:16:56.031404;13:16:56.576338;544934
25;50;PAGO;-1468103104;13:16:56.035114;13:16:56.576567;541453
25;50;PAGO;-1476495808;13:16:56.040487;13:16:56.577327;536840
25;50;PAGO;-1484888512;13:16:56.047613;13:16:56.578339;530726
25;50;PAGO;-1493281216;13:16:56.050309;13:16:56.579295;528986
25;50;PAGO;-1501673920;13:16:56.053616;13:16:56.580264;526648
25;50;PAGO;-1510066624;13:16:56.057107;13:16:56.581235;524128
25;50;PAGO;-1518459328;13:16:56.058464;13:16:56.581292;522828
25;50;PAGO;-1526852032;13:16:56.062980;13:16:56.581341;518361
25;50;PAGO;-1535244736;13:16:56.064169;13:16:56.581388;517219
25;50;PAGO;-1543637440;13:16:56.065821;13:16:56.581445;515624
25;50;PAGO;-1552030144;13:16:56.071646;13:16:56.582203;510557
25;50;PAGO;-1560422848;13:16:56.072773;13:16:56.583217;510444
25;50;PAGO;-1568815552;13:16:56.073844;13:16:56.583270;509426
25;50;PAGO;-1577208256;13:16:56.075965;13:16:56.583317;507352
25;50;PAGO;-1585600960;13:16:56.079430;13:16:56.583370;503940
25;50;PAGO;-1593993664;13:16:56.080565;13:16:56.583419;502854
25;50;PAGO;-1602386368;13:16:56.235422;13:16:56.584173;348751
25;50;PAGO;-1610779072;13:16:56.237604;13:16:56.585146;347542
25;50;PAGO;-1619171776;13:16:56.239573;13:16:56.586093;346520
25;50;PAGO;-1627564480;13:16:56.241263;13:16:56.586202;344939
25;50;PAGO;-1635957184;13:16:56.245327;13:16:56.586642;341315
25;50;PAGO;-1644349888;13:16:56.248054;13:16:56.587114;339060
25;50;PAGO;-1652742592;13:16:56.250422;13:16:56.588039;337617
25;50;PAGO;-1661135296;13:16:56.251931;13:16:56.589039;337108
25;50;PAGO;-1669528000;13:16:56.255022;13:16:56.589103;334081
25;50;PAGO;-1677920704;13:16:56.263156;13:16:56.589161;326005
25;50;PAGO;-1686313408;13:16:56.268701;13:16:56.589212;320511
25;50;PAGO;-1694706112;13:16:56.273699;13:16:56.589996;316297
25;50;PAGO;-121641408;13:16:55.929279;13:16:56.740856;811577
25;50;PAGO;-130034112;13:16:55.934253;13:16:56.741070;806817
25;50;PAGO;-138426816;13:16:55.939334;13:16:56.741337;802003
25;50;PAGO;-146819520;13:16:55.944995;13:16:56.741824;796829
25;50;PAGO;-155212224;13:16:55.951062;13:16:56.742853;791791
25;50;PAGO;-163604928;13:16:55.961735;13:16:56.743778;782043
25;50;PAGO;-171997632;13:16:55.974816;13:16:56.744756;769940
25;50;PAGO;-180390336;13:16:55.976138;13:16:56.745732;769594
25;50;PAGO;-188783040;13:16:55.979381;13:16:56.745842;766461
25;50;PAGO;-197175744;13:16:55.984155;13:16:56.746607;762452
25;50;PAGO;-205568448;13:16:55.988680;13:16:56.746669;757989
25;50;PAGO;-213961152;13:16:55.993745;13:16:56.747359;753614
25;50;PAGO;-222353856;13:16:55.997233;13:16:56.747651;750418
25;50;PAGO;-230746560;13:16:55.999952;13:16:56.748659;748707
25;50;PAGO;-239139264;13:16:56.003246;13:16:56.748713;745467
25;50;PAGO;-247531968;13:16:56.006773;13:16:56.748767;741994
25;50;PAGO;-255924672;13:16:56.008100;13:16:56.749645;741545
25;50;PAGO;-264317376;13:16:56.009229;13:16:56.750648;741419
25;50;PAGO;-272710080;13:16:56.012442;13:16:56.752638;740196
25;50;PAGO;-281102784;13:16:56.024573;13:16:56.752736;728163
25;50;PAGO;-289495488;13:16:56.028007;13:16:56.752788;724781
25;50;PAGO;-297888192;13:16:56.031755;13:16:56.752837;721082
25;50;PAGO;-306280896;13:16:56.037862;13:16:56.753556;715694
25;50;PAGO;-314673600;13:16:56.044898;13:16:56.754560;709662
25;50;PAGO;-323066304;13:16:56.047954;13:16:56.755478;707524
25;50;PAGO;-331459008;13:16:56.050515;13:16:56.756467;705952
25;50;PAGO;-339851712;13:16:56.054137;13:16:56.756542;702405
25;50;PAGO;-348244416;13:16:56.057703;13:16:56.756593;698890
25;50;PAGO;-356637120;13:16:56.058991;13:16:56.756641;697650
25;50;PAGO;-365029824;13:16:56.063262;13:16:56.756688;693426
25;50;PAGO;-373422528;13:16:56.065041;13:16:56.757348;692307
25;50;PAGO;-381815232;13:16:56.066203;13:16:56.757435;691232
25;50;PAGO;-390207936;13:16:56.072069;13:16:56.758466;686397
25;50;PAGO;-398600640;13:16:56.073159;13:16:56.759388;686229
25;50;PAGO;-406993344;13:16:56.075348;13:16:56.760377;685029
25;50;PAGO;-415386048;13:16:56.078680;13:16:56.761339;682659
25;50;PAGO;-423778752;13:16:56.079850;13:16:56.762374;682524
25;50;PAGO;-432171456;13:16:56.080969;13:16:56.762429;681460
25;50;PAGO;-440564160;13:16:56.235711;13:16:56.763293;527582
25;50;PAGO;-448956864;13:16:56.236360;13:16:56.764483;528123
25;50;PAGO;-457349568;13:16:56.238141;13:16:56.764538;526397
25;50;PAGO;-465742272;13:16:56.239268;13:16:56.765238;525970
25;50;PAGO;-474134976;13:16:56.240828;13:16:56.766217;525389
25;50;PAGO;-482527680;13:16:56.245208;13:16:56.767239;522031
25;50;PAGO;-490920384;13:16:56.246383;13:16:56.767339;520956
25;50;PAGO;-499313088;13:16:56.250238;13:16:56.767392;517154
25;50;PAGO;-507705792;13:16:56.252042;13:16:56.767442;515400
25;50;PAGO;-516098496;13:16:56.254925;13:16:56.767492;512567
25;50;PAGO;-524491200;13:16:56.263356;13:16:56.767548;504192
25;50;PAGO;-532883904;13:16:56.268732;13:16:56.768213;499481
25;50;PAGO;224388672;13:16:55.929536;13:16:56.770108;840572
25;50;PAGO;215995968;13:16:55.934363;13:16:56.770329;835966
25;50;PAGO;207603264;13:16:55.943035;13:16:56.771133;828098
25;50;PAGO;199210560;13:16:55.945237;13:16:56.771188;825951
25;50;PAGO;190817856;13:16:55.952040;13:16:56.771237;819197
25;50;PAGO;182425152;13:16:55.973360;13:16:56.771286;797926
25;50;PAGO;174032448;13:16:55.975153;13:16:56.771340;796187
25;50;PAGO;165639744;13:16:55.976405;13:16:56.772081;795676
25;50;PAGO;157247040;13:16:55.980019;13:16:56.773063;793044
25;50;PAGO;148854336;13:16:55.984075;13:16:56.774028;789953
25;50;PAGO;140461632;13:16:55.987115;13:16:56.774080;786965
25;50;PAGO;132068928;13:16:55.994025;13:16:56.774135;780110
25;50;PAGO;123676224;13:16:55.998014;13:16:56.774184;776170
25;50;PAGO;115283520;13:16:55.999869;13:16:56.774233;774364
25;50;PAGO;106890816;13:16:56.002314;13:16:56.775108;772794
25;50;PAGO;98498112;13:16:56.006302;13:16:56.775987;769685
25;50;PAGO;90105408;13:16:56.007603;13:16:56.776567;768964
25;50;PAGO;81712704;13:16:56.008769;13:16:56.776932;768163
25;50;PAGO;73320000;13:16:56.012001;13:16:56.777343;765342
25;50;PAGO;64927296;13:16:56.021261;13:16:56.777960;756699
25;50;PAGO;56534592;13:16:56.027679;13:16:56.778974;751295
25;50;PAGO;48141888;13:16:56.030879;13:16:56.779896;749017
25;50;PAGO;39749184;13:16:56.035052;13:16:56.780860;745808
25;50;PAGO;31356480;13:16:56.040101;13:16:56.781848;741747
25;50;PAGO;22963776;13:16:56.047545;13:16:56.782859;735314
25;50;PAGO;14571072;13:16:56.050280;13:16:56.783797;733517
25;50;PAGO;6178368;13:16:56.053587;13:16:56.784761;731174
25;50;PAGO;-2214336;13:16:56.057149;13:16:56.784819;727670
25;50;PAGO;-10607040;13:16:56.058538;13:16:56.784871;726333
25;50;PAGO;-18999744;13:16:56.063048;13:16:56.784920;721872
25;50;PAGO;-27392448;13:16:56.064253;13:16:56.784969;720716
25;50;PAGO;-35785152;13:16:56.065899;13:16:56.785023;719124
25;50;PAGO;-44177856;13:16:56.071733;13:16:56.785073;713340
25;50;PAGO;-52570560;13:16:56.072851;13:16:56.785766;712915
25;50;PAGO;-60963264;13:16:56.073929;13:16:56.786599;712670
25;50;PAGO;-69355968;13:16:56.076053;13:16:56.786689;710636
25;50;PAGO;-77748672;13:16:56.079527;13:16:56.787680;708153
25;50;PAGO;-86141376;13:16:56.080649;13:16:56.788682;708033
25;50;PAGO;-94534080;13:16:56.235477;13:16:56.789644;554167
25;50;PAGO;-102926784;13:16:56.237695;13:16:56.790684;552989
25;50;PAGO;-111319488;13:16:56.239323;13:16:56.791596;552273
25;50;PAGO;-119712192;13:16:56.242579;13:16:56.792582;550003
25;50;PAGO;-128104896;13:16:56.243553;13:16:56.793553;550000
25;50;PAGO;-136497600;13:16:56.246402;13:16:56.793612;547210
25;50;PAGO;-144890304;13:16:56.248693;13:16:56.793665;544972
25;50;PAGO;-153283008;13:16:56.252557;13:16:56.793724;541167
25;50;PAGO;-161675712;13:16:56.255092;13:16:56.794538;539446
25;50;PAGO;-170068416;13:16:56.263798;13:16:56.795508;531710
25;50;PAGO;-178461120;13:16:56.273470;13:16:56.795563;522093
25;50;PAGO;-186853824;13:16:56.273821;13:16:56.795613;521792
25;50;PAGO;666887744;13:16:55.929325;13:16:56.795676;866351
25;50;PAGO;658495040;13:16:55.934251;13:16:56.795888;861637
25;50;PAGO;650102336;13:16:55.939369;13:16:56.796517;857148
25;50;PAGO;641709632;13:16:55.945016;13:16:56.797073;852057
25;50;PAGO;633316928;13:16:55.951927;13:16:56.797342;845415
25;50;PAGO;624924224;13:16:55.960860;13:16:56.797466;836606
25;50;PAGO;616531520;13:16:55.974537;13:16:56.798470;823933
25;50;PAGO;608138816;13:16:55.976025;13:16:56.799414;823389
25;50;PAGO;599746112;13:16:55.979256;13:16:56.800382;821126
25;50;PAGO;591353408;13:16:55.983775;13:16:56.801339;817564
25;50;PAGO;582960704;13:16:55.988566;13:16:56.802389;813823
25;50;PAGO;574568000;13:16:55.993860;13:16:56.803332;809472
25;50;PAGO;566175296;13:16:55.998050;13:16:56.803385;805335
25;50;PAGO;557782592;13:16:55.999012;13:16:56.803441;804429
25;50;PAGO;549389888;13:16:56.001865;13:16:56.803492;801627
25;50;PAGO;540997184;13:16:56.006373;13:16:56.804302;797929
25;50;PAGO;532604480;13:16:56.007584;13:16:56.805280;797696
25;50;PAGO;524211776;13:16:56.008743;13:16:56.805333;796590
25;50;PAGO;515819072;13:16:56.012026;13:16:56.805390;793364
25;50;PAGO;507426368;13:16:56.021227;13:16:56.805440;784213
25;50;PAGO;499033664;13:16:56.027716;13:16:56.806254;778538
25;50;PAGO;490640960;13:16:56.030920;13:16:56.807284;776364
25;50;PAGO;482248256;13:16:56.035084;13:16:56.807941;772857
25;50;PAGO;473855552;13:16:56.040460;13:16:56.808204;767744
25;50;PAGO;465462848;13:16:56.047585;13:16:56.808292;760707
25;50;PAGO;457070144;13:16:56.050255;13:16:56.809177;758922
25;50;PAGO;448677440;13:16:56.053554;13:16:56.810162;756608
25;50;PAGO;440284736;13:16:56.057044;13:16:56.810218;753174
25;50;PAGO;431892032;13:16:56.058396;13:16:56.811141;752745
25;50;PAGO;423499328;13:16:56.062893;13:16:56.811193;748300
25;50;PAGO;415106624;13:16:56.064121;13:16:56.811242;747121
25;50;PAGO;406713920;13:16:56.065771;13:16:56.811289;745518
25;50;PAGO;398321216;13:16:56.071597;13:16:56.811352;739755
25;50;PAGO;389928512;13:16:56.072728;13:16:56.812098;739370
25;50;PAGO;381535808;13:16:56.073808;13:16:56.813077;739269
25;50;PAGO;373143104;13:16:56.075929;13:16:56.814041;738112
25;50;PAGO;364750400;13:16:56.079391;13:16:56.814096;734705
25;50;PAGO;356357696;13:16:56.080528;13:16:56.814147;733619
25;50;PAGO;347964992;13:16:56.235390;13:16:56.814196;578806
25;50;PAGO;339572288;13:16:56.237674;13:16:56.815094;577420
25;50;PAGO;331179584;13:16:56.239484;13:16:56.815171;575687
25;50;PAGO;322786880;13:16:56.241397;13:16:56.815647;574250
25;50;PAGO;314394176;13:16:56.243596;13:16:56.815993;572397
25;50;PAGO;306001472;13:16:56.246204;13:16:56.816548;570344
25;50;PAGO;297608768;13:16:56.250158;13:16:56.816949;566791
25;50;PAGO;289216064;13:16:56.252168;13:16:56.817368;565200
25;50;PAGO;280823360;13:16:56.254767;13:16:56.817963;563196
25;50;PAGO;272430656;13:16:56.264275;13:16:56.818014;553739
25;50;PAGO;264037952;13:16:56.273535;13:16:56.818071;544536
25;50;PAGO;255645248;13:16:56.273834;13:16:56.818127;544293
25;50;PAGO;-803215808;13:16:55.929378;13:16:56.819896;890518
25;50;PAGO;-811608512;13:16:55.934241;13:16:56.821051;886810
25;50;PAGO;-820001216;13:16:55.942478;13:16:56.821858;879380
25;50;PAGO;-828393920;13:16:55.945091;13:16:56.822880;877789
25;50;PAGO;-836786624;13:16:55.951354;13:16:56.822938;871584
25;50;PAGO;-845179328;13:16:55.961159;13:16:56.822986;861827
25;50;PAGO;-853572032;13:16:55.974646;13:16:56.823806;849160
25;50;PAGO;-861964736;13:16:55.976227;13:16:56.824776;848549
25;50;PAGO;-870357440;13:16:55.979357;13:16:56.825764;846407
25;50;PAGO;-878750144;13:16:55.983664;13:16:56.825816;842152
25;50;PAGO;-887142848;13:16:55.986728;13:16:56.825869;839141
25;50;PAGO;-895535552;13:16:55.989889;13:16:56.825918;836029
25;50;PAGO;-903928256;13:16:55.994730;13:16:56.826588;831858
25;50;PAGO;-912320960;13:16:55.998714;13:16:56.826758;828044
25;50;PAGO;-920713664;13:16:56.001555;13:16:56.827413;825858
25;50;PAGO;-929106368;13:16:56.006051;13:16:56.827713;821662
25;50;PAGO;-937499072;13:16:56.007372;13:16:56.828719;821347
25;50;PAGO;-945891776;13:16:56.008558;13:16:56.829667;821109
25;50;PAGO;-954284480;13:16:56.009745;13:16:56.830674;820929
25;50;PAGO;-962677184;13:16:56.021035;13:16:56.830728;809693
25;50;PAGO;-971069888;13:16:56.027236;13:16:56.830777;803541
25;50;PAGO;-979462592;13:16:56.030684;13:16:56.831591;800907
25;50;PAGO;-987855296;13:16:56.034864;13:16:56.832558;797694
25;50;PAGO;-996248000;13:16:56.039863;13:16:56.833549;793686
25;50;PAGO;-1004640704;13:16:56.047247;13:16:56.834549;787302
25;50;PAGO;-1013033408;13:16:56.050051;13:16:56.835520;785469
25;50;PAGO;-1021426112;13:16:56.053349;13:16:56.835643;782294
25;50;PAGO;-1029818816;13:16:56.054559;13:16:56.836523;781964
25;50;PAGO;-1038211520;13:16:56.058211;13:16:56.837352;779141
25;50;PAGO;-1046604224;13:16:56.062715;13:16:56.837504;774789
25;50;PAGO;-1054996928;13:16:56.063963;13:16:56.837561;773598
25;50;PAGO;-1063389632;13:16:56.065613;13:16:56.837611;771998
25;50;PAGO;-1071782336;13:16:56.071430;13:16:56.837660;766230
25;50;PAGO;-1080175040;13:16:56.072577;13:16:56.837730;765153
25;50;PAGO;-1088567744;13:16:56.073658;13:16:56.838488;764830
25;50;PAGO;-1096960448;13:16:56.075772;13:16:56.839432;763660
25;50;PAGO;-1105353152;13:16:56.079213;13:16:56.840395;761182
25;50;PAGO;-1113745856;13:16:56.080368;13:16:56.841406;761038
25;50;PAGO;-1122138560;13:16:56.235100;13:16:56.841460;606360
25;50;PAGO;-1130531264;13:16:56.237796;13:16:56.841510;603714
25;50;PAGO;-1138923968;13:16:56.239503;13:16:56.842394;602891
25;50;PAGO;-1147316672;13:16:56.241510;13:16:56.843334;601824
25;50;PAGO;-1155709376;13:16:56.243475;13:16:56.844305;600830
25;50;PAGO;-1164102080;13:16:56.246464;13:16:56.845282;598818
25;50;PAGO;-1172494784;13:16:56.248802;13:16:56.846239;597437
25;50;PAGO;-1180887488;13:16:56.252468;13:16:56.846597;594129
25;50;PAGO;-1189280192;13:16:56.254686;13:16:56.846652;591966
25;50;PAGO;-1197672896;13:16:56.263381;13:16:56.846702;583321
25;50;PAGO;-1206065600;13:16:56.267372;13:16:56.846760;579388
25;50;PAGO;-1214458304;13:16:56.273705;13:16:56.847234;573529
