4;5;PAGO;-673192384;13:31:17.068553;13:31:17.071352;2799
4;5;PAGO;-681585088;13:31:17.069603;13:31:17.072534;2931
4;5;PAGO;-689977792;13:31:17.071693;13:31:17.075367;3674
4;5;PAGO;-698370496;13:31:17.071909;13:31:17.076178;4269
4;5;PAGO;-706763200;13:31:17.072098;13:31:17.077088;4990
4;5;PAGO;421520960;13:31:17.071543;13:31:17.078025;6482
4;5;PAGO;413128256;13:31:17.071833;13:31:17.078309;6476
4;5;PAGO;404735552;13:31:17.072032;13:31:17.078553;6521
4;5;PAGO;396342848;13:31:17.072630;13:31:17.079085;6455
4;5;PAGO;387950144;13:31:17.072812;13:31:17.080026;7214
4;5;PAGO;1499457088;13:31:17.071570;13:31:17.081998;10428
4;5;PAGO;1491064384;13:31:17.071827;13:31:17.082273;10446
4;5;PAGO;1482671680;13:31:17.072034;13:31:17.082964;10930
4;5;PAGO;1474278976;13:31:17.072723;13:31:17.083912;11189
4;5;PAGO;1465886272;13:31:17.072824;13:31:17.083980;11156
4;5;PAGO;62907968;13:31:17.071615;13:31:17.084057;12442
4;5;PAGO;54515264;13:31:17.071863;13:31:17.084292;12429
4;5;PAGO;46122560;13:31:17.072069;13:31:17.084461;12392
4;5;PAGO;37729856;13:31:17.072664;13:31:17.084885;12221
4;5;PAGO;29337152;13:31:17.072801;13:31:17.085891;13090


10;20;PAGO;446686784;13:31:44.050790;13:31:44.072639;21849
10;20;PAGO;438294080;13:31:44.053012;13:31:44.073801;20789
10;20;PAGO;429901376;13:31:44.053825;13:31:44.074682;20857
10;20;PAGO;421508672;13:31:44.055714;13:31:44.075569;19855
10;20;PAGO;413115968;13:31:44.058201;13:31:44.076546;18345
10;20;PAGO;404723264;13:31:44.059265;13:31:44.076603;17338
10;20;PAGO;396330560;13:31:44.061261;13:31:44.076659;15398
10;20;PAGO;387937856;13:31:44.061668;13:31:44.076796;15128
10;20;PAGO;379545152;13:31:44.062197;13:31:44.076934;14737
10;20;PAGO;371152448;13:31:44.062582;13:31:44.077584;15002
10;20;PAGO;362759744;13:31:44.064951;13:31:44.077931;12980
10;20;PAGO;354367040;13:31:44.065425;13:31:44.078541;13116
10;20;PAGO;345974336;13:31:44.065868;13:31:44.079553;13685
10;20;PAGO;337581632;13:31:44.066257;13:31:44.079608;13351
10;20;PAGO;329188928;13:31:44.066972;13:31:44.079668;12696
10;20;PAGO;320796224;13:31:44.070099;13:31:44.080476;10377
10;20;PAGO;312403520;13:31:44.070527;13:31:44.081452;10925
10;20;PAGO;304010816;13:31:44.071013;13:31:44.082443;11430
10;20;PAGO;295618112;13:31:44.071376;13:31:44.083402;12026
10;20;PAGO;287225408;13:31:44.071560;13:31:44.083454;11894
10;20;PAGO;1453319744;13:31:44.045759;13:31:44.083519;37760
10;20;PAGO;1444927040;13:31:44.049856;13:31:44.083896;34040
10;20;PAGO;1436534336;13:31:44.050876;13:31:44.084456;33580
10;20;PAGO;1428141632;13:31:44.053061;13:31:44.085366;32305
10;20;PAGO;1419748928;13:31:44.053872;13:31:44.086382;32510
10;20;PAGO;1411356224;13:31:44.055763;13:31:44.087160;31397
10;20;PAGO;1402963520;13:31:44.058247;13:31:44.087277;29030
10;20;PAGO;1394570816;13:31:44.059307;13:31:44.087335;28028
10;20;PAGO;1386178112;13:31:44.061299;13:31:44.087928;26629
10;20;PAGO;1377785408;13:31:44.061703;13:31:44.088256;26553
10;20;PAGO;1369392704;13:31:44.062234;13:31:44.089237;27003
10;20;PAGO;1361000000;13:31:44.062971;13:31:44.089293;26322
10;20;PAGO;1352607296;13:31:44.065001;13:31:44.089341;24340
10;20;PAGO;1344214592;13:31:44.065465;13:31:44.089397;23932
10;20;PAGO;1335821888;13:31:44.065906;13:31:44.090278;24372
10;20;PAGO;1327429184;13:31:44.066294;13:31:44.091263;24969
10;20;PAGO;1319036480;13:31:44.067013;13:31:44.092191;25178
10;20;PAGO;1310643776;13:31:44.070146;13:31:44.093159;23013
10;20;PAGO;1302251072;13:31:44.070568;13:31:44.094138;23570
10;20;PAGO;1293858368;13:31:44.071037;13:31:44.095152;24115
10;20;PAGO;-1975523776;13:31:44.046206;13:31:44.095413;49207
10;20;PAGO;-1983916480;13:31:44.050595;13:31:44.096264;45669
10;20;PAGO;-1992309184;13:31:44.052892;13:31:44.097071;44179
10;20;PAGO;-2000701888;13:31:44.053726;13:31:44.097121;43395
10;20;PAGO;-2009094592;13:31:44.055612;13:31:44.097170;41558
10;20;PAGO;-2017487296;13:31:44.057883;13:31:44.098033;40150
10;20;PAGO;-2025880000;13:31:44.059157;13:31:44.098089;38932
10;20;PAGO;-2034272704;13:31:44.061185;13:31:44.098139;36954
10;20;PAGO;-2042665408;13:31:44.061604;13:31:44.098187;36583
10;20;PAGO;-2051058112;13:31:44.062112;13:31:44.098235;36123
10;20;PAGO;-2059450816;13:31:44.062486;13:31:44.099051;36565
10;20;PAGO;-2067843520;13:31:44.063370;13:31:44.100016;36646
10;20;PAGO;-2076236224;13:31:44.065354;13:31:44.100985;35631
10;20;PAGO;-2084628928;13:31:44.065752;13:31:44.101037;35285
10;20;PAGO;-2093021632;13:31:44.066193;13:31:44.101087;34894
10;20;PAGO;-2101414336;13:31:44.066910;13:31:44.101144;34234
10;20;PAGO;-2109807040;13:31:44.070030;13:31:44.101923;31893
10;20;PAGO;-2118199744;13:31:44.070463;13:31:44.102970;32507
10;20;PAGO;-2126592448;13:31:44.070929;13:31:44.103902;32973
10;20;PAGO;-2134985152;13:31:44.071296;13:31:44.104852;33556
10;20;PAGO;-1574967744;13:31:44.045852;13:31:44.106870;61018
10;20;PAGO;-1583360448;13:31:44.049909;13:31:44.107110;57201
10;20;PAGO;-1591753152;13:31:44.050924;13:31:44.107809;56885
10;20;PAGO;-1600145856;13:31:44.053385;13:31:44.107860;54475
10;20;PAGO;-1608538560;13:31:44.053924;13:31:44.107915;53991
10;20;PAGO;-1616931264;13:31:44.055810;13:31:44.107965;52155
10;20;PAGO;-1625323968;13:31:44.058289;13:31:44.108013;49724
10;20;PAGO;-1633716672;13:31:44.059349;13:31:44.108809;49460
10;20;PAGO;-1642109376;13:31:44.061337;13:31:44.109765;48428
10;20;PAGO;-1650502080;13:31:44.061738;13:31:44.110770;49032
10;20;PAGO;-1658894784;13:31:44.062269;13:31:44.110825;48556
10;20;PAGO;-1667287488;13:31:44.063009;13:31:44.111688;48679
10;20;PAGO;-1675680192;13:31:44.065048;13:31:44.111803;46755
10;20;PAGO;-1684072896;13:31:44.065503;13:31:44.115670;50167
10;20;PAGO;-1692465600;13:31:44.065941;13:31:44.116653;50712
10;20;PAGO;-1700858304;13:31:44.066336;13:31:44.116710;50374
10;20;PAGO;-1709251008;13:31:44.067050;13:31:44.116759;49709
10;20;PAGO;-1717643712;13:31:44.070188;13:31:44.116810;46622
10;20;PAGO;-1726036416;13:31:44.070606;13:31:44.117035;46429
10;20;PAGO;-1734429120;13:31:44.071059;13:31:44.117580;46521
10;20;PAGO;285206080;13:31:44.050639;13:31:44.119513;68874
10;20;PAGO;276813376;13:31:44.051524;13:31:44.120665;69141
10;20;PAGO;268420672;13:31:44.053618;13:31:44.121469;67851
10;20;PAGO;260027968;13:31:44.055463;13:31:44.122488;67025
10;20;PAGO;251635264;13:31:44.057796;13:31:44.122543;64747
10;20;PAGO;243242560;13:31:44.058437;13:31:44.122591;64154
10;20;PAGO;234849856;13:31:44.059450;13:31:44.122638;63188
10;20;PAGO;226457152;13:31:44.061429;13:31:44.122691;61262
10;20;PAGO;218064448;13:31:44.061829;13:31:44.122739;60910
10;20;PAGO;209671744;13:31:44.062341;13:31:44.122796;60455
10;20;PAGO;201279040;13:31:44.063074;13:31:44.123424;60350
10;20;PAGO;192886336;13:31:44.065115;13:31:44.123774;58659
10;20;PAGO;184493632;13:31:44.065540;13:31:44.124395;58855
10;20;PAGO;176100928;13:31:44.065979;13:31:44.125377;59398
10;20;PAGO;167708224;13:31:44.066373;13:31:44.126414;60041
10;20;PAGO;159315520;13:31:44.067087;13:31:44.127313;60226
10;20;PAGO;150922816;13:31:44.070229;13:31:44.127420;57191
10;20;PAGO;142530112;13:31:44.070642;13:31:44.127935;57293
10;20;PAGO;134137408;13:31:44.071097;13:31:44.128355;57258
10;20;PAGO;125744704;13:31:44.071400;13:31:44.128905;57505
10;20;PAGO;1287644736;13:31:44.050681;13:31:44.129298;78617
10;20;PAGO;1279252032;13:31:44.052857;13:31:44.130423;77566
10;20;PAGO;1270859328;13:31:44.053664;13:31:44.131252;77588
10;20;PAGO;1262466624;13:31:44.055412;13:31:44.132200;76788
10;20;PAGO;1254073920;13:31:44.057250;13:31:44.133196;75946
10;20;PAGO;1245681216;13:31:44.058485;13:31:44.133250;74765
10;20;PAGO;1237288512;13:31:44.061046;13:31:44.133299;72253
10;20;PAGO;1228895808;13:31:44.061540;13:31:44.134149;72609
10;20;PAGO;1220503104;13:31:44.061980;13:31:44.134205;72225
10;20;PAGO;1212110400;13:31:44.062425;13:31:44.135204;72779
10;20;PAGO;1203717696;13:31:44.063182;13:31:44.136108;72926
10;20;PAGO;1195324992;13:31:44.065266;13:31:44.137094;71828
10;20;PAGO;1186932288;13:31:44.065685;13:31:44.137622;71937
10;20;PAGO;1178539584;13:31:44.066129;13:31:44.137927;71798
10;20;PAGO;1170146880;13:31:44.066520;13:31:44.140628;74108
10;20;PAGO;1161754176;13:31:44.069903;13:31:44.140688;70785
10;20;PAGO;1153361472;13:31:44.070352;13:31:44.141533;71181
10;20;PAGO;1144968768;13:31:44.070796;13:31:44.142520;71724
10;20;PAGO;1136576064;13:31:44.071319;13:31:44.142577;71258
10;20;PAGO;1128183360;13:31:44.071527;13:31:44.142626;71099
10;20;PAGO;1864361536;13:31:44.050671;13:31:44.143570;92899
10;20;PAGO;1855968832;13:31:44.052957;13:31:44.144648;91691
10;20;PAGO;1847576128;13:31:44.053776;13:31:44.145460;91684
10;20;PAGO;1839183424;13:31:44.055666;13:31:44.146510;90844
10;20;PAGO;1830790720;13:31:44.057918;13:31:44.146627;88709
10;20;PAGO;1822398016;13:31:44.059224;13:31:44.147144;87920
10;20;PAGO;1814005312;13:31:44.061218;13:31:44.147378;86160
10;20;PAGO;1805612608;13:31:44.061630;13:31:44.147919;86289
10;20;PAGO;1797219904;13:31:44.062137;13:31:44.148387;86250
10;20;PAGO;1788827200;13:31:44.062517;13:31:44.149394;86877
10;20;PAGO;1780434496;13:31:44.063401;13:31:44.149492;86091
10;20;PAGO;1772041792;13:31:44.065326;13:31:44.150381;85055
10;20;PAGO;1763649088;13:31:44.065736;13:31:44.150435;84699
10;20;PAGO;1755256384;13:31:44.066177;13:31:44.150483;84306
10;20;PAGO;1746863680;13:31:44.066879;13:31:44.150537;83658
10;20;PAGO;1738470976;13:31:44.069966;13:31:44.151301;81335
10;20;PAGO;1730078272;13:31:44.070430;13:31:44.152280;81850
10;20;PAGO;1721685568;13:31:44.070857;13:31:44.153239;82382
10;20;PAGO;1713292864;13:31:44.071268;13:31:44.154264;82996
10;20;PAGO;1704900160;13:31:44.071519;13:31:44.155218;83699
10;20;PAGO;113239616;13:31:44.050661;13:31:44.156197;105536
10;20;PAGO;104846912;13:31:44.051368;13:31:44.156549;105181
10;20;PAGO;96454208;13:31:44.053686;13:31:44.157175;103489
10;20;PAGO;88061504;13:31:44.055495;13:31:44.158002;102507
10;20;PAGO;79668800;13:31:44.057472;13:31:44.158075;100603
10;20;PAGO;71276096;13:31:44.058417;13:31:44.158124;99707
10;20;PAGO;62883392;13:31:44.059490;13:31:44.158179;98689
10;20;PAGO;54490688;13:31:44.061458;13:31:44.158229;96771
10;20;PAGO;46097984;13:31:44.061854;13:31:44.159177;97323
10;20;PAGO;37705280;13:31:44.062365;13:31:44.160134;97769
10;20;PAGO;29312576;13:31:44.063122;13:31:44.161086;97964
10;20;PAGO;20919872;13:31:44.065195;13:31:44.161141;95946
10;20;PAGO;12527168;13:31:44.065589;13:31:44.161189;95600
10;20;PAGO;4134464;13:31:44.066031;13:31:44.161243;95212
10;20;PAGO;-4258240;13:31:44.066408;13:31:44.161309;94901
10;20;PAGO;-12650944;13:31:44.069858;13:31:44.162048;92190
10;20;PAGO;-21043648;13:31:44.070310;13:31:44.163073;92763
10;20;PAGO;-29436352;13:31:44.070980;13:31:44.164003;93023
10;20;PAGO;-37829056;13:31:44.071352;13:31:44.164986;93634
10;20;PAGO;-46221760;13:31:44.071549;13:31:44.165040;93491
10;20;PAGO;-876616128;13:31:44.050604;13:31:44.165099;114495
10;20;PAGO;-885008832;13:31:44.051472;13:31:44.165301;113829
10;20;PAGO;-893401536;13:31:44.053688;13:31:44.165950;112262
10;20;PAGO;-901794240;13:31:44.055578;13:31:44.166974;111396
10;20;PAGO;-910186944;13:31:44.057860;13:31:44.167087;109227
10;20;PAGO;-918579648;13:31:44.058534;13:31:44.167921;109387
10;20;PAGO;-926972352;13:31:44.061070;13:31:44.168875;107805
10;20;PAGO;-935365056;13:31:44.061508;13:31:44.169858;108350
10;20;PAGO;-943757760;13:31:44.062161;13:31:44.170880;108719
10;20;PAGO;-952150464;13:31:44.062546;13:31:44.171804;109258
10;20;PAGO;-960543168;13:31:44.063431;13:31:44.171859;108428
10;20;PAGO;-968935872;13:31:44.065384;13:31:44.171908;106524
10;20;PAGO;-977328576;13:31:44.065825;13:31:44.171956;106131
10;20;PAGO;-985721280;13:31:44.066219;13:31:44.172778;106559
10;20;PAGO;-994113984;13:31:44.066932;13:31:44.173766;106834
10;20;PAGO;-1002506688;13:31:44.070054;13:31:44.173820;103766
10;20;PAGO;-1010899392;13:31:44.070488;13:31:44.173871;103383
10;20;PAGO;-1019292096;13:31:44.070948;13:31:44.173926;102978
10;20;PAGO;-1027684800;13:31:44.071286;13:31:44.174744;103458
10;20;PAGO;-1036077504;13:31:44.071515;13:31:44.175726;104211
10;20;PAGO;-211818944;13:31:44.050650;13:31:44.177190;126540
10;20;PAGO;-220211648;13:31:44.051421;13:31:44.177790;126369
10;20;PAGO;-228604352;13:31:44.053642;13:31:44.178802;125160
10;20;PAGO;-236997056;13:31:44.055556;13:31:44.178911;123355
10;20;PAGO;-245389760;13:31:44.057846;13:31:44.179598;121752
10;20;PAGO;-253782464;13:31:44.058516;13:31:44.180599;122083
10;20;PAGO;-262175168;13:31:44.061150;13:31:44.180659;119509
10;20;PAGO;-270567872;13:31:44.061574;13:31:44.180711;119137
10;20;PAGO;-278960576;13:31:44.062044;13:31:44.181583;119539
10;20;PAGO;-287353280;13:31:44.062451;13:31:44.182589;120138
10;20;PAGO;-295745984;13:31:44.063220;13:31:44.183524;120304
10;20;PAGO;-304138688;13:31:44.065292;13:31:44.183578;118286
10;20;PAGO;-312531392;13:31:44.065658;13:31:44.183633;117975
10;20;PAGO;-320924096;13:31:44.066113;13:31:44.183683;117570
10;20;PAGO;-329316800;13:31:44.066488;13:31:44.183731;117243
10;20;PAGO;-337709504;13:31:44.069994;13:31:44.183793;113799
10;20;PAGO;-346102208;13:31:44.070403;13:31:44.184495;114092
10;20;PAGO;-354494912;13:31:44.070894;13:31:44.185461;114567
10;20;PAGO;-362887616;13:31:44.071294;13:31:44.186495;115201
10;20;PAGO;-371280320;13:31:44.071520;13:31:44.187140;115620


25;50;PAGO;924837440;13:33:01.565864;13:33:02.008818;442954
25;50;PAGO;916444736;13:33:01.577798;13:33:02.010131;432333
25;50;PAGO;908052032;13:33:01.585422;13:33:02.010195;424773
25;50;PAGO;899659328;13:33:01.590340;13:33:02.010794;420454
25;50;PAGO;891266624;13:33:01.600187;13:33:02.011793;411606
25;50;PAGO;882873920;13:33:01.610421;13:33:02.012722;402301
25;50;PAGO;874481216;13:33:01.615482;13:33:02.013787;398305
25;50;PAGO;866088512;13:33:01.618257;13:33:02.013843;395586
25;50;PAGO;857695808;13:33:01.624142;13:33:02.013907;389765
25;50;PAGO;849303104;13:33:01.627330;13:33:02.014684;387354
25;50;PAGO;840910400;13:33:01.632777;13:33:02.015690;382913
25;50;PAGO;832517696;13:33:01.636976;13:33:02.016657;379681
25;50;PAGO;824124992;13:33:01.638080;13:33:02.017701;379621
25;50;PAGO;815732288;13:33:01.642938;13:33:02.018688;375750
25;50;PAGO;807339584;13:33:01.644142;13:33:02.019562;375420
25;50;PAGO;798946880;13:33:01.647395;13:33:02.020565;373170
25;50;PAGO;790554176;13:33:01.650339;13:33:02.021548;371209
25;50;PAGO;782161472;13:33:01.653442;13:33:02.022496;369054
25;50;PAGO;773768768;13:33:01.655650;13:33:02.023475;367825
25;50;PAGO;765376064;13:33:01.659157;13:33:02.024465;365308
25;50;PAGO;756983360;13:33:01.662860;13:33:02.024527;361667
25;50;PAGO;748590656;13:33:01.666972;13:33:02.024587;357615
25;50;PAGO;740197952;13:33:01.668368;13:33:02.024645;356277
25;50;PAGO;731805248;13:33:01.669728;13:33:02.025404;355676
25;50;PAGO;723412544;13:33:01.673070;13:33:02.026440;353370
25;50;PAGO;715019840;13:33:01.674600;13:33:02.027191;352591
25;50;PAGO;706627136;13:33:01.680038;13:33:02.027334;347296
25;50;PAGO;698234432;13:33:01.681265;13:33:02.027419;346154
25;50;PAGO;689841728;13:33:01.684774;13:33:02.028358;343584
25;50;PAGO;681449024;13:33:01.687917;13:33:02.029375;341458
25;50;PAGO;673056320;13:33:01.691219;13:33:02.030290;339071
25;50;PAGO;664663616;13:33:01.692452;13:33:02.031289;338837
25;50;PAGO;656270912;13:33:01.694448;13:33:02.032251;337803
25;50;PAGO;647878208;13:33:01.696660;13:33:02.032310;335650
25;50;PAGO;639485504;13:33:01.699795;13:33:02.032362;332567
25;50;PAGO;631092800;13:33:01.702147;13:33:02.032421;330274
25;50;PAGO;622700096;13:33:01.705317;13:33:02.033220;327903
25;50;PAGO;614307392;13:33:01.713181;13:33:02.034200;321019
25;50;PAGO;605914688;13:33:01.724353;13:33:02.035209;310856
25;50;PAGO;597521984;13:33:01.726678;13:33:02.036147;309469
25;50;PAGO;589129280;13:33:01.731583;13:33:02.037128;305545
25;50;PAGO;580736576;13:33:01.735156;13:33:02.037183;302027
25;50;PAGO;572343872;13:33:01.952658;13:33:02.037984;85326
25;50;PAGO;563951168;13:33:01.959493;13:33:02.038043;78550
25;50;PAGO;555558464;13:33:01.964703;13:33:02.038146;73443
25;50;PAGO;547165760;13:33:01.967907;13:33:02.038197;70290
25;50;PAGO;538773056;13:33:01.971869;13:33:02.039129;67260
25;50;PAGO;530380352;13:33:01.974745;13:33:02.040074;65329
25;50;PAGO;521987648;13:33:01.981653;13:33:02.041031;59378
25;50;PAGO;513594944;13:33:01.983031;13:33:02.042007;58976
25;50;PAGO;-102767040;13:33:01.565790;13:33:02.042994;477204
25;50;PAGO;-111159744;13:33:01.583378;13:33:02.044105;460727
25;50;PAGO;-119552448;13:33:01.585500;13:33:02.044167;458667
25;50;PAGO;-127945152;13:33:01.594888;13:33:02.044218;449330
25;50;PAGO;-136337856;13:33:01.600237;13:33:02.044269;444032
25;50;PAGO;-144730560;13:33:01.610884;13:33:02.044334;433450
25;50;PAGO;-153123264;13:33:01.615622;13:33:02.044908;429286
25;50;PAGO;-161515968;13:33:01.618312;13:33:02.045886;427574
25;50;PAGO;-169908672;13:33:01.624261;13:33:02.046899;422638
25;50;PAGO;-178301376;13:33:01.627374;13:33:02.047193;419819
25;50;PAGO;-186694080;13:33:01.632623;13:33:02.047833;415210
25;50;PAGO;-195086784;13:33:01.636897;13:33:02.047977;411080
25;50;PAGO;-203479488;13:33:01.638234;13:33:02.048817;410583
25;50;PAGO;-211872192;13:33:01.642907;13:33:02.049873;406966
25;50;PAGO;-220264896;13:33:01.644323;13:33:02.049941;405618
25;50;PAGO;-228657600;13:33:01.646648;13:33:02.049991;403343
25;50;PAGO;-237050304;13:33:01.650405;13:33:02.050039;399634
25;50;PAGO;-245443008;13:33:01.653509;13:33:02.050094;396585
25;50;PAGO;-253835712;13:33:01.655570;13:33:02.050868;395298
25;50;PAGO;-262228416;13:33:01.659201;13:33:02.051697;392496
25;50;PAGO;-270621120;13:33:01.661631;13:33:02.051759;390128
25;50;PAGO;-279013824;13:33:01.667086;13:33:02.052741;385655
25;50;PAGO;-287406528;13:33:01.668261;13:33:02.053719;385458
25;50;PAGO;-295799232;13:33:01.669785;13:33:02.054145;384360
25;50;PAGO;-304191936;13:33:01.673283;13:33:02.054195;380912
25;50;PAGO;-312584640;13:33:01.678830;13:33:02.054752;375922
25;50;PAGO;-320977344;13:33:01.680265;13:33:02.055678;375413
25;50;PAGO;-329370048;13:33:01.682834;13:33:02.055729;372895
25;50;PAGO;-337762752;13:33:01.685301;13:33:02.055777;370476
25;50;PAGO;-346155456;13:33:01.688564;13:33:02.055831;367267
25;50;PAGO;-354548160;13:33:01.691752;13:33:02.055890;364138
25;50;PAGO;-362940864;13:33:01.692955;13:33:02.056645;363690
25;50;PAGO;-371333568;13:33:01.696074;13:33:02.056994;360920
25;50;PAGO;-379726272;13:33:01.699203;13:33:02.057188;357985
25;50;PAGO;-388118976;13:33:01.700385;13:33:02.057630;357245
25;50;PAGO;-396511680;13:33:01.702728;13:33:02.057681;354953
25;50;PAGO;-404904384;13:33:01.711005;13:33:02.057982;346977
25;50;PAGO;-413297088;13:33:01.714755;13:33:02.058644;343889
25;50;PAGO;-421689792;13:33:01.725837;13:33:02.059577;333740
25;50;PAGO;-430082496;13:33:01.727573;13:33:02.059656;332083
25;50;PAGO;-438475200;13:33:01.731968;13:33:02.060595;328627
25;50;PAGO;-446867904;13:33:01.952092;13:33:02.061312;109220
25;50;PAGO;-455260608;13:33:01.959849;13:33:02.061508;101659
25;50;PAGO;-463653312;13:33:01.964282;13:33:02.061947;97665
25;50;PAGO;-472046016;13:33:01.967225;13:33:02.062548;95323
25;50;PAGO;-480438720;13:33:01.968386;13:33:02.063242;94856
25;50;PAGO;-488831424;13:33:01.973105;13:33:02.063453;90348
25;50;PAGO;-497224128;13:33:01.978792;13:33:02.064048;85256
25;50;PAGO;-505616832;13:33:01.982274;13:33:02.064460;82186
25;50;PAGO;-514009536;13:33:01.983111;13:33:02.064808;81697
25;50;PAGO;-1839208896;13:33:01.565776;13:33:02.065625;499849
25;50;PAGO;-1847601600;13:33:01.583375;13:33:02.066668;483293
25;50;PAGO;-1855994304;13:33:01.585475;13:33:02.067395;481920
25;50;PAGO;-1864387008;13:33:01.592105;13:33:02.067470;475365
25;50;PAGO;-1872779712;13:33:01.600091;13:33:02.068356;468265
25;50;PAGO;-1881172416;13:33:01.610368;13:33:02.068519;458151
25;50;PAGO;-1889565120;13:33:01.615523;13:33:02.069361;453838
25;50;PAGO;-1897957824;13:33:01.618215;13:33:02.069771;451556
25;50;PAGO;-1906350528;13:33:01.624076;13:33:02.070488;446412
25;50;PAGO;-1914743232;13:33:01.627288;13:33:02.071234;443946
25;50;PAGO;-1923135936;13:33:01.632666;13:33:02.071290;438624
25;50;PAGO;-1931528640;13:33:01.637062;13:33:02.071365;434303
25;50;PAGO;-1939921344;13:33:01.638198;13:33:02.072371;434173
25;50;PAGO;-1948314048;13:33:01.642831;13:33:02.072427;429596
25;50;PAGO;-1956706752;13:33:01.643973;13:33:02.073272;429299
25;50;PAGO;-1965099456;13:33:01.646723;13:33:02.074225;427502
25;50;PAGO;-1973492160;13:33:01.650013;13:33:02.075256;425243
25;50;PAGO;-1981884864;13:33:01.653567;13:33:02.075313;421746
25;50;PAGO;-1990277568;13:33:01.655761;13:33:02.075369;419608
25;50;PAGO;-1998670272;13:33:01.659278;13:33:02.075419;416141
25;50;PAGO;-2007062976;13:33:01.662812;13:33:02.076157;413345
25;50;PAGO;-2015455680;13:33:01.666928;13:33:02.077124;410196
25;50;PAGO;-2023848384;13:33:01.668450;13:33:02.077208;408758
25;50;PAGO;-2032241088;13:33:01.669421;13:33:02.077618;408197
25;50;PAGO;-2040633792;13:33:01.673383;13:33:02.078003;404620
25;50;PAGO;-2049026496;13:33:01.678671;13:33:02.078078;399407
25;50;PAGO;-2057419200;13:33:01.680228;13:33:02.079135;398907
25;50;PAGO;-2065811904;13:33:01.682547;13:33:02.080051;397504
25;50;PAGO;-2074204608;13:33:01.685063;13:33:02.081032;395969
25;50;PAGO;-2082597312;13:33:01.688300;13:33:02.082028;393728
25;50;PAGO;-2090990016;13:33:01.691481;13:33:02.082088;390607
25;50;PAGO;-2099382720;13:33:01.692800;13:33:02.082138;389338
25;50;PAGO;-2107775424;13:33:01.695085;13:33:02.082186;387101
25;50;PAGO;-2116168128;13:33:01.699036;13:33:02.082236;383200
25;50;PAGO;-2124560832;13:33:01.700212;13:33:02.083056;382844
25;50;PAGO;-2132953536;13:33:01.702660;13:33:02.083967;381307
25;50;PAGO;-2141346240;13:33:01.712250;13:33:02.084104;371854
25;50;PAGO;2145228352;13:33:01.714730;13:33:02.084423;369693
25;50;PAGO;2136835648;13:33:01.725735;13:33:02.085918;360183
25;50;PAGO;2128442944;13:33:01.727380;13:33:02.088072;360692
25;50;PAGO;2120050240;13:33:01.731842;13:33:02.088857;357015
25;50;PAGO;2111657536;13:33:01.735359;13:33:02.089824;354465
25;50;PAGO;2103264832;13:33:01.952768;13:33:02.090820;138052
25;50;PAGO;2094872128;13:33:01.959881;13:33:02.090875;130994
25;50;PAGO;2086479424;13:33:01.964045;13:33:02.090932;126887
25;50;PAGO;2078086720;13:33:01.967838;13:33:02.090981;123143
25;50;PAGO;2069694016;13:33:01.971978;13:33:02.091031;119053
25;50;PAGO;2061301312;13:33:01.974379;13:33:02.091366;116987
25;50;PAGO;2052908608;13:33:01.979589;13:33:02.091474;111885
25;50;PAGO;2044515904;13:33:01.982372;13:33:02.091778;109406
25;50;PAGO;234874432;13:33:01.565815;13:33:02.093778;527963
25;50;PAGO;226481728;13:33:01.583386;13:33:02.094913;511527
25;50;PAGO;218089024;13:33:01.585571;13:33:02.094977;509406
25;50;PAGO;209696320;13:33:01.594885;13:33:02.095028;500143
25;50;PAGO;201303616;13:33:01.600284;13:33:02.095683;495399
25;50;PAGO;192910912;13:33:01.614291;13:33:02.096664;482373
25;50;PAGO;184518208;13:33:01.615645;13:33:02.097196;481551
25;50;PAGO;176125504;13:33:01.618334;13:33:02.097638;479304
25;50;PAGO;167732800;13:33:01.624356;13:33:02.097768;473412
25;50;PAGO;159340096;13:33:01.631788;13:33:02.097995;466207
25;50;PAGO;150947392;13:33:01.632963;13:33:02.098496;465533
25;50;PAGO;142554688;13:33:01.637239;13:33:02.098595;461356
25;50;PAGO;134161984;13:33:01.638324;13:33:02.099601;461277
25;50;PAGO;125769280;13:33:01.643025;13:33:02.100575;457550
25;50;PAGO;117376576;13:33:01.644190;13:33:02.101552;457362
25;50;PAGO;108983872;13:33:01.647325;13:33:02.102564;455239
25;50;PAGO;100591168;13:33:01.650366;13:33:02.102616;452250
25;50;PAGO;92198464;13:33:01.653403;13:33:02.103505;450102
25;50;PAGO;83805760;13:33:01.655669;13:33:02.103555;447886
25;50;PAGO;75413056;13:33:01.659111;13:33:02.103608;444497
25;50;PAGO;67020352;13:33:01.661507;13:33:02.103656;442149
25;50;PAGO;58627648;13:33:01.666992;13:33:02.104459;437467
25;50;PAGO;50234944;13:33:01.668412;13:33:02.105479;437067
25;50;PAGO;41842240;13:33:01.670675;13:33:02.106443;435768
25;50;PAGO;33449536;13:33:01.673621;13:33:02.107189;433568
25;50;PAGO;25056832;13:33:01.678732;13:33:02.107409;428677
25;50;PAGO;16664128;13:33:01.680138;13:33:02.107976;427838
25;50;PAGO;8271424;13:33:01.682460;13:33:02.108027;425567
25;50;PAGO;-121280;13:33:01.685107;13:33:02.108076;422969
25;50;PAGO;-8513984;13:33:01.688391;13:33:02.108123;419732
25;50;PAGO;-16906688;13:33:01.691638;13:33:02.108194;416556
25;50;PAGO;-25299392;13:33:01.692818;13:33:02.108367;415549
25;50;PAGO;-33692096;13:33:01.695113;13:33:02.109355;414242
25;50;PAGO;-42084800;13:33:01.699017;13:33:02.110353;411336
25;50;PAGO;-50477504;13:33:01.700306;13:33:02.111296;410990
25;50;PAGO;-58870208;13:33:01.702584;13:33:02.112324;409740
25;50;PAGO;-67262912;13:33:01.712369;13:33:02.113258;400889
25;50;PAGO;-75655616;13:33:01.714891;13:33:02.113315;398424
25;50;PAGO;-84048320;13:33:01.725790;13:33:02.113365;387575
25;50;PAGO;-92441024;13:33:01.727536;13:33:02.113420;385884
25;50;PAGO;-100833728;13:33:01.731930;13:33:02.113470;381540
25;50;PAGO;-109226432;13:33:01.952150;13:33:02.113520;161370
25;50;PAGO;-117619136;13:33:01.952797;13:33:02.114245;161448
25;50;PAGO;-126011840;13:33:01.960178;13:33:02.115250;155072
25;50;PAGO;-134404544;13:33:01.964121;13:33:02.116191;152070
25;50;PAGO;-142797248;13:33:01.967670;13:33:02.117160;149490
25;50;PAGO;-151189952;13:33:01.971890;13:33:02.117976;146086
25;50;PAGO;-159582656;13:33:01.974712;13:33:02.118031;143319
25;50;PAGO;-167975360;13:33:01.982032;13:33:02.118086;136054
25;50;PAGO;-176368064;13:33:01.982649;13:33:02.118133;135484
25;50;PAGO;-935336384;13:33:01.565763;13:33:02.119131;553368
25;50;PAGO;-943729088;13:33:01.583384;13:33:02.119427;536043
25;50;PAGO;-952121792;13:33:01.585532;13:33:02.120067;534535
25;50;PAGO;-960514496;13:33:01.594883;13:33:02.121062;526179
25;50;PAGO;-968907200;13:33:01.600827;13:33:02.122034;521207
25;50;PAGO;-977299904;13:33:01.614345;13:33:02.122086;507741
25;50;PAGO;-985692608;13:33:01.615695;13:33:02.122139;506444
25;50;PAGO;-994085312;13:33:01.618382;13:33:02.122188;503806
25;50;PAGO;-1002478016;13:33:01.624317;13:33:02.122235;497918
25;50;PAGO;-1010870720;13:33:01.631735;13:33:02.123047;491312
25;50;PAGO;-1019263424;13:33:01.632924;13:33:02.123985;491061
25;50;PAGO;-1027656128;13:33:01.637197;13:33:02.124034;486837
25;50;PAGO;-1036048832;13:33:01.638260;13:33:02.124081;485821
25;50;PAGO;-1044441536;13:33:01.642961;13:33:02.124136;481175
25;50;PAGO;-1052834240;13:33:01.644294;13:33:02.124190;479896
25;50;PAGO;-1061226944;13:33:01.647372;13:33:02.124254;476882
25;50;PAGO;-1069619648;13:33:01.650236;13:33:02.124965;474729
25;50;PAGO;-1078012352;13:33:01.653528;13:33:02.125939;472411
25;50;PAGO;-1086405056;13:33:01.655716;13:33:02.127037;471321
25;50;PAGO;-1094797760;13:33:01.659260;13:33:02.127192;467932
25;50;PAGO;-1103190464;13:33:01.663094;13:33:02.127889;464795
25;50;PAGO;-1111583168;13:33:01.667132;13:33:02.127971;460839
25;50;PAGO;-1119975872;13:33:01.668391;13:33:02.128840;460449
25;50;PAGO;-1128368576;13:33:01.669539;13:33:02.129839;460300
25;50;PAGO;-1136761280;13:33:01.673219;13:33:02.130855;457636
25;50;PAGO;-1145153984;13:33:01.678638;13:33:02.131799;453161
25;50;PAGO;-1153546688;13:33:01.680287;13:33:02.132770;452483
25;50;PAGO;-1161939392;13:33:01.682655;13:33:02.132842;450187
25;50;PAGO;-1170332096;13:33:01.685361;13:33:02.133808;448447
25;50;PAGO;-1178724800;13:33:01.688441;13:33:02.134776;446335
25;50;PAGO;-1187117504;13:33:01.691619;13:33:02.135695;444076
25;50;PAGO;-1195510208;13:33:01.692685;13:33:02.136670;443985
25;50;PAGO;-1203902912;13:33:01.694656;13:33:02.137193;442537
25;50;PAGO;-1212295616;13:33:01.698657;13:33:02.137647;438990
25;50;PAGO;-1220688320;13:33:01.699947;13:33:02.137976;438029
25;50;PAGO;-1229081024;13:33:01.702187;13:33:02.138669;436482
25;50;PAGO;-1237473728;13:33:01.710733;13:33:02.139610;428877
25;50;PAGO;-1245866432;13:33:01.713222;13:33:02.140605;427383
25;50;PAGO;-1254259136;13:33:01.724397;13:33:02.141571;417174
25;50;PAGO;-1262651840;13:33:01.726718;13:33:02.142585;415867
25;50;PAGO;-1271044544;13:33:01.731627;13:33:02.143515;411888
25;50;PAGO;-1279437248;13:33:01.735196;13:33:02.144509;409313
25;50;PAGO;-1287829952;13:33:01.952687;13:33:02.144566;191879
25;50;PAGO;-1296222656;13:33:01.959545;13:33:02.144619;185074
25;50;PAGO;-1304615360;13:33:01.963966;13:33:02.144668;180702
25;50;PAGO;-1313008064;13:33:01.967749;13:33:02.144717;176968
25;50;PAGO;-1321400768;13:33:01.971778;13:33:02.144764;172986
25;50;PAGO;-1329793472;13:33:01.974768;13:33:02.145475;170707
25;50;PAGO;-1338186176;13:33:01.981478;13:33:02.146504;165026
25;50;PAGO;-1346578880;13:33:01.982983;13:33:02.147196;164213
25;50;PAGO;-291510720;13:33:01.565717;13:33:02.148055;582338
25;50;PAGO;-299903424;13:33:01.583381;13:33:02.148533;565152
25;50;PAGO;-308296128;13:33:01.585554;13:33:02.149349;563795
25;50;PAGO;-316688832;13:33:01.592816;13:33:02.150371;557555
25;50;PAGO;-325081536;13:33:01.600258;13:33:02.152303;552045
25;50;PAGO;-333474240;13:33:01.610863;13:33:02.153248;542385
25;50;PAGO;-341866944;13:33:01.615595;13:33:02.154215;538620
25;50;PAGO;-350259648;13:33:01.618282;13:33:02.155241;536959
25;50;PAGO;-358652352;13:33:01.624162;13:33:02.155297;531135
25;50;PAGO;-367045056;13:33:01.627356;13:33:02.155352;527996
25;50;PAGO;-375437760;13:33:01.632753;13:33:02.155402;522649
25;50;PAGO;-383830464;13:33:01.637026;13:33:02.155451;518425
25;50;PAGO;-392223168;13:33:01.638026;13:33:02.156200;518174
25;50;PAGO;-400615872;13:33:01.642716;13:33:02.156298;513582
25;50;PAGO;-409008576;13:33:01.643932;13:33:02.157179;513247
25;50;PAGO;-417401280;13:33:01.646523;13:33:02.157977;511454
25;50;PAGO;-425793984;13:33:01.650173;13:33:02.158120;507947
25;50;PAGO;-434186688;13:33:01.653549;13:33:02.158170;504621
25;50;PAGO;-442579392;13:33:01.655736;13:33:02.158226;502490
25;50;PAGO;-450972096;13:33:01.659297;13:33:02.159154;499857
25;50;PAGO;-459364800;13:33:01.663075;13:33:02.159328;496253
25;50;PAGO;-467757504;13:33:01.667153;13:33:02.160101;492948
25;50;PAGO;-476150208;13:33:01.668486;13:33:02.161116;492630
25;50;PAGO;-484542912;13:33:01.670775;13:33:02.162054;491279
25;50;PAGO;-492935616;13:33:01.673658;13:33:02.162108;488450
25;50;PAGO;-501328320;13:33:01.678898;13:33:02.162157;483259
25;50;PAGO;-509721024;13:33:01.680571;13:33:02.162212;481641
25;50;PAGO;-518113728;13:33:01.682863;13:33:02.162840;479977
25;50;PAGO;-526506432;13:33:01.685282;13:33:02.163024;477742
25;50;PAGO;-534899136;13:33:01.688461;13:33:02.164001;475540
25;50;PAGO;-543291840;13:33:01.691580;13:33:02.164979;473399
25;50;PAGO;-551684544;13:33:01.692745;13:33:02.165951;473206
25;50;PAGO;-560077248;13:33:01.695154;13:33:02.166001;470847
25;50;PAGO;-568469952;13:33:01.699059;13:33:02.166048;466989
25;50;PAGO;-576862656;13:33:01.700345;13:33:02.166101;465756
25;50;PAGO;-585255360;13:33:01.703457;13:33:02.166149;462692
25;50;PAGO;-593648064;13:33:01.712399;13:33:02.166215;453816
25;50;PAGO;-602040768;13:33:01.714938;13:33:02.167008;452070
25;50;PAGO;-610433472;13:33:01.725986;13:33:02.167191;441205
25;50;PAGO;-618826176;13:33:01.728172;13:33:02.167968;439796
25;50;PAGO;-627218880;13:33:01.733257;13:33:02.168942;435685
25;50;PAGO;-635611584;13:33:01.952147;13:33:02.169859;217712
25;50;PAGO;-644004288;13:33:01.959520;13:33:02.170894;211374
25;50;PAGO;-652396992;13:33:01.964638;13:33:02.171816;207178
25;50;PAGO;-660789696;13:33:01.967948;13:33:02.172777;204829
25;50;PAGO;-669182400;13:33:01.972808;13:33:02.173129;200321
25;50;PAGO;-677575104;13:33:01.975647;13:33:02.173188;197541
25;50;PAGO;-685967808;13:33:01.981867;13:33:02.173239;191372
25;50;PAGO;-694360512;13:33:01.982902;13:33:02.173305;190403
25;50;PAGO;-702753216;13:33:01.983985;13:33:02.173798;189813
25;50;PAGO;1356850752;13:33:01.576650;13:33:02.557365;980715
25;50;PAGO;1348458048;13:33:01.585126;13:33:02.557766;972640
25;50;PAGO;1340065344;13:33:01.586528;13:33:02.558431;971903
25;50;PAGO;1331672640;13:33:01.597836;13:33:02.559297;961461
25;50;PAGO;1323279936;13:33:01.602045;13:33:02.560264;958219
25;50;PAGO;1314887232;13:33:01.614869;13:33:02.561241;946372
25;50;PAGO;1306494528;13:33:01.617097;13:33:02.562217;945120
25;50;PAGO;1298101824;13:33:01.622402;13:33:02.563257;940855
25;50;PAGO;1289709120;13:33:01.624858;13:33:02.563708;938850
25;50;PAGO;1281316416;13:33:01.632404;13:33:02.564143;931739
25;50;PAGO;1272923712;13:33:01.636669;13:33:02.564256;927587
25;50;PAGO;1264531008;13:33:01.637746;13:33:02.565164;927418
25;50;PAGO;1256138304;13:33:01.640344;13:33:02.566108;925764
25;50;PAGO;1247745600;13:33:01.643698;13:33:02.566163;922465
25;50;PAGO;1239352896;13:33:01.645923;13:33:02.566215;920292
25;50;PAGO;1230960192;13:33:01.649619;13:33:02.567137;917518
25;50;PAGO;1222567488;13:33:01.651301;13:33:02.567697;916396
25;50;PAGO;1214174784;13:33:01.655135;13:33:02.567995;912860
25;50;PAGO;1205782080;13:33:01.658489;13:33:02.568655;910166
25;50;PAGO;1197389376;13:33:01.661256;13:33:02.569026;907770
25;50;PAGO;1188996672;13:33:01.663903;13:33:02.569999;906096
25;50;PAGO;1180603968;13:33:01.667949;13:33:02.571065;903116
25;50;PAGO;1172211264;13:33:01.669235;13:33:02.571976;902741
25;50;PAGO;1163818560;13:33:01.671374;13:33:02.572942;901568
25;50;PAGO;1155425856;13:33:01.674293;13:33:02.573287;898994
25;50;PAGO;1147033152;13:33:01.679868;13:33:02.573928;894060
25;50;PAGO;1138640448;13:33:01.681133;13:33:02.574959;893826
25;50;PAGO;1130247744;13:33:01.684290;13:33:02.575902;891612
25;50;PAGO;1121855040;13:33:01.687845;13:33:02.576858;889013
25;50;PAGO;1113462336;13:33:01.689202;13:33:02.577203;888001
25;50;PAGO;1105069632;13:33:01.692244;13:33:02.577834;885590
25;50;PAGO;1096676928;13:33:01.694277;13:33:02.578041;883764
25;50;PAGO;1088284224;13:33:01.696470;13:33:02.578098;881628
25;50;PAGO;1079891520;13:33:01.699646;13:33:02.578150;878504
25;50;PAGO;1071498816;13:33:01.701965;13:33:02.578200;876235
25;50;PAGO;1063106112;13:33:01.705026;13:33:02.578854;873828
25;50;PAGO;1054713408;13:33:01.712997;13:33:02.579792;866795
25;50;PAGO;1046320704;13:33:01.724051;13:33:02.580761;856710
25;50;PAGO;1037928000;13:33:01.726483;13:33:02.580816;854333
25;50;PAGO;1029535296;13:33:01.731401;13:33:02.580868;849467
25;50;PAGO;1021142592;13:33:01.733668;13:33:02.580933;847265
25;50;PAGO;1012749888;13:33:01.952422;13:33:02.581733;629311
25;50;PAGO;1004357184;13:33:01.959884;13:33:02.582777;622893
25;50;PAGO;995964480;13:33:01.964618;13:33:02.583704;619086
25;50;PAGO;987571776;13:33:01.968028;13:33:02.584666;616638
25;50;PAGO;979179072;13:33:01.971830;13:33:02.585662;613832
25;50;PAGO;970786368;13:33:01.974183;13:33:02.586632;612449
25;50;PAGO;962393664;13:33:01.981825;13:33:02.587199;605374
25;50;PAGO;954000960;13:33:01.982959;13:33:02.587569;604610
25;50;PAGO;945608256;13:33:01.983970;13:33:02.587986;604016
25;0;PAGO;589293120;13:33:01.565827;13:33:01.964883;399056
25;0;PAGO;580900416;13:33:01.578068;13:33:01.965582;387514
25;0;PAGO;547329600;13:33:01.602835;13:33:01.968122;365287
25;0;PAGO;538936896;13:33:01.615456;13:33:01.971563;356107
25;0;PAGO;530544192;13:33:01.618143;13:33:01.972865;354722
25;0;PAGO;522151488;13:33:01.624023;13:33:01.974294;350271
25;0;PAGO;513758784;13:33:01.627267;13:33:01.975722;348455
25;0;PAGO;505366080;13:33:01.632833;13:33:01.978593;345760
25;50;PAGO;496973376;13:33:01.637124;13:33:01.981783;344659
25;50;PAGO;488580672;13:33:01.638156;13:33:01.982151;343995
25;50;PAGO;480187968;13:33:01.642658;13:33:01.982227;339569
25;50;PAGO;471795264;13:33:01.643909;13:33:01.982590;338681
25;50;PAGO;463402560;13:33:01.646691;13:33:01.983862;337171
25;50;PAGO;455009856;13:33:01.650264;13:33:01.986416;336152
25;50;PAGO;446617152;13:33:01.653423;13:33:01.987459;334036
25;50;PAGO;438224448;13:33:01.655436;13:33:01.987992;332556
25;50;PAGO;429831744;13:33:01.659177;13:33:01.988342;329165
25;50;PAGO;421439040;13:33:01.661606;13:33:01.989339;327733
25;50;PAGO;413046336;13:33:01.667035;13:33:01.990290;323255
25;50;PAGO;404653632;13:33:01.668288;13:33:01.991279;322991
25;50;PAGO;396260928;13:33:01.669749;13:33:01.991332;321583
25;50;PAGO;387868224;13:33:01.673362;13:33:01.991382;318020
25;50;PAGO;379475520;13:33:01.678795;13:33:01.992226;313431
25;50;PAGO;371082816;13:33:01.680245;13:33:01.993214;312969
25;50;PAGO;362690112;13:33:01.682748;13:33:01.994184;311436
25;50;PAGO;354297408;13:33:01.685379;13:33:01.994238;308859
25;50;PAGO;345904704;13:33:01.688371;13:33:01.995193;306822
25;50;PAGO;337512000;13:33:01.691551;13:33:01.996122;304571
25;50;PAGO;329119296;13:33:01.692728;13:33:01.996179;303451
25;50;PAGO;320726592;13:33:01.695132;13:33:01.996230;301098
25;50;PAGO;312333888;13:33:01.698990;13:33:01.996278;297288
25;50;PAGO;303941184;13:33:01.700327;13:33:01.996326;295999
25;50;PAGO;295548480;13:33:01.702438;13:33:01.996380;293942
25;50;PAGO;287155776;13:33:01.710826;13:33:01.997105;286279
25;50;PAGO;278763072;13:33:01.713291;13:33:01.997184;283893
25;50;PAGO;270370368;13:33:01.724467;13:33:01.997975;273508
25;50;PAGO;261977664;13:33:01.726782;13:33:01.998054;271272
25;50;PAGO;253584960;13:33:01.731693;13:33:01.999126;267433
25;50;PAGO;245192256;13:33:01.735252;13:33:02.000035;264783
25;50;PAGO;236799552;13:33:01.952714;13:33:02.000995;48281
25;50;PAGO;228406848;13:33:01.959887;13:33:02.001070;41183
25;50;PAGO;572507712;13:33:01.585388;13:33:02.001142;415754
25;50;PAGO;564115008;13:33:01.594826;13:33:02.002000;407174
25;50;PAGO;555722304;13:33:01.600121;13:33:02.002053;401932
25;50;PAGO;220014144;13:33:01.961617;13:33:02.002839;41222
25;50;PAGO;211621440;13:33:01.964950;13:33:02.949843;984893
25;50;PAGO;203228736;13:33:01.968177;13:33:02.972135;1003958
25;50;PAGO;194836032;13:33:01.972006;13:33:02.992773;1020767
25;50;PAGO;186443328;13:33:01.975773;13:33:03.014309;1038536
25;50;PAGO;178050624;13:33:01.981919;13:33:03.039673;1057754
25;50;PAGO;-1214257600;13:33:01.565802;13:33:02.175743;609941
25;50;PAGO;-1222650304;13:33:01.583372;13:33:02.176876;593504
25;50;PAGO;-1231043008;13:33:01.585452;13:33:02.177193;591741
25;50;PAGO;-1239435712;13:33:01.590363;13:33:02.177244;586881
25;50;PAGO;-1247828416;13:33:01.600157;13:33:02.177691;577534
25;50;PAGO;-1256221120;13:33:01.610592;13:33:02.178737;568145
25;50;PAGO;-1264613824;13:33:01.615544;13:33:02.179611;564067
25;50;PAGO;-1273006528;13:33:01.618189;13:33:02.180590;562401
25;50;PAGO;-1281399232;13:33:01.624097;13:33:02.181560;557463
25;50;PAGO;-1289791936;13:33:01.627234;13:33:02.181931;554697
25;50;PAGO;-1298184640;13:33:01.632712;13:33:02.182249;549537
25;50;PAGO;-1306577344;13:33:01.637044;13:33:02.182590;545546
25;50;PAGO;-1314970048;13:33:01.638117;13:33:02.183528;545411
25;50;PAGO;-1323362752;13:33:01.642792;13:33:02.183784;540992
25;50;PAGO;-1331755456;13:33:01.643992;13:33:02.184964;540972
25;50;PAGO;-1340148160;13:33:01.646564;13:33:02.185067;538503
25;50;PAGO;-1348540864;13:33:01.650284;13:33:02.185495;535211
25;50;PAGO;-1356933568;13:33:01.653385;13:33:02.186493;533108
25;50;PAGO;-1365326272;13:33:01.655691;13:33:02.187222;531531
25;50;PAGO;-1373718976;13:33:01.658977;13:33:02.187388;528411
25;50;PAGO;-1382111680;13:33:01.661553;13:33:02.187989;526436
25;50;PAGO;-1390504384;13:33:01.667061;13:33:02.188394;521333
25;50;PAGO;-1398897088;13:33:01.668210;13:33:02.188805;520595
25;50;PAGO;-1407289792;13:33:01.669767;13:33:02.188880;519113
25;50;PAGO;-1415682496;13:33:01.673303;13:33:02.189383;516080
25;50;PAGO;-1424075200;13:33:01.678871;13:33:02.190395;511524
25;50;PAGO;-1432467904;13:33:01.680616;13:33:02.191325;510709
25;50;PAGO;-1440860608;13:33:01.682909;13:33:02.191449;508540
25;50;PAGO;-1449253312;13:33:01.687266;13:33:02.192310;505044
25;50;PAGO;-1457646016;13:33:01.688515;13:33:02.193284;504769
25;50;PAGO;-1466038720;13:33:01.691703;13:33:02.194248;502545
25;50;PAGO;-1474431424;13:33:01.692910;13:33:02.195264;502354
25;50;PAGO;-1482824128;13:33:01.695258;13:33:02.196266;501008
25;50;PAGO;-1491216832;13:33:01.699167;13:33:02.197184;498017
25;50;PAGO;-1499609536;13:33:01.700266;13:33:02.197235;496969
25;50;PAGO;-1508002240;13:33:01.702681;13:33:02.197991;495310
25;50;PAGO;-1516394944;13:33:01.711121;13:33:02.198045;486924
25;50;PAGO;-1524787648;13:33:01.714825;13:33:02.198110;483285
25;50;PAGO;-1533180352;13:33:01.725893;13:33:02.198160;472267
25;50;PAGO;-1541573056;13:33:01.727516;13:33:02.198212;470696
25;50;PAGO;-1549965760;13:33:01.732146;13:33:02.199184;467038
25;50;PAGO;-1558358464;13:33:01.952034;13:33:02.200081;248047
25;50;PAGO;-1566751168;13:33:01.952881;13:33:02.201090;248209
25;50;PAGO;-1575143872;13:33:01.960430;13:33:02.202063;241633
25;50;PAGO;-1583536576;13:33:01.963790;13:33:02.202113;238323
25;50;PAGO;-1591929280;13:33:01.968252;13:33:02.202160;233908
25;50;PAGO;-1600321984;13:33:01.972941;13:33:02.202207;229266
25;50;PAGO;-1608714688;13:33:01.975827;13:33:02.203089;227262
25;50;PAGO;-1617107392;13:33:01.981979;13:33:02.204011;222032
25;50;PAGO;-1625500096;13:33:01.982881;13:33:02.204987;222106
25;0;PAGO;-1272977856;13:33:01.562855;13:33:01.680520;117665
25;0;PAGO;-1281370560;13:33:01.572672;13:33:01.681683;109011
25;0;PAGO;-1314941376;13:33:01.600972;13:33:01.682708;81736
25;0;PAGO;-1323334080;13:33:01.614511;13:33:01.683303;68792
25;0;PAGO;-1331726784;13:33:01.615843;13:33:01.684339;68496
25;0;PAGO;-1340119488;13:33:01.621418;13:33:01.687218;65800
25;0;PAGO;-1348512192;13:33:01.624505;13:33:01.688241;63736
25;0;PAGO;-1356904896;13:33:01.631902;13:33:01.689163;57261
25;0;PAGO;-1365297600;13:33:01.633068;13:33:01.691131;58063
25;0;PAGO;-1373690304;13:33:01.637343;13:33:01.692168;54825
25;0;PAGO;-1382083008;13:33:01.639451;13:33:01.693064;53613
25;0;PAGO;-1390475712;13:33:01.643131;13:33:01.694182;51051
25;0;PAGO;-1398868416;13:33:01.644385;13:33:01.695029;50644
25;0;PAGO;-1407261120;13:33:01.647458;13:33:01.696019;48561
25;0;PAGO;-1415653824;13:33:01.650431;13:33:01.698800;48369
25;0;PAGO;-1424046528;13:33:01.653321;13:33:01.698933;45612
25;0;PAGO;-1432439232;13:33:01.655631;13:33:01.699900;44269
25;0;PAGO;-1440831936;13:33:01.659090;13:33:01.701818;42728
25;0;PAGO;-1449224640;13:33:01.662835;13:33:01.702511;39676
25;0;PAGO;-1457617344;13:33:01.666951;13:33:01.702857;35906
25;0;PAGO;-1466010048;13:33:01.668308;13:33:01.703437;35129
25;0;PAGO;-1474402752;13:33:01.669687;13:33:01.704900;35213
25;0;PAGO;-1289763264;13:33:01.583572;13:33:01.705161;121589
25;0;PAGO;-1298155968;13:33:01.586281;13:33:01.710688;124407
25;0;PAGO;-1306548672;13:33:01.595066;13:33:01.712317;117251
25;0;PAGO;-1482795456;13:33:01.673188;13:33:01.712590;39402
25;0;PAGO;-1491188160;13:33:01.678610;13:33:01.714558;35948
25;0;PAGO;-1499580864;13:33:01.680184;13:33:01.714638;34454
25;0;PAGO;-1507973568;13:33:01.682519;13:33:01.716612;34093
25;50;PAGO;-1516366272;13:33:01.684978;13:33:02.943038;1258060
25;50;PAGO;-1719720384;13:33:01.964810;13:33:02.943840;979030
25;50;PAGO;-1728113088;13:33:01.967926;13:33:02.944818;976892
25;50;PAGO;-1736505792;13:33:01.971911;13:33:02.945780;973869
25;50;PAGO;-1744898496;13:33:01.974791;13:33:02.946817;972026
25;50;PAGO;-1753291200;13:33:01.981525;13:33:02.947192;965667
25;50;PAGO;-1524758976;13:33:01.688279;13:33:02.967191;1278912
25;50;PAGO;-1533151680;13:33:01.691440;13:33:02.987215;1295775
25;50;PAGO;-1610615232;13:33:01.692782;13:33:03.010224;1317442
25;50;PAGO;-1619007936;13:33:01.694709;13:33:03.033592;1338883
25;50;PAGO;-1627400640;13:33:01.699133;13:33:03.057046;1357913
25;50;PAGO;-1635793344;13:33:01.700236;13:33:03.079505;1379269
25;50;PAGO;-1644186048;13:33:01.702638;13:33:03.092895;1390257
25;50;PAGO;-1652578752;13:33:01.711082;13:33:03.125511;1414429
25;50;PAGO;-1660971456;13:33:01.714864;13:33:03.146991;1432127
25;50;PAGO;-1669364160;13:33:01.725874;13:33:03.171357;1445483
25;50;PAGO;-1677756864;13:33:01.727469;13:33:03.207024;1479555
25;50;PAGO;-1686149568;13:33:01.732048;13:33:03.228166;1496118
25;50;PAGO;-1694542272;13:33:01.952096;13:33:03.246881;1294785
25;50;PAGO;-1702934976;13:33:01.952852;13:33:03.279278;1326426
25;50;PAGO;-1711327680;13:33:01.960567;13:33:03.299748;1339181
25;0;PAGO;-1375738304;13:33:01.562931;13:33:01.654901;91970
25;0;PAGO;-1384131008;13:33:01.577367;13:33:01.656489;79122
25;0;PAGO;-1417701824;13:33:01.602097;13:33:01.657965;55868
25;0;PAGO;-1426094528;13:33:01.614889;13:33:01.658915;44026
25;0;PAGO;-1434487232;13:33:01.617190;13:33:01.660494;43304
25;0;PAGO;-1442879936;13:33:01.622511;13:33:01.660939;38428
25;0;PAGO;-1451272640;13:33:01.627018;13:33:01.662935;35917
25;0;PAGO;-1459665344;13:33:01.632430;13:33:01.663013;30583
25;0;PAGO;-1468058048;13:33:01.636766;13:33:01.663860;27094
25;0;PAGO;-1476450752;13:33:01.637781;13:33:01.666881;29100
25;0;PAGO;-1484843456;13:33:01.640269;13:33:01.667808;27539
25;0;PAGO;-1493236160;13:33:01.643716;13:33:01.668690;24974
25;0;PAGO;-1501628864;13:33:01.645944;13:33:01.669642;23698
25;0;PAGO;-1392523712;13:33:01.584387;13:33:01.670732;86345
25;0;PAGO;-1400916416;13:33:01.586582;13:33:01.672988;86406
25;0;PAGO;-1409309120;13:33:01.597128;13:33:01.673500;76372
25;0;PAGO;-1510021568;13:33:01.649750;13:33:01.673604;23854
25;0;PAGO;-1518414272;13:33:01.652956;13:33:01.678494;25538
25;50;PAGO;-1526806976;13:33:01.655180;13:33:02.935030;1279850
25;50;PAGO;-1770043840;13:33:01.723806;13:33:02.936033;1212227
25;50;PAGO;-1778436544;13:33:01.726273;13:33:02.936995;1210722
25;50;PAGO;-1786829248;13:33:01.728448;13:33:02.937195;1208747
25;50;PAGO;-1795221952;13:33:01.733526;13:33:02.937987;1204461
25;50;PAGO;-1803614656;13:33:01.952392;13:33:02.938961;986569
25;50;PAGO;-1812007360;13:33:01.953565;13:33:02.939906;986341
25;50;PAGO;-1820400064;13:33:01.960643;13:33:02.939957;979314
25;50;PAGO;-1828792768;13:33:01.964834;13:33:02.940004;975170
25;50;PAGO;-1837185472;13:33:01.967650;13:33:02.940050;972400
25;50;PAGO;-1845578176;13:33:01.972750;13:33:02.940900;968150
25;50;PAGO;-1853970880;13:33:01.974532;13:33:02.940948;966416
25;50;PAGO;-1862363584;13:33:01.981518;13:33:02.940997;959479
25;50;PAGO;-1535199680;13:33:01.658359;13:33:02.962359;1304000
25;50;PAGO;-1543592384;13:33:01.661050;13:33:02.982931;1321881
25;50;PAGO;-1551985088;13:33:01.663609;13:33:03.007193;1343584
25;50;PAGO;-1560377792;13:33:01.667661;13:33:03.027173;1359512
25;50;PAGO;-1568770496;13:33:01.669179;13:33:03.053144;1383965
25;50;PAGO;-1577163200;13:33:01.671119;13:33:03.072620;1401501
25;50;PAGO;-1585555904;13:33:01.674025;13:33:03.091236;1417211
25;50;PAGO;-1593948608;13:33:01.679252;13:33:03.103054;1423802
25;50;PAGO;-1677724096;13:33:01.680893;13:33:03.123376;1442483
25;50;PAGO;-1686116800;13:33:01.683940;13:33:03.145891;1461951
25;50;PAGO;-1694509504;13:33:01.687580;13:33:03.168047;1480467
25;50;PAGO;-1702902208;13:33:01.688824;13:33:03.187334;1498510
25;50;PAGO;-1711294912;13:33:01.691975;13:33:03.205855;1513880
25;50;PAGO;-1719687616;13:33:01.693238;13:33:03.227391;1534153
25;50;PAGO;-1728080320;13:33:01.696259;13:33:03.241025;1544766
25;50;PAGO;-1736473024;13:33:01.699391;13:33:03.261502;1562111
25;50;PAGO;-1744865728;13:33:01.700596;13:33:03.278150;1577554
25;50;PAGO;-1753258432;13:33:01.703667;13:33:03.297965;1594298
25;50;PAGO;-1761651136;13:33:01.712734;13:33:03.315212;1602478
25;50;PAGO;608167488;13:33:01.567901;13:33:02.206922;639021
25;50;PAGO;599774784;13:33:01.583532;13:33:02.207362;623830
25;50;PAGO;591382080;13:33:01.586193;13:33:02.207925;621732
25;50;PAGO;582989376;13:33:01.594979;13:33:02.207976;612997
25;50;PAGO;574596672;13:33:01.600891;13:33:02.208927;608036
25;50;PAGO;566203968;13:33:01.614427;13:33:02.209004;594577
25;50;PAGO;557811264;13:33:01.615764;13:33:02.209633;593869
25;50;PAGO;549418560;13:33:01.621322;13:33:02.209731;588409
25;50;PAGO;541025856;13:33:01.624418;13:33:02.209858;585440
25;50;PAGO;532633152;13:33:01.631808;13:33:02.210893;579085
25;50;PAGO;524240448;13:33:01.632985;13:33:02.211830;578845
25;50;PAGO;515847744;13:33:01.637261;13:33:02.212816;575555
25;50;PAGO;507455040;13:33:01.639371;13:33:02.213783;574412
25;50;PAGO;499062336;13:33:01.643054;13:33:02.214771;571717
25;50;PAGO;490669632;13:33:01.644274;13:33:02.215753;571479
25;50;PAGO;482276928;13:33:01.647346;13:33:02.215862;568516
25;50;PAGO;473884224;13:33:01.650386;13:33:02.216711;566325
25;50;PAGO;465491520;13:33:01.653461;13:33:02.217694;564233
25;50;PAGO;457098816;13:33:01.655611;13:33:02.218756;563145
25;50;PAGO;448706112;13:33:01.659224;13:33:02.218819;559595
25;50;PAGO;440313408;13:33:01.661694;13:33:02.218875;557181
25;50;PAGO;431920704;13:33:01.667113;13:33:02.218944;551831
25;50;PAGO;423528000;13:33:01.668431;13:33:02.219618;551187
25;50;PAGO;415135296;13:33:01.669706;13:33:02.220613;550907
25;50;PAGO;406742592;13:33:01.673342;13:33:02.221599;548257
25;50;PAGO;398349888;13:33:01.678755;13:33:02.222614;543859
25;50;PAGO;389957184;13:33:01.680486;13:33:02.222727;542241
25;50;PAGO;381564480;13:33:01.682816;13:33:02.223590;540774
25;50;PAGO;373171776;13:33:01.685340;13:33:02.224562;539222
25;50;PAGO;364779072;13:33:01.688417;13:33:02.224676;536259
25;50;PAGO;356386368;13:33:01.691657;13:33:02.225637;533980
25;50;PAGO;347993664;13:33:01.692863;13:33:02.226532;533669
25;50;PAGO;339600960;13:33:01.695210;13:33:02.227214;532004
25;50;PAGO;331208256;13:33:01.698711;13:33:02.227411;528700
25;50;PAGO;322815552;13:33:01.700434;13:33:02.227507;527073
25;50;PAGO;314422848;13:33:01.702910;13:33:02.227996;525086
25;50;PAGO;306030144;13:33:01.711141;13:33:02.228049;516908
25;50;PAGO;297637440;13:33:01.714784;13:33:02.228313;513529
25;50;PAGO;289244736;13:33:01.725915;13:33:02.470284;744369
25;50;PAGO;280852032;13:33:01.727555;13:33:02.470469;742914
25;50;PAGO;272459328;13:33:01.731999;13:33:02.470764;738765
25;50;PAGO;264066624;13:33:01.952094;13:33:02.471446;519352
25;50;PAGO;255673920;13:33:01.952826;13:33:02.472424;519598
25;50;PAGO;247281216;13:33:01.960213;13:33:02.473410;513197
25;50;PAGO;238888512;13:33:01.963928;13:33:02.473465;509537
25;50;PAGO;230495808;13:33:01.967710;13:33:02.473514;505804
25;50;PAGO;222103104;13:33:01.972910;13:33:02.473571;500661
25;50;PAGO;213710400;13:33:01.975799;13:33:02.474470;498671
25;50;PAGO;205317696;13:33:01.981902;13:33:02.475373;493471
25;50;PAGO;196924992;13:33:01.982876;13:33:02.476347;493471
25;50;PAGO;2122311232;13:33:01.569719;13:33:02.477919;908200
25;50;PAGO;2113918528;13:33:01.583447;13:33:02.478465;895018
25;50;PAGO;2105525824;13:33:01.585639;13:33:02.479299;893660
25;50;PAGO;2097133120;13:33:01.594946;13:33:02.479396;884450
25;50;PAGO;2088740416;13:33:01.600861;13:33:02.480236;879375
25;50;PAGO;2080347712;13:33:01.614389;13:33:02.481294;866905
25;50;PAGO;2071955008;13:33:01.615731;13:33:02.482187;866456
25;50;PAGO;2063562304;13:33:01.620995;13:33:02.482241;861246
25;50;PAGO;2055169600;13:33:01.624383;13:33:02.483223;858840
25;50;PAGO;2046776896;13:33:01.631712;13:33:02.483282;851570
25;50;PAGO;2038384192;13:33:01.632889;13:33:02.483332;850443
25;50;PAGO;2029991488;13:33:01.637162;13:33:02.483388;846226
25;50;PAGO;2021598784;13:33:01.638294;13:33:02.484133;845839
25;50;PAGO;2013206080;13:33:01.642991;13:33:02.485113;842122
25;50;PAGO;2004813376;13:33:01.644387;13:33:02.486094;841707
25;50;PAGO;1996420672;13:33:01.647296;13:33:02.486147;838851
25;50;PAGO;1988027968;13:33:01.650470;13:33:02.486195;835725
25;50;PAGO;1979635264;13:33:01.653594;13:33:02.487101;833507
25;50;PAGO;1971242560;13:33:01.655790;13:33:02.487997;832207
25;50;PAGO;1962849856;13:33:01.659327;13:33:02.488051;828724
25;50;PAGO;1954457152;13:33:01.663130;13:33:02.489033;825903
25;50;PAGO;1946064448;13:33:01.667181;13:33:02.489134;821953
25;50;PAGO;1937671744;13:33:01.668513;13:33:02.489196;820683
25;50;PAGO;1929279040;13:33:01.670797;13:33:02.489995;819198
25;50;PAGO;1920886336;13:33:01.673683;13:33:02.491016;817333
25;50;PAGO;1912493632;13:33:01.678921;13:33:02.491948;813027
25;50;PAGO;1904100928;13:33:01.680592;13:33:02.492926;812334
25;50;PAGO;1895708224;13:33:01.682580;13:33:02.493897;811317
25;50;PAGO;1887315520;13:33:01.685043;13:33:02.494924;809881
25;50;PAGO;1878922816;13:33:01.688321;13:33:02.494985;806664
25;50;PAGO;1870530112;13:33:01.691523;13:33:02.495045;803522
25;50;PAGO;1862137408;13:33:01.692660;13:33:02.495850;803190
25;50;PAGO;1853744704;13:33:01.694682;13:33:02.496822;802140
25;50;PAGO;1845352000;13:33:01.698952;13:33:02.496879;797927
25;50;PAGO;1836959296;13:33:01.700043;13:33:02.496929;796886
25;50;PAGO;1828566592;13:33:01.702355;13:33:02.496977;794622
25;50;PAGO;1820173888;13:33:01.710849;13:33:02.497024;786175
25;50;PAGO;1811781184;13:33:01.713314;13:33:02.497191;783877
25;50;PAGO;1803388480;13:33:01.724486;13:33:02.497807;773321
25;50;PAGO;1794995776;13:33:01.726804;13:33:02.497979;771175
25;50;PAGO;1786603072;13:33:01.731718;13:33:02.498813;767095
25;50;PAGO;1778210368;13:33:01.735281;13:33:02.499777;764496
25;50;PAGO;1769817664;13:33:01.952744;13:33:02.499858;547114
25;50;PAGO;1761424960;13:33:01.953465;13:33:02.500712;547247
25;50;PAGO;1753032256;13:33:01.960597;13:33:02.501685;541088
25;50;PAGO;1744639552;13:33:01.964722;13:33:02.502676;537954
25;50;PAGO;1736246848;13:33:01.967231;13:33:02.503627;536396
25;50;PAGO;1727854144;13:33:01.968365;13:33:02.504605;536240
25;50;PAGO;1719461440;13:33:01.973084;13:33:02.505583;532499
25;50;PAGO;1711068736;13:33:01.978766;13:33:02.506654;527888
25;50;PAGO;-293607872;13:33:01.576738;13:33:02.507542;930804
25;50;PAGO;-302000576;13:33:01.585145;13:33:02.507759;922614
25;50;PAGO;-310393280;13:33:01.588500;13:33:02.508566;920066
25;50;PAGO;-318785984;13:33:01.595353;13:33:02.508661;913308
25;50;PAGO;-327178688;13:33:01.601927;13:33:02.509514;907587
25;50;PAGO;-335571392;13:33:01.614775;13:33:02.510556;895781
25;50;PAGO;-343964096;13:33:01.617139;13:33:02.511471;894332
25;50;PAGO;-352356800;13:33:01.622534;13:33:02.512473;889939
25;50;PAGO;-360749504;13:33:01.624965;13:33:02.512531;887566
25;50;PAGO;-369142208;13:33:01.632227;13:33:02.512583;880356
25;50;PAGO;-377534912;13:33:01.636527;13:33:02.512633;876106
25;50;PAGO;-385927616;13:33:01.637586;13:33:02.512689;875103
25;50;PAGO;-394320320;13:33:01.640142;13:33:02.512751;872609
25;50;PAGO;-402713024;13:33:01.643676;13:33:02.513652;869976
25;50;PAGO;-411105728;13:33:01.645962;13:33:02.514413;868451
25;50;PAGO;-419498432;13:33:01.649662;13:33:02.515352;865690
25;50;PAGO;-427891136;13:33:01.651035;13:33:02.515434;864399
25;50;PAGO;-436283840;13:33:01.655071;13:33:02.516348;861277
25;50;PAGO;-444676544;13:33:01.658403;13:33:02.517196;858793
25;50;PAGO;-453069248;13:33:01.660997;13:33:02.517324;856327
25;50;PAGO;-461461952;13:33:01.663781;13:33:02.517409;853628
25;50;PAGO;-469854656;13:33:01.667919;13:33:02.517991;850072
25;50;PAGO;-478247360;13:33:01.669210;13:33:02.518352;849142
25;50;PAGO;-486640064;13:33:01.671349;13:33:02.519320;847971
25;50;PAGO;-495032768;13:33:01.674263;13:33:02.520258;845995
25;50;PAGO;-503425472;13:33:01.679895;13:33:02.521251;841356
25;50;PAGO;-511818176;13:33:01.681165;13:33:02.522229;841064
25;50;PAGO;-520210880;13:33:01.684385;13:33:02.523290;838905
25;50;PAGO;-528603584;13:33:01.687877;13:33:02.524020;836143
25;50;PAGO;-536996288;13:33:01.691175;13:33:02.524118;832943
25;50;PAGO;-545388992;13:33:01.692392;13:33:02.524170;831778
25;50;PAGO;-553781696;13:33:01.694392;13:33:02.524226;829834
25;50;PAGO;-562174400;13:33:01.696599;13:33:02.524278;827679
25;50;PAGO;-570567104;13:33:01.699734;13:33:02.524328;824594
25;50;PAGO;-578959808;13:33:01.702077;13:33:02.525105;823028
25;50;PAGO;-587352512;13:33:01.705181;13:33:02.526081;820900
25;50;PAGO;-595745216;13:33:01.712978;13:33:02.526143;813165
25;50;PAGO;-604137920;13:33:01.724164;13:33:02.526195;802031
25;50;PAGO;-612530624;13:33:01.726545;13:33:02.527102;800557
25;50;PAGO;-620923328;13:33:01.731453;13:33:02.527183;795730
25;50;PAGO;-629316032;13:33:01.733802;13:33:02.528002;794200
25;50;PAGO;-637708736;13:33:01.952543;13:33:02.529030;576487
25;50;PAGO;-646101440;13:33:01.953544;13:33:02.529417;575873
25;50;PAGO;-654494144;13:33:01.960776;13:33:02.530017;569241
25;50;PAGO;-662886848;13:33:01.964870;13:33:02.531060;566190
25;50;PAGO;-671279552;13:33:01.968204;13:33:02.531118;562914
25;50;PAGO;-679672256;13:33:01.972727;13:33:02.531169;558442
25;50;PAGO;-688064960;13:33:01.974359;13:33:02.531224;556865
25;50;PAGO;-696457664;13:33:01.981678;13:33:02.531294;549616
25;50;PAGO;-704850368;13:33:01.982912;13:33:02.531981;549069
25;50;PAGO;845145664;13:33:01.576751;13:33:02.589547;1012796
25;50;PAGO;836752960;13:33:01.585143;13:33:02.590690;1005547
25;50;PAGO;828360256;13:33:01.586600;13:33:02.591477;1004877
25;50;PAGO;819967552;13:33:01.597887;13:33:02.592450;994563
25;50;PAGO;811574848;13:33:01.602078;13:33:02.592506;990428
25;50;PAGO;803182144;13:33:01.614917;13:33:02.592555;977638
25;50;PAGO;794789440;13:33:01.616796;13:33:02.592603;975807
25;50;PAGO;786396736;13:33:01.621507;13:33:02.592659;971152
25;50;PAGO;778004032;13:33:01.624591;13:33:02.592717;968126
25;50;PAGO;769611328;13:33:01.631994;13:33:02.593420;961426
25;50;PAGO;761218624;13:33:01.633146;13:33:02.594725;961579
25;50;PAGO;752825920;13:33:01.637413;13:33:02.595372;957959
25;50;PAGO;744433216;13:33:01.639502;13:33:02.596425;956923
25;50;PAGO;736040512;13:33:01.643195;13:33:02.597195;954000
25;50;PAGO;727647808;13:33:01.645539;13:33:02.597319;951780
25;50;PAGO;719255104;13:33:01.647539;13:33:02.597373;949834
25;50;PAGO;710862400;13:33:01.650509;13:33:02.597982;947473
25;50;PAGO;702469696;13:33:01.653632;13:33:02.598323;944691
25;50;PAGO;694076992;13:33:01.655831;13:33:02.599329;943498
25;50;PAGO;685684288;13:33:01.659370;13:33:02.599383;940013
25;50;PAGO;677291584;13:33:01.663174;13:33:02.599433;936259
25;50;PAGO;668898880;13:33:01.667224;13:33:02.599491;932267
25;50;PAGO;660506176;13:33:01.668553;13:33:02.600300;931747
25;50;PAGO;652113472;13:33:01.670839;13:33:02.601232;930393
25;50;PAGO;643720768;13:33:01.673730;13:33:02.602207;928477
25;50;PAGO;635328064;13:33:01.678964;13:33:02.603197;924233
25;50;PAGO;626935360;13:33:01.680655;13:33:02.603257;922602
25;50;PAGO;618542656;13:33:01.682947;13:33:02.603309;920362
25;50;PAGO;610149952;13:33:01.687311;13:33:02.604165;916854
25;50;PAGO;601757248;13:33:01.688585;13:33:02.605168;916583
25;50;PAGO;593364544;13:33:01.691776;13:33:02.606177;914401
25;50;PAGO;584971840;13:33:01.693081;13:33:02.606232;913151
25;50;PAGO;576579136;13:33:01.696094;13:33:02.607209;911115
25;50;PAGO;568186432;13:33:01.699224;13:33:02.607264;908040
25;50;PAGO;559793728;13:33:01.700412;13:33:02.607999;907587
25;50;PAGO;551401024;13:33:01.703496;13:33:02.608129;904633
25;50;PAGO;543008320;13:33:01.712435;13:33:02.609049;896614
25;50;PAGO;534615616;13:33:01.714967;13:33:02.610016;895049
25;50;PAGO;526222912;13:33:01.726010;13:33:02.610071;884061
25;50;PAGO;517830208;13:33:01.728328;13:33:02.610126;881798
25;50;PAGO;509437504;13:33:01.733407;13:33:02.610176;876769
25;50;PAGO;501044800;13:33:01.952304;13:33:02.610225;657921
25;50;PAGO;492652096;13:33:01.959441;13:33:02.611062;651621
25;50;PAGO;484259392;13:33:01.964660;13:33:02.611966;647306
25;50;PAGO;475866688;13:33:01.967251;13:33:02.612946;645695
25;50;PAGO;467473984;13:33:01.968334;13:33:02.613929;645595
25;50;PAGO;459081280;13:33:01.973048;13:33:02.614965;641917
25;50;PAGO;450688576;13:33:01.978755;13:33:02.615021;636266
25;50;PAGO;442295872;13:33:01.982293;13:33:02.615078;632785
25;50;PAGO;433903168;13:33:01.983118;13:33:02.615138;632020
25;50;PAGO;828368448;13:33:01.576694;13:33:02.615878;1039184
25;50;PAGO;819975744;13:33:01.585131;13:33:02.617013;1031882
25;50;PAGO;811583040;13:33:01.586618;13:33:02.617268;1030650
25;50;PAGO;803190336;13:33:01.595371;13:33:02.617828;1022457
25;50;PAGO;794797632;13:33:01.601949;13:33:02.617976;1016027
25;50;PAGO;786404928;13:33:01.614799;13:33:02.618858;1004059
25;50;PAGO;778012224;13:33:01.617020;13:33:02.618970;1001950
25;50;PAGO;769619520;13:33:01.622605;13:33:02.619797;997192
25;50;PAGO;761226816;13:33:01.624927;13:33:02.620759;995832
25;50;PAGO;752834112;13:33:01.632351;13:33:02.620812;988461
25;50;PAGO;744441408;13:33:01.636705;13:33:02.620862;984157
25;50;PAGO;736048704;13:33:01.637729;13:33:02.620916;983187
25;50;PAGO;727656000;13:33:01.640246;13:33:02.620975;980729
25;50;PAGO;719263296;13:33:01.643762;13:33:02.621724;977962
25;50;PAGO;710870592;13:33:01.645982;13:33:02.622728;976746
25;50;PAGO;702477888;13:33:01.649565;13:33:02.623682;974117
25;50;PAGO;694085184;13:33:01.650913;13:33:02.624656;973743
25;50;PAGO;685692480;13:33:01.653765;13:33:02.625630;971865
25;50;PAGO;677299776;13:33:01.658125;13:33:02.625683;967558
25;50;PAGO;668907072;13:33:01.660655;13:33:02.625738;965083
25;50;PAGO;660514368;13:33:01.663319;13:33:02.625788;962469
25;50;PAGO;652121664;13:33:01.667366;13:33:02.625837;958471
25;50;PAGO;643728960;13:33:01.668829;13:33:02.625886;957057
25;50;PAGO;635336256;13:33:01.670963;13:33:02.626718;955755
25;50;PAGO;626943552;13:33:01.673862;13:33:02.627197;953335
25;50;PAGO;618550848;13:33:01.679099;13:33:02.627584;948485
25;50;PAGO;610158144;13:33:01.680775;13:33:02.627696;946921
25;50;PAGO;601765440;13:33:01.683835;13:33:02.628601;944766
25;50;PAGO;593372736;13:33:01.687447;13:33:02.628699;941252
25;50;PAGO;584980032;13:33:01.688712;13:33:02.629589;940877
25;50;PAGO;576587328;13:33:01.691899;13:33:02.630587;938688
25;50;PAGO;568194624;13:33:01.693200;13:33:02.631518;938318
25;50;PAGO;559801920;13:33:01.696219;13:33:02.632491;936272
25;50;PAGO;551409216;13:33:01.699351;13:33:02.632550;933199
25;50;PAGO;543016512;13:33:01.700557;13:33:02.632599;932042
25;50;PAGO;534623808;13:33:01.703626;13:33:02.632658;929032
25;50;PAGO;526231104;13:33:01.712692;13:33:02.633483;920791
25;50;PAGO;517838400;13:33:01.723760;13:33:02.634500;910740
25;50;PAGO;509445696;13:33:01.726141;13:33:02.635419;909278
25;50;PAGO;501052992;13:33:01.728407;13:33:02.636367;907960
25;50;PAGO;492660288;13:33:01.733481;13:33:02.638404;904923
25;50;PAGO;484267584;13:33:01.952362;13:33:02.638461;686099
25;50;PAGO;475874880;13:33:01.959890;13:33:02.639306;679416
25;50;PAGO;467482176;13:33:01.964335;13:33:02.639407;675072
25;50;PAGO;459089472;13:33:01.967809;13:33:02.640282;672473
25;50;PAGO;450696768;13:33:01.971849;13:33:02.640413;668564
25;50;PAGO;442304064;13:33:01.974441;13:33:02.641282;666841
25;50;PAGO;433911360;13:33:01.981846;13:33:02.642247;660401
25;50;PAGO;425518656;13:33:01.982978;13:33:02.643272;660294
25;50;PAGO;417125952;13:33:01.983945;13:33:02.644172;660227
25;50;PAGO;1679812160;13:33:01.576681;13:33:02.646146;1069465
25;50;PAGO;1671419456;13:33:01.585141;13:33:02.646403;1061262
25;50;PAGO;1663026752;13:33:01.588492;13:33:02.647438;1058946
25;50;PAGO;1654634048;13:33:01.598004;13:33:02.647542;1049538
25;50;PAGO;1646241344;13:33:01.602207;13:33:02.647604;1045397
25;50;PAGO;1637848640;13:33:01.615261;13:33:02.647654;1032393
25;50;PAGO;1629455936;13:33:01.617220;13:33:02.647703;1030483
25;50;PAGO;1621063232;13:33:01.622566;13:33:02.647759;1025193
25;50;PAGO;1612670528;13:33:01.624946;13:33:02.647989;1023043
25;50;PAGO;1604277824;13:33:01.632255;13:33:02.648087;1015832
25;50;PAGO;1595885120;13:33:01.636725;13:33:02.649144;1012419
25;50;PAGO;1587492416;13:33:01.637763;13:33:02.650049;1012286
25;50;PAGO;1579099712;13:33:01.640387;13:33:02.650151;1009764
25;50;PAGO;1570707008;13:33:01.643741;13:33:02.650203;1006462
25;50;PAGO;1562314304;13:33:01.646005;13:33:02.651032;1005027
25;50;PAGO;1553921600;13:33:01.649710;13:33:02.652012;1002302
25;50;PAGO;1545528896;13:33:01.651010;13:33:02.652982;1001972
25;50;PAGO;1537136192;13:33:01.655114;13:33:02.653964;998850
25;50;PAGO;1528743488;13:33:01.658558;13:33:02.654017;995459
25;50;PAGO;1520350784;13:33:01.661193;13:33:02.654065;992872
25;50;PAGO;1511958080;13:33:01.663671;13:33:02.654118;990447
25;50;PAGO;1503565376;13:33:01.667749;13:33:02.654167;986418
25;50;PAGO;1495172672;13:33:01.669098;13:33:02.654215;985117
25;50;PAGO;1486779968;13:33:01.671231;13:33:02.655006;983775
25;50;PAGO;1478387264;13:33:01.674188;13:33:02.655778;981590
25;50;PAGO;1469994560;13:33:01.679817;13:33:02.655887;976070
25;50;PAGO;1461601856;13:33:01.681029;13:33:02.655977;974948
25;50;PAGO;1453209152;13:33:01.684102;13:33:02.656867;972765
25;50;PAGO;1444816448;13:33:01.687780;13:33:02.657851;970071
25;50;PAGO;1436423744;13:33:01.688995;13:33:02.657956;968961
25;50;PAGO;1428031040;13:33:01.692320;13:33:02.658043;965723
25;50;PAGO;1419638336;13:33:01.694308;13:33:02.659012;964704
25;50;PAGO;1411245632;13:33:01.696510;13:33:02.659813;963303
25;50;PAGO;1402852928;13:33:01.699606;13:33:02.660815;961209
25;50;PAGO;1394460224;13:33:01.702012;13:33:02.661053;959041
25;50;PAGO;1386067520;13:33:01.705003;13:33:02.661768;956765
25;50;PAGO;1377674816;13:33:01.713054;13:33:02.662755;949701
25;50;PAGO;1369282112;13:33:01.724141;13:33:02.662946;938805
25;50;PAGO;1360889408;13:33:01.726509;13:33:02.663075;936566
25;50;PAGO;1352496704;13:33:01.731342;13:33:02.663253;931911
25;50;PAGO;1344104000;13:33:01.733717;13:33:02.663689;929972
25;50;PAGO;1335711296;13:33:01.952451;13:33:02.663783;711332
25;50;PAGO;1327318592;13:33:01.953524;13:33:02.663957;710433
25;50;PAGO;1318925888;13:33:01.960877;13:33:02.664115;703238
25;50;PAGO;1310533184;13:33:01.964197;13:33:02.664671;700474
25;50;PAGO;1302140480;13:33:01.967691;13:33:02.665637;697946
25;50;PAGO;1293747776;13:33:01.971959;13:33:02.665832;693873
25;50;PAGO;1285355072;13:33:01.974551;13:33:02.666105;691554
25;50;PAGO;1276962368;13:33:01.981701;13:33:02.666251;684550
25;50;PAGO;1268569664;13:33:01.983011;13:33:02.666647;683636
25;50;PAGO;-415242688;13:33:01.576667;13:33:02.667577;1090910
25;50;PAGO;-423635392;13:33:01.585133;13:33:02.668148;1083015
25;50;PAGO;-432028096;13:33:01.588497;13:33:02.668644;1080147
25;50;PAGO;-440420800;13:33:01.595397;13:33:02.669681;1074284
25;50;PAGO;-448813504;13:33:01.601968;13:33:02.669741;1067773
25;50;PAGO;-457206208;13:33:01.614754;13:33:02.670590;1055836
25;50;PAGO;-465598912;13:33:01.617165;13:33:02.671338;1054173
25;50;PAGO;-473991616;13:33:01.622624;13:33:02.671499;1048875
25;50;PAGO;-482384320;13:33:01.626970;13:33:02.672484;1045514
25;50;PAGO;-490777024;13:33:01.632329;13:33:02.673450;1041121
25;50;PAGO;-499169728;13:33:01.636747;13:33:02.674475;1037728
25;50;PAGO;-507562432;13:33:01.637804;13:33:02.674826;1037022
25;50;PAGO;-515955136;13:33:01.640558;13:33:02.674877;1034319
25;50;PAGO;-524347840;13:33:01.643793;13:33:02.675410;1031617
25;50;PAGO;-532740544;13:33:01.646035;13:33:02.676416;1030381
25;50;PAGO;-541133248;13:33:01.649816;13:33:02.676475;1026659
25;50;PAGO;-549525952;13:33:01.652918;13:33:02.676526;1023608
25;50;PAGO;-557918656;13:33:01.655224;13:33:02.676576;1021352
25;50;PAGO;-566311360;13:33:01.658588;13:33:02.677185;1018597
25;50;PAGO;-574704064;13:33:01.661225;13:33:02.677388;1016163
25;50;PAGO;-583096768;13:33:01.663566;13:33:02.677985;1014419
25;50;PAGO;-591489472;13:33:01.667876;13:33:02.678401;1010525
25;50;PAGO;-599882176;13:33:01.669118;13:33:02.679326;1010208
25;50;PAGO;-608274880;13:33:01.671269;13:33:02.680333;1009064
25;50;PAGO;-616667584;13:33:01.674220;13:33:02.681298;1007078
25;50;PAGO;-625060288;13:33:01.679797;13:33:02.682279;1002482
25;50;PAGO;-633452992;13:33:01.681097;13:33:02.683269;1002172
25;50;PAGO;-641845696;13:33:01.684135;13:33:02.684216;1000081
25;50;PAGO;-650238400;13:33:01.687761;13:33:02.685159;997398
25;50;PAGO;-658631104;13:33:01.689015;13:33:02.686157;997142
25;50;PAGO;-667023808;13:33:01.692291;13:33:02.686210;993919
25;50;PAGO;-675416512;13:33:01.694353;13:33:02.687145;992792
25;50;PAGO;-683809216;13:33:01.696431;13:33:02.687988;991557
25;50;PAGO;-692201920;13:33:01.699697;13:33:02.688090;988393
25;50;PAGO;-700594624;13:33:01.702050;13:33:02.689169;987119
25;50;PAGO;-708987328;13:33:01.705207;13:33:02.689918;984711
25;50;PAGO;-717380032;13:33:01.712891;13:33:02.690041;977150
25;50;PAGO;-725772736;13:33:01.723984;13:33:02.690092;966108
25;50;PAGO;-734165440;13:33:01.726440;13:33:02.690146;963706
25;50;PAGO;-742558144;13:33:01.731377;13:33:02.690196;958819
25;50;PAGO;-750950848;13:33:01.733782;13:33:02.691063;957281
25;50;PAGO;-759343552;13:33:01.952515;13:33:02.692005;739490
25;50;PAGO;-767736256;13:33:01.953604;13:33:02.692990;739386
25;50;PAGO;-776128960;13:33:01.960756;13:33:02.693092;732336
25;50;PAGO;-784521664;13:33:01.964785;13:33:02.693980;729195
25;50;PAGO;-792914368;13:33:01.967974;13:33:02.694970;726996
25;50;PAGO;-801307072;13:33:01.972912;13:33:02.695937;723025
25;50;PAGO;-809699776;13:33:01.974241;13:33:02.696976;722735
25;50;PAGO;-818092480;13:33:01.981398;13:33:02.697862;716464
25;50;PAGO;-826485184;13:33:01.983027;13:33:02.697974;714947
25;50;PAGO;1159718464;13:33:01.576809;13:33:02.699812;1123003
25;50;PAGO;1151325760;13:33:01.585147;13:33:02.700955;1115808
25;50;PAGO;1142933056;13:33:01.588502;13:33:02.701769;1113267
25;50;PAGO;1134540352;13:33:01.597884;13:33:02.701825;1103941
25;50;PAGO;1126147648;13:33:01.602116;13:33:02.701875;1099759
25;50;PAGO;1117754944;13:33:01.615188;13:33:02.701930;1086742
25;50;PAGO;1109362240;13:33:01.617286;13:33:02.701981;1084695
25;50;PAGO;1100969536;13:33:01.623856;13:33:02.702030;1078174
25;50;PAGO;1092576832;13:33:01.627050;13:33:02.702182;1075132
25;50;PAGO;1084184128;13:33:01.632449;13:33:02.702239;1069790
25;50;PAGO;1075791424;13:33:01.636793;13:33:02.702776;1065983
25;50;PAGO;1067398720;13:33:01.637833;13:33:02.703239;1065406
25;50;PAGO;1059006016;13:33:01.640365;13:33:02.703734;1063369
25;50;PAGO;1050613312;13:33:01.643655;13:33:02.704717;1061062
25;50;PAGO;1042220608;13:33:01.645836;13:33:02.706767;1060931
25;50;PAGO;1033827904;13:33:01.649730;13:33:02.707193;1057463
25;50;PAGO;1025435200;13:33:01.650994;13:33:02.707601;1056607
25;50;PAGO;1017042496;13:33:01.655201;13:33:02.707975;1052774
25;50;PAGO;1008649792;13:33:01.658509;13:33:02.708603;1050094
25;50;PAGO;1000257088;13:33:01.661115;13:33:02.709671;1048556
25;50;PAGO;991864384;13:33:01.663490;13:33:02.710611;1047121
25;50;PAGO;983471680;13:33:01.667570;13:33:02.711576;1044006
25;50;PAGO;975078976;13:33:01.669055;13:33:02.711628;1042573
25;50;PAGO;966686272;13:33:01.671294;13:33:02.711676;1040382
25;50;PAGO;958293568;13:33:01.674150;13:33:02.712524;1038374
25;50;PAGO;949900864;13:33:01.679838;13:33:02.713493;1033655
25;50;PAGO;941508160;13:33:01.681078;13:33:02.714511;1033433
25;50;PAGO;933115456;13:33:01.684174;13:33:02.715438;1031264
25;50;PAGO;924722752;13:33:01.687712;13:33:02.715500;1027788
25;50;PAGO;916330048;13:33:01.688910;13:33:02.715549;1026639
25;50;PAGO;907937344;13:33:01.692209;13:33:02.715597;1023388
25;50;PAGO;899544640;13:33:01.694259;13:33:02.715644;1021385
25;50;PAGO;891151936;13:33:01.696491;13:33:02.715700;1019209
25;50;PAGO;882759232;13:33:01.699626;13:33:02.715750;1016124
25;50;PAGO;874366528;13:33:01.701944;13:33:02.716450;1014506
25;50;PAGO;865973824;13:33:01.704965;13:33:02.717201;1012236
25;50;PAGO;857581120;13:33:01.713077;13:33:02.717404;1004327
25;50;PAGO;849188416;13:33:01.724079;13:33:02.717980;993901
25;50;PAGO;840795712;13:33:01.726570;13:33:02.718387;991817
25;50;PAGO;832403008;13:33:01.731427;13:33:02.719402;987975
25;50;PAGO;824010304;13:33:01.733762;13:33:02.720329;986567
25;50;PAGO;815617600;13:33:01.952480;13:33:02.721294;768814
25;50;PAGO;807224896;13:33:01.959466;13:33:02.722283;762817
25;50;PAGO;798832192;13:33:01.963719;13:33:02.723339;759620
25;50;PAGO;790439488;13:33:01.968007;13:33:02.724228;756221
25;50;PAGO;782046784;13:33:01.971652;13:33:02.725185;753533
25;50;PAGO;773654080;13:33:01.974511;13:33:02.726169;751658
25;50;PAGO;765261376;13:33:01.979587;13:33:02.726224;746637
25;50;PAGO;756868672;13:33:01.982364;13:33:02.727170;744806
25;50;PAGO;748475968;13:33:01.983139;13:33:02.727983;744844
25;0;PAGO;1897915968;13:33:01.650623;13:33:01.718319;67696
25;0;PAGO;1889523264;13:33:01.653700;13:33:01.722306;68606
25;0;PAGO;1830774336;13:33:01.673787;13:33:01.723534;49747
25;0;PAGO;1797203520;13:33:01.687371;13:33:01.724336;36965
25;0;PAGO;1788810816;13:33:01.688638;13:33:01.725633;36995
25;0;PAGO;1780418112;13:33:01.691828;13:33:01.726256;34428
25;0;PAGO;1772025408;13:33:01.693135;13:33:01.727275;34140
25;0;PAGO;1763632704;13:33:01.696149;13:33:01.728099;31950
25;0;PAGO;1755240000;13:33:01.699278;13:33:01.728225;28947
25;0;PAGO;1881130560;13:33:01.658051;13:33:01.729600;71549
25;0;PAGO;1872737856;13:33:01.660598;13:33:01.731253;70655
25;0;PAGO;1864345152;13:33:01.663250;13:33:01.732105;68855
25;0;PAGO;1855952448;13:33:01.667299;13:33:01.733305;66006
25;0;PAGO;1847559744;13:33:01.668760;13:33:01.735034;66274
25;0;PAGO;1839167040;13:33:01.670892;13:33:01.952224;281332
25;0;PAGO;1822381632;13:33:01.679021;13:33:01.953336;274315
25;0;PAGO;1813988928;13:33:01.680705;13:33:01.959608;278903
25;0;PAGO;1805596224;13:33:01.683178;13:33:01.959721;276543
25;0;PAGO;1746847296;13:33:01.700485;13:33:01.959840;259355
25;0;PAGO;1738454592;13:33:01.703552;13:33:01.959982;256430
25;0;PAGO;1730061888;13:33:01.712610;13:33:01.960116;247506
25;0;PAGO;1721669184;13:33:01.715029;13:33:01.960521;245492
25;0;PAGO;1713276480;13:33:01.726054;13:33:01.960835;234781
25;50;PAGO;1704883776;13:33:01.728287;13:33:02.948177;1219890
25;50;PAGO;1696491072;13:33:01.733362;13:33:02.969331;1235969
25;50;PAGO;1688098368;13:33:01.952271;13:33:02.990678;1038407
25;50;PAGO;1610610240;13:33:01.959763;13:33:03.012376;1052613
25;50;PAGO;1602217536;13:33:01.963721;13:33:03.037502;1073781
25;50;PAGO;1593824832;13:33:01.968057;13:33:03.058999;1090942
25;50;PAGO;1585432128;13:33:01.971742;13:33:03.091918;1120176
25;50;PAGO;1577039424;13:33:01.974474;13:33:03.106956;1132482
25;50;PAGO;1568646720;13:33:01.981579;13:33:03.127331;1145752
25;50;PAGO;1560254016;13:33:01.983063;13:33:03.169486;1186423
25;50;PAGO;1551861312;13:33:01.984018;13:33:03.188485;1204467
25;50;PAGO;1543468608;13:33:01.984055;13:33:03.208975;1224920
25;50;PAGO;1535075904;13:33:01.984087;13:33:03.243174;1259087
25;50;PAGO;1526683200;13:33:01.984120;13:33:03.263584;1279464
25;50;PAGO;1518290496;13:33:01.984150;13:33:03.280497;1296347
25;50;PAGO;1509897792;13:33:01.984183;13:33:03.317170;1332987
25;50;PAGO;1501505088;13:33:01.984215;13:33:03.318012;1333797
25;50;PAGO;1493112384;13:33:01.986473;13:33:03.318085;1331612
25;50;PAGO;1484719680;13:33:01.986508;13:33:03.318132;1331624
25;50;PAGO;1476326976;13:33:01.986539;13:33:03.318190;1331651
25;50;PAGO;1467934272;13:33:01.986570;13:33:03.319110;1332540
25;50;PAGO;1459541568;13:33:01.986604;13:33:03.319191;1332587
25;50;PAGO;1451148864;13:33:01.986636;13:33:03.320095;1333459
25;50;PAGO;1442756160;13:33:01.986668;13:33:03.325195;1338527
25;50;PAGO;1434363456;13:33:01.986699;13:33:03.326976;1340277
25;50;PAGO;1425970752;13:33:01.986730;13:33:03.327253;1340523
25;50;PAGO;1417578048;13:33:01.986749;13:33:03.327900;1341151
25;50;PAGO;-304093632;13:33:01.567729;13:33:02.533881;966152
25;50;PAGO;-312486336;13:33:01.583504;13:33:02.535048;951544
25;50;PAGO;-320879040;13:33:01.586254;13:33:02.535856;949602
25;50;PAGO;-329271744;13:33:01.595036;13:33:02.536831;941795
25;50;PAGO;-337664448;13:33:01.600939;13:33:02.537195;936256
25;50;PAGO;-346057152;13:33:01.614480;13:33:02.537791;923311
25;50;PAGO;-354449856;13:33:01.615815;13:33:02.538837;923022
25;50;PAGO;-362842560;13:33:01.621386;13:33:02.538896;917510
25;50;PAGO;-371235264;13:33:01.624473;13:33:02.539752;915279
25;50;PAGO;-379627968;13:33:01.631866;13:33:02.540724;908858
25;50;PAGO;-388020672;13:33:01.633037;13:33:02.541778;908741
25;50;PAGO;-396413376;13:33:01.637312;13:33:02.542753;905441
25;50;PAGO;-404806080;13:33:01.639420;13:33:02.543655;904235
25;50;PAGO;-413198784;13:33:01.643099;13:33:02.544643;901544
25;50;PAGO;-421591488;13:33:01.644362;13:33:02.545624;901262
25;50;PAGO;-429984192;13:33:01.647436;13:33:02.545677;898241
25;50;PAGO;-438376896;13:33:01.650320;13:33:02.545731;895411
25;50;PAGO;-446769600;13:33:01.653480;13:33:02.545789;892309
25;50;PAGO;-455162304;13:33:01.655590;13:33:02.546629;891039
25;50;PAGO;-463555008;13:33:01.659137;13:33:02.547197;888060
25;50;PAGO;-471947712;13:33:01.661661;13:33:02.547545;885884
25;50;PAGO;-480340416;13:33:01.666790;13:33:02.547977;881187
25;50;PAGO;-488733120;13:33:01.668344;13:33:02.548552;880208
25;50;PAGO;-497125824;13:33:01.669663;13:33:02.549526;879863
25;50;PAGO;-505518528;13:33:01.673323;13:33:02.549629;876306
25;50;PAGO;-513911232;13:33:01.678775;13:33:02.550616;871841
25;50;PAGO;-522303936;13:33:01.680505;13:33:02.551477;870972
25;50;PAGO;-530696640;13:33:01.682880;13:33:02.551530;868650
25;50;PAGO;-539089344;13:33:01.685320;13:33:02.551578;866258
25;50;PAGO;-547482048;13:33:01.688485;13:33:02.551631;863146
25;50;PAGO;-555874752;13:33:01.691599;13:33:02.551678;860079
25;50;PAGO;-564267456;13:33:01.692846;13:33:02.551726;858880
25;50;PAGO;-572660160;13:33:01.695193;13:33:02.552474;857281
25;50;PAGO;-581052864;13:33:01.699088;13:33:02.553431;854343
25;50;PAGO;-589445568;13:33:01.700187;13:33:02.553482;853295
25;50;PAGO;-597838272;13:33:01.702699;13:33:02.553531;850832
25;50;PAGO;-606230976;13:33:01.712229;13:33:02.553589;841360
25;50;PAGO;-614623680;13:33:01.714845;13:33:02.553764;838919
25;50;PAGO;-623016384;13:33:01.725952;13:33:02.553927;827975
25;50;PAGO;-631409088;13:33:01.727615;13:33:02.554095;826480
25;50;PAGO;-639801792;13:33:01.732180;13:33:02.554231;822051
25;50;PAGO;-648194496;13:33:01.952064;13:33:02.554426;602362
25;50;PAGO;-656587200;13:33:01.952912;13:33:02.554546;601634
25;50;PAGO;-664979904;13:33:01.960274;13:33:02.554650;594376
25;50;PAGO;-673372608;13:33:01.964084;13:33:02.554781;590697
25;50;PAGO;-681765312;13:33:01.967729;13:33:02.554909;587180
25;50;PAGO;-690158016;13:33:01.972775;13:33:02.555378;582603
25;50;PAGO;-698550720;13:33:01.974493;13:33:02.556109;581616
25;50;PAGO;-706943424;13:33:01.981958;13:33:02.556347;574389
25;50;PAGO;-715336128;13:33:01.982907;13:33:02.556505;573598
25;50;PAGO;-1927289280;13:33:01.577568;13:33:02.728187;1150619
25;50;PAGO;-1935681984;13:33:01.585201;13:33:02.728397;1143196
25;50;PAGO;-1944074688;13:33:01.588539;13:33:02.728782;1140243
25;50;PAGO;-1952467392;13:33:01.597973;13:33:02.729084;1131111
25;50;PAGO;-1960860096;13:33:01.602188;13:33:02.730063;1127875
25;50;PAGO;-1969252800;13:33:01.615288;13:33:02.731070;1115782
25;50;PAGO;-1977645504;13:33:01.617251;13:33:02.732038;1114787
25;50;PAGO;-1986038208;13:33:01.622647;13:33:02.732991;1110344
25;50;PAGO;-1994430912;13:33:01.624901;13:33:02.733994;1109093
25;50;PAGO;-2002823616;13:33:01.632378;13:33:02.734049;1101671
25;50;PAGO;-2011216320;13:33:01.636687;13:33:02.734099;1097412
25;50;PAGO;-2019609024;13:33:01.637852;13:33:02.734154;1096302
25;50;PAGO;-2028001728;13:33:01.640582;13:33:02.734203;1093621
25;50;PAGO;-2036394432;13:33:01.643530;13:33:02.734997;1091467
25;50;PAGO;-2044787136;13:33:01.645876;13:33:02.735913;1090037
25;50;PAGO;-2053179840;13:33:01.649690;13:33:02.736894;1087204
25;50;PAGO;-2061572544;13:33:01.651263;13:33:02.737191;1085928
25;50;PAGO;-2069965248;13:33:01.655041;13:33:02.737889;1082848
25;50;PAGO;-2078357952;13:33:01.658529;13:33:02.737981;1079452
25;50;PAGO;-2086750656;13:33:01.661165;13:33:02.738915;1077750
25;50;PAGO;-2095143360;13:33:01.663650;13:33:02.739838;1076188
25;50;PAGO;-2103536064;13:33:01.667727;13:33:02.739910;1072183
25;50;PAGO;-2111928768;13:33:01.669162;13:33:02.740826;1071664
25;50;PAGO;-2120321472;13:33:01.671249;13:33:02.741795;1070546
25;50;PAGO;-2128714176;13:33:01.674168;13:33:02.742808;1068640
25;50;PAGO;-2137106880;13:33:01.679710;13:33:02.743750;1064040
25;50;PAGO;-2145499584;13:33:01.680976;13:33:02.743800;1062824
25;50;PAGO;2141075008;13:33:01.684155;13:33:02.743848;1059693
25;50;PAGO;2132682304;13:33:01.687813;13:33:02.743895;1056082
25;50;PAGO;2124289600;13:33:01.689180;13:33:02.743948;1054768
25;50;PAGO;2115896896;13:33:01.692348;13:33:02.743996;1051648
25;50;PAGO;2107504192;13:33:01.694226;13:33:02.744729;1050503
25;50;PAGO;2099111488;13:33:01.696538;13:33:02.744828;1048290
25;50;PAGO;2090718784;13:33:01.699663;13:33:02.745706;1046043
25;50;PAGO;2082326080;13:33:01.701917;13:33:02.746709;1044792
25;50;PAGO;2073933376;13:33:01.705059;13:33:02.747182;1042123
25;50;PAGO;2065540672;13:33:01.713024;13:33:02.747647;1034623
25;50;PAGO;2057147968;13:33:01.724119;13:33:02.747968;1023849
25;50;PAGO;2048755264;13:33:01.726616;13:33:02.748620;1022004
25;50;PAGO;2040362560;13:33:01.731539;13:33:02.749604;1018065
25;50;PAGO;2031969856;13:33:01.735112;13:33:02.750614;1015502
25;50;PAGO;2023577152;13:33:01.952629;13:33:02.751547;798918
25;50;PAGO;2015184448;13:33:01.953623;13:33:02.752599;798976
25;50;PAGO;2006791744;13:33:01.960719;13:33:02.753499;792780
25;50;PAGO;1998399040;13:33:01.964829;13:33:02.754507;789678
25;50;PAGO;1990006336;13:33:01.968231;13:33:02.755479;787248
25;50;PAGO;1981613632;13:33:01.971705;13:33:02.755534;783829
25;50;PAGO;1973220928;13:33:01.974421;13:33:02.756434;782013
25;50;PAGO;1964828224;13:33:01.981362;13:33:02.757194;775832
25;50;PAGO;1956435520;13:33:01.983016;13:33:02.757421;774405
25;50;PAGO;-471865792;13:33:01.576825;13:33:02.758400;1181575
25;50;PAGO;-480258496;13:33:01.585149;13:33:02.758746;1173597
25;50;PAGO;-488651200;13:33:01.590148;13:33:02.759366;1169218
25;50;PAGO;-497043904;13:33:01.599930;13:33:02.760340;1160410
25;50;PAGO;-505436608;13:33:01.602710;13:33:02.761114;1158404
25;50;PAGO;-513829312;13:33:01.615319;13:33:02.761312;1145993
25;50;PAGO;-522222016;13:33:01.617308;13:33:02.762340;1145032
25;50;PAGO;-530614720;13:33:01.623881;13:33:02.763237;1139356
25;50;PAGO;-539007424;13:33:01.627079;13:33:02.764319;1137240
25;50;PAGO;-547400128;13:33:01.632481;13:33:02.765211;1132730
25;50;PAGO;-555792832;13:33:01.636822;13:33:02.765261;1128439
25;50;PAGO;-564185536;13:33:01.637880;13:33:02.765308;1127428
25;50;PAGO;-572578240;13:33:01.640613;13:33:02.765360;1124747
25;50;PAGO;-580970944;13:33:01.643820;13:33:02.765408;1121588
25;50;PAGO;-589363648;13:33:01.646062;13:33:02.765454;1119392
25;50;PAGO;-597756352;13:33:01.649794;13:33:02.766232;1116438
25;50;PAGO;-606149056;13:33:01.652886;13:33:02.767262;1114376
25;50;PAGO;-614541760;13:33:01.655018;13:33:02.767974;1112956
25;50;PAGO;-622934464;13:33:01.658465;13:33:02.768147;1109682
25;50;PAGO;-631327168;13:33:01.661136;13:33:02.769100;1107964
25;50;PAGO;-639719872;13:33:01.663692;13:33:02.770069;1106377
25;50;PAGO;-648112576;13:33:01.667694;13:33:02.770120;1102426
25;50;PAGO;-656505280;13:33:01.669019;13:33:02.770177;1101158
25;50;PAGO;-664897984;13:33:01.671210;13:33:02.770226;1099016
25;50;PAGO;-673290688;13:33:01.674102;13:33:02.771093;1096991
25;50;PAGO;-681683392;13:33:01.679690;13:33:02.772033;1092343
25;50;PAGO;-690076096;13:33:01.681008;13:33:02.772140;1091132
25;50;PAGO;-698468800;13:33:01.684081;13:33:02.773099;1089018
25;50;PAGO;-706861504;13:33:01.687651;13:33:02.773739;1086088
25;50;PAGO;-715254208;13:33:01.688958;13:33:02.774004;1085046
25;50;PAGO;-723646912;13:33:01.692414;13:33:02.774220;1081806
25;50;PAGO;-732039616;13:33:01.694409;13:33:02.775031;1080622
25;50;PAGO;-740432320;13:33:01.696620;13:33:02.775982;1079362
25;50;PAGO;-748825024;13:33:01.699755;13:33:02.776953;1077198
25;50;PAGO;-757217728;13:33:01.702107;13:33:02.777189;1075082
25;50;PAGO;-765610432;13:33:01.705244;13:33:02.777928;1072684
25;50;PAGO;-774003136;13:33:01.713107;13:33:02.778032;1064925
25;50;PAGO;-782395840;13:33:01.724185;13:33:02.778949;1054764
25;50;PAGO;-790788544;13:33:01.726589;13:33:02.779875;1053286
25;50;PAGO;-799181248;13:33:01.731478;13:33:02.780831;1049353
25;50;PAGO;-807573952;13:33:01.733831;13:33:02.781803;1047972
25;50;PAGO;-815966656;13:33:01.952571;13:33:02.782817;830246
25;50;PAGO;-824359360;13:33:01.959993;13:33:02.783767;823774
25;50;PAGO;-832752064;13:33:01.964006;13:33:02.784730;820724
25;50;PAGO;-841144768;13:33:01.967630;13:33:02.785721;818091
25;50;PAGO;-849537472;13:33:01.972962;13:33:02.786771;813809
25;50;PAGO;-857930176;13:33:01.978649;13:33:02.786825;808176
25;50;PAGO;-866322880;13:33:01.982003;13:33:02.786874;804871
25;50;PAGO;-874715584;13:33:01.982933;13:33:02.786921;803988
25;50;PAGO;-883108288;13:33:01.983987;13:33:02.786972;802985
25;50;PAGO;1650452032;13:33:01.576725;13:33:02.787644;1210919
25;50;PAGO;1642059328;13:33:01.585128;13:33:02.788134;1203006
25;50;PAGO;1633666624;13:33:01.588509;13:33:02.788612;1200103
25;50;PAGO;1625273920;13:33:01.595314;13:33:02.789635;1194321
25;50;PAGO;1616881216;13:33:01.601999;13:33:02.790629;1188630
25;50;PAGO;1608488512;13:33:01.614712;13:33:02.791643;1176931
25;50;PAGO;1600095808;13:33:01.616767;13:33:02.792559;1175792
25;50;PAGO;1591703104;13:33:01.621480;13:33:02.793547;1172067
25;50;PAGO;1583310400;13:33:01.624561;13:33:02.794528;1169967
25;50;PAGO;1574917696;13:33:01.631960;13:33:02.795474;1163514
25;50;PAGO;1566524992;13:33:01.633118;13:33:02.796458;1163340
25;50;PAGO;1558132288;13:33:01.637442;13:33:02.797194;1159752
25;50;PAGO;1549739584;13:33:01.639957;13:33:02.797433;1157476
25;50;PAGO;1541346880;13:33:01.643473;13:33:02.797977;1154504
25;50;PAGO;1532954176;13:33:01.645689;13:33:02.798031;1152342
25;50;PAGO;1524561472;13:33:01.647657;13:33:02.798084;1150427
25;50;PAGO;1516168768;13:33:01.650870;13:33:02.798131;1147261
25;50;PAGO;1507776064;13:33:01.653747;13:33:02.798180;1144433
25;50;PAGO;1499383360;13:33:01.658101;13:33:02.798228;1140127
25;50;PAGO;1490990656;13:33:01.660678;13:33:02.798483;1137805
25;50;PAGO;1482597952;13:33:01.663295;13:33:02.799386;1136091
25;50;PAGO;1474205248;13:33:01.667345;13:33:02.800355;1133010
25;50;PAGO;1465812544;13:33:01.668792;13:33:02.801313;1132521
25;50;PAGO;1457419840;13:33:01.670924;13:33:02.802278;1131354
25;50;PAGO;1449027136;13:33:01.673821;13:33:02.803311;1129490
25;50;PAGO;1440634432;13:33:01.679054;13:33:02.804233;1125179
25;50;PAGO;1432241728;13:33:01.680737;13:33:02.805209;1124472
25;50;PAGO;1423849024;13:33:01.683213;13:33:02.806209;1122996
25;50;PAGO;1415456320;13:33:01.687404;13:33:02.807210;1119806
25;50;PAGO;1407063616;13:33:01.688673;13:33:02.807296;1118623
25;50;PAGO;1398670912;13:33:01.691860;13:33:02.807348;1115488
25;50;PAGO;1390278208;13:33:01.693163;13:33:02.807396;1114233
25;50;PAGO;1381885504;13:33:01.696179;13:33:02.807990;1111811
25;50;PAGO;1373492800;13:33:01.699310;13:33:02.808137;1108827
25;50;PAGO;1365100096;13:33:01.700518;13:33:02.809104;1108586
25;50;PAGO;1356707392;13:33:01.703585;13:33:02.810110;1106525
25;50;PAGO;1348314688;13:33:01.712648;13:33:02.810158;1097510
25;50;PAGO;1339921984;13:33:01.717105;13:33:02.810212;1093107
25;50;PAGO;1331529280;13:33:01.726103;13:33:02.811135;1085032
25;50;PAGO;1323136576;13:33:01.728362;13:33:02.812077;1083715
25;50;PAGO;1314743872;13:33:01.733441;13:33:02.813048;1079607
25;50;PAGO;1306351168;13:33:01.952333;13:33:02.814037;861704
25;50;PAGO;1297958464;13:33:01.953583;13:33:02.814095;860512
25;50;PAGO;1289565760;13:33:01.960662;13:33:02.814144;853482
25;50;PAGO;1281173056;13:33:01.964761;13:33:02.814192;849431
25;50;PAGO;1272780352;13:33:01.967887;13:33:02.815041;847154
25;50;PAGO;1264387648;13:33:01.971938;13:33:02.815975;844037
25;50;PAGO;1255994944;13:33:01.974213;13:33:02.816930;842717
25;50;PAGO;1247602240;13:33:01.981551;13:33:02.904569;923018
25;50;PAGO;1239209536;13:33:01.983000;13:33:02.904691;921691
25;50;PAGO;-1851791808;13:33:01.576708;13:33:02.905750;1329042
25;50;PAGO;-1860184512;13:33:01.585124;13:33:02.906924;1321800
25;50;PAGO;-1868577216;13:33:01.588495;13:33:02.907181;1318686
25;50;PAGO;-1876969920;13:33:01.595334;13:33:02.907721;1312387
25;50;PAGO;-1885362624;13:33:01.602019;13:33:02.907978;1305959
25;50;PAGO;-1893755328;13:33:01.614833;13:33:02.908686;1293853
25;50;PAGO;-1902148032;13:33:01.617042;13:33:02.909685;1292643
25;50;PAGO;-1910540736;13:33:01.622586;13:33:02.910658;1288072
25;50;PAGO;-1918933440;13:33:01.626944;13:33:02.911620;1284676
25;50;PAGO;-1927326144;13:33:01.632309;13:33:02.912639;1280330
25;50;PAGO;-1935718848;13:33:01.636583;13:33:02.912696;1276113
25;50;PAGO;-1944111552;13:33:01.637668;13:33:02.912746;1275078
25;50;PAGO;-1952504256;13:33:01.640321;13:33:02.912801;1272480
25;50;PAGO;-1960896960;13:33:01.643608;13:33:02.913455;1269847
25;50;PAGO;-1969289664;13:33:01.645858;13:33:02.913565;1267707
25;50;PAGO;-1977682368;13:33:01.649640;13:33:02.914580;1264940
25;50;PAGO;-1986075072;13:33:01.651225;13:33:02.915538;1264313
25;50;PAGO;-1994467776;13:33:01.655159;13:33:02.916508;1261349
25;50;PAGO;-2002860480;13:33:01.658444;13:33:02.917218;1258774
25;50;PAGO;-2011253184;13:33:01.661090;13:33:02.917449;1256359
25;50;PAGO;-2019645888;13:33:01.663630;13:33:02.918001;1254371
25;50;PAGO;-2028038592;13:33:01.667849;13:33:02.918449;1250600
25;50;PAGO;-2036431296;13:33:01.669141;13:33:02.918946;1249805
25;50;PAGO;-2044824000;13:33:01.671319;13:33:02.919419;1248100
25;50;PAGO;-2053216704;13:33:01.674239;13:33:02.920394;1246155
25;50;PAGO;-2061609408;13:33:01.679772;13:33:02.920453;1240681
25;50;PAGO;-2070002112;13:33:01.681052;13:33:02.920505;1239453
25;50;PAGO;-2078394816;13:33:01.684032;13:33:02.920563;1236531
25;50;PAGO;-2086787520;13:33:01.687734;13:33:02.921367;1233633
25;50;PAGO;-2095180224;13:33:01.689032;13:33:02.922384;1233352
25;50;PAGO;-2103572928;13:33:01.692114;13:33:02.923300;1231186
25;50;PAGO;-2111965632;13:33:01.694332;13:33:02.923352;1229020
25;50;PAGO;-2120358336;13:33:01.696559;13:33:02.923401;1226842
25;50;PAGO;-2128751040;13:33:01.699584;13:33:02.923474;1223890
25;50;PAGO;-2137143744;13:33:01.701986;13:33:02.924283;1222297
25;50;PAGO;-2145536448;13:33:01.705276;13:33:02.925264;1219988
25;50;PAGO;2141038144;13:33:01.713138;13:33:02.926291;1213153
25;50;PAGO;2132645440;13:33:01.724213;13:33:02.927260;1203047
25;50;PAGO;2124252736;13:33:01.726641;13:33:02.927979;1201338
25;50;PAGO;2115860032;13:33:01.731519;13:33:02.928184;1196665
25;50;PAGO;2107467328;13:33:01.735095;13:33:02.930301;1195206
25;50;PAGO;2099074624;13:33:01.952600;13:33:02.931196;978596
25;50;PAGO;2090681920;13:33:01.953641;13:33:02.932116;978475
25;50;PAGO;2082289216;13:33:01.960901;13:33:02.933097;972196
25;50;PAGO;2073896512;13:33:01.964240;13:33:02.933150;968910
25;50;PAGO;2065503808;13:33:01.967779;13:33:02.933197;965418
25;50;PAGO;2057111104;13:33:01.971799;13:33:02.933245;961446
25;50;PAGO;2048718400;13:33:01.974571;13:33:02.933297;958726
25;50;PAGO;2040325696;13:33:01.981503;13:33:02.933346;951843
25;50;PAGO;2031932992;13:33:01.982989;13:33:02.934076;951087
