4;5;PAGO;1465902656;12:58:30.922928;12:58:30.925497;2569
4;5;PAGO;1457509952;12:58:30.923224;12:58:30.926670;3446
4;5;PAGO;1449117248;12:58:30.923424;12:58:30.927461;4037
4;5;PAGO;1440724544;12:58:30.923633;12:58:30.928440;4807
4;5;PAGO;1432331840;12:58:30.923759;12:58:30.929412;5653
4;5;PAGO;-1988106688;12:58:30.922998;12:58:30.930431;7433
4;5;PAGO;-1996499392;12:58:30.923241;12:58:30.930637;7396
4;5;PAGO;-2004892096;12:58:30.923402;12:58:30.930803;7401
4;5;PAGO;-2013284800;12:58:30.923699;12:58:30.931360;7661
4;5;PAGO;-2021677504;12:58:30.923798;12:58:30.932337;8539
4;5;PAGO;-2063604160;12:58:30.922986;12:58:30.933292;10306
4;5;PAGO;-2071996864;12:58:30.923290;12:58:30.934028;10738
4;5;PAGO;-2080389568;12:58:30.923447;12:58:30.934087;10640
4;5;PAGO;-2088782272;12:58:30.923667;12:58:30.934138;10471
4;5;PAGO;-2097174976;12:58:30.923782;12:58:30.934186;10404
4;5;PAGO;-2048924096;12:58:30.923327;12:58:30.935306;11979
4;5;PAGO;-2065709504;12:58:30.923732;12:58:30.936406;12674
4;5;PAGO;-2057316800;12:58:30.923481;12:58:30.937202;13721
4;5;PAGO;-2074102208;12:58:30.924600;12:58:30.938200;13600
4;5;PAGO;-2082494912;12:58:30.924622;12:58:30.939164;14542


10;20;PAGO;-1757419968;13:01:00.403478;13:01:00.425574;22096
10;20;PAGO;-1765812672;13:01:00.407180;13:01:00.426737;19557
10;20;PAGO;-1799383488;13:01:00.410198;13:01:00.427470;17272
10;20;PAGO;-1807776192;13:01:00.411359;13:01:00.427902;16543
10;20;PAGO;-1816168896;13:01:00.414479;13:01:00.428450;13971
10;20;PAGO;-1824561600;13:01:00.415107;13:01:00.428714;13607
10;20;PAGO;-1832954304;13:01:00.415532;13:01:00.428971;13439
10;20;PAGO;-1841347008;13:01:00.416121;13:01:00.429384;13263
10;20;PAGO;-1849739712;13:01:00.416512;13:01:00.430369;13857
10;20;PAGO;-1858132416;13:01:00.418513;13:01:00.430776;12263
10;20;PAGO;-1866525120;13:01:00.419100;13:01:00.430883;11783
10;20;PAGO;-1874917824;13:01:00.419441;13:01:00.431360;11919
10;20;PAGO;-1883310528;13:01:00.423211;13:01:00.432336;9125
10;20;PAGO;-1891703232;13:01:00.423734;13:01:00.432388;8654
10;20;PAGO;-1900095936;13:01:00.424144;13:01:00.432443;8299
10;20;PAGO;-1908488640;13:01:00.424590;13:01:00.432492;7902
10;20;PAGO;-1916881344;13:01:00.424882;13:01:00.433315;8433
10;20;PAGO;-1774205376;13:01:00.407731;13:01:00.434301;26570
10;20;PAGO;-1782598080;13:01:00.408568;13:01:00.435290;26722
10;20;PAGO;-1790990784;13:01:00.409433;13:01:00.436245;26812
10;20;PAGO;232777280;13:01:00.403650;13:01:00.446004;42354
10;20;PAGO;224384576;13:01:00.407176;13:01:00.447201;40025
10;20;PAGO;215991872;13:01:00.407764;13:01:00.447924;40160
10;20;PAGO;207599168;13:01:00.408591;13:01:00.448234;39643
10;20;PAGO;199206464;13:01:00.409460;13:01:00.448692;39232
10;20;PAGO;190813760;13:01:00.410222;13:01:00.448904;38682
10;20;PAGO;182421056;13:01:00.414071;13:01:00.449897;35826
10;20;PAGO;174028352;13:01:00.414514;13:01:00.449999;35485
10;20;PAGO;165635648;13:01:00.415149;13:01:00.450920;35771
10;20;PAGO;157242944;13:01:00.415568;13:01:00.450975;35407
10;20;PAGO;148850240;13:01:00.416149;13:01:00.451858;35709
10;20;PAGO;140457536;13:01:00.416541;13:01:00.452843;36302
10;20;PAGO;132064832;13:01:00.418694;13:01:00.452894;34200
10;20;PAGO;123672128;13:01:00.419118;13:01:00.452944;33826
10;20;PAGO;115279424;13:01:00.422580;13:01:00.452997;30417
10;20;PAGO;106886720;13:01:00.423010;13:01:00.453047;30037
10;20;PAGO;98494016;13:01:00.423624;13:01:00.453120;29496
10;20;PAGO;90101312;13:01:00.424042;13:01:00.453815;29773
10;20;PAGO;81708608;13:01:00.424446;13:01:00.454834;30388
10;20;PAGO;73315904;13:01:00.424831;13:01:00.455771;30940
10;20;PAGO;-740301248;13:01:00.403575;13:01:00.457832;54257
10;20;PAGO;-748693952;13:01:00.403924;13:01:00.458132;54208
10;20;PAGO;-757086656;13:01:00.407696;13:01:00.458198;50502
10;20;PAGO;-765479360;13:01:00.408542;13:01:00.458753;50211
10;20;PAGO;-773872064;13:01:00.409415;13:01:00.458847;49432
10;20;PAGO;-782264768;13:01:00.410127;13:01:00.459878;49751
10;20;PAGO;-790657472;13:01:00.411239;13:01:00.460666;49427
10;20;PAGO;-799050176;13:01:00.414384;13:01:00.461645;47261
10;20;PAGO;-807442880;13:01:00.415225;13:01:00.462652;47427
10;20;PAGO;-815835584;13:01:00.415630;13:01:00.463608;47978
10;20;PAGO;-824228288;13:01:00.416208;13:01:00.464560;48352
10;20;PAGO;-832620992;13:01:00.416599;13:01:00.464858;48259
10;20;PAGO;-841013696;13:01:00.418733;13:01:00.465571;46838
10;20;PAGO;-849406400;13:01:00.419009;13:01:00.466543;47534
10;20;PAGO;-857799104;13:01:00.422769;13:01:00.466600;43831
10;20;PAGO;-866191808;13:01:00.422966;13:01:00.466650;43684
10;20;PAGO;-874584512;13:01:00.423387;13:01:00.466832;43445
10;20;PAGO;-882977216;13:01:00.423866;13:01:00.466967;43101
10;20;PAGO;-891369920;13:01:00.424269;13:01:00.467472;43203
10;20;PAGO;-899762624;13:01:00.424700;13:01:00.467935;43235
10;20;PAGO;-404756928;13:01:00.403551;13:01:00.468756;65205
10;20;PAGO;-413149632;13:01:00.407133;13:01:00.469580;62447
10;20;PAGO;-421542336;13:01:00.407608;13:01:00.470114;62506
10;20;PAGO;-429935040;13:01:00.409039;13:01:00.470166;61127
10;20;PAGO;-438327744;13:01:00.409495;13:01:00.470220;60725
10;20;PAGO;-446720448;13:01:00.410259;13:01:00.470433;60174
10;20;PAGO;-455113152;13:01:00.414113;13:01:00.471381;57268
10;20;PAGO;-463505856;13:01:00.414543;13:01:00.472442;57899
10;20;PAGO;-471898560;13:01:00.415179;13:01:00.472540;57361
10;20;PAGO;-480291264;13:01:00.415594;13:01:00.473239;57645
10;20;PAGO;-488683968;13:01:00.416174;13:01:00.473311;57137
10;20;PAGO;-497076672;13:01:00.416565;13:01:00.474377;57812
10;20;PAGO;-505469376;13:01:00.417332;13:01:00.475297;57965
10;20;PAGO;-513862080;13:01:00.419145;13:01:00.475349;56204
10;20;PAGO;-522254784;13:01:00.422635;13:01:00.475397;52762
10;20;PAGO;-530647488;13:01:00.423239;13:01:00.475445;52206
10;20;PAGO;-539040192;13:01:00.423758;13:01:00.475499;51741
10;20;PAGO;-547432896;13:01:00.424166;13:01:00.476273;52107
10;20;PAGO;-555825600;13:01:00.424615;13:01:00.477293;52678
10;20;PAGO;-564218304;13:01:00.424891;13:01:00.477925;53034
10;20;PAGO;-1981815232;13:01:00.407634;13:01:00.478766;71132
10;20;PAGO;-1990207936;13:01:00.408408;13:01:00.479393;70985
10;20;PAGO;-1998600640;13:01:00.409293;13:01:00.480244;70951
10;20;PAGO;-2006993344;13:01:00.409697;13:01:00.481164;71467
10;20;PAGO;-2015386048;13:01:00.411176;13:01:00.481218;70042
10;20;PAGO;-2023778752;13:01:00.414300;13:01:00.481275;66975
10;20;PAGO;-2032171456;13:01:00.415072;13:01:00.481324;66252
10;20;PAGO;-2040564160;13:01:00.415489;13:01:00.481372;65883
10;20;PAGO;-2048956864;13:01:00.416068;13:01:00.482140;66072
10;20;PAGO;-2057349568;13:01:00.416442;13:01:00.482197;65755
10;20;PAGO;-2065742272;13:01:00.418485;13:01:00.483175;64690
10;20;PAGO;-2074134976;13:01:00.419050;13:01:00.484089;65039
10;20;PAGO;-2082527680;13:01:00.419520;13:01:00.485079;65559
10;20;PAGO;-2090920384;13:01:00.423030;13:01:00.486063;63033
10;20;PAGO;-2099313088;13:01:00.423473;13:01:00.486116;62643
10;20;PAGO;-2107705792;13:01:00.423940;13:01:00.486165;62225
10;20;PAGO;-2116098496;13:01:00.424344;13:01:00.486213;61869
10;20;PAGO;-2124491200;13:01:00.424781;13:01:00.487076;62295
10;20;PAGO;-2132883904;13:01:00.424965;13:01:00.487952;62987
10;20;PAGO;-2141276608;13:01:00.425024;13:01:00.488005;62981
10;20;PAGO;507504192;13:01:00.403625;13:01:00.488778;85153
10;20;PAGO;499111488;13:01:00.407135;13:01:00.489132;81997
10;20;PAGO;490718784;13:01:00.407629;13:01:00.490006;82377
10;20;PAGO;482326080;13:01:00.408491;13:01:00.490939;82448
10;20;PAGO;473933376;13:01:00.409353;13:01:00.491903;82550
10;20;PAGO;465540672;13:01:00.409750;13:01:00.492889;83139
10;20;PAGO;457147968;13:01:00.411326;13:01:00.492949;81623
10;20;PAGO;448755264;13:01:00.414439;13:01:00.492999;78560
10;20;PAGO;440362560;13:01:00.415004;13:01:00.493058;78054
10;20;PAGO;431969856;13:01:00.415418;13:01:00.493863;78445
10;20;PAGO;423577152;13:01:00.415987;13:01:00.494889;78902
10;20;PAGO;415184448;13:01:00.416378;13:01:00.495786;79408
10;20;PAGO;406791744;13:01:00.417239;13:01:00.495840;78601
10;20;PAGO;398399040;13:01:00.419080;13:01:00.496792;77712
10;20;PAGO;390006336;13:01:00.419503;13:01:00.497773;78270
10;20;PAGO;381613632;13:01:00.423062;13:01:00.497827;74765
10;20;PAGO;373220928;13:01:00.423445;13:01:00.497878;74433
10;20;PAGO;364828224;13:01:00.423994;13:01:00.497927;73933
10;20;PAGO;356435520;13:01:00.424393;13:01:00.498003;73610
10;20;PAGO;348042816;13:01:00.424843;13:01:00.498804;73961
10;20;PAGO;-1975523776;13:01:00.403600;13:01:00.499757;96157
10;20;PAGO;-1983916480;13:01:00.407178;13:01:00.500298;93120
10;20;PAGO;-1992309184;13:01:00.407714;13:01:00.500378;92664
10;20;PAGO;-2000701888;13:01:00.408521;13:01:00.500687;92166
10;20;PAGO;-2009094592;13:01:00.409355;13:01:00.501655;92300
10;20;PAGO;-2017487296;13:01:00.409767;13:01:00.501771;92004
10;20;PAGO;-2025880000;13:01:00.411300;13:01:00.501826;90526
10;20;PAGO;-2034272704;13:01:00.414403;13:01:00.507380;92977
10;20;PAGO;-2042665408;13:01:00.415027;13:01:00.507497;92470
10;20;PAGO;-2051058112;13:01:00.415435;13:01:00.507939;92504
10;20;PAGO;-2059450816;13:01:00.416004;13:01:00.508496;92492
10;20;PAGO;-2067843520;13:01:00.416405;13:01:00.509500;93095
10;20;PAGO;-2076236224;13:01:00.418450;13:01:00.510501;92051
10;20;PAGO;-2084628928;13:01:00.419201;13:01:00.511414;92213
10;20;PAGO;-2093021632;13:01:00.422742;13:01:00.513661;90919
10;20;PAGO;-2101414336;13:01:00.423103;13:01:00.513717;90614
10;20;PAGO;-2109807040;13:01:00.423605;13:01:00.513765;90160
10;20;PAGO;-2118199744;13:01:00.424026;13:01:00.513813;89787
10;20;PAGO;-2126592448;13:01:00.424430;13:01:00.513867;89437
10;20;PAGO;-2134985152;13:01:00.424819;13:01:00.514398;89579
10;20;PAGO;1407182400;13:01:00.409155;13:01:00.515626;106471
10;20;PAGO;1390396992;13:01:00.410369;13:01:00.516448;106079
10;20;PAGO;1382004288;13:01:00.414195;13:01:00.517286;103091
10;20;PAGO;1373611584;13:01:00.414619;13:01:00.517383;102764
10;20;PAGO;1365218880;13:01:00.415302;13:01:00.517944;102642
10;20;PAGO;1356826176;13:01:00.415883;13:01:00.528268;112385
10;20;PAGO;1348433472;13:01:00.416282;13:01:00.528744;112462
10;20;PAGO;1340040768;13:01:00.417179;13:01:00.528978;111799
10;20;PAGO;1331648064;13:01:00.419223;13:01:00.529978;110755
10;20;PAGO;1323255360;13:01:00.422762;13:01:00.530994;108232
10;20;PAGO;1314862656;13:01:00.423087;13:01:00.531930;108843
10;20;PAGO;1306469952;13:01:00.423570;13:01:00.532919;109349
10;20;PAGO;1298077248;13:01:00.423962;13:01:00.533881;109919
10;20;PAGO;1289684544;13:01:00.424369;13:01:00.534887;110518
10;20;PAGO;1281291840;13:01:00.424791;13:01:00.535867;111076
10;20;PAGO;1272899136;13:01:00.424967;13:01:00.536802;111835
10;20;PAGO;1264506432;13:01:00.425025;13:01:00.537765;112740
10;20;PAGO;1256113728;13:01:00.425056;13:01:00.537964;112908
10;20;PAGO;1247721024;13:01:00.425076;13:01:00.538022;112946
10;20;PAGO;1398789696;13:01:00.409571;13:01:00.551508;141937
10;20;PAGO;-1547704768;13:01:00.403525;13:01:00.538086;134561
10;20;PAGO;-1564490176;13:01:00.407659;13:01:00.539018;131359
10;20;PAGO;-1572882880;13:01:00.408467;13:01:00.539736;131269
10;20;PAGO;-1581275584;13:01:00.409388;13:01:00.539815;130427
10;20;PAGO;-1589668288;13:01:00.410079;13:01:00.540724;130645
10;20;PAGO;-1598060992;13:01:00.411278;13:01:00.541710;130432
10;20;PAGO;-1606453696;13:01:00.414421;13:01:00.542788;128367
10;20;PAGO;-1614846400;13:01:00.414985;13:01:00.543646;128661
10;20;PAGO;-1623239104;13:01:00.415467;13:01:00.544602;129135
10;20;PAGO;-1631631808;13:01:00.416048;13:01:00.545584;129536
10;20;PAGO;-1640024512;13:01:00.416458;13:01:00.546615;130157
10;20;PAGO;-1648417216;13:01:00.417276;13:01:00.546669;129393
10;20;PAGO;-1656809920;13:01:00.419175;13:01:00.546718;127543
10;20;PAGO;-1665202624;13:01:00.422720;13:01:00.546777;124057
10;20;PAGO;-1673595328;13:01:00.423119;13:01:00.547538;124419
10;20;PAGO;-1681988032;13:01:00.423649;13:01:00.547974;124325
10;20;PAGO;-1690380736;13:01:00.424068;13:01:00.548506;124438
10;20;PAGO;-1698773440;13:01:00.424519;13:01:00.548561;124042
10;20;PAGO;-1707166144;13:01:00.424845;13:01:00.548618;123773
10;20;PAGO;-1556097472;13:01:00.403944;13:01:00.559353;155409
10;20;PAGO;429909568;13:01:00.400973;13:01:00.437339;36366
10;20;PAGO;387946048;13:01:00.409118;13:01:00.438363;29245
10;20;PAGO;379553344;13:01:00.409540;13:01:00.438753;29213
10;20;PAGO;371160640;13:01:00.410302;13:01:00.439191;28889
10;20;PAGO;362767936;13:01:00.414162;13:01:00.440156;25994
10;20;PAGO;354375232;13:01:00.414590;13:01:00.441126;26536
10;20;PAGO;345982528;13:01:00.415275;13:01:00.442107;26832
10;20;PAGO;337589824;13:01:00.415832;13:01:00.442166;26334
10;20;PAGO;329197120;13:01:00.416255;13:01:00.442216;25961
10;20;PAGO;320804416;13:01:00.418786;13:01:00.443111;24325
10;20;PAGO;312411712;13:01:00.419250;13:01:00.443164;23914
10;20;PAGO;304019008;13:01:00.422796;13:01:00.443217;20421
10;20;PAGO;295626304;13:01:00.423147;13:01:00.443266;20119
10;20;PAGO;287233600;13:01:00.423675;13:01:00.443314;19639
10;20;PAGO;278840896;13:01:00.424091;13:01:00.443371;19280
10;20;PAGO;270448192;13:01:00.424533;13:01:00.444056;19523
10;20;PAGO;421516864;13:01:00.403325;13:01:00.549550;146225
10;20;PAGO;413124160;13:01:00.403752;13:01:00.558250;154498
10;20;PAGO;404731456;13:01:00.407397;13:01:00.565112;157715
10;20;PAGO;396338752;13:01:00.407817;13:01:00.566145;158328


25;50;PAGO;-1065359808;13:01:35.874956;13:01:36.468776;593820
25;50;PAGO;-1073752512;13:01:35.880882;13:01:36.469301;588419
25;50;PAGO;-1082145216;13:01:35.890798;13:01:36.470103;579305
25;50;PAGO;-1090537920;13:01:35.897590;13:01:36.470161;572571
25;50;PAGO;-1098930624;13:01:35.908120;13:01:36.470212;562092
25;50;PAGO;-1107323328;13:01:35.914137;13:01:36.471123;556986
25;50;PAGO;-1115716032;13:01:35.923360;13:01:36.472041;548681
25;50;PAGO;-1124108736;13:01:35.924553;13:01:36.472098;547545
25;50;PAGO;-1132501440;13:01:35.925838;13:01:36.473043;547205
25;50;PAGO;-1140894144;13:01:35.927161;13:01:36.473992;546831
25;50;PAGO;-1149286848;13:01:35.928222;13:01:36.474045;545823
25;50;PAGO;-1157679552;13:01:35.929691;13:01:36.474101;544410
25;50;PAGO;-1166072256;13:01:35.935084;13:01:36.474158;539074
25;50;PAGO;-1174464960;13:01:35.936226;13:01:36.474207;537981
25;50;PAGO;-1182857664;13:01:35.937458;13:01:36.475036;537578
25;50;PAGO;-1191250368;13:01:35.942481;13:01:36.475089;532608
25;50;PAGO;-1199643072;13:01:35.955198;13:01:36.475982;520784
25;50;PAGO;-1208035776;13:01:35.957138;13:01:36.476934;519796
25;50;PAGO;-1216428480;13:01:35.958600;13:01:36.477933;519333
25;50;PAGO;-1224821184;13:01:35.960487;13:01:36.478027;517540
25;50;PAGO;-1233213888;13:01:35.967544;13:01:36.478536;510992
25;50;PAGO;-1241606592;13:01:35.970127;13:01:36.478631;508504
25;50;PAGO;-1249999296;13:01:35.971277;13:01:36.478916;507639
25;50;PAGO;-1258392000;13:01:35.974358;13:01:36.479886;505528
25;50;PAGO;-1266784704;13:01:35.978491;13:01:36.480862;502371
25;50;PAGO;-1275177408;13:01:35.979656;13:01:36.480923;501267
25;50;PAGO;-1283570112;13:01:35.982927;13:01:36.480975;498048
25;50;PAGO;-1291962816;13:01:35.984277;13:01:36.481034;496757
25;50;PAGO;-1300355520;13:01:35.985657;13:01:36.481085;495428
25;50;PAGO;-1308748224;13:01:35.987698;13:01:36.481158;493460
25;50;PAGO;-1317140928;13:01:35.989725;13:01:36.481841;492116
25;50;PAGO;-1325533632;13:01:35.996197;13:01:36.481915;485718
25;50;PAGO;-1333926336;13:01:35.998744;13:01:36.482866;484122
25;50;PAGO;-1342319040;13:01:36.001734;13:01:36.483793;482059
25;50;PAGO;-1350711744;13:01:36.006925;13:01:36.484774;477849
25;50;PAGO;-1359104448;13:01:36.008477;13:01:36.485764;477287
25;50;PAGO;-1367497152;13:01:36.009357;13:01:36.485939;476582
25;50;PAGO;-1375889856;13:01:36.413875;13:01:36.486768;72893
25;50;PAGO;-1384282560;13:01:36.415504;13:01:36.487761;72257
25;50;PAGO;-1392675264;13:01:36.417407;13:01:36.487818;70411
25;50;PAGO;-1401067968;13:01:36.426871;13:01:36.487868;60997
25;50;PAGO;-1409460672;13:01:36.429608;13:01:36.487928;58320
25;50;PAGO;-1417853376;13:01:36.432793;13:01:36.488680;55887
25;50;PAGO;-1426246080;13:01:36.439400;13:01:36.489652;50252
25;50;PAGO;-1434638784;13:01:36.443946;13:01:36.490658;46712
25;50;PAGO;-1443031488;13:01:36.446479;13:01:36.491633;45154
25;50;PAGO;-1451424192;13:01:36.449407;13:01:36.492555;43148
25;50;PAGO;-1459816896;13:01:36.454626;13:01:36.493567;38941
25;50;PAGO;-1468209600;13:01:36.455665;13:01:36.493622;37957
25;50;PAGO;-1476602304;13:01:36.456205;13:01:36.493681;37476
25;50;PAGO;-1442847168;13:01:35.875066;13:01:36.494592;619526
25;50;PAGO;-1451239872;13:01:35.881043;13:01:36.495672;614629
25;50;PAGO;-1459632576;13:01:35.889964;13:01:36.495943;605979
25;50;PAGO;-1468025280;13:01:35.897593;13:01:36.496492;598899
25;50;PAGO;-1476417984;13:01:35.908409;13:01:36.496732;588323
25;50;PAGO;-1484810688;13:01:35.914053;13:01:36.496784;582731
25;50;PAGO;-1493203392;13:01:35.923485;13:01:36.496832;573347
25;50;PAGO;-1501596096;13:01:35.924758;13:01:36.496887;572129
25;50;PAGO;-1509988800;13:01:35.926007;13:01:36.497522;571515
25;50;PAGO;-1518381504;13:01:35.927344;13:01:36.497588;570244
25;50;PAGO;-1526774208;13:01:35.928433;13:01:36.498483;570050
25;50;PAGO;-1535166912;13:01:35.934056;13:01:36.499390;565334
25;50;PAGO;-1543559616;13:01:35.935292;13:01:36.499471;564179
25;50;PAGO;-1551952320;13:01:35.936539;13:01:36.500392;563853
25;50;PAGO;-1560345024;13:01:35.937608;13:01:36.501380;563772
25;50;PAGO;-1568737728;13:01:35.942661;13:01:36.502443;559782
25;50;PAGO;-1577130432;13:01:35.955364;13:01:36.503330;547966
25;50;PAGO;-1585523136;13:01:35.956108;13:01:36.504128;548020
25;50;PAGO;-1593915840;13:01:35.957996;13:01:36.504330;546334
25;50;PAGO;-1602308544;13:01:35.959290;13:01:36.505039;545749
25;50;PAGO;-1610701248;13:01:35.961058;13:01:36.505256;544198
25;50;PAGO;-1619093952;13:01:35.965475;13:01:36.505423;539948
25;50;PAGO;-1627486656;13:01:35.970406;13:01:36.505546;535140
25;50;PAGO;-1635879360;13:01:35.971549;13:01:36.505806;534257
25;50;PAGO;-1644272064;13:01:35.973815;13:01:36.505943;532128
25;50;PAGO;-1652664768;13:01:35.978725;13:01:36.506255;527530
25;50;PAGO;-1661057472;13:01:35.980077;13:01:36.506642;526565
25;50;PAGO;-1669450176;13:01:35.983063;13:01:36.506803;523740
25;50;PAGO;-1677842880;13:01:35.984151;13:01:36.506992;522841
25;50;PAGO;-1686235584;13:01:35.985602;13:01:36.507198;521596
25;50;PAGO;-1694628288;13:01:35.988951;13:01:36.507827;518876
25;50;PAGO;-1703020992;13:01:35.991305;13:01:36.507946;516641
25;50;PAGO;-1711413696;13:01:35.996295;13:01:36.508173;511878
25;50;PAGO;-1719806400;13:01:35.998700;13:01:36.508643;509943
25;50;PAGO;-1728199104;13:01:36.001480;13:01:36.508829;507349
25;50;PAGO;-1736591808;13:01:36.002519;13:01:36.509156;506637
25;50;PAGO;-1744984512;13:01:36.007765;13:01:36.509331;501566
25;50;PAGO;-1753377216;13:01:36.008950;13:01:36.509889;500939
25;50;PAGO;-1761769920;13:01:36.010067;13:01:36.510005;499938
25;50;PAGO;-1770162624;13:01:36.414222;13:01:36.510122;95900
25;50;PAGO;-1778555328;13:01:36.415709;13:01:36.510799;95090
25;50;PAGO;-1786948032;13:01:36.418038;13:01:36.511126;93088
25;50;PAGO;-1795340736;13:01:36.427407;13:01:36.511181;83774
25;50;PAGO;-1803733440;13:01:36.429824;13:01:36.511949;82125
25;50;PAGO;-1812126144;13:01:36.434504;13:01:36.512101;77597
25;50;PAGO;-1820518848;13:01:36.439451;13:01:36.512157;72706
25;50;PAGO;-1828911552;13:01:36.442222;13:01:36.512207;69985
25;50;PAGO;-1837304256;13:01:36.446350;13:01:36.513116;66766
25;50;PAGO;-1845696960;13:01:36.449669;13:01:36.514264;64595
25;50;PAGO;-1854089664;13:01:36.454661;13:01:36.515098;60437
25;50;PAGO;1262478912;13:01:35.876109;13:01:36.702591;826482
25;50;PAGO;1254086208;13:01:35.882782;13:01:36.703723;820941
25;50;PAGO;1245693504;13:01:35.892657;13:01:36.703783;811126
25;50;PAGO;1237300800;13:01:35.903457;13:01:36.704568;801111
25;50;PAGO;1228908096;13:01:35.911689;13:01:36.704751;793062
25;50;PAGO;1220515392;13:01:35.916323;13:01:36.705488;789165
25;50;PAGO;1212122688;13:01:35.923841;13:01:36.706050;782209
25;50;PAGO;1203729984;13:01:35.925072;13:01:36.706107;781035
25;50;PAGO;1195337280;13:01:35.926552;13:01:36.706158;779606
25;50;PAGO;1186944576;13:01:35.927625;13:01:36.706208;778583
25;50;PAGO;1178551872;13:01:35.928671;13:01:36.706503;777832
25;50;PAGO;1170159168;13:01:35.934331;13:01:36.706841;772510
25;50;PAGO;1161766464;13:01:35.935491;13:01:36.707441;771950
25;50;PAGO;1153373760;13:01:35.936767;13:01:36.708454;771687
25;50;PAGO;1144981056;13:01:35.938296;13:01:36.709392;771096
25;50;PAGO;1136588352;13:01:35.954785;13:01:36.710428;755643
25;50;PAGO;1128195648;13:01:35.955591;13:01:36.710491;754900
25;50;PAGO;1119802944;13:01:35.957783;13:01:36.710556;752773
25;50;PAGO;1111410240;13:01:35.958602;13:01:36.711342;752740
25;50;PAGO;1103017536;13:01:35.960120;13:01:36.712329;752209
25;50;PAGO;1094624832;13:01:35.967630;13:01:36.713303;745673
25;50;PAGO;1086232128;13:01:35.970727;13:01:36.714285;743558
25;50;PAGO;1077839424;13:01:35.971966;13:01:36.715343;743377
25;50;PAGO;1069446720;13:01:35.974556;13:01:36.719288;744732
25;50;PAGO;1061054016;13:01:35.979139;13:01:36.720146;741007
25;50;PAGO;1052661312;13:01:35.980309;13:01:36.721117;740808
25;50;PAGO;1044268608;13:01:35.983341;13:01:36.722069;738728
25;50;PAGO;1035875904;13:01:35.984479;13:01:36.722122;737643
25;50;PAGO;1027483200;13:01:35.987012;13:01:36.722171;735159
25;50;PAGO;1019090496;13:01:35.989215;13:01:36.722224;733009
25;50;PAGO;1010697792;13:01:35.991547;13:01:36.723091;731544
25;50;PAGO;1002305088;13:01:35.996959;13:01:36.724042;727083
25;50;PAGO;993912384;13:01:35.999505;13:01:36.725010;725505
25;50;PAGO;985519680;13:01:36.001862;13:01:36.726037;724175
25;50;PAGO;977126976;13:01:36.007014;13:01:36.726090;719076
25;50;PAGO;968734272;13:01:36.008288;13:01:36.726139;717851
25;50;PAGO;960341568;13:01:36.009325;13:01:36.726187;716862
25;50;PAGO;951948864;13:01:36.413905;13:01:36.726243;312338
25;50;PAGO;943556160;13:01:36.415448;13:01:36.726849;311401
25;50;PAGO;935163456;13:01:36.417428;13:01:36.726964;309536
25;50;PAGO;926770752;13:01:36.427386;13:01:36.727964;300578
25;50;PAGO;918378048;13:01:36.429803;13:01:36.728040;298237
25;50;PAGO;909985344;13:01:36.434549;13:01:36.728099;293550
25;50;PAGO;901592640;13:01:36.439868;13:01:36.728150;288282
25;50;PAGO;893199936;13:01:36.442934;13:01:36.728776;285842
25;50;PAGO;884807232;13:01:36.446308;13:01:36.728889;282581
25;50;PAGO;876414528;13:01:36.449021;13:01:36.729904;280883
25;50;PAGO;868021824;13:01:36.451400;13:01:36.730931;279531
25;50;PAGO;859629120;13:01:36.455448;13:01:36.731860;276412
25;50;PAGO;851236416;13:01:36.456106;13:01:36.732826;276720
25;50;PAGO;432006720;13:01:35.877568;13:01:36.734800;857232
25;50;PAGO;423614016;13:01:35.889765;13:01:36.735918;846153
25;50;PAGO;415221312;13:01:35.896529;13:01:36.735977;839448
25;50;PAGO;406828608;13:01:35.906477;13:01:36.736069;829592
25;50;PAGO;398435904;13:01:35.915983;13:01:36.736317;820334
25;50;PAGO;390043200;13:01:35.923608;13:01:36.736734;813126
25;50;PAGO;381650496;13:01:35.924786;13:01:36.736855;812069
25;50;PAGO;373257792;13:01:35.926032;13:01:36.737701;811669
25;50;PAGO;364865088;13:01:35.927369;13:01:36.738568;811199
25;50;PAGO;356472384;13:01:35.928459;13:01:36.738680;810221
25;50;PAGO;348079680;13:01:35.934096;13:01:36.739667;805571
25;50;PAGO;339686976;13:01:35.935324;13:01:36.740633;805309
25;50;PAGO;331294272;13:01:35.936659;13:01:36.740684;804025
25;50;PAGO;322901568;13:01:35.937762;13:01:36.740740;802978
25;50;PAGO;314508864;13:01:35.954755;13:01:36.740794;786039
25;50;PAGO;306116160;13:01:35.955482;13:01:36.740850;785368
25;50;PAGO;297723456;13:01:35.957895;13:01:36.741616;783721
25;50;PAGO;289330752;13:01:35.959213;13:01:36.742029;782816
25;50;PAGO;280938048;13:01:35.961265;13:01:36.742092;780827
25;50;PAGO;272545344;13:01:35.965606;13:01:36.742608;777002
25;50;PAGO;264152640;13:01:35.970151;13:01:36.743440;773289
25;50;PAGO;255759936;13:01:35.971449;13:01:36.743534;772085
25;50;PAGO;247367232;13:01:35.974384;13:01:36.744524;770140
25;50;PAGO;238974528;13:01:35.978379;13:01:36.745503;767124
25;50;PAGO;230581824;13:01:35.979638;13:01:36.746058;766420
25;50;PAGO;222189120;13:01:35.980766;13:01:36.746108;765342
25;50;PAGO;213796416;13:01:35.983705;13:01:36.746156;762451
25;50;PAGO;205403712;13:01:35.985016;13:01:36.746210;761194
25;50;PAGO;197011008;13:01:35.988994;13:01:36.746548;757554
25;50;PAGO;188618304;13:01:35.991244;13:01:36.747538;756294
25;50;PAGO;180225600;13:01:35.996587;13:01:36.748454;751867
25;50;PAGO;171832896;13:01:35.997969;13:01:36.749433;751464
25;50;PAGO;163440192;13:01:36.001634;13:01:36.749491;747857
25;50;PAGO;155047488;13:01:36.006798;13:01:36.749541;742743
25;50;PAGO;146654784;13:01:36.008333;13:01:36.749589;741256
25;50;PAGO;138262080;13:01:36.009564;13:01:36.750461;740897
25;50;PAGO;129869376;13:01:36.413739;13:01:36.751347;337608
25;50;PAGO;121476672;13:01:36.415523;13:01:36.752336;336813
25;50;PAGO;113083968;13:01:36.416607;13:01:36.753317;336710
25;50;PAGO;104691264;13:01:36.427587;13:01:36.754295;326708
25;50;PAGO;96298560;13:01:36.431436;13:01:36.755304;323868
25;50;PAGO;87905856;13:01:36.437595;13:01:36.756088;318493
25;50;PAGO;79513152;13:01:36.439429;13:01:36.756145;316716
25;50;PAGO;71120448;13:01:36.442833;13:01:36.756291;313458
25;50;PAGO;62727744;13:01:36.445855;13:01:36.756894;311039
25;50;PAGO;54335040;13:01:36.449081;13:01:36.757218;308137
25;50;PAGO;45942336;13:01:36.451273;13:01:36.758193;306920
25;50;PAGO;37549632;13:01:36.455392;13:01:36.759246;303854
25;50;PAGO;29156928;13:01:36.456070;13:01:36.760173;304103
25;50;PAGO;20764224;13:01:36.456301;13:01:36.761138;304837
25;50;PAGO;-924850624;13:01:35.876173;13:01:36.763112;886939
25;50;PAGO;-933243328;13:01:35.882084;13:01:36.763327;881243
25;50;PAGO;-941636032;13:01:35.892808;13:01:36.764162;871354
25;50;PAGO;-950028736;13:01:35.903526;13:01:36.765743;862217
25;50;PAGO;-958421440;13:01:35.912240;13:01:36.766044;853804
25;50;PAGO;-966814144;13:01:35.922693;13:01:36.766110;843417
25;50;PAGO;-975206848;13:01:35.924015;13:01:36.766195;842180
25;50;PAGO;-983599552;13:01:35.925287;13:01:36.767089;841802
25;50;PAGO;-991992256;13:01:35.926644;13:01:36.768025;841381
25;50;PAGO;-1000384960;13:01:35.927749;13:01:36.768109;840360
25;50;PAGO;-1008777664;13:01:35.928834;13:01:36.768965;840131
25;50;PAGO;-1017170368;13:01:35.934527;13:01:36.769943;835416
25;50;PAGO;-1025563072;13:01:35.935782;13:01:36.770995;835213
25;50;PAGO;-1033955776;13:01:35.937115;13:01:36.771051;833936
25;50;PAGO;-1042348480;13:01:35.938529;13:01:36.771890;833361
25;50;PAGO;-1050741184;13:01:35.954924;13:01:36.772867;817943
25;50;PAGO;-1059133888;13:01:35.956202;13:01:36.773857;817655
25;50;PAGO;-1067526592;13:01:35.958028;13:01:36.774868;816840
25;50;PAGO;-1075919296;13:01:35.959246;13:01:36.775801;816555
25;50;PAGO;-1084312000;13:01:35.961396;13:01:36.775855;814459
25;50;PAGO;-1092704704;13:01:35.965604;13:01:36.775909;810305
25;50;PAGO;-1101097408;13:01:35.968338;13:01:36.775958;807620
25;50;PAGO;-1109490112;13:01:35.971782;13:01:36.776006;804224
25;50;PAGO;-1117882816;13:01:35.974312;13:01:36.776073;801761
25;50;PAGO;-1126275520;13:01:35.978556;13:01:36.776774;798218
25;50;PAGO;-1134668224;13:01:35.979814;13:01:36.777783;797969
25;50;PAGO;-1143060928;13:01:35.982944;13:01:36.777886;794942
25;50;PAGO;-1151453632;13:01:35.984204;13:01:36.778745;794541
25;50;PAGO;-1159846336;13:01:35.985620;13:01:36.779711;794091
25;50;PAGO;-1168239040;13:01:35.988970;13:01:36.780684;791714
25;50;PAGO;-1176631744;13:01:35.991208;13:01:36.780788;789580
25;50;PAGO;-1185024448;13:01:35.996630;13:01:36.780851;784221
25;50;PAGO;-1193417152;13:01:35.998024;13:01:36.781671;783647
25;50;PAGO;-1201809856;13:01:36.001802;13:01:36.782667;780865
25;50;PAGO;-1210202560;13:01:36.006694;13:01:36.783573;776879
25;50;PAGO;-1218595264;13:01:36.008550;13:01:36.784559;776009
25;50;PAGO;-1226987968;13:01:36.009663;13:01:36.785533;775870
25;50;PAGO;-1235380672;13:01:36.413933;13:01:36.786089;372156
25;50;PAGO;-1243773376;13:01:36.414940;13:01:36.786142;371202
25;50;PAGO;-1252166080;13:01:36.416095;13:01:36.786192;370097
25;50;PAGO;-1260558784;13:01:36.418447;13:01:36.786540;368093
25;50;PAGO;-1268951488;13:01:36.427874;13:01:36.786875;359001
25;50;PAGO;-1277344192;13:01:36.431701;13:01:36.787487;355786
25;50;PAGO;-1285736896;13:01:36.437267;13:01:36.788479;351212
25;50;PAGO;-1294129600;13:01:36.439541;13:01:36.789440;349899
25;50;PAGO;-1302522304;13:01:36.443124;13:01:36.790460;347336
25;50;PAGO;-1310915008;13:01:36.446135;13:01:36.791393;345258
25;50;PAGO;-1319307712;13:01:36.448887;13:01:36.791445;342558
25;50;PAGO;-1327700416;13:01:36.451294;13:01:36.791500;340206
25;50;PAGO;-1336093120;13:01:36.455399;13:01:36.791551;336152
25;50;PAGO;1564468800;13:01:35.877593;13:01:36.792371;914778
25;50;PAGO;1556076096;13:01:35.887522;13:01:36.793495;905973
25;50;PAGO;1547683392;13:01:35.896270;13:01:36.793560;897290
25;50;PAGO;1539290688;13:01:35.903604;13:01:36.793791;890187
25;50;PAGO;1530897984;13:01:35.912353;13:01:36.794345;881992
25;50;PAGO;1522505280;13:01:35.922824;13:01:36.795298;872474
25;50;PAGO;1514112576;13:01:35.924128;13:01:36.796106;871978
25;50;PAGO;1505719872;13:01:35.925394;13:01:36.796284;870890
25;50;PAGO;1497327168;13:01:35.926755;13:01:36.796881;870126
25;50;PAGO;1488934464;13:01:35.927852;13:01:36.797250;869398
25;50;PAGO;1480541760;13:01:35.928933;13:01:36.797354;868421
25;50;PAGO;1472149056;13:01:35.934637;13:01:36.798299;863662
25;50;PAGO;1463756352;13:01:35.935932;13:01:36.799332;863400
25;50;PAGO;1455363648;13:01:35.937177;13:01:36.800207;863030
25;50;PAGO;1446970944;13:01:35.938628;13:01:36.801186;862558
25;50;PAGO;1438578240;13:01:35.955006;13:01:36.802163;847157
25;50;PAGO;1430185536;13:01:35.957334;13:01:36.802217;844883
25;50;PAGO;1421792832;13:01:35.958871;13:01:36.803175;844304
25;50;PAGO;1413400128;13:01:35.961210;13:01:36.803228;842018
25;50;PAGO;1405007424;13:01:35.965610;13:01:36.803283;837673
25;50;PAGO;1396614720;13:01:35.968317;13:01:36.803333;835016
25;50;PAGO;1388222016;13:01:35.971614;13:01:36.803392;831778
25;50;PAGO;1379829312;13:01:35.973925;13:01:36.804128;830203
25;50;PAGO;1371436608;13:01:35.978402;13:01:36.805173;826771
25;50;PAGO;1363043904;13:01:35.979855;13:01:36.806031;826176
25;50;PAGO;1354651200;13:01:35.983251;13:01:36.806084;822833
25;50;PAGO;1346258496;13:01:35.984294;13:01:36.806133;821839
25;50;PAGO;1337865792;13:01:35.985639;13:01:36.806188;820549
25;50;PAGO;1329473088;13:01:35.988910;13:01:36.806239;817329
25;50;PAGO;1321080384;13:01:35.991184;13:01:36.806919;815735
25;50;PAGO;1312687680;13:01:35.996649;13:01:36.807003;810354
25;50;PAGO;1304294976;13:01:35.997856;13:01:36.807990;810134
25;50;PAGO;1295902272;13:01:36.001832;13:01:36.808044;806212
25;50;PAGO;1287509568;13:01:36.006874;13:01:36.808093;801219
25;50;PAGO;1279116864;13:01:36.008246;13:01:36.808142;799896
25;50;PAGO;1270724160;13:01:36.009607;13:01:36.808964;799357
25;50;PAGO;1262331456;13:01:36.413795;13:01:36.809987;396192
25;50;PAGO;1253938752;13:01:36.415408;13:01:36.810993;395585
25;50;PAGO;1245546048;13:01:36.418086;13:01:36.811937;393851
25;50;PAGO;1237153344;13:01:36.425362;13:01:36.812896;387534
25;50;PAGO;1228760640;13:01:36.429735;13:01:36.813880;384145
25;50;PAGO;1220367936;13:01:36.437117;13:01:36.813940;376823
25;50;PAGO;1211975232;13:01:36.439607;13:01:36.813998;374391
25;50;PAGO;1203582528;13:01:36.442960;13:01:36.814057;371097
25;50;PAGO;1195189824;13:01:36.446268;13:01:36.814107;367839
25;50;PAGO;1186797120;13:01:36.448798;13:01:36.814154;365356
25;50;PAGO;1178404416;13:01:36.451247;13:01:36.814210;362963
25;50;PAGO;1170011712;13:01:36.455619;13:01:36.814894;359275
25;50;PAGO;1161619008;13:01:36.456184;13:01:36.815825;359641
25;50;PAGO;1153226304;13:01:36.456445;13:01:36.816102;359657
25;0;PAGO;-568334784;13:01:35.874917;13:01:36.431473;556556
25;0;PAGO;-576727488;13:01:35.880923;13:01:36.435254;554331
25;0;PAGO;-912435648;13:01:36.423082;13:01:36.436634;13552
25;0;PAGO;-920828352;13:01:36.427762;13:01:36.436777;9015
25;0;PAGO;-610298304;13:01:35.914100;13:01:36.436840;522740
25;0;PAGO;-618691008;13:01:35.923536;13:01:36.438912;515376
25;0;PAGO;-627083712;13:01:35.924717;13:01:36.441439;516722
25;0;PAGO;-635476416;13:01:35.925915;13:01:36.441968;516053
25;0;PAGO;-643869120;13:01:35.927244;13:01:36.443738;516494
25;0;PAGO;-652261824;13:01:35.928355;13:01:36.446226;517871
25;0;PAGO;-660654528;13:01:35.929832;13:01:36.446820;516988
25;0;PAGO;-669047232;13:01:35.935216;13:01:36.446899;511683
25;0;PAGO;-677439936;13:01:35.936376;13:01:36.448700;512324
25;0;PAGO;-685832640;13:01:35.937581;13:01:36.449471;511890
25;0;PAGO;-694225344;13:01:35.942594;13:01:36.449608;507014
25;0;PAGO;-702618048;13:01:35.955251;13:01:36.450775;495524
25;0;PAGO;-711010752;13:01:35.957184;13:01:36.451029;493845
25;0;PAGO;-719403456;13:01:35.959424;13:01:36.451546;492122
25;50;PAGO;-727796160;13:01:35.961097;13:01:36.454545;493448
25;50;PAGO;-736188864;13:01:35.964117;13:01:36.455569;491452
25;50;PAGO;-744581568;13:01:35.970357;13:01:36.456406;486049
25;50;PAGO;-752974272;13:01:35.971649;13:01:36.457479;485830
25;50;PAGO;-761366976;13:01:35.973960;13:01:36.458431;484471
25;50;PAGO;-769759680;13:01:35.978472;13:01:36.458532;480060
25;50;PAGO;-778152384;13:01:35.979611;13:01:36.458586;478975
25;50;PAGO;-786545088;13:01:35.980793;13:01:36.458636;477843
25;50;PAGO;-794937792;13:01:35.983666;13:01:36.459342;475676
25;50;PAGO;-803330496;13:01:35.984905;13:01:36.460337;475432
25;50;PAGO;-811723200;13:01:35.987235;13:01:36.461302;474067
25;50;PAGO;-820115904;13:01:35.989427;13:01:36.462279;472852
25;50;PAGO;-828508608;13:01:35.995360;13:01:36.463281;467921
25;50;PAGO;-836901312;13:01:35.997163;13:01:36.463348;466185
25;50;PAGO;-845294016;13:01:35.999744;13:01:36.463402;463658
25;50;PAGO;-853686720;13:01:36.002097;13:01:36.464230;462133
25;50;PAGO;-862079424;13:01:36.007513;13:01:36.464305;456792
25;50;PAGO;-870472128;13:01:36.008728;13:01:36.465208;456480
25;50;PAGO;-878864832;13:01:36.009834;13:01:36.466155;456321
25;50;PAGO;-887257536;13:01:36.414045;13:01:36.466207;52162
25;50;PAGO;-895650240;13:01:36.414957;13:01:36.467214;52257
25;50;PAGO;-904042944;13:01:36.416112;13:01:36.468140;52028
25;50;PAGO;-585120192;13:01:35.890800;13:01:36.468246;577446
25;50;PAGO;-593512896;13:01:35.897595;13:01:36.468299;570704
25;50;PAGO;-601905600;13:01:35.907258;13:01:36.468360;561102
25;50;PAGO;-929221056;13:01:36.431720;13:01:37.069561;637841
25;50;PAGO;-937613760;13:01:36.437485;13:01:37.096116;658631
25;50;PAGO;-946006464;13:01:36.441120;13:01:37.118796;677676
25;50;PAGO;-954399168;13:01:36.443782;13:01:37.139196;695414
25;50;PAGO;-962791872;13:01:36.445719;13:01:37.157596;711877
25;50;PAGO;-971184576;13:01:36.449511;13:01:37.179087;729576
25;50;PAGO;-979577280;13:01:36.454681;13:01:37.202356;747675
25;50;PAGO;1010820672;13:01:35.877299;13:01:36.516974;639675
25;50;PAGO;1002427968;13:01:35.889763;13:01:36.518123;628360
25;50;PAGO;994035264;13:01:35.896587;13:01:36.518185;621598
25;50;PAGO;985642560;13:01:35.906552;13:01:36.518235;611683
25;50;PAGO;977249856;13:01:35.913806;13:01:36.518984;605178
25;50;PAGO;968857152;13:01:35.923027;13:01:36.519915;596888
25;50;PAGO;960464448;13:01:35.924438;13:01:36.520883;596445
25;50;PAGO;952071744;13:01:35.925572;13:01:36.521862;596290
25;50;PAGO;943679040;13:01:35.926939;13:01:36.521913;594974
25;50;PAGO;935286336;13:01:35.928027;13:01:36.521969;593942
25;50;PAGO;926893632;13:01:35.929564;13:01:36.522033;592469
25;50;PAGO;918500928;13:01:35.934828;13:01:36.522862;588034
25;50;PAGO;910108224;13:01:35.936119;13:01:36.523827;587708
25;50;PAGO;901715520;13:01:35.937357;13:01:36.524778;587421
25;50;PAGO;893322816;13:01:35.942375;13:01:36.525751;583376
25;50;PAGO;884930112;13:01:35.955144;13:01:36.525960;570816
25;50;PAGO;876537408;13:01:35.957313;13:01:36.526822;569509
25;50;PAGO;868144704;13:01:35.959132;13:01:36.526892;567760
25;50;PAGO;859752000;13:01:35.961377;13:01:36.527808;566431
25;50;PAGO;851359296;13:01:35.965608;13:01:36.528423;562815
25;50;PAGO;842966592;13:01:35.970292;13:01:36.531647;561355
25;50;PAGO;834573888;13:01:35.971762;13:01:36.532607;560845
25;50;PAGO;826181184;13:01:35.973906;13:01:36.533573;559667
25;50;PAGO;817788480;13:01:35.978683;13:01:36.533704;555021
25;50;PAGO;809395776;13:01:35.979744;13:01:36.533755;554011
25;50;PAGO;801003072;13:01:35.983043;13:01:36.533808;550765
25;50;PAGO;792610368;13:01:35.984169;13:01:36.533880;549711
25;50;PAGO;784217664;13:01:35.985674;13:01:36.534618;548944
25;50;PAGO;775824960;13:01:35.988929;13:01:36.535545;546616
25;50;PAGO;767432256;13:01:35.991271;13:01:36.535970;544699
25;50;PAGO;759039552;13:01:35.996536;13:01:36.536523;539987
25;50;PAGO;750646848;13:01:35.997912;13:01:36.536748;538836
25;50;PAGO;742254144;13:01:36.001755;13:01:36.537518;535763
25;50;PAGO;733861440;13:01:36.006819;13:01:36.538532;531713
25;50;PAGO;725468736;13:01:36.008352;13:01:36.538587;530235
25;50;PAGO;717076032;13:01:36.009478;13:01:36.539448;529970
25;50;PAGO;708683328;13:01:36.413589;13:01:36.540426;126837
25;50;PAGO;700290624;13:01:36.415325;13:01:36.541402;126077
25;50;PAGO;691897920;13:01:36.416626;13:01:36.544384;127758
25;50;PAGO;683505216;13:01:36.427455;13:01:36.545322;117867
25;50;PAGO;675112512;13:01:36.429972;13:01:36.545959;115987
25;50;PAGO;666719808;13:01:36.437329;13:01:36.546252;108923
25;50;PAGO;658327104;13:01:36.439499;13:01:36.546768;107269
25;50;PAGO;649934400;13:01:36.443066;13:01:36.547257;104191
25;50;PAGO;641541696;13:01:36.446108;13:01:36.548212;102104
25;50;PAGO;633148992;13:01:36.449335;13:01:36.549204;99869
25;50;PAGO;624756288;13:01:36.451614;13:01:36.550198;98584
25;50;PAGO;616363584;13:01:36.455424;13:01:36.551214;95790
25;50;PAGO;607970880;13:01:36.456027;13:01:36.552149;96122
25;50;PAGO;599578176;13:01:36.456306;13:01:36.553124;96818
25;50;PAGO;1553983040;13:01:35.875327;13:01:36.554107;678780
25;50;PAGO;1545590336;13:01:35.881137;13:01:36.554325;673188
25;50;PAGO;1537197632;13:01:35.890869;13:01:36.555164;664295
25;50;PAGO;1528804928;13:01:35.900237;13:01:36.555978;655741
25;50;PAGO;1520412224;13:01:35.911193;13:01:36.556061;644868
25;50;PAGO;1512019520;13:01:35.916076;13:01:36.556806;640730
25;50;PAGO;1503626816;13:01:35.923698;13:01:36.556996;633298
25;50;PAGO;1495234112;13:01:35.924869;13:01:36.558018;633149
25;50;PAGO;1486841408;13:01:35.926267;13:01:36.558078;631811
25;50;PAGO;1478448704;13:01:35.927429;13:01:36.558128;630699
25;50;PAGO;1470056000;13:01:35.928523;13:01:36.558177;629654
25;50;PAGO;1461663296;13:01:35.934168;13:01:36.558225;624057
25;50;PAGO;1453270592;13:01:35.935383;13:01:36.559019;623636
25;50;PAGO;1444877888;13:01:35.936697;13:01:36.559070;622373
25;50;PAGO;1436485184;13:01:35.937779;13:01:36.559119;621340
25;50;PAGO;1428092480;13:01:35.954751;13:01:36.559946;605195
25;50;PAGO;1419699776;13:01:35.955537;13:01:36.560938;605401
25;50;PAGO;1411307072;13:01:35.957849;13:01:36.562036;604187
25;50;PAGO;1402914368;13:01:35.958951;13:01:36.562089;603138
25;50;PAGO;1394521664;13:01:35.961077;13:01:36.562138;601061
25;50;PAGO;1386128960;13:01:35.964139;13:01:36.562187;598048
25;50;PAGO;1377736256;13:01:35.970313;13:01:36.562243;591930
25;50;PAGO;1369343552;13:01:35.971528;13:01:36.562916;591388
25;50;PAGO;1360950848;13:01:35.974292;13:01:36.563837;589545
25;50;PAGO;1352558144;13:01:35.978779;13:01:36.564687;585908
25;50;PAGO;1344165440;13:01:35.980149;13:01:36.564825;584676
25;50;PAGO;1335772736;13:01:35.983158;13:01:36.565847;582689
25;50;PAGO;1327380032;13:01:35.984348;13:01:36.566244;581896
25;50;PAGO;1318987328;13:01:35.986896;13:01:36.566899;580003
25;50;PAGO;1310594624;13:01:35.987628;13:01:36.567815;580187
25;50;PAGO;1302201920;13:01:35.990979;13:01:36.568744;577765
25;50;PAGO;1293809216;13:01:35.996399;13:01:36.569739;573340
25;50;PAGO;1285416512;13:01:35.997932;13:01:36.569794;571862
25;50;PAGO;1277023808;13:01:36.001588;13:01:36.569851;568263
25;50;PAGO;1268631104;13:01:36.006896;13:01:36.569910;563014
25;50;PAGO;1260238400;13:01:36.008389;13:01:36.569961;561572
25;50;PAGO;1251845696;13:01:36.009547;13:01:36.570758;561211
25;50;PAGO;1243452992;13:01:36.413711;13:01:36.571689;157978
25;50;PAGO;1235060288;13:01:36.415468;13:01:36.572655;157187
25;50;PAGO;1226667584;13:01:36.416680;13:01:36.573630;156950
25;50;PAGO;1218274880;13:01:36.427850;13:01:36.574648;146798
25;50;PAGO;1209882176;13:01:36.431623;13:01:36.575614;143991
25;50;PAGO;1201489472;13:01:36.437443;13:01:36.576654;139211
25;50;PAGO;1193096768;13:01:36.441317;13:01:36.577553;136236
25;50;PAGO;1184704064;13:01:36.442273;13:01:36.578574;136301
25;50;PAGO;1176311360;13:01:36.446430;13:01:36.579490;133060
25;50;PAGO;1167918656;13:01:36.449628;13:01:36.580490;130862
25;50;PAGO;1159525952;13:01:36.454719;13:01:36.581438;126719
25;50;PAGO;1151133248;13:01:36.455694;13:01:36.582467;126773
25;50;PAGO;1142740544;13:01:36.456216;13:01:36.583424;127208
25;0;PAGO;1621091904;13:01:35.868926;13:01:35.994609;125683
25;0;PAGO;1612699200;13:01:35.876863;13:01:35.995893;119030
25;0;PAGO;1579128384;13:01:35.912284;13:01:35.996705;84421
25;0;PAGO;1570735680;13:01:35.922739;13:01:35.997566;74827
25;0;PAGO;1562342976;13:01:35.924054;13:01:35.998489;74435
25;0;PAGO;1553950272;13:01:35.925325;13:01:35.998585;73260
25;0;PAGO;1545557568;13:01:35.926682;13:01:35.998658;71976
25;0;PAGO;1537164864;13:01:35.927780;13:01:35.999450;71670
25;0;PAGO;1528772160;13:01:35.928864;13:01:36.001414;72550
25;0;PAGO;1520379456;13:01:35.934558;13:01:36.002436;67878
25;0;PAGO;1511986752;13:01:35.935757;13:01:36.006649;70892
25;0;PAGO;1503594048;13:01:35.937020;13:01:36.007218;70198
25;0;PAGO;1495201344;13:01:35.938428;13:01:36.007374;68946
25;0;PAGO;1486808640;13:01:35.954868;13:01:36.008202;53334
25;0;PAGO;1478415936;13:01:35.957231;13:01:36.009191;51960
25;0;PAGO;1470023232;13:01:35.959011;13:01:36.413282;454271
25;0;PAGO;1461630528;13:01:35.961191;13:01:36.413579;452388
25;0;PAGO;1453237824;13:01:35.965518;13:01:36.414665;449147
25;0;PAGO;1444845120;13:01:35.968156;13:01:36.415578;447422
25;0;PAGO;1436452416;13:01:35.971090;13:01:36.423022;451932
25;0;PAGO;1428059712;13:01:35.972002;13:01:36.424486;452484
25;0;PAGO;1419667008;13:01:35.975071;13:01:36.424677;449606
25;0;PAGO;1411274304;13:01:35.979181;13:01:36.425156;445975
25;0;PAGO;1402881600;13:01:35.980349;13:01:36.426801;446452
25;0;PAGO;1394488896;13:01:35.983378;13:01:36.427191;443813
25;0;PAGO;1604306496;13:01:35.882880;13:01:36.427269;544389
25;0;PAGO;1595913792;13:01:35.895562;13:01:36.427342;531780
25;0;PAGO;1587521088;13:01:35.903565;13:01:36.428371;524806
25;0;PAGO;1386096192;13:01:35.984514;13:01:36.429377;444863
25;0;PAGO;1377703488;13:01:35.987052;13:01:36.429506;442454
25;0;PAGO;1369310784;13:01:35.989252;13:01:36.430136;440884
25;50;PAGO;1360918080;13:01:35.995180;13:01:37.068709;1073529
25;50;PAGO;1352525376;13:01:35.996997;13:01:37.093960;1096963
25;50;PAGO;1275065920;13:01:35.999567;13:01:37.113552;1113985
25;50;PAGO;1266673216;13:01:36.001923;13:01:37.136955;1135032
25;50;PAGO;1258280512;13:01:36.007084;13:01:37.156816;1149732
25;50;PAGO;1249887808;13:01:36.008586;13:01:37.176989;1168403
25;50;PAGO;1241495104;13:01:36.009697;13:01:37.200434;1190737
25;50;PAGO;1233102400;13:01:36.413962;13:01:37.217975;804013
25;50;PAGO;1224709696;13:01:36.415616;13:01:37.255274;839658
25;50;PAGO;1216316992;13:01:36.424567;13:01:37.279511;854944
25;50;PAGO;1207924288;13:01:36.427709;13:01:37.300993;873284
25;50;PAGO;1199531584;13:01:36.431573;13:01:37.527833;1096260
25;50;PAGO;1191138880;13:01:36.436959;13:01:37.550958;1113999
25;50;PAGO;1182746176;13:01:36.439561;13:01:37.584181;1144620
25;50;PAGO;1174353472;13:01:36.443046;13:01:37.611527;1168481
25;50;PAGO;1165960768;13:01:36.445927;13:01:37.638132;1192205
25;50;PAGO;1157568064;13:01:36.448596;13:01:37.657305;1208709
25;50;PAGO;1149175360;13:01:36.451133;13:01:37.688030;1236897
25;50;PAGO;1140782656;13:01:36.455144;13:01:37.714118;1258974
25;0;PAGO;1998579264;13:01:35.875035;13:01:35.964052;89017
25;0;PAGO;1990186560;13:01:35.880951;13:01:35.966272;85321
25;0;PAGO;1847510592;13:01:35.958842;13:01:35.967371;8529
25;0;PAGO;1956615744;13:01:35.914118;13:01:35.970560;56442
25;0;PAGO;1948223040;13:01:35.923507;13:01:35.971383;47876
25;0;PAGO;1939830336;13:01:35.924733;13:01:35.973343;48610
25;0;PAGO;1931437632;13:01:35.925950;13:01:35.974053;48103
25;0;PAGO;1923044928;13:01:35.927318;13:01:35.974135;46817
25;0;PAGO;1914652224;13:01:35.928409;13:01:35.974210;45801
25;0;PAGO;1906259520;13:01:35.929878;13:01:35.975030;45152
25;0;PAGO;1897866816;13:01:35.935266;13:01:35.978076;42810
25;0;PAGO;1889474112;13:01:35.936582;13:01:35.978167;41585
25;0;PAGO;1881081408;13:01:35.937677;13:01:35.978242;40565
25;0;PAGO;1872688704;13:01:35.942905;13:01:35.978941;36036
25;0;PAGO;1864296000;13:01:35.955393;13:01:35.979021;23628
25;0;PAGO;1855903296;13:01:35.957474;13:01:35.980037;22563
25;0;PAGO;1981793856;13:01:35.890802;13:01:35.983122;92320
25;0;PAGO;1973401152;13:01:35.897547;13:01:35.983809;86262
25;0;PAGO;1965008448;13:01:35.908385;13:01:35.984803;76418
25;0;PAGO;1839117888;13:01:35.961135;13:01:35.986833;25698
25;0;PAGO;1830725184;13:01:35.967405;13:01:35.989094;21689
25;0;PAGO;1560188480;13:01:36.441482;13:01:36.441520;38
25;50;PAGO;1822332480;13:01:35.970337;13:01:37.065666;1095329
25;50;PAGO;1744827968;13:01:35.971726;13:01:37.087134;1115408
25;50;PAGO;1736435264;13:01:35.973424;13:01:37.111313;1137889
25;50;PAGO;1728042560;13:01:35.979096;13:01:37.135183;1156087
25;50;PAGO;1719649856;13:01:35.980271;13:01:37.155648;1175377
25;50;PAGO;1711257152;13:01:35.983302;13:01:37.175221;1191919
25;50;PAGO;1702864448;13:01:35.984414;13:01:37.197063;1212649
25;50;PAGO;1694471744;13:01:35.986874;13:01:37.216012;1229138
25;50;PAGO;1686079040;13:01:35.988737;13:01:37.239479;1250742
25;50;PAGO;1677686336;13:01:35.991390;13:01:37.260946;1269556
25;50;PAGO;1669293632;13:01:35.996353;13:01:37.282488;1286135
25;50;PAGO;1660900928;13:01:35.997895;13:01:37.299237;1301342
25;50;PAGO;1652508224;13:01:36.001692;13:01:37.509974;1508282
25;50;PAGO;1644115520;13:01:36.006845;13:01:37.529643;1522798
25;50;PAGO;1635722816;13:01:36.008435;13:01:37.548989;1540554
25;50;PAGO;1627330112;13:01:36.009462;13:01:37.567145;1557683
25;50;PAGO;1618937408;13:01:36.413592;13:01:37.588066;1174474
25;50;PAGO;1610544704;13:01:36.414854;13:01:37.609569;1194715
25;50;PAGO;1602152000;13:01:36.415923;13:01:37.630072;1214149
25;50;PAGO;1593759296;13:01:36.418207;13:01:37.654667;1236460
25;50;PAGO;1585366592;13:01:36.425338;13:01:37.673033;1247695
25;50;PAGO;1576973888;13:01:36.429663;13:01:37.693544;1263881
25;50;PAGO;1568581184;13:01:36.432762;13:01:37.712108;1279346
25;50;PAGO;1551795776;13:01:36.443821;13:01:37.729662;1285841
25;50;PAGO;1543403072;13:01:36.446383;13:01:37.750208;1303825
25;50;PAGO;1535010368;13:01:36.449368;13:01:37.767522;1318154
25;50;PAGO;1526617664;13:01:36.451635;13:01:37.767792;1316157
25;50;PAGO;1518224960;13:01:36.455242;13:01:37.768750;1313508
25;0;PAGO;1971316288;13:01:35.875000;13:01:35.936966;61966
25;0;PAGO;1962923584;13:01:35.881045;13:01:35.938122;57077
25;0;PAGO;1904174656;13:01:35.925982;13:01:35.938214;12232
25;0;PAGO;1946138176;13:01:35.896778;13:01:35.938905;42127
25;0;PAGO;1937745472;13:01:35.907233;13:01:35.942827;35594
25;0;PAGO;1929352768;13:01:35.915902;13:01:35.955305;39403
25;0;PAGO;1920960064;13:01:35.923556;13:01:35.955472;31916
25;0;PAGO;1912567360;13:01:35.924699;13:01:35.955689;30990
25;0;PAGO;1895781952;13:01:35.927294;13:01:35.957707;30413
25;0;PAGO;1887389248;13:01:35.928381;13:01:35.958289;29908
25;0;PAGO;1954530880;13:01:35.889983;13:01:35.958657;68674
25;0;PAGO;1878996544;13:01:35.929809;13:01:35.959404;29595
25;0;PAGO;1870603840;13:01:35.935238;13:01:35.960374;25136
25;0;PAGO;1862211136;13:01:35.936360;13:01:35.962086;25726
25;0;PAGO;1627330112;13:01:35.996833;13:01:35.996859;26
25;50;PAGO;1853818432;13:01:35.937557;13:01:37.065822;1128265
25;50;PAGO;1518224960;13:01:36.437543;13:01:37.066322;628779
25;50;PAGO;1509832256;13:01:36.441225;13:01:37.066687;625462
25;50;PAGO;1501439552;13:01:36.442764;13:01:37.066997;624233
25;50;PAGO;1493046848;13:01:36.445969;13:01:37.067645;621676
25;50;PAGO;1484654144;13:01:36.448931;13:01:37.068617;619686
25;50;PAGO;1845425728;13:01:35.942620;13:01:37.085200;1142580
25;50;PAGO;1837033024;13:01:35.955337;13:01:37.110636;1155299
25;50;PAGO;1828640320;13:01:35.956136;13:01:37.134054;1177918
25;50;PAGO;1744827968;13:01:35.958066;13:01:37.150644;1192578
25;50;PAGO;1736435264;13:01:35.959312;13:01:37.174129;1214817
25;50;PAGO;1728042560;13:01:35.960298;13:01:37.196285;1235987
25;50;PAGO;1719649856;13:01:35.967587;13:01:37.210202;1242615
25;50;PAGO;1711257152;13:01:35.970685;13:01:37.233672;1262987
25;50;PAGO;1702864448;13:01:35.971928;13:01:37.254097;1282169
25;50;PAGO;1694471744;13:01:35.974517;13:01:37.277573;1303056
25;50;PAGO;1686079040;13:01:35.979059;13:01:37.298148;1319089
25;50;PAGO;1677686336;13:01:35.980233;13:01:37.508025;1527792
25;50;PAGO;1669293632;13:01:35.983268;13:01:37.527225;1543957
25;50;PAGO;1660900928;13:01:35.984311;13:01:37.546465;1562154
25;50;PAGO;1652508224;13:01:35.986971;13:01:37.566506;1579535
25;50;PAGO;1644115520;13:01:35.989176;13:01:37.582234;1593058
25;50;PAGO;1635722816;13:01:35.991509;13:01:37.605657;1614148
25;50;PAGO;1618937408;13:01:35.997664;13:01:37.622292;1624628
25;50;PAGO;1610544704;13:01:35.999846;13:01:37.637293;1637447
25;50;PAGO;1602152000;13:01:36.002215;13:01:37.653553;1651338
25;50;PAGO;1593759296;13:01:36.007666;13:01:37.671104;1663438
25;50;PAGO;1585366592;13:01:36.008883;13:01:37.687306;1678423
25;50;PAGO;1576973888;13:01:36.009972;13:01:37.710136;1700164
25;50;PAGO;1568581184;13:01:36.414125;13:01:37.727721;1313596
25;50;PAGO;1560188480;13:01:36.414974;13:01:37.746557;1331583
25;50;PAGO;1551795776;13:01:36.416000;13:01:37.766755;1350755
25;50;PAGO;1543403072;13:01:36.418400;13:01:37.784359;1365959
25;50;PAGO;1535010368;13:01:36.427825;13:01:37.785390;1357565
25;50;PAGO;1526617664;13:01:36.431462;13:01:37.785442;1353980
25;50;PAGO;1119872576;13:01:35.875595;13:01:36.816866;941271
25;50;PAGO;1111479872;13:01:35.881155;13:01:36.817963;936808
25;50;PAGO;1103087168;13:01:35.890890;13:01:36.818818;927928
25;50;PAGO;1094694464;13:01:35.900235;13:01:36.819798;919563
25;50;PAGO;1086301760;13:01:35.911218;13:01:36.819854;908636
25;50;PAGO;1077909056;13:01:35.916057;13:01:36.819903;903846
25;50;PAGO;1069516352;13:01:35.923675;13:01:36.819952;896277
25;50;PAGO;1061123648;13:01:35.924849;13:01:36.820006;895157
25;50;PAGO;1052730944;13:01:35.926091;13:01:36.820727;894636
25;50;PAGO;1044338240;13:01:35.927458;13:01:36.821688;894230
25;50;PAGO;1035945536;13:01:35.928543;13:01:36.822722;894179
25;50;PAGO;1027552832;13:01:35.934201;13:01:36.823651;889450
25;50;PAGO;1019160128;13:01:35.935413;13:01:36.824637;889224
25;50;PAGO;1010767424;13:01:35.936681;13:01:36.825601;888920
25;50;PAGO;1002374720;13:01:35.937728;13:01:36.826639;888911
25;50;PAGO;993982016;13:01:35.954753;13:01:36.826704;871951
25;50;PAGO;985589312;13:01:35.955511;13:01:36.826930;871419
25;50;PAGO;977196608;13:01:35.957870;13:01:36.827040;869170
25;50;PAGO;968803904;13:01:35.959197;13:01:36.827570;868373
25;50;PAGO;960411200;13:01:35.961153;13:01:36.828507;867354
25;50;PAGO;952018496;13:01:35.967541;13:01:36.829485;861944
25;50;PAGO;943625792;13:01:35.970644;13:01:36.830504;859860
25;50;PAGO;935233088;13:01:35.971857;13:01:36.830564;858707
25;50;PAGO;926840384;13:01:35.973850;13:01:36.830612;856762
25;50;PAGO;918447680;13:01:35.978599;13:01:36.830660;852061
25;50;PAGO;910054976;13:01:35.979972;13:01:36.830708;850736
25;50;PAGO;901662272;13:01:35.980906;13:01:36.831451;850545
25;50;PAGO;893269568;13:01:35.983624;13:01:36.832402;848778
25;50;PAGO;884876864;13:01:35.984867;13:01:36.833383;848516
25;50;PAGO;876484160;13:01:35.987214;13:01:36.833436;846222
25;50;PAGO;868091456;13:01:35.989360;13:01:36.833491;844131
25;50;PAGO;859698752;13:01:35.995308;13:01:36.833564;838256
25;50;PAGO;851306048;13:01:35.997109;13:01:36.834398;837289
25;50;PAGO;842913344;13:01:35.999660;13:01:36.835357;835697
25;50;PAGO;834520640;13:01:36.001999;13:01:36.835751;833752
25;50;PAGO;826127936;13:01:36.007440;13:01:36.836109;828669
25;50;PAGO;817735232;13:01:36.008650;13:01:36.836327;827677
25;50;PAGO;809342528;13:01:36.009763;13:01:36.836901;827138
25;50;PAGO;800949824;13:01:36.413989;13:01:36.837310;423321
25;50;PAGO;792557120;13:01:36.414920;13:01:36.842267;427347
25;50;PAGO;784164416;13:01:36.416069;13:01:36.843180;427111
25;50;PAGO;775771712;13:01:36.418420;13:01:36.844144;425724
25;50;PAGO;767379008;13:01:36.427807;13:01:36.845122;417315
25;50;PAGO;758986304;13:01:36.431643;13:01:36.846102;414459
25;50;PAGO;750593600;13:01:36.437522;13:01:36.846156;408634
25;50;PAGO;742200896;13:01:36.441269;13:01:36.846210;404941
25;50;PAGO;733808192;13:01:36.442744;13:01:36.847092;404348
25;50;PAGO;725415488;13:01:36.446088;13:01:36.848055;401967
25;50;PAGO;717022784;13:01:36.448973;13:01:36.849044;400071
25;50;PAGO;708630080;13:01:36.451301;13:01:36.850029;398728
25;50;PAGO;1639966272;13:01:35.876160;13:01:36.850141;973981
25;50;PAGO;1631573568;13:01:35.882784;13:01:36.850345;967561
25;50;PAGO;1623180864;13:01:35.892690;13:01:36.851030;958340
25;50;PAGO;1614788160;13:01:35.903451;13:01:36.851950;948499
25;50;PAGO;1606395456;13:01:35.911433;13:01:36.852000;940567
25;50;PAGO;1598002752;13:01:35.916220;13:01:36.852951;936731
25;50;PAGO;1589610048;13:01:35.923924;13:01:36.853908;929984
25;50;PAGO;1581217344;13:01:35.925030;13:01:36.854931;929901
25;50;PAGO;1572824640;13:01:35.926486;13:01:36.855856;929370
25;50;PAGO;1564431936;13:01:35.927596;13:01:36.856120;928524
25;50;PAGO;1556039232;13:01:35.928715;13:01:36.856844;928129
25;50;PAGO;1547646528;13:01:35.934406;13:01:36.857864;923458
25;50;PAGO;1539253824;13:01:35.935570;13:01:36.858851;923281
25;50;PAGO;1530861120;13:01:35.936821;13:01:36.859781;922960
25;50;PAGO;1522468416;13:01:35.938370;13:01:36.860608;922238
25;50;PAGO;1514075712;13:01:35.954814;13:01:36.860726;905912
25;50;PAGO;1505683008;13:01:35.955705;13:01:36.861246;905541
25;50;PAGO;1497290304;13:01:35.957559;13:01:36.861734;904175
25;50;PAGO;1488897600;13:01:35.959029;13:01:36.862777;903748
25;50;PAGO;1480504896;13:01:35.961172;13:01:36.862838;901666
25;50;PAGO;1472112192;13:01:35.967460;13:01:36.862889;895429
25;50;PAGO;1463719488;13:01:35.970499;13:01:36.862942;892443
25;50;PAGO;1455326784;13:01:35.971887;13:01:36.863696;891809
25;50;PAGO;1446934080;13:01:35.974452;13:01:36.864673;890221
25;50;PAGO;1438541376;13:01:35.978818;13:01:36.865635;886817
25;50;PAGO;1430148672;13:01:35.980182;13:01:36.866134;885952
25;50;PAGO;1421755968;13:01:35.983226;13:01:36.866187;882961
25;50;PAGO;1413363264;13:01:35.984386;13:01:36.866652;882266
25;50;PAGO;1404970560;13:01:35.985361;13:01:36.867597;882236
25;50;PAGO;1396577856;13:01:35.989037;13:01:36.868633;879596
25;50;PAGO;1388185152;13:01:35.991436;13:01:36.868688;877252
25;50;PAGO;1379792448;13:01:35.996793;13:01:36.868765;871972
25;50;PAGO;1371399744;13:01:35.998007;13:01:36.869540;871533
25;50;PAGO;1363007040;13:01:36.001652;13:01:36.870573;868921
25;50;PAGO;1354614336;13:01:36.006961;13:01:36.870629;863668
25;50;PAGO;1346221632;13:01:36.008504;13:01:36.870680;862176
25;50;PAGO;1337828928;13:01:36.009387;13:01:36.871494;862107
25;50;PAGO;1329436224;13:01:36.413850;13:01:36.872471;458621
25;50;PAGO;1321043520;13:01:36.415634;13:01:36.873446;457812
25;50;PAGO;1312650816;13:01:36.417347;13:01:36.873500;456153
25;50;PAGO;1304258112;13:01:36.427433;13:01:36.873549;446116
25;50;PAGO;1295865408;13:01:36.429783;13:01:36.873604;443821
25;50;PAGO;1287472704;13:01:36.432824;13:01:36.873658;440834
25;50;PAGO;1279080000;13:01:36.441339;13:01:36.874480;433141
25;50;PAGO;1270687296;13:01:36.442171;13:01:36.875432;433261
25;50;PAGO;1262294592;13:01:36.446166;13:01:36.876148;429982
25;50;PAGO;1253901888;13:01:36.448867;13:01:36.876771;427904
25;50;PAGO;1245509184;13:01:36.451321;13:01:36.876921;425600
25;50;PAGO;1237116480;13:01:36.455487;13:01:36.877727;422240
25;50;PAGO;1228723776;13:01:36.456084;13:01:36.878737;422653
25;50;PAGO;1241507392;13:01:35.876148;13:01:36.880692;1004544
25;50;PAGO;1233114688;13:01:35.882780;13:01:36.881812;999032
25;50;PAGO;1224721984;13:01:35.892716;13:01:36.882688;989972
25;50;PAGO;1216329280;13:01:35.903459;13:01:36.883626;980167
25;50;PAGO;1207936576;13:01:35.912313;13:01:36.884608;972295
25;50;PAGO;1199543872;13:01:35.922783;13:01:36.885568;962785
25;50;PAGO;1191151168;13:01:35.924091;13:01:36.886145;962054
25;50;PAGO;1182758464;13:01:35.925359;13:01:36.886201;960842
25;50;PAGO;1174365760;13:01:35.926718;13:01:36.886548;959830
25;50;PAGO;1165973056;13:01:35.927816;13:01:36.886931;959115
25;50;PAGO;1157580352;13:01:35.928899;13:01:36.887495;958596
25;50;PAGO;1149187648;13:01:35.934597;13:01:36.888473;953876
25;50;PAGO;1140794944;13:01:35.935841;13:01:36.888907;953066
25;50;PAGO;1132402240;13:01:35.937050;13:01:36.889476;952426
25;50;PAGO;1124009536;13:01:35.938509;13:01:36.890485;951976
25;50;PAGO;1115616832;13:01:35.954895;13:01:36.891429;936534
25;50;PAGO;1107224128;13:01:35.957341;13:01:36.891482;934141
25;50;PAGO;1098831424;13:01:35.958894;13:01:36.891537;932643
25;50;PAGO;1090438720;13:01:35.961248;13:01:36.891587;930339
25;50;PAGO;1082046016;13:01:35.964159;13:01:36.891645;927486
25;50;PAGO;1073653312;13:01:35.970199;13:01:36.892400;922201
25;50;PAGO;1065260608;13:01:35.971510;13:01:36.893385;921875
25;50;PAGO;1056867904;13:01:35.974334;13:01:36.893438;919104
25;50;PAGO;1048475200;13:01:35.978535;13:01:36.893487;914952
25;50;PAGO;1040082496;13:01:35.979933;13:01:36.893544;913611
25;50;PAGO;1031689792;13:01:35.982997;13:01:36.894392;911395
25;50;PAGO;1023297088;13:01:35.984188;13:01:36.895366;911178
25;50;PAGO;1014904384;13:01:35.985585;13:01:36.896152;910567
25;50;PAGO;1006511680;13:01:35.988891;13:01:36.896271;907380
25;50;PAGO;998118976;13:01:35.991102;13:01:36.896935;905833
25;50;PAGO;989726272;13:01:35.996425;13:01:36.897250;900825
25;50;PAGO;981333568;13:01:35.997950;13:01:36.898266;900316
25;50;PAGO;972940864;13:01:36.001714;13:01:36.899335;897621
25;50;PAGO;964548160;13:01:36.006571;13:01:36.900212;893641
25;50;PAGO;956155456;13:01:36.008458;13:01:36.900265;891807
25;50;PAGO;947762752;13:01:36.009495;13:01:36.900315;890820
25;50;PAGO;939370048;13:01:36.413623;13:01:36.900368;486745
25;50;PAGO;930977344;13:01:36.415027;13:01:36.900417;485390
25;50;PAGO;922584640;13:01:36.416017;13:01:36.900479;484462
25;50;PAGO;914191936;13:01:36.418322;13:01:36.901161;482839
25;50;PAGO;905799232;13:01:36.425291;13:01:36.902149;476858
25;50;PAGO;897406528;13:01:36.431552;13:01:36.902229;470677
25;50;PAGO;889013824;13:01:36.437576;13:01:36.903224;465648
25;50;PAGO;880621120;13:01:36.441290;13:01:36.903280;461990
25;50;PAGO;872228416;13:01:36.442784;13:01:36.903329;460545
25;50;PAGO;863835712;13:01:36.445993;13:01:36.903393;457400
25;50;PAGO;855443008;13:01:36.448828;13:01:36.904118;455290
25;50;PAGO;847050304;13:01:36.451381;13:01:36.905114;453733
25;50;PAGO;838657600;13:01:36.455340;13:01:36.906086;450746
25;50;PAGO;830264896;13:01:36.456031;13:01:36.906147;450116
25;50;PAGO;1329587776;13:01:35.876135;13:01:36.906945;1030810
25;50;PAGO;1321195072;13:01:35.882778;13:01:36.907266;1024488
25;50;PAGO;1312802368;13:01:35.892595;13:01:36.908030;1015435
25;50;PAGO;1304409664;13:01:35.901483;13:01:36.909014;1007531
25;50;PAGO;1296016960;13:01:35.911404;13:01:36.910002;998598
25;50;PAGO;1287624256;13:01:35.916283;13:01:36.910059;993776
25;50;PAGO;1279231552;13:01:35.923903;13:01:36.910108;986205
25;50;PAGO;1270838848;13:01:35.925091;13:01:36.910156;985065
25;50;PAGO;1262446144;13:01:35.926579;13:01:36.910219;983640
25;50;PAGO;1254053440;13:01:35.927684;13:01:36.910979;983295
25;50;PAGO;1245660736;13:01:35.928771;13:01:36.911901;983130
25;50;PAGO;1237268032;13:01:35.934434;13:01:36.912889;978455
25;50;PAGO;1228875328;13:01:35.935603;13:01:36.913638;978035
25;50;PAGO;1220482624;13:01:35.936840;13:01:36.913859;977019
25;50;PAGO;1212089920;13:01:35.938389;13:01:36.914893;976504
25;50;PAGO;1203697216;13:01:35.954841;13:01:36.914948;960107
25;50;PAGO;1195304512;13:01:35.956219;13:01:36.915020;958801
25;50;PAGO;1186911808;13:01:35.958047;13:01:36.915073;957026
25;50;PAGO;1178519104;13:01:35.959265;13:01:36.915510;956245
25;50;PAGO;1170126400;13:01:35.961319;13:01:36.915813;954494
25;50;PAGO;1161733696;13:01:35.965602;13:01:36.916834;951232
25;50;PAGO;1153340992;13:01:35.968190;13:01:36.916942;948752
25;50;PAGO;1144948288;13:01:35.971431;13:01:36.917769;946338
25;50;PAGO;1136555584;13:01:35.974485;13:01:36.917869;943384
25;50;PAGO;1128162880;13:01:35.978845;13:01:36.918817;939972
25;50;PAGO;1119770176;13:01:35.980205;13:01:36.918922;938717
25;50;PAGO;1111377472;13:01:35.983206;13:01:36.919749;936543
25;50;PAGO;1102984768;13:01:35.984241;13:01:36.920714;936473
25;50;PAGO;1094592064;13:01:35.985508;13:01:36.920765;935257
25;50;PAGO;1086199360;13:01:35.988848;13:01:36.920821;931973
25;50;PAGO;1077806656;13:01:35.991227;13:01:36.920869;929642
25;50;PAGO;1069413952;13:01:35.996892;13:01:36.920925;924033
25;50;PAGO;1061021248;13:01:35.997877;13:01:36.921697;923820
25;50;PAGO;1052628544;13:01:36.001784;13:01:36.922740;920956
25;50;PAGO;1044235840;13:01:36.006721;13:01:36.923619;916898
25;50;PAGO;1035843136;13:01:36.008370;13:01:36.924636;916266
25;50;PAGO;1027450432;13:01:36.009513;13:01:36.925608;916095
25;50;PAGO;1019057728;13:01:36.413654;13:01:36.926155;512501
25;50;PAGO;1010665024;13:01:36.415654;13:01:36.926205;510551
25;50;PAGO;1002272320;13:01:36.417387;13:01:36.926601;509214
25;50;PAGO;993879616;13:01:36.427546;13:01:36.926954;499408
25;50;PAGO;985486912;13:01:36.430089;13:01:36.927545;497456
25;50;PAGO;977094208;13:01:36.434665;13:01:36.928517;493852
25;50;PAGO;968701504;13:01:36.441094;13:01:36.929503;488409
25;50;PAGO;960308800;13:01:36.443085;13:01:36.930521;487436
25;50;PAGO;951916096;13:01:36.446040;13:01:36.931461;485421
25;50;PAGO;943523392;13:01:36.448906;13:01:36.932433;483527
25;50;PAGO;935130688;13:01:36.451361;13:01:36.933411;482050
25;50;PAGO;926737984;13:01:36.455318;13:01:36.934420;479102
25;50;PAGO;918345280;13:01:36.456045;13:01:36.935358;479313
25;50;PAGO;1864361536;13:01:35.876186;13:01:36.935475;1059289
25;50;PAGO;1855968832;13:01:35.882841;13:01:36.935671;1052830
25;50;PAGO;1847576128;13:01:35.892747;13:01:36.936170;1043423
25;50;PAGO;1839183424;13:01:35.903482;13:01:36.936305;1032823
25;50;PAGO;1830790720;13:01:35.912197;13:01:36.936357;1024160
25;50;PAGO;1822398016;13:01:35.922484;13:01:36.936953;1014469
25;50;PAGO;1814005312;13:01:35.923976;13:01:36.937317;1013341
25;50;PAGO;1805612608;13:01:35.925251;13:01:36.938215;1012964
25;50;PAGO;1797219904;13:01:35.926612;13:01:36.938320;1011708
25;50;PAGO;1788827200;13:01:35.927716;13:01:36.939274;1011558
25;50;PAGO;1780434496;13:01:35.928809;13:01:36.940246;1011437
25;50;PAGO;1772041792;13:01:35.934500;13:01:36.941225;1006725
25;50;PAGO;1763649088;13:01:35.935813;13:01:36.941278;1005465
25;50;PAGO;1755256384;13:01:35.937143;13:01:36.941326;1004183
25;50;PAGO;1746863680;13:01:35.938591;13:01:36.941383;1002792
25;50;PAGO;1738470976;13:01:35.954981;13:01:36.942200;987219
25;50;PAGO;1730078272;13:01:35.956185;13:01:36.943224;987039
25;50;PAGO;1721685568;13:01:35.957975;13:01:36.943440;985465
25;50;PAGO;1713292864;13:01:35.959455;13:01:36.944150;984695
25;50;PAGO;1704900160;13:01:35.960427;13:01:36.945135;984708
25;50;PAGO;1696507456;13:01:35.964206;13:01:36.946104;981898
25;50;PAGO;1688114752;13:01:35.970474;13:01:36.946158;975684
25;50;PAGO;1679722048;13:01:35.971309;13:01:36.946205;974896
25;50;PAGO;1671329344;13:01:35.974413;13:01:36.946628;972215
25;50;PAGO;1662936640;13:01:35.978452;13:01:36.946954;968502
25;50;PAGO;1654543936;13:01:35.979953;13:01:36.947069;967116
25;50;PAGO;1646151232;13:01:35.982978;13:01:36.948074;965096
25;50;PAGO;1637758528;13:01:35.984222;13:01:36.948131;963909
25;50;PAGO;1629365824;13:01:35.985568;13:01:36.948180;962612
25;50;PAGO;1620973120;13:01:35.988870;13:01:36.948236;959366
25;50;PAGO;1612580416;13:01:35.991353;13:01:36.949032;957679
25;50;PAGO;1604187712;13:01:35.996610;13:01:36.950017;953407
25;50;PAGO;1595795008;13:01:35.998722;13:01:36.951040;952318
25;50;PAGO;1587402304;13:01:36.001614;13:01:36.951969;950355
25;50;PAGO;1579009600;13:01:36.006751;13:01:36.952021;945270
25;50;PAGO;1570616896;13:01:36.008076;13:01:36.952068;943992
25;50;PAGO;1562224192;13:01:36.009407;13:01:36.952121;942714
25;50;PAGO;1553831488;13:01:36.413936;13:01:36.952179;538243
25;50;PAGO;1545438784;13:01:36.415677;13:01:36.952939;537262
25;50;PAGO;1537046080;13:01:36.418120;13:01:36.953915;535795
25;50;PAGO;1528653376;13:01:36.427028;13:01:36.954946;527918
25;50;PAGO;1520260672;13:01:36.430035;13:01:36.955874;525839
25;50;PAGO;1511867968;13:01:36.434241;13:01:36.956178;521937
25;50;PAGO;1503475264;13:01:36.441180;13:01:36.956853;515673
25;50;PAGO;1495082560;13:01:36.442812;13:01:36.957827;515015
25;50;PAGO;1486689856;13:01:36.445833;13:01:36.957880;512047
25;50;PAGO;1478297152;13:01:36.449001;13:01:36.957927;508926
25;50;PAGO;1469904448;13:01:36.451662;13:01:36.957990;506328
25;50;PAGO;1461511744;13:01:36.455230;13:01:36.958039;502809
25;50;PAGO;1453119040;13:01:36.456079;13:01:36.958087;502008
25;50;PAGO;1172301376;13:01:35.876122;13:01:36.959775;1083653
25;50;PAGO;1163908672;13:01:35.881614;13:01:36.960910;1079296
25;50;PAGO;1155515968;13:01:35.890929;13:01:36.960973;1070044
25;50;PAGO;1147123264;13:01:35.900278;13:01:36.961023;1060745
25;50;PAGO;1138730560;13:01:35.911262;13:01:36.961374;1050112
25;50;PAGO;1130337856;13:01:35.916117;13:01:36.961727;1045610
25;50;PAGO;1121945152;13:01:35.923740;13:01:36.962763;1039023
25;50;PAGO;1113552448;13:01:35.924906;13:01:36.963684;1038778
25;50;PAGO;1105159744;13:01:35.926306;13:01:36.964662;1038356
25;50;PAGO;1096767040;13:01:35.927488;13:01:36.965645;1038157
25;50;PAGO;1088374336;13:01:35.928574;13:01:36.965704;1037130
25;50;PAGO;1079981632;13:01:35.934230;13:01:36.965754;1031524
25;50;PAGO;1071588928;13:01:35.935440;13:01:36.966178;1030738
25;50;PAGO;1063196224;13:01:35.936721;13:01:36.966227;1029506
25;50;PAGO;1054803520;13:01:35.937809;13:01:36.966657;1028848
25;50;PAGO;1046410816;13:01:35.954749;13:01:36.966963;1012214
25;50;PAGO;1038018112;13:01:35.955563;13:01:36.967592;1012029
25;50;PAGO;1029625408;13:01:35.957758;13:01:36.968564;1010806
25;50;PAGO;1021232704;13:01:35.959154;13:01:36.969576;1010422
25;50;PAGO;1012840000;13:01:35.961117;13:01:36.969631;1008514
25;50;PAGO;1004447296;13:01:35.965429;13:01:36.969680;1004251
25;50;PAGO;996054592;13:01:35.970271;13:01:36.969737;999466
25;50;PAGO;987661888;13:01:35.971743;13:01:36.970580;998837
25;50;PAGO;979269184;13:01:35.973943;13:01:36.971499;997556
25;50;PAGO;970876480;13:01:35.978713;13:01:36.971553;992840
25;50;PAGO;962483776;13:01:35.979780;13:01:36.971602;991822
25;50;PAGO;954091072;13:01:35.980889;13:01:36.971654;990765
25;50;PAGO;945698368;13:01:35.983723;13:01:36.971703;987980
25;50;PAGO;937305664;13:01:35.985037;13:01:36.972474;987437
25;50;PAGO;928912960;13:01:35.988669;13:01:36.973469;984800
25;50;PAGO;920520256;13:01:35.991372;13:01:36.974485;983113
25;50;PAGO;912127552;13:01:35.996156;13:01:36.975402;979246
25;50;PAGO;903734848;13:01:35.997201;13:01:36.976205;979004
25;50;PAGO;895342144;13:01:35.999783;13:01:36.976849;977066
25;50;PAGO;886949440;13:01:36.002137;13:01:36.976989;974852
25;50;PAGO;878556736;13:01:36.007583;13:01:36.977814;970231
25;50;PAGO;870164032;13:01:36.008787;13:01:36.979119;970332
25;50;PAGO;861771328;13:01:36.009897;13:01:36.979181;969284
25;50;PAGO;853378624;13:01:36.414097;13:01:36.979780;565683
25;50;PAGO;844985920;13:01:36.414831;13:01:36.980735;565904
25;50;PAGO;836593216;13:01:36.415883;13:01:36.980793;564910
25;50;PAGO;828200512;13:01:36.418241;13:01:36.980850;562609
25;50;PAGO;819807808;13:01:36.425422;13:01:36.980903;555481
25;50;PAGO;811415104;13:01:36.429952;13:01:36.981708;551756
25;50;PAGO;803022400;13:01:36.437158;13:01:36.982725;545567
25;50;PAGO;794629696;13:01:36.439317;13:01:36.983664;544347
25;50;PAGO;786236992;13:01:36.443002;13:01:36.984703;541701
25;50;PAGO;777844288;13:01:36.445808;13:01:36.984803;538995
25;50;PAGO;769451584;13:01:36.449061;13:01:36.985587;536526
25;50;PAGO;761058880;13:01:36.451431;13:01:36.985648;534217
25;50;PAGO;2009065024;13:01:35.876095;13:01:36.986208;1110113
25;50;PAGO;2000672320;13:01:35.882786;13:01:36.986756;1103970
25;50;PAGO;1597822528;13:01:36.454693;13:01:36.986999;532306
25;50;PAGO;1992279616;13:01:35.892637;13:01:36.987567;1094930
25;50;PAGO;1983886912;13:01:35.903386;13:01:36.988544;1085158
25;50;PAGO;1975494208;13:01:35.912145;13:01:36.989525;1077380
25;50;PAGO;1967101504;13:01:35.916302;13:01:36.989579;1073277
25;50;PAGO;1958708800;13:01:35.923943;13:01:36.989627;1065684
25;50;PAGO;1950316096;13:01:35.925049;13:01:36.989675;1064626
25;50;PAGO;1941923392;13:01:35.926529;13:01:36.989729;1063200
25;50;PAGO;1933530688;13:01:35.927652;13:01:36.989787;1062135
25;50;PAGO;1925137984;13:01:35.928735;13:01:36.990563;1061828
25;50;PAGO;1916745280;13:01:35.934470;13:01:36.991479;1057009
25;50;PAGO;1908352576;13:01:35.935729;13:01:36.992453;1056724
25;50;PAGO;1899959872;13:01:35.937092;13:01:36.993434;1056342
25;50;PAGO;1891567168;13:01:35.938562;13:01:36.993487;1054925
25;50;PAGO;1883174464;13:01:35.954951;13:01:36.993535;1038584
25;50;PAGO;1874781760;13:01:35.956164;13:01:36.993706;1037542
25;50;PAGO;1866389056;13:01:35.957948;13:01:36.994451;1036503
25;50;PAGO;1857996352;13:01:35.958714;13:01:36.995381;1036667
25;50;PAGO;1849603648;13:01:35.960468;13:01:36.995434;1034966
25;50;PAGO;1841210944;13:01:35.967429;13:01:36.995488;1028059
25;50;PAGO;1832818240;13:01:35.970385;13:01:36.995536;1025151
25;50;PAGO;1824425536;13:01:35.971676;13:01:36.995584;1023908
25;50;PAGO;1816032832;13:01:35.973868;13:01:36.996203;1022335
25;50;PAGO;1807640128;13:01:35.978428;13:01:36.996334;1017906
25;50;PAGO;1799247424;13:01:35.979915;13:01:36.996387;1016472
25;50;PAGO;1790854720;13:01:35.982910;13:01:36.996986;1014076
25;50;PAGO;1782462016;13:01:35.984441;13:01:36.997331;1012890
25;50;PAGO;1774069312;13:01:35.986947;13:01:36.998373;1011426
25;50;PAGO;1765676608;13:01:35.989147;13:01:36.999288;1010141
25;50;PAGO;1757283904;13:01:35.991489;13:01:37.000367;1008878
25;50;PAGO;1748891200;13:01:35.996855;13:01:37.000426;1003571
25;50;PAGO;1740498496;13:01:35.997644;13:01:37.000482;1002838
25;50;PAGO;1732105792;13:01:35.999877;13:01:37.000542;1000665
25;50;PAGO;1723713088;13:01:36.002244;13:01:37.001238;998994
25;50;PAGO;1715320384;13:01:36.007689;13:01:37.002233;994544
25;50;PAGO;1706927680;13:01:36.008861;13:01:37.002815;993954
25;50;PAGO;1698534976;13:01:36.010004;13:01:37.003191;993187
25;50;PAGO;1690142272;13:01:36.414152;13:01:37.005210;591058
25;50;PAGO;1681749568;13:01:36.415046;13:01:37.005266;590220
25;50;PAGO;1673356864;13:01:36.416051;13:01:37.006138;590087
25;50;PAGO;1664964160;13:01:36.424713;13:01:37.006199;581486
25;50;PAGO;1656571456;13:01:36.427925;13:01:37.007113;579188
25;50;PAGO;1648178752;13:01:36.431774;13:01:37.008080;576306
25;50;PAGO;1639786048;13:01:36.437653;13:01:37.008139;570486
25;50;PAGO;1631393344;13:01:36.441518;13:01:37.008190;566672
25;50;PAGO;1623000640;13:01:36.443916;13:01:37.008239;564323
25;50;PAGO;1614607936;13:01:36.446448;13:01:37.008287;561839
25;50;PAGO;1606215232;13:01:36.449699;13:01:37.008340;558641
25;50;PAGO;-1807751616;13:01:35.877925;13:01:37.010003;1132078
25;50;PAGO;-1816144320;13:01:35.889571;13:01:37.011191;1121620
25;50;PAGO;-1824537024;13:01:35.896451;13:01:37.012012;1115561
25;50;PAGO;-1832929728;13:01:35.906531;13:01:37.012100;1105569
25;50;PAGO;-1841322432;13:01:35.913828;13:01:37.012943;1099115
25;50;PAGO;-1849715136;13:01:35.923064;13:01:37.013988;1090924
25;50;PAGO;-1858107840;13:01:35.924383;13:01:37.014045;1089662
25;50;PAGO;-1866500544;13:01:35.925534;13:01:37.014961;1089427
25;50;PAGO;-1874893248;13:01:35.926895;13:01:37.015885;1088990
25;50;PAGO;-1883285952;13:01:35.927999;13:01:37.015936;1087937
25;50;PAGO;-1891678656;13:01:35.929528;13:01:37.015985;1086457
25;50;PAGO;-1900071360;13:01:35.934794;13:01:37.016033;1081239
25;50;PAGO;-1908464064;13:01:35.936090;13:01:37.016087;1079997
25;50;PAGO;-1916856768;13:01:35.937329;13:01:37.016196;1078867
25;50;PAGO;-1925249472;13:01:35.938781;13:01:37.016852;1078071
25;50;PAGO;-1933642176;13:01:35.955089;13:01:37.016902;1061813
25;50;PAGO;-1942034880;13:01:35.957293;13:01:37.017472;1060179
25;50;PAGO;-1950427584;13:01:35.959066;13:01:37.017800;1058734
25;50;PAGO;-1958820288;13:01:35.961229;13:01:37.018820;1057591
25;50;PAGO;-1967212992;13:01:35.967402;13:01:37.019810;1052408
25;50;PAGO;-1975605696;13:01:35.968298;13:01:37.020762;1052464
25;50;PAGO;-1983998400;13:01:35.971632;13:01:37.021747;1050115
25;50;PAGO;-1992391104;13:01:35.974227;13:01:37.022786;1048559
25;50;PAGO;-2000783808;13:01:35.978621;13:01:37.022845;1044224
25;50;PAGO;-2009176512;13:01:35.979898;13:01:37.022895;1042997
25;50;PAGO;-2017569216;13:01:35.982892;13:01:37.022944;1040052
25;50;PAGO;-2025961920;13:01:35.984260;13:01:37.023704;1039444
25;50;PAGO;-2034354624;13:01:35.985716;13:01:37.024677;1038961
25;50;PAGO;-2042747328;13:01:35.988828;13:01:37.025647;1036819
25;50;PAGO;-2051140032;13:01:35.991325;13:01:37.026209;1034884
25;50;PAGO;-2059532736;13:01:35.996770;13:01:37.026647;1029877
25;50;PAGO;-2067925440;13:01:35.997989;13:01:37.026754;1028765
25;50;PAGO;-2076318144;13:01:36.001671;13:01:37.027712;1026041
25;50;PAGO;-2084710848;13:01:36.006777;13:01:37.028549;1021772
25;50;PAGO;-2093103552;13:01:36.008314;13:01:37.029554;1021240
25;50;PAGO;-2101496256;13:01:36.009590;13:01:37.030572;1020982
25;50;PAGO;-2109888960;13:01:36.413767;13:01:37.030627;616860
25;50;PAGO;-2118281664;13:01:36.415388;13:01:37.030681;615293
25;50;PAGO;-2126674368;13:01:36.417447;13:01:37.030729;613282
25;50;PAGO;-2135067072;13:01:36.426911;13:01:37.031478;604567
25;50;PAGO;-2143459776;13:01:36.430058;13:01:37.032483;602425
25;50;PAGO;2143114816;13:01:36.437212;13:01:37.033428;596216
25;50;PAGO;2134722112;13:01:36.439336;13:01:37.034476;595140
25;50;PAGO;2126329408;13:01:36.442982;13:01:37.035389;592407
25;50;PAGO;2117936704;13:01:36.446352;13:01:37.036220;589868
25;50;PAGO;2109544000;13:01:36.449039;13:01:37.036273;587234
25;50;PAGO;2101151296;13:01:36.451419;13:01:37.036334;584915
25;50;PAGO;2092758592;13:01:36.455506;13:01:37.036998;581492
25;50;PAGO;2084365888;13:01:36.456141;13:01:37.037351;581210
25;50;PAGO;2075973184;13:01:36.456431;13:01:37.038367;581936
25;50;PAGO;-1304435136;13:01:35.877269;13:01:36.585385;708116
25;50;PAGO;-1312827840;13:01:35.889697;13:01:36.586523;696826
25;50;PAGO;-1321220544;13:01:35.896566;13:01:36.586587;690021
25;50;PAGO;-1329613248;13:01:35.908441;13:01:36.586643;678202
25;50;PAGO;-1338005952;13:01:35.914077;13:01:36.587345;673268
25;50;PAGO;-1346398656;13:01:35.923379;13:01:36.588301;664922
25;50;PAGO;-1354791360;13:01:35.924534;13:01:36.589275;664741
25;50;PAGO;-1363184064;13:01:35.925788;13:01:36.590259;664471
25;50;PAGO;-1371576768;13:01:35.927039;13:01:36.591264;664225
25;50;PAGO;-1379969472;13:01:35.928182;13:01:36.592204;664022
25;50;PAGO;-1388362176;13:01:35.929654;13:01:36.593180;663526
25;50;PAGO;-1396754880;13:01:35.935023;13:01:36.594159;659136
25;50;PAGO;-1405147584;13:01:35.936188;13:01:36.594211;658023
25;50;PAGO;-1413540288;13:01:35.937420;13:01:36.595179;657759
25;50;PAGO;-1421932992;13:01:35.942432;13:01:36.596101;653669
25;50;PAGO;-1430325696;13:01:35.955170;13:01:36.596174;641004
25;50;PAGO;-1438718400;13:01:35.957255;13:01:36.596782;639527
25;50;PAGO;-1447111104;13:01:35.959047;13:01:36.597060;638013
25;50;PAGO;-1455503808;13:01:35.961359;13:01:36.598076;636717
25;50;PAGO;-1463896512;13:01:35.965600;13:01:36.598128;632528
25;50;PAGO;-1472289216;13:01:35.970177;13:01:36.598176;627999
25;50;PAGO;-1480681920;13:01:35.971708;13:01:36.598223;626515
25;50;PAGO;-1489074624;13:01:35.974252;13:01:36.599049;624797
25;50;PAGO;-1497467328;13:01:35.978662;13:01:36.600017;621355
25;50;PAGO;-1505860032;13:01:35.979763;13:01:36.600999;621236
25;50;PAGO;-1514252736;13:01:35.983022;13:01:36.601967;618945
25;50;PAGO;-1522645440;13:01:35.984113;13:01:36.602021;617908
25;50;PAGO;-1531038144;13:01:35.986739;13:01:36.602070;615331
25;50;PAGO;-1539430848;13:01:35.988800;13:01:36.602117;613317
25;50;PAGO;-1547823552;13:01:35.991408;13:01:36.602164;610756
25;50;PAGO;-1556216256;13:01:35.996922;13:01:36.602217;605295
25;50;PAGO;-1564608960;13:01:35.997701;13:01:36.602991;605290
25;50;PAGO;-1573001664;13:01:35.999991;13:01:36.603918;603927
25;50;PAGO;-1581394368;13:01:36.002476;13:01:36.604926;602450
25;50;PAGO;-1589787072;13:01:36.007736;13:01:36.605854;598118
25;50;PAGO;-1598179776;13:01:36.008923;13:01:36.606903;597980
25;50;PAGO;-1606572480;13:01:36.010041;13:01:36.607823;597782
25;50;PAGO;-1614965184;13:01:36.414184;13:01:36.607905;193721
25;50;PAGO;-1623357888;13:01:36.415741;13:01:36.607960;192219
25;50;PAGO;-1631750592;13:01:36.416598;13:01:36.608008;191410
25;50;PAGO;-1640143296;13:01:36.426943;13:01:36.608056;181113
25;50;PAGO;-1648536000;13:01:36.429692;13:01:36.608129;178437
25;50;PAGO;-1656928704;13:01:36.432819;13:01:36.608818;175999
25;50;PAGO;-1665321408;13:01:36.441070;13:01:36.609819;168749
25;50;PAGO;-1673714112;13:01:36.443015;13:01:36.610799;167784
25;50;PAGO;-1682106816;13:01:36.446330;13:01:36.611748;165418
25;50;PAGO;-1690499520;13:01:36.446994;13:01:36.612714;165720
25;50;PAGO;-1698892224;13:01:36.450827;13:01:36.613702;162875
25;50;PAGO;-1707284928;13:01:36.454921;13:01:36.614701;159780
25;50;PAGO;-1715677632;13:01:36.455847;13:01:36.615650;159803
25;50;PAGO;-1635785152;13:01:35.877179;13:01:36.616632;739453
25;50;PAGO;-1644177856;13:01:35.889761;13:01:36.616880;727119
25;50;PAGO;-1652570560;13:01:35.896489;13:01:36.617596;721107
25;50;PAGO;-1660963264;13:01:35.906419;13:01:36.617701;711282
25;50;PAGO;-1669355968;13:01:35.912899;13:01:36.618651;705752
25;50;PAGO;-1677748672;13:01:35.923100;13:01:36.619556;696456
25;50;PAGO;-1686141376;13:01:35.924467;13:01:36.620533;696066
25;50;PAGO;-1694534080;13:01:35.925591;13:01:36.621530;695939
25;50;PAGO;-1702926784;13:01:35.926960;13:01:36.621584;694624
25;50;PAGO;-1711319488;13:01:35.928045;13:01:36.621637;693592
25;50;PAGO;-1719712192;13:01:35.929587;13:01:36.621830;692243
25;50;PAGO;-1728104896;13:01:35.934851;13:01:36.622526;687675
25;50;PAGO;-1736497600;13:01:35.936142;13:01:36.623461;687319
25;50;PAGO;-1744890304;13:01:35.937376;13:01:36.623513;686137
25;50;PAGO;-1753283008;13:01:35.942344;13:01:36.623566;681222
25;50;PAGO;-1761675712;13:01:35.955114;13:01:36.623620;668506
25;50;PAGO;-1770068416;13:01:35.957207;13:01:36.623677;666470
25;50;PAGO;-1778461120;13:01:35.959111;13:01:36.624430;665319
25;50;PAGO;-1786853824;13:01:35.962169;13:01:36.625435;663266
25;50;PAGO;-1795246528;13:01:35.965612;13:01:36.625534;659922
25;50;PAGO;-1803639232;13:01:35.968250;13:01:36.626013;657763
25;50;PAGO;-1812031936;13:01:35.971800;13:01:36.626402;654602
25;50;PAGO;-1820424640;13:01:35.974273;13:01:36.627448;653175
25;50;PAGO;-1828817344;13:01:35.978514;13:01:36.629387;650873
25;50;PAGO;-1837210048;13:01:35.980095;13:01:36.630266;650171
25;50;PAGO;-1845602752;13:01:35.982875;13:01:36.630890;648015
25;50;PAGO;-1853995456;13:01:35.984366;13:01:36.631283;646917
25;50;PAGO;-1862388160;13:01:35.986761;13:01:36.631377;644616
25;50;PAGO;-1870780864;13:01:35.988712;13:01:36.632240;643528
25;50;PAGO;-1879173568;13:01:35.991288;13:01:36.633227;641939
25;50;PAGO;-1887566272;13:01:35.996516;13:01:36.634192;637676
25;50;PAGO;-1895958976;13:01:35.999528;13:01:36.635210;635682
25;50;PAGO;-1904351680;13:01:36.001884;13:01:36.636007;634123
25;50;PAGO;-1912744384;13:01:36.006992;13:01:36.636116;629124
25;50;PAGO;-1921137088;13:01:36.008417;13:01:36.636806;628389
25;50;PAGO;-1929529792;13:01:36.009529;13:01:36.637114;627585
25;50;PAGO;-1937922496;13:01:36.413683;13:01:36.637167;223484
25;50;PAGO;-1946315200;13:01:36.415428;13:01:36.637216;221788
25;50;PAGO;-1954707904;13:01:36.417368;13:01:36.637264;219896
25;50;PAGO;-1963100608;13:01:36.427359;13:01:36.638126;210767
25;50;PAGO;-1971493312;13:01:36.429845;13:01:36.638207;208362
25;50;PAGO;-1979886016;13:01:36.434462;13:01:36.639109;204647
25;50;PAGO;-1988278720;13:01:36.439893;13:01:36.640093;200200
25;50;PAGO;-1996671424;13:01:36.442889;13:01:36.641045;198156
25;50;PAGO;-2005064128;13:01:36.446014;13:01:36.642029;196015
25;50;PAGO;-2013456832;13:01:36.448952;13:01:36.642083;193131
25;50;PAGO;-2021849536;13:01:36.451590;13:01:36.642133;190543
25;50;PAGO;-2030242240;13:01:36.455284;13:01:36.642182;186898
25;50;PAGO;-2038634944;13:01:36.456008;13:01:36.642239;186231
25;50;PAGO;-2047027648;13:01:36.456323;13:01:36.642999;186676
25;50;PAGO;-1256200640;13:01:35.877240;13:01:36.644952;767712
25;50;PAGO;-1264593344;13:01:35.889861;13:01:36.645924;756063
25;50;PAGO;-1272986048;13:01:35.896697;13:01:36.645990;749293
25;50;PAGO;-1281378752;13:01:35.908490;13:01:36.646880;738390
25;50;PAGO;-1289771456;13:01:35.915962;13:01:36.647867;731905
25;50;PAGO;-1298164160;13:01:35.923426;13:01:36.648848;725422
25;50;PAGO;-1306556864;13:01:35.924582;13:01:36.649837;725255
25;50;PAGO;-1314949568;13:01:35.925756;13:01:36.649900;724144
25;50;PAGO;-1323342272;13:01:35.926996;13:01:36.649956;722960
25;50;PAGO;-1331734976;13:01:35.928263;13:01:36.650007;721744
25;50;PAGO;-1340127680;13:01:35.929713;13:01:36.650058;720345
25;50;PAGO;-1348520384;13:01:35.935134;13:01:36.650107;714973
25;50;PAGO;-1356913088;13:01:35.936289;13:01:36.650886;714597
25;50;PAGO;-1365305792;13:01:35.937506;13:01:36.651757;714251
25;50;PAGO;-1373698496;13:01:35.942536;13:01:36.652771;710235
25;50;PAGO;-1382091200;13:01:35.955225;13:01:36.653737;698512
25;50;PAGO;-1390483904;13:01:35.957332;13:01:36.654771;697439
25;50;PAGO;-1398876608;13:01:35.959084;13:01:36.655682;696598
25;50;PAGO;-1407269312;13:01:35.962150;13:01:36.656021;693871
25;50;PAGO;-1415662016;13:01:35.964177;13:01:36.656660;692483
25;50;PAGO;-1424054720;13:01:35.970431;13:01:36.656810;686379
25;50;PAGO;-1432447424;13:01:35.971588;13:01:36.657655;686067
25;50;PAGO;-1440840128;13:01:35.973588;13:01:36.658644;685056
25;50;PAGO;-1449232832;13:01:35.978748;13:01:36.658730;679982
25;50;PAGO;-1457625536;13:01:35.980112;13:01:36.658783;678671
25;50;PAGO;-1466018240;13:01:35.980870;13:01:36.658832;677962
25;50;PAGO;-1474410944;13:01:35.983684;13:01:36.658893;675209
25;50;PAGO;-1482803648;13:01:35.984848;13:01:36.659247;674399
25;50;PAGO;-1491196352;13:01:35.987171;13:01:36.659347;672176
25;50;PAGO;-1499589056;13:01:35.989407;13:01:36.659589;670182
25;50;PAGO;-1507981760;13:01:35.995340;13:01:36.660580;665240
25;50;PAGO;-1516374464;13:01:35.997142;13:01:36.661564;664422
25;50;PAGO;-1524767168;13:01:35.999727;13:01:36.662547;662820
25;50;PAGO;-1533159872;13:01:36.002072;13:01:36.663478;661406
25;50;PAGO;-1541552576;13:01:36.007555;13:01:36.664470;656915
25;50;PAGO;-1549945280;13:01:36.008759;13:01:36.664522;655763
25;50;PAGO;-1558337984;13:01:36.009870;13:01:36.664577;654707
25;50;PAGO;-1566730688;13:01:36.414071;13:01:36.664634;250563
25;50;PAGO;-1575123392;13:01:36.415342;13:01:36.665443;250101
25;50;PAGO;-1583516096;13:01:36.418062;13:01:36.666513;248451
25;50;PAGO;-1591908800;13:01:36.425384;13:01:36.666827;241443
25;50;PAGO;-1600301504;13:01:36.429713;13:01:36.667394;237681
25;50;PAGO;-1608694208;13:01:36.437628;13:01:36.668360;230732
25;50;PAGO;-1617086912;13:01:36.441368;13:01:36.669331;227963
25;50;PAGO;-1625479616;13:01:36.443106;13:01:36.670342;227236
25;50;PAGO;-1633872320;13:01:36.445948;13:01:36.670396;224448
25;50;PAGO;-1642265024;13:01:36.448749;13:01:36.670445;221696
25;50;PAGO;-1650657728;13:01:36.451168;13:01:36.671279;220111
25;50;PAGO;-1659050432;13:01:36.455468;13:01:36.672302;216834
25;50;PAGO;-1667443136;13:01:36.456121;13:01:36.673248;217127
25;50;PAGO;-400562624;13:01:35.877193;13:01:36.675206;798013
25;50;PAGO;-408955328;13:01:35.889653;13:01:36.676245;786592
25;50;PAGO;-417348032;13:01:35.896642;13:01:36.676305;779663
25;50;PAGO;-425740736;13:01:35.906511;13:01:36.676355;769844
25;50;PAGO;-434133440;13:01:35.913041;13:01:36.676626;763585
25;50;PAGO;-442526144;13:01:35.922990;13:01:36.676818;753828
25;50;PAGO;-450918848;13:01:35.924419;13:01:36.677142;752723
25;50;PAGO;-459311552;13:01:35.925553;13:01:36.678126;752573
25;50;PAGO;-467704256;13:01:35.926917;13:01:36.678185;751268
25;50;PAGO;-476096960;13:01:35.927981;13:01:36.678235;750254
25;50;PAGO;-484489664;13:01:35.929138;13:01:36.679135;749997
25;50;PAGO;-492882368;13:01:35.934754;13:01:36.680076;745322
25;50;PAGO;-501275072;13:01:35.936049;13:01:36.681051;745002
25;50;PAGO;-509667776;13:01:35.937283;13:01:36.682028;744745
25;50;PAGO;-518060480;13:01:35.938730;13:01:36.682081;743351
25;50;PAGO;-526453184;13:01:35.955062;13:01:36.682137;727075
25;50;PAGO;-534845888;13:01:35.957161;13:01:36.682213;725052
25;50;PAGO;-543238592;13:01:35.958748;13:01:36.683070;724322
25;50;PAGO;-551631296;13:01:35.962126;13:01:36.683125;720999
25;50;PAGO;-560024000;13:01:35.965598;13:01:36.683980;718382
25;50;PAGO;-568416704;13:01:35.968277;13:01:36.684972;716695
25;50;PAGO;-576809408;13:01:35.971568;13:01:36.685929;714361
25;50;PAGO;-585202112;13:01:35.973833;13:01:36.686039;712206
25;50;PAGO;-593594816;13:01:35.978641;13:01:36.686089;707448
25;50;PAGO;-601987520;13:01:35.979797;13:01:36.686143;706346
25;50;PAGO;-610380224;13:01:35.982960;13:01:36.686194;703234
25;50;PAGO;-618772928;13:01:35.984132;13:01:36.686880;702748
25;50;PAGO;-627165632;13:01:35.985489;13:01:36.687890;702401
25;50;PAGO;-635558336;13:01:35.989017;13:01:36.687948;698931
25;50;PAGO;-643951040;13:01:35.991453;13:01:36.687999;696546
25;50;PAGO;-652343744;13:01:35.996747;13:01:36.688857;692110
25;50;PAGO;-660736448;13:01:35.998042;13:01:36.689834;691792
25;50;PAGO;-669129152;13:01:36.001568;13:01:36.690853;689285
25;50;PAGO;-677521856;13:01:36.007045;13:01:36.691786;684741
25;50;PAGO;-685914560;13:01:36.008532;13:01:36.692762;684230
25;50;PAGO;-694307264;13:01:36.009636;13:01:36.693759;684123
25;50;PAGO;-702699968;13:01:36.413823;13:01:36.693819;279996
25;50;PAGO;-711092672;13:01:36.414992;13:01:36.693870;278878
25;50;PAGO;-719485376;13:01:36.416033;13:01:36.694747;278714
25;50;PAGO;-727878080;13:01:36.418361;13:01:36.695698;277337
25;50;PAGO;-736270784;13:01:36.427901;13:01:36.696044;268143
25;50;PAGO;-744663488;13:01:36.431750;13:01:36.696683;264933
25;50;PAGO;-753056192;13:01:36.437466;13:01:36.696833;259367
25;50;PAGO;-761448896;13:01:36.441204;13:01:36.697664;256460
25;50;PAGO;-769841600;13:01:36.442291;13:01:36.698728;256437
25;50;PAGO;-778234304;13:01:36.446287;13:01:36.698827;252540
25;50;PAGO;-786627008;13:01:36.448847;13:01:36.699638;250791
25;50;PAGO;-795019712;13:01:36.451340;13:01:36.700612;249272
25;50;PAGO;-803412416;13:01:36.455265;13:01:36.701593;246328
25;50;PAGO;-811805120;13:01:36.456040;13:01:36.701658;245618
25;50;PAGO;1881138752;13:01:35.877970;13:01:37.039303;1161333
25;50;PAGO;1872746048;13:01:35.889651;13:01:37.040446;1150795
25;50;PAGO;1478288960;13:01:36.451566;13:01:37.040682;589116
25;50;PAGO;1864353344;13:01:35.896548;13:01:37.041301;1144753
25;50;PAGO;1855960640;13:01:35.906313;13:01:37.041398;1135085
25;50;PAGO;1847567936;13:01:35.912449;13:01:37.042262;1129813
25;50;PAGO;1839175232;13:01:35.922866;13:01:37.043284;1120418
25;50;PAGO;1830782528;13:01:35.924287;13:01:37.044206;1119919
25;50;PAGO;1822389824;13:01:35.925429;13:01:37.044264;1118835
25;50;PAGO;1813997120;13:01:35.926792;13:01:37.044314;1117522
25;50;PAGO;1805604416;13:01:35.927886;13:01:37.044361;1116475
25;50;PAGO;1797211712;13:01:35.928968;13:01:37.044409;1115441
25;50;PAGO;1788819008;13:01:35.934677;13:01:37.045186;1110509
25;50;PAGO;1780426304;13:01:35.935970;13:01:37.045897;1109927
25;50;PAGO;1772033600;13:01:35.937211;13:01:37.046146;1108935
25;50;PAGO;1763640896;13:01:35.938664;13:01:37.046203;1107539
25;50;PAGO;1755248192;13:01:35.955034;13:01:37.047047;1092013
25;50;PAGO;1746855488;13:01:35.957434;13:01:37.047119;1089685
25;50;PAGO;1738462784;13:01:35.958422;13:01:37.048184;1089762
25;50;PAGO;1730070080;13:01:35.962201;13:01:37.048910;1086709
25;50;PAGO;1721677376;13:01:35.967501;13:01:37.049064;1081563
25;50;PAGO;1713284672;13:01:35.970615;13:01:37.049157;1078542
25;50;PAGO;1704891968;13:01:35.971833;13:01:37.049249;1077416
25;50;PAGO;1696499264;13:01:35.973886;13:01:37.049993;1076107
25;50;PAGO;1688106560;13:01:35.978576;13:01:37.050044;1071468
25;50;PAGO;1679713856;13:01:35.979881;13:01:37.051101;1071220
25;50;PAGO;1671321152;13:01:35.980853;13:01:37.052013;1071160
25;50;PAGO;1662928448;13:01:35.983643;13:01:37.053011;1069368
25;50;PAGO;1654535744;13:01:35.984887;13:01:37.053976;1069089
25;50;PAGO;1646143040;13:01:35.987193;13:01:37.054027;1066834
25;50;PAGO;1637750336;13:01:35.989383;13:01:37.054081;1064698
25;50;PAGO;1629357632;13:01:35.995285;13:01:37.054130;1058845
25;50;PAGO;1620964928;13:01:35.997090;13:01:37.054179;1057089
25;50;PAGO;1612572224;13:01:35.999686;13:01:37.054226;1054540
25;50;PAGO;1604179520;13:01:36.002039;13:01:37.054994;1052955
25;50;PAGO;1595786816;13:01:36.007470;13:01:37.055099;1047629
25;50;PAGO;1587394112;13:01:36.008680;13:01:37.055912;1047232
25;50;PAGO;1579001408;13:01:36.009781;13:01:37.056227;1046446
25;50;PAGO;1570608704;13:01:36.414016;13:01:37.056900;642884
25;50;PAGO;1562216000;13:01:36.415009;13:01:37.057009;642000
25;50;PAGO;1553823296;13:01:36.415978;13:01:37.057877;641899
25;50;PAGO;1545430592;13:01:36.424529;13:01:37.059032;634503
25;50;PAGO;1537037888;13:01:36.427788;13:01:37.059830;632042
25;50;PAGO;1528645184;13:01:36.431673;13:01:37.060817;629144
25;50;PAGO;1520252480;13:01:36.437395;13:01:37.060878;623483
25;50;PAGO;1511859776;13:01:36.441247;13:01:37.060929;619682
25;50;PAGO;1503467072;13:01:36.442915;13:01:37.060989;618074
25;50;PAGO;1495074368;13:01:36.446060;13:01:37.061782;615722
25;50;PAGO;1486681664;13:01:36.448925;13:01:37.062783;613858
25;50;PAGO;1469896256;13:01:36.455596;13:01:37.063738;608142
