4;5;PAGO;-1906317760;13:38:57.441676;13:38:57.445219;3543
4;5;PAGO;-1914710464;13:38:57.442987;13:38:57.445473;2486
4;5;PAGO;-1923103168;13:38:57.443267;13:38:57.445576;2309
4;5;PAGO;-1931495872;13:38:57.443417;13:38:57.446141;2724
4;5;PAGO;-1939888576;13:38:57.443562;13:38:57.446218;2656
4;5;PAGO;-1073748416;13:38:57.441841;13:38:57.447450;5609
4;5;PAGO;-1082141120;13:38:57.443023;13:38:57.448223;5200
4;5;PAGO;-1090533824;13:38:57.443312;13:38:57.448695;5383
4;5;PAGO;-1098926528;13:38:57.443470;13:38:57.449052;5582
4;5;PAGO;-1107319232;13:38:57.443581;13:38:57.450039;6458
4;5;PAGO;-723524032;13:38:57.441819;13:38:57.450104;8285
4;5;PAGO;-731916736;13:38:57.442989;13:38:57.450303;7314
4;5;PAGO;-740309440;13:38:57.443234;13:38:57.451064;7830
4;5;PAGO;-748702144;13:38:57.443448;13:38:57.451979;8531
4;5;PAGO;-757094848;13:38:57.443580;13:38:57.452961;9381
4;5;PAGO;1709172288;13:38:57.441913;13:38:57.455917;14004
4;5;PAGO;1700779584;13:38:57.443045;13:38:57.457023;13978
4;5;PAGO;1692386880;13:38:57.443338;13:38:57.457419;14081
4;5;PAGO;1683994176;13:38:57.443493;13:38:57.457808;14315
4;5;PAGO;1675601472;13:38:57.443594;13:38:57.458206;14612


10;20;PAGO;-2004883904;13:42:27.407535;13:42:27.431324;23789
10;20;PAGO;-2013276608;13:42:27.409217;13:42:27.431550;22333
10;20;PAGO;-2021669312;13:42:27.411412;13:42:27.431689;20277
10;20;PAGO;-2030062016;13:42:27.412017;13:42:27.432303;20286
10;20;PAGO;-2038454720;13:42:27.412406;13:42:27.433282;20876
10;20;PAGO;-2046847424;13:42:27.414894;13:42:27.434260;19366
10;20;PAGO;-2055240128;13:42:27.415311;13:42:27.435240;19929
10;20;PAGO;-2063632832;13:42:27.415998;13:42:27.435432;19434
10;20;PAGO;-2072025536;13:42:27.416390;13:42:27.436218;19828
10;20;PAGO;-2080418240;13:42:27.418989;13:42:27.437196;18207
10;20;PAGO;-2088810944;13:42:27.419393;13:42:27.437247;17854
10;20;PAGO;-2097203648;13:42:27.419908;13:42:27.437295;17387
10;20;PAGO;-2105596352;13:42:27.422240;13:42:27.437357;15117
10;20;PAGO;-2113989056;13:42:27.422709;13:42:27.437557;14848
10;20;PAGO;-2122381760;13:42:27.423089;13:42:27.438156;15067
10;20;PAGO;-2130774464;13:42:27.423452;13:42:27.438206;14754
10;20;PAGO;-2139167168;13:42:27.423894;13:42:27.438351;14457
10;20;PAGO;2147407424;13:42:27.425530;13:42:27.439117;13587
10;20;PAGO;2139014720;13:42:27.425979;13:42:27.440120;14141
10;20;PAGO;2130622016;13:42:27.426205;13:42:27.441087;14882
10;20;PAGO;-2103744;13:42:27.406445;13:42:27.442070;35625
10;20;PAGO;-10496448;13:42:27.408613;13:42:27.442277;33664
10;20;PAGO;-18889152;13:42:27.411073;13:42:27.442627;31554
10;20;PAGO;-27281856;13:42:27.411476;13:42:27.443039;31563
10;20;PAGO;-35674560;13:42:27.412079;13:42:27.444018;31939
10;20;PAGO;-44067264;13:42:27.412468;13:42:27.444071;31603
10;20;PAGO;-52459968;13:42:27.414966;13:42:27.444119;29153
10;20;PAGO;-60852672;13:42:27.415381;13:42:27.444166;28785
10;20;PAGO;-69245376;13:42:27.416061;13:42:27.444219;28158
10;20;PAGO;-77638080;13:42:27.416456;13:42:27.444277;27821
10;20;PAGO;-86030784;13:42:27.419059;13:42:27.444989;25930
10;20;PAGO;-94423488;13:42:27.419462;13:42:27.445964;26502
10;20;PAGO;-102816192;13:42:27.419976;13:42:27.446981;27005
10;20;PAGO;-111208896;13:42:27.422313;13:42:27.447557;25244
10;20;PAGO;-119601600;13:42:27.422778;13:42:27.447889;25111
10;20;PAGO;-127994304;13:42:27.423153;13:42:27.448345;25192
10;20;PAGO;-136387008;13:42:27.423596;13:42:27.448867;25271
10;20;PAGO;-144779712;13:42:27.423962;13:42:27.449846;25884
10;20;PAGO;-153172416;13:42:27.425598;13:42:27.450916;25318
10;20;PAGO;-161565120;13:42:27.426002;13:42:27.451824;25822
10;20;PAGO;-1763711424;13:42:27.406745;13:42:27.452814;46069
10;20;PAGO;-1772104128;13:42:27.408805;13:42:27.453030;44225
10;20;PAGO;-1780496832;13:42:27.411217;13:42:27.453279;42062
10;20;PAGO;-1788889536;13:42:27.411592;13:42:27.453546;41954
10;20;PAGO;-1797282240;13:42:27.412216;13:42:27.453725;41509
10;20;PAGO;-1805674944;13:42:27.412623;13:42:27.454043;41420
10;20;PAGO;-1814067648;13:42:27.415170;13:42:27.454778;39608
10;20;PAGO;-1822460352;13:42:27.415585;13:42:27.455529;39944
10;20;PAGO;-1830853056;13:42:27.416238;13:42:27.455699;39461
10;20;PAGO;-1839245760;13:42:27.418874;13:42:27.456718;37844
10;20;PAGO;-1847638464;13:42:27.419251;13:42:27.457654;38403
10;20;PAGO;-1856031168;13:42:27.419800;13:42:27.458396;38596
10;20;PAGO;-1864423872;13:42:27.422060;13:42:27.458631;36571
10;20;PAGO;-1872816576;13:42:27.422469;13:42:27.459630;37161
10;20;PAGO;-1881209280;13:42:27.422901;13:42:27.459691;36790
10;20;PAGO;-1889601984;13:42:27.423265;13:42:27.459740;36475
10;20;PAGO;-1897994688;13:42:27.423711;13:42:27.460604;36893
10;20;PAGO;-1906387392;13:42:27.424073;13:42:27.461597;37524
10;20;PAGO;-1914780096;13:42:27.425716;13:42:27.461653;35937
10;20;PAGO;-1923172800;13:42:27.426074;13:42:27.461702;35628
10;20;PAGO;-1650465216;13:42:27.406794;13:42:27.463528;56734
10;20;PAGO;-1658857920;13:42:27.408780;13:42:27.464663;55883
10;20;PAGO;-1667250624;13:42:27.411194;13:42:27.465491;54297
10;20;PAGO;-1675643328;13:42:27.411612;13:42:27.466530;54918
10;20;PAGO;-1684036032;13:42:27.412178;13:42:27.466583;54405
10;20;PAGO;-1692428736;13:42:27.412602;13:42:27.467441;54839
10;20;PAGO;-1700821440;13:42:27.415141;13:42:27.467563;52422
10;20;PAGO;-1709214144;13:42:27.415550;13:42:27.468375;52825
10;20;PAGO;-1717606848;13:42:27.416283;13:42:27.468448;52165
10;20;PAGO;-1725999552;13:42:27.418823;13:42:27.469445;50622
10;20;PAGO;-1734392256;13:42:27.419269;13:42:27.469582;50313
10;20;PAGO;-1742784960;13:42:27.419757;13:42:27.470398;50641
10;20;PAGO;-1751177664;13:42:27.422113;13:42:27.471329;49216
10;20;PAGO;-1759570368;13:42:27.422585;13:42:27.472333;49748
10;20;PAGO;-1767963072;13:42:27.422949;13:42:27.473283;50334
10;20;PAGO;-1776355776;13:42:27.423312;13:42:27.474285;50973
10;20;PAGO;-1784748480;13:42:27.423755;13:42:27.475279;51524
10;20;PAGO;-1793141184;13:42:27.424117;13:42:27.475928;51811
10;20;PAGO;-1801533888;13:42:27.425761;13:42:27.476447;50686
10;20;PAGO;-1809926592;13:42:27.426098;13:42:27.477179;51081
10;20;PAGO;736093760;13:42:27.406830;13:42:27.477572;70742
10;20;PAGO;727701056;13:42:27.408759;13:42:27.478384;69625
10;20;PAGO;719308352;13:42:27.411240;13:42:27.479139;67899
10;20;PAGO;710915648;13:42:27.411634;13:42:27.479236;67602
10;20;PAGO;702522944;13:42:27.412234;13:42:27.480133;67899
10;20;PAGO;694130240;13:42:27.412566;13:42:27.481109;68543
10;20;PAGO;685737536;13:42:27.415102;13:42:27.482089;66987
10;20;PAGO;677344832;13:42:27.415496;13:42:27.482149;66653
10;20;PAGO;668952128;13:42:27.416179;13:42:27.482198;66019
10;20;PAGO;660559424;13:42:27.416583;13:42:27.483083;66500
10;20;PAGO;652166720;13:42:27.419203;13:42:27.484040;64837
10;20;PAGO;643774016;13:42:27.419664;13:42:27.487074;67410
10;20;PAGO;635381312;13:42:27.420048;13:42:27.487565;67517
10;20;PAGO;626988608;13:42:27.422389;13:42:27.487618;65229
10;20;PAGO;618595904;13:42:27.422851;13:42:27.487681;64830
10;20;PAGO;610203200;13:42:27.423224;13:42:27.487897;64673
10;20;PAGO;601810496;13:42:27.423667;13:42:27.488343;64676
10;20;PAGO;593417792;13:42:27.424033;13:42:27.488925;64892
10;20;PAGO;585025088;13:42:27.425671;13:42:27.489852;64181
10;20;PAGO;576632384;13:42:27.426045;13:42:27.490888;64843
10;20;PAGO;-4200896;13:42:27.407430;13:42:27.492792;85362
10;20;PAGO;-12593600;13:42:27.409156;13:42:27.493965;84809
10;20;PAGO;-20986304;13:42:27.411362;13:42:27.494024;82662
10;20;PAGO;-29379008;13:42:27.411963;13:42:27.494073;82110
10;20;PAGO;-37771712;13:42:27.412358;13:42:27.494122;81764
10;20;PAGO;-46164416;13:42:27.414840;13:42:27.494179;79339
10;20;PAGO;-54557120;13:42:27.415267;13:42:27.494228;78961
10;20;PAGO;-62949824;13:42:27.415951;13:42:27.494775;78824
10;20;PAGO;-71342528;13:42:27.416344;13:42:27.495749;79405
10;20;PAGO;-79735232;13:42:27.418939;13:42:27.495806;76867
10;20;PAGO;-88127936;13:42:27.419350;13:42:27.495855;76505
10;20;PAGO;-96520640;13:42:27.419864;13:42:27.496736;76872
10;20;PAGO;-104913344;13:42:27.422194;13:42:27.497698;75504
10;20;PAGO;-113306048;13:42:27.422664;13:42:27.497796;75132
10;20;PAGO;-121698752;13:42:27.423042;13:42:27.498811;75769
10;20;PAGO;-130091456;13:42:27.423406;13:42:27.499646;76240
10;20;PAGO;-138484160;13:42:27.423851;13:42:27.500616;76765
10;20;PAGO;-146876864;13:42:27.424236;13:42:27.501594;77358
10;20;PAGO;-155269568;13:42:27.425864;13:42:27.501652;75788
10;20;PAGO;-163662272;13:42:27.426160;13:42:27.501702;75542
10;20;PAGO;276817472;13:42:27.408361;13:42:27.501916;93555
10;20;PAGO;268424768;13:42:27.411034;13:42:27.502779;91745
10;20;PAGO;260032064;13:42:27.411440;13:42:27.503559;92119
10;20;PAGO;251639360;13:42:27.412044;13:42:27.504541;92497
10;20;PAGO;243246656;13:42:27.412433;13:42:27.505519;93086
10;20;PAGO;234853952;13:42:27.414927;13:42:27.506526;91599
10;20;PAGO;226461248;13:42:27.415346;13:42:27.507471;92125
10;20;PAGO;218068544;13:42:27.416026;13:42:27.507551;91525
10;20;PAGO;209675840;13:42:27.416421;13:42:27.508402;91981
10;20;PAGO;201283136;13:42:27.419021;13:42:27.508455;89434
10;20;PAGO;192890432;13:42:27.419425;13:42:27.508504;89079
10;20;PAGO;184497728;13:42:27.419940;13:42:27.508552;88612
10;20;PAGO;176105024;13:42:27.422274;13:42:27.508605;86331
10;20;PAGO;167712320;13:42:27.422742;13:42:27.508657;85915
10;20;PAGO;159319616;13:42:27.423118;13:42:27.509389;86271
10;20;PAGO;150926912;13:42:27.423561;13:42:27.510422;86861
10;20;PAGO;142534208;13:42:27.423927;13:42:27.511397;87470
10;20;PAGO;134141504;13:42:27.425561;13:42:27.512347;86786
10;20;PAGO;125748800;13:42:27.425950;13:42:27.513343;87393
10;20;PAGO;117356096;13:42:27.426190;13:42:27.514300;88110
10;20;PAGO;29353536;13:42:27.407228;13:42:27.514435;107207
10;20;PAGO;20960832;13:42:27.408864;13:42:27.514658;105794
10;20;PAGO;12568128;13:42:27.411265;13:42:27.515290;104025
10;20;PAGO;4175424;13:42:27.411655;13:42:27.515583;103928
10;20;PAGO;-4217280;13:42:27.412263;13:42:27.516151;103888
10;20;PAGO;-12609984;13:42:27.412643;13:42:27.516378;103735
10;20;PAGO;-21002688;13:42:27.415062;13:42:27.517241;102179
10;20;PAGO;-29395392;13:42:27.415467;13:42:27.518186;102719
10;20;PAGO;-37788096;13:42:27.416140;13:42:27.518264;102124
10;20;PAGO;-46180800;13:42:27.416526;13:42:27.518388;101862
10;20;PAGO;-54573504;13:42:27.419125;13:42:27.519188;100063
10;20;PAGO;-62966208;13:42:27.419504;13:42:27.520148;100644
10;20;PAGO;-71358912;13:42:27.420012;13:42:27.521145;101133
10;20;PAGO;-79751616;13:42:27.422359;13:42:27.522083;99724
10;20;PAGO;-88144320;13:42:27.422814;13:42:27.522137;99323
10;20;PAGO;-96537024;13:42:27.423187;13:42:27.522185;98998
10;20;PAGO;-104929728;13:42:27.423632;13:42:27.522242;98610
10;20;PAGO;-113322432;13:42:27.423999;13:42:27.523135;99136
10;20;PAGO;-121715136;13:42:27.425635;13:42:27.524040;98405
10;20;PAGO;-130107840;13:42:27.426023;13:42:27.525031;99008
10;20;PAGO;1193272896;13:42:27.407239;13:42:27.525100;117861
10;20;PAGO;1184880192;13:42:27.409077;13:42:27.526144;117067
10;20;PAGO;1176487488;13:42:27.411288;13:42:27.526205;114917
10;20;PAGO;1168094784;13:42:27.411681;13:42:27.527005;115324
10;20;PAGO;1159702080;13:42:27.412293;13:42:27.527918;115625
10;20;PAGO;1151309376;13:42:27.412677;13:42:27.528954;116277
10;20;PAGO;1142916672;13:42:27.415203;13:42:27.529008;113805
10;20;PAGO;1134523968;13:42:27.415603;13:42:27.529868;114265
10;20;PAGO;1126131264;13:42:27.416267;13:42:27.530930;114663
10;20;PAGO;1117738560;13:42:27.418866;13:42:27.531839;112973
10;20;PAGO;1109345856;13:42:27.419286;13:42:27.532812;113526
10;20;PAGO;1100953152;13:42:27.419783;13:42:27.533772;113989
10;20;PAGO;1092560448;13:42:27.422132;13:42:27.534803;112671
10;20;PAGO;1084167744;13:42:27.422627;13:42:27.534864;112237
10;20;PAGO;1075775040;13:42:27.423007;13:42:27.535727;112720
10;20;PAGO;1067382336;13:42:27.423371;13:42:27.536729;113358
10;20;PAGO;1058989632;13:42:27.423816;13:42:27.536784;112968
10;20;PAGO;1050596928;13:42:27.424176;13:42:27.536838;112662
10;20;PAGO;1042204224;13:42:27.425829;13:42:27.537678;111849
10;20;PAGO;1033811520;13:42:27.426139;13:42:27.537731;111592
10;20;PAGO;-1260394944;13:42:27.407332;13:42:27.539667;132335
10;20;PAGO;-1268787648;13:42:27.409118;13:42:27.540779;131661
10;20;PAGO;-1277180352;13:42:27.411326;13:42:27.541471;130145
10;20;PAGO;-1285573056;13:42:27.411717;13:42:27.541586;129869
10;20;PAGO;-1293965760;13:42:27.412324;13:42:27.542682;130358
10;20;PAGO;-1302358464;13:42:27.412705;13:42:27.543559;130854
10;20;PAGO;-1310751168;13:42:27.415231;13:42:27.543611;128380
10;20;PAGO;-1319143872;13:42:27.415631;13:42:27.543705;128074
10;20;PAGO;-1327536576;13:42:27.416309;13:42:27.543757;127448
10;20;PAGO;-1335929280;13:42:27.418899;13:42:27.543805;124906
10;20;PAGO;-1344321984;13:42:27.419315;13:42:27.544546;125231
10;20;PAGO;-1352714688;13:42:27.419829;13:42:27.545533;125704
10;20;PAGO;-1361107392;13:42:27.422155;13:42:27.546606;124451
10;20;PAGO;-1369500096;13:42:27.422605;13:42:27.546715;124110
10;20;PAGO;-1377892800;13:42:27.422971;13:42:27.546791;123820
10;20;PAGO;-1386285504;13:42:27.423336;13:42:27.546995;123659
10;20;PAGO;-1394678208;13:42:27.423782;13:42:27.547480;123698
10;20;PAGO;-1403070912;13:42:27.424142;13:42:27.548466;124324
10;20;PAGO;-1411463616;13:42:27.425798;13:42:27.549455;123657
10;20;PAGO;-1419856320;13:42:27.426122;13:42:27.550397;124275


25;50;PAGO;-232790464;13:42:54.996577;13:42:55.294457;297880
25;50;PAGO;-241183168;13:42:55.003894;13:42:55.295663;291769
25;50;PAGO;-249575872;13:42:55.011675;13:42:55.295941;284266
25;50;PAGO;-257968576;13:42:55.017256;13:42:55.296339;279083
25;50;PAGO;-266361280;13:42:55.025209;13:42:55.297311;272102
25;50;PAGO;-274753984;13:42:55.035201;13:42:55.297363;262162
25;50;PAGO;-283146688;13:42:55.039813;13:42:55.297410;257597
25;50;PAGO;-291539392;13:42:55.046223;13:42:55.297467;251244
25;50;PAGO;-299932096;13:42:55.047728;13:42:55.297571;249843
25;50;PAGO;-308324800;13:42:55.050173;13:42:55.298561;248388
25;50;PAGO;-316717504;13:42:55.052508;13:42:55.299269;246761
25;50;PAGO;-325110208;13:42:55.055341;13:42:55.300248;244907
25;50;PAGO;-333502912;13:42:55.057966;13:42:55.301218;243252
25;50;PAGO;-341895616;13:42:55.060512;13:42:55.301269;240757
25;50;PAGO;-350288320;13:42:55.066193;13:42:55.301316;235123
25;50;PAGO;-358681024;13:42:55.068611;13:42:55.301433;232822
25;50;PAGO;-367073728;13:42:55.071027;13:42:55.301518;230491
25;50;PAGO;-375466432;13:42:55.073410;13:42:55.302192;228782
25;50;PAGO;-383859136;13:42:55.075471;13:42:55.303238;227767
25;50;PAGO;-392251840;13:42:55.081078;13:42:55.304149;223071
25;50;PAGO;-400644544;13:42:55.083331;13:42:55.305127;221796
25;50;PAGO;-409037248;13:42:55.085772;13:42:55.306134;220362
25;50;PAGO;-417429952;13:42:55.088791;13:42:55.306191;217400
25;50;PAGO;-425822656;13:42:55.090933;13:42:55.307125;216192
25;50;PAGO;-434215360;13:42:55.093131;13:42:55.307186;214055
25;50;PAGO;-442608064;13:42:55.095014;13:42:55.307236;212222
25;50;PAGO;-451000768;13:42:55.097370;13:42:55.307283;209913
25;50;PAGO;-459393472;13:42:55.103358;13:42:55.307347;203989
25;50;PAGO;-467786176;13:42:55.105790;13:42:55.307581;201791
25;50;PAGO;-476178880;13:42:55.109129;13:42:55.308043;198914
25;50;PAGO;-484571584;13:42:55.111255;13:42:55.308363;197108
25;50;PAGO;-492964288;13:42:55.113490;13:42:55.309029;195539
25;50;PAGO;-501356992;13:42:55.115285;13:42:55.310019;194734
25;50;PAGO;-509749696;13:42:55.118161;13:42:55.311010;192849
25;50;PAGO;-518142400;13:42:55.121449;13:42:55.311949;190500
25;50;PAGO;-526535104;13:42:55.247470;13:42:55.312006;64536
25;50;PAGO;-534927808;13:42:55.248782;13:42:55.312056;63274
25;50;PAGO;-543320512;13:42:55.250358;13:42:55.312104;61746
25;50;PAGO;-551713216;13:42:55.257598;13:42:55.312938;55340
25;50;PAGO;-560105920;13:42:55.260382;13:42:55.313912;53530
25;50;PAGO;-568498624;13:42:55.263332;13:42:55.314918;51586
25;50;PAGO;-576891328;13:42:55.267357;13:42:55.315854;48497
25;50;PAGO;-585284032;13:42:55.269529;13:42:55.316679;47150
25;50;PAGO;-593676736;13:42:55.273011;13:42:55.316835;43824
25;50;PAGO;-602069440;13:42:55.275955;13:42:55.317581;41626
25;50;PAGO;-610462144;13:42:55.278489;13:42:55.317786;39297
25;50;PAGO;-618854848;13:42:55.282814;13:42:55.317835;35021
25;50;PAGO;-627247552;13:42:55.284132;13:42:55.318405;34273
25;50;PAGO;-635640256;13:42:55.286883;13:42:55.318784;31901
25;50;PAGO;-644032960;13:42:55.287923;13:42:55.319761;31838
25;50;PAGO;-2055215552;13:42:54.996602;13:42:55.321750;325148
25;50;PAGO;-2063608256;13:42:55.003850;13:42:55.322888;319038
25;50;PAGO;-2072000960;13:42:55.011701;13:42:55.322949;311248
25;50;PAGO;-2080393664;13:42:55.017238;13:42:55.323194;305956
25;50;PAGO;-2088786368;13:42:55.025186;13:42:55.323667;298481
25;50;PAGO;-2097179072;13:42:55.035179;13:42:55.324643;289464
25;50;PAGO;-2105571776;13:42:55.039856;13:42:55.324702;284846
25;50;PAGO;-2113964480;13:42:55.046259;13:42:55.324750;278491
25;50;PAGO;-2122357184;13:42:55.047621;13:42:55.324812;277191
25;50;PAGO;-2130749888;13:42:55.050058;13:42:55.325616;275558
25;50;PAGO;-2139142592;13:42:55.052395;13:42:55.326611;274216
25;50;PAGO;2147432000;13:42:55.055081;13:42:55.326670;271589
25;50;PAGO;2139039296;13:42:55.057823;13:42:55.327587;269764
25;50;PAGO;2130646592;13:42:55.060373;13:42:55.328367;267994
25;50;PAGO;2122253888;13:42:55.066012;13:42:55.328543;262531
25;50;PAGO;2113861184;13:42:55.068472;13:42:55.329523;261051
25;50;PAGO;2105468480;13:42:55.070892;13:42:55.329574;258682
25;50;PAGO;2097075776;13:42:55.073268;13:42:55.329631;256363
25;50;PAGO;2088683072;13:42:55.075339;13:42:55.329681;254342
25;50;PAGO;2080290368;13:42:55.080941;13:42:55.329729;248788
25;50;PAGO;2071897664;13:42:55.083200;13:42:55.330519;247319
25;50;PAGO;2063504960;13:42:55.085664;13:42:55.331474;245810
25;50;PAGO;2055112256;13:42:55.088709;13:42:55.332446;243737
25;50;PAGO;2046719552;13:42:55.090855;13:42:55.333422;242567
25;50;PAGO;2038326848;13:42:55.093029;13:42:55.333473;240444
25;50;PAGO;2029934144;13:42:55.094943;13:42:55.333526;238583
25;50;PAGO;2021541440;13:42:55.097313;13:42:55.333584;236271
25;50;PAGO;2013148736;13:42:55.103275;13:42:55.334480;231205
25;50;PAGO;2004756032;13:42:55.105768;13:42:55.335420;229652
25;50;PAGO;1996363328;13:42:55.109054;13:42:55.336375;227321
25;50;PAGO;1987970624;13:42:55.111176;13:42:55.337356;226180
25;50;PAGO;1979577920;13:42:55.113446;13:42:55.337409;223963
25;50;PAGO;1971185216;13:42:55.115175;13:42:55.337461;222286
25;50;PAGO;1962792512;13:42:55.118022;13:42:55.337514;219492
25;50;PAGO;1954399808;13:42:55.121303;13:42:55.337565;216262
25;50;PAGO;1946007104;13:42:55.247353;13:42:55.338379;91026
25;50;PAGO;1937614400;13:42:55.248533;13:42:55.339290;90757
25;50;PAGO;1929221696;13:42:55.250339;13:42:55.340268;89929
25;50;PAGO;1920828992;13:42:55.257724;13:42:55.341261;83537
25;50;PAGO;1912436288;13:42:55.260527;13:42:55.342221;81694
25;50;PAGO;1904043584;13:42:55.262982;13:42:55.343239;80257
25;50;PAGO;1895650880;13:42:55.267229;13:42:55.344167;76938
25;50;PAGO;1887258176;13:42:55.269272;13:42:55.345155;75883
25;50;PAGO;1878865472;13:42:55.272823;13:42:55.346116;73293
25;50;PAGO;1870472768;13:42:55.275501;13:42:55.346168;70667
25;50;PAGO;1862080064;13:42:55.278211;13:42:55.346222;68011
25;50;PAGO;1853687360;13:42:55.280447;13:42:55.347121;66674
25;50;PAGO;1845294656;13:42:55.283982;13:42:55.347174;63192
25;50;PAGO;1836901952;13:42:55.286787;13:42:55.347222;60435
25;50;PAGO;1828509248;13:42:55.287836;13:42:55.347275;59439
25;50;PAGO;1082123840;13:42:54.999906;13:42:55.347587;347681
25;50;PAGO;1073731136;13:42:55.004819;13:42:55.348231;343412
25;50;PAGO;1065338432;13:42:55.012606;13:42:55.348369;335763
25;50;PAGO;1056945728;13:42:55.021060;13:42:55.349088;328028
25;50;PAGO;1048553024;13:42:55.029656;13:42:55.350039;320383
25;50;PAGO;1040160320;13:42:55.037202;13:42:55.355488;318286
25;50;PAGO;1031767616;13:42:55.040272;13:42:55.358955;318683
25;50;PAGO;1023374912;13:42:55.046757;13:42:55.359821;313064
25;50;PAGO;1014982208;13:42:55.048042;13:42:55.360813;312771
25;50;PAGO;1006589504;13:42:55.050592;13:42:55.361783;311191
25;50;PAGO;998196800;13:42:55.052809;13:42:55.362757;309948
25;50;PAGO;989804096;13:42:55.055632;13:42:55.363714;308082
25;50;PAGO;981411392;13:42:55.058410;13:42:55.363768;305358
25;50;PAGO;973018688;13:42:55.060820;13:42:55.363815;302995
25;50;PAGO;964625984;13:42:55.066464;13:42:55.364692;298228
25;50;PAGO;956233280;13:42:55.069102;13:42:55.364807;295705
25;50;PAGO;947840576;13:42:55.071395;13:42:55.365651;294256
25;50;PAGO;939447872;13:42:55.073940;13:42:55.366649;292709
25;50;PAGO;931055168;13:42:55.077172;13:42:55.367580;290408
25;50;PAGO;922662464;13:42:55.081325;13:42:55.368368;287043
25;50;PAGO;914269760;13:42:55.084761;13:42:55.368558;283797
25;50;PAGO;905877056;13:42:55.086678;13:42:55.369568;282890
25;50;PAGO;897484352;13:42:55.088993;13:42:55.369659;280666
25;50;PAGO;889091648;13:42:55.091114;13:42:55.370593;279479
25;50;PAGO;880698944;13:42:55.093364;13:42:55.370693;277329
25;50;PAGO;872306240;13:42:55.096364;13:42:55.371482;275118
25;50;PAGO;863913536;13:42:55.098588;13:42:55.372462;273874
25;50;PAGO;855520832;13:42:55.103540;13:42:55.373432;269892
25;50;PAGO;847128128;13:42:55.106209;13:42:55.374167;267958
25;50;PAGO;838735424;13:42:55.109271;13:42:55.374219;264948
25;50;PAGO;830342720;13:42:55.111393;13:42:55.374449;263056
25;50;PAGO;821950016;13:42:55.113630;13:42:55.375386;261756
25;50;PAGO;813557312;13:42:55.115422;13:42:55.375464;260042
25;50;PAGO;805164608;13:42:55.118532;13:42:55.376005;257473
25;50;PAGO;796771904;13:42:55.121690;13:42:55.376398;254708
25;50;PAGO;788379200;13:42:55.247681;13:42:55.377383;129702
25;50;PAGO;779986496;13:42:55.248813;13:42:55.377604;128791
25;50;PAGO;771593792;13:42:55.250582;13:42:55.377715;127133
25;50;PAGO;763201088;13:42:55.257904;13:42:55.378493;120589
25;50;PAGO;754808384;13:42:55.259743;13:42:55.379303;119560
25;50;PAGO;746415680;13:42:55.263052;13:42:55.379412;116360
25;50;PAGO;738022976;13:42:55.267252;13:42:55.380324;113072
25;50;PAGO;729630272;13:42:55.269549;13:42:55.381324;111775
25;50;PAGO;721237568;13:42:55.272555;13:42:55.382273;109718
25;50;PAGO;712844864;13:42:55.275354;13:42:55.382688;107334
25;50;PAGO;704452160;13:42:55.278018;13:42:55.383047;105029
25;50;PAGO;696059456;13:42:55.280427;13:42:55.389201;108774
25;50;PAGO;687666752;13:42:55.283808;13:42:55.390069;106261
25;50;PAGO;679274048;13:42:55.284815;13:42:55.390129;105314
25;50;PAGO;670881344;13:42:55.287173;13:42:55.390188;103015
25;50;PAGO;-301996480;13:42:55.001256;13:42:55.396937;395681
25;50;PAGO;-310389184;13:42:55.010763;13:42:55.397769;387006
25;50;PAGO;-688060864;13:42:55.283847;13:42:55.398007;114160
25;50;PAGO;-318781888;13:42:55.015073;13:42:55.398381;383308
25;50;PAGO;-327174592;13:42:55.023237;13:42:55.398843;375606
25;50;PAGO;-335567296;13:42:55.033454;13:42:55.399840;366386
25;50;PAGO;-343960000;13:42:55.038101;13:42:55.400824;362723
25;50;PAGO;-352352704;13:42:55.045998;13:42:55.401847;355849
25;50;PAGO;-360745408;13:42:55.047188;13:42:55.402789;355601
25;50;PAGO;-369138112;13:42:55.049878;13:42:55.402894;353016
25;50;PAGO;-377530816;13:42:55.052144;13:42:55.403736;351592
25;50;PAGO;-385923520;13:42:55.054906;13:42:55.403837;348931
25;50;PAGO;-394316224;13:42:55.056536;13:42:55.404678;348142
25;50;PAGO;-402708928;13:42:55.059328;13:42:55.405642;346314
25;50;PAGO;-411101632;13:42:55.064727;13:42:55.406658;341931
25;50;PAGO;-419494336;13:42:55.067067;13:42:55.407614;340547
25;50;PAGO;-427887040;13:42:55.070608;13:42:55.408359;337751
25;50;PAGO;-436279744;13:42:55.073100;13:42:55.408574;335474
25;50;PAGO;-444672448;13:42:55.075132;13:42:55.409618;334486
25;50;PAGO;-453065152;13:42:55.080872;13:42:55.410034;329162
25;50;PAGO;-461457856;13:42:55.083067;13:42:55.410088;327021
25;50;PAGO;-469850560;13:42:55.085364;13:42:55.410139;324775
25;50;PAGO;-478243264;13:42:55.088468;13:42:55.410195;321727
25;50;PAGO;-486635968;13:42:55.090642;13:42:55.410602;319960
25;50;PAGO;-495028672;13:42:55.092814;13:42:55.411528;318714
25;50;PAGO;-503421376;13:42:55.094676;13:42:55.412502;317826
25;50;PAGO;-511814080;13:42:55.096936;13:42:55.413475;316539
25;50;PAGO;-520206784;13:42:55.100919;13:42:55.414510;313591
25;50;PAGO;-528599488;13:42:55.105444;13:42:55.415430;309986
25;50;PAGO;-536992192;13:42:55.107469;13:42:55.416407;308938
25;50;PAGO;-545384896;13:42:55.109851;13:42:55.417385;307534
25;50;PAGO;-553777600;13:42:55.113129;13:42:55.417439;304310
25;50;PAGO;-562170304;13:42:55.114944;13:42:55.417490;302546
25;50;PAGO;-570563008;13:42:55.117800;13:42:55.417540;299740
25;50;PAGO;-578955712;13:42:55.121062;13:42:55.417595;296533
25;50;PAGO;-587348416;13:42:55.247231;13:42:55.417664;170433
25;50;PAGO;-595741120;13:42:55.248592;13:42:55.418408;169816
25;50;PAGO;-604133824;13:42:55.250292;13:42:55.419036;168744
25;50;PAGO;-612526528;13:42:55.255518;13:42:55.419309;163791
25;50;PAGO;-620919232;13:42:55.260635;13:42:55.420286;159651
25;50;PAGO;-629311936;13:42:55.263228;13:42:55.421260;158032
25;50;PAGO;-637704640;13:42:55.267294;13:42:55.422244;154950
25;50;PAGO;-646097344;13:42:55.269643;13:42:55.423238;153595
25;50;PAGO;-654490048;13:42:55.272668;13:42:55.424192;151524
25;50;PAGO;-662882752;13:42:55.275781;13:42:55.425163;149382
25;50;PAGO;-671275456;13:42:55.278169;13:42:55.426145;147976
25;50;PAGO;-679668160;13:42:55.280546;13:42:55.426196;145650
25;50;PAGO;-696453568;13:42:55.285333;13:42:55.427182;141849
25;50;PAGO;-704846272;13:42:55.287519;13:42:55.427574;140055
25;50;PAGO;-713238976;13:42:55.289792;13:42:55.427625;137833
25;50;PAGO;-247470528;13:42:54.996531;13:42:55.428213;431682
25;50;PAGO;-255863232;13:42:55.003803;13:42:55.429246;425443
25;50;PAGO;-264255936;13:42:55.011531;13:42:55.430052;418521
25;50;PAGO;-272648640;13:42:55.015344;13:42:55.430105;414761
25;50;PAGO;-281041344;13:42:55.023386;13:42:55.430153;406767
25;50;PAGO;-289434048;13:42:55.033588;13:42:55.430200;396612
25;50;PAGO;-297826752;13:42:55.039755;13:42:55.431069;391314
25;50;PAGO;-306219456;13:42:55.046140;13:42:55.431124;384984
25;50;PAGO;-314612160;13:42:55.047375;13:42:55.432009;384634
25;50;PAGO;-323004864;13:42:55.049992;13:42:55.432977;382985
25;50;PAGO;-331397568;13:42:55.052243;13:42:55.433958;381715
25;50;PAGO;-339790272;13:42:55.055033;13:42:55.434984;379951
25;50;PAGO;-348182976;13:42:55.057757;13:42:55.435902;378145
25;50;PAGO;-356575680;13:42:55.060307;13:42:55.436893;376586
25;50;PAGO;-364968384;13:42:55.064874;13:42:55.437001;372127
25;50;PAGO;-373361088;13:42:55.068412;13:42:55.437576;369164
25;50;PAGO;-381753792;13:42:55.070740;13:42:55.437852;367112
25;50;PAGO;-390146496;13:42:55.073221;13:42:55.438944;365723
25;50;PAGO;-398539200;13:42:55.075293;13:42:55.439863;364570
25;50;PAGO;-406931904;13:42:55.080819;13:42:55.440822;360003
25;50;PAGO;-415324608;13:42:55.083120;13:42:55.441797;358677
25;50;PAGO;-423717312;13:42:55.085591;13:42:55.442171;356580
25;50;PAGO;-432110016;13:42:55.088529;13:42:55.442230;353701
25;50;PAGO;-440502720;13:42:55.090755;13:42:55.442505;351750
25;50;PAGO;-448895424;13:42:55.092970;13:42:55.442762;349792
25;50;PAGO;-457288128;13:42:55.094853;13:42:55.442821;347968
25;50;PAGO;-465680832;13:42:55.097124;13:42:55.442923;345799
25;50;PAGO;-474073536;13:42:55.103417;13:42:55.443089;339672
25;50;PAGO;-482466240;13:42:55.105843;13:42:55.443196;337353
25;50;PAGO;-490858944;13:42:55.109157;13:42:55.443345;334188
25;50;PAGO;-499251648;13:42:55.111281;13:42:55.443469;332188
25;50;PAGO;-507644352;13:42:55.113517;13:42:55.443716;330199
25;50;PAGO;-516037056;13:42:55.115313;13:42:55.444026;328713
25;50;PAGO;-524429760;13:42:55.118186;13:42:55.444141;325955
25;50;PAGO;-532822464;13:42:55.121476;13:42:55.444290;322814
25;50;PAGO;-541215168;13:42:55.247521;13:42:55.444460;196939
25;50;PAGO;-549607872;13:42:55.248358;13:42:55.444632;196274
25;50;PAGO;-558000576;13:42:55.250121;13:42:55.444747;194626
25;50;PAGO;-566393280;13:42:55.255569;13:42:55.444961;189392
25;50;PAGO;-574785984;13:42:55.260707;13:42:55.445259;184552
25;50;PAGO;-583178688;13:42:55.264276;13:42:55.445657;181381
25;50;PAGO;-591571392;13:42:55.267402;13:42:55.445967;178565
25;50;PAGO;-599964096;13:42:55.269445;13:42:55.446279;176834
25;50;PAGO;-608356800;13:42:55.272533;13:42:55.446484;173951
25;50;PAGO;-616749504;13:42:55.275627;13:42:55.446725;171098
25;50;PAGO;-625142208;13:42:55.278148;13:42:55.446920;168772
25;50;PAGO;-633534912;13:42:55.280331;13:42:55.447665;167334
25;50;PAGO;-641927616;13:42:55.283872;13:42:55.447724;163852
25;50;PAGO;-650320320;13:42:55.285297;13:42:55.448602;163305
25;50;PAGO;-658713024;13:42:55.287621;13:42:55.448848;161227
25;50;PAGO;1904207424;13:42:54.996299;13:42:55.448916;452617
25;50;PAGO;1895814720;13:42:55.003776;13:42:55.449830;446054
25;50;PAGO;1887422016;13:42:55.011582;13:42:55.450641;439059
25;50;PAGO;1879029312;13:42:55.015148;13:42:55.451531;436383
25;50;PAGO;1870636608;13:42:55.023297;13:42:55.452532;429235
25;50;PAGO;1862243904;13:42:55.033513;13:42:55.452652;419139
25;50;PAGO;1853851200;13:42:55.039354;13:42:55.453502;414148
25;50;PAGO;1845458496;13:42:55.046047;13:42:55.454535;408488
25;50;PAGO;1837065792;13:42:55.047250;13:42:55.455458;408208
25;50;PAGO;1828673088;13:42:55.049918;13:42:55.456446;406528
25;50;PAGO;1820280384;13:42:55.052180;13:42:55.456501;404321
25;50;PAGO;1811887680;13:42:55.054970;13:42:55.456551;401581
25;50;PAGO;1803494976;13:42:55.056574;13:42:55.456610;400036
25;50;PAGO;1795102272;13:42:55.060270;13:42:55.457403;397133
25;50;PAGO;1786709568;13:42:55.064841;13:42:55.457588;392747
25;50;PAGO;1778316864;13:42:55.067206;13:42:55.458422;391216
25;50;PAGO;1769924160;13:42:55.070708;13:42:55.458525;387817
25;50;PAGO;1761531456;13:42:55.073197;13:42:55.459366;386169
25;50;PAGO;1753138752;13:42:55.075266;13:42:55.459454;384188
25;50;PAGO;1744746048;13:42:55.080853;13:42:55.459510;378657
25;50;PAGO;1736353344;13:42:55.083047;13:42:55.459561;376514
25;50;PAGO;1727960640;13:42:55.085382;13:42:55.460356;374974
25;50;PAGO;1719567936;13:42:55.087217;13:42:55.461339;374122
25;50;PAGO;1711175232;13:42:55.090604;13:42:55.461394;370790
25;50;PAGO;1702782528;13:42:55.092845;13:42:55.461448;368603
25;50;PAGO;1694389824;13:42:55.094726;13:42:55.461507;366781
25;50;PAGO;1685997120;13:42:55.096992;13:42:55.462353;365361
25;50;PAGO;1677604416;13:42:55.101024;13:42:55.463267;362243
25;50;PAGO;1669211712;13:42:55.105556;13:42:55.465269;359713
25;50;PAGO;1660819008;13:42:55.108780;13:42:55.465330;356550
25;50;PAGO;1652426304;13:42:55.111008;13:42:55.465383;354375
25;50;PAGO;1644033600;13:42:55.113249;13:42:55.466182;352933
25;50;PAGO;1635640896;13:42:55.115047;13:42:55.466242;351195
25;50;PAGO;1627248192;13:42:55.117903;13:42:55.467224;349321
25;50;PAGO;1618855488;13:42:55.121175;13:42:55.467577;346402
25;50;PAGO;1610462784;13:42:55.247325;13:42:55.468127;220802
25;50;PAGO;1602070080;13:42:55.248414;13:42:55.469105;220691
25;50;PAGO;1593677376;13:42:55.250064;13:42:55.469165;219101
25;50;PAGO;1585284672;13:42:55.255599;13:42:55.469217;213618
25;50;PAGO;1576891968;13:42:55.260614;13:42:55.469266;208652
25;50;PAGO;1568499264;13:42:55.263206;13:42:55.469315;206109
25;50;PAGO;1560106560;13:42:55.267149;13:42:55.470092;202943
25;50;PAGO;1551713856;13:42:55.269507;13:42:55.470147;200640
25;50;PAGO;1543321152;13:42:55.272737;13:42:55.470197;197460
25;50;PAGO;1534928448;13:42:55.275457;13:42:55.471133;195676
25;50;PAGO;1526535744;13:42:55.278233;13:42:55.472043;193810
25;50;PAGO;1518143040;13:42:55.280263;13:42:55.473024;192761
25;50;PAGO;1509750336;13:42:55.283575;13:42:55.473996;190421
25;50;PAGO;1501357632;13:42:55.284901;13:42:55.474048;189147
25;50;PAGO;1492964928;13:42:55.287831;13:42:55.474104;186273
25;50;PAGO;-199236032;13:42:54.999894;13:42:55.474985;475091
25;50;PAGO;-207628736;13:42:55.004837;13:42:55.476113;471276
25;50;PAGO;-216021440;13:42:55.012252;13:42:55.476571;464319
25;50;PAGO;-224414144;13:42:55.017447;13:42:55.476922;459475
25;50;PAGO;-232806848;13:42:55.027343;13:42:55.477583;450240
25;50;PAGO;-241199552;13:42:55.035504;13:42:55.477637;442133
25;50;PAGO;-249592256;13:42:55.040065;13:42:55.477703;437638
25;50;PAGO;-257984960;13:42:55.046555;13:42:55.477867;431312
25;50;PAGO;-266377664;13:42:55.047842;13:42:55.478414;430572
25;50;PAGO;-274770368;13:42:55.050279;13:42:55.478873;428594
25;50;PAGO;-283163072;13:42:55.052604;13:42:55.479866;427262
25;50;PAGO;-291555776;13:42:55.055431;13:42:55.480842;425411
25;50;PAGO;-299948480;13:42:55.058047;13:42:55.480893;422846
25;50;PAGO;-308341184;13:42:55.060596;13:42:55.480942;420346
25;50;PAGO;-316733888;13:42:55.066296;13:42:55.480991;414695
25;50;PAGO;-325126592;13:42:55.068724;13:42:55.481834;413110
25;50;PAGO;-333519296;13:42:55.071132;13:42:55.482822;411690
25;50;PAGO;-341912000;13:42:55.073510;13:42:55.483756;410246
25;50;PAGO;-350304704;13:42:55.075566;13:42:55.483808;408242
25;50;PAGO;-358697408;13:42:55.081180;13:42:55.483862;402682
25;50;PAGO;-367090112;13:42:55.083436;13:42:55.483920;400484
25;50;PAGO;-375482816;13:42:55.086572;13:42:55.483971;397399
25;50;PAGO;-383875520;13:42:55.088900;13:42:55.484725;395825
25;50;PAGO;-392268224;13:42:55.091035;13:42:55.485705;394670
25;50;PAGO;-400660928;13:42:55.093229;13:42:55.486738;393509
25;50;PAGO;-409053632;13:42:55.096327;13:42:55.487574;391247
25;50;PAGO;-417446336;13:42:55.098545;13:42:55.487664;389119
25;50;PAGO;-425839040;13:42:55.103501;13:42:55.488364;384863
25;50;PAGO;-434231744;13:42:55.105920;13:42:55.488607;382687
25;50;PAGO;-442624448;13:42:55.109232;13:42:55.489613;380381
25;50;PAGO;-451017152;13:42:55.111356;13:42:55.490640;379284
25;50;PAGO;-459409856;13:42:55.113593;13:42:55.491566;377973
25;50;PAGO;-467802560;13:42:55.115385;13:42:55.492550;377165
25;50;PAGO;-476195264;13:42:55.118492;13:42:55.493517;375025
25;50;PAGO;-484587968;13:42:55.121559;13:42:55.493569;372010
25;50;PAGO;-492980672;13:42:55.247650;13:42:55.493623;245973
25;50;PAGO;-501373376;13:42:55.248376;13:42:55.494491;246115
25;50;PAGO;-509766080;13:42:55.249316;13:42:55.495487;246171
25;50;PAGO;-518158784;13:42:55.258324;13:42:55.496411;238087
25;50;PAGO;-526551488;13:42:55.260687;13:42:55.497403;236716
25;50;PAGO;-534944192;13:42:55.263095;13:42:55.498492;235397
25;50;PAGO;-543336896;13:42:55.267337;13:42:55.499358;232021
25;50;PAGO;-551729600;13:42:55.269221;13:42:55.500331;231110
25;50;PAGO;-560122304;13:42:55.270795;13:42:55.500384;229589
25;50;PAGO;-568515008;13:42:55.273303;13:42:55.500437;227134
25;50;PAGO;-576907712;13:42:55.276240;13:42:55.500486;224246
25;50;PAGO;-585300416;13:42:55.279972;13:42:55.500533;220561
25;50;PAGO;-593693120;13:42:55.283239;13:42:55.500582;217343
25;50;PAGO;-602085824;13:42:55.284383;13:42:55.500636;216253
25;50;PAGO;-610478528;13:42:55.287139;13:42:55.501296;214157
25;50;PAGO;-845158848;13:42:54.996663;13:42:55.503296;506633
25;50;PAGO;-853551552;13:42:55.003986;13:42:55.504391;500405
25;50;PAGO;-861944256;13:42:55.011720;13:42:55.505205;493485
25;50;PAGO;-870336960;13:42:55.017207;13:42:55.506186;488979
25;50;PAGO;-878729664;13:42:55.025162;13:42:55.506240;481078
25;50;PAGO;-887122368;13:42:55.035314;13:42:55.507217;471903
25;50;PAGO;-895515072;13:42:55.039893;13:42:55.507269;467376
25;50;PAGO;-903907776;13:42:55.046286;13:42:55.507323;461037
25;50;PAGO;-912300480;13:42:55.047701;13:42:55.507405;459704
25;50;PAGO;-920693184;13:42:55.050140;13:42:55.507581;457441
25;50;PAGO;-929085888;13:42:55.052479;13:42:55.508139;455660
25;50;PAGO;-937478592;13:42:55.055309;13:42:55.509138;453829
25;50;PAGO;-945871296;13:42:55.057939;13:42:55.510172;452233
25;50;PAGO;-954264000;13:42:55.060486;13:42:55.510232;449746
25;50;PAGO;-962656704;13:42:55.066164;13:42:55.511187;445023
25;50;PAGO;-971049408;13:42:55.068551;13:42:55.512111;443560
25;50;PAGO;-979442112;13:42:55.071003;13:42:55.512168;441165
25;50;PAGO;-987834816;13:42:55.073380;13:42:55.512217;438837
25;50;PAGO;-996227520;13:42:55.075408;13:42:55.512276;436868
25;50;PAGO;-1004620224;13:42:55.081035;13:42:55.512325;431290
25;50;PAGO;-1013012928;13:42:55.083254;13:42:55.512385;429131
25;50;PAGO;-1021405632;13:42:55.085701;13:42:55.513056;427355
25;50;PAGO;-1029798336;13:42:55.088675;13:42:55.514265;425590
25;50;PAGO;-1038191040;13:42:55.090834;13:42:55.515089;424255
25;50;PAGO;-1046583744;13:42:55.093047;13:42:55.515475;422428
25;50;PAGO;-1054976448;13:42:55.094898;13:42:55.515530;420632
25;50;PAGO;-1063369152;13:42:55.097190;13:42:55.515579;418389
25;50;PAGO;-1071761856;13:42:55.103246;13:42:55.515632;412386
25;50;PAGO;-1080154560;13:42:55.105809;13:42:55.515954;410145
25;50;PAGO;-1088547264;13:42:55.109075;13:42:55.516960;407885
25;50;PAGO;-1096939968;13:42:55.111201;13:42:55.517991;406790
25;50;PAGO;-1105332672;13:42:55.113371;13:42:55.518047;404676
25;50;PAGO;-1113725376;13:42:55.115207;13:42:55.518254;403047
25;50;PAGO;-1122118080;13:42:55.118135;13:42:55.518950;400815
25;50;PAGO;-1130510784;13:42:55.121418;13:42:55.519974;398556
25;50;PAGO;-1138903488;13:42:55.247443;13:42:55.520751;273308
25;50;PAGO;-1147296192;13:42:55.248393;13:42:55.520830;272437
25;50;PAGO;-1155688896;13:42:55.250083;13:42:55.521713;271630
25;50;PAGO;-1164081600;13:42:55.258160;13:42:55.521827;263667
25;50;PAGO;-1172474304;13:42:55.259689;13:42:55.521955;262266
25;50;PAGO;-1180867008;13:42:55.263310;13:42:55.522491;259181
25;50;PAGO;-1189259712;13:42:55.267272;13:42:55.522771;255499
25;50;PAGO;-1197652416;13:42:55.269342;13:42:55.523222;253880
25;50;PAGO;-1206045120;13:42:55.272844;13:42:55.523751;250907
25;50;PAGO;-1214437824;13:42:55.275740;13:42:55.523820;248080
25;50;PAGO;-1222830528;13:42:55.277976;13:42:55.524083;246107
25;50;PAGO;-1231223232;13:42:55.280605;13:42:55.524150;243545
25;50;PAGO;-1239615936;13:42:55.283788;13:42:55.524214;240426
25;50;PAGO;-1248008640;13:42:55.286693;13:42:55.524779;238086
25;50;PAGO;-1256401344;13:42:55.287928;13:42:55.525010;237082
25;0;PAGO;262137408;13:42:54.995451;13:42:55.052332;56881
25;0;PAGO;253744704;13:42:55.001347;13:42:55.054689;53342
25;0;PAGO;220173888;13:42:55.035341;13:42:55.055292;19951
25;0;PAGO;211781184;13:42:55.039917;13:42:55.056267;16350
25;0;PAGO;203388480;13:42:55.046312;13:42:55.057690;11378
25;0;PAGO;245352000;13:42:55.011434;13:42:55.058174;46740
25;0;PAGO;236959296;13:42:55.017275;13:42:55.058257;40982
25;0;PAGO;228566592;13:42:55.025233;13:42:55.058505;33272
25;0;PAGO;194995776;13:42:55.047672;13:42:55.059201;11529
25;0;PAGO;186603072;13:42:55.050087;13:42:55.060171;10084
25;50;PAGO;178210368;13:42:55.052437;13:42:56.022068;969631
25;50;PAGO;169817664;13:42:55.055159;13:42:56.022133;966974
25;50;PAGO;33535552;13:42:55.081102;13:42:56.022239;941137
25;50;PAGO;161424960;13:42:55.057869;13:42:56.023114;965245
25;50;PAGO;25142848;13:42:55.083355;13:42:56.024046;940691
25;50;PAGO;16750144;13:42:55.085794;13:42:56.024100;938306
25;50;PAGO;153032256;13:42:55.060398;13:42:56.024149;963751
25;50;PAGO;8357440;13:42:55.088819;13:42:56.024195;935376
25;50;PAGO;-35264;13:42:55.090959;13:42:56.024248;933289
25;50;PAGO;144639552;13:42:55.066213;13:42:56.024974;958761
25;50;PAGO;-8427968;13:42:55.093155;13:42:56.025990;932835
25;50;PAGO;-16820672;13:42:55.095034;13:42:56.026990;931956
25;50;PAGO;67106368;13:42:55.068639;13:42:56.027589;958950
25;50;PAGO;-25213376;13:42:55.098457;13:42:56.027906;929449
25;50;PAGO;-33606080;13:42:55.103389;13:42:56.028440;925051
25;50;PAGO;58713664;13:42:55.071054;13:42:56.028549;957495
25;50;PAGO;-41998784;13:42:55.105707;13:42:56.029476;923769
25;50;PAGO;-50391488;13:42:55.108931;13:42:56.030499;921568
25;50;PAGO;50320960;13:42:55.073434;13:42:56.030559;957125
25;50;PAGO;-58784192;13:42:55.111127;13:42:56.030610;919483
25;50;PAGO;-67176896;13:42:55.113410;13:42:56.030677;917267
25;50;PAGO;41928256;13:42:55.075494;13:42:56.031389;955895
25;50;PAGO;-75569600;13:42:55.115257;13:42:56.032346;917089
25;50;PAGO;-83962304;13:42:55.118106;13:42:56.033318;915212
25;50;PAGO;-92355008;13:42:55.121360;13:42:56.033447;912087
25;50;PAGO;-100747712;13:42:55.247384;13:42:56.034363;786979
25;50;PAGO;-109140416;13:42:55.248236;13:42:56.035274;787038
25;50;PAGO;-117533120;13:42:55.250104;13:42:56.036252;786148
25;50;PAGO;-125925824;13:42:55.257698;13:42:56.036313;778615
25;50;PAGO;-134318528;13:42:55.260560;13:42:56.036365;775805
25;50;PAGO;-142711232;13:42:55.263135;13:42:56.036424;773289
25;50;PAGO;-151103936;13:42:55.267174;13:42:56.037228;770054
25;50;PAGO;-159496640;13:42:55.269486;13:42:56.038202;768716
25;50;PAGO;-167889344;13:42:55.272648;13:42:56.038435;765787
25;50;PAGO;-176282048;13:42:55.275670;13:42:56.039183;763513
25;50;PAGO;-184674752;13:42:55.277953;13:42:56.040179;762226
25;50;PAGO;-193067456;13:42:55.280502;13:42:56.041153;760651
25;50;PAGO;-201460160;13:42:55.283725;13:42:56.042129;758404
25;50;PAGO;-209852864;13:42:55.285261;13:42:56.042217;756956
25;50;PAGO;-218245568;13:42:55.287783;13:42:56.043180;755397
25;0;PAGO;-1101011392;13:42:54.992930;13:42:55.062063;69133
25;0;PAGO;-1109404096;13:42:55.000660;13:42:55.062348;61688
25;0;PAGO;-1193331136;13:42:55.052937;13:42:55.064357;11420
25;0;PAGO;-1142974912;13:42:55.029743;13:42:55.066082;36339
25;0;PAGO;-1151367616;13:42:55.037313;13:42:55.066988;29675
25;0;PAGO;-1159760320;13:42:55.045590;13:42:55.068283;22693
25;0;PAGO;-1168153024;13:42:55.046865;13:42:55.068367;21502
25;0;PAGO;-1176545728;13:42:55.048144;13:42:55.068906;20762
25;0;PAGO;-1184938432;13:42:55.050698;13:42:55.070531;19833
25;0;PAGO;-1117796800;13:42:55.006653;13:42:55.070872;64219
25;0;PAGO;-1126189504;13:42:55.013370;13:42:55.071855;58485
25;0;PAGO;-1134582208;13:42:55.021155;13:42:55.073018;51863
25;0;PAGO;-1201723840;13:42:55.055769;13:42:55.073802;18033
25;0;PAGO;-1210116544;13:42:55.058694;13:42:55.073877;15183
25;0;PAGO;-1218509248;13:42:55.060952;13:42:55.075012;14060
25;0;PAGO;-1409321408;13:42:55.103871;13:42:55.103877;6
25;50;PAGO;-1226901952;13:42:55.066663;13:42:56.043247;976584
25;50;PAGO;-1235294656;13:42:55.069200;13:42:56.043303;974103
25;50;PAGO;-1493248448;13:42:55.257543;13:42:56.043599;786056
25;50;PAGO;-1243687360;13:42:55.071493;13:42:56.044165;972672
25;50;PAGO;-1501641152;13:42:55.260499;13:42:56.045058;784559
25;50;PAGO;-1252080064;13:42:55.074032;13:42:56.046233;972201
25;50;PAGO;-1510033856;13:42:55.264412;13:42:56.047116;782704
25;50;PAGO;-1260472768;13:42:55.077326;13:42:56.047594;970268
25;50;PAGO;-1518426560;13:42:55.267006;13:42:56.047996;780990
25;50;PAGO;-1342179776;13:42:55.082690;13:42:56.048365;965675
25;50;PAGO;-1526819264;13:42:55.269387;13:42:56.048971;779584
25;50;PAGO;-1350572480;13:42:55.085020;13:42:56.050045;965025
25;50;PAGO;-1535211968;13:42:55.272403;13:42:56.050100;777697
25;50;PAGO;-1358965184;13:42:55.086931;13:42:56.050150;963219
25;50;PAGO;-1543604672;13:42:55.275713;13:42:56.050199;774486
25;50;PAGO;-1367357888;13:42:55.089270;13:42:56.050988;961718
25;50;PAGO;-1551997376;13:42:55.278096;13:42:56.051985;773889
25;50;PAGO;-1375750592;13:42:55.092514;13:42:56.052868;960354
25;50;PAGO;-1560390080;13:42:55.280527;13:42:56.053847;773320
25;50;PAGO;-1384143296;13:42:55.094406;13:42:56.054893;960487
25;50;PAGO;-1392536000;13:42:55.096675;13:42:56.054948;958273
25;50;PAGO;-1400928704;13:42:55.098939;13:42:56.055801;956862
25;50;PAGO;-1417714112;13:42:55.107204;13:42:56.056787;949583
25;50;PAGO;-1426106816;13:42:55.109593;13:42:56.056846;947253
25;50;PAGO;-1434499520;13:42:55.111700;13:42:56.056897;945197
25;50;PAGO;-1442892224;13:42:55.114049;13:42:56.056945;942896
25;50;PAGO;-1451284928;13:42:55.117310;13:42:56.056997;939687
25;50;PAGO;-1459677632;13:42:55.120764;13:42:56.057052;936288
25;50;PAGO;-1468070336;13:42:55.247057;13:42:56.057516;810459
25;50;PAGO;-1476463040;13:42:55.248762;13:42:56.057707;808945
25;50;PAGO;-1484855744;13:42:55.250218;13:42:56.058418;808200
25;50;PAGO;-1568782784;13:42:55.283681;13:42:56.058728;775047
25;50;PAGO;-1577175488;13:42:55.285236;13:42:56.059737;774501
25;50;PAGO;-1585568192;13:42:55.287729;13:42:56.060712;772983
25;50;PAGO;-2000689600;13:42:55.003516;13:42:55.525950;522434
25;50;PAGO;-2009082304;13:42:55.010444;13:42:55.526949;516505
25;50;PAGO;-2017475008;13:42:55.013495;13:42:55.527524;514029
25;50;PAGO;-2025867712;13:42:55.021326;13:42:55.528040;506714
25;50;PAGO;-2034260416;13:42:55.031261;13:42:55.528640;497379
25;50;PAGO;-2042653120;13:42:55.037422;13:42:55.529346;491924
25;50;PAGO;-2051045824;13:42:55.045678;13:42:55.529451;483773
25;50;PAGO;-2059438528;13:42:55.046903;13:42:55.529564;482661
25;50;PAGO;-2067831232;13:42:55.048182;13:42:55.529644;481462
25;50;PAGO;-2076223936;13:42:55.050740;13:42:55.530564;479824
25;50;PAGO;-2084616640;13:42:55.052978;13:42:55.530706;477728
25;50;PAGO;-2093009344;13:42:55.055809;13:42:55.530800;474991
25;50;PAGO;-2101402048;13:42:55.058737;13:42:55.531017;472280
25;50;PAGO;-2109794752;13:42:55.064448;13:42:55.531119;466671
25;50;PAGO;-2118187456;13:42:55.066701;13:42:55.531443;464742
25;50;PAGO;-2126580160;13:42:55.069240;13:42:55.531783;462543
25;50;PAGO;-2134972864;13:42:55.071531;13:42:55.532404;460873
25;50;PAGO;-2143365568;13:42:55.074071;13:42:55.533389;459318
25;50;PAGO;2143209024;13:42:55.077364;13:42:55.534459;457095
25;50;PAGO;2134816320;13:42:55.082732;13:42:55.535371;452639
25;50;PAGO;2126423616;13:42:55.085062;13:42:55.536415;451353
25;50;PAGO;2118030912;13:42:55.086968;13:42:55.536470;449502
25;50;PAGO;2109638208;13:42:55.089309;13:42:55.536529;447220
25;50;PAGO;2101245504;13:42:55.092553;13:42:55.537290;444737
25;50;PAGO;2092852800;13:42:55.094442;13:42:55.538408;443966
25;50;PAGO;2084460096;13:42:55.096712;13:42:55.538507;441795
25;50;PAGO;2076067392;13:42:55.098978;13:42:55.539322;440344
25;50;PAGO;2067674688;13:42:55.103929;13:42:55.539411;435482
25;50;PAGO;2059281984;13:42:55.107244;13:42:55.539513;432269
25;50;PAGO;2050889280;13:42:55.109631;13:42:55.540230;430599
25;50;PAGO;2042496576;13:42:55.111737;13:42:55.541225;429488
25;50;PAGO;2034103872;13:42:55.114086;13:42:55.541278;427192
25;50;PAGO;2025711168;13:42:55.117349;13:42:55.541328;423979
25;50;PAGO;2017318464;13:42:55.120810;13:42:55.541401;420591
25;50;PAGO;2008925760;13:42:55.247086;13:42:55.542183;295097
25;50;PAGO;2000533056;13:42:55.248713;13:42:55.542239;293526
25;50;PAGO;1992140352;13:42:55.250275;13:42:55.543237;292962
25;50;PAGO;1983747648;13:42:55.257227;13:42:55.544125;286898
25;50;PAGO;1975354944;13:42:55.260436;13:42:55.545135;284699
25;50;PAGO;1966962240;13:42:55.263159;13:42:55.545241;282082
25;50;PAGO;1958569536;13:42:55.266972;13:42:55.545298;278326
25;50;PAGO;1950176832;13:42:55.269662;13:42:55.545349;275687
25;50;PAGO;1941784128;13:42:55.272434;13:42:55.545420;272986
25;50;PAGO;1933391424;13:42:55.275647;13:42:55.546153;270506
25;50;PAGO;1924998720;13:42:55.276612;13:42:55.546213;269601
25;50;PAGO;1916606016;13:42:55.280651;13:42:55.547143;266492
25;50;PAGO;1908213312;13:42:55.283538;13:42:55.548057;264519
25;50;PAGO;1899820608;13:42:55.284953;13:42:55.549058;264105
25;50;PAGO;1891427904;13:42:55.287826;13:42:55.549135;261309
25;50;PAGO;1883035200;13:42:55.289986;13:42:55.549992;260006
25;50;PAGO;1929373248;13:42:54.999870;13:42:55.550957;551087
25;50;PAGO;1920980544;13:42:55.004874;13:42:55.552109;547235
25;50;PAGO;1912587840;13:42:55.012587;13:42:55.552922;540335
25;50;PAGO;1904195136;13:42:55.021062;13:42:55.553023;531961
25;50;PAGO;1895802432;13:42:55.027444;13:42:55.553903;526459
25;50;PAGO;1887409728;13:42:55.035631;13:42:55.554907;519276
25;50;PAGO;1879017024;13:42:55.040150;13:42:55.555860;515710
25;50;PAGO;1870624320;13:42:55.046696;13:42:55.555940;509244
25;50;PAGO;1862231616;13:42:55.048009;13:42:55.556821;508812
25;50;PAGO;1853838912;13:42:55.050531;13:42:55.557585;507054
25;50;PAGO;1845446208;13:42:55.052767;13:42:55.557798;505031
25;50;PAGO;1837053504;13:42:55.055612;13:42:55.558417;502805
25;50;PAGO;1828660800;13:42:55.058556;13:42:55.558779;500223
25;50;PAGO;1820268096;13:42:55.060803;13:42:55.559803;499000
25;50;PAGO;1811875392;13:42:55.066482;13:42:55.560709;494227
25;50;PAGO;1803482688;13:42:55.069012;13:42:55.561711;492699
25;50;PAGO;1795089984;13:42:55.071344;13:42:55.562728;491384
25;50;PAGO;1786697280;13:42:55.073687;13:42:55.562790;489103
25;50;PAGO;1778304576;13:42:55.077141;13:42:55.563769;486628
25;50;PAGO;1769911872;13:42:55.081376;13:42:55.563874;482498
25;50;PAGO;1761519168;13:42:55.084811;13:42:55.564230;479419
25;50;PAGO;1753126464;13:42:55.086746;13:42:55.564628;477882
25;50;PAGO;1744733760;13:42:55.089076;13:42:55.565604;476528
25;50;PAGO;1736341056;13:42:55.091200;13:42:55.565655;474455
25;50;PAGO;1727948352;13:42:55.093478;13:42:55.565709;472231
25;50;PAGO;1719555648;13:42:55.096505;13:42:55.565772;469267
25;50;PAGO;1711162944;13:42:55.098791;13:42:55.566651;467860
25;50;PAGO;1702770240;13:42:55.103696;13:42:55.567560;463864
25;50;PAGO;1694377536;13:42:55.106355;13:42:55.568372;462017
25;50;PAGO;1685984832;13:42:55.109425;13:42:55.568520;459095
25;50;PAGO;1677592128;13:42:55.111534;13:42:55.569486;457952
25;50;PAGO;1669199424;13:42:55.113782;13:42:55.570542;456760
25;50;PAGO;1660806720;13:42:55.117140;13:42:55.570615;453475
25;50;PAGO;1652414016;13:42:55.120621;13:42:55.571430;450809
25;50;PAGO;1644021312;13:42:55.246985;13:42:55.571481;324496
25;50;PAGO;1635628608;13:42:55.247821;13:42:55.571528;323707
25;50;PAGO;1627235904;13:42:55.249523;13:42:55.571583;322060
25;50;PAGO;1618843200;13:42:55.254581;13:42:55.572407;317826
25;50;PAGO;1610450496;13:42:55.259768;13:42:55.573386;313618
25;50;PAGO;1602057792;13:42:55.263268;13:42:55.573438;310170
25;50;PAGO;1593665088;13:42:55.267381;13:42:55.573492;306111
25;50;PAGO;1585272384;13:42:55.269361;13:42:55.573541;304180
25;50;PAGO;1576879680;13:42:55.272622;13:42:55.573601;300979
25;50;PAGO;1568486976;13:42:55.275607;13:42:55.573723;298116
25;50;PAGO;1560094272;13:42:55.277906;13:42:55.574404;296498
25;50;PAGO;1551701568;13:42:55.280406;13:42:55.575371;294965
25;50;PAGO;1543308864;13:42:55.283766;13:42:55.576326;292560
25;50;PAGO;1534916160;13:42:55.285210;13:42:55.577316;292106
25;50;PAGO;1526523456;13:42:55.287750;13:42:55.578278;290528
25;50;PAGO;1518130752;13:42:55.289991;13:42:55.578982;288991
25;50;PAGO;1969219136;13:42:55.003533;13:42:55.580203;576670
25;50;PAGO;1960826432;13:42:55.010571;13:42:55.580416;569845
25;50;PAGO;1952433728;13:42:55.015019;13:42:55.580480;565461
25;50;PAGO;1944041024;13:42:55.023196;13:42:55.581209;558013
25;50;PAGO;1935648320;13:42:55.033428;13:42:55.581294;547866
25;50;PAGO;1927255616;13:42:55.038074;13:42:55.582203;544129
25;50;PAGO;1918862912;13:42:55.045979;13:42:55.582540;536561
25;50;PAGO;1910470208;13:42:55.047214;13:42:55.583176;535962
25;50;PAGO;1902077504;13:42:55.049860;13:42:55.584156;534296
25;50;PAGO;1893684800;13:42:55.052126;13:42:55.584211;532085
25;50;PAGO;1885292096;13:42:55.054935;13:42:55.584260;529325
25;50;PAGO;1876899392;13:42:55.056481;13:42:55.584320;527839
25;50;PAGO;1868506688;13:42:55.059359;13:42:55.585128;525769
25;50;PAGO;1860113984;13:42:55.064706;13:42:55.586106;521400
25;50;PAGO;1851721280;13:42:55.067102;13:42:55.586158;519056
25;50;PAGO;1843328576;13:42:55.070589;13:42:55.586208;515619
25;50;PAGO;1834935872;13:42:55.073076;13:42:55.587129;514053
25;50;PAGO;1826543168;13:42:55.075164;13:42:55.587604;512440
25;50;PAGO;1818150464;13:42:55.080739;13:42:55.588053;507314
25;50;PAGO;1809757760;13:42:55.083140;13:42:55.591093;507953
25;50;PAGO;1801365056;13:42:55.085421;13:42:55.591966;506545
25;50;PAGO;1792972352;13:42:55.088576;13:42:55.592920;504344
25;50;PAGO;1784579648;13:42:55.090699;13:42:55.593914;503215
25;50;PAGO;1776186944;13:42:55.092899;13:42:55.593973;501074
25;50;PAGO;1767794240;13:42:55.094770;13:42:55.594023;499253
25;50;PAGO;1759401536;13:42:55.097015;13:42:55.594070;497055
25;50;PAGO;1751008832;13:42:55.100977;13:42:55.594119;493142
25;50;PAGO;1742616128;13:42:55.105488;13:42:55.594901;489413
25;50;PAGO;1734223424;13:42:55.107625;13:42:55.595863;488238
25;50;PAGO;1725830720;13:42:55.110941;13:42:55.596832;485891
25;50;PAGO;1717438016;13:42:55.113184;13:42:55.597595;484411
25;50;PAGO;1709045312;13:42:55.114986;13:42:55.597802;482816
25;50;PAGO;1700652608;13:42:55.117874;13:42:55.597902;480028
25;50;PAGO;1692259904;13:42:55.121144;13:42:55.598400;477256
25;50;PAGO;1683867200;13:42:55.247297;13:42:55.598788;351491
25;50;PAGO;1675474496;13:42:55.248739;13:42:55.599763;351024
25;50;PAGO;1667081792;13:42:55.250258;13:42:55.600753;350495
25;50;PAGO;1658689088;13:42:55.257849;13:42:55.601716;343867
25;50;PAGO;1650296384;13:42:55.259581;13:42:55.602772;343191
25;50;PAGO;1641903680;13:42:55.262808;13:42:55.603662;340854
25;50;PAGO;1633510976;13:42:55.266824;13:42:55.604653;337829
25;50;PAGO;1625118272;13:42:55.268269;13:42:55.605639;337370
25;50;PAGO;1616725568;13:42:55.270591;13:42:55.606633;336042
25;50;PAGO;1608332864;13:42:55.273150;13:42:55.607543;334393
25;50;PAGO;1599940160;13:42:55.276080;13:42:55.607595;331515
25;50;PAGO;1591547456;13:42:55.278640;13:42:55.607648;329008
25;50;PAGO;1583154752;13:42:55.282917;13:42:55.607699;324782
25;50;PAGO;1574762048;13:42:55.284214;13:42:55.607747;323533
25;50;PAGO;1566369344;13:42:55.286963;13:42:55.607797;320834
25;50;PAGO;1557976640;13:42:55.289696;13:42:55.608369;318673
25;50;PAGO;-1778391488;13:42:54.997148;13:42:55.609518;612370
25;50;PAGO;-1786784192;13:42:55.004614;13:42:55.609781;605167
25;50;PAGO;-1795176896;13:42:55.013331;13:42:55.610528;597197
25;50;PAGO;-1803569600;13:42:55.021113;13:42:55.611489;590376
25;50;PAGO;-1811962304;13:42:55.029701;13:42:55.612468;582767
25;50;PAGO;-1820355008;13:42:55.037269;13:42:55.613455;576186
25;50;PAGO;-1828747712;13:42:55.040340;13:42:55.614451;574111
25;50;PAGO;-1837140416;13:42:55.046827;13:42:55.614508;567681
25;50;PAGO;-1845533120;13:42:55.048106;13:42:55.614559;566453
25;50;PAGO;-1853925824;13:42:55.050658;13:42:55.614614;563956
25;50;PAGO;-1862318528;13:42:55.052897;13:42:55.615344;562447
25;50;PAGO;-1870711232;13:42:55.055728;13:42:55.616319;560591
25;50;PAGO;-1879103936;13:42:55.058622;13:42:55.617327;558705
25;50;PAGO;-1887496640;13:42:55.060858;13:42:55.617580;556722
25;50;PAGO;-1895889344;13:42:55.066544;13:42:55.618296;551752
25;50;PAGO;-1904282048;13:42:55.069058;13:42:55.618418;549360
25;50;PAGO;-1912674752;13:42:55.071304;13:42:55.619304;548000
25;50;PAGO;-1921067456;13:42:55.073914;13:42:55.619417;545503
25;50;PAGO;-1929460160;13:42:55.077197;13:42:55.620227;543030
25;50;PAGO;-1937852864;13:42:55.081395;13:42:55.621221;539826
25;50;PAGO;-1946245568;13:42:55.084849;13:42:55.621275;536426
25;50;PAGO;-1954638272;13:42:55.086813;13:42:55.621330;534517
25;50;PAGO;-1963030976;13:42:55.089102;13:42:55.622179;533077
25;50;PAGO;-1971423680;13:42:55.091265;13:42:55.622229;530964
25;50;PAGO;-1979816384;13:42:55.093539;13:42:55.623203;529664
25;50;PAGO;-1988209088;13:42:55.096568;13:42:55.623858;527290
25;50;PAGO;-1996601792;13:42:55.098719;13:42:55.624192;525473
25;50;PAGO;-2004994496;13:42:55.103665;13:42:55.625141;521476
25;50;PAGO;-2013387200;13:42:55.106330;13:42:55.626102;519772
25;50;PAGO;-2021779904;13:42:55.109396;13:42:55.626158;516762
25;50;PAGO;-2030172608;13:42:55.111480;13:42:55.626207;514727
25;50;PAGO;-2038565312;13:42:55.113720;13:42:55.627141;513421
25;50;PAGO;-2046958016;13:42:55.117058;13:42:55.627592;510534
25;50;PAGO;-2055350720;13:42:55.120404;13:42:55.627702;507298
25;50;PAGO;-2063743424;13:42:55.247022;13:42:55.627801;380779
25;50;PAGO;-2072136128;13:42:55.247713;13:42:55.628442;380729
25;50;PAGO;-2080528832;13:42:55.249245;13:42:55.628681;379436
25;50;PAGO;-2088921536;13:42:55.254393;13:42:55.629651;375258
25;50;PAGO;-2097314240;13:42:55.259790;13:42:55.630687;370897
25;50;PAGO;-2105706944;13:42:55.263247;13:42:55.630746;367499
25;50;PAGO;-2114099648;13:42:55.266949;13:42:55.630796;363847
25;50;PAGO;-2122492352;13:42:55.269193;13:42:55.631608;362415
25;50;PAGO;-2130885056;13:42:55.270625;13:42:55.632593;361968
25;50;PAGO;-2139277760;13:42:55.273281;13:42:55.633563;360282
25;50;PAGO;2147296832;13:42:55.276217;13:42:55.634621;358404
25;50;PAGO;2138904128;13:42:55.279806;13:42:55.634675;354869
25;50;PAGO;2130511424;13:42:55.283086;13:42:55.635310;352224
25;50;PAGO;2122118720;13:42:55.284358;13:42:55.635516;351158
25;50;PAGO;2113726016;13:42:55.287131;13:42:55.636403;349272
25;50;PAGO;2105333312;13:42:55.289745;13:42:55.636502;346757
25;50;PAGO;1954539072;13:42:54.999857;13:42:55.638526;638669
25;50;PAGO;1946146368;13:42:55.004941;13:42:55.639739;634798
25;50;PAGO;1937753664;13:42:55.012625;13:42:55.640460;627835
25;50;PAGO;1929360960;13:42:55.021067;13:42:55.641382;620315
25;50;PAGO;1920968256;13:42:55.027465;13:42:55.642405;614940
25;50;PAGO;1912575552;13:42:55.035584;13:42:55.643343;607759
25;50;PAGO;1904182848;13:42:55.040197;13:42:55.643403;603206
25;50;PAGO;1895790144;13:42:55.046663;13:42:55.643453;596790
25;50;PAGO;1887397440;13:42:55.047934;13:42:55.643500;595566
25;50;PAGO;1879004736;13:42:55.050479;13:42:55.643558;593079
25;50;PAGO;1870612032;13:42:55.052674;13:42:55.644298;591624
25;50;PAGO;1862219328;13:42:55.055496;13:42:55.645291;589795
25;50;PAGO;1853826624;13:42:55.058377;13:42:55.646256;587879
25;50;PAGO;1845433920;13:42:55.060890;13:42:55.647310;586420
25;50;PAGO;1837041216;13:42:55.066599;13:42:55.647367;580768
25;50;PAGO;1828648512;13:42:55.069142;13:42:55.647586;578444
25;50;PAGO;1820255808;13:42:55.071454;13:42:55.648207;576753
25;50;PAGO;1811863104;13:42:55.073993;13:42:55.648364;574371
25;50;PAGO;1803470400;13:42:55.077285;13:42:55.649189;571904
25;50;PAGO;1795077696;13:42:55.081753;13:42:55.650202;568449
25;50;PAGO;1786684992;13:42:55.084977;13:42:55.651027;566050
25;50;PAGO;1778292288;13:42:55.086892;13:42:55.651127;564235
25;50;PAGO;1769899584;13:42:55.089227;13:42:55.652146;562919
25;50;PAGO;1761506880;13:42:55.092469;13:42:55.652813;560344
25;50;PAGO;1753114176;13:42:55.094364;13:42:55.653087;558723
25;50;PAGO;1744721472;13:42:55.096642;13:42:55.654099;557457
25;50;PAGO;1736328768;13:42:55.098902;13:42:55.654154;555252
25;50;PAGO;1727936064;13:42:55.103829;13:42:55.654225;550396
25;50;PAGO;1719543360;13:42:55.107166;13:42:55.655087;547921
25;50;PAGO;1711150656;13:42:55.109560;13:42:55.656017;546457
25;50;PAGO;1702757952;13:42:55.111667;13:42:55.656990;545323
25;50;PAGO;1694365248;13:42:55.114017;13:42:55.657597;543580
25;50;PAGO;1685972544;13:42:55.117274;13:42:55.657966;540692
25;50;PAGO;1677579840;13:42:55.120655;13:42:55.659006;538351
25;50;PAGO;1669187136;13:42:55.247015;13:42:55.659062;412047
25;50;PAGO;1660794432;13:42:55.247852;13:42:55.659126;411274
25;50;PAGO;1652401728;13:42:55.249492;13:42:55.659923;410431
25;50;PAGO;1644009024;13:42:55.253328;13:42:55.660917;407589
25;50;PAGO;1635616320;13:42:55.261323;13:42:55.661893;400570
25;50;PAGO;1627223616;13:42:55.264494;13:42:55.662904;398410
25;50;PAGO;1618830912;13:42:55.267762;13:42:55.663821;396059
25;50;PAGO;1610438208;13:42:55.270380;13:42:55.663874;393494
25;50;PAGO;1602045504;13:42:55.272876;13:42:55.663928;391052
25;50;PAGO;1593652800;13:42:55.275903;13:42:55.663982;388079
25;50;PAGO;1585260096;13:42:55.278440;13:42:55.664040;385600
25;50;PAGO;1576867392;13:42:55.282776;13:42:55.664796;382020
25;50;PAGO;1568474688;13:42:55.284100;13:42:55.665779;381679
25;50;PAGO;1560081984;13:42:55.286854;13:42:55.666802;379948
25;50;PAGO;1551689280;13:42:55.287870;13:42:55.667587;379717
25;50;PAGO;1543296576;13:42:55.289983;13:42:55.667720;377737
25;50;PAGO;989849152;13:42:54.999882;13:42:55.668374;668492
25;50;PAGO;981456448;13:42:55.006609;13:42:55.668921;662312
25;50;PAGO;973063744;13:42:55.012718;13:42:55.669714;656996
25;50;PAGO;964671040;13:42:55.021057;13:42:55.670703;649646
25;50;PAGO;956278336;13:42:55.029654;13:42:55.670765;641111
25;50;PAGO;947885632;13:42:55.037227;13:42:55.670816;633589
25;50;PAGO;939492928;13:42:55.040298;13:42:55.670875;630577
25;50;PAGO;931100224;13:42:55.046795;13:42:55.670932;624137
25;50;PAGO;922707520;13:42:55.048075;13:42:55.671646;623571
25;50;PAGO;914314816;13:42:55.050628;13:42:55.672604;621976
25;50;PAGO;905922112;13:42:55.052868;13:42:55.673578;620710
25;50;PAGO;897529408;13:42:55.055669;13:42:55.674596;618927
25;50;PAGO;889136704;13:42:55.058593;13:42:55.675537;616944
25;50;PAGO;880744000;13:42:55.060764;13:42:55.676508;615744
25;50;PAGO;872351296;13:42:55.066513;13:42:55.676562;610049
25;50;PAGO;863958592;13:42:55.069077;13:42:55.676612;607535
25;50;PAGO;855565888;13:42:55.071364;13:42:55.676676;605312
25;50;PAGO;847173184;13:42:55.073742;13:42:55.677484;603742
25;50;PAGO;838780480;13:42:55.077239;13:42:55.678513;601274
25;50;PAGO;830387776;13:42:55.081731;13:42:55.678569;596838
25;50;PAGO;821995072;13:42:55.084951;13:42:55.678635;593684
25;50;PAGO;813602368;13:42:55.086864;13:42:55.679438;592574
25;50;PAGO;805209664;13:42:55.089196;13:42:55.680414;591218
25;50;PAGO;796816960;13:42:55.092444;13:42:55.681391;588947
25;50;PAGO;788424256;13:42:55.093600;13:42:55.681454;587854
25;50;PAGO;780031552;13:42:55.096608;13:42:55.681505;584897
25;50;PAGO;771638848;13:42:55.098863;13:42:55.681553;582690
25;50;PAGO;763246144;13:42:55.103804;13:42:55.681602;577798
25;50;PAGO;754853440;13:42:55.107139;13:42:55.682432;575293
25;50;PAGO;746460736;13:42:55.109520;13:42:55.683340;573820
25;50;PAGO;738068032;13:42:55.111630;13:42:55.684316;572686
25;50;PAGO;729675328;13:42:55.113916;13:42:55.685291;571375
25;50;PAGO;721282624;13:42:55.117173;13:42:55.686269;569096
25;50;PAGO;712889920;13:42:55.120485;13:42:55.687299;566814
25;50;PAGO;704497216;13:42:55.247017;13:42:55.688224;441207
25;50;PAGO;696104512;13:42:55.247739;13:42:55.688280;440541
25;50;PAGO;687711808;13:42:55.249542;13:42:55.688331;438789
25;50;PAGO;679319104;13:42:55.254763;13:42:55.688386;433623
25;50;PAGO;670926400;13:42:55.260656;13:42:55.688447;427791
25;50;PAGO;662533696;13:42:55.264250;13:42:55.689201;424951
25;50;PAGO;654140992;13:42:55.267197;13:42:55.690174;422977
25;50;PAGO;645748288;13:42:55.269598;13:42:55.690243;420645
25;50;PAGO;637355584;13:42:55.272577;13:42:55.691189;418612
25;50;PAGO;628962880;13:42:55.275560;13:42:55.692122;416562
25;50;PAGO;620570176;13:42:55.278117;13:42:55.692175;414058
25;50;PAGO;612177472;13:42:55.280478;13:42:55.692230;411752
25;50;PAGO;603784768;13:42:55.283745;13:42:55.692282;408537
25;50;PAGO;595392064;13:42:55.285315;13:42:55.692332;407017
25;50;PAGO;586999360;13:42:55.287719;13:42:55.692382;404663
25;50;PAGO;578606656;13:42:55.289988;13:42:55.693115;403127
25;50;PAGO;-37755328;13:42:54.999844;13:42:55.694111;694267
25;50;PAGO;-46148032;13:42:55.006608;13:42:55.694322;687714
25;50;PAGO;-54540736;13:42:55.012648;13:42:55.694742;682094
25;50;PAGO;-62933440;13:42:55.021065;13:42:55.695049;673984
25;50;PAGO;-71326144;13:42:55.029529;13:42:55.696092;666563
25;50;PAGO;-79718848;13:42:55.037143;13:42:55.696148;659005
25;50;PAGO;-88111552;13:42:55.040173;13:42:55.697007;656834
25;50;PAGO;-96504256;13:42:55.046633;13:42:55.697981;651348
25;50;PAGO;-104896960;13:42:55.047957;13:42:55.699024;651067
25;50;PAGO;-113289664;13:42:55.050444;13:42:55.699956;649512
25;50;PAGO;-121682368;13:42:55.052720;13:42:55.700018;647298
25;50;PAGO;-130075072;13:42:55.055553;13:42:55.700071;644518
25;50;PAGO;-138467776;13:42:55.058648;13:42:55.700119;641471
25;50;PAGO;-146860480;13:42:55.060911;13:42:55.700179;639268
25;50;PAGO;-155253184;13:42:55.066621;13:42:55.700920;634299
25;50;PAGO;-163645888;13:42:55.069159;13:42:55.701900;632741
25;50;PAGO;-172038592;13:42:55.071434;13:42:55.702908;631474
25;50;PAGO;-180431296;13:42:55.073974;13:42:55.702964;628990
25;50;PAGO;-188824000;13:42:55.077266;13:42:55.703019;625753
25;50;PAGO;-197216704;13:42:55.081702;13:42:55.703069;621367
25;50;PAGO;-205609408;13:42:55.084930;13:42:55.703851;618921
25;50;PAGO;-214002112;13:42:55.086840;13:42:55.704810;617970
25;50;PAGO;-222394816;13:42:55.089170;13:42:55.705787;616617
25;50;PAGO;-230787520;13:42:55.091248;13:42:55.705846;614598
25;50;PAGO;-239180224;13:42:55.093505;13:42:55.705897;612392
25;50;PAGO;-247572928;13:42:55.096468;13:42:55.705957;609489
25;50;PAGO;-255965632;13:42:55.098756;13:42:55.706810;608054
25;50;PAGO;-264358336;13:42:55.103767;13:42:55.707772;604005
25;50;PAGO;-272751040;13:42:55.107035;13:42:55.708723;601688
25;50;PAGO;-281143744;13:42:55.109494;13:42:55.709695;600201
25;50;PAGO;-289536448;13:42:55.111606;13:42:55.710721;599115
25;50;PAGO;-297929152;13:42:55.113963;13:42:55.711645;597682
25;50;PAGO;-306321856;13:42:55.117215;13:42:55.712625;595410
25;50;PAGO;-314714560;13:42:55.120564;13:42:55.713595;593031
25;50;PAGO;-323107264;13:42:55.246954;13:42:55.713650;466696
25;50;PAGO;-331499968;13:42:55.247794;13:42:55.713706;465912
25;50;PAGO;-339892672;13:42:55.250148;13:42:55.713755;463607
25;50;PAGO;-348285376;13:42:55.257799;13:42:55.713804;456005
25;50;PAGO;-356678080;13:42:55.259722;13:42:55.714623;454901
25;50;PAGO;-365070784;13:42:55.263290;13:42:55.715131;451841
25;50;PAGO;-373463488;13:42:55.267099;13:42:55.715545;448446
25;50;PAGO;-381856192;13:42:55.269682;13:42:55.716548;446866
25;50;PAGO;-390248896;13:42:55.272694;13:42:55.717503;444809
25;50;PAGO;-398641600;13:42:55.275762;13:42:55.717576;441814
25;50;PAGO;-407034304;13:42:55.278409;13:42:55.718442;440033
25;50;PAGO;-415427008;13:42:55.282695;13:42:55.719431;436736
25;50;PAGO;-423819712;13:42:55.284031;13:42:55.720451;436420
25;50;PAGO;-432212416;13:42:55.284842;13:42:55.721421;436579
25;50;PAGO;-440605120;13:42:55.287202;13:42:55.722402;435200
25;50;PAGO;-448997824;13:42:55.289769;13:42:55.723370;433601
25;50;PAGO;-1136662976;13:42:54.999828;13:42:55.724366;724538
25;50;PAGO;-1145055680;13:42:55.004857;13:42:55.724580;719723
25;50;PAGO;-1153448384;13:42:55.012698;13:42:55.725337;712639
25;50;PAGO;-1161841088;13:42:55.021009;13:42:55.726316;705307
25;50;PAGO;-1170233792;13:42:55.027502;13:42:55.727258;699756
25;50;PAGO;-1178626496;13:42:55.035607;13:42:55.727580;691973
25;50;PAGO;-1187019200;13:42:55.040232;13:42:55.728234;688002
25;50;PAGO;-1195411904;13:42:55.046726;13:42:55.728359;681633
25;50;PAGO;-1203804608;13:42:55.047981;13:42:55.729219;681238
25;50;PAGO;-1212197312;13:42:55.050571;13:42:55.729317;678746
25;50;PAGO;-1220590016;13:42:55.052850;13:42:55.730231;677381
25;50;PAGO;-1228982720;13:42:55.055699;13:42:55.731230;675531
25;50;PAGO;-1237375424;13:42:55.058457;13:42:55.731334;672877
25;50;PAGO;-1245768128;13:42:55.060840;13:42:55.732138;671298
25;50;PAGO;-1254160832;13:42:55.066565;13:42:55.733113;666548
25;50;PAGO;-1262553536;13:42:55.069032;13:42:55.734092;665060
25;50;PAGO;-1270946240;13:42:55.071258;13:42:55.734150;662892
25;50;PAGO;-1279338944;13:42:55.073666;13:42:55.734199;660533
25;50;PAGO;-1287731648;13:42:55.077117;13:42:55.735138;658021
25;50;PAGO;-1296124352;13:42:55.081413;13:42:55.735193;653780
25;50;PAGO;-1304517056;13:42:55.084883;13:42:55.735247;650364
25;50;PAGO;-1312909760;13:42:55.086771;13:42:55.735297;648526
25;50;PAGO;-1321302464;13:42:55.089140;13:42:55.736066;646926
25;50;PAGO;-1329695168;13:42:55.091322;13:42:55.737020;645698
25;50;PAGO;-1338087872;13:42:55.093562;13:42:55.737588;644026
25;50;PAGO;-1346480576;13:42:55.096538;13:42:55.737990;641452
25;50;PAGO;-1354873280;13:42:55.098818;13:42:55.738409;639591
25;50;PAGO;-1363265984;13:42:55.103733;13:42:55.738968;635235
25;50;PAGO;-1371658688;13:42:55.106401;13:42:55.739951;633550
25;50;PAGO;-1380051392;13:42:55.109466;13:42:55.740925;631459
25;50;PAGO;-1388444096;13:42:55.111582;13:42:55.741902;630320
25;50;PAGO;-1396836800;13:42:55.113984;13:42:55.742920;628936
25;50;PAGO;-1405229504;13:42:55.117238;13:42:55.743851;626613
25;50;PAGO;-1413622208;13:42:55.120532;13:42:55.744830;624298
25;50;PAGO;-1422014912;13:42:55.247019;13:42:55.745824;498805
25;50;PAGO;-1430407616;13:42:55.247765;13:42:55.745874;498109
25;50;PAGO;-1438800320;13:42:55.250027;13:42:55.745931;495904
25;50;PAGO;-1447193024;13:42:55.257203;13:42:55.745980;488777
25;50;PAGO;-1455585728;13:42:55.260586;13:42:55.746027;485441
25;50;PAGO;-1463978432;13:42:55.264516;13:42:55.746823;482307
25;50;PAGO;-1472371136;13:42:55.267786;13:42:55.747573;479787
25;50;PAGO;-1480763840;13:42:55.269713;13:42:55.747749;478036
25;50;PAGO;-1489156544;13:42:55.272803;13:42:55.748362;475559
25;50;PAGO;-1497549248;13:42:55.275480;13:42:55.748724;473244
25;50;PAGO;-1505941952;13:42:55.278191;13:42:55.749702;471511
25;50;PAGO;-1514334656;13:42:55.280387;13:42:55.750728;470341
25;50;PAGO;-1522727360;13:42:55.284002;13:42:55.751662;467660
25;50;PAGO;-1531120064;13:42:55.285351;13:42:55.752635;467284
25;50;PAGO;-1539512768;13:42:55.287696;13:42:55.753612;465916
25;50;PAGO;-1547905472;13:42:55.289985;13:42:55.754598;464613
25;50;PAGO;-268442048;13:42:55.000994;13:42:55.756535;755541
25;50;PAGO;-276834752;13:42:55.010535;13:42:55.756747;746212
25;50;PAGO;-285227456;13:42:55.013607;13:42:55.756806;743199
25;50;PAGO;-293620160;13:42:55.021377;13:42:55.757533;736156
25;50;PAGO;-302012864;13:42:55.033301;13:42:55.758389;725088
25;50;PAGO;-310405568;13:42:55.037504;13:42:55.758484;720980
25;50;PAGO;-318798272;13:42:55.045909;13:42:55.759470;713561
25;50;PAGO;-327190976;13:42:55.047141;13:42:55.759582;712441
25;50;PAGO;-335583680;13:42:55.049811;13:42:55.760443;710632
25;50;PAGO;-343976384;13:42:55.052077;13:42:55.761439;709362
25;50;PAGO;-352369088;13:42:55.054863;13:42:55.762467;707604
25;50;PAGO;-360761792;13:42:55.056518;13:42:55.763498;706980
25;50;PAGO;-369154496;13:42:55.060216;13:42:55.764373;704157
25;50;PAGO;-377547200;13:42:55.064776;13:42:55.765315;700539
25;50;PAGO;-385939904;13:42:55.067152;13:42:55.766377;699225
25;50;PAGO;-394332608;13:42:55.070659;13:42:55.766445;695786
25;50;PAGO;-402725312;13:42:55.073140;13:42:55.767303;694163
25;50;PAGO;-411118016;13:42:55.075219;13:42:55.767356;692137
25;50;PAGO;-419510720;13:42:55.080776;13:42:55.767405;686629
25;50;PAGO;-427903424;13:42:55.083086;13:42:55.767461;684375
25;50;PAGO;-436296128;13:42:55.085562;13:42:55.767509;681947
25;50;PAGO;-444688832;13:42:55.088597;13:42:55.767584;678987
25;50;PAGO;-453081536;13:42:55.090737;13:42:55.768280;677543
25;50;PAGO;-461474240;13:42:55.092931;13:42:55.769260;676329
25;50;PAGO;-469866944;13:42:55.094811;13:42:55.770227;675416
25;50;PAGO;-478259648;13:42:55.097071;13:42:55.771255;674184
25;50;PAGO;-486652352;13:42:55.103209;13:42:55.772187;668978
25;50;PAGO;-495045056;13:42:55.105533;13:42:55.773159;667626
25;50;PAGO;-503437760;13:42:55.107660;13:42:55.774128;666468
25;50;PAGO;-511830464;13:42:55.110979;13:42:55.774180;663201
25;50;PAGO;-520223168;13:42:55.113216;13:42:55.774230;661014
25;50;PAGO;-528615872;13:42:55.115019;13:42:55.775156;660137
25;50;PAGO;-537008576;13:42:55.117841;13:42:55.776077;658236
25;50;PAGO;-545401280;13:42:55.121114;13:42:55.777052;655938
25;50;PAGO;-553793984;13:42:55.247263;13:42:55.777569;530306
25;50;PAGO;-562186688;13:42:55.248856;13:42:55.778020;529164
25;50;PAGO;-570579392;13:42:55.250784;13:42:55.778077;527293
25;50;PAGO;-578972096;13:42:55.258097;13:42:55.778126;520029
25;50;PAGO;-587364800;13:42:55.259502;13:42:55.778175;518673
25;50;PAGO;-595757504;13:42:55.262698;13:42:55.778228;515530
25;50;PAGO;-604150208;13:42:55.266535;13:42:55.778398;511863
25;50;PAGO;-612542912;13:42:55.268054;13:42:55.779009;510955
25;50;PAGO;-620935616;13:42:55.270547;13:42:55.779122;508575
25;50;PAGO;-629328320;13:42:55.273207;13:42:55.779961;506754
25;50;PAGO;-637721024;13:42:55.276156;13:42:55.780935;504779
25;50;PAGO;-646113728;13:42:55.278695;13:42:55.781910;503215
25;50;PAGO;-654506432;13:42:55.283056;13:42:55.782935;499879
25;50;PAGO;-662899136;13:42:55.284321;13:42:55.783769;499448
25;50;PAGO;-671291840;13:42:55.287084;13:42:55.783840;496756
25;50;PAGO;-679684544;13:42:55.289714;13:42:55.783895;494181
25;50;PAGO;1346364992;13:42:55.000869;13:42:55.784843;783974
25;50;PAGO;1337972288;13:42:55.010716;13:42:55.785987;775271
25;50;PAGO;1329579584;13:42:55.013644;13:42:55.786047;772403
25;50;PAGO;1321186880;13:42:55.023133;13:42:55.786837;763704
25;50;PAGO;1312794176;13:42:55.033334;13:42:55.787304;753970
25;50;PAGO;1304401472;13:42:55.037988;13:42:55.787577;749589
25;50;PAGO;1296008768;13:42:55.045831;13:42:55.787760;741929
25;50;PAGO;1287616064;13:42:55.047024;13:42:55.788381;741357
25;50;PAGO;1279223360;13:42:55.048301;13:42:55.788747;740446
25;50;PAGO;1270830656;13:42:55.051935;13:42:55.789718;737783
25;50;PAGO;1262437952;13:42:55.053095;13:42:55.790736;737641
25;50;PAGO;1254045248;13:42:55.056333;13:42:55.791673;735340
25;50;PAGO;1245652544;13:42:55.058868;13:42:55.792650;733782
25;50;PAGO;1237259840;13:42:55.064564;13:42:55.793622;729058
25;50;PAGO;1228867136;13:42:55.066839;13:42:55.794633;727794
25;50;PAGO;1220474432;13:42:55.069349;13:42:55.795582;726233
25;50;PAGO;1212081728;13:42:55.071650;13:42:55.796565;724915
25;50;PAGO;1203689024;13:42:55.074200;13:42:55.797527;723327
25;50;PAGO;1195296320;13:42:55.080464;13:42:55.798384;717920
25;50;PAGO;1186903616;13:42:55.082871;13:42:55.798513;715642
25;50;PAGO;1178510912;13:42:55.085199;13:42:55.799486;714287
25;50;PAGO;1170118208;13:42:55.087091;13:42:55.800462;713371
25;50;PAGO;1161725504;13:42:55.089560;13:42:55.800516;710956
25;50;PAGO;1153332800;13:42:55.092656;13:42:55.800564;707908
25;50;PAGO;1144940096;13:42:55.094535;13:42:55.800623;706088
25;50;PAGO;1136547392;13:42:55.096801;13:42:55.801434;704633
25;50;PAGO;1128154688;13:42:55.099079;13:42:55.802426;703347
25;50;PAGO;1119761984;13:42:55.104161;13:42:55.803384;699223
25;50;PAGO;1111369280;13:42:55.107323;13:42:55.804361;697038
25;50;PAGO;1102976576;13:42:55.109710;13:42:55.805331;695621
25;50;PAGO;1094583872;13:42:55.111906;13:42:55.806371;694465
25;50;PAGO;1086191168;13:42:55.114162;13:42:55.807285;693123
25;50;PAGO;1077798464;13:42:55.117439;13:42:55.807574;690135
25;50;PAGO;1069405760;13:42:55.120897;13:42:55.808262;687365
25;50;PAGO;1061013056;13:42:55.247144;13:42:55.808329;561185
25;50;PAGO;1052620352;13:42:55.248551;13:42:55.808385;559834
25;50;PAGO;1044227648;13:42:55.250238;13:42:55.808432;558194
25;50;PAGO;1035834944;13:42:55.257667;13:42:55.808480;550813
25;50;PAGO;1027442240;13:42:55.260471;13:42:55.809251;548780
25;50;PAGO;1019049536;13:42:55.264296;13:42:55.810220;545924
25;50;PAGO;1010656832;13:42:55.266942;13:42:55.811223;544281
25;50;PAGO;1002264128;13:42:55.269163;13:42:55.812175;543012
25;50;PAGO;993871424;13:42:55.270648;13:42:55.813151;542503
25;50;PAGO;985478720;13:42:55.273249;13:42:55.814132;540883
25;50;PAGO;977086016;13:42:55.276185;13:42:55.814187;538002
25;50;PAGO;968693312;13:42:55.278774;13:42:55.814235;535461
25;50;PAGO;960300608;13:42:55.283014;13:42:55.815151;532137
25;50;PAGO;951907904;13:42:55.284298;13:42:55.816092;531794
25;50;PAGO;943515200;13:42:55.287064;13:42:55.817060;529996
25;50;PAGO;935122496;13:42:55.289731;13:42:55.817113;527382
25;50;PAGO;-1654659520;13:42:55.000919;13:42:55.817176;816257
25;50;PAGO;-1663052224;13:42:55.010489;13:42:55.817389;806900
25;50;PAGO;-2040723904;13:42:55.283701;13:42:55.817625;533924
25;50;PAGO;-1671444928;13:42:55.013589;13:42:55.818044;804455
25;50;PAGO;-1679837632;13:42:55.021354;13:42:55.818403;797049
25;50;PAGO;-1688230336;13:42:55.033196;13:42:55.819004;785808
25;50;PAGO;-1696623040;13:42:55.037478;13:42:55.820006;782528
25;50;PAGO;-1705015744;13:42:55.045810;13:42:55.820967;775157
25;50;PAGO;-1713408448;13:42:55.047056;13:42:55.821942;774886
25;50;PAGO;-1721801152;13:42:55.049717;13:42:55.822956;773239
25;50;PAGO;-1730193856;13:42:55.051955;13:42:55.826905;774950
25;50;PAGO;-1738586560;13:42:55.053111;13:42:55.827829;774718
25;50;PAGO;-1746979264;13:42:55.056354;13:42:55.827938;771584
25;50;PAGO;-1755371968;13:42:55.058887;13:42:55.828290;769403
25;50;PAGO;-1763764672;13:42:55.064593;13:42:55.828363;763770
25;50;PAGO;-1772157376;13:42:55.066813;13:42:55.829271;762458
25;50;PAGO;-1780550080;13:42:55.069382;13:42:55.830266;760884
25;50;PAGO;-1788942784;13:42:55.071668;13:42:55.831278;759610
25;50;PAGO;-1797335488;13:42:55.074177;13:42:55.832202;758025
25;50;PAGO;-1805728192;13:42:55.080487;13:42:55.833170;752683
25;50;PAGO;-1814120896;13:42:55.082835;13:42:55.834149;751314
25;50;PAGO;-1822513600;13:42:55.085156;13:42:55.834209;749053
25;50;PAGO;-1830906304;13:42:55.087049;13:42:55.835151;748102
25;50;PAGO;-1839299008;13:42:55.090490;13:42:55.836110;745620
25;50;PAGO;-1847691712;13:42:55.092698;13:42:55.837076;744378
25;50;PAGO;-1856084416;13:42:55.094580;13:42:55.837583;743003
25;50;PAGO;-1864477120;13:42:55.096849;13:42:55.838050;741201
25;50;PAGO;-1872869824;13:42:55.100830;13:42:55.838103;737273
25;50;PAGO;-1881262528;13:42:55.105382;13:42:55.838153;732771
25;50;PAGO;-1889655232;13:42:55.107415;13:42:55.838213;730798
25;50;PAGO;-1898047936;13:42:55.109797;13:42:55.838412;728615
25;50;PAGO;-1906440640;13:42:55.113075;13:42:55.839025;725950
25;50;PAGO;-1914833344;13:42:55.114893;13:42:55.839998;725105
25;50;PAGO;-1923226048;13:42:55.117732;13:42:55.840997;723265
25;50;PAGO;-1931618752;13:42:55.120991;13:42:55.841955;720964
25;50;PAGO;-1940011456;13:42:55.247202;13:42:55.842007;594805
25;50;PAGO;-1948404160;13:42:55.248495;13:42:55.842977;594482
25;50;PAGO;-1956796864;13:42:55.250320;13:42:55.843906;593586
25;50;PAGO;-1965189568;13:42:55.257569;13:42:55.844884;587315
25;50;PAGO;-1973582272;13:42:55.260416;13:42:55.845882;585466
25;50;PAGO;-1981974976;13:42:55.264273;13:42:55.846908;582635
25;50;PAGO;-1990367680;13:42:55.267317;13:42:55.846993;579676
25;50;PAGO;-1998760384;13:42:55.269617;13:42:55.847303;577686
25;50;PAGO;-2007153088;13:42:55.272601;13:42:55.847837;575236
25;50;PAGO;-2015545792;13:42:55.275580;13:42:55.848814;573234
25;50;PAGO;-2023938496;13:42:55.277925;13:42:55.849815;571890
25;50;PAGO;-2032331200;13:42:55.280632;13:42:55.849974;569342
25;50;PAGO;-2049116608;13:42:55.286832;13:42:55.850040;563208
25;50;PAGO;-2057509312;13:42:55.287908;13:42:55.855550;567642
25;50;PAGO;-2065902016;13:42:55.289962;13:42:55.855654;565692
25;50;PAGO;371189312;13:42:55.001082;13:42:55.857595;856513
25;50;PAGO;362796608;13:42:55.010678;13:42:55.858603;847925
25;50;PAGO;354403904;13:42:55.013551;13:42:55.993794;980243
25;50;PAGO;346011200;13:42:55.021396;13:42:55.994732;973336
25;50;PAGO;337618496;13:42:55.033307;13:42:55.995691;962384
25;50;PAGO;329225792;13:42:55.037920;13:42:55.996672;958752
25;50;PAGO;320833088;13:42:55.045789;13:42:55.997650;951861
25;50;PAGO;312440384;13:42:55.046992;13:42:55.998632;951640
25;50;PAGO;304047680;13:42:55.048262;13:42:55.999603;951341
25;50;PAGO;295654976;13:42:55.050820;13:42:56.000587;949767
25;50;PAGO;287262272;13:42:55.053040;13:42:56.001558;948518
25;50;PAGO;278869568;13:42:55.055868;13:42:56.002552;946684
25;50;PAGO;270476864;13:42:55.058809;13:42:56.003505;944696
25;50;PAGO;262084160;13:42:55.064506;13:42:56.003560;939054
25;50;PAGO;253691456;13:42:55.066741;13:42:56.003611;936870
25;50;PAGO;245298752;13:42:55.069283;13:42:56.003667;934384
25;50;PAGO;236906048;13:42:55.071570;13:42:56.003718;932148
25;50;PAGO;228513344;13:42:55.074108;13:42:56.004525;930417
25;50;PAGO;220120640;13:42:55.080366;13:42:56.005483;925117
25;50;PAGO;211727936;13:42:55.082773;13:42:56.005543;922770
25;50;PAGO;203335232;13:42:55.085103;13:42:56.005595;920492
25;50;PAGO;194942528;13:42:55.087004;13:42:56.005646;918642
25;50;PAGO;186549824;13:42:55.089349;13:42:56.005697;916348
25;50;PAGO;178157120;13:42:55.092592;13:42:56.006500;913908
25;50;PAGO;169764416;13:42:55.094478;13:42:56.007439;912961
25;50;PAGO;161371712;13:42:55.096748;13:42:56.008406;911658
25;50;PAGO;152979008;13:42:55.099020;13:42:56.008510;909490
25;50;PAGO;144586304;13:42:55.104068;13:42:56.009362;905294
25;50;PAGO;136193600;13:42:55.107284;13:42:56.010419;903135
25;50;PAGO;127800896;13:42:55.109671;13:42:56.011342;901671
25;50;PAGO;119408192;13:42:55.111774;13:42:56.012310;900536
25;50;PAGO;111015488;13:42:55.114125;13:42:56.013296;899171
25;50;PAGO;102622784;13:42:55.117390;13:42:56.014364;896974
25;50;PAGO;94230080;13:42:55.120856;13:42:56.015341;894485
25;50;PAGO;85837376;13:42:55.247115;13:42:56.015409;768294
25;50;PAGO;77444672;13:42:55.248835;13:42:56.015462;766627
25;50;PAGO;69051968;13:42:55.250764;13:42:56.015512;764748
25;50;PAGO;60659264;13:42:55.258133;13:42:56.016209;758076
25;50;PAGO;52266560;13:42:55.259662;13:42:56.017184;757522
25;50;PAGO;43873856;13:42:55.264456;13:42:56.017240;752784
25;50;PAGO;35481152;13:42:55.267718;13:42:56.017586;749868
25;50;PAGO;27088448;13:42:55.269323;13:42:56.017643;748320
25;50;PAGO;18695744;13:42:55.272781;13:42:56.017698;744917
25;50;PAGO;10303040;13:42:55.275541;13:42:56.017750;742209
25;50;PAGO;1910336;13:42:55.277999;13:42:56.018144;740145
25;50;PAGO;-6482368;13:42:55.280581;13:42:56.018201;737620
25;50;PAGO;-14875072;13:42:55.283827;13:42:56.018412;734585
25;50;PAGO;-23267776;13:42:55.285279;13:42:56.019129;733850
25;50;PAGO;-31660480;13:42:55.287775;13:42:56.020110;732335
25;50;PAGO;-40053184;13:42:55.289989;13:42:56.021078;731089
25;0;PAGO;689956416;13:42:55.000962;13:42:55.250721;249759
25;0;PAGO;681563712;13:42:55.010400;13:42:55.255097;244697
25;0;PAGO;404604480;13:42:55.247172;13:42:55.255398;8226
25;0;PAGO;647992896;13:42:55.038017;13:42:55.257997;219980
25;0;PAGO;639600192;13:42:55.045877;13:42:55.258306;212429
25;0;PAGO;631207488;13:42:55.047108;13:42:55.260319;213211
25;0;PAGO;622814784;13:42:55.049752;13:42:55.261274;211522
25;0;PAGO;614422080;13:42:55.052031;13:42:55.262895;210864
25;0;PAGO;606029376;13:42:55.054801;13:42:55.264364;209563
25;0;PAGO;597636672;13:42:55.056419;13:42:55.266627;210208
25;0;PAGO;589243968;13:42:55.059248;13:42:55.267491;208243
25;0;PAGO;580851264;13:42:55.064639;13:42:55.267603;202964
25;0;PAGO;572458560;13:42:55.067015;13:42:55.267678;200663
25;0;PAGO;564065856;13:42:55.069431;13:42:55.268109;198678
25;0;PAGO;555673152;13:42:55.071916;13:42:55.269095;197179
25;0;PAGO;547280448;13:42:55.075082;13:42:55.270334;195252
25;0;PAGO;538887744;13:42:55.080551;13:42:55.272310;191759
25;0;PAGO;530495040;13:42:55.082903;13:42:55.272955;190052
25;0;PAGO;522102336;13:42:55.085232;13:42:55.274958;189726
25;0;PAGO;513709632;13:42:55.087122;13:42:55.275333;188211
25;0;PAGO;505316928;13:42:55.090510;13:42:55.275881;185371
25;0;PAGO;496924224;13:42:55.092715;13:42:55.277682;184967
25;0;PAGO;488531520;13:42:55.094601;13:42:55.277775;183174
25;0;PAGO;480138816;13:42:55.096869;13:42:55.278349;181480
25;0;PAGO;471746112;13:42:55.099486;13:42:55.279742;180256
25;0;PAGO;463353408;13:42:55.105319;13:42:55.280759;175440
25;0;PAGO;454960704;13:42:55.107363;13:42:55.283946;176583
25;0;PAGO;446568000;13:42:55.109750;13:42:55.284752;175002
25;0;PAGO;438175296;13:42:55.111950;13:42:55.285132;173182
25;0;PAGO;429782592;13:42:55.114200;13:42:55.286746;172546
25;0;PAGO;421389888;13:42:55.117478;13:42:55.287592;170114
25;50;PAGO;412997184;13:42:55.120939;13:42:55.289630;168691
25;50;PAGO;673171008;13:42:55.013625;13:42:55.290539;276914
25;50;PAGO;664778304;13:42:55.023089;13:42:55.291485;268396
25;50;PAGO;656385600;13:42:55.033377;13:42:55.291538;258161
25;50;PAGO;396211776;13:42:55.248515;13:42:55.291593;43078
25;50;PAGO;387819072;13:42:55.250396;13:42:55.291643;41247
25;50;PAGO;379426368;13:42:55.257504;13:42:55.292460;34956
25;50;PAGO;371033664;13:42:55.259407;13:42:56.063702;804295
25;50;PAGO;362640960;13:42:55.262664;13:42:56.079173;816509
25;50;PAGO;354248256;13:42:55.266769;13:42:56.103794;837025
25;50;PAGO;345855552;13:42:55.268152;13:42:56.126243;858091
25;50;PAGO;268432960;13:42:55.270516;13:42:56.148675;878159
25;50;PAGO;260040256;13:42:55.273187;13:42:56.168217;895030
25;50;PAGO;251647552;13:42:55.276107;13:42:56.207748;931641
25;50;PAGO;243254848;13:42:55.278604;13:42:56.228541;949937
25;50;PAGO;234862144;13:42:55.282959;13:42:56.248018;965059
25;50;PAGO;226469440;13:42:55.284236;13:42:56.287261;1003025
25;50;PAGO;218076736;13:42:55.287011;13:42:56.307833;1020822
25;50;PAGO;209684032;13:42:55.289667;13:42:56.329183;1039516
