3;5;PAGO;721983232;12:58:30.563218;12:58:30.564233;1015
3;5;PAGO;688412416;12:58:30.564117;12:58:30.564318;201
3;5;PAGO;696805120;12:58:30.564055;12:58:30.564661;606
3;5;PAGO;705197824;12:58:30.564020;12:58:30.564824;804
3;5;PAGO;713590528;12:58:30.563323;12:58:30.567008;3685
3;5;PAGO;-156399872;12:58:30.563274;12:58:30.565256;1982
3;5;PAGO;-173185280;12:58:30.563408;12:58:30.565784;2376
3;5;PAGO;-189970688;12:58:30.563564;12:58:30.565873;2309
3;5;PAGO;-181577984;12:58:30.563485;12:58:30.566066;2581
3;5;PAGO;-164792576;12:58:30.563298;12:58:30.567866;4568
3;5;PAGO;-1401698560;12:58:30.563743;12:58:30.566228;2485
3;5;PAGO;-1410091264;12:58:30.563829;12:58:30.568607;4778
3;5;PAGO;-1435269376;12:58:30.564036;12:58:30.568792;4756
3;5;PAGO;-1426876672;12:58:30.563969;12:58:30.569071;5102
3;5;PAGO;-1418483968;12:58:30.563904;12:58:30.570118;6214
3;5;PAGO;1307567872;12:58:30.564624;12:58:30.566537;1913
3;5;PAGO;1299175168;12:58:30.564785;12:58:30.568235;3450
3;5;PAGO;1290782464;12:58:30.564878;12:58:30.572350;7472
3;5;PAGO;1282389760;12:58:30.564977;12:58:30.573011;8034
3;5;PAGO;1273997056;12:58:30.565071;12:58:30.573573;8502
9;20;PAGO;761026304;12:58:55.436407;12:58:55.450032;13625
9;20;PAGO;752633600;12:58:55.438363;12:58:55.450337;11974
9;20;PAGO;735848192;12:58:55.440452;12:58:55.450466;10014
9;20;PAGO;719062784;12:58:55.442466;12:58:55.450552;8086
9;20;PAGO;744240896;12:58:55.439888;12:58:55.451034;11146
9;20;PAGO;626743040;12:58:55.447059;12:58:55.451161;4102
9;20;PAGO;702277376;12:58:55.445186;12:58:55.452454;7268
9;20;PAGO;727455488;12:58:55.440741;12:58:55.457496;16755
9;20;PAGO;710670080;12:58:55.442502;12:58:55.457674;15172
9;20;PAGO;685491968;12:58:55.446045;12:58:55.457864;11819
9;20;PAGO;677099264;12:58:55.446268;12:58:55.459743;13475
9;20;PAGO;668706560;12:58:55.446506;12:58:55.459847;13341
9;20;PAGO;660313856;12:58:55.446620;12:58:55.460481;13861
9;20;PAGO;651921152;12:58:55.446721;12:58:55.460578;13857
9;20;PAGO;643528448;12:58:55.446818;12:58:55.462416;15598
9;20;PAGO;618350336;12:58:55.447134;12:58:55.462996;15862
9;20;PAGO;609957632;12:58:55.447211;12:58:55.463258;16047
9;20;PAGO;601564928;12:58:55.447234;12:58:55.463460;16226
9;20;PAGO;635135744;12:58:55.446889;12:58:55.463522;16633
9;20;PAGO;693884672;12:58:55.445665;12:58:55.463576;17911
9;20;PAGO;-807397632;12:58:55.445324;12:58:55.478052;32728
9;20;PAGO;-815790336;12:58:55.445994;12:58:55.478389;32395
9;20;PAGO;-899717376;12:58:55.453168;12:58:55.478553;25385
9;20;PAGO;-882931968;12:58:55.453145;12:58:55.480411;27266
9;20;PAGO;-824183040;12:58:55.446068;12:58:55.480486;34418
9;20;PAGO;-832575744;12:58:55.446344;12:58:55.481395;35051
9;20;PAGO;-840968448;12:58:55.446441;12:58:55.481455;35014
9;20;PAGO;-849361152;12:58:55.452479;12:58:55.487811;35332
9;20;PAGO;-857753856;12:58:55.452561;12:58:55.488423;35862
9;20;PAGO;-866146560;12:58:55.452640;12:58:55.488498;35858
9;20;PAGO;-874539264;12:58:55.452842;12:58:55.488597;35755
9;20;PAGO;-891324672;12:58:55.453073;12:58:55.488719;35646
9;20;PAGO;-908110080;12:58:55.453301;12:58:55.488788;35487
9;20;PAGO;-924895488;12:58:55.457052;12:58:55.488837;31785
9;20;PAGO;-933288192;12:58:55.457112;12:58:55.489159;32047
9;20;PAGO;-941680896;12:58:55.457169;12:58:55.490169;33000
9;20;PAGO;-950073600;12:58:55.457227;12:58:55.490453;33226
9;20;PAGO;-958466304;12:58:55.457283;12:58:55.491130;33847
9;20;PAGO;-916502784;12:58:55.456980;12:58:55.491357;34377
9;20;PAGO;-966859008;12:58:55.457342;12:58:55.491446;34104
9;20;PAGO;1298822912;12:58:55.436868;12:58:55.493195;56327
9;20;PAGO;1290430208;12:58:55.438212;12:58:55.493378;55166
9;20;PAGO;1273644800;12:58:55.438542;12:58:55.493491;54949
9;20;PAGO;1240073984;12:58:55.445161;12:58:55.493678;48517
9;20;PAGO;1265252096;12:58:55.438574;12:58:55.493881;55307
9;20;PAGO;1282037504;12:58:55.438470;12:58:55.494549;56079
9;20;PAGO;1256859392;12:58:55.438677;12:58:55.495761;57084
9;20;PAGO;1223288576;12:58:55.445327;12:58:55.495830;50503
9;20;PAGO;1231681280;12:58:55.445300;12:58:55.495909;50609
9;20;PAGO;1214895872;12:58:55.445416;12:58:55.496178;50762
9;20;PAGO;1198110464;12:58:55.446255;12:58:55.496989;50734
9;20;PAGO;1248466688;12:58:55.440307;12:58:55.498145;57838
9;20;PAGO;1189717760;12:58:55.451426;12:58:55.499008;47582
9;20;PAGO;1181325056;12:58:55.451521;12:58:55.499226;47705
9;20;PAGO;1172932352;12:58:55.451577;12:58:55.499335;47758
9;20;PAGO;1164539648;12:58:55.451646;12:58:55.499442;47796
9;20;PAGO;1147754240;12:58:55.451761;12:58:55.499515;47754
9;20;PAGO;1206503168;12:58:55.446181;12:58:55.499582;53401
9;20;PAGO;1156146944;12:58:55.451703;12:58:55.499681;47978
9;20;PAGO;1139361536;12:58:55.451816;12:58:55.499946;48130
9;20;PAGO;655587072;12:58:55.440378;12:58:55.500414;60036
9;20;PAGO;647194368;12:58:55.440717;12:58:55.500669;59952
9;20;PAGO;563267328;12:58:55.442531;12:58:55.500806;58275
9;20;PAGO;512911104;12:58:55.443162;12:58:55.501002;57840
9;20;PAGO;638801664;12:58:55.440747;12:58:55.501057;60310
9;20;PAGO;622016256;12:58:55.440874;12:58:55.501192;60318
9;20;PAGO;613623552;12:58:55.440946;12:58:55.503404;62458
9;20;PAGO;605230848;12:58:55.441053;12:58:55.503824;62771
9;20;PAGO;596838144;12:58:55.442194;12:58:55.504180;61986
9;20;PAGO;588445440;12:58:55.442268;12:58:55.504333;62065
9;20;PAGO;580052736;12:58:55.442334;12:58:55.506499;64165
9;20;PAGO;571660032;12:58:55.442418;12:58:55.508164;65746
9;20;PAGO;546481920;12:58:55.442705;12:58:55.508301;65596
9;20;PAGO;538089216;12:58:55.442864;12:58:55.508869;66005
9;20;PAGO;529696512;12:58:55.443080;12:58:55.508960;65880
9;20;PAGO;554874624;12:58:55.442593;12:58:55.510113;67520
9;20;PAGO;504518400;12:58:55.443223;12:58:55.510303;67080
9;20;PAGO;496125696;12:58:55.443319;12:58:55.510685;67366
9;20;PAGO;521303808;12:58:55.443124;12:58:55.511434;68310
9;20;PAGO;630408960;12:58:55.440815;12:58:55.512295;71480
9;20;PAGO;2115438336;12:58:55.437857;12:58:55.512695;74838
9;20;PAGO;2107045632;12:58:55.438151;12:58:55.513047;74896
9;20;PAGO;2090260224;12:58:55.442407;12:58:55.513641;71234
9;20;PAGO;2014725888;12:58:55.446668;12:58:55.513908;67240
9;20;PAGO;2081867520;12:58:55.442567;12:58:55.514013;71446
9;20;PAGO;2073474816;12:58:55.442674;12:58:55.514213;71539
9;20;PAGO;2065082112;12:58:55.442850;12:58:55.514450;71600
9;20;PAGO;2056689408;12:58:55.445046;12:58:55.514600;69554
9;20;PAGO;2048296704;12:58:55.446241;12:58:55.514776;68535
9;20;PAGO;2039904000;12:58:55.446396;12:58:55.514949;68553
9;20;PAGO;2031511296;12:58:55.446494;12:58:55.515020;68526
9;20;PAGO;2023118592;12:58:55.446610;12:58:55.515115;68505
9;20;PAGO;2006333184;12:58:55.446790;12:58:55.515227;68437
9;20;PAGO;1981155072;12:58:55.446997;12:58:55.515347;68350
9;20;PAGO;1997940480;12:58:55.446876;12:58:55.515451;68575
9;20;PAGO;1972762368;12:58:55.447159;12:58:55.515644;68485
9;20;PAGO;2098652928;12:58:55.442390;12:58:55.515728;73338
9;20;PAGO;1955976960;12:58:55.447629;12:58:55.516470;68841
9;20;PAGO;1964369664;12:58:55.447536;12:58:55.516583;69047
9;20;PAGO;1989547776;12:58:55.446978;12:58:55.516696;69718
9;20;PAGO;1977992960;12:58:55.437810;12:58:55.516894;79084
9;20;PAGO;1969600256;12:58:55.438122;12:58:55.517077;78955
9;20;PAGO;1952814848;12:58:55.438397;12:58:55.517150;78753
9;20;PAGO;1910851328;12:58:55.450589;12:58:55.517241;66652
9;20;PAGO;1843709696;12:58:55.453222;12:58:55.517411;64189
9;20;PAGO;1860495104;12:58:55.453033;12:58:55.517750;64717
9;20;PAGO;1961207552;12:58:55.438347;12:58:55.517840;79493
9;20;PAGO;1944422144;12:58:55.444928;12:58:55.517984;73056
9;20;PAGO;1936029440;12:58:55.449849;12:58:55.518081;68232
9;20;PAGO;1927636736;12:58:55.450083;12:58:55.518213;68130
9;20;PAGO;1919244032;12:58:55.450490;12:58:55.518365;67875
9;20;PAGO;1902458624;12:58:55.452553;12:58:55.520474;67921
9;20;PAGO;1885673216;12:58:55.452797;12:58:55.522951;70154
9;20;PAGO;1877280512;12:58:55.452884;12:58:55.523156;70272
9;20;PAGO;1894065920;12:58:55.452648;12:58:55.523266;70618
9;20;PAGO;1852102400;12:58:55.453164;12:58:55.523563;70399
9;20;PAGO;1868887808;12:58:55.452965;12:58:55.523661;70696
9;20;PAGO;1835316992;12:58:55.453277;12:58:55.523858;70581
9;20;PAGO;1818531584;12:58:55.456956;12:58:55.523959;67003
9;20;PAGO;1826924288;12:58:55.453332;12:58:55.524146;70814
9;20;PAGO;762959616;12:58:55.436076;12:58:55.463700;27624
9;20;PAGO;746174208;12:58:55.437623;12:58:55.464012;26389
9;20;PAGO;712603392;12:58:55.438232;12:58:55.464066;25834
9;20;PAGO;645461760;12:58:55.448331;12:58:55.464144;15813
9;20;PAGO;687425280;12:58:55.444952;12:58:55.464252;19300
9;20;PAGO;737781504;12:58:55.437662;12:58:55.468030;30368
9;20;PAGO;611890944;12:58:55.448640;12:58:55.467977;19337
9;20;PAGO;729388800;12:58:55.438122;12:58:55.468091;29969
9;20;PAGO;720996096;12:58:55.438166;12:58:55.470058;31892
9;20;PAGO;704210688;12:58:55.444805;12:58:55.470210;25405
9;20;PAGO;695817984;12:58:55.444907;12:58:55.472608;27701
9;20;PAGO;679032576;12:58:55.445742;12:58:55.473342;27600
9;20;PAGO;670639872;12:58:55.448086;12:58:55.473657;25571
9;20;PAGO;662247168;12:58:55.448186;12:58:55.474529;26343
9;20;PAGO;628676352;12:58:55.448496;12:58:55.475464;26968
9;20;PAGO;637069056;12:58:55.448454;12:58:55.475584;27130
9;20;PAGO;653854464;12:58:55.448299;12:58:55.475648;27349
9;20;PAGO;620283648;12:58:55.448556;12:58:55.475708;27152
9;20;PAGO;603498240;12:58:55.448667;12:58:55.475786;27119
9;20;PAGO;754566912;12:58:55.436356;12:58:55.535650;99294
9;20;PAGO;-2081880320;12:58:55.445095;12:58:55.530505;85410
9;20;PAGO;-2090273024;12:58:55.445797;12:58:55.530639;84842
9;20;PAGO;-2098665728;12:58:55.445884;12:58:55.530891;85007
9;20;PAGO;-2140629248;12:58:55.446558;12:58:55.530966;84408
9;20;PAGO;2062018304;12:58:55.447435;12:58:55.533049;85614
9;20;PAGO;2053625600;12:58:55.447517;12:58:55.533151;85634
9;20;PAGO;-2107058432;12:58:55.446249;12:58:55.534149;87900
9;20;PAGO;-2115451136;12:58:55.446366;12:58:55.534204;87838
9;20;PAGO;-2123843840;12:58:55.446484;12:58:55.534339;87855
9;20;PAGO;-2132236544;12:58:55.446529;12:58:55.534402;87873
9;20;PAGO;2129159936;12:58:55.446829;12:58:55.534496;87667
9;20;PAGO;2145945344;12:58:55.446660;12:58:55.534563;87903
9;20;PAGO;2103981824;12:58:55.447096;12:58:55.534640;87544
9;20;PAGO;2120767232;12:58:55.446933;12:58:55.534720;87787
9;20;PAGO;2137552640;12:58:55.446705;12:58:55.534782;88077
9;20;PAGO;2087196416;12:58:55.447243;12:58:55.534875;87632
9;20;PAGO;2095589120;12:58:55.447173;12:58:55.534947;87774
9;20;PAGO;2078803712;12:58:55.447310;12:58:55.535064;87754
9;20;PAGO;2070411008;12:58:55.447375;12:58:55.535129;87754
9;20;PAGO;2112374528;12:58:55.446965;12:58:55.535267;88302
9;20;PAGO;-20769024;12:58:55.440575;12:58:55.476051;35476
9;20;PAGO;-155052288;12:58:55.442155;12:58:55.476216;34061
9;20;PAGO;-163444992;12:58:55.443327;12:58:55.476464;33137
9;20;PAGO;-171837696;12:58:55.443404;12:58:55.477433;34029
9;20;PAGO;-180230400;12:58:55.443501;12:58:55.477607;34106
9;20;PAGO;-29161728;12:58:55.440615;12:58:55.535828;95213
9;20;PAGO;-37554432;12:58:55.440648;12:58:55.538125;97477
9;20;PAGO;-45947136;12:58:55.441327;12:58:55.538391;97064
9;20;PAGO;-54339840;12:58:55.441357;12:58:55.538484;97127
9;20;PAGO;-62732544;12:58:55.441429;12:58:55.538636;97207
9;20;PAGO;-71125248;12:58:55.441500;12:58:55.539052;97552
9;20;PAGO;-79517952;12:58:55.441563;12:58:55.540006;98443
9;20;PAGO;-87910656;12:58:55.441633;12:58:55.541003;99370
9;20;PAGO;-96303360;12:58:55.441694;12:58:55.541283;99589
9;20;PAGO;-104696064;12:58:55.441755;12:58:55.541337;99582
9;20;PAGO;-113088768;12:58:55.441820;12:58:55.541381;99561
9;20;PAGO;-121481472;12:58:55.441880;12:58:55.541442;99562
9;20;PAGO;-129874176;12:58:55.441940;12:58:55.541530;99590
9;20;PAGO;-138266880;12:58:55.442002;12:58:55.541717;99715
9;20;PAGO;-146659584;12:58:55.442063;12:58:55.541781;99718
24;50;PAGO;1684817664;12:59:16.317187;12:59:31.083849;14766662
24;50;PAGO;1676424960;12:59:16.322194;12:59:31.083959;14761765
24;50;PAGO;1617676032;12:59:16.328120;12:59:31.084158;14756038
24;50;PAGO;1668032256;12:59:16.322493;12:59:31.088343;14765850
24;50;PAGO;1659639552;12:59:16.324360;12:59:31.088547;14764187
24;50;PAGO;1651246848;12:59:16.325407;12:59:31.088701;14763294
24;50;PAGO;1642854144;12:59:16.326003;12:59:31.088833;14762830
24;50;PAGO;1634461440;12:59:16.326103;12:59:31.088951;14762848
24;50;PAGO;1626068736;12:59:16.326288;12:59:31.089067;14762779
24;50;PAGO;1609283328;12:59:16.327318;12:59:31.089174;14761856
24;50;PAGO;1600890624;12:59:16.327692;12:59:31.089295;14761603
24;50;PAGO;1592497920;12:59:16.328076;12:59:31.089868;14761792
24;50;PAGO;1558927104;12:59:16.328416;12:59:31.089993;14761577
24;50;PAGO;1525356288;12:59:16.328814;12:59:31.090104;14761290
24;50;PAGO;1516963584;12:59:16.328905;12:59:31.090214;14761309
24;50;PAGO;1542141696;12:59:16.328557;12:59:31.092260;14763703
24;50;PAGO;1508570880;12:59:16.328952;12:59:31.092350;14763398
24;50;PAGO;1533748992;12:59:16.328663;12:59:31.092657;14763994
24;50;PAGO;1475000064;12:59:16.329223;12:59:31.092728;14763505
24;50;PAGO;1483392768;12:59:16.329169;12:59:31.092816;14763647
24;50;PAGO;1458214656;12:59:16.329336;12:59:31.092993;14763657
24;50;PAGO;1449821952;12:59:16.329388;12:59:31.093055;14763667
24;50;PAGO;1441429248;12:59:16.335398;12:59:31.093120;14757722
24;50;PAGO;1433036544;12:59:16.335449;12:59:31.093181;14757732
24;50;PAGO;1466607360;12:59:16.329276;12:59:31.093225;14763949
24;50;PAGO;1416251136;12:59:16.335548;12:59:31.093585;14758037
24;50;PAGO;1500178176;12:59:16.329059;12:59:31.093690;14764631
24;50;PAGO;1424643840;12:59:16.335493;12:59:31.093802;14758309
24;50;PAGO;1391073024;12:59:16.335739;12:59:31.095128;14759389
24;50;PAGO;1399465728;12:59:16.335683;12:59:31.095295;14759612
24;50;PAGO;1382680320;12:59:16.335790;12:59:31.104426;14768636
24;50;PAGO;1357502208;12:59:16.335948;12:59:31.107168;14771220
24;50;PAGO;1365894912;12:59:16.335896;12:59:31.109399;14773503
24;50;PAGO;1332324096;12:59:16.336094;12:59:31.110502;14774408
24;50;PAGO;1340716800;12:59:16.336045;12:59:31.110617;14774572
24;50;PAGO;1550534400;12:59:16.328503;12:59:31.110735;14782232
24;50;PAGO;1374287616;12:59:16.335844;12:59:31.113936;14778092
24;50;PAGO;1315538688;12:59:16.336218;12:59:31.122883;14786665
24;50;PAGO;1575712512;12:59:16.328239;12:59:31.125685;14797446
24;50;PAGO;1567319808;12:59:16.328350;12:59:31.132034;14803684
24;50;PAGO;1349109504;12:59:16.335995;12:59:31.132186;14796191
24;50;PAGO;1491785472;12:59:16.329115;12:59:31.132264;14803149
24;50;PAGO;1407858432;12:59:16.335622;12:59:31.132386;14796764
24;50;PAGO;1584105216;12:59:16.328146;12:59:31.132572;14804426
24;50;PAGO;1307145984;12:59:16.336275;12:59:31.133061;14796786
24;50;PAGO;1298753280;12:59:16.336343;12:59:31.149345;14813002
24;50;PAGO;1323931392;12:59:16.336244;12:59:31.150971;14814727
24;50;PAGO;1290360576;12:59:16.336417;12:59:31.151234;14814817
24;50;PAGO;1273575168;12:59:16.336538;12:59:31.151398;14814860
24;50;PAGO;1281967872;12:59:16.336467;12:59:31.160661;14824194
24;50;PAGO;1320699648;12:59:16.320298;12:59:31.040820;14720522
24;50;PAGO;1312306944;12:59:16.333032;12:59:31.042249;14709217
24;50;PAGO;1278736128;12:59:16.365690;12:59:31.042886;14677196
24;50;PAGO;1203201792;12:59:16.366744;12:59:31.043576;14676832
24;50;PAGO;1060525824;12:59:16.385077;12:59:31.044099;14659022
24;50;PAGO;1303914240;12:59:16.353081;12:59:31.093861;14740780
24;50;PAGO;1287128832;12:59:16.365443;12:59:31.122276;14756833
24;50;PAGO;1270343424;12:59:16.365876;12:59:31.122602;14756726
24;50;PAGO;1261950720;12:59:16.365998;12:59:31.123833;14757835
24;50;PAGO;1253558016;12:59:16.366100;12:59:31.125063;14758963
24;50;PAGO;1245165312;12:59:16.366222;12:59:31.125169;14758947
24;50;PAGO;1236772608;12:59:16.366329;12:59:31.125944;14759615
24;50;PAGO;1228379904;12:59:16.366427;12:59:31.126132;14759705
24;50;PAGO;1219987200;12:59:16.366520;12:59:31.126292;14759772
24;50;PAGO;1194809088;12:59:16.366972;12:59:31.126382;14759410
24;50;PAGO;1186416384;12:59:16.367050;12:59:31.126458;14759408
24;50;PAGO;1178023680;12:59:16.367180;12:59:31.132936;14765756
24;50;PAGO;1169630976;12:59:16.370898;12:59:31.133017;14762119
24;50;PAGO;1161238272;12:59:16.370900;12:59:31.148861;14777961
24;50;PAGO;1152845568;12:59:16.370948;12:59:31.148970;14778022
24;50;PAGO;1144452864;12:59:16.372890;12:59:31.149191;14776301
24;50;PAGO;1211594496;12:59:16.366715;12:59:31.150583;14783868
24;50;PAGO;1110882048;12:59:16.384109;12:59:31.150743;14766634
24;50;PAGO;1085703936;12:59:16.384727;12:59:31.150928;14766201
24;50;PAGO;1077311232;12:59:16.384828;12:59:31.151113;14766285
24;50;PAGO;1136060160;12:59:16.374029;12:59:31.151216;14777187
24;50;PAGO;1102489344;12:59:16.384063;12:59:31.152187;14768124
24;50;PAGO;1127667456;12:59:16.374104;12:59:31.152288;14778184
24;50;PAGO;1119274752;12:59:16.383554;12:59:31.158905;14775351
24;50;PAGO;1043740416;12:59:16.385208;12:59:31.160634;14775426
24;50;PAGO;1052133120;12:59:16.385147;12:59:31.160698;14775551
24;50;PAGO;1035347712;12:59:16.385300;12:59:31.160807;14775507
24;50;PAGO;1026955008;12:59:16.385404;12:59:31.160887;14775483
24;50;PAGO;1018562304;12:59:16.385542;12:59:31.160971;14775429
24;50;PAGO;1010169600;12:59:16.385632;12:59:31.161017;14775385
24;50;PAGO;1001776896;12:59:16.385714;12:59:31.161082;14775368
24;50;PAGO;993384192;12:59:16.386118;12:59:31.161137;14775019
24;50;PAGO;1094096640;12:59:16.384212;12:59:31.161208;14776996
24;50;PAGO;976598784;12:59:16.387436;12:59:31.161344;14773908
24;50;PAGO;1068918528;12:59:16.385047;12:59:31.162647;14777600
24;50;PAGO;968206080;12:59:16.387526;12:59:31.162941;14775415
24;50;PAGO;984991488;12:59:16.387383;12:59:31.163187;14775804
24;50;PAGO;951420672;12:59:16.393727;12:59:31.163860;14770133
24;50;PAGO;934635264;12:59:16.393969;12:59:31.164391;14770422
24;50;PAGO;943027968;12:59:16.393851;12:59:31.164667;14770816
24;50;PAGO;926242560;12:59:16.527880;12:59:31.164869;14636989
24;50;PAGO;1295521536;12:59:16.365457;12:59:31.165089;14799632
24;50;PAGO;909457152;12:59:16.529340;12:59:31.165335;14635995
24;50;PAGO;917849856;12:59:16.529246;12:59:31.165758;14636512
24;50;PAGO;959813376;12:59:16.393419;12:59:31.165934;14772515
24;50;PAGO;2139838208;12:59:16.316568;12:59:31.039376;14722808
24;50;PAGO;2123052800;12:59:16.319557;12:59:31.070631;14751074
24;50;PAGO;2131445504;12:59:16.319562;12:59:31.072304;14752742
24;50;PAGO;2114660096;12:59:16.329682;12:59:31.105299;14775617
24;50;PAGO;2097874688;12:59:16.347487;12:59:31.105592;14758105
24;50;PAGO;2089481984;12:59:16.347491;12:59:31.123014;14775523
24;50;PAGO;2106267392;12:59:16.347443;12:59:31.123624;14776181
24;50;PAGO;2081089280;12:59:16.347494;12:59:31.123759;14776265
24;50;PAGO;2072696576;12:59:16.350603;12:59:31.123879;14773276
24;50;PAGO;2055911168;12:59:16.364436;12:59:31.124087;14759651
24;50;PAGO;2047518464;12:59:16.364477;12:59:31.124986;14760509
24;50;PAGO;2039125760;12:59:16.364735;12:59:31.125183;14760448
24;50;PAGO;2030733056;12:59:16.368889;12:59:31.125530;14756641
24;50;PAGO;2022340352;12:59:16.369023;12:59:31.131832;14762809
24;50;PAGO;2013947648;12:59:16.369080;12:59:31.131978;14762898
24;50;PAGO;2005554944;12:59:16.369470;12:59:31.132129;14762659
24;50;PAGO;1997162240;12:59:16.372714;12:59:31.132251;14759537
24;50;PAGO;1988769536;12:59:16.375198;12:59:31.132423;14757225
24;50;PAGO;1980376832;12:59:16.375361;12:59:31.132576;14757215
24;50;PAGO;1971984128;12:59:16.375624;12:59:31.133022;14757398
24;50;PAGO;1963591424;12:59:16.375650;12:59:31.149427;14773777
24;50;PAGO;1955198720;12:59:16.375733;12:59:31.150869;14775136
24;50;PAGO;1946806016;12:59:16.375788;12:59:31.151289;14775501
24;50;PAGO;1938413312;12:59:16.375842;12:59:31.151479;14775637
24;50;PAGO;1930020608;12:59:16.375895;12:59:31.151663;14775768
24;50;PAGO;1921627904;12:59:16.375949;12:59:31.151838;14775889
24;50;PAGO;1913235200;12:59:16.376006;12:59:31.151897;14775891
24;50;PAGO;1904842496;12:59:16.376060;12:59:31.159116;14783056
24;50;PAGO;1896449792;12:59:16.376114;12:59:31.159291;14783177
24;50;PAGO;1888057088;12:59:16.376169;12:59:31.160725;14784556
24;50;PAGO;1879664384;12:59:16.376223;12:59:31.160775;14784552
24;50;PAGO;1871271680;12:59:16.376280;12:59:31.160900;14784620
24;50;PAGO;1862878976;12:59:16.376334;12:59:31.160979;14784645
24;50;PAGO;1854486272;12:59:16.376391;12:59:31.161059;14784668
24;50;PAGO;1846093568;12:59:16.376445;12:59:31.161112;14784667
24;50;PAGO;1837700864;12:59:16.376503;12:59:31.161174;14784671
24;50;PAGO;1829308160;12:59:16.376564;12:59:31.161276;14784712
24;50;PAGO;1820915456;12:59:16.376637;12:59:31.161975;14785338
24;50;PAGO;1812522752;12:59:16.376764;12:59:31.162098;14785334
24;50;PAGO;1804130048;12:59:16.376869;12:59:31.162329;14785460
24;50;PAGO;1795737344;12:59:16.376970;12:59:31.162438;14785468
24;50;PAGO;1787344640;12:59:16.378225;12:59:31.162803;14784578
24;50;PAGO;1778951936;12:59:16.378272;12:59:31.163036;14784764
24;50;PAGO;1770559232;12:59:16.378288;12:59:31.163229;14784941
24;50;PAGO;1762166528;12:59:16.383279;12:59:31.163397;14780118
24;50;PAGO;1753773824;12:59:16.384595;12:59:31.163928;14779333
24;50;PAGO;1745381120;12:59:16.384639;12:59:31.164771;14780132
24;50;PAGO;1736988416;12:59:16.384823;12:59:31.169174;14784351
24;50;PAGO;1728595712;12:59:16.386202;12:59:31.169251;14783049
24;50;PAGO;2064303872;12:59:16.352676;12:59:31.169403;14816727
24;50;PAGO;1946892032;12:59:16.347633;12:59:31.042428;14694795
24;50;PAGO;1930106624;12:59:16.348081;12:59:31.068375;14720294
24;50;PAGO;1921713920;12:59:16.349348;12:59:31.122565;14773217
24;50;PAGO;1913321216;12:59:16.349455;12:59:31.122683;14773228
24;50;PAGO;1904928512;12:59:16.349707;12:59:31.122940;14773233
24;50;PAGO;1896535808;12:59:16.349791;12:59:31.123034;14773243
24;50;PAGO;1888143104;12:59:16.349890;12:59:31.123169;14773279
24;50;PAGO;1879750400;12:59:16.349947;12:59:31.123290;14773343
24;50;PAGO;1871357696;12:59:16.353808;12:59:31.123437;14769629
24;50;PAGO;1862964992;12:59:16.371403;12:59:31.123621;14752218
24;50;PAGO;1854572288;12:59:16.371432;12:59:31.123758;14752326
24;50;PAGO;1846179584;12:59:16.372875;12:59:31.123873;14750998
24;50;PAGO;1837786880;12:59:16.376666;12:59:31.124096;14747430
24;50;PAGO;1829394176;12:59:16.377000;12:59:31.124206;14747206
24;50;PAGO;1821001472;12:59:16.377239;12:59:31.125925;14748686
24;50;PAGO;1812608768;12:59:16.377361;12:59:31.132822;14755461
24;50;PAGO;1804216064;12:59:16.382603;12:59:31.149490;14766887
24;50;PAGO;1795823360;12:59:16.383193;12:59:31.150955;14767762
24;50;PAGO;1787430656;12:59:16.389441;12:59:31.151178;14761737
24;50;PAGO;1779037952;12:59:16.389474;12:59:31.151471;14761997
24;50;PAGO;1770645248;12:59:16.389624;12:59:31.151565;14761941
24;50;PAGO;1762252544;12:59:16.389660;12:59:31.151631;14761971
24;50;PAGO;1753859840;12:59:16.389725;12:59:31.152308;14762583
24;50;PAGO;1745467136;12:59:16.389800;12:59:31.152413;14762613
24;50;PAGO;1737074432;12:59:16.389862;12:59:31.153637;14763775
24;50;PAGO;1728681728;12:59:16.389926;12:59:31.162274;14772348
24;50;PAGO;1720289024;12:59:16.390032;12:59:31.162422;14772390
24;50;PAGO;1711896320;12:59:16.390109;12:59:31.162543;14772434
24;50;PAGO;1703503616;12:59:16.390189;12:59:31.162808;14772619
24;50;PAGO;1695110912;12:59:16.390266;12:59:31.163000;14772734
24;50;PAGO;1686718208;12:59:16.390349;12:59:31.163137;14772788
24;50;PAGO;1678325504;12:59:16.390486;12:59:31.163209;14772723
24;50;PAGO;1669932800;12:59:16.390585;12:59:31.163388;14772803
24;50;PAGO;1661540096;12:59:16.390681;12:59:31.163570;14772889
24;50;PAGO;1653147392;12:59:16.390752;12:59:31.163675;14772923
24;50;PAGO;1644754688;12:59:16.393607;12:59:31.163837;14770230
24;50;PAGO;1636361984;12:59:16.393749;12:59:31.164097;14770348
24;50;PAGO;1627969280;12:59:16.393868;12:59:31.164983;14771115
24;50;PAGO;1619576576;12:59:16.393901;12:59:31.165143;14771242
24;50;PAGO;1611183872;12:59:16.528090;12:59:31.165511;14637421
24;50;PAGO;1602791168;12:59:16.528232;12:59:31.165866;14637634
24;50;PAGO;1594398464;12:59:16.528329;12:59:31.166218;14637889
24;50;PAGO;1586005760;12:59:16.528678;12:59:31.166525;14637847
24;50;PAGO;1577613056;12:59:16.529033;12:59:31.169399;14640366
24;50;PAGO;1569220352;12:59:16.529067;12:59:31.169718;14640651
24;50;PAGO;1560827648;12:59:16.529276;12:59:31.169943;14640667
24;50;PAGO;1552434944;12:59:16.529386;12:59:31.172652;14643266
24;50;PAGO;1544042240;12:59:16.529407;12:59:31.172881;14643474
24;50;PAGO;1535649536;12:59:16.529483;12:59:31.173016;14643533
24;50;PAGO;1938499328;12:59:16.347693;12:59:31.174718;14827025
24;50;PAGO;-41601280;12:59:16.316478;12:59:31.166405;14849927
24;50;PAGO;-49993984;12:59:16.317188;12:59:31.167068;14849880
24;50;PAGO;-58386688;12:59:16.319346;12:59:31.168764;14849418
24;50;PAGO;-66779392;12:59:16.319555;12:59:31.168993;14849438
24;50;PAGO;-75172096;12:59:16.319794;12:59:31.169097;14849303
24;50;PAGO;-243026176;12:59:16.358375;12:59:31.169909;14811534
24;50;PAGO;-251418880;12:59:16.358486;12:59:31.170162;14811676
24;50;PAGO;-259811584;12:59:16.358510;12:59:31.170495;14811985
24;50;PAGO;-268204288;12:59:16.358578;12:59:31.170744;14812166
24;50;PAGO;-276596992;12:59:16.358652;12:59:31.171415;14812763
24;50;PAGO;-284989696;12:59:16.358759;12:59:31.171578;14812819
24;50;PAGO;-335345920;12:59:16.359481;12:59:31.171693;14812212
24;50;PAGO;-343738624;12:59:16.359567;12:59:31.171763;14812196
24;50;PAGO;-352131328;12:59:16.359652;12:59:31.171865;14812213
24;50;PAGO;-360524032;12:59:16.359780;12:59:31.172008;14812228
24;50;PAGO;-368916736;12:59:16.359886;12:59:31.172076;14812190
24;50;PAGO;-377309440;12:59:16.360046;12:59:31.172171;14812125
24;50;PAGO;-385702144;12:59:16.360172;12:59:31.172270;14812098
24;50;PAGO;-394094848;12:59:16.360272;12:59:31.172363;14812091
24;50;PAGO;-402487552;12:59:16.360379;12:59:31.172483;14812104
24;50;PAGO;-410880256;12:59:16.360448;12:59:31.173497;14813049
24;50;PAGO;-419272960;12:59:16.360505;12:59:31.174717;14814212
24;50;PAGO;-427665664;12:59:16.360555;12:59:31.174783;14814228
24;50;PAGO;-436058368;12:59:16.360654;12:59:31.174848;14814194
24;50;PAGO;-444451072;12:59:16.360722;12:59:31.174919;14814197
24;50;PAGO;-452843776;12:59:16.360791;12:59:31.176021;14815230
24;50;PAGO;-108742912;12:59:16.322217;12:59:31.176113;14853896
24;50;PAGO;-117135616;12:59:16.322387;12:59:31.176262;14853875
24;50;PAGO;-125528320;12:59:16.322423;12:59:31.176357;14853934
24;50;PAGO;-133921024;12:59:16.325492;12:59:31.176434;14850942
24;50;PAGO;-150706432;12:59:16.350582;12:59:31.176515;14825933
24;50;PAGO;-142313728;12:59:16.350587;12:59:31.176578;14825991
24;50;PAGO;-159099136;12:59:16.351344;12:59:31.176652;14825308
24;50;PAGO;-167491840;12:59:16.353247;12:59:31.176764;14823517
24;50;PAGO;-175884544;12:59:16.356526;12:59:31.176821;14820295
24;50;PAGO;-184277248;12:59:16.356898;12:59:31.176875;14819977
24;50;PAGO;-192669952;12:59:16.357135;12:59:31.176930;14819795
24;50;PAGO;-201062656;12:59:16.357399;12:59:31.176989;14819590
24;50;PAGO;-209455360;12:59:16.357900;12:59:31.177046;14819146
24;50;PAGO;-217848064;12:59:16.358126;12:59:31.177120;14818994
24;50;PAGO;-91957504;12:59:16.321748;12:59:31.177233;14855485
24;50;PAGO;-226240768;12:59:16.358202;12:59:31.177332;14819130
24;50;PAGO;-234633472;12:59:16.358263;12:59:31.177426;14819163
24;50;PAGO;-83564800;12:59:16.321580;12:59:31.185921;14864341
24;50;PAGO;-293382400;12:59:16.358972;12:59:31.186712;14827740
24;50;PAGO;-301775104;12:59:16.358987;12:59:31.186866;14827879
24;50;PAGO;-310167808;12:59:16.359161;12:59:31.187025;14827864
24;50;PAGO;-318560512;12:59:16.359295;12:59:31.254336;14895041
24;50;PAGO;-326953216;12:59:16.359448;12:59:31.254512;14895064
24;50;PAGO;-100350208;12:59:16.321788;12:59:31.255755;14933967
24;50;PAGO;-496994560;12:59:16.321968;12:59:31.171631;14849663
24;50;PAGO;-505387264;12:59:16.330375;12:59:31.172010;14841635
24;50;PAGO;-606099712;12:59:16.355754;12:59:31.172293;14816539
24;50;PAGO;-765561088;12:59:16.372128;12:59:31.173408;14801280
24;50;PAGO;-824310016;12:59:16.382382;12:59:31.173593;14791211
24;50;PAGO;-530565376;12:59:16.347978;12:59:31.174611;14826633
24;50;PAGO;-538958080;12:59:16.348079;12:59:31.175370;14827291
24;50;PAGO;-547350784;12:59:16.351263;12:59:31.183491;14832228
24;50;PAGO;-555743488;12:59:16.353325;12:59:31.185893;14832568
24;50;PAGO;-564136192;12:59:16.355222;12:59:31.186407;14831185
24;50;PAGO;-572528896;12:59:16.355248;12:59:31.186611;14831363
24;50;PAGO;-580921600;12:59:16.355411;12:59:31.186725;14831314
24;50;PAGO;-648063232;12:59:16.368983;12:59:31.186894;14817911
24;50;PAGO;-690026752;12:59:16.369427;12:59:31.187030;14817603
24;50;PAGO;-639670528;12:59:16.368863;12:59:31.188684;14819821
24;50;PAGO;-614492416;12:59:16.355800;12:59:31.254461;14898661
24;50;PAGO;-622885120;12:59:16.364678;12:59:31.254557;14889879
24;50;PAGO;-597707008;12:59:16.355573;12:59:31.254640;14899067
24;50;PAGO;-656455936;12:59:16.369116;12:59:31.254885;14885769
24;50;PAGO;-664848640;12:59:16.369136;12:59:31.255260;14886124
24;50;PAGO;-673241344;12:59:16.369218;12:59:31.255554;14886336
24;50;PAGO;-681634048;12:59:16.369455;12:59:31.256014;14886559
24;50;PAGO;-706812160;12:59:16.369586;12:59:31.256565;14886979
24;50;PAGO;-715204864;12:59:16.369622;12:59:31.259608;14889986
24;50;PAGO;-723597568;12:59:16.370652;12:59:31.259756;14889104
24;50;PAGO;-731990272;12:59:16.371543;12:59:31.259873;14888330
24;50;PAGO;-740382976;12:59:16.371630;12:59:31.260037;14888407
24;50;PAGO;-698419456;12:59:16.369498;12:59:31.260198;14890700
24;50;PAGO;-748775680;12:59:16.371718;12:59:31.260499;14888781
24;50;PAGO;-773953792;12:59:16.372257;12:59:31.260842;14888585
24;50;PAGO;-513779968;12:59:16.330608;12:59:31.262980;14932372
24;50;PAGO;-782346496;12:59:16.372327;12:59:31.263194;14890867
24;50;PAGO;-799131904;12:59:16.372521;12:59:31.263288;14890767
24;50;PAGO;-589314304;12:59:16.355518;12:59:31.263457;14907939
24;50;PAGO;-790739200;12:59:16.372442;12:59:31.263613;14891171
24;50;PAGO;-807524608;12:59:16.372591;12:59:31.263737;14891146
24;50;PAGO;-815917312;12:59:16.375057;12:59:31.263824;14888767
24;50;PAGO;-631277824;12:59:16.364680;12:59:31.263880;14899200
24;50;PAGO;-522172672;12:59:16.343530;12:59:31.264000;14920470
24;50;PAGO;-841095424;12:59:16.383888;12:59:31.264107;14880219
24;50;PAGO;-849488128;12:59:16.383966;12:59:31.264256;14880290
24;50;PAGO;-857880832;12:59:16.384546;12:59:31.264428;14879882
24;50;PAGO;-866273536;12:59:16.384618;12:59:31.264717;14880099
24;50;PAGO;-874666240;12:59:16.384781;12:59:31.264866;14880085
24;50;PAGO;-832702720;12:59:16.383883;12:59:31.265142;14881259
24;50;PAGO;-883058944;12:59:16.384820;12:59:31.265201;14880381
24;50;PAGO;-899844352;12:59:16.385182;12:59:31.265521;14880339
24;50;PAGO;-908237056;12:59:16.385308;12:59:31.265896;14880588
24;50;PAGO;-891451648;12:59:16.384984;12:59:31.266059;14881075
24;50;PAGO;-757168384;12:59:16.372044;12:59:31.267364;14895320
24;50;PAGO;1040213760;12:59:16.317882;12:59:31.184113;14866231
24;50;PAGO;1031821056;12:59:16.319940;12:59:31.187407;14867467
24;50;PAGO;998250240;12:59:16.330517;12:59:31.187522;14857005
24;50;PAGO;964679424;12:59:16.331023;12:59:31.187641;14856618
24;50;PAGO;1023428352;12:59:16.321863;12:59:31.188424;14866561
24;50;PAGO;1015035648;12:59:16.321963;12:59:31.188746;14866783
24;50;PAGO;1006642944;12:59:16.330499;12:59:31.254377;14923878
24;50;PAGO;989857536;12:59:16.330622;12:59:31.254732;14924110
24;50;PAGO;981464832;12:59:16.330787;12:59:31.254779;14923992
24;50;PAGO;973072128;12:59:16.330932;12:59:31.255046;14924114
24;50;PAGO;931108608;12:59:16.331309;12:59:31.255135;14923826
24;50;PAGO;922715904;12:59:16.331367;12:59:31.255334;14923967
24;50;PAGO;914323200;12:59:16.331428;12:59:31.255875;14924447
24;50;PAGO;905930496;12:59:16.331485;12:59:31.256319;14924834
24;50;PAGO;897537792;12:59:16.331547;12:59:31.256453;14924906
24;50;PAGO;880752384;12:59:16.343049;12:59:31.259205;14916156
24;50;PAGO;855574272;12:59:16.352512;12:59:31.259494;14906982
24;50;PAGO;863966976;12:59:16.344490;12:59:31.259914;14915424
24;50;PAGO;838788864;12:59:16.352946;12:59:31.260086;14907140
24;50;PAGO;947894016;12:59:16.331160;12:59:31.260301;14929141
24;50;PAGO;822003456;12:59:16.371579;12:59:31.260496;14888917
24;50;PAGO;805218048;12:59:16.371708;12:59:31.261029;14889321
24;50;PAGO;780039936;12:59:16.374711;12:59:31.261294;14886583
24;50;PAGO;796825344;12:59:16.375177;12:59:31.265590;14890413
24;50;PAGO;956286720;12:59:16.331085;12:59:31.265957;14934872
24;50;PAGO;746469120;12:59:16.375581;12:59:31.266077;14890496
24;50;PAGO;830396160;12:59:16.358954;12:59:31.267456;14908502
24;50;PAGO;813610752;12:59:16.371591;12:59:31.267618;14896027
24;50;PAGO;738076416;12:59:16.377255;12:59:31.267710;14890455
24;50;PAGO;654149376;12:59:16.384712;12:59:31.267906;14883194
24;50;PAGO;763254528;12:59:16.375167;12:59:31.268428;14893261
24;50;PAGO;847181568;12:59:16.352514;12:59:31.268836;14916322
24;50;PAGO;889145088;12:59:16.343040;12:59:31.269019;14925979
24;50;PAGO;771647232;12:59:16.374778;12:59:31.269269;14894491
24;50;PAGO;872359680;12:59:16.343196;12:59:31.269923;14926727
24;50;PAGO;939501312;12:59:16.331245;12:59:31.270012;14938767
24;50;PAGO;754861824;12:59:16.375194;12:59:31.270117;14894923
24;50;PAGO;729683712;12:59:16.377327;12:59:31.270237;14892910
24;50;PAGO;788432640;12:59:16.374716;12:59:31.270337;14895621
24;50;PAGO;721291008;12:59:16.378304;12:59:31.270687;14892383
24;50;PAGO;696112896;12:59:16.384178;12:59:31.270897;14886719
24;50;PAGO;712898304;12:59:16.382918;12:59:31.273804;14890886
24;50;PAGO;687720192;12:59:16.384240;12:59:31.274100;14889860
24;50;PAGO;679327488;12:59:16.384297;12:59:31.274276;14889979
24;50;PAGO;670934784;12:59:16.384443;12:59:31.274424;14889981
24;50;PAGO;662542080;12:59:16.384520;12:59:31.274535;14890015
24;50;PAGO;704505600;12:59:16.384555;12:59:31.274731;14890176
24;50;PAGO;645756672;12:59:16.384803;12:59:31.274845;14890042
24;50;PAGO;637363968;12:59:16.384837;12:59:31.275160;14890323
24;50;PAGO;628971264;12:59:16.384965;12:59:31.275503;14890538
24;50;PAGO;-893200640;12:59:16.317227;12:59:31.276021;14958794
24;50;PAGO;-901593344;12:59:16.319025;12:59:31.276998;14957973
24;50;PAGO;-935164160;12:59:16.330355;12:59:31.277506;14947151
24;50;PAGO;-943556864;12:59:16.330470;12:59:31.278298;14947828
24;50;PAGO;-951949568;12:59:16.342485;12:59:31.284185;14941700
24;50;PAGO;-960342272;12:59:16.343997;12:59:31.284283;14940286
24;50;PAGO;-968734976;12:59:16.350339;12:59:31.284370;14934031
24;50;PAGO;-977127680;12:59:16.350355;12:59:31.284457;14934102
24;50;PAGO;-985520384;12:59:16.350433;12:59:31.284539;14934106
24;50;PAGO;-993913088;12:59:16.352414;12:59:31.284629;14932215
24;50;PAGO;-1002305792;12:59:16.353812;12:59:31.285062;14931250
24;50;PAGO;-1010698496;12:59:16.357013;12:59:31.285122;14928109
24;50;PAGO;-1019091200;12:59:16.370857;12:59:31.285564;14914707
24;50;PAGO;-1027483904;12:59:16.372010;12:59:31.285914;14913904
24;50;PAGO;-1035876608;12:59:16.377041;12:59:31.286095;14909054
24;50;PAGO;-1044269312;12:59:16.383067;12:59:31.286222;14903155
24;50;PAGO;-1052662016;12:59:16.393544;12:59:31.286402;14892858
24;50;PAGO;-1061054720;12:59:16.394159;12:59:31.287004;14892845
24;50;PAGO;-1069447424;12:59:16.394179;12:59:31.287979;14893800
24;50;PAGO;-1077840128;12:59:16.394306;12:59:31.288138;14893832
24;50;PAGO;-1086232832;12:59:16.394367;12:59:31.288221;14893854
24;50;PAGO;-1094625536;12:59:16.394465;12:59:31.288505;14894040
24;50;PAGO;-1103018240;12:59:16.394564;12:59:31.289208;14894644
24;50;PAGO;-1111410944;12:59:16.394643;12:59:31.291423;14896780
24;50;PAGO;-1119803648;12:59:16.394711;12:59:31.291600;14896889
24;50;PAGO;-1128196352;12:59:16.394815;12:59:31.291771;14896956
24;50;PAGO;-1136589056;12:59:16.394896;12:59:31.291901;14897005
24;50;PAGO;-1144981760;12:59:16.394984;12:59:31.292030;14897046
24;50;PAGO;-1153374464;12:59:16.395090;12:59:31.292215;14897125
24;50;PAGO;-1161767168;12:59:16.395212;12:59:31.292292;14897080
24;50;PAGO;-1170159872;12:59:16.395339;12:59:31.292408;14897069
24;50;PAGO;-1178552576;12:59:16.395440;12:59:31.292486;14897046
24;50;PAGO;-1186945280;12:59:16.395526;12:59:31.292588;14897062
24;50;PAGO;-1195337984;12:59:16.395586;12:59:31.292662;14897076
24;50;PAGO;-1203730688;12:59:16.395657;12:59:31.292774;14897117
24;50;PAGO;-1212123392;12:59:16.395719;12:59:31.292930;14897211
24;50;PAGO;-1220516096;12:59:16.395803;12:59:31.293017;14897214
24;50;PAGO;-1228908800;12:59:16.395898;12:59:31.293105;14897207
24;50;PAGO;-1237301504;12:59:16.395968;12:59:31.293181;14897213
24;50;PAGO;-1245694208;12:59:16.396044;12:59:31.293959;14897915
24;50;PAGO;-1254086912;12:59:16.396113;12:59:31.294057;14897944
24;50;PAGO;-1262479616;12:59:16.396182;12:59:31.294168;14897986
24;50;PAGO;-1270872320;12:59:16.396263;12:59:31.294275;14898012
24;50;PAGO;-1279265024;12:59:16.396341;12:59:31.294471;14898130
24;50;PAGO;-1287657728;12:59:16.396408;12:59:31.294602;14898194
24;50;PAGO;-1296050432;12:59:16.396502;12:59:31.294717;14898215
24;50;PAGO;-1304443136;12:59:16.396577;12:59:31.294816;14898239
24;50;PAGO;-909986048;12:59:16.322068;12:59:31.294945;14972877
24;50;PAGO;-918378752;12:59:16.322192;12:59:31.295058;14972866
24;50;PAGO;-926771456;12:59:16.322490;12:59:31.295195;14972705
24;50;PAGO;-1565616384;12:59:16.319823;12:59:31.095624;14775801
24;50;PAGO;-1574009088;12:59:16.325697;12:59:31.095790;14770093
24;50;PAGO;-1741863168;12:59:16.365299;12:59:31.096080;14730781
24;50;PAGO;-1674721536;12:59:16.353674;12:59:31.096233;14742559
24;50;PAGO;-1758648576;12:59:16.372893;12:59:31.096347;14723454
24;50;PAGO;-1733470464;12:59:16.365216;12:59:31.097800;14732584
24;50;PAGO;-1909717248;12:59:16.392342;12:59:31.123166;14730824
24;50;PAGO;-1691506944;12:59:16.353876;12:59:31.123717;14769841
24;50;PAGO;-1607579904;12:59:16.325919;12:59:31.123920;14798001
24;50;PAGO;-1615972608;12:59:16.326002;12:59:31.124180;14798178
24;50;PAGO;-1624365312;12:59:16.326106;12:59:31.125226;14799120
24;50;PAGO;-1716685056;12:59:16.356247;12:59:31.125389;14769142
24;50;PAGO;-1632758016;12:59:16.344332;12:59:31.125494;14781162
24;50;PAGO;-1641150720;12:59:16.352830;12:59:31.125699;14772869
24;50;PAGO;-1649543424;12:59:16.352871;12:59:31.125896;14773025
24;50;PAGO;-1657936128;12:59:16.352995;12:59:31.126086;14773091
24;50;PAGO;-1666328832;12:59:16.353605;12:59:31.126246;14772641
24;50;PAGO;-1582401792;12:59:16.325723;12:59:31.126445;14800722
24;50;PAGO;-1590794496;12:59:16.325741;12:59:31.126619;14800878
24;50;PAGO;-1599187200;12:59:16.325830;12:59:31.126792;14800962
24;50;PAGO;-1699899648;12:59:16.355993;12:59:31.126905;14770912
24;50;PAGO;-1708292352;12:59:16.356094;12:59:31.127046;14770952
24;50;PAGO;-1725077760;12:59:16.365188;12:59:31.127212;14762024
24;50;PAGO;-1792219392;12:59:16.373158;12:59:31.149031;14775873
24;50;PAGO;-1767041280;12:59:16.372890;12:59:31.149174;14776284
24;50;PAGO;-1775433984;12:59:16.373024;12:59:31.151715;14778691
24;50;PAGO;-1817397504;12:59:16.385879;12:59:31.151839;14765960
24;50;PAGO;-1800612096;12:59:16.373454;12:59:31.151907;14778453
24;50;PAGO;-1809004800;12:59:16.383089;12:59:31.152050;14768961
24;50;PAGO;-1825790208;12:59:16.386652;12:59:31.160854;14774202
24;50;PAGO;-1859361024;12:59:16.390810;12:59:31.160986;14770176
24;50;PAGO;-1876146432;12:59:16.391030;12:59:31.161103;14770073
24;50;PAGO;-1884539136;12:59:16.391412;12:59:31.161161;14769749
24;50;PAGO;-1842575616;12:59:16.388516;12:59:31.161272;14772756
24;50;PAGO;-1892931840;12:59:16.391978;12:59:31.162007;14770029
24;50;PAGO;-1901324544;12:59:16.392223;12:59:31.162214;14769991
24;50;PAGO;-1850968320;12:59:16.389112;12:59:31.162715;14773603
24;50;PAGO;-1918109952;12:59:16.392502;12:59:31.163377;14770875
24;50;PAGO;-1683114240;12:59:16.353745;12:59:31.163550;14809805
24;50;PAGO;-1783826688;12:59:16.373077;12:59:31.163650;14790573
24;50;PAGO;-1926502656;12:59:16.392621;12:59:31.163872;14771251
24;50;PAGO;-1750255872;12:59:16.370325;12:59:31.164038;14793713
24;50;PAGO;-1951680768;12:59:16.392930;12:59:31.164232;14771302
24;50;PAGO;-1943288064;12:59:16.392784;12:59:31.164321;14771537
24;50;PAGO;-1960073472;12:59:16.392977;12:59:31.164555;14771578
24;50;PAGO;-1968466176;12:59:16.393034;12:59:31.164652;14771618
24;50;PAGO;-1834182912;12:59:16.393069;12:59:31.164877;14771808
24;50;PAGO;-1976858880;12:59:16.393086;12:59:31.165027;14771941
24;50;PAGO;-1934895360;12:59:16.392684;12:59:31.165258;14772574
24;50;PAGO;-1867753728;12:59:16.390916;12:59:31.165418;14774502
24;50;PAGO;-1015490816;12:59:16.317114;12:59:31.071490;14754376
24;50;PAGO;-1023883520;12:59:16.317939;12:59:31.073616;14755677
24;50;PAGO;-1074239744;12:59:16.343521;12:59:31.074028;14730507
24;50;PAGO;-1040668928;12:59:16.340880;12:59:31.103067;14762187
24;50;PAGO;-1057454336;12:59:16.341622;12:59:31.125306;14783684
24;50;PAGO;-1242093824;12:59:16.373809;12:59:31.125447;14751638
24;50;PAGO;-1250486528;12:59:16.377492;12:59:31.125795;14748303
24;50;PAGO;-1082632448;12:59:16.343617;12:59:31.126021;14782404
24;50;PAGO;-1099417856;12:59:16.343737;12:59:31.126173;14782436
24;50;PAGO;-1107810560;12:59:16.343794;12:59:31.126255;14782461
24;50;PAGO;-1258879232;12:59:16.377555;12:59:31.132869;14755314
24;50;PAGO;-1275664640;12:59:16.377856;12:59:31.133075;14755219
24;50;PAGO;-1284057344;12:59:16.377919;12:59:31.133163;14755244
24;50;PAGO;-1292450048;12:59:16.382642;12:59:31.149789;14767147
24;50;PAGO;-1300842752;12:59:16.386476;12:59:31.149993;14763517
24;50;PAGO;-1309235456;12:59:16.386487;12:59:31.150121;14763634
24;50;PAGO;-1317628160;12:59:16.386515;12:59:31.150365;14763850
24;50;PAGO;-1267271936;12:59:16.377897;12:59:31.150497;14772600
24;50;PAGO;-1334413568;12:59:16.386858;12:59:31.161988;14775130
24;50;PAGO;-1326020864;12:59:16.386893;12:59:31.162122;14775229
24;50;PAGO;-1342806272;12:59:16.388574;12:59:31.162939;14774365
24;50;PAGO;-1359591680;12:59:16.388800;12:59:31.163275;14774475
24;50;PAGO;-1367984384;12:59:16.388895;12:59:31.163502;14774607
24;50;PAGO;-1376377088;12:59:16.388933;12:59:31.163742;14774809
24;50;PAGO;-1384769792;12:59:16.389001;12:59:31.163886;14774885
24;50;PAGO;-1393162496;12:59:16.389062;12:59:31.164016;14774954
24;50;PAGO;-1401555200;12:59:16.389135;12:59:31.164270;14775135
24;50;PAGO;-1409947904;12:59:16.389222;12:59:31.164535;14775313
24;50;PAGO;-1124595968;12:59:16.344733;12:59:31.165240;14820507
24;50;PAGO;-1116203264;12:59:16.344734;12:59:31.167302;14822568
24;50;PAGO;-1049061632;12:59:16.350813;12:59:31.168480;14817667
24;50;PAGO;-1132988672;12:59:16.353136;12:59:31.168833;14815697
24;50;PAGO;-1141381376;12:59:16.355037;12:59:31.168926;14813889
24;50;PAGO;-1149774080;12:59:16.355116;12:59:31.169073;14813957
24;50;PAGO;-1158166784;12:59:16.355178;12:59:31.169268;14814090
24;50;PAGO;-1166559488;12:59:16.355448;12:59:31.169506;14814058
24;50;PAGO;-1174952192;12:59:16.355573;12:59:31.169675;14814102
24;50;PAGO;-1183344896;12:59:16.355642;12:59:31.169814;14814172
24;50;PAGO;-1191737600;12:59:16.364633;12:59:31.171691;14807058
24;50;PAGO;-1200130304;12:59:16.364643;12:59:31.171783;14807140
24;50;PAGO;-1208523008;12:59:16.370388;12:59:31.172124;14801736
24;50;PAGO;-1216915712;12:59:16.372685;12:59:31.172324;14799639
24;50;PAGO;-1225308416;12:59:16.372784;12:59:31.172496;14799712
24;50;PAGO;-1233701120;12:59:16.372979;12:59:31.173288;14800309
24;50;PAGO;-1032276224;12:59:16.318007;12:59:31.173410;14855403
24;50;PAGO;-1065847040;12:59:16.343459;12:59:31.173571;14830112
24;50;PAGO;-1351198976;12:59:16.388682;12:59:31.174635;14785953
24;50;PAGO;-1091025152;12:59:16.343912;12:59:31.174730;14830818
24;50;PAGO;-1418340608;12:59:16.389350;12:59:31.174840;14785490
24;50;PAGO;-1426733312;12:59:16.389474;12:59:31.175497;14786023
24;50;PAGO;90097408;12:59:16.319385;12:59:31.169319;14849934
24;50;PAGO;73312000;12:59:16.330243;12:59:31.169831;14839588
24;50;PAGO;-195254528;12:59:16.377750;12:59:31.170521;14792771
24;50;PAGO;64919296;12:59:16.330429;12:59:31.170587;14840158
24;50;PAGO;56526592;12:59:16.330496;12:59:31.170736;14840240
24;50;PAGO;48133888;12:59:16.330521;12:59:31.170793;14840272
24;50;PAGO;39741184;12:59:16.330620;12:59:31.170850;14840230
24;50;PAGO;31348480;12:59:16.330700;12:59:31.170917;14840217
24;50;PAGO;22955776;12:59:16.330799;12:59:31.171014;14840215
24;50;PAGO;14563072;12:59:16.330907;12:59:31.171114;14840207
24;50;PAGO;6170368;12:59:16.342639;12:59:31.171205;14828566
24;50;PAGO;-2222336;12:59:16.342661;12:59:31.171297;14828636
24;50;PAGO;-19007744;12:59:16.353634;12:59:31.171539;14817905
24;50;PAGO;-10615040;12:59:16.353640;12:59:31.171626;14817986
24;50;PAGO;-44185856;12:59:16.356393;12:59:31.171799;14815406
24;50;PAGO;-35793152;12:59:16.356418;12:59:31.171919;14815501
24;50;PAGO;-27400448;12:59:16.356496;12:59:31.171982;14815486
24;50;PAGO;-60971264;12:59:16.369191;12:59:31.172081;14802890
24;50;PAGO;-52578560;12:59:16.369196;12:59:31.172379;14803183
24;50;PAGO;-77756672;12:59:16.369601;12:59:31.172581;14802980
24;50;PAGO;-86149376;12:59:16.369668;12:59:31.172808;14803140
24;50;PAGO;-69363968;12:59:16.369733;12:59:31.173910;14804177
24;50;PAGO;-94542080;12:59:16.369872;12:59:31.184270;14814398
24;50;PAGO;-102934784;12:59:16.369968;12:59:31.185346;14815378
24;50;PAGO;-111327488;12:59:16.370023;12:59:31.186501;14816478
24;50;PAGO;-119720192;12:59:16.370094;12:59:31.186599;14816505
24;50;PAGO;-128112896;12:59:16.370177;12:59:31.187119;14816942
24;50;PAGO;-136505600;12:59:16.370301;12:59:31.187235;14816934
24;50;PAGO;-144898304;12:59:16.370444;12:59:31.187512;14817068
24;50;PAGO;-153291008;12:59:16.371388;12:59:31.187681;14816293
24;50;PAGO;-161683712;12:59:16.371642;12:59:31.187787;14816145
24;50;PAGO;-170076416;12:59:16.371702;12:59:31.187875;14816173
24;50;PAGO;-178469120;12:59:16.371821;12:59:31.187963;14816142
24;50;PAGO;-186861824;12:59:16.377556;12:59:31.188072;14810516
24;50;PAGO;-203647232;12:59:16.377788;12:59:31.188156;14810368
24;50;PAGO;81704704;12:59:16.330282;12:59:31.188286;14858004
24;50;PAGO;-212039936;12:59:16.383283;12:59:31.188834;14805551
24;50;PAGO;-220432640;12:59:16.383285;12:59:31.254808;14871523
24;50;PAGO;-228825344;12:59:16.383375;12:59:31.255084;14871709
24;50;PAGO;-245610752;12:59:16.384305;12:59:31.255442;14871137
24;50;PAGO;-254003456;12:59:16.384370;12:59:31.255532;14871162
24;50;PAGO;-262396160;12:59:16.384424;12:59:31.255725;14871301
24;50;PAGO;-270788864;12:59:16.384502;12:59:31.255844;14871342
24;50;PAGO;-237218048;12:59:16.384557;12:59:31.255984;14871427
24;50;PAGO;-279181568;12:59:16.384600;12:59:31.256400;14871800
24;50;PAGO;-287574272;12:59:16.384679;12:59:31.256612;14871933
24;50;PAGO;-295966976;12:59:16.384745;12:59:31.259656;14874911
24;50;PAGO;-304359680;12:59:16.384979;12:59:31.259770;14874791
24;50;PAGO;-312752384;12:59:16.385101;12:59:31.259851;14874750
24;50;PAGO;-321145088;12:59:16.385186;12:59:31.260031;14874845
24;50;PAGO;244307712;12:59:16.343073;12:59:31.186813;14843740
24;50;PAGO;227522304;12:59:16.343224;12:59:31.187282;14844058
24;50;PAGO;160380672;12:59:16.382871;12:59:31.187614;14804743
24;50;PAGO;126809856;12:59:16.383602;12:59:31.187976;14804374
24;50;PAGO;51275520;12:59:16.388858;12:59:31.188209;14799351
24;50;PAGO;-57829632;12:59:16.392875;12:59:31.188390;14795515
24;50;PAGO;-124971264;12:59:16.528582;12:59:31.188604;14660022
24;50;PAGO;135202560;12:59:16.382983;12:59:31.188774;14805791
24;50;PAGO;143595264;12:59:16.383533;12:59:31.253445;14869912
24;50;PAGO;252700416;12:59:16.343122;12:59:31.253735;14910613
24;50;PAGO;235915008;12:59:16.343160;12:59:31.254650;14911490
24;50;PAGO;210736896;12:59:16.352595;12:59:31.255707;14903112
24;50;PAGO;202344192;12:59:16.355970;12:59:31.255928;14899958
24;50;PAGO;193951488;12:59:16.371305;12:59:31.256031;14884726
24;50;PAGO;185558784;12:59:16.371652;12:59:31.256207;14884555
24;50;PAGO;177166080;12:59:16.373270;12:59:31.256511;14883241
24;50;PAGO;168773376;12:59:16.382873;12:59:31.259084;14876211
24;50;PAGO;151987968;12:59:16.377986;12:59:31.259787;14881801
24;50;PAGO;110024448;12:59:16.384337;12:59:31.259867;14875530
24;50;PAGO;101631744;12:59:16.384405;12:59:31.260069;14875664
24;50;PAGO;118417152;12:59:16.384497;12:59:31.260183;14875686
24;50;PAGO;93239040;12:59:16.388015;12:59:31.260365;14872350
24;50;PAGO;76453632;12:59:16.388024;12:59:31.260460;14872436
24;50;PAGO;84846336;12:59:16.388026;12:59:31.260614;14872588
24;50;PAGO;68060928;12:59:16.388695;12:59:31.260888;14872193
24;50;PAGO;59668224;12:59:16.388754;12:59:31.261413;14872659
24;50;PAGO;34490112;12:59:16.390700;12:59:31.262307;14871607
24;50;PAGO;42882816;12:59:16.389285;12:59:31.262462;14873177
24;50;PAGO;26097408;12:59:16.390872;12:59:31.263025;14872153
24;50;PAGO;17704704;12:59:16.390948;12:59:31.263207;14872259
24;50;PAGO;919296;12:59:16.391608;12:59:31.263281;14871673
24;50;PAGO;-7473408;12:59:16.392091;12:59:31.263512;14871421
24;50;PAGO;-15866112;12:59:16.392254;12:59:31.263611;14871357
24;50;PAGO;-24258816;12:59:16.392375;12:59:31.264156;14871781
24;50;PAGO;-32651520;12:59:16.392550;12:59:31.264234;14871684
24;50;PAGO;-41044224;12:59:16.392627;12:59:31.264462;14871835
24;50;PAGO;9312000;12:59:16.391157;12:59:31.264718;14873561
24;50;PAGO;-49436928;12:59:16.392734;12:59:31.264831;14872097
24;50;PAGO;-66222336;12:59:16.392951;12:59:31.265179;14872228
24;50;PAGO;-74615040;12:59:16.393011;12:59:31.266093;14873082
24;50;PAGO;-99793152;12:59:16.527941;12:59:31.267509;14739568
24;50;PAGO;-108185856;12:59:16.528136;12:59:31.267583;14739447
24;50;PAGO;-116578560;12:59:16.528287;12:59:31.267712;14739425
24;50;PAGO;-91400448;12:59:16.393958;12:59:31.267922;14873964
24;50;PAGO;-158542080;12:59:16.529531;12:59:31.268441;14738910
24;50;PAGO;-83007744;12:59:16.393894;12:59:31.268809;14874915
24;50;PAGO;-133363968;12:59:16.528780;12:59:31.268995;14740215
24;50;PAGO;-141756672;12:59:16.529485;12:59:31.269386;14739901
24;50;PAGO;-150149376;12:59:16.529439;12:59:31.270161;14740722
24;50;PAGO;219129600;12:59:16.352573;12:59:31.271895;14919322
24;50;PAGO;1652229888;12:59:16.330029;12:59:31.071641;14741612
24;50;PAGO;1635444480;12:59:16.343476;12:59:31.071972;14728496
24;50;PAGO;1643837184;12:59:16.343533;12:59:31.104132;14760599
24;50;PAGO;1618659072;12:59:16.344777;12:59:31.109493;14764716
24;50;PAGO;1627051776;12:59:16.344781;12:59:31.110498;14765717
24;50;PAGO;1610266368;12:59:16.344984;12:59:31.110599;14765615
24;50;PAGO;1601873664;12:59:16.344997;12:59:31.110732;14765735
24;50;PAGO;1593480960;12:59:16.345056;12:59:31.124519;14779463
24;50;PAGO;1585088256;12:59:16.345107;12:59:31.124680;14779573
24;50;PAGO;1576695552;12:59:16.345187;12:59:31.131872;14786685
24;50;PAGO;1568302848;12:59:16.345257;12:59:31.131970;14786713
24;50;PAGO;1559910144;12:59:16.345335;12:59:31.132372;14787037
24;50;PAGO;1551517440;12:59:16.345467;12:59:31.132622;14787155
24;50;PAGO;1543124736;12:59:16.345575;12:59:31.133148;14787573
24;50;PAGO;1534732032;12:59:16.345643;12:59:31.149260;14803617
24;50;PAGO;1526339328;12:59:16.345751;12:59:31.152251;14806500
24;50;PAGO;1517946624;12:59:16.345922;12:59:31.160611;14814689
24;50;PAGO;1509553920;12:59:16.345987;12:59:31.161009;14815022
24;50;PAGO;1501161216;12:59:16.346064;12:59:31.161434;14815370
24;50;PAGO;1492768512;12:59:16.346531;12:59:31.164356;14817825
24;50;PAGO;1484375808;12:59:16.346702;12:59:31.177638;14830936
24;50;PAGO;1475983104;12:59:16.346864;12:59:31.183358;14836494
24;50;PAGO;1467590400;12:59:16.346954;12:59:31.183743;14836789
24;50;PAGO;1459197696;12:59:16.347061;12:59:31.183804;14836743
24;50;PAGO;1450804992;12:59:16.347197;12:59:31.183886;14836689
24;50;PAGO;1442412288;12:59:16.347270;12:59:31.183972;14836702
24;50;PAGO;1434019584;12:59:16.347757;12:59:31.186333;14838576
24;50;PAGO;1425626880;12:59:16.347811;12:59:31.186678;14838867
24;50;PAGO;1417234176;12:59:16.348160;12:59:31.187242;14839082
24;50;PAGO;1408841472;12:59:16.348243;12:59:31.187512;14839269
24;50;PAGO;1400448768;12:59:16.353844;12:59:31.187820;14833976
24;50;PAGO;1392056064;12:59:16.356758;12:59:31.188460;14831702
24;50;PAGO;1383663360;12:59:16.356810;12:59:31.188596;14831786
24;50;PAGO;1375270656;12:59:16.357054;12:59:31.188771;14831717
24;50;PAGO;1366877952;12:59:16.357247;12:59:31.253506;14896259
24;50;PAGO;1358485248;12:59:16.357473;12:59:31.253707;14896234
24;50;PAGO;1350092544;12:59:16.358012;12:59:31.253850;14895838
24;50;PAGO;1341699840;12:59:16.365072;12:59:31.253936;14888864
24;50;PAGO;1333307136;12:59:16.365394;12:59:31.254629;14889235
24;50;PAGO;1324914432;12:59:16.365511;12:59:31.254759;14889248
24;50;PAGO;1316521728;12:59:16.365573;12:59:31.255105;14889532
24;50;PAGO;1308129024;12:59:16.365638;12:59:31.255278;14889640
24;50;PAGO;1299736320;12:59:16.365776;12:59:31.255604;14889828
24;50;PAGO;1291343616;12:59:16.365822;12:59:31.255854;14890032
24;50;PAGO;1282950912;12:59:16.365931;12:59:31.255968;14890037
24;50;PAGO;1274558208;12:59:16.366032;12:59:31.256316;14890284
24;50;PAGO;1266165504;12:59:16.366168;12:59:31.256509;14890341
24;50;PAGO;1257772800;12:59:16.366264;12:59:31.259482;14893218
24;50;PAGO;1249380096;12:59:16.366374;12:59:31.259837;14893463
24;50;PAGO;1240987392;12:59:16.366459;12:59:31.260069;14893610
24;50;PAGO;2029483776;12:59:16.319715;12:59:31.261350;14941635
24;50;PAGO;2021091072;12:59:16.321566;12:59:31.262034;14940468
24;50;PAGO;1903593216;12:59:16.335143;12:59:31.263205;14928062
24;50;PAGO;1895200512;12:59:16.335206;12:59:31.263338;14928132
24;50;PAGO;1886807808;12:59:16.335270;12:59:31.263458;14928188
24;50;PAGO;1878415104;12:59:16.335333;12:59:31.263627;14928294
24;50;PAGO;1870022400;12:59:16.336107;12:59:31.265517;14929410
24;50;PAGO;1995912960;12:59:16.321836;12:59:31.266033;14944197
24;50;PAGO;1987520256;12:59:16.322533;12:59:31.267572;14945039
24;50;PAGO;1979127552;12:59:16.334497;12:59:31.269211;14934714
24;50;PAGO;1970734848;12:59:16.334514;12:59:31.269734;14935220
24;50;PAGO;1962342144;12:59:16.334679;12:59:31.269810;14935131
24;50;PAGO;1953949440;12:59:16.334701;12:59:31.270639;14935938
24;50;PAGO;1945556736;12:59:16.334760;12:59:31.273924;14939164
24;50;PAGO;1937164032;12:59:16.334812;12:59:31.274086;14939274
24;50;PAGO;1928771328;12:59:16.334890;12:59:31.274189;14939299
24;50;PAGO;1920378624;12:59:16.334989;12:59:31.274380;14939391
24;50;PAGO;1911985920;12:59:16.335073;12:59:31.274485;14939412
24;50;PAGO;2012698368;12:59:16.321704;12:59:31.274721;14953017
24;50;PAGO;1861629696;12:59:16.336134;12:59:31.274818;14938684
24;50;PAGO;1853236992;12:59:16.336199;12:59:31.274978;14938779
24;50;PAGO;1844844288;12:59:16.336258;12:59:31.275290;14939032
24;50;PAGO;1828058880;12:59:16.336363;12:59:31.275457;14939094
24;50;PAGO;1836451584;12:59:16.336389;12:59:31.275596;14939207
24;50;PAGO;1819666176;12:59:16.336414;12:59:31.275738;14939324
24;50;PAGO;1811273472;12:59:16.336483;12:59:31.277653;14941170
24;50;PAGO;1802880768;12:59:16.336547;12:59:31.278292;14941745
24;50;PAGO;1794488064;12:59:16.336561;12:59:31.283017;14946456
24;50;PAGO;1786095360;12:59:16.336636;12:59:31.284036;14947400
24;50;PAGO;1777702656;12:59:16.336715;12:59:31.284170;14947455
24;50;PAGO;1769309952;12:59:16.336899;12:59:31.284276;14947377
24;50;PAGO;1760917248;12:59:16.337018;12:59:31.284376;14947358
24;50;PAGO;1752524544;12:59:16.338880;12:59:31.284461;14945581
24;50;PAGO;1744131840;12:59:16.338978;12:59:31.284539;14945561
24;50;PAGO;1735739136;12:59:16.339050;12:59:31.284613;14945563
24;50;PAGO;1727346432;12:59:16.339109;12:59:31.285048;14945939
24;50;PAGO;1718953728;12:59:16.339165;12:59:31.285135;14945970
24;50;PAGO;1710561024;12:59:16.339218;12:59:31.285492;14946274
24;50;PAGO;1702168320;12:59:16.339274;12:59:31.285722;14946448
24;50;PAGO;1693775616;12:59:16.339328;12:59:31.286051;14946723
24;50;PAGO;1685382912;12:59:16.339418;12:59:31.286226;14946808
24;50;PAGO;1676990208;12:59:16.341058;12:59:31.286287;14945229
24;50;PAGO;1668597504;12:59:16.347394;12:59:31.286510;14939116
24;50;PAGO;1660204800;12:59:16.351158;12:59:31.287060;14935902
24;50;PAGO;1651812096;12:59:16.351162;12:59:31.287508;14936346
24;50;PAGO;1643419392;12:59:16.353133;12:59:31.288008;14934875
24;50;PAGO;1635026688;12:59:16.353141;12:59:31.288143;14935002
24;50;PAGO;1626633984;12:59:16.356936;12:59:31.288278;14931342
24;50;PAGO;1618241280;12:59:16.358849;12:59:31.288672;14929823
24;50;PAGO;2004305664;12:59:16.321739;12:59:31.288744;14967005
24;50;PAGO;-2816256;12:59:31.038652;12:59:31.278350;239698
24;50;PAGO;-111921408;12:59:31.081727;12:59:31.280668;198941
24;50;PAGO;-11208960;12:59:31.041364;12:59:31.279690;238326
24;50;PAGO;-120314112;12:59:31.084798;12:59:31.280902;196104
24;50;PAGO;-254597376;12:59:31.149825;12:59:31.284071;134246
24;50;PAGO;-262990080;12:59:31.149936;12:59:31.284221;134285
24;50;PAGO;-279775488;12:59:31.150047;12:59:31.284386;134339
24;50;PAGO;-288168192;12:59:31.150164;12:59:31.286317;136153
24;50;PAGO;-296560896;12:59:31.151115;12:59:31.286565;135450
24;50;PAGO;-204241152;12:59:31.132701;12:59:31.287013;154312
24;50;PAGO;-313346304;12:59:31.161989;12:59:31.287565;125576
24;50;PAGO;-330131712;12:59:31.163137;12:59:31.287958;124821
24;50;PAGO;-338524416;12:59:31.163810;12:59:31.288214;124404
24;50;PAGO;-44779776;12:59:31.065943;12:59:31.288334;222391
24;50;PAGO;-271382784;12:59:31.149996;12:59:31.288536;138540
24;50;PAGO;-304953600;12:59:31.161906;12:59:31.288699;126793
24;50;PAGO;-321739008;12:59:31.163936;12:59:31.288956;125020
24;50;PAGO;-346917120;12:59:31.164552;12:59:31.291458;126906
24;50;PAGO;-61565184;12:59:31.066201;12:59:31.291531;225330
24;50;PAGO;-355309824;12:59:31.174075;12:59:31.291622;117547
24;50;PAGO;-363702528;12:59:31.174154;12:59:31.291755;117601
24;50;PAGO;-372095232;12:59:31.174241;12:59:31.291936;117695
24;50;PAGO;-380487936;12:59:31.174320;12:59:31.293691;119371
24;50;PAGO;-388880640;12:59:31.174371;12:59:31.297786;123415
24;50;PAGO;-397273344;12:59:31.174419;12:59:31.298149;123730
24;50;PAGO;-405666048;12:59:31.174467;12:59:31.298359;123892
24;50;PAGO;-19601664;12:59:31.066615;12:59:31.298805;232190
24;50;PAGO;-78350592;12:59:31.068144;12:59:31.298996;230852
24;50;PAGO;-86743296;12:59:31.071623;12:59:31.299098;227475
24;50;PAGO;-95136000;12:59:31.071672;12:59:31.299195;227523
24;50;PAGO;-103528704;12:59:31.071974;12:59:31.299300;227326
24;50;PAGO;-128706816;12:59:31.084871;12:59:31.299420;214549
24;50;PAGO;-137099520;12:59:31.084911;12:59:31.299535;214624
24;50;PAGO;-153884928;12:59:31.085129;12:59:31.299674;214545
24;50;PAGO;-162277632;12:59:31.085401;12:59:31.301902;216501
24;50;PAGO;-170670336;12:59:31.122594;12:59:31.302017;179423
24;50;PAGO;-179063040;12:59:31.123321;12:59:31.302128;178807
24;50;PAGO;-145492224;12:59:31.084999;12:59:31.302555;217556
24;50;PAGO;-187455744;12:59:31.123482;12:59:31.303647;180165
24;50;PAGO;-195848448;12:59:31.124930;12:59:31.303744;178814
24;50;PAGO;-414058752;12:59:31.174545;12:59:31.303809;129264
24;50;PAGO;-212633856;12:59:31.132340;12:59:31.303904;171564
24;50;PAGO;-221026560;12:59:31.132387;12:59:31.304010;171623
24;50;PAGO;-229419264;12:59:31.132471;12:59:31.304135;171664
24;50;PAGO;-237811968;12:59:31.132711;12:59:31.304353;171642
24;50;PAGO;-246204672;12:59:31.132786;12:59:31.304528;171742
24;50;PAGO;-36387072;12:59:31.065834;12:59:31.304728;238894
24;50;PAGO;-27994368;12:59:31.065752;12:59:31.304845;239093
24;50;PAGO;-53172480;12:59:31.066037;12:59:31.304956;238919
24;50;PAGO;-69957888;12:59:31.066292;12:59:31.305050;238758
24;50;PAGO;1110054656;12:59:16.322256;12:59:31.296216;14973960
24;50;PAGO;1101661952;12:59:16.344213;12:59:31.296541;14952328
24;50;PAGO;1051305728;12:59:16.355351;12:59:31.296732;14941381
24;50;PAGO;1093269248;12:59:16.352683;12:59:31.297375;14944692
24;50;PAGO;1084876544;12:59:16.353127;12:59:31.298081;14944954
24;50;PAGO;1076483840;12:59:16.353371;12:59:31.298638;14945267
24;50;PAGO;1068091136;12:59:16.353380;12:59:31.299227;14945847
24;50;PAGO;1034520320;12:59:16.355735;12:59:31.299335;14943600
24;50;PAGO;1026127616;12:59:16.356048;12:59:31.299452;14943404
24;50;PAGO;1017734912;12:59:16.356229;12:59:31.299553;14943324
24;50;PAGO;1009342208;12:59:16.368968;12:59:31.299704;14930736
24;50;PAGO;1000949504;12:59:16.369193;12:59:31.300312;14931119
24;50;PAGO;992556800;12:59:16.369240;12:59:31.300486;14931246
24;50;PAGO;984164096;12:59:16.369469;12:59:31.300702;14931233
24;50;PAGO;975771392;12:59:16.369558;12:59:31.301663;14932105
24;50;PAGO;967378688;12:59:16.369661;12:59:31.301850;14932189
24;50;PAGO;958985984;12:59:16.369712;12:59:31.302033;14932321
24;50;PAGO;950593280;12:59:16.370064;12:59:31.302085;14932021
24;50;PAGO;942200576;12:59:16.371650;12:59:31.302524;14930874
24;50;PAGO;933807872;12:59:16.372615;12:59:31.303626;14931011
24;50;PAGO;925415168;12:59:16.382546;12:59:31.303737;14921191
24;50;PAGO;917022464;12:59:16.383549;12:59:31.303829;14920280
24;50;PAGO;908629760;12:59:16.383659;12:59:31.303915;14920256
24;50;PAGO;900237056;12:59:16.383685;12:59:31.303975;14920290
24;50;PAGO;1042913024;12:59:16.355446;12:59:31.304145;14948699
24;50;PAGO;891844352;12:59:16.387105;12:59:31.304384;14917279
24;50;PAGO;1059698432;12:59:16.353692;12:59:31.304571;14950879
24;50;PAGO;883451648;12:59:16.387117;12:59:31.304710;14917593
24;50;PAGO;875058944;12:59:16.387179;12:59:31.304831;14917652
24;50;PAGO;866666240;12:59:16.388236;12:59:31.304950;14916714
24;50;PAGO;849880832;12:59:16.393370;12:59:31.305017;14911647
24;50;PAGO;858273536;12:59:16.388303;12:59:31.305115;14916812
24;50;PAGO;841488128;12:59:16.394068;12:59:31.305319;14911251
24;50;PAGO;833095424;12:59:16.394152;12:59:31.305431;14911279
24;50;PAGO;816310016;12:59:16.394315;12:59:31.305522;14911207
24;50;PAGO;824702720;12:59:16.394219;12:59:31.307206;14912987
24;50;PAGO;807917312;12:59:16.394409;12:59:31.307317;14912908
24;50;PAGO;799524608;12:59:16.394517;12:59:31.307522;14913005
24;50;PAGO;791131904;12:59:16.394594;12:59:31.307686;14913092
24;50;PAGO;774346496;12:59:16.394683;12:59:31.307823;14913140
24;50;PAGO;765953792;12:59:16.394735;12:59:31.307933;14913198
24;50;PAGO;757561088;12:59:16.528210;12:59:31.308017;14779807
24;50;PAGO;749168384;12:59:16.528344;12:59:31.309847;14781503
24;50;PAGO;740775680;12:59:16.528427;12:59:31.309930;14781503
24;50;PAGO;732382976;12:59:16.528898;12:59:31.310459;14781561
24;50;PAGO;782739200;12:59:16.394630;12:59:31.310540;14915910
24;50;PAGO;715597568;12:59:16.529421;12:59:31.310668;14781247
24;50;PAGO;707204864;12:59:16.529509;12:59:31.310744;14781235
24;50;PAGO;698812160;12:59:16.529594;12:59:31.310841;14781247
24;50;PAGO;723990272;12:59:16.529333;12:59:31.310902;14781569
24;50;PAGO;-1017153792;12:59:16.342674;12:59:31.311568;14968894
24;50;PAGO;-1025546496;12:59:16.347579;12:59:31.311906;14964327
24;50;PAGO;-1033939200;12:59:16.350401;12:59:31.312087;14961686
24;50;PAGO;-1143044352;12:59:16.375281;12:59:31.312382;14937101
24;50;PAGO;-1285720320;12:59:16.392730;12:59:31.312639;14919909
24;50;PAGO;-1252149504;12:59:16.391709;12:59:31.313082;14921373
24;50;PAGO;-1042331904;12:59:16.352144;12:59:31.313128;14960984
24;50;PAGO;-1050724608;12:59:16.353561;12:59:31.313236;14959675
24;50;PAGO;-1067510016;12:59:16.370504;12:59:31.313354;14942850
24;50;PAGO;-1126258944;12:59:16.375125;12:59:31.313461;14938336
24;50;PAGO;-1117866240;12:59:16.375161;12:59:31.313577;14938416
24;50;PAGO;-1134651648;12:59:16.375210;12:59:31.313689;14938479
24;50;PAGO;-1101080832;12:59:16.371856;12:59:31.313851;14941995
24;50;PAGO;-1075902720;12:59:16.370586;12:59:31.313907;14943321
24;50;PAGO;-1059117312;12:59:16.364917;12:59:31.314004;14949087
24;50;PAGO;-1084295424;12:59:16.371529;12:59:31.314288;14942759
24;50;PAGO;-1159829760;12:59:16.375492;12:59:31.314498;14939006
24;50;PAGO;-1201793280;12:59:16.387809;12:59:31.314618;14926809
24;50;PAGO;-1210185984;12:59:16.388578;12:59:31.314730;14926152
24;50;PAGO;-1168222464;12:59:16.375555;12:59:31.314856;14939301
24;50;PAGO;-1226971392;12:59:16.390720;12:59:31.315172;14924452
24;50;PAGO;-1235364096;12:59:16.390849;12:59:31.315313;14924464
24;50;PAGO;-1218578688;12:59:16.388719;12:59:31.315386;14926667
24;50;PAGO;-1151437056;12:59:16.375412;12:59:31.315504;14940092
24;50;PAGO;-1243756800;12:59:16.390997;12:59:31.315760;14924763
24;50;PAGO;-1092688128;12:59:16.371608;12:59:31.315886;14944278
24;50;PAGO;-1260542208;12:59:16.392290;12:59:31.315947;14923657
24;50;PAGO;-1302505728;12:59:16.392900;12:59:31.316000;14923100
24;50;PAGO;-1185007872;12:59:16.387692;12:59:31.316092;14928400
24;50;PAGO;-1319291136;12:59:16.393074;12:59:31.316171;14923097
24;50;PAGO;-1411610880;12:59:16.528381;12:59:31.316296;14787915
24;50;PAGO;-1403218176;12:59:16.529217;12:59:31.316359;14787142
24;50;PAGO;-1428396288;12:59:16.528758;12:59:31.316438;14787680
24;50;PAGO;-1361254656;12:59:16.398648;12:59:31.316496;14917848
24;50;PAGO;-1193400576;12:59:16.387720;12:59:31.316554;14928834
24;50;PAGO;-1327683840;12:59:16.393703;12:59:31.317312;14923609
24;50;PAGO;-1310898432;12:59:16.393000;12:59:31.318500;14925500
24;50;PAGO;-1336076544;12:59:16.398392;12:59:31.318597;14920205
24;50;PAGO;-1352861952;12:59:16.398566;12:59:31.319082;14920516
24;50;PAGO;-1369647360;12:59:16.398773;12:59:31.319160;14920387
24;50;PAGO;-1344469248;12:59:16.398515;12:59:31.319303;14920788
24;50;PAGO;-1386432768;12:59:16.398934;12:59:31.319385;14920451
24;50;PAGO;-1268934912;12:59:16.392423;12:59:31.319516;14927093
24;50;PAGO;-1378040064;12:59:16.398864;12:59:31.319614;14920750
24;50;PAGO;-1394825472;12:59:16.528110;12:59:31.319681;14791571
24;50;PAGO;-1420003584;12:59:16.528504;12:59:31.319889;14791385
24;50;PAGO;-1176615168;12:59:16.386016;12:59:31.319971;14933955
24;50;PAGO;-1294113024;12:59:16.392838;12:59:31.320039;14927201
24;50;PAGO;-1109473536;12:59:16.371943;12:59:31.320149;14948206
24;50;PAGO;-1277327616;12:59:16.392569;12:59:31.320242;14927673
24;50;PAGO;-1800890624;12:59:31.038534;12:59:31.311571;273037
24;50;PAGO;-1809283328;12:59:31.064794;12:59:31.311663;246869
24;50;PAGO;-1851246848;12:59:31.068540;12:59:31.312030;243490
24;50;PAGO;-1951959296;12:59:31.070905;12:59:31.312380;241475
24;50;PAGO;-2069457152;12:59:31.105361;12:59:31.312617;207256
24;50;PAGO;2099619584;12:59:31.128846;12:59:31.312945;184099
24;50;PAGO;-2027493632;12:59:31.104507;12:59:31.313036;208529
24;50;PAGO;-2019100928;12:59:31.103622;12:59:31.313456;209834
24;50;PAGO;-1993922816;12:59:31.102609;12:59:31.318522;215913
24;50;PAGO;-1817676032;12:59:31.068203;12:59:31.318628;250425
24;50;PAGO;-1834461440;12:59:31.068327;12:59:31.318721;250394
24;50;PAGO;-1826068736;12:59:31.068236;12:59:31.319125;250889
24;50;PAGO;-1859639552;12:59:31.069860;12:59:31.319267;249407
24;50;PAGO;-1868032256;12:59:31.069873;12:59:31.319461;249588
24;50;PAGO;-1901603072;12:59:31.070371;12:59:31.319604;249233
24;50;PAGO;-1909995776;12:59:31.070481;12:59:31.319677;249196
24;50;PAGO;-1884817664;12:59:31.070184;12:59:31.319762;249578
24;50;PAGO;-1893210368;12:59:31.070279;12:59:31.319827;249548
24;50;PAGO;-1918388480;12:59:31.070565;12:59:31.319943;249378
24;50;PAGO;-1935173888;12:59:31.070748;12:59:31.320047;249299
24;50;PAGO;-1876424960;12:59:31.070093;12:59:31.320126;250033
24;50;PAGO;-1926781184;12:59:31.070671;12:59:31.320257;249586
24;50;PAGO;-1960352000;12:59:31.071015;12:59:31.321210;250195
24;50;PAGO;-1977137408;12:59:31.073221;12:59:31.321365;248144
24;50;PAGO;-2002315520;12:59:31.102689;12:59:31.321487;218798
24;50;PAGO;-1943566592;12:59:31.070819;12:59:31.321655;250836
24;50;PAGO;-2010708224;12:59:31.103455;12:59:31.321768;218313
24;50;PAGO;-1985530112;12:59:31.073336;12:59:31.321902;248566
24;50;PAGO;-1842854144;12:59:31.068423;12:59:31.321979;253556
24;50;PAGO;-2035886336;12:59:31.104732;12:59:31.322056;217324
24;50;PAGO;-1968744704;12:59:31.071202;12:59:31.322106;250904
24;50;PAGO;-2044279040;12:59:31.104829;12:59:31.322156;217327
24;50;PAGO;-2052671744;12:59:31.105049;12:59:31.322279;217230
24;50;PAGO;-2061064448;12:59:31.105235;12:59:31.322416;217181
24;50;PAGO;-2086242560;12:59:31.105889;12:59:31.322566;216677
24;50;PAGO;-2094635264;12:59:31.106087;12:59:31.323176;217089
24;50;PAGO;-2111420672;12:59:31.122500;12:59:31.324208;201708
24;50;PAGO;-2077849856;12:59:31.105774;12:59:31.324386;218612
24;50;PAGO;-2119813376;12:59:31.122670;12:59:31.324777;202107
24;50;PAGO;-2128206080;12:59:31.125445;12:59:31.324885;199440
24;50;PAGO;-2136598784;12:59:31.127261;12:59:31.324963;197702
24;50;PAGO;-2144991488;12:59:31.127484;12:59:31.325110;197626
24;50;PAGO;2133190400;12:59:31.128055;12:59:31.325233;197178
24;50;PAGO;2124797696;12:59:31.128300;12:59:31.325341;197041
24;50;PAGO;2116404992;12:59:31.128469;12:59:31.325424;196955
24;50;PAGO;2108012288;12:59:31.128690;12:59:31.325489;196799
24;50;PAGO;2082834176;12:59:31.129276;12:59:31.325674;196398
24;50;PAGO;2141583104;12:59:31.127931;12:59:31.325756;197825
24;50;PAGO;2091226880;12:59:31.129043;12:59:31.325930;196887
24;50;PAGO;-2103027968;12:59:31.122598;12:59:31.326139;203541
