4;5;PAGO;1537205824;13:03:58.538520;13:03:58.544836;6316
4;5;PAGO;1528813120;13:03:58.543041;13:03:58.546029;2988
4;5;PAGO;1520420416;13:03:58.543595;13:03:58.546838;3243
4;5;PAGO;1512027712;13:03:58.543912;13:03:58.547047;3135
4;5;PAGO;1503635008;13:03:58.544124;13:03:58.547116;2992
4;5;PAGO;-887101888;13:03:58.538566;13:03:58.548858;10292
4;5;PAGO;-895494592;13:03:58.543067;13:03:58.549914;6847
4;5;PAGO;-903887296;13:03:58.543616;13:03:58.550002;6386
4;5;PAGO;-912280000;13:03:58.543963;13:03:58.550069;6106
4;5;PAGO;-920672704;13:03:58.544139;13:03:58.550148;6009
4;5;PAGO;-1920997824;13:03:58.543448;13:03:58.550226;6778
4;5;PAGO;-1937783232;13:03:58.544037;13:03:58.550932;6895
4;5;PAGO;-1946175936;13:03:58.544206;13:03:58.551373;7167
4;5;PAGO;-1954568640;13:03:58.544277;13:03:58.551668;7391
4;5;PAGO;-1929390528;13:03:58.543693;13:03:58.556706;13013
4;5;PAGO;299886144;13:03:58.543487;13:03:58.553615;10128
4;5;PAGO;283100736;13:03:58.544072;13:03:58.554839;10767
4;5;PAGO;291493440;13:03:58.543719;13:03:58.555604;11885
4;5;PAGO;274708032;13:03:58.544235;13:03:58.556561;12326
4;5;PAGO;266315328;13:03:58.544295;13:03:58.556632;12337


10;20;PAGO;1816127040;13:04:41.580435;13:04:41.601455;21020
10;20;PAGO;1807734336;13:04:41.582321;13:04:41.602637;20316
10;20;PAGO;1799341632;13:04:41.582735;13:04:41.603433;20698
10;20;PAGO;1790948928;13:04:41.584422;13:04:41.604401;19979
10;20;PAGO;1782556224;13:04:41.586581;13:04:41.604453;17872
10;20;PAGO;1774163520;13:04:41.587317;13:04:41.604503;17186
10;20;PAGO;1765770816;13:04:41.593065;13:04:41.604558;11493
10;20;PAGO;1757378112;13:04:41.593460;13:04:41.604607;11147
10;20;PAGO;1748985408;13:04:41.594067;13:04:41.604674;10607
10;20;PAGO;1740592704;13:04:41.594449;13:04:41.604724;10275
10;20;PAGO;1732200000;13:04:41.595000;13:04:41.604778;9778
10;20;PAGO;1723807296;13:04:41.595362;13:04:41.605380;10018
10;20;PAGO;1715414592;13:04:41.595829;13:04:41.606358;10529
10;20;PAGO;1707021888;13:04:41.596206;13:04:41.606409;10203
10;20;PAGO;1698629184;13:04:41.596719;13:04:41.606465;9746
10;20;PAGO;1690236480;13:04:41.597211;13:04:41.606524;9313
10;20;PAGO;1681843776;13:04:41.597607;13:04:41.607344;9737
10;20;PAGO;1673451072;13:04:41.598011;13:04:41.608307;10296
10;20;PAGO;1665058368;13:04:41.598987;13:04:41.608573;9586
10;20;PAGO;1656665664;13:04:41.599188;13:04:41.609283;10095
10;20;PAGO;-1933580736;13:04:41.580490;13:04:41.619069;38579
10;20;PAGO;-1941973440;13:04:41.582265;13:04:41.620192;37927
10;20;PAGO;-1950366144;13:04:41.582673;13:04:41.621028;38355
10;20;PAGO;-1958758848;13:04:41.584303;13:04:41.621131;36828
10;20;PAGO;-1967151552;13:04:41.584727;13:04:41.621320;36593
10;20;PAGO;-1975544256;13:04:41.587242;13:04:41.621995;34753
10;20;PAGO;-1983936960;13:04:41.592939;13:04:41.622053;29114
10;20;PAGO;-1992329664;13:04:41.593374;13:04:41.622733;29359
10;20;PAGO;-2000722368;13:04:41.593980;13:04:41.622952;28972
10;20;PAGO;-2009115072;13:04:41.594357;13:04:41.623352;28995
10;20;PAGO;-2017507776;13:04:41.594896;13:04:41.623931;29035
10;20;PAGO;-2025900480;13:04:41.595268;13:04:41.624036;28768
10;20;PAGO;-2034293184;13:04:41.595723;13:04:41.624759;29036
10;20;PAGO;-2042685888;13:04:41.596103;13:04:41.624901;28798
10;20;PAGO;-2051078592;13:04:41.596478;13:04:41.625702;29224
10;20;PAGO;-2059471296;13:04:41.596994;13:04:41.625887;28893
10;20;PAGO;-2067864000;13:04:41.597377;13:04:41.626693;29316
10;20;PAGO;-2076256704;13:04:41.597863;13:04:41.626862;28999
10;20;PAGO;-2084649408;13:04:41.598564;13:04:41.627604;29040
10;20;PAGO;-2093042112;13:04:41.599135;13:04:41.627832;28697
10;20;PAGO;-847256000;13:04:41.580535;13:04:41.637618;57083
10;20;PAGO;-855648704;13:04:41.582474;13:04:41.638854;56380
10;20;PAGO;-864041408;13:04:41.584140;13:04:41.639479;55339
10;20;PAGO;-872434112;13:04:41.584572;13:04:41.639534;54962
10;20;PAGO;-880826816;13:04:41.586749;13:04:41.639582;52833
10;20;PAGO;-889219520;13:04:41.588103;13:04:41.639632;51529
10;20;PAGO;-897612224;13:04:41.593237;13:04:41.640575;47338
10;20;PAGO;-906004928;13:04:41.593853;13:04:41.640653;46800
10;20;PAGO;-914397632;13:04:41.594240;13:04:41.640708;46468
10;20;PAGO;-922790336;13:04:41.594781;13:04:41.640758;45977
10;20;PAGO;-931183040;13:04:41.595162;13:04:41.640818;45656
10;20;PAGO;-939575744;13:04:41.595537;13:04:41.641516;45979
10;20;PAGO;-947968448;13:04:41.595995;13:04:41.642557;46562
10;20;PAGO;-956361152;13:04:41.596371;13:04:41.643473;47102
10;20;PAGO;-964753856;13:04:41.596888;13:04:41.644498;47610
10;20;PAGO;-973146560;13:04:41.597270;13:04:41.644553;47283
10;20;PAGO;-981539264;13:04:41.597754;13:04:41.644614;46860
10;20;PAGO;-989931968;13:04:41.598406;13:04:41.645422;47016
10;20;PAGO;-998324672;13:04:41.599091;13:04:41.646479;47388
10;20;PAGO;-1006717376;13:04:41.600684;13:04:41.647399;46715
10;20;PAGO;-73406912;13:04:41.580462;13:04:41.649363;68901
10;20;PAGO;-81799616;13:04:41.582267;13:04:41.649577;67310
10;20;PAGO;-90192320;13:04:41.582685;13:04:41.649821;67136
10;20;PAGO;-98585024;13:04:41.584347;13:04:41.650346;65999
10;20;PAGO;-106977728;13:04:41.584759;13:04:41.651280;66521
10;20;PAGO;-115370432;13:04:41.587269;13:04:41.651333;64064
10;20;PAGO;-123763136;13:04:41.592971;13:04:41.651383;58412
10;20;PAGO;-132155840;13:04:41.593400;13:04:41.651431;58031
10;20;PAGO;-140548544;13:04:41.594016;13:04:41.651486;57470
10;20;PAGO;-148941248;13:04:41.594395;13:04:41.652253;57858
10;20;PAGO;-157333952;13:04:41.594939;13:04:41.653226;58287
10;20;PAGO;-165726656;13:04:41.595310;13:04:41.654200;58890
10;20;PAGO;-174119360;13:04:41.595758;13:04:41.655215;59457
10;20;PAGO;-182512064;13:04:41.596137;13:04:41.655269;59132
10;20;PAGO;-190904768;13:04:41.596514;13:04:41.655328;58814
10;20;PAGO;-199297472;13:04:41.597029;13:04:41.656153;59124
10;20;PAGO;-207690176;13:04:41.597412;13:04:41.656495;59083
10;20;PAGO;-216082880;13:04:41.597898;13:04:41.656550;58652
10;20;PAGO;-224475584;13:04:41.598604;13:04:41.657141;58537
10;20;PAGO;-232868288;13:04:41.599157;13:04:41.658107;58950
10;20;PAGO;-1272977856;13:04:41.580564;13:04:41.659092;78528
10;20;PAGO;-1281370560;13:04:41.582456;13:04:41.659549;77093
10;20;PAGO;-1289763264;13:04:41.584099;13:04:41.659616;75517
10;20;PAGO;-1298155968;13:04:41.584551;13:04:41.659669;75118
10;20;PAGO;-1306548672;13:04:41.587081;13:04:41.659720;72639
10;20;PAGO;-1314941376;13:04:41.587940;13:04:41.659879;71939
10;20;PAGO;-1323334080;13:04:41.593196;13:04:41.660109;66913
10;20;PAGO;-1331726784;13:04:41.593594;13:04:41.661072;67478
10;20;PAGO;-1340119488;13:04:41.594205;13:04:41.661337;67132
10;20;PAGO;-1348512192;13:04:41.594744;13:04:41.662040;67296
10;20;PAGO;-1356904896;13:04:41.595128;13:04:41.663095;67967
10;20;PAGO;-1365297600;13:04:41.595503;13:04:41.663974;68471
10;20;PAGO;-1373690304;13:04:41.595959;13:04:41.664950;68991
10;20;PAGO;-1382083008;13:04:41.596336;13:04:41.665930;69594
10;20;PAGO;-1390475712;13:04:41.596820;13:04:41.665991;69171
10;20;PAGO;-1398868416;13:04:41.597161;13:04:41.666043;68882
10;20;PAGO;-1407261120;13:04:41.597650;13:04:41.666643;68993
10;20;PAGO;-1415653824;13:04:41.598088;13:04:41.666918;68830
10;20;PAGO;-1424046528;13:04:41.599045;13:04:41.667959;68914
10;20;PAGO;-1432439232;13:04:41.599211;13:04:41.668014;68803
10;20;PAGO;184542784;13:04:41.580160;13:04:41.628810;48650
10;20;PAGO;167757376;13:04:41.582511;13:04:41.629547;47036
10;20;PAGO;41866816;13:04:41.597791;13:04:41.629676;31885
10;20;PAGO;159364672;13:04:41.584179;13:04:41.629786;45607
10;20;PAGO;150971968;13:04:41.584607;13:04:41.630843;46236
10;20;PAGO;142579264;13:04:41.587124;13:04:41.631764;44640
10;20;PAGO;134186560;13:04:41.588143;13:04:41.631942;43799
10;20;PAGO;125793856;13:04:41.593274;13:04:41.632739;39465
10;20;PAGO;117401152;13:04:41.593890;13:04:41.633698;39808
10;20;PAGO;109008448;13:04:41.594274;13:04:41.633757;39483
10;20;PAGO;100615744;13:04:41.594816;13:04:41.633805;38989
10;20;PAGO;92223040;13:04:41.595197;13:04:41.633853;38656
10;20;PAGO;83830336;13:04:41.595651;13:04:41.633910;38259
10;20;PAGO;75437632;13:04:41.596030;13:04:41.634753;38723
10;20;PAGO;67044928;13:04:41.596407;13:04:41.635677;39270
10;20;PAGO;58652224;13:04:41.596923;13:04:41.635747;38824
10;20;PAGO;50259520;13:04:41.597305;13:04:41.635797;38492
10;20;PAGO;33474112;13:04:41.598442;13:04:41.635851;37409
10;20;PAGO;25081408;13:04:41.599114;13:04:41.635908;36794
10;20;PAGO;176150080;13:04:41.580721;13:04:41.707954;127233
10;20;PAGO;-1767905728;13:04:41.580070;13:04:41.668636;88566
10;20;PAGO;-1784691136;13:04:41.582434;13:04:41.669000;86566
10;20;PAGO;-1793083840;13:04:41.582807;13:04:41.669398;86591
10;20;PAGO;-1801476544;13:04:41.584520;13:04:41.669450;84930
10;20;PAGO;-1809869248;13:04:41.586645;13:04:41.669498;82853
10;20;PAGO;-1818261952;13:04:41.587705;13:04:41.669882;82177
10;20;PAGO;-1826654656;13:04:41.593096;13:04:41.670169;77073
10;20;PAGO;-1835047360;13:04:41.593505;13:04:41.670221;76716
10;20;PAGO;-1843440064;13:04:41.594149;13:04:41.670849;76700
10;20;PAGO;-1851832768;13:04:41.594507;13:04:41.671790;77283
10;20;PAGO;-1860225472;13:04:41.595082;13:04:41.672768;77686
10;20;PAGO;-1868618176;13:04:41.595456;13:04:41.672823;77367
10;20;PAGO;-1877010880;13:04:41.595932;13:04:41.672873;76941
10;20;PAGO;-1885403584;13:04:41.596261;13:04:41.672921;76660
10;20;PAGO;-1893796288;13:04:41.596859;13:04:41.673736;76877
10;20;PAGO;-1902188992;13:04:41.597245;13:04:41.674851;77606
10;20;PAGO;-1910581696;13:04:41.597727;13:04:41.675721;77994
10;20;PAGO;-1918974400;13:04:41.598378;13:04:41.676523;78145
10;20;PAGO;-1927367104;13:04:41.599068;13:04:41.676685;77617
10;20;PAGO;-1776298432;13:04:41.580610;13:04:41.709850;129240
10;20;PAGO;2019550784;13:04:41.580081;13:04:41.677698;97617
10;20;PAGO;2002765376;13:04:41.582397;13:04:41.678830;96433
10;20;PAGO;1994372672;13:04:41.582825;13:04:41.678892;96067
10;20;PAGO;1985979968;13:04:41.584468;13:04:41.679403;94935
10;20;PAGO;1977587264;13:04:41.586686;13:04:41.679589;92903
10;20;PAGO;1969194560;13:04:41.587727;13:04:41.680641;92914
10;20;PAGO;1960801856;13:04:41.593139;13:04:41.680718;87579
10;20;PAGO;1952409152;13:04:41.593551;13:04:41.680874;87323
10;20;PAGO;1944016448;13:04:41.594122;13:04:41.681573;87451
10;20;PAGO;1935623744;13:04:41.594539;13:04:41.682589;88050
10;20;PAGO;1927231040;13:04:41.595100;13:04:41.683525;88425
10;20;PAGO;1918838336;13:04:41.595421;13:04:41.684508;89087
10;20;PAGO;1910445632;13:04:41.595872;13:04:41.685484;89612
10;20;PAGO;1902052928;13:04:41.596308;13:04:41.686505;90197
10;20;PAGO;1893660224;13:04:41.596759;13:04:41.686559;89800
10;20;PAGO;1885267520;13:04:41.597134;13:04:41.686614;89480
10;20;PAGO;1876874816;13:04:41.597667;13:04:41.687437;89770
10;20;PAGO;1868482112;13:04:41.598042;13:04:41.690458;92416
10;20;PAGO;1860089408;13:04:41.599016;13:04:41.691354;92338
10;20;PAGO;2011158080;13:04:41.580682;13:04:41.710999;130317
10;20;PAGO;-287316416;13:04:41.580052;13:04:41.693338;113286
10;20;PAGO;-304101824;13:04:41.582416;13:04:41.694461;112045
10;20;PAGO;-312494528;13:04:41.582848;13:04:41.695313;112465
10;20;PAGO;-320887232;13:04:41.584494;13:04:41.696202;111708
10;20;PAGO;-329279936;13:04:41.586668;13:04:41.697180;110512
10;20;PAGO;-337672640;13:04:41.588059;13:04:41.698184;110125
10;20;PAGO;-346065344;13:04:41.593168;13:04:41.698243;105075
10;20;PAGO;-354458048;13:04:41.593569;13:04:41.698636;105067
10;20;PAGO;-362850752;13:04:41.594178;13:04:41.699114;104936
10;20;PAGO;-371243456;13:04:41.594559;13:04:41.699401;104842
10;20;PAGO;-379636160;13:04:41.595053;13:04:41.700102;105049
10;20;PAGO;-388028864;13:04:41.595476;13:04:41.701090;105614
10;20;PAGO;-396421568;13:04:41.595912;13:04:41.702067;106155
10;20;PAGO;-404814272;13:04:41.596290;13:04:41.702122;105832
10;20;PAGO;-413206976;13:04:41.596789;13:04:41.702177;105388
10;20;PAGO;-421599680;13:04:41.597193;13:04:41.702230;105037
10;20;PAGO;-429992384;13:04:41.597689;13:04:41.703076;105387
10;20;PAGO;-438385088;13:04:41.598068;13:04:41.704013;105945
10;20;PAGO;-446777792;13:04:41.599012;13:04:41.704977;105965
10;20;PAGO;-295709120;13:04:41.580643;13:04:41.715746;135103
10;20;PAGO;828368448;13:04:41.578780;13:04:41.610313;31533
10;20;PAGO;794797632;13:04:41.584221;13:04:41.611421;27200
10;20;PAGO;786404928;13:04:41.584644;13:04:41.612286;27642
10;20;PAGO;778012224;13:04:41.587166;13:04:41.613217;26051
10;20;PAGO;769619520;13:04:41.588181;13:04:41.614191;26010
10;20;PAGO;761226816;13:04:41.593312;13:04:41.615260;21948
10;20;PAGO;752834112;13:04:41.593926;13:04:41.616166;22240
10;20;PAGO;744441408;13:04:41.594309;13:04:41.616221;21912
10;20;PAGO;736048704;13:04:41.594850;13:04:41.616270;21420
10;20;PAGO;727656000;13:04:41.595231;13:04:41.616319;21088
10;20;PAGO;719263296;13:04:41.595686;13:04:41.616372;20686
10;20;PAGO;710870592;13:04:41.596065;13:04:41.617091;21026
10;20;PAGO;702477888;13:04:41.596442;13:04:41.618076;21634
10;20;PAGO;694085184;13:04:41.596957;13:04:41.618129;21172
10;20;PAGO;685692480;13:04:41.597340;13:04:41.618186;20846
10;20;PAGO;677299776;13:04:41.597826;13:04:41.618237;20411
10;20;PAGO;668907072;13:04:41.598465;13:04:41.618643;20178
10;20;PAGO;819975744;13:04:41.580277;13:04:41.705965;125688
10;20;PAGO;811583040;13:04:41.582126;13:04:41.713751;131625
10;20;PAGO;803190336;13:04:41.582549;13:04:41.719619;137070


25;50;PAGO;-186665408;13:05:13.103982;13:05:13.404365;300383
25;50;PAGO;-195058112;13:05:13.123778;13:05:13.405632;281854
25;50;PAGO;-203450816;13:05:13.132410;13:05:13.406261;273851
25;50;PAGO;-211843520;13:05:13.139473;13:05:13.407262;267789
25;50;PAGO;-220236224;13:05:13.146011;13:05:13.408200;262189
25;50;PAGO;-228628928;13:05:13.150944;13:05:13.408250;257306
25;50;PAGO;-237021632;13:05:13.154703;13:05:13.408303;253600
25;50;PAGO;-245414336;13:05:13.159106;13:05:13.408456;249350
25;50;PAGO;-253807040;13:05:13.161697;13:05:13.409185;247488
25;50;PAGO;-262199744;13:05:13.167290;13:05:13.410150;242860
25;50;PAGO;-270592448;13:05:13.169767;13:05:13.410206;240439
25;50;PAGO;-278985152;13:05:13.172596;13:05:13.411174;238578
25;50;PAGO;-287377856;13:05:13.177263;13:05:13.412127;234864
25;50;PAGO;-295770560;13:05:13.179760;13:05:13.413066;233306
25;50;PAGO;-304163264;13:05:13.182048;13:05:13.414029;231981
25;50;PAGO;-312555968;13:05:13.184945;13:05:13.414080;229135
25;50;PAGO;-320948672;13:05:13.187035;13:05:13.414136;227101
25;50;PAGO;-329341376;13:05:13.192125;13:05:13.414185;222060
25;50;PAGO;-337734080;13:05:13.194663;13:05:13.414233;219570
25;50;PAGO;-346126784;13:05:13.197606;13:05:13.414538;216932
25;50;PAGO;-354519488;13:05:13.199936;13:05:13.414593;214657
25;50;PAGO;-362912192;13:05:13.203038;13:05:13.414642;211604
25;50;PAGO;-371304896;13:05:13.207855;13:05:13.414704;206849
25;50;PAGO;-379697600;13:05:13.211257;13:05:13.415014;203757
25;50;PAGO;-388090304;13:05:13.213585;13:05:13.415292;201707
25;50;PAGO;-396483008;13:05:13.216226;13:05:13.416000;199774
25;50;PAGO;-404875712;13:05:13.218856;13:05:13.417021;198165
25;50;PAGO;-413268416;13:05:13.221506;13:05:13.417283;195777
25;50;PAGO;-421661120;13:05:13.225614;13:05:13.418010;192396
25;50;PAGO;-430053824;13:05:13.227046;13:05:13.419083;192037
25;50;PAGO;-438446528;13:05:13.233037;13:05:13.420000;186963
25;50;PAGO;-446839232;13:05:13.237942;13:05:13.420901;182959
25;50;PAGO;-455231936;13:05:13.340537;13:05:13.421917;81380
25;50;PAGO;-463624640;13:05:13.341869;13:05:13.422905;81036
25;50;PAGO;-472017344;13:05:13.343511;13:05:13.423857;80346
25;50;PAGO;-480410048;13:05:13.346558;13:05:13.424785;78227
25;50;PAGO;-488802752;13:05:13.350315;13:05:13.425801;75486
25;50;PAGO;-497195456;13:05:13.352738;13:05:13.426800;74062
25;50;PAGO;-505588160;13:05:13.354976;13:05:13.427747;72771
25;50;PAGO;-513980864;13:05:13.357531;13:05:13.428720;71189
25;50;PAGO;-522373568;13:05:13.360508;13:05:13.429714;69206
25;50;PAGO;-530766272;13:05:13.364396;13:05:13.430268;65872
25;50;PAGO;-539158976;13:05:13.365985;13:05:13.430693;64708
25;50;PAGO;-547551680;13:05:13.370138;13:05:13.431664;61526
25;50;PAGO;-555944384;13:05:13.374982;13:05:13.431763;56781
25;50;PAGO;-564337088;13:05:13.376538;13:05:13.431816;55278
25;50;PAGO;-572729792;13:05:13.377740;13:05:13.431864;54124
25;50;PAGO;-581122496;13:05:13.380420;13:05:13.431913;51493
25;50;PAGO;-589515200;13:05:13.382608;13:05:13.432709;50101
25;50;PAGO;-597907904;13:05:13.386453;13:05:13.433579;47126
25;50;PAGO;1231021632;13:05:13.105037;13:05:13.434551;329514
25;50;PAGO;1222628928;13:05:13.127490;13:05:13.434766;307276
25;50;PAGO;1214236224;13:05:13.133340;13:05:13.435263;301923
25;50;PAGO;1205843520;13:05:13.143822;13:05:13.435516;291694
25;50;PAGO;1197450816;13:05:13.149364;13:05:13.436531;287167
25;50;PAGO;1189058112;13:05:13.153117;13:05:13.437476;284359
25;50;PAGO;1180665408;13:05:13.155438;13:05:13.438555;283117
25;50;PAGO;1172272704;13:05:13.159699;13:05:13.439495;279796
25;50;PAGO;1163880000;13:05:13.162217;13:05:13.439552;277335
25;50;PAGO;1155487296;13:05:13.167699;13:05:13.439602;271903
25;50;PAGO;1147094592;13:05:13.170268;13:05:13.439651;269383
25;50;PAGO;1138701888;13:05:13.173359;13:05:13.439706;266347
25;50;PAGO;1130309184;13:05:13.179329;13:05:13.440480;261151
25;50;PAGO;1121916480;13:05:13.181710;13:05:13.441442;259732
25;50;PAGO;1113523776;13:05:13.184348;13:05:13.441493;257145
25;50;PAGO;1105131072;13:05:13.186641;13:05:13.441552;254911
25;50;PAGO;1096738368;13:05:13.189349;13:05:13.441602;252253
25;50;PAGO;1088345664;13:05:13.193717;13:05:13.442459;248742
25;50;PAGO;1079952960;13:05:13.196813;13:05:13.443422;246609
25;50;PAGO;1071560256;13:05:13.199559;13:05:13.444379;244820
25;50;PAGO;1063167552;13:05:13.201815;13:05:13.444521;242706
25;50;PAGO;1054774848;13:05:13.207440;13:05:13.445324;237884
25;50;PAGO;1046382144;13:05:13.209790;13:05:13.445379;235589
25;50;PAGO;1037989440;13:05:13.213202;13:05:13.446106;232904
25;50;PAGO;1029596736;13:05:13.215611;13:05:13.446225;230614
25;50;PAGO;1021204032;13:05:13.218289;13:05:13.446339;228050
25;50;PAGO;1012811328;13:05:13.221017;13:05:13.447316;226299
25;50;PAGO;1004418624;13:05:13.223134;13:05:13.448279;225145
25;50;PAGO;996025920;13:05:13.226455;13:05:13.449250;222795
25;50;PAGO;987633216;13:05:13.231116;13:05:13.450247;219131
25;50;PAGO;979240512;13:05:13.233857;13:05:13.451284;217427
25;50;PAGO;970847808;13:05:13.340095;13:05:13.451338;111243
25;50;PAGO;962455104;13:05:13.341324;13:05:13.451396;110072
25;50;PAGO;954062400;13:05:13.342469;13:05:13.452183;109714
25;50;PAGO;945669696;13:05:13.344072;13:05:13.453153;109081
25;50;PAGO;937276992;13:05:13.347399;13:05:13.454160;106761
25;50;PAGO;928884288;13:05:13.350424;13:05:13.454211;103787
25;50;PAGO;920491584;13:05:13.352891;13:05:13.454539;101648
25;50;PAGO;912098880;13:05:13.355056;13:05:13.455112;100056
25;50;PAGO;903706176;13:05:13.357464;13:05:13.456091;98627
25;50;PAGO;895313472;13:05:13.360150;13:05:13.457064;96914
25;50;PAGO;886920768;13:05:13.363651;13:05:13.457115;93464
25;50;PAGO;878528064;13:05:13.365881;13:05:13.457172;91291
25;50;PAGO;870135360;13:05:13.371154;13:05:13.457246;86092
25;50;PAGO;861742656;13:05:13.374775;13:05:13.458046;83271
25;50;PAGO;853349952;13:05:13.376611;13:05:13.458098;81487
25;50;PAGO;844957248;13:05:13.377660;13:05:13.458152;80492
25;50;PAGO;836564544;13:05:13.380493;13:05:13.458203;77710
25;50;PAGO;828171840;13:05:13.385454;13:05:13.459065;73611
25;50;PAGO;819779136;13:05:13.386361;13:05:13.459301;72940
25;50;PAGO;-316676544;13:05:13.107059;13:05:13.460074;353015
25;50;PAGO;-325069248;13:05:13.128076;13:05:13.460341;332265
25;50;PAGO;-702740928;13:05:13.380261;13:05:13.460649;80388
25;50;PAGO;-333461952;13:05:13.133025;13:05:13.460969;327944
25;50;PAGO;-341854656;13:05:13.144090;13:05:13.461075;316985
25;50;PAGO;-350247360;13:05:13.149211;13:05:13.461240;312029
25;50;PAGO;-358640064;13:05:13.152987;13:05:13.461547;308560
25;50;PAGO;-367032768;13:05:13.156793;13:05:13.461857;305064
25;50;PAGO;-375425472;13:05:13.159919;13:05:13.461934;302015
25;50;PAGO;-383818176;13:05:13.162461;13:05:13.462108;299647
25;50;PAGO;-392210880;13:05:13.167780;13:05:13.462300;294520
25;50;PAGO;-400603584;13:05:13.170449;13:05:13.462605;292156
25;50;PAGO;-408996288;13:05:13.174638;13:05:13.462864;288226
25;50;PAGO;-417388992;13:05:13.179224;13:05:13.463104;283880
25;50;PAGO;-425781696;13:05:13.181531;13:05:13.463226;281695
25;50;PAGO;-434174400;13:05:13.183098;13:05:13.463478;280380
25;50;PAGO;-442567104;13:05:13.185506;13:05:13.463787;278281
25;50;PAGO;-450959808;13:05:13.189159;13:05:13.463915;274756
25;50;PAGO;-459352512;13:05:13.194064;13:05:13.464115;270051
25;50;PAGO;-467745216;13:05:13.196710;13:05:13.464312;267602
25;50;PAGO;-476137920;13:05:13.199313;13:05:13.464516;265203
25;50;PAGO;-484530624;13:05:13.201640;13:05:13.464862;263222
25;50;PAGO;-492923328;13:05:13.207242;13:05:13.464993;257751
25;50;PAGO;-501316032;13:05:13.209658;13:05:13.465133;255475
25;50;PAGO;-509708736;13:05:13.212981;13:05:13.465853;252872
25;50;PAGO;-518101440;13:05:13.215531;13:05:13.465984;250453
25;50;PAGO;-526494144;13:05:13.218006;13:05:13.466181;248175
25;50;PAGO;-534886848;13:05:13.220913;13:05:13.466427;245514
25;50;PAGO;-543279552;13:05:13.222956;13:05:13.466809;243853
25;50;PAGO;-551672256;13:05:13.226312;13:05:13.467344;241032
25;50;PAGO;-560064960;13:05:13.231063;13:05:13.467472;236409
25;50;PAGO;-568457664;13:05:13.233833;13:05:13.467812;233979
25;50;PAGO;-576850368;13:05:13.340067;13:05:13.467945;127878
25;50;PAGO;-585243072;13:05:13.341973;13:05:13.468188;126215
25;50;PAGO;-593635776;13:05:13.343371;13:05:13.468783;125412
25;50;PAGO;-602028480;13:05:13.347062;13:05:13.469767;122705
25;50;PAGO;-610421184;13:05:13.350018;13:05:13.470810;120792
25;50;PAGO;-618813888;13:05:13.352555;13:05:13.471723;119168
25;50;PAGO;-627206592;13:05:13.354995;13:05:13.472695;117700
25;50;PAGO;-635599296;13:05:13.357421;13:05:13.472753;115332
25;50;PAGO;-643992000;13:05:13.360169;13:05:13.472812;112643
25;50;PAGO;-652384704;13:05:13.363501;13:05:13.472862;109361
25;50;PAGO;-660777408;13:05:13.365617;13:05:13.472922;107305
25;50;PAGO;-669170112;13:05:13.371186;13:05:13.473718;102532
25;50;PAGO;-677562816;13:05:13.375242;13:05:13.474673;99431
25;50;PAGO;-685955520;13:05:13.376344;13:05:13.475316;98972
25;50;PAGO;-694348224;13:05:13.377504;13:05:13.475596;98092
25;50;PAGO;-711133632;13:05:13.382271;13:05:13.476574;94303
25;50;PAGO;-719526336;13:05:13.386175;13:05:13.477547;91372
25;50;PAGO;-727919040;13:05:13.386907;13:05:13.478561;91654
25;0;PAGO;1096803904;13:05:13.103260;13:05:13.155315;52055
25;0;PAGO;1088411200;13:05:13.118194;13:05:13.157169;38975
25;0;PAGO;1071625792;13:05:13.139217;13:05:13.157382;18165
25;0;PAGO;1080018496;13:05:13.131601;13:05:13.158841;27240
25;0;PAGO;1063233088;13:05:13.144415;13:05:13.159341;14926
25;0;PAGO;1054840384;13:05:13.150795;13:05:13.160306;9511
25;0;PAGO;1046447680;13:05:13.154542;13:05:13.162379;7837
25;0;PAGO;922736192;13:05:13.177067;13:05:13.177086;19
25;50;PAGO;1038054976;13:05:13.158951;13:05:14.058948;899997
25;50;PAGO;880772672;13:05:13.191969;13:05:14.059795;867826
25;50;PAGO;872379968;13:05:13.194508;13:05:14.060756;866248
25;50;PAGO;863987264;13:05:13.197443;13:05:14.061682;864239
25;50;PAGO;855594560;13:05:13.199782;13:05:14.062715;862933
25;50;PAGO;847201856;13:05:13.202037;13:05:14.063633;861596
25;50;PAGO;838809152;13:05:13.207674;13:05:14.063739;856065
25;50;PAGO;830416448;13:05:13.211104;13:05:14.063792;852688
25;50;PAGO;822023744;13:05:13.213435;13:05:14.063845;850410
25;50;PAGO;813631040;13:05:13.216072;13:05:14.064635;848563
25;50;PAGO;805238336;13:05:13.218598;13:05:14.065612;847014
25;50;PAGO;796845632;13:05:13.221364;13:05:14.066581;845217
25;50;PAGO;788452928;13:05:13.223446;13:05:14.067516;844070
25;50;PAGO;780060224;13:05:13.226895;13:05:14.068556;841661
25;50;PAGO;771667520;13:05:13.232876;13:05:14.069497;836621
25;50;PAGO;763274816;13:05:13.234568;13:05:14.070561;835993
25;50;PAGO;754882112;13:05:13.340423;13:05:14.071439;731016
25;50;PAGO;746489408;13:05:13.341909;13:05:14.071521;729612
25;50;PAGO;738096704;13:05:13.343216;13:05:14.071796;728580
25;50;PAGO;729704000;13:05:13.347030;13:05:14.071872;724842
25;50;PAGO;721311296;13:05:13.350079;13:05:14.072453;722374
25;50;PAGO;712918592;13:05:13.352452;13:05:14.073398;720946
25;50;PAGO;704525888;13:05:13.354666;13:05:14.074597;719931
25;50;PAGO;696133184;13:05:13.357158;13:05:14.074834;717676
25;50;PAGO;687740480;13:05:13.359951;13:05:14.075381;715430
25;50;PAGO;679347776;13:05:13.363739;13:05:14.075609;711870
25;50;PAGO;670955072;13:05:13.365863;13:05:14.076344;710481
25;50;PAGO;662562368;13:05:13.370009;13:05:14.077271;707262
25;50;PAGO;654169664;13:05:13.374865;13:05:14.079398;704533
25;50;PAGO;645776960;13:05:13.376630;13:05:14.080261;703631
25;50;PAGO;637384256;13:05:13.377704;13:05:14.080315;702611
25;50;PAGO;628991552;13:05:13.380441;13:05:14.080394;699953
25;50;PAGO;620598848;13:05:13.382629;13:05:14.080538;697909
25;50;PAGO;612206144;13:05:13.386412;13:05:14.081231;694819
25;50;PAGO;1029662272;13:05:13.161551;13:05:14.108658;947107
25;50;PAGO;1021269568;13:05:13.167128;13:05:14.129112;961984
25;50;PAGO;939521600;13:05:13.169614;13:05:14.151029;981415
25;50;PAGO;931128896;13:05:13.172438;13:05:14.174950;1002512
25;50;PAGO;914343488;13:05:13.179515;13:05:14.202446;1022931
25;50;PAGO;905950784;13:05:13.181897;13:05:14.232635;1050738
25;50;PAGO;897558080;13:05:13.184794;13:05:14.357617;1172823
25;50;PAGO;889165376;13:05:13.186888;13:05:14.382980;1196092
25;0;PAGO;-1845500352;13:05:13.106556;13:05:13.365424;258868
25;0;PAGO;-1853893056;13:05:13.127497;13:05:13.367855;240358
25;0;PAGO;2122151488;13:05:13.357662;13:05:13.369214;11552
25;0;PAGO;-1887463872;13:05:13.153073;13:05:13.371109;218036
25;0;PAGO;-1895856576;13:05:13.157497;13:05:13.374645;217148
25;0;PAGO;-1904249280;13:05:13.159850;13:05:13.375145;215295
25;0;PAGO;-1912641984;13:05:13.162313;13:05:13.375308;212995
25;0;PAGO;-1921034688;13:05:13.167800;13:05:13.375382;207582
25;0;PAGO;-1929427392;13:05:13.170335;13:05:13.376165;205830
25;0;PAGO;-1937820096;13:05:13.173388;13:05:13.376983;203595
25;0;PAGO;-1946212800;13:05:13.179205;13:05:13.378189;198984
25;0;PAGO;-1954605504;13:05:13.181460;13:05:13.378935;197475
25;0;PAGO;-1962998208;13:05:13.183043;13:05:13.379010;195967
25;0;PAGO;-1971390912;13:05:13.185610;13:05:13.379093;193483
25;0;PAGO;-1979783616;13:05:13.189139;13:05:13.379978;190839
25;0;PAGO;-1988176320;13:05:13.194134;13:05:13.381129;186995
25;0;PAGO;-1996569024;13:05:13.196789;13:05:13.382323;185534
25;0;PAGO;-2004961728;13:05:13.199439;13:05:13.385543;186104
25;50;PAGO;-2013354432;13:05:13.201734;13:05:13.385751;184017
25;50;PAGO;-2021747136;13:05:13.207310;13:05:13.386738;179428
25;50;PAGO;-2030139840;13:05:13.209599;13:05:13.387701;178102
25;50;PAGO;-2038532544;13:05:13.211703;13:05:13.388655;176952
25;50;PAGO;-2046925248;13:05:13.215413;13:05:13.389657;174244
25;50;PAGO;-2055317952;13:05:13.217915;13:05:13.389714;171799
25;50;PAGO;-2063710656;13:05:13.220932;13:05:13.389771;168839
25;50;PAGO;-2072103360;13:05:13.222780;13:05:13.389819;167039
25;50;PAGO;-2080496064;13:05:13.226285;13:05:13.389884;163599
25;50;PAGO;-2088888768;13:05:13.231000;13:05:13.390617;159617
25;50;PAGO;-2097281472;13:05:13.233574;13:05:13.391576;158002
25;50;PAGO;-2105674176;13:05:13.339918;13:05:13.391635;51717
25;50;PAGO;-2114066880;13:05:13.340709;13:05:13.391684;50975
25;50;PAGO;-2122459584;13:05:13.342223;13:05:13.392566;50343
25;50;PAGO;-2130852288;13:05:13.343432;13:05:13.394520;51088
25;50;PAGO;-2139244992;13:05:13.347010;13:05:13.395263;48253
25;50;PAGO;2147329600;13:05:13.349999;13:05:13.395474;45475
25;50;PAGO;2138936896;13:05:13.352688;13:05:13.396459;43771
25;50;PAGO;2130544192;13:05:13.354722;13:05:13.397514;42792
25;50;PAGO;-1862285760;13:05:13.133258;13:05:13.398478;265220
25;50;PAGO;-1870678464;13:05:13.143800;13:05:13.399387;255587
25;50;PAGO;-1879071168;13:05:13.149526;13:05:13.400386;250860
25;50;PAGO;2113758784;13:05:13.360530;13:05:13.401340;40810
25;50;PAGO;2105366080;13:05:13.364761;13:05:13.402360;37599
25;50;PAGO;2096973376;13:05:13.366005;13:05:14.106878;740873
25;50;PAGO;2088580672;13:05:13.369980;13:05:14.134847;764867
25;50;PAGO;2080187968;13:05:13.374723;13:05:14.157409;782686
25;50;PAGO;2071795264;13:05:13.376587;13:05:14.184740;808153
25;50;PAGO;2063402560;13:05:13.377679;13:05:14.212107;834428
25;50;PAGO;2055009856;13:05:13.380302;13:05:14.353709;973407
25;50;PAGO;2046617152;13:05:13.382370;13:05:14.377125;994755
25;50;PAGO;2038224448;13:05:13.386538;13:05:14.402518;1015980
25;0;PAGO;213902912;13:05:13.102906;13:05:13.163232;60326
25;0;PAGO;205510208;13:05:13.118020;13:05:13.165408;47388
25;0;PAGO;180332096;13:05:13.144324;13:05:13.165827;21503
25;0;PAGO;171939392;13:05:13.150706;13:05:13.167041;16335
25;0;PAGO;197117504;13:05:13.131537;13:05:13.169206;37669
25;0;PAGO;188724800;13:05:13.139111;13:05:13.169346;30235
25;0;PAGO;163546688;13:05:13.153270;13:05:13.169958;16688
25;0;PAGO;155153984;13:05:13.157666;13:05:13.171028;13362
25;0;PAGO;138368576;13:05:13.165922;13:05:13.172305;6383
25;0;PAGO;146761280;13:05:13.161456;13:05:13.172383;10927
25;0;PAGO;-8395200;13:05:13.194197;13:05:13.194224;27
25;50;PAGO;129975872;13:05:13.169516;13:05:14.058813;889297
25;50;PAGO;-41966016;13:05:13.207503;13:05:14.059964;852461
25;50;PAGO;-50358720;13:05:13.209847;13:05:14.060715;850868
25;50;PAGO;-58751424;13:05:13.213245;13:05:14.061719;848474
25;50;PAGO;-67144128;13:05:13.215697;13:05:14.062677;846980
25;50;PAGO;-75536832;13:05:13.218380;13:05:14.063880;845500
25;50;PAGO;-83929536;13:05:13.221114;13:05:14.064597;843483
25;50;PAGO;-92322240;13:05:13.223246;13:05:14.065653;842407
25;50;PAGO;-100714944;13:05:13.226830;13:05:14.066541;839711
25;50;PAGO;-109107648;13:05:13.231583;13:05:14.067555;835972
25;50;PAGO;-117500352;13:05:13.234512;13:05:14.068516;834004
25;50;PAGO;-125893056;13:05:13.340395;13:05:14.069534;729139
25;50;PAGO;-134285760;13:05:13.341793;13:05:14.070525;728732
25;50;PAGO;-142678464;13:05:13.343255;13:05:14.071913;728658
25;50;PAGO;-151071168;13:05:13.346988;13:05:14.072416;725428
25;50;PAGO;-159463872;13:05:13.350126;13:05:14.073434;723308
25;50;PAGO;-167856576;13:05:13.352922;13:05:14.074411;721489
25;50;PAGO;-176249280;13:05:13.354812;13:05:14.074470;719658
25;50;PAGO;-184641984;13:05:13.356917;13:05:14.074520;717603
25;50;PAGO;-193034688;13:05:13.360334;13:05:14.074566;714232
25;50;PAGO;-201427392;13:05:13.364136;13:05:14.074868;710732
25;50;PAGO;-209820096;13:05:13.365794;13:05:14.075345;709551
25;50;PAGO;-218212800;13:05:13.370270;13:05:14.075644;705374
25;50;PAGO;-226605504;13:05:13.375041;13:05:14.076308;701267
25;50;PAGO;-234998208;13:05:13.376649;13:05:14.077312;700663
25;50;PAGO;-243390912;13:05:13.377722;13:05:14.079355;701633
25;50;PAGO;-251783616;13:05:13.381224;13:05:14.080449;699225
25;50;PAGO;-260176320;13:05:13.382572;13:05:14.080500;697928
25;50;PAGO;-268569024;13:05:13.386547;13:05:14.080559;694012
25;50;PAGO;121583168;13:05:13.171176;13:05:14.108749;937573
25;50;PAGO;113190464;13:05:13.176967;13:05:14.131217;954250
25;50;PAGO;104797760;13:05:13.179429;13:05:14.154692;975263
25;50;PAGO;96405056;13:05:13.181811;13:05:14.181070;999259
25;50;PAGO;88012352;13:05:13.184671;13:05:14.207351;1022680
25;50;PAGO;79619648;13:05:13.186764;13:05:14.352326;1165562
25;50;PAGO;-2496;13:05:13.189769;13:05:14.375746;1185977
25;50;PAGO;-16787904;13:05:13.196898;13:05:14.400544;1203646
25;50;PAGO;-25180608;13:05:13.199631;13:05:14.420477;1220846
25;50;PAGO;-33573312;13:05:13.201876;13:05:14.444911;1243035
25;50;PAGO;-1851791808;13:05:13.111871;13:05:13.480513;368642
25;50;PAGO;-1860184512;13:05:13.131492;13:05:13.481613;350121
25;50;PAGO;-1868577216;13:05:13.139149;13:05:13.481674;342525
25;50;PAGO;-1876969920;13:05:13.144358;13:05:13.481728;337370
25;50;PAGO;-1885362624;13:05:13.150739;13:05:13.481979;331240
25;50;PAGO;-1893755328;13:05:13.154482;13:05:13.482463;327981
25;50;PAGO;-1902148032;13:05:13.158895;13:05:13.483417;324522
25;50;PAGO;-1910540736;13:05:13.161496;13:05:13.484385;322889
25;50;PAGO;-1918933440;13:05:13.167062;13:05:13.484524;317462
25;50;PAGO;-1927326144;13:05:13.169557;13:05:13.484575;315018
25;50;PAGO;-1935718848;13:05:13.171215;13:05:13.484631;313416
25;50;PAGO;-1944111552;13:05:13.177012;13:05:13.485357;308345
25;50;PAGO;-1952504256;13:05:13.179468;13:05:13.485462;305994
25;50;PAGO;-1960896960;13:05:13.181850;13:05:13.486410;304560
25;50;PAGO;-1969289664;13:05:13.184741;13:05:13.487340;302599
25;50;PAGO;-1977682368;13:05:13.186836;13:05:13.488368;301532
25;50;PAGO;-1986075072;13:05:13.189895;13:05:13.489292;299397
25;50;PAGO;-1994467776;13:05:13.194456;13:05:13.490282;295826
25;50;PAGO;-2002860480;13:05:13.197387;13:05:13.491280;293893
25;50;PAGO;-2011253184;13:05:13.199733;13:05:13.491337;291604
25;50;PAGO;-2019645888;13:05:13.201986;13:05:13.491386;289400
25;50;PAGO;-2028038592;13:05:13.207621;13:05:13.491497;283876
25;50;PAGO;-2036431296;13:05:13.211036;13:05:13.492196;281160
25;50;PAGO;-2044824000;13:05:13.213385;13:05:13.493179;279794
25;50;PAGO;-2053216704;13:05:13.216017;13:05:13.493714;277697
25;50;PAGO;-2061609408;13:05:13.218532;13:05:13.494150;275618
25;50;PAGO;-2070002112;13:05:13.221304;13:05:13.494202;272898
25;50;PAGO;-2078394816;13:05:13.223397;13:05:13.494558;271161
25;50;PAGO;-2086787520;13:05:13.226808;13:05:13.495144;268336
25;50;PAGO;-2095180224;13:05:13.231369;13:05:13.495196;263827
25;50;PAGO;-2103572928;13:05:13.234107;13:05:13.495243;261136
25;50;PAGO;-2111965632;13:05:13.340366;13:05:13.495298;154932
25;50;PAGO;-2120358336;13:05:13.341774;13:05:13.496122;154348
25;50;PAGO;-2128751040;13:05:13.343233;13:05:13.497077;153844
25;50;PAGO;-2137143744;13:05:13.346474;13:05:13.497129;150655
25;50;PAGO;-2145536448;13:05:13.350350;13:05:13.497184;146834
25;50;PAGO;2141038144;13:05:13.352757;13:05:13.497238;144481
25;50;PAGO;2132645440;13:05:13.354740;13:05:13.498091;143351
25;50;PAGO;2124252736;13:05:13.357260;13:05:13.498142;140882
25;50;PAGO;2115860032;13:05:13.359926;13:05:13.498190;138264
25;50;PAGO;2107467328;13:05:13.363613;13:05:13.498243;134630
25;50;PAGO;2099074624;13:05:13.365587;13:05:13.499075;133488
25;50;PAGO;2090681920;13:05:13.371266;13:05:13.500004;128738
25;50;PAGO;2082289216;13:05:13.375474;13:05:13.500999;125525
25;50;PAGO;2073896512;13:05:13.376675;13:05:13.501104;124429
25;50;PAGO;2065503808;13:05:13.378252;13:05:13.501976;123724
25;50;PAGO;2057111104;13:05:13.380459;13:05:13.502989;122530
25;50;PAGO;2048718400;13:05:13.382686;13:05:13.503044;120358
25;50;PAGO;2040325696;13:05:13.386447;13:05:13.503094;116647
25;50;PAGO;2031932992;13:05:13.387013;13:05:13.503916;116903
25;50;PAGO;597681728;13:05:13.108521;13:05:13.504924;396403
25;50;PAGO;589289024;13:05:13.131436;13:05:13.505490;374054
25;50;PAGO;580896320;13:05:13.136324;13:05:13.505872;369548
25;50;PAGO;572503616;13:05:13.144268;13:05:13.506958;362690
25;50;PAGO;564110912;13:05:13.150655;13:05:13.507824;357169
25;50;PAGO;555718208;13:05:13.153214;13:05:13.508816;355602
25;50;PAGO;547325504;13:05:13.157593;13:05:13.508872;351279
25;50;PAGO;538932800;13:05:13.160252;13:05:13.508928;348676
25;50;PAGO;530540096;13:05:13.163683;13:05:13.509778;346095
25;50;PAGO;522147392;13:05:13.169441;13:05:13.510798;341357
25;50;PAGO;513754688;13:05:13.171114;13:05:13.510852;339738
25;50;PAGO;505361984;13:05:13.173290;13:05:13.510906;337616
25;50;PAGO;496969280;13:05:13.179029;13:05:13.510956;331927
25;50;PAGO;488576576;13:05:13.181300;13:05:13.511760;330460
25;50;PAGO;480183872;13:05:13.182949;13:05:13.512708;329759
25;50;PAGO;471791168;13:05:13.185646;13:05:13.513781;328135
25;50;PAGO;463398464;13:05:13.189228;13:05:13.514585;325357
25;50;PAGO;455005760;13:05:13.194027;13:05:13.515333;321306
25;50;PAGO;446613056;13:05:13.196667;13:05:13.515666;318999
25;50;PAGO;438220352;13:05:13.199288;13:05:13.515771;316483
25;50;PAGO;429827648;13:05:13.201658;13:05:13.516650;314992
25;50;PAGO;421434944;13:05:13.207304;13:05:13.516763;309459
25;50;PAGO;413042240;13:05:13.209640;13:05:13.516816;307176
25;50;PAGO;404649536;13:05:13.213000;13:05:13.516865;303865
25;50;PAGO;396256832;13:05:13.215393;13:05:13.516912;301519
25;50;PAGO;387864128;13:05:13.217892;13:05:13.516984;299092
25;50;PAGO;379471424;13:05:13.220816;13:05:13.517590;296774
25;50;PAGO;371078720;13:05:13.223000;13:05:13.518607;295607
25;50;PAGO;362686016;13:05:13.226161;13:05:13.519544;293383
25;50;PAGO;354293312;13:05:13.227350;13:05:13.520516;293166
25;50;PAGO;345900608;13:05:13.233647;13:05:13.521496;287849
25;50;PAGO;337507904;13:05:13.339947;13:05:13.522540;182593
25;50;PAGO;329115200;13:05:13.340740;13:05:13.522621;181881
25;50;PAGO;320722496;13:05:13.342151;13:05:13.523478;181327
25;50;PAGO;312329792;13:05:13.343906;13:05:13.524287;180381
25;50;PAGO;303937088;13:05:13.346947;13:05:13.524339;177392
25;50;PAGO;295544384;13:05:13.350165;13:05:13.524411;174246
25;50;PAGO;287151680;13:05:13.352631;13:05:13.524544;171913
25;50;PAGO;278758976;13:05:13.354684;13:05:13.526496;171812
25;50;PAGO;270366272;13:05:13.356681;13:05:13.526600;169919
25;50;PAGO;261973568;13:05:13.357879;13:05:13.527406;169527
25;50;PAGO;253580864;13:05:13.360695;13:05:13.528356;167661
25;50;PAGO;245188160;13:05:13.364929;13:05:13.529323;164394
25;50;PAGO;236795456;13:05:13.369472;13:05:13.530366;160894
25;50;PAGO;228402752;13:05:13.371426;13:05:13.530420;158994
25;50;PAGO;220010048;13:05:13.375670;13:05:13.530477;154807
25;50;PAGO;211617344;13:05:13.377003;13:05:13.530524;153521
25;50;PAGO;203224640;13:05:13.378538;13:05:13.531283;152745
25;50;PAGO;194831936;13:05:13.381507;13:05:13.532265;150758
25;50;PAGO;186439232;13:05:13.385921;13:05:13.532706;146785
25;50;PAGO;-1304435136;13:05:13.107212;13:05:13.534239;427027
25;50;PAGO;-1312827840;13:05:13.128411;13:05:13.534769;406358
25;50;PAGO;-1321220544;13:05:13.133420;13:05:13.535183;401763
25;50;PAGO;-1329613248;13:05:13.144142;13:05:13.536224;392082
25;50;PAGO;-1338005952;13:05:13.149721;13:05:13.536327;386606
25;50;PAGO;-1346398656;13:05:13.152950;13:05:13.536400;383450
25;50;PAGO;-1354791360;13:05:13.157487;13:05:13.537105;379618
25;50;PAGO;-1363184064;13:05:13.159936;13:05:13.538187;378251
25;50;PAGO;-1371576768;13:05:13.162480;13:05:13.538283;375803
25;50;PAGO;-1379969472;13:05:13.167909;13:05:13.539145;371236
25;50;PAGO;-1388362176;13:05:13.170505;13:05:13.540078;369573
25;50;PAGO;-1396754880;13:05:13.176834;13:05:13.541036;364202
25;50;PAGO;-1405147584;13:05:13.179057;13:05:13.541093;362036
25;50;PAGO;-1413540288;13:05:13.181442;13:05:13.541625;360183
25;50;PAGO;-1421932992;13:05:13.183152;13:05:13.541689;358537
25;50;PAGO;-1430325696;13:05:13.185665;13:05:13.541738;356073
25;50;PAGO;-1438718400;13:05:13.189205;13:05:13.541790;352585
25;50;PAGO;-1447111104;13:05:13.194045;13:05:13.542011;347966
25;50;PAGO;-1455503808;13:05:13.196640;13:05:13.543042;346402
25;50;PAGO;-1463896512;13:05:13.199354;13:05:13.543093;343739
25;50;PAGO;-1472289216;13:05:13.201695;13:05:13.543145;341450
25;50;PAGO;-1480681920;13:05:13.207383;13:05:13.543194;335811
25;50;PAGO;-1489074624;13:05:13.209675;13:05:13.543253;333578
25;50;PAGO;-1497467328;13:05:13.213019;13:05:13.543995;330976
25;50;PAGO;-1505860032;13:05:13.215512;13:05:13.544562;329050
25;50;PAGO;-1514252736;13:05:13.218056;13:05:13.544915;326859
25;50;PAGO;-1522645440;13:05:13.220895;13:05:13.545331;324436
25;50;PAGO;-1531038144;13:05:13.222935;13:05:13.545930;322995
25;50;PAGO;-1539430848;13:05:13.226333;13:05:13.546950;320617
25;50;PAGO;-1547823552;13:05:13.231027;13:05:13.547887;316860
25;50;PAGO;-1556216256;13:05:13.233893;13:05:13.547939;314046
25;50;PAGO;-1564608960;13:05:13.340122;13:05:13.547993;207871
25;50;PAGO;-1573001664;13:05:13.341167;13:05:13.548041;206874
25;50;PAGO;-1581394368;13:05:13.342505;13:05:13.548481;205976
25;50;PAGO;-1589787072;13:05:13.344006;13:05:13.548876;204870
25;50;PAGO;-1598179776;13:05:13.346454;13:05:13.549881;203427
25;50;PAGO;-1606572480;13:05:13.350250;13:05:13.549940;199690
25;50;PAGO;-1614965184;13:05:13.352430;13:05:13.549994;197564
25;50;PAGO;-1623357888;13:05:13.354777;13:05:13.550923;196146
25;50;PAGO;-1631750592;13:05:13.357025;13:05:13.551790;194765
25;50;PAGO;-1640143296;13:05:13.359993;13:05:13.552746;192753
25;50;PAGO;-1648536000;13:05:13.363677;13:05:13.553715;190038
25;50;PAGO;-1656928704;13:05:13.365844;13:05:13.553778;187934
25;50;PAGO;-1665321408;13:05:13.370185;13:05:13.553829;183644
25;50;PAGO;-1673714112;13:05:13.375064;13:05:13.553892;178828
25;50;PAGO;-1682106816;13:05:13.376326;13:05:13.554617;178291
25;50;PAGO;-1690499520;13:05:13.377588;13:05:13.554685;177097
25;50;PAGO;-1698892224;13:05:13.381177;13:05:13.554738;173561
25;50;PAGO;-1707284928;13:05:13.382553;13:05:13.555355;172802
25;50;PAGO;-1715677632;13:05:13.386553;13:05:13.555666;169113
25;0;PAGO;576710208;13:05:13.103308;13:05:13.174546;71238
25;0;PAGO;568317504;13:05:13.121825;13:05:13.176640;54815
25;0;PAGO;501175872;13:05:13.167162;13:05:13.176801;9639
25;0;PAGO;534746688;13:05:13.150826;13:05:13.178766;27940
25;0;PAGO;526353984;13:05:13.154577;13:05:13.178843;24266
25;0;PAGO;517961280;13:05:13.158981;13:05:13.179700;20719
25;0;PAGO;559924800;13:05:13.131626;13:05:13.180978;49352
25;0;PAGO;551532096;13:05:13.139244;13:05:13.181669;42425
25;0;PAGO;543139392;13:05:13.144445;13:05:13.182643;38198
25;0;PAGO;509568576;13:05:13.161579;13:05:13.184407;22828
25;0;PAGO;492783168;13:05:13.169643;13:05:13.184601;14958
25;0;PAGO;484390464;13:05:13.172473;13:05:13.185174;12701
25;0;PAGO;475997760;13:05:13.177121;13:05:13.186593;9472
25;0;PAGO;318756416;13:05:13.207716;13:05:13.207736;20
25;50;PAGO;467605056;13:05:13.179545;13:05:14.083181;903636
25;50;PAGO;251614784;13:05:13.232906;13:05:14.084267;851361
25;50;PAGO;243222080;13:05:13.234612;13:05:14.084838;850226
25;50;PAGO;234829376;13:05:13.340451;13:05:14.085206;744755
25;50;PAGO;226436672;13:05:13.341361;13:05:14.086198;744837
25;50;PAGO;218043968;13:05:13.342448;13:05:14.087202;744754
25;50;PAGO;209651264;13:05:13.344030;13:05:14.088108;744078
25;50;PAGO;201258560;13:05:13.346369;13:05:14.089073;742704
25;50;PAGO;192865856;13:05:13.350210;13:05:14.090058;739848
25;50;PAGO;184473152;13:05:13.352409;13:05:14.090112;737703
25;50;PAGO;176080448;13:05:13.355075;13:05:14.090161;735086
25;50;PAGO;167687744;13:05:13.357440;13:05:14.090210;732770
25;50;PAGO;159295040;13:05:13.360209;13:05:14.091073;730864
25;50;PAGO;150902336;13:05:13.363482;13:05:14.092013;728531
25;50;PAGO;142509632;13:05:13.365482;13:05:14.093001;727519
25;50;PAGO;134116928;13:05:13.369542;13:05:14.093941;724399
25;50;PAGO;125724224;13:05:13.371492;13:05:14.093993;722501
25;50;PAGO;117331520;13:05:13.375748;13:05:14.094042;718294
25;50;PAGO;108938816;13:05:13.377081;13:05:14.094095;717014
25;50;PAGO;100546112;13:05:13.379160;13:05:14.094205;715045
25;50;PAGO;92153408;13:05:13.381558;13:05:14.094893;713335
25;50;PAGO;459212352;13:05:13.181929;13:05:14.112601;930672
25;50;PAGO;450819648;13:05:13.184824;13:05:14.137912;953088
25;50;PAGO;442426944;13:05:13.186919;13:05:14.159577;972658
25;50;PAGO;434034240;13:05:13.192008;13:05:14.185804;993796
25;50;PAGO;425641536;13:05:13.194550;13:05:14.214135;1019585
25;50;PAGO;417248832;13:05:13.197490;13:05:14.355085;1157595
25;50;PAGO;335541824;13:05:13.199825;13:05:14.379210;1179385
25;50;PAGO;327149120;13:05:13.202076;13:05:14.404481;1202405
25;50;PAGO;310363712;13:05:13.211141;13:05:14.431672;1220531
25;50;PAGO;301971008;13:05:13.213474;13:05:14.452853;1239379
25;50;PAGO;293578304;13:05:13.216119;13:05:14.474364;1258245
25;50;PAGO;285185600;13:05:13.218633;13:05:14.498839;1280206
25;50;PAGO;276792896;13:05:13.221398;13:05:14.521649;1300251
25;50;PAGO;268400192;13:05:13.223490;13:05:14.542214;1318724
25;50;PAGO;260007488;13:05:13.226934;13:05:14.560026;1333092
25;50;PAGO;-1046485440;13:05:13.108632;13:05:13.557653;449021
25;50;PAGO;-1054878144;13:05:13.127495;13:05:13.557886;430391
25;50;PAGO;-1063270848;13:05:13.133380;13:05:13.558695;425315
25;50;PAGO;-1071663552;13:05:13.144064;13:05:13.559604;415540
25;50;PAGO;-1080056256;13:05:13.149286;13:05:13.560573;411287
25;50;PAGO;-1088448960;13:05:13.153096;13:05:13.560631;407535
25;50;PAGO;-1096841664;13:05:13.156814;13:05:13.560682;403868
25;50;PAGO;-1105234368;13:05:13.159978;13:05:13.560741;400763
25;50;PAGO;-1113627072;13:05:13.162556;13:05:13.561551;398995
25;50;PAGO;-1122019776;13:05:13.167928;13:05:13.562566;394638
25;50;PAGO;-1130412480;13:05:13.170525;13:05:13.562620;392095
25;50;PAGO;-1138805184;13:05:13.174613;13:05:13.562679;388066
25;50;PAGO;-1147197888;13:05:13.179186;13:05:13.563503;384317
25;50;PAGO;-1155590592;13:05:13.181477;13:05:13.564528;383051
25;50;PAGO;-1163983296;13:05:13.183025;13:05:13.565364;382339
25;50;PAGO;-1172376000;13:05:13.186536;13:05:13.565502;378966
25;50;PAGO;-1180768704;13:05:13.189289;13:05:13.566460;377171
25;50;PAGO;-1189161408;13:05:13.194006;13:05:13.566517;372511
25;50;PAGO;-1197554112;13:05:13.196579;13:05:13.566565;369986
25;50;PAGO;-1205946816;13:05:13.199529;13:05:13.566620;367091
25;50;PAGO;-1214339520;13:05:13.201790;13:05:13.566678;364888
25;50;PAGO;-1222732224;13:05:13.207381;13:05:13.566749;359368
25;50;PAGO;-1231124928;13:05:13.209743;13:05:13.567392;357649
25;50;PAGO;-1239517632;13:05:13.213141;13:05:13.568359;355218
25;50;PAGO;-1247910336;13:05:13.215440;13:05:13.568410;352970
25;50;PAGO;-1256303040;13:05:13.217969;13:05:13.568458;350489
25;50;PAGO;-1264695744;13:05:13.220876;13:05:13.568505;347629
25;50;PAGO;-1273088448;13:05:13.222832;13:05:13.569362;346530
25;50;PAGO;-1281481152;13:05:13.226182;13:05:13.570362;344180
25;50;PAGO;-1289873856;13:05:13.227412;13:05:13.571310;343898
25;50;PAGO;-1298266560;13:05:13.233441;13:05:13.572292;338851
25;50;PAGO;-1306659264;13:05:13.339889;13:05:13.572348;232459
25;50;PAGO;-1315051968;13:05:13.340680;13:05:13.572397;231717
25;50;PAGO;-1323444672;13:05:13.342202;13:05:13.572459;230257
25;50;PAGO;-1331837376;13:05:13.343451;13:05:13.573276;229825
25;50;PAGO;-1340230080;13:05:13.346434;13:05:13.574251;227817
25;50;PAGO;-1348622784;13:05:13.349957;13:05:13.574622;224665
25;50;PAGO;-1357015488;13:05:13.352612;13:05:13.575232;222620
25;50;PAGO;-1365408192;13:05:13.354624;13:05:13.576198;221574
25;50;PAGO;-1373800896;13:05:13.357200;13:05:13.577176;219976
25;50;PAGO;-1382193600;13:05:13.358644;13:05:13.578155;219511
25;50;PAGO;-1390586304;13:05:13.364234;13:05:13.578213;213979
25;50;PAGO;-1398979008;13:05:13.365704;13:05:13.579179;213475
25;50;PAGO;-1407371712;13:05:13.370350;13:05:13.579233;208883
25;50;PAGO;-1415764416;13:05:13.375185;13:05:13.579282;204097
25;50;PAGO;-1424157120;13:05:13.376085;13:05:13.579335;203250
25;50;PAGO;-1432549824;13:05:13.377168;13:05:13.579410;202242
25;50;PAGO;-1440942528;13:05:13.379257;13:05:13.580105;200848
25;50;PAGO;-1449335232;13:05:13.381655;13:05:13.581078;199423
25;50;PAGO;-1457727936;13:05:13.386024;13:05:13.582055;196031
25;50;PAGO;1811932736;13:05:13.108603;13:05:13.583037;474434
25;50;PAGO;1803540032;13:05:13.131433;13:05:13.584168;452735
25;50;PAGO;1795147328;13:05:13.133720;13:05:13.584411;450691
25;50;PAGO;1786754624;13:05:13.141866;13:05:13.584573;442707
25;50;PAGO;1778361920;13:05:13.149746;13:05:13.584959;435213
25;50;PAGO;1769969216;13:05:13.152968;13:05:13.586028;433060
25;50;PAGO;1761576512;13:05:13.156923;13:05:13.586090;429167
25;50;PAGO;1753183808;13:05:13.159960;13:05:13.586139;426179
25;50;PAGO;1744791104;13:05:13.162497;13:05:13.586187;423690
25;50;PAGO;1736398400;13:05:13.167867;13:05:13.586240;418373
25;50;PAGO;1728005696;13:05:13.170390;13:05:13.586981;416591
25;50;PAGO;1719612992;13:05:13.173444;13:05:13.587914;414470
25;50;PAGO;1711220288;13:05:13.179136;13:05:13.588891;409755
25;50;PAGO;1702827584;13:05:13.181335;13:05:13.589886;408551
25;50;PAGO;1694434880;13:05:13.183115;13:05:13.589938;406823
25;50;PAGO;1686042176;13:05:13.185685;13:05:13.589985;404300
25;50;PAGO;1677649472;13:05:13.189265;13:05:13.590042;400777
25;50;PAGO;1669256768;13:05:13.193967;13:05:13.590888;396921
25;50;PAGO;1660864064;13:05:13.196756;13:05:13.591835;395079
25;50;PAGO;1652471360;13:05:13.199418;13:05:13.592034;392616
25;50;PAGO;1644078656;13:05:13.201677;13:05:13.592826;391149
25;50;PAGO;1635685952;13:05:13.207312;13:05:13.593774;386462
25;50;PAGO;1627293248;13:05:13.209620;13:05:13.594612;384992
25;50;PAGO;1618900544;13:05:13.212961;13:05:13.594748;381787
25;50;PAGO;1610507840;13:05:13.215644;13:05:13.595368;379724
25;50;PAGO;1602115136;13:05:13.218345;13:05:13.595727;377382
25;50;PAGO;1593722432;13:05:13.221187;13:05:13.596701;375514
25;50;PAGO;1585329728;13:05:13.223293;13:05:13.596752;373459
25;50;PAGO;1576937024;13:05:13.226637;13:05:13.596805;370168
25;50;PAGO;1568544320;13:05:13.231245;13:05:13.596855;365610
25;50;PAGO;1560151616;13:05:13.233936;13:05:13.597692;363756
25;50;PAGO;1551758912;13:05:13.340150;13:05:13.598708;258558
25;50;PAGO;1543366208;13:05:13.341822;13:05:13.599611;257789
25;50;PAGO;1534973504;13:05:13.344228;13:05:13.600596;256368
25;50;PAGO;1526580800;13:05:13.347372;13:05:13.601560;254188
25;50;PAGO;1518188096;13:05:13.350402;13:05:13.602590;252188
25;50;PAGO;1509795392;13:05:13.352863;13:05:13.602645;249782
25;50;PAGO;1501402688;13:05:13.354759;13:05:13.602704;247945
25;50;PAGO;1493009984;13:05:13.357063;13:05:13.603525;246462
25;50;PAGO;1484617280;13:05:13.359973;13:05:13.604494;244521
25;50;PAGO;1476224576;13:05:13.363697;13:05:13.604546;240849
25;50;PAGO;1467831872;13:05:13.365669;13:05:13.604594;238925
25;50;PAGO;1459439168;13:05:13.370205;13:05:13.604652;234447
25;50;PAGO;1451046464;13:05:13.374818;13:05:13.604712;229894
25;50;PAGO;1442653760;13:05:13.376294;13:05:13.605379;229085
25;50;PAGO;1434261056;13:05:13.377640;13:05:13.605460;227820
25;50;PAGO;1425868352;13:05:13.381199;13:05:13.606553;225354
25;50;PAGO;1417475648;13:05:13.382589;13:05:13.607461;224872
25;50;PAGO;1409082944;13:05:13.386511;13:05:13.608448;221937
25;50;PAGO;1400690240;13:05:13.386997;13:05:13.608503;221506
25;0;PAGO;-1302337984;13:05:13.104586;13:05:13.231568;126982
25;0;PAGO;-1310730688;13:05:13.128078;13:05:13.232633;104555
25;0;PAGO;-1344301504;13:05:13.153007;13:05:13.233285;80278
25;0;PAGO;-1352694208;13:05:13.157461;13:05:13.233515;76054
25;0;PAGO;-1361086912;13:05:13.159869;13:05:13.234439;74570
25;0;PAGO;-1369479616;13:05:13.162518;13:05:13.237823;75305
25;0;PAGO;-1377872320;13:05:13.168038;13:05:13.340274;172236
25;0;PAGO;-1386265024;13:05:13.170488;13:05:13.340958;170470
25;0;PAGO;-1394657728;13:05:13.176921;13:05:13.342345;165424
25;0;PAGO;-1403050432;13:05:13.179388;13:05:13.342905;163517
25;0;PAGO;-1411443136;13:05:13.181741;13:05:13.343855;162114
25;0;PAGO;-1419835840;13:05:13.184491;13:05:13.345816;161325
25;0;PAGO;-1428228544;13:05:13.186704;13:05:13.347117;160413
25;0;PAGO;-1436621248;13:05:13.189865;13:05:13.347193;157328
25;0;PAGO;-1445013952;13:05:13.194349;13:05:13.347270;152921
25;0;PAGO;-1453406656;13:05:13.196964;13:05:13.347667;150703
25;0;PAGO;-1461799360;13:05:13.199704;13:05:13.349817;150113
25;0;PAGO;-1470192064;13:05:13.201955;13:05:13.350986;149031
25;0;PAGO;-1478584768;13:05:13.207588;13:05:13.352817;145229
25;0;PAGO;-1486977472;13:05:13.210279;13:05:13.354889;144610
25;0;PAGO;-1495370176;13:05:13.213355;13:05:13.355278;141923
25;0;PAGO;-1503762880;13:05:13.215986;13:05:13.356571;140585
25;0;PAGO;-1512155584;13:05:13.218504;13:05:13.357599;139095
25;0;PAGO;-1319123392;13:05:13.133217;13:05:13.358723;225506
25;0;PAGO;-1327516096;13:05:13.143846;13:05:13.360083;216237
25;0;PAGO;-1335908800;13:05:13.149345;13:05:13.360386;211041
25;0;PAGO;-1520548288;13:05:13.221257;13:05:13.363823;142566
25;0;PAGO;-1528940992;13:05:13.223350;13:05:13.363902;140552
25;0;PAGO;-1537333696;13:05:13.226781;13:05:13.363980;137199
25;0;PAGO;-1545726400;13:05:13.231328;13:05:13.364055;132727
25;0;PAGO;-1554119104;13:05:13.234029;13:05:13.364353;130324
25;50;PAGO;-1562511808;13:05:13.340308;13:05:14.104870;764562
25;50;PAGO;-1570904512;13:05:13.341298;13:05:14.127348;786050
25;50;PAGO;-1579297216;13:05:13.342528;13:05:14.152555;810027
25;50;PAGO;-1587689920;13:05:13.343032;13:05:14.179009;835977
25;50;PAGO;-1596082624;13:05:13.346091;13:05:14.205817;859726
25;50;PAGO;-1677724096;13:05:13.348275;13:05:14.240593;892318
25;50;PAGO;-1686116800;13:05:13.352277;13:05:14.364437;1012160
25;50;PAGO;-1694509504;13:05:13.355093;13:05:14.389786;1034693
25;50;PAGO;-1702902208;13:05:13.357487;13:05:14.411271;1053784
25;50;PAGO;-1711294912;13:05:13.360425;13:05:14.439065;1078640
25;50;PAGO;-1719687616;13:05:13.364282;13:05:14.457581;1093299
25;50;PAGO;-1728080320;13:05:13.365944;13:05:14.496846;1130902
25;50;PAGO;-1736473024;13:05:13.371210;13:05:14.519716;1148506
25;50;PAGO;-1744865728;13:05:13.375419;13:05:14.541022;1165603
25;50;PAGO;-1753258432;13:05:13.376372;13:05:14.558633;1182261
25;50;PAGO;-1761651136;13:05:13.377615;13:05:14.579416;1201801
25;50;PAGO;-1770043840;13:05:13.381245;13:05:14.599645;1218400
25;50;PAGO;-1778436544;13:05:13.382648;13:05:14.618694;1236046
25;50;PAGO;-1786829248;13:05:13.386424;13:05:14.642151;1255727
25;50;PAGO;119531072;13:05:13.108945;13:05:13.608747;499802
25;50;PAGO;111138368;13:05:13.127488;13:05:13.609534;482046
25;50;PAGO;102745664;13:05:13.133300;13:05:13.610382;477082
25;50;PAGO;94352960;13:05:13.144176;13:05:13.611366;467190
25;50;PAGO;85960256;13:05:13.149701;13:05:13.612303;462602
25;50;PAGO;77567552;13:05:13.152910;13:05:13.613312;460402
25;50;PAGO;69174848;13:05:13.157622;13:05:13.613800;456178
25;50;PAGO;60782144;13:05:13.161412;13:05:13.613853;452441
25;50;PAGO;52389440;13:05:13.163712;13:05:13.614693;450981
25;50;PAGO;43996736;13:05:13.169474;13:05:13.614783;445309
25;50;PAGO;35604032;13:05:13.171139;13:05:13.615380;444241
25;50;PAGO;27211328;13:05:13.176895;13:05:13.615742;438847
25;50;PAGO;18818624;13:05:13.179357;13:05:13.616724;437367
25;50;PAGO;10425920;13:05:13.181768;13:05:13.616779;435011
25;50;PAGO;2033216;13:05:13.184710;13:05:13.616827;432117
25;50;PAGO;-6359488;13:05:13.186801;13:05:13.617700;430899
25;50;PAGO;-14752192;13:05:13.189819;13:05:13.618733;428914
25;50;PAGO;-23144896;13:05:13.194269;13:05:13.619650;425381
25;50;PAGO;-31537600;13:05:13.196931;13:05:13.620632;423701
25;50;PAGO;-39930304;13:05:13.199677;13:05:13.621623;421946
25;50;PAGO;-48323008;13:05:13.201923;13:05:13.622622;420699
25;50;PAGO;-56715712;13:05:13.207554;13:05:13.626575;419021
25;50;PAGO;-65108416;13:05:13.210237;13:05:13.626677;416440
25;50;PAGO;-73501120;13:05:13.213315;13:05:13.627540;414225
25;50;PAGO;-81893824;13:05:13.215747;13:05:13.628458;412711
25;50;PAGO;-90286528;13:05:13.218436;13:05:13.629440;411004
25;50;PAGO;-98679232;13:05:13.221277;13:05:13.630415;409138
25;50;PAGO;-107071936;13:05:13.223373;13:05:13.631397;408024
25;50;PAGO;-115464640;13:05:13.226750;13:05:13.631452;404702
25;50;PAGO;-123857344;13:05:13.231283;13:05:13.631503;400220
25;50;PAGO;-132250048;13:05:13.234011;13:05:13.631551;397540
25;50;PAGO;-140642752;13:05:13.340211;13:05:13.631605;291394
25;50;PAGO;-149035456;13:05:13.341684;13:05:13.631673;289989
25;50;PAGO;-157428160;13:05:13.343281;13:05:13.631966;288685
25;50;PAGO;-165820864;13:05:13.347330;13:05:13.632354;285024
25;50;PAGO;-174213568;13:05:13.350146;13:05:13.633348;283202
25;50;PAGO;-182606272;13:05:13.352713;13:05:13.634384;281671
25;50;PAGO;-190998976;13:05:13.354779;13:05:13.635251;280472
25;50;PAGO;-199391680;13:05:13.357180;13:05:13.636278;279098
25;50;PAGO;-207784384;13:05:13.358765;13:05:13.637241;278476
25;50;PAGO;-216177088;13:05:13.364158;13:05:13.638231;274073
25;50;PAGO;-224569792;13:05:13.365902;13:05:13.639266;273364
25;50;PAGO;-232962496;13:05:13.370331;13:05:13.640196;269865
25;50;PAGO;-241355200;13:05:13.375021;13:05:13.640250;265229
25;50;PAGO;-249747904;13:05:13.376566;13:05:13.640299;263733
25;50;PAGO;-258140608;13:05:13.378233;13:05:13.640347;262114
25;50;PAGO;-266533312;13:05:13.380402;13:05:13.641210;260808
25;50;PAGO;-274926016;13:05:13.382534;13:05:13.642156;259622
25;50;PAGO;-283318720;13:05:13.386491;13:05:13.642210;255719
25;50;PAGO;-291711424;13:05:13.387014;13:05:13.643119;256105
25;0;PAGO;-1491081664;13:05:13.109172;13:05:13.204562;95390
25;0;PAGO;-1499474368;13:05:13.131461;13:05:13.207012;75551
25;0;PAGO;-1533045184;13:05:13.153164;13:05:13.209085;55921
25;0;PAGO;-1507867072;13:05:13.135696;13:05:13.209969;74273
25;0;PAGO;-1516259776;13:05:13.144241;13:05:13.210115;65874
25;0;PAGO;-1524652480;13:05:13.150628;13:05:13.210192;59564
25;0;PAGO;-1541437888;13:05:13.157527;13:05:13.210989;53462
25;0;PAGO;-1549830592;13:05:13.160220;13:05:13.212825;52605
25;0;PAGO;-1558223296;13:05:13.163615;13:05:13.213097;49482
25;0;PAGO;-1566616000;13:05:13.169402;13:05:13.213960;44558
25;0;PAGO;-1575008704;13:05:13.170977;13:05:13.214040;43063
25;0;PAGO;-1583401408;13:05:13.174663;13:05:13.215931;41268
25;0;PAGO;-1591794112;13:05:13.179116;13:05:13.218169;39053
25;0;PAGO;-1600186816;13:05:13.181559;13:05:13.218247;36688
25;0;PAGO;-1608579520;13:05:13.183064;13:05:13.218793;35729
25;0;PAGO;-1616972224;13:05:13.185570;13:05:13.220304;34734
25;0;PAGO;-1625364928;13:05:13.189306;13:05:13.220771;31465
25;0;PAGO;-1633757632;13:05:13.193847;13:05:13.221731;27884
25;0;PAGO;-1642150336;13:05:13.196602;13:05:13.222887;26285
25;0;PAGO;-1650543040;13:05:13.199400;13:05:13.225562;26162
25;0;PAGO;-1658935744;13:05:13.201715;13:05:13.225846;24131
25;0;PAGO;-1667328448;13:05:13.207306;13:05:13.226687;19381
25;50;PAGO;-1675721152;13:05:13.209493;13:05:14.095876;886383
25;50;PAGO;-1921046976;13:05:13.369395;13:05:14.096886;727491
25;50;PAGO;-1929439680;13:05:13.371355;13:05:14.097837;726482
25;50;PAGO;-1937832384;13:05:13.375592;13:05:14.098851;723259
25;50;PAGO;-1946225088;13:05:13.376809;13:05:14.099797;722988
25;50;PAGO;-1954617792;13:05:13.378468;13:05:14.100796;722328
25;50;PAGO;-1963010496;13:05:13.381436;13:05:14.101748;720312
25;50;PAGO;-1971403200;13:05:13.385862;13:05:14.102721;716859
25;50;PAGO;-1684113856;13:05:13.211641;13:05:14.126144;914503
25;50;PAGO;-1692506560;13:05:13.215361;13:05:14.150579;935218
25;50;PAGO;-1700899264;13:05:13.217868;13:05:14.176922;959054
25;50;PAGO;-1709291968;13:05:13.220963;13:05:14.204881;983918
25;50;PAGO;-1717684672;13:05:13.223033;13:05:14.238676;1015643
25;50;PAGO;-1726077376;13:05:13.226213;13:05:14.358980;1132767
25;50;PAGO;-1734470080;13:05:13.227484;13:05:14.384918;1157434
25;50;PAGO;-1811941824;13:05:13.233746;13:05:14.404978;1171232
25;50;PAGO;-1820334528;13:05:13.340038;13:05:14.431242;1091204
25;50;PAGO;-1828727232;13:05:13.341398;13:05:14.450774;1109376
25;50;PAGO;-1837119936;13:05:13.342489;13:05:14.472235;1129746
25;50;PAGO;-1845512640;13:05:13.344053;13:05:14.495014;1150961
25;50;PAGO;-1853905344;13:05:13.346539;13:05:14.517639;1171100
25;50;PAGO;-1862298048;13:05:13.350105;13:05:14.538191;1188086
25;50;PAGO;-1870690752;13:05:13.350836;13:05:14.554696;1203860
25;50;PAGO;-1879083456;13:05:13.353012;13:05:14.577205;1224193
25;50;PAGO;-1887476160;13:05:13.355298;13:05:14.595888;1240590
25;50;PAGO;-1895868864;13:05:13.357758;13:05:14.615907;1258149
25;50;PAGO;-1904261568;13:05:13.360622;13:05:14.637372;1276750
25;50;PAGO;-1912654272;13:05:13.364853;13:05:14.660657;1295804
25;0;PAGO;-29366720;13:05:13.108538;13:05:13.189596;81058
25;0;PAGO;-37759424;13:05:13.127486;13:05:13.190976;63490
25;0;PAGO;-96508352;13:05:13.162417;13:05:13.191730;29313
25;0;PAGO;-130079168;13:05:13.179289;13:05:13.192458;13169
25;0;PAGO;-46152128;13:05:13.133177;13:05:13.193555;60378
25;0;PAGO;-54544832;13:05:13.144005;13:05:13.193632;49627
25;0;PAGO;-62937536;13:05:13.149307;13:05:13.194404;45097
25;0;PAGO;-71330240;13:05:13.152930;13:05:13.195804;42874
25;0;PAGO;-79722944;13:05:13.156838;13:05:13.195913;39075
25;0;PAGO;-88115648;13:05:13.159768;13:05:13.196370;36602
25;0;PAGO;-104901056;13:05:13.168014;13:05:13.197337;29323
25;0;PAGO;-113293760;13:05:13.170469;13:05:13.198749;28280
25;0;PAGO;-121686464;13:05:13.173462;13:05:13.199490;26028
25;0;PAGO;-138471872;13:05:13.181400;13:05:13.201022;19622
25;0;PAGO;-146864576;13:05:13.184449;13:05:13.201198;16749
25;0;PAGO;-155257280;13:05:13.186675;13:05:13.202197;15522
25;0;PAGO;-163649984;13:05:13.189377;13:05:13.202818;13441
25;0;PAGO;-172042688;13:05:13.194097;13:05:13.202942;8845
25;0;PAGO;-352364992;13:05:13.234052;13:05:13.234083;31
25;50;PAGO;-180566464;13:05:13.196451;13:05:14.083316;886865
25;50;PAGO;-453077440;13:05:13.369432;13:05:14.084211;714779
25;50;PAGO;-461470144;13:05:13.371388;13:05:14.084874;713486
25;50;PAGO;-469862848;13:05:13.375626;13:05:14.085164;709538
25;50;PAGO;-478255552;13:05:13.376839;13:05:14.086236;709397
25;50;PAGO;-486648256;13:05:13.378500;13:05:14.087221;708721
25;50;PAGO;-495040960;13:05:13.381466;13:05:14.088159;706693
25;50;PAGO;-503433664;13:05:13.385894;13:05:14.089119;703225
25;50;PAGO;-511826368;13:05:13.386863;13:05:14.090253;703390
25;50;PAGO;-188959168;13:05:13.199336;13:05:14.112503;913167
25;50;PAGO;-268437952;13:05:13.201618;13:05:14.135766;934148
25;50;PAGO;-276830656;13:05:13.205205;13:05:14.155640;950435
25;50;PAGO;-285223360;13:05:13.209700;13:05:14.182787;973087
25;50;PAGO;-293616064;13:05:13.213277;13:05:14.209146;995869
25;50;PAGO;-302008768;13:05:13.215952;13:05:14.350682;1134730
25;50;PAGO;-310401472;13:05:13.218478;13:05:14.370287;1151809
25;50;PAGO;-318794176;13:05:13.221225;13:05:14.391873;1170648
25;50;PAGO;-327186880;13:05:13.223318;13:05:14.416658;1193340
25;50;PAGO;-335579584;13:05:13.226599;13:05:14.437141;1210542
25;50;PAGO;-343972288;13:05:13.231308;13:05:14.455784;1224476
25;50;PAGO;-360757696;13:05:13.340338;13:05:14.480039;1139701
25;50;PAGO;-369150400;13:05:13.341704;13:05:14.501539;1159835
25;50;PAGO;-377543104;13:05:13.343389;13:05:14.524454;1181065
25;50;PAGO;-385935808;13:05:13.346968;13:05:14.543217;1196249
25;50;PAGO;-394328512;13:05:13.350370;13:05:14.563551;1213181
25;50;PAGO;-402721216;13:05:13.350864;13:05:14.581252;1230388
25;50;PAGO;-411113920;13:05:13.353042;13:05:14.601762;1248720
25;50;PAGO;-419506624;13:05:13.355334;13:05:14.620800;1265466
25;50;PAGO;-427899328;13:05:13.357787;13:05:14.644032;1286245
25;50;PAGO;-436292032;13:05:13.360654;13:05:14.664571;1303917
25;50;PAGO;-444684736;13:05:13.364890;13:05:14.665581;1300691
25;50;PAGO;1711269440;13:05:13.107085;13:05:13.644617;537532
25;50;PAGO;1702876736;13:05:13.127492;13:05:13.645202;517710
25;50;PAGO;1325205056;13:05:13.379217;13:05:13.645430;266213
25;50;PAGO;1694484032;13:05:13.133138;13:05:13.646057;512919
25;50;PAGO;1686091328;13:05:13.141838;13:05:13.646112;504274
25;50;PAGO;1677698624;13:05:13.150863;13:05:13.646163;495300
25;50;PAGO;1669305920;13:05:13.154619;13:05:13.646211;491592
25;50;PAGO;1660913216;13:05:13.159024;13:05:13.647085;488061
25;50;PAGO;1652520512;13:05:13.161619;13:05:13.647251;485632
25;50;PAGO;1644127808;13:05:13.167206;13:05:13.648041;480835
25;50;PAGO;1635735104;13:05:13.169683;13:05:13.648965;479282
25;50;PAGO;1627342400;13:05:13.172516;13:05:13.649952;477436
25;50;PAGO;1618949696;13:05:13.177178;13:05:13.650984;473806
25;50;PAGO;1610556992;13:05:13.179583;13:05:13.651872;472289
25;50;PAGO;1602164288;13:05:13.181967;13:05:13.652874;470907
25;50;PAGO;1593771584;13:05:13.184866;13:05:13.652927;468061
25;50;PAGO;1585378880;13:05:13.186958;13:05:13.652986;466028
25;50;PAGO;1576986176;13:05:13.192045;13:05:13.653046;461001
25;50;PAGO;1568593472;13:05:13.194584;13:05:13.653824;459240
25;50;PAGO;1560200768;13:05:13.197523;13:05:13.654878;457355
25;50;PAGO;1551808064;13:05:13.199858;13:05:13.655405;455547
25;50;PAGO;1543415360;13:05:13.202214;13:05:13.655792;453578
25;50;PAGO;1535022656;13:05:13.207762;13:05:13.656762;449000
25;50;PAGO;1526629952;13:05:13.211178;13:05:13.656834;445656
25;50;PAGO;1518237248;13:05:13.213508;13:05:13.657746;444238
25;50;PAGO;1509844544;13:05:13.216148;13:05:13.658781;442633
25;50;PAGO;1501451840;13:05:13.218665;13:05:13.658844;440179
25;50;PAGO;1493059136;13:05:13.221429;13:05:13.659016;437587
25;50;PAGO;1484666432;13:05:13.223518;13:05:13.659708;436190
25;50;PAGO;1476273728;13:05:13.226964;13:05:13.660686;433722
25;50;PAGO;1467881024;13:05:13.232954;13:05:13.661718;428764
25;50;PAGO;1459488320;13:05:13.234645;13:05:13.662729;428084
25;50;PAGO;1451095616;13:05:13.340478;13:05:13.662786;322308
25;50;PAGO;1442702912;13:05:13.341851;13:05:13.662836;320985
25;50;PAGO;1434310208;13:05:13.343309;13:05:13.662889;319580
25;50;PAGO;1425917504;13:05:13.346390;13:05:13.663642;317252
25;50;PAGO;1417524800;13:05:13.350038;13:05:13.664602;314564
25;50;PAGO;1409132096;13:05:13.352594;13:05:13.665409;312815
25;50;PAGO;1400739392;13:05:13.355112;13:05:13.665536;310424
25;50;PAGO;1392346688;13:05:13.357634;13:05:13.666592;308958
25;50;PAGO;1383953984;13:05:13.360483;13:05:13.666684;306201
25;50;PAGO;1375561280;13:05:13.364305;13:05:13.667505;303200
25;50;PAGO;1367168576;13:05:13.365516;13:05:13.668495;302979
25;50;PAGO;1358775872;13:05:13.369603;13:05:13.668620;299017
25;50;PAGO;1350383168;13:05:13.371558;13:05:13.669483;297925
25;50;PAGO;1341990464;13:05:13.375808;13:05:13.670497;294689
25;50;PAGO;1333597760;13:05:13.377131;13:05:13.670551;293420
25;50;PAGO;1316812352;13:05:13.381618;13:05:13.670608;288990
25;50;PAGO;1308419648;13:05:13.385997;13:05:13.671427;285430
25;50;PAGO;1300026944;13:05:13.386885;13:05:13.672421;285536
25;50;PAGO;1033889344;13:05:13.107109;13:05:13.674355;567246
25;50;PAGO;1025496640;13:05:13.128416;13:05:13.674590;546174
25;50;PAGO;1017103936;13:05:13.133605;13:05:13.675315;541710
25;50;PAGO;1008711232;13:05:13.141400;13:05:13.676317;534917
25;50;PAGO;1000318528;13:05:13.149142;13:05:13.677273;528131
25;50;PAGO;991925824;13:05:13.152866;13:05:13.677367;524501
25;50;PAGO;983533120;13:05:13.156691;13:05:13.677422;520731
25;50;PAGO;975140416;13:05:13.159899;13:05:13.677484;517585
25;50;PAGO;966747712;13:05:13.163589;13:05:13.678241;514652
25;50;PAGO;958355008;13:05:13.168084;13:05:13.679258;511174
25;50;PAGO;949962304;13:05:13.170359;13:05:13.680229;509870
25;50;PAGO;941569600;13:05:13.173506;13:05:13.681202;507696
25;50;PAGO;933176896;13:05:13.179270;13:05:13.682171;502901
25;50;PAGO;924784192;13:05:13.181419;13:05:13.682232;500813
25;50;PAGO;916391488;13:05:13.183133;13:05:13.683194;500061
25;50;PAGO;907998784;13:05:13.185628;13:05:13.683250;497622
25;50;PAGO;899606080;13:05:13.189086;13:05:13.683301;494215
25;50;PAGO;891213376;13:05:13.193815;13:05:13.683355;489540
25;50;PAGO;882820672;13:05:13.196735;13:05:13.683414;486679
25;50;PAGO;874427968;13:05:13.199372;13:05:13.684124;484752
25;50;PAGO;866035264;13:05:13.201522;13:05:13.684634;483112
25;50;PAGO;857642560;13:05:13.205024;13:05:13.685119;480095
25;50;PAGO;849249856;13:05:13.209515;13:05:13.685414;475899
25;50;PAGO;840857152;13:05:13.211746;13:05:13.686071;474325
25;50;PAGO;832464448;13:05:13.215298;13:05:13.686124;470826
25;50;PAGO;824071744;13:05:13.217786;13:05:13.686174;468388
25;50;PAGO;815679040;13:05:13.220631;13:05:13.686222;465591
25;50;PAGO;807286336;13:05:13.222731;13:05:13.687063;464332
25;50;PAGO;798893632;13:05:13.226058;13:05:13.688018;461960
25;50;PAGO;790500928;13:05:13.227272;13:05:13.688135;460863
25;50;PAGO;782108224;13:05:13.233693;13:05:13.688187;454494
25;50;PAGO;773715520;13:05:13.339975;13:05:13.689007;349032
25;50;PAGO;765322816;13:05:13.341035;13:05:13.689981;348946
25;50;PAGO;756930112;13:05:13.342265;13:05:13.691020;348755
25;50;PAGO;748537408;13:05:13.343411;13:05:13.691074;347663
25;50;PAGO;740144704;13:05:13.346339;13:05:13.691934;345595
25;50;PAGO;731752000;13:05:13.350293;13:05:13.691985;341692
25;50;PAGO;723359296;13:05:13.352511;13:05:13.692124;339613
25;50;PAGO;714966592;13:05:13.354580;13:05:13.692909;338329
25;50;PAGO;706573888;13:05:13.357118;13:05:13.693948;336830
25;50;PAGO;698181184;13:05:13.359907;13:05:13.694002;334095
25;50;PAGO;689788480;13:05:13.363568;13:05:13.694061;330493
25;50;PAGO;681395776;13:05:13.365768;13:05:13.694678;328910
25;50;PAGO;673003072;13:05:13.370164;13:05:13.694859;324695
25;50;PAGO;664610368;13:05:13.374959;13:05:13.695438;320479
25;50;PAGO;656217664;13:05:13.376519;13:05:13.695807;319288
25;50;PAGO;647824960;13:05:13.377535;13:05:13.695891;318356
25;50;PAGO;639432256;13:05:13.380327;13:05:13.696834;316507
25;50;PAGO;631039552;13:05:13.382668;13:05:13.697798;315130
25;50;PAGO;622646848;13:05:13.386459;13:05:13.698795;312336
25;50;PAGO;-1711282624;13:05:13.105251;13:05:13.698860;593609
25;50;PAGO;-1719675328;13:05:13.128414;13:05:13.699067;570653
25;50;PAGO;-1728068032;13:05:13.132713;13:05:13.699517;566804
25;50;PAGO;-1736460736;13:05:13.143979;13:05:13.699740;555761
25;50;PAGO;-1744853440;13:05:13.149566;13:05:13.699866;550300
25;50;PAGO;-1753246144;13:05:13.153047;13:05:13.700724;547677
25;50;PAGO;-1761638848;13:05:13.155393;13:05:13.701701;546308
25;50;PAGO;-1770031552;13:05:13.159809;13:05:13.702723;542914
25;50;PAGO;-1778424256;13:05:13.162537;13:05:13.703677;541140
25;50;PAGO;-1786816960;13:05:13.167889;13:05:13.704605;536716
25;50;PAGO;-1795209664;13:05:13.170546;13:05:13.704658;534112
25;50;PAGO;-1803602368;13:05:13.174719;13:05:13.704710;529991
25;50;PAGO;-1811995072;13:05:13.179243;13:05:13.704766;525523
25;50;PAGO;-1820387776;13:05:13.181494;13:05:13.704828;523334
25;50;PAGO;-1828780480;13:05:13.183170;13:05:13.705425;522255
25;50;PAGO;-1837173184;13:05:13.185453;13:05:13.705494;520041
25;50;PAGO;-1845565888;13:05:13.189063;13:05:13.705569;516506
25;50;PAGO;-1853958592;13:05:13.193920;13:05:13.706599;512679
25;50;PAGO;-1862351296;13:05:13.196621;13:05:13.706654;510033
25;50;PAGO;-1870744000;13:05:13.199267;13:05:13.706714;507447
25;50;PAGO;-1879136704;13:05:13.201764;13:05:13.707549;505785
25;50;PAGO;-1887529408;13:05:13.207404;13:05:13.708513;501109
25;50;PAGO;-1895922112;13:05:13.209761;13:05:13.709490;499729
25;50;PAGO;-1904314816;13:05:13.213173;13:05:13.710518;497345
25;50;PAGO;-1912707520;13:05:13.215564;13:05:13.710607;495043
25;50;PAGO;-1921100224;13:05:13.218085;13:05:13.711468;493383
25;50;PAGO;-1929492928;13:05:13.220994;13:05:13.712439;491445
25;50;PAGO;-1937885632;13:05:13.223085;13:05:13.713417;490332
25;50;PAGO;-1946278336;13:05:13.226372;13:05:13.713947;487575
25;50;PAGO;-1954671040;13:05:13.227451;13:05:13.714006;486555
25;50;PAGO;-1963063744;13:05:13.233727;13:05:13.714284;480557
25;50;PAGO;-1971456448;13:05:13.340007;13:05:13.714675;374668
25;50;PAGO;-1979849152;13:05:13.341380;13:05:13.714942;373562
25;50;PAGO;-1988241856;13:05:13.342421;13:05:13.715432;373011
25;50;PAGO;-1996634560;13:05:13.343985;13:05:13.715486;371501
25;50;PAGO;-2005027264;13:05:13.346577;13:05:13.715926;369349
25;50;PAGO;-2013419968;13:05:13.350230;13:05:13.716889;366659
25;50;PAGO;-2021812672;13:05:13.351193;13:05:13.717195;366002
25;50;PAGO;-2030205376;13:05:13.355033;13:05:13.717270;362237
25;50;PAGO;-2038598080;13:05:13.357378;13:05:13.717886;360508
25;50;PAGO;-2046990784;13:05:13.360243;13:05:13.718906;358663
25;50;PAGO;-2055383488;13:05:13.364115;13:05:13.718961;354846
25;50;PAGO;-2063776192;13:05:13.365480;13:05:13.719860;354380
25;50;PAGO;-2072168896;13:05:13.369570;13:05:13.720815;351245
25;50;PAGO;-2080561600;13:05:13.371529;13:05:13.721798;350269
25;50;PAGO;-2088954304;13:05:13.375782;13:05:13.721851;346069
25;50;PAGO;-2097347008;13:05:13.377109;13:05:13.721906;344797
25;50;PAGO;-2105739712;13:05:13.379197;13:05:13.721965;342768
25;50;PAGO;-2114132416;13:05:13.381599;13:05:13.722815;341216
25;50;PAGO;-2122525120;13:05:13.385972;13:05:13.723753;337781
25;50;PAGO;2099242560;13:05:13.122102;13:05:13.779436;657334
25;50;PAGO;2090849856;13:05:13.131724;13:05:13.780549;648825
25;50;PAGO;2082457152;13:05:13.139321;13:05:13.781333;642012
25;50;PAGO;2074064448;13:05:13.145958;13:05:13.782337;636379
25;50;PAGO;2065671744;13:05:13.150904;13:05:13.783292;632388
25;50;PAGO;2057279040;13:05:13.154660;13:05:13.784263;629603
25;50;PAGO;2048886336;13:05:13.159066;13:05:13.784678;625612
25;50;PAGO;2040493632;13:05:13.161658;13:05:13.785235;623577
25;50;PAGO;2032100928;13:05:13.167249;13:05:13.785458;618209
25;50;PAGO;2023708224;13:05:13.169728;13:05:13.786211;616483
25;50;PAGO;2015315520;13:05:13.172556;13:05:13.787284;614728
25;50;PAGO;2006922816;13:05:13.177219;13:05:13.788191;610972
25;50;PAGO;1998530112;13:05:13.179721;13:05:13.789164;609443
25;50;PAGO;1990137408;13:05:13.182009;13:05:13.790159;608150
25;50;PAGO;1981744704;13:05:13.184905;13:05:13.790217;605312
25;50;PAGO;1973352000;13:05:13.186995;13:05:13.791155;604160
25;50;PAGO;1964959296;13:05:13.192084;13:05:13.792095;600011
25;50;PAGO;1956566592;13:05:13.194623;13:05:13.793068;598445
25;50;PAGO;1948173888;13:05:13.197564;13:05:13.794072;596508
25;50;PAGO;1939781184;13:05:13.199895;13:05:13.794126;594231
25;50;PAGO;1931388480;13:05:13.202998;13:05:13.794175;591177
25;50;PAGO;1922995776;13:05:13.207815;13:05:13.794222;586407
25;50;PAGO;1914603072;13:05:13.211218;13:05:13.794720;583502
25;50;PAGO;1906210368;13:05:13.213547;13:05:13.795000;581453
25;50;PAGO;1897817664;13:05:13.216187;13:05:13.795466;579279
25;50;PAGO;1889424960;13:05:13.218814;13:05:13.795992;577178
25;50;PAGO;1881032256;13:05:13.221467;13:05:13.796956;575489
25;50;PAGO;1872639552;13:05:13.223557;13:05:13.797929;574372
25;50;PAGO;1864246848;13:05:13.227005;13:05:13.798944;571939
25;50;PAGO;1855854144;13:05:13.232996;13:05:13.799916;566920
25;50;PAGO;1847461440;13:05:13.234683;13:05:13.799976;565293
25;50;PAGO;1839068736;13:05:13.340507;13:05:13.800027;459520
25;50;PAGO;1830676032;13:05:13.341752;13:05:13.800076;458324
25;50;PAGO;1822283328;13:05:13.342994;13:05:13.800124;457130
25;50;PAGO;1813890624;13:05:13.344268;13:05:13.800177;455909
25;50;PAGO;1805497920;13:05:13.347441;13:05:13.800873;453432
25;50;PAGO;1797105216;13:05:13.350467;13:05:13.801191;450724
25;50;PAGO;1788712512;13:05:13.352962;13:05:13.801830;448868
25;50;PAGO;1780319808;13:05:13.355152;13:05:13.802845;447693
25;50;PAGO;1771927104;13:05:13.357702;13:05:13.803788;446086
25;50;PAGO;1763534400;13:05:13.360572;13:05:13.804684;444112
25;50;PAGO;1755141696;13:05:13.364803;13:05:13.804753;439950
25;50;PAGO;1746748992;13:05:13.369338;13:05:13.805472;436134
25;50;PAGO;1738356288;13:05:13.371307;13:05:13.805735;434428
25;50;PAGO;1729963584;13:05:13.375540;13:05:13.806771;431231
25;50;PAGO;1721570880;13:05:13.376764;13:05:13.806873;430109
25;50;PAGO;1713178176;13:05:13.378422;13:05:13.807705;429283
25;50;PAGO;1704785472;13:05:13.381384;13:05:13.807759;426375
25;50;PAGO;1696392768;13:05:13.385821;13:05:13.808672;422851
25;50;PAGO;1688000064;13:05:13.386841;13:05:13.809650;422809
25;50;PAGO;-656415168;13:05:13.106603;13:05:13.724281;617678
25;50;PAGO;-664807872;13:05:13.131438;13:05:13.724661;593223
25;50;PAGO;-673200576;13:05:13.133697;13:05:13.724721;591024
25;50;PAGO;-681593280;13:05:13.144212;13:05:13.725123;580911
25;50;PAGO;-689985984;13:05:13.150597;13:05:13.725433;574836
25;50;PAGO;-698378688;13:05:13.153191;13:05:13.725662;572471
25;50;PAGO;-706771392;13:05:13.157568;13:05:13.725885;568317
25;50;PAGO;-715164096;13:05:13.161376;13:05:13.726664;565288
25;50;PAGO;-723556800;13:05:13.163653;13:05:13.726747;563094
25;50;PAGO;-731949504;13:05:13.168124;13:05:13.727352;559228
25;50;PAGO;-740342208;13:05:13.171087;13:05:13.727623;556536
25;50;PAGO;-748734912;13:05:13.174903;13:05:13.727793;552890
25;50;PAGO;-757127616;13:05:13.179158;13:05:13.728175;549017
25;50;PAGO;-765520320;13:05:13.181512;13:05:13.729221;547709
25;50;PAGO;-773913024;13:05:13.183081;13:05:13.729285;546204
25;50;PAGO;-782305728;13:05:13.185590;13:05:13.729350;543760
25;50;PAGO;-790698432;13:05:13.189247;13:05:13.730656;541409
25;50;PAGO;-799091136;13:05:13.193988;13:05:13.730871;536883
25;50;PAGO;-807483840;13:05:13.196685;13:05:13.731554;534869
25;50;PAGO;-815876544;13:05:13.199168;13:05:13.731858;532690
25;50;PAGO;-824269248;13:05:13.201597;13:05:13.732505;530908
25;50;PAGO;-832661952;13:05:13.204962;13:05:13.732897;527935
25;50;PAGO;-841054656;13:05:13.209551;13:05:13.733483;523932
25;50;PAGO;-849447360;13:05:13.213049;13:05:13.733980;520931
25;50;PAGO;-857840064;13:05:13.215493;13:05:13.734500;519007
25;50;PAGO;-866232768;13:05:13.218026;13:05:13.734652;516626
25;50;PAGO;-874625472;13:05:13.221152;13:05:13.735440;514288
25;50;PAGO;-883018176;13:05:13.223216;13:05:13.735603;512387
25;50;PAGO;-891410880;13:05:13.226728;13:05:13.735682;508954
25;50;PAGO;-899803584;13:05:13.231218;13:05:13.736515;505297
25;50;PAGO;-908196288;13:05:13.233980;13:05:13.736591;502611
25;50;PAGO;-916588992;13:05:13.340181;13:05:13.737396;397215
25;50;PAGO;-924981696;13:05:13.341889;13:05:13.737632;395743
25;50;PAGO;-933374400;13:05:13.343176;13:05:13.738438;395262
25;50;PAGO;-941767104;13:05:13.346414;13:05:13.739419;393005
25;50;PAGO;-950159808;13:05:13.349977;13:05:13.740350;390373
25;50;PAGO;-958552512;13:05:13.352388;13:05:13.741325;388937
25;50;PAGO;-966945216;13:05:13.354702;13:05:13.742354;387652
25;50;PAGO;-975337920;13:05:13.356881;13:05:13.743276;386395
25;50;PAGO;-983730624;13:05:13.360131;13:05:13.744259;384128
25;50;PAGO;-992123328;13:05:13.363450;13:05:13.744332;380882
25;50;PAGO;-1000516032;13:05:13.365724;13:05:13.744397;378673
25;50;PAGO;-1008908736;13:05:13.370289;13:05:13.745290;375001
25;50;PAGO;-1017301440;13:05:13.374900;13:05:13.745344;370444
25;50;PAGO;-1025694144;13:05:13.376445;13:05:13.745392;368947
25;50;PAGO;-1034086848;13:05:13.378293;13:05:13.745439;367146
25;50;PAGO;-1042479552;13:05:13.381263;13:05:13.745495;364232
25;50;PAGO;-1050872256;13:05:13.382723;13:05:13.745553;362830
25;50;PAGO;-1059264960;13:05:13.386532;13:05:13.746176;359644
25;50;PAGO;-1067657664;13:05:13.387011;13:05:13.746227;359216
25;50;PAGO;-1476401600;13:05:13.106637;13:05:13.748176;641539
25;50;PAGO;-1484794304;13:05:13.128418;13:05:13.749320;620902
25;50;PAGO;-1493187008;13:05:13.133639;13:05:13.750106;616467
25;50;PAGO;-1501579712;13:05:13.141426;13:05:13.750162;608736
25;50;PAGO;-1509972416;13:05:13.148990;13:05:13.750216;601226
25;50;PAGO;-1518365120;13:05:13.152498;13:05:13.751160;598662
25;50;PAGO;-1526757824;13:05:13.154877;13:05:13.751249;596372
25;50;PAGO;-1535150528;13:05:13.159465;13:05:13.752047;592582
25;50;PAGO;-1543543232;13:05:13.161869;13:05:13.753008;591139
25;50;PAGO;-1551935936;13:05:13.167471;13:05:13.753990;586519
25;50;PAGO;-1560328640;13:05:13.170008;13:05:13.754040;584032
25;50;PAGO;-1568721344;13:05:13.172743;13:05:13.754094;581351
25;50;PAGO;-1577114048;13:05:13.177409;13:05:13.754143;576734
25;50;PAGO;-1585506752;13:05:13.179893;13:05:13.754192;574299
25;50;PAGO;-1593899456;13:05:13.182175;13:05:13.755012;572837
25;50;PAGO;-1602292160;13:05:13.185067;13:05:13.755450;570383
25;50;PAGO;-1610684864;13:05:13.187155;13:05:13.755937;568782
25;50;PAGO;-1619077568;13:05:13.192260;13:05:13.756915;564655
25;50;PAGO;-1627470272;13:05:13.196086;13:05:13.757917;561831
25;50;PAGO;-1635862976;13:05:13.198870;13:05:13.758011;559141
25;50;PAGO;-1644255680;13:05:13.201248;13:05:13.758965;557717
25;50;PAGO;-1652648384;13:05:13.204683;13:05:13.759075;554392
25;50;PAGO;-1661041088;13:05:13.209207;13:05:13.759870;550663
25;50;PAGO;-1669433792;13:05:13.211395;13:05:13.760841;549446
25;50;PAGO;-1677826496;13:05:13.213718;13:05:13.761823;548105
25;50;PAGO;-1686219200;13:05:13.216362;13:05:13.762860;546498
25;50;PAGO;-1694611904;13:05:13.220391;13:05:13.762969;542578
25;50;PAGO;-1703004608;13:05:13.221622;13:05:13.763855;542233
25;50;PAGO;-1711397312;13:05:13.225889;13:05:13.764663;538774
25;50;PAGO;-1719790016;13:05:13.227176;13:05:13.764747;537571
25;50;PAGO;-1728182720;13:05:13.233181;13:05:13.765456;532275
25;50;PAGO;-1736575424;13:05:13.339858;13:05:13.765699;425841
25;50;PAGO;-1744968128;13:05:13.340595;13:05:13.766771;426176
25;50;PAGO;-1753360832;13:05:13.342240;13:05:13.767658;425418
25;50;PAGO;-1761753536;13:05:13.343489;13:05:13.768716;425227
25;50;PAGO;-1770146240;13:05:13.347308;13:05:13.768771;421463
25;50;PAGO;-1778538944;13:05:13.350268;13:05:13.768819;418551
25;50;PAGO;-1786931648;13:05:13.352367;13:05:13.768866;416499
25;50;PAGO;-1795324352;13:05:13.354937;13:05:13.768919;413982
25;50;PAGO;-1803717056;13:05:13.357512;13:05:13.769042;411530
25;50;PAGO;-1812109760;13:05:13.360445;13:05:13.769635;409190
25;50;PAGO;-1820502464;13:05:13.363717;13:05:13.770675;406958
25;50;PAGO;-1828895168;13:05:13.365687;13:05:13.771592;405905
25;50;PAGO;-1837287872;13:05:13.370250;13:05:13.772562;402312
25;50;PAGO;-1845680576;13:05:13.374797;13:05:13.773556;398759
25;50;PAGO;-1854073280;13:05:13.376474;13:05:13.774575;398101
25;50;PAGO;-1862465984;13:05:13.378274;13:05:13.774662;396388
25;50;PAGO;-1870858688;13:05:13.380382;13:05:13.775494;395112
25;50;PAGO;-1879251392;13:05:13.382704;13:05:13.776473;393769
25;50;PAGO;-1887644096;13:05:13.386418;13:05:13.777446;391028
25;50;PAGO;249554496;13:05:13.125676;13:05:13.811590;685914
25;50;PAGO;241161792;13:05:13.132370;13:05:13.812735;680365
25;50;PAGO;232769088;13:05:13.139443;13:05:13.813563;674120
25;50;PAGO;224376384;13:05:13.146387;13:05:13.814068;667681
25;50;PAGO;215983680;13:05:13.151019;13:05:13.814120;663101
25;50;PAGO;207590976;13:05:13.154771;13:05:13.814168;659397
25;50;PAGO;199198272;13:05:13.159388;13:05:13.814223;654835
25;50;PAGO;190805568;13:05:13.161798;13:05:13.815070;653272
25;50;PAGO;182412864;13:05:13.167395;13:05:13.816016;648621
25;50;PAGO;174020160;13:05:13.169832;13:05:13.816987;647155
25;50;PAGO;165627456;13:05:13.172661;13:05:13.817972;645311
25;50;PAGO;157234752;13:05:13.177323;13:05:13.818032;640709
25;50;PAGO;148842048;13:05:13.179811;13:05:13.818079;638268
25;50;PAGO;140449344;13:05:13.182098;13:05:13.818127;636029
25;50;PAGO;132056640;13:05:13.184993;13:05:13.818179;633186
25;50;PAGO;123663936;13:05:13.187083;13:05:13.818228;631145
25;50;PAGO;115271232;13:05:13.192177;13:05:13.818975;626798
25;50;PAGO;106878528;13:05:13.194711;13:05:13.819914;625203
25;50;PAGO;98485824;13:05:13.197647;13:05:13.820892;623245
25;50;PAGO;90093120;13:05:13.201061;13:05:13.820945;619884
25;50;PAGO;81700416;13:05:13.203080;13:05:13.820994;617914
25;50;PAGO;73307712;13:05:13.207893;13:05:13.821911;614018
25;50;PAGO;64915008;13:05:13.211297;13:05:13.822902;611605
25;50;PAGO;56522304;13:05:13.213623;13:05:13.823830;610207
25;50;PAGO;48129600;13:05:13.216264;13:05:13.824735;608471
25;50;PAGO;39736896;13:05:13.218897;13:05:13.824812;605915
25;50;PAGO;31344192;13:05:13.221545;13:05:13.824863;603318
25;50;PAGO;22951488;13:05:13.225672;13:05:13.825202;599530
25;50;PAGO;14558784;13:05:13.227083;13:05:13.825481;598398
25;50;PAGO;6166080;13:05:13.233077;13:05:13.825782;592705
25;50;PAGO;-2226624;13:05:13.237986;13:05:13.826804;588818
25;50;PAGO;-10619328;13:05:13.340565;13:05:13.827729;487164
25;50;PAGO;-19012032;13:05:13.341943;13:05:13.828744;486801
25;50;PAGO;-27404736;13:05:13.343272;13:05:13.829701;486429
25;50;PAGO;-35797440;13:05:13.346520;13:05:13.830724;484204
25;50;PAGO;-44190144;13:05:13.349932;13:05:13.832692;482760
25;50;PAGO;-52582848;13:05:13.352666;13:05:13.833606;480940
25;50;PAGO;-60975552;13:05:13.354957;13:05:13.834617;479660
25;50;PAGO;-69368256;13:05:13.357403;13:05:13.834688;477285
25;50;PAGO;-77760960;13:05:13.360266;13:05:13.835605;475339
25;50;PAGO;-86153664;13:05:13.364094;13:05:13.835718;471624
25;50;PAGO;-94546368;13:05:13.369296;13:05:13.836537;467241
25;50;PAGO;-102939072;13:05:13.371244;13:05:13.836645;465401
25;50;PAGO;-111331776;13:05:13.375497;13:05:13.837520;462023
25;50;PAGO;-119724480;13:05:13.376706;13:05:13.838531;461825
25;50;PAGO;-128117184;13:05:13.378364;13:05:13.839466;461102
25;50;PAGO;-136509888;13:05:13.381346;13:05:13.840069;458723
25;50;PAGO;-144902592;13:05:13.385772;13:05:13.840442;454670
25;50;PAGO;-153295296;13:05:13.386818;13:05:13.841427;454609
25;50;PAGO;-161688000;13:05:13.387089;13:05:13.842460;455371
25;50;PAGO;-681580992;13:05:13.121988;13:05:13.842523;720535
25;50;PAGO;-689973696;13:05:13.131749;13:05:13.842730;710981
25;50;PAGO;-698366400;13:05:13.139362;13:05:13.843388;704026
25;50;PAGO;-706759104;13:05:13.148953;13:05:13.844332;695379
25;50;PAGO;-715151808;13:05:13.151074;13:05:13.844708;693634
25;50;PAGO;-723544512;13:05:13.154838;13:05:13.845300;690462
25;50;PAGO;-731937216;13:05:13.159431;13:05:13.845485;686054
25;50;PAGO;-740329920;13:05:13.161837;13:05:13.846280;684443
25;50;PAGO;-748722624;13:05:13.167436;13:05:13.847334;679898
25;50;PAGO;-757115328;13:05:13.170036;13:05:13.848234;678198
25;50;PAGO;-765508032;13:05:13.172770;13:05:13.849208;676438
25;50;PAGO;-773900736;13:05:13.177440;13:05:13.850260;672820
25;50;PAGO;-782293440;13:05:13.181026;13:05:13.851226;670200
25;50;PAGO;-790686144;13:05:13.182686;13:05:13.852161;669475
25;50;PAGO;-799078848;13:05:13.185194;13:05:13.853140;667946
25;50;PAGO;-807471552;13:05:13.187193;13:05:13.853196;666003
25;50;PAGO;-815864256;13:05:13.192293;13:05:13.853249;660956
25;50;PAGO;-824256960;13:05:13.196123;13:05:13.853297;657174
25;50;PAGO;-832649664;13:05:13.198899;13:05:13.853344;654445
25;50;PAGO;-841042368;13:05:13.201279;13:05:13.854146;652867
25;50;PAGO;-849435072;13:05:13.204721;13:05:13.854198;649477
25;50;PAGO;-857827776;13:05:13.209240;13:05:13.854760;645520
25;50;PAGO;-866220480;13:05:13.211426;13:05:13.855088;643662
25;50;PAGO;-874613184;13:05:13.213748;13:05:13.856102;642354
25;50;PAGO;-883005888;13:05:13.216393;13:05:13.857107;640714
25;50;PAGO;-891398592;13:05:13.220457;13:05:13.857546;637089
25;50;PAGO;-899791296;13:05:13.221775;13:05:13.858023;636248
25;50;PAGO;-908184000;13:05:13.225920;13:05:13.859039;633119
25;50;PAGO;-916576704;13:05:13.227206;13:05:13.859980;632774
25;50;PAGO;-924969408;13:05:13.233213;13:05:13.860949;627736
25;50;PAGO;-933362112;13:05:13.339855;13:05:13.861929;522074
25;50;PAGO;-941754816;13:05:13.340621;13:05:13.861982;521361
25;50;PAGO;-950147520;13:05:13.342183;13:05:13.862036;519853
25;50;PAGO;-958540224;13:05:13.343469;13:05:13.862086;518617
25;50;PAGO;-966932928;13:05:13.346496;13:05:13.862138;515642
25;50;PAGO;-975325632;13:05:13.350058;13:05:13.862187;512129
25;50;PAGO;-983718336;13:05:13.352575;13:05:13.862241;509666
25;50;PAGO;-992111040;13:05:13.354600;13:05:13.862967;508367
25;50;PAGO;-1000503744;13:05:13.357136;13:05:13.863949;506813
25;50;PAGO;-1008896448;13:05:13.359886;13:05:13.864011;504125
25;50;PAGO;-1017289152;13:05:13.363631;13:05:13.864728;501097
25;50;PAGO;-1025681856;13:05:13.365924;13:05:13.864903;498979
25;50;PAGO;-1034074560;13:05:13.370309;13:05:13.865505;495196
25;50;PAGO;-1042467264;13:05:13.375086;13:05:13.865811;490725
25;50;PAGO;-1050859968;13:05:13.376727;13:05:13.866863;490136
25;50;PAGO;-1059252672;13:05:13.378384;13:05:13.867795;489411
25;50;PAGO;-1067645376;13:05:13.381326;13:05:13.868813;487487
25;50;PAGO;-1076038080;13:05:13.385598;13:05:13.869640;484042
25;50;PAGO;-1084430784;13:05:13.386761;13:05:13.869734;482973
25;50;PAGO;-1092823488;13:05:13.387075;13:05:13.870276;483201
25;50;PAGO;1342170688;13:05:13.123248;13:05:13.870746;747498
25;50;PAGO;1333777984;13:05:13.132329;13:05:13.871856;739527
25;50;PAGO;1325385280;13:05:13.139415;13:05:13.872686;733271
25;50;PAGO;1316992576;13:05:13.146354;13:05:13.873661;727307
25;50;PAGO;1308599872;13:05:13.151041;13:05:14.029452;878411
25;50;PAGO;1300207168;13:05:13.154806;13:05:14.030417;875611
25;50;PAGO;1291814464;13:05:13.159273;13:05:14.031384;872111
25;50;PAGO;1283421760;13:05:13.161770;13:05:14.032374;870604
25;50;PAGO;1275029056;13:05:13.167373;13:05:14.033334;865961
25;50;PAGO;1266636352;13:05:13.169865;13:05:14.034318;864453
25;50;PAGO;1258243648;13:05:13.172686;13:05:14.034800;862114
25;50;PAGO;1249850944;13:05:13.177353;13:05:14.035284;857931
25;50;PAGO;1241458240;13:05:13.179842;13:05:14.035591;855749
25;50;PAGO;1233065536;13:05:13.182129;13:05:14.036269;854140
25;50;PAGO;1224672832;13:05:13.185027;13:05:14.037268;852241
25;50;PAGO;1216280128;13:05:13.187125;13:05:14.038229;851104
25;50;PAGO;1207887424;13:05:13.192221;13:05:14.039232;847011
25;50;PAGO;1199494720;13:05:13.196038;13:05:14.040192;844154
25;50;PAGO;1191102016;13:05:13.198827;13:05:14.040251;841424
25;50;PAGO;1182709312;13:05:13.201115;13:05:14.040302;839187
25;50;PAGO;1174316608;13:05:13.204643;13:05:14.040351;835708
25;50;PAGO;1165923904;13:05:13.209106;13:05:14.040399;831293
25;50;PAGO;1157531200;13:05:13.211349;13:05:14.041145;829796
25;50;PAGO;1149138496;13:05:13.213672;13:05:14.041787;828115
25;50;PAGO;1140745792;13:05:13.216316;13:05:14.042118;825802
25;50;PAGO;1132353088;13:05:13.220426;13:05:14.042170;821744
25;50;PAGO;1123960384;13:05:13.221682;13:05:14.042224;820542
25;50;PAGO;1115567680;13:05:13.225793;13:05:14.043168;817375
25;50;PAGO;1107174976;13:05:13.227145;13:05:14.044078;816933
25;50;PAGO;1098782272;13:05:13.233147;13:05:14.044813;811666
25;50;PAGO;1090389568;13:05:13.339853;13:05:14.045047;705194
25;50;PAGO;1081996864;13:05:13.340649;13:05:14.045597;704948
25;50;PAGO;1073604160;13:05:13.342047;13:05:14.046029;703982
25;50;PAGO;1065211456;13:05:13.343196;13:05:14.047061;703865
25;50;PAGO;1056818752;13:05:13.346911;13:05:14.047978;701067
25;50;PAGO;1048426048;13:05:13.350189;13:05:14.048960;698771
25;50;PAGO;1040033344;13:05:13.352536;13:05:14.049938;697402
25;50;PAGO;1031640640;13:05:13.354646;13:05:14.050972;696326
25;50;PAGO;1023247936;13:05:13.357096;13:05:14.051049;693953
25;50;PAGO;1014855232;13:05:13.360031;13:05:14.051910;691879
25;50;PAGO;1006462528;13:05:13.363593;13:05:14.052889;689296
25;50;PAGO;998069824;13:05:13.365747;13:05:14.052942;687195
25;50;PAGO;989677120;13:05:13.370230;13:05:14.053002;682772
25;50;PAGO;981284416;13:05:13.374845;13:05:14.053051;678206
25;50;PAGO;972891712;13:05:13.376500;13:05:14.053098;676598
25;50;PAGO;964499008;13:05:13.378334;13:05:14.053145;674811
25;50;PAGO;956106304;13:05:13.381299;13:05:14.053893;672594
25;50;PAGO;947713600;13:05:13.385640;13:05:14.054852;669212
25;50;PAGO;939320896;13:05:13.386790;13:05:14.055797;669007
25;50;PAGO;930928192;13:05:13.387076;13:05:14.056796;669720
