10;100;PAGO;-1593842112;22:05:51.364271;22:05:53.169688;1805417
10;100;PAGO;-1602234816;22:05:52.365537;22:05:53.570051;1204514
10;100;PAGO;-1610627520;22:05:52.365795;22:05:53.970895;1605100
10;100;PAGO;-1619020224;22:05:52.366052;22:05:54.371213;2005161
10;100;PAGO;-1627412928;22:05:52.366430;22:05:54.771852;2405422
10;100;PAGO;-1635805632;22:05:52.366690;22:05:55.172449;2805759
10;100;PAGO;-1644198336;22:05:52.366978;22:05:55.573337;3206359
10;100;PAGO;-1652591040;22:05:52.367268;22:05:55.973713;3606445
10;100;PAGO;-1660983744;22:05:52.367528;22:05:56.374069;4006541
10;100;PAGO;-1669376448;22:05:52.367933;22:05:56.774793;4406860
10;100;PAGO;-1677769152;22:05:52.369633;22:05:57.175218;4805585
10;100;PAGO;-1686161856;22:05:52.369908;22:05:57.575372;5205464
10;100;PAGO;-1694554560;22:05:52.371674;22:05:57.975573;5603899
10;100;PAGO;-1702947264;22:05:52.371872;22:05:58.375696;6003824
10;100;PAGO;-1711339968;22:05:52.372079;22:05:58.776666;6404587
10;100;PAGO;-1719732672;22:05:52.372288;22:05:59.177329;6805041
10;100;PAGO;-1728125376;22:05:52.372478;22:05:59.577450;7204972
10;100;PAGO;-1736518080;22:05:52.372668;22:05:59.978050;7605382
10;100;PAGO;-1744910784;22:05:52.372863;22:06:00.378347;8005484
10;100;PAGO;-1753303488;22:05:52.373074;22:06:00.778513;8405439
10;100;PAGO;-1761696192;22:05:52.373268;22:06:01.178630;8805362
10;100;PAGO;-1770088896;22:05:52.373501;22:06:01.579407;9205906
10;100;PAGO;-1778481600;22:05:52.373692;22:06:01.979585;9605893
10;100;PAGO;-1786874304;22:05:52.374155;22:06:02.379726;10005571
10;100;PAGO;-1795267008;22:05:52.376764;22:06:02.779902;10403138
10;100;PAGO;-1803659712;22:05:52.376999;22:06:03.180257;10803258
10;100;PAGO;-1812052416;22:05:52.377281;22:06:03.581303;11204022
10;100;PAGO;-1820445120;22:05:52.377524;22:06:03.982122;11604598
10;100;PAGO;-1828837824;22:05:52.377765;22:06:04.382823;12005058
10;100;PAGO;-1837230528;22:05:52.378019;22:06:04.783370;12405351
10;100;PAGO;-1845623232;22:05:52.378223;22:06:05.183540;12805317
10;100;PAGO;-1854015936;22:05:52.378422;22:06:05.584284;13205862
10;100;PAGO;-1862408640;22:05:52.378630;22:06:05.984400;13605770
10;100;PAGO;-1870801344;22:05:52.378825;22:06:06.385136;14006311
10;100;PAGO;-1879194048;22:05:52.382270;22:06:06.785370;14403100
10;100;PAGO;-1887586752;22:05:52.382490;22:06:07.185927;14803437
10;100;PAGO;-1895979456;22:05:52.382688;22:06:07.587034;15204346
10;100;PAGO;-1904372160;22:05:52.382903;22:06:07.987188;15604285
10;100;PAGO;-1912764864;22:05:52.383104;22:06:08.387379;16004275
10;100;PAGO;-1921157568;22:05:52.383305;22:06:08.787548;16404243
10;100;PAGO;-1929550272;22:05:52.383501;22:06:09.188214;16804713
10;100;PAGO;-1937942976;22:05:52.383699;22:06:09.588324;17204625
10;100;PAGO;-1946335680;22:05:52.384140;22:06:09.988509;17604369
10;100;PAGO;-1954728384;22:05:52.384333;22:06:10.389012;18004679
10;100;PAGO;-1963121088;22:05:52.384529;22:06:10.789139;18404610
10;100;PAGO;-1971513792;22:05:52.384731;22:06:11.189246;18804515
10;100;PAGO;-1979906496;22:05:52.384971;22:06:11.589413;19204442
10;100;PAGO;-1988299200;22:05:52.385297;22:06:11.989945;19604648
10;100;PAGO;-1996691904;22:05:52.385503;22:06:12.390377;20004874
10;100;PAGO;-2005084608;22:05:52.385706;22:06:12.791111;20405405
10;100;PAGO;-2013477312;22:05:52.387233;22:06:13.191290;20804057
10;100;PAGO;-2021870016;22:05:52.387443;22:06:13.592198;21204755
10;100;PAGO;-2030262720;22:05:52.387641;22:06:13.992921;21605280
10;100;PAGO;-2038655424;22:05:52.387907;22:06:14.393355;22005448
10;100;PAGO;-2047048128;22:05:52.388140;22:06:14.793479;22405339
10;100;PAGO;-2055440832;22:05:52.388337;22:06:15.193819;22805482
10;100;PAGO;-2063833536;22:05:52.388530;22:06:15.593991;23205461
10;100;PAGO;-2072226240;22:05:52.391804;22:06:15.994664;23602860
10;100;PAGO;-2080618944;22:05:52.392015;22:06:16.395266;24003251
10;100;PAGO;-2089011648;22:05:52.392212;22:06:16.795395;24403183
10;100;PAGO;-2097404352;22:05:52.392415;22:06:17.195746;24803331
10;100;PAGO;-2105797056;22:05:52.394265;22:06:17.595866;25201601
10;100;PAGO;-2114189760;22:05:52.394488;22:06:17.996008;25601520
10;100;PAGO;-2122582464;22:05:52.395007;22:06:18.396183;26001176
10;100;PAGO;-2130975168;22:05:52.395201;22:06:18.796595;26401394
10;100;PAGO;-2139367872;22:05:52.395404;22:06:19.196737;26801333
10;100;PAGO;2147206720;22:05:52.395627;22:06:19.597287;27201660
10;100;PAGO;2138814016;22:05:52.395828;22:06:19.997394;27601566
10;100;PAGO;2130421312;22:05:52.396023;22:06:20.397524;28001501
10;100;PAGO;2122028608;22:05:52.396277;22:06:20.797644;28401367
10;100;PAGO;2113635904;22:05:52.396475;22:06:21.198719;28802244
10;100;PAGO;2105243200;22:05:52.396828;22:06:21.598883;29202055
10;100;PAGO;2096850496;22:05:52.397087;22:06:21.999398;29602311
10;100;PAGO;2088457792;22:05:52.397286;22:06:22.399523;30002237
10;100;PAGO;2080065088;22:05:52.397493;22:06:22.800443;30402950
10;100;PAGO;2071672384;22:05:52.397803;22:06:23.201003;30803200
10;100;PAGO;2063279680;22:05:52.398003;22:06:23.601190;31203187
10;100;PAGO;2054886976;22:05:52.398201;22:06:24.001317;31603116
10;100;PAGO;2046494272;22:05:52.398472;22:06:24.401444;32002972
10;100;PAGO;2038101568;22:05:52.398679;22:06:24.801558;32402879
10;100;PAGO;2029708864;22:05:52.398873;22:06:25.201735;32802862
10;100;PAGO;2021316160;22:05:52.399069;22:06:25.602697;33203628
10;100;PAGO;2012923456;22:05:52.399263;22:06:26.003147;33603884
10;100;PAGO;2004530752;22:05:52.399476;22:06:26.403272;34003796
10;100;PAGO;1996138048;22:05:52.399674;22:06:26.803390;34403716
10;100;PAGO;1987745344;22:05:52.399863;22:06:27.203521;34803658
10;100;PAGO;1979352640;22:05:52.400053;22:06:27.603649;35203596
10;100;PAGO;1970959936;22:05:52.400251;22:06:28.004424;35604173
10;100;PAGO;1962567232;22:05:52.400461;22:06:28.405033;36004572
10;100;PAGO;1954174528;22:05:52.400654;22:06:28.805209;36404555
10;100;PAGO;1945781824;22:05:52.400839;22:06:29.205985;36805146
10;100;PAGO;1937389120;22:05:52.401099;22:06:29.606533;37205434
10;100;PAGO;1928996416;22:05:52.401277;22:06:30.006651;37605374
10;100;PAGO;1920603712;22:05:52.401471;22:06:30.407099;38005628
10;100;PAGO;1912211008;22:05:52.401808;22:06:30.807322;38405514
10;100;PAGO;1903818304;22:05:52.401978;22:06:31.208063;38806085
10;100;PAGO;1895425600;22:05:52.402046;22:06:31.608541;39206495
10;100;PAGO;1887032896;22:05:52.402063;22:06:32.009052;39606989
10;100;PAGO;1878640192;22:05:52.402079;22:06:32.409182;40007103
10;100;PAGO;1870247488;22:05:52.402084;22:06:32.809319;40407235
10;100;PAGO;-205527488;22:05:51.364206;22:06:33.310596;41946390
10;100;PAGO;-213920192;22:05:52.364636;22:06:33.711167;41346531
10;100;PAGO;-222312896;22:05:52.364864;22:06:34.112029;41747165
10;100;PAGO;-230705600;22:05:52.365094;22:06:34.512828;42147734
10;100;PAGO;-239098304;22:05:52.365384;22:06:34.913016;42547632
10;100;PAGO;-247491008;22:05:52.365644;22:06:35.313721;42948077
10;100;PAGO;-255883712;22:05:52.365897;22:06:35.713916;43348019
10;100;PAGO;-264276416;22:05:52.366154;22:06:36.114659;43748505
10;100;PAGO;-272669120;22:05:52.366532;22:06:36.515735;44149203
10;100;PAGO;-281061824;22:05:52.366802;22:06:36.915890;44549088
10;100;PAGO;-289454528;22:05:52.367094;22:06:37.316661;44949567
10;100;PAGO;-297847232;22:05:52.367370;22:06:37.717154;45349784
10;100;PAGO;-306239936;22:05:52.367765;22:06:38.117603;45749838
10;100;PAGO;-314632640;22:05:52.368034;22:06:38.517716;46149682
10;100;PAGO;-323025344;22:05:52.369744;22:06:38.918502;46548758
10;100;PAGO;-331418048;22:05:52.370010;22:06:39.318613;46948603
10;100;PAGO;-339810752;22:05:52.371755;22:06:39.719078;47347323
10;100;PAGO;-348203456;22:05:52.371947;22:06:40.119232;47747285
10;100;PAGO;-356596160;22:05:52.372164;22:06:40.519387;48147223
10;100;PAGO;-364988864;22:05:52.372365;22:06:40.920266;48547901
10;100;PAGO;-373381568;22:05:52.372555;22:06:41.320454;48947899
10;100;PAGO;-381774272;22:05:52.372742;22:06:41.721369;49348627
10;100;PAGO;-390166976;22:05:52.372940;22:06:42.121903;49748963
10;100;PAGO;-398559680;22:05:52.373150;22:06:42.522077;50148927
10;100;PAGO;-406952384;22:05:52.373378;22:06:42.922848;50549470
10;100;PAGO;-415345088;22:05:52.373578;22:06:43.323093;50949515
10;100;PAGO;-423737792;22:05:52.373770;22:06:43.723327;51349557
10;100;PAGO;-432130496;22:05:52.374232;22:06:44.124270;51750038
10;100;PAGO;-440523200;22:05:52.376847;22:06:44.524685;52147838
10;100;PAGO;-448915904;22:05:52.377136;22:06:44.925753;52548617
10;100;PAGO;-457308608;22:05:52.377397;22:06:45.326519;52949122
10;100;PAGO;-465701312;22:05:52.377601;22:06:45.726895;53349294
10;100;PAGO;-474094016;22:05:52.377877;22:06:46.127791;53749914
10;100;PAGO;-482486720;22:05:52.378103;22:06:46.528294;54150191
10;100;PAGO;-490879424;22:05:52.378302;22:06:46.928478;54550176
10;100;PAGO;-499272128;22:05:52.378510;22:06:47.328650;54950140
10;100;PAGO;-507664832;22:05:52.378708;22:06:47.728847;55350139
10;100;PAGO;-516057536;22:05:52.382139;22:06:48.129048;55746909
10;100;PAGO;-524450240;22:05:52.382359;22:06:48.529233;56146874
10;100;PAGO;-532842944;22:05:52.382568;22:06:48.929359;56546791
10;100;PAGO;-541235648;22:05:52.382763;22:06:49.329476;56946713
10;100;PAGO;-549628352;22:05:52.382980;22:06:49.729923;57346943
10;100;PAGO;-558021056;22:05:52.383187;22:06:50.130064;57746877
10;100;PAGO;-566413760;22:05:52.383384;22:06:50.530231;58146847
10;100;PAGO;-574806464;22:05:52.383580;22:06:50.930352;58546772
10;100;PAGO;-583199168;22:05:52.384018;22:06:51.330468;58946450
10;100;PAGO;-591591872;22:05:52.384216;22:06:51.730637;59346421
10;100;PAGO;-599984576;22:05:52.384412;22:06:52.130821;59746409
10;100;PAGO;-608377280;22:05:52.384614;22:06:52.530936;60146322
10;100;PAGO;-616769984;22:05:52.384825;22:06:52.931109;60546284
10;100;PAGO;-625162688;22:05:52.385166;22:06:53.332032;60946866
10;100;PAGO;-633555392;22:05:52.385381;22:06:53.732407;61347026
10;100;PAGO;-641948096;22:05:52.385586;22:06:54.132937;61747351
10;100;PAGO;-650340800;22:05:52.387108;22:06:54.533818;62146710
10;100;PAGO;-658733504;22:05:52.387320;22:06:54.933972;62546652
10;100;PAGO;-667126208;22:05:52.387521;22:06:55.334079;62946558
10;100;PAGO;-675518912;22:05:52.387764;22:06:55.734451;63346687
10;100;PAGO;-683911616;22:05:52.387996;22:06:56.134563;63746567
10;100;PAGO;-692304320;22:05:52.388201;22:06:56.535293;64147092
10;100;PAGO;-700697024;22:05:52.388394;22:06:56.935715;64547321
10;100;PAGO;-709089728;22:05:52.388588;22:06:57.335824;64947236
10;100;PAGO;-717482432;22:05:52.391869;22:06:57.736353;65344484
10;100;PAGO;-725875136;22:05:52.392074;22:06:58.136660;65744586
10;100;PAGO;-734267840;22:05:52.392277;22:06:58.536838;66144561
10;100;PAGO;-742660544;22:05:52.392475;22:06:58.937228;66544753
10;100;PAGO;-751053248;22:05:52.394332;22:06:59.337896;66943564
10;100;PAGO;-759445952;22:05:52.394854;22:06:59.738489;67343635
10;100;PAGO;-767838656;22:05:52.395065;22:07:00.138799;67743734
10;100;PAGO;-776231360;22:05:52.395261;22:07:00.539501;68144240
10;100;PAGO;-784624064;22:05:52.395464;22:07:00.939712;68544248
10;100;PAGO;-793016768;22:05:52.395686;22:07:01.340439;68944753
10;100;PAGO;-801409472;22:05:52.395886;22:07:01.740808;69344922
10;100;PAGO;-809802176;22:05:52.396138;22:07:02.141649;69745511
10;100;PAGO;-818194880;22:05:52.396337;22:07:02.542166;70145829
10;100;PAGO;-826587584;22:05:52.396548;22:07:02.943396;70546848
10;100;PAGO;-834980288;22:05:52.396900;22:07:03.344119;70947219
10;100;PAGO;-843372992;22:05:52.397146;22:07:03.744620;71347474
10;100;PAGO;-851765696;22:05:52.397342;22:07:04.144955;71747613
10;100;PAGO;-860158400;22:05:52.397563;22:07:04.545580;72148017
10;100;PAGO;-868551104;22:05:52.397867;22:07:04.945731;72547864
10;100;PAGO;-876943808;22:05:52.398062;22:07:05.346414;72948352
10;100;PAGO;-885336512;22:05:52.398268;22:07:05.746811;73348543
10;100;PAGO;-893729216;22:05:52.398539;22:07:06.147074;73748535
10;100;PAGO;-902121920;22:05:52.398737;22:07:06.548007;74149270
10;100;PAGO;-910514624;22:05:52.398935;22:07:06.948188;74549253
10;100;PAGO;-918907328;22:05:52.399127;22:07:07.348501;74949374
10;100;PAGO;-927300032;22:05:52.399320;22:07:07.748886;75349566
10;100;PAGO;-935692736;22:05:52.399538;22:07:08.149084;75749546
10;100;PAGO;-944085440;22:05:52.399731;22:07:08.549472;76149741
10;100;PAGO;-952478144;22:05:52.399921;22:07:08.949693;76549772
10;100;PAGO;-960870848;22:05:52.400112;22:07:09.350219;76950107
10;100;PAGO;-969263552;22:05:52.400308;22:07:09.750342;77350034
10;100;PAGO;-977656256;22:05:52.400517;22:07:10.150730;77750213
10;100;PAGO;-986048960;22:05:52.400709;22:07:10.550840;78150131
10;100;PAGO;-994441664;22:05:52.400987;22:07:10.951390;78550403
10;100;PAGO;-1002834368;22:05:52.401159;22:07:11.351546;78950387
10;100;PAGO;-1011227072;22:05:52.401332;22:07:11.751722;79350390
10;100;PAGO;-1019619776;22:05:52.401527;22:07:12.151872;79750345
10;100;PAGO;-1028012480;22:05:52.401869;22:07:12.551998;80150129
10;100;PAGO;-1036405184;22:05:52.401998;22:07:12.952195;80550197
10;100;PAGO;849339968;22:05:51.364115;22:07:13.452500;82088385
10;100;PAGO;840947264;22:05:52.364529;22:07:13.852791;81488262
10;100;PAGO;832554560;22:05:52.364766;22:07:14.253001;81888235
10;100;PAGO;824161856;22:05:52.364996;22:07:14.653383;82288387
10;100;PAGO;815769152;22:05:52.365220;22:07:15.054145;82688925
10;100;PAGO;807376448;22:05:52.365512;22:07:15.454296;83088784
10;100;PAGO;798983744;22:05:52.365771;22:07:15.854455;83488684
10;100;PAGO;790591040;22:05:52.366028;22:07:16.254806;83888778
10;100;PAGO;782198336;22:05:52.366405;22:07:16.654948;84288543
10;100;PAGO;773805632;22:05:52.366665;22:07:17.055121;84688456
10;100;PAGO;765412928;22:05:52.366953;22:07:17.455303;85088350
10;100;PAGO;757020224;22:05:52.367243;22:07:17.856144;85488901
10;100;PAGO;748627520;22:05:52.367504;22:07:18.257193;85889689
10;100;PAGO;740234816;22:05:52.367905;22:07:18.657729;86289824
10;100;PAGO;731842112;22:05:52.369590;22:07:19.057835;86688245
10;100;PAGO;723449408;22:05:52.369881;22:07:19.458053;87088172
10;100;PAGO;715056704;22:05:52.371654;22:07:19.858285;87486631
10;100;PAGO;706664000;22:05:52.371853;22:07:20.258415;87886562
10;100;PAGO;698271296;22:05:52.372045;22:07:20.658547;88286502
10;100;PAGO;689878592;22:05:52.372269;22:07:21.058786;88686517
10;100;PAGO;681485888;22:05:52.372459;22:07:21.459235;89086776
10;100;PAGO;673093184;22:05:52.372651;22:07:21.859755;89487104
10;100;PAGO;664700480;22:05:52.372845;22:07:22.259923;89887078
10;100;PAGO;656307776;22:05:52.373039;22:07:22.660650;90287611
10;100;PAGO;647915072;22:05:52.373248;22:07:23.060825;90687577
10;100;PAGO;639522368;22:05:52.373483;22:07:23.461417;91087934
10;100;PAGO;631129664;22:05:52.373674;22:07:23.861849;91488175
10;100;PAGO;622736960;22:05:52.374135;22:07:24.261962;91887827
10;100;PAGO;614344256;22:05:52.376740;22:07:24.662307;92285567
10;100;PAGO;605951552;22:05:52.376976;22:07:25.062468;92685492
10;100;PAGO;597558848;22:05:52.377257;22:07:25.462767;93085510
10;100;PAGO;589166144;22:05:52.377504;22:07:25.862881;93485377
10;100;PAGO;580773440;22:05:52.377955;22:07:26.263366;93885411
10;100;PAGO;572380736;22:05:52.378164;22:07:26.663489;94285325
10;100;PAGO;563988032;22:05:52.378364;22:07:27.063579;94685215
10;100;PAGO;555595328;22:05:52.378569;22:07:27.463888;95085319
10;100;PAGO;547202624;22:05:52.378768;22:07:27.864552;95485784
10;100;PAGO;538809920;22:05:52.382202;22:07:28.264755;95882553
10;100;PAGO;530417216;22:05:52.382421;22:07:28.665186;96282765
10;100;PAGO;522024512;22:05:52.382627;22:07:29.065946;96683319
10;100;PAGO;513631808;22:05:52.382838;22:07:29.466306;97083468
10;100;PAGO;505239104;22:05:52.383038;22:07:29.867196;97484158
10;100;PAGO;496846400;22:05:52.383243;22:07:30.267363;97884120
10;100;PAGO;488453696;22:05:52.383441;22:07:30.667806;98284365
10;100;PAGO;480060992;22:05:52.383639;22:07:31.067937;98684298
10;100;PAGO;471668288;22:05:52.384076;22:07:31.468146;99084070
10;100;PAGO;463275584;22:05:52.384273;22:07:31.868501;99484228
10;100;PAGO;454882880;22:05:52.384468;22:07:32.269134;99884666
10;100;PAGO;446490176;22:05:52.384671;22:07:32.669261;100284590
10;100;PAGO;438097472;22:05:52.384886;22:07:33.069576;100684690
10;100;PAGO;429704768;22:05:52.385234;22:07:33.470137;101084903
10;100;PAGO;421312064;22:05:52.385439;22:07:33.870252;101484813
10;100;PAGO;412919360;22:05:52.385645;22:07:34.271178;101885533
10;100;PAGO;404526656;22:05:52.387171;22:07:34.672238;102285067
10;100;PAGO;396133952;22:05:52.387381;22:07:35.072807;102685426
10;100;PAGO;387741248;22:05:52.387579;22:07:35.473320;103085741
10;100;PAGO;379348544;22:05:52.387826;22:07:35.873683;103485857
10;100;PAGO;370955840;22:05:52.388057;22:07:36.274062;103886005
10;100;PAGO;362563136;22:05:52.388260;22:07:36.674656;104286396
10;100;PAGO;354170432;22:05:52.388455;22:07:37.075314;104686859
10;100;PAGO;345777728;22:05:52.388653;22:07:37.475595;105086942
10;100;PAGO;337385024;22:05:52.391935;22:07:37.875828;105483893
10;100;PAGO;328992320;22:05:52.392132;22:07:38.276180;105884048
10;100;PAGO;320599616;22:05:52.392336;22:07:38.676395;106284059
10;100;PAGO;312206912;22:05:52.392536;22:07:39.076506;106683970
10;100;PAGO;303814208;22:05:52.394398;22:07:39.476635;107082237
10;100;PAGO;295421504;22:05:52.394921;22:07:39.876761;107481840
10;100;PAGO;287028800;22:05:52.395124;22:07:40.277461;107882337
10;100;PAGO;278636096;22:05:52.395321;22:07:40.677648;108282327
10;100;PAGO;270243392;22:05:52.395545;22:07:41.077791;108682246
10;100;PAGO;261850688;22:05:52.395747;22:07:41.478426;109082679
10;100;PAGO;253457984;22:05:52.395945;22:07:41.878667;109482722
10;100;PAGO;245065280;22:05:52.396198;22:07:42.278780;109882582
10;100;PAGO;236672576;22:05:52.396396;22:07:42.678907;110282511
10;100;PAGO;228279872;22:05:52.396611;22:07:43.079073;110682462
10;100;PAGO;219887168;22:05:52.397005;22:07:43.479661;111082656
10;100;PAGO;211494464;22:05:52.397205;22:07:43.880509;111483304
10;100;PAGO;203101760;22:05:52.397400;22:07:44.281514;111884114
10;100;PAGO;194709056;22:05:52.397717;22:07:44.681653;112283936
10;100;PAGO;186316352;22:05:52.397924;22:07:45.082396;112684472
10;100;PAGO;177923648;22:05:52.398123;22:07:45.482719;113084596
10;100;PAGO;169530944;22:05:52.398330;22:07:45.883564;113485234
10;100;PAGO;161138240;22:05:52.398597;22:07:46.283996;113885399
10;100;PAGO;152745536;22:05:52.398795;22:07:46.684695;114285900
10;100;PAGO;144352832;22:05:52.398992;22:07:47.085074;114686082
10;100;PAGO;135960128;22:05:52.399187;22:07:47.485912;115086725
10;100;PAGO;127567424;22:05:52.399377;22:07:47.886135;115486758
10;100;PAGO;119174720;22:05:52.399597;22:07:48.286284;115886687
10;100;PAGO;110782016;22:05:52.399787;22:07:48.686571;116286784
10;100;PAGO;102389312;22:05:52.399976;22:07:49.086748;116686772
10;100;PAGO;93996608;22:05:52.400177;22:07:49.487844;117087667
10;100;PAGO;85603904;22:05:52.400366;22:07:49.888358;117487992
10;100;PAGO;77211200;22:05:52.400574;22:07:50.288530;117887956
10;100;PAGO;68818496;22:05:52.400771;22:07:50.689620;118288849
10;100;PAGO;60425792;22:05:52.401042;22:07:51.090371;118689329
10;100;PAGO;52033088;22:05:52.401219;22:07:51.490499;119089280
10;100;PAGO;43640384;22:05:52.401412;22:07:51.890646;119489234
10;100;PAGO;35247680;22:05:52.401582;22:07:52.291464;119889882
10;100;PAGO;26854976;22:05:52.401932;22:07:52.691626;120289694
10;100;PAGO;18462272;22:05:52.402018;22:07:53.092013;120689995
10;100;PAGO;654304832;22:05:51.364085;22:07:53.592324;122228239
10;100;PAGO;645912128;22:05:52.364502;22:07:53.992696;121628194
10;100;PAGO;637519424;22:05:52.364739;22:07:54.393868;122029129
10;100;PAGO;629126720;22:05:52.364970;22:07:54.795631;122430661
10;100;PAGO;620734016;22:05:52.365196;22:07:55.196506;122831310
10;100;PAGO;612341312;22:05:52.365488;22:07:55.597283;123231795
10;100;PAGO;603948608;22:05:52.365744;22:07:55.997445;123631701
10;100;PAGO;595555904;22:05:52.366004;22:07:56.397651;124031647
10;100;PAGO;587163200;22:05:52.366376;22:07:56.798290;124431914
10;100;PAGO;578770496;22:05:52.366637;22:07:57.198489;124831852
10;100;PAGO;570377792;22:05:52.366926;22:07:57.598956;125232030
10;100;PAGO;561985088;22:05:52.367218;22:07:57.999071;125631853
10;100;PAGO;553592384;22:05:52.367480;22:07:58.399708;126032228
10;100;PAGO;545199680;22:05:52.367875;22:07:58.800418;126432543
10;100;PAGO;536806976;22:05:52.368145;22:07:59.200905;126832760
10;100;PAGO;528414272;22:05:52.369852;22:07:59.601815;127231963
10;100;PAGO;520021568;22:05:52.371633;22:08:00.003855;127632222
10;100;PAGO;511628864;22:05:52.371835;22:08:00.404456;128032621
10;100;PAGO;503236160;22:05:52.372026;22:08:00.805168;128433142
10;100;PAGO;494843456;22:05:52.372248;22:08:01.206110;128833862
10;100;PAGO;486450752;22:05:52.372440;22:08:01.606325;129233885
10;100;PAGO;478058048;22:05:52.372632;22:08:02.006834;129634202
10;100;PAGO;469665344;22:05:52.372826;22:08:02.407006;130034180
10;100;PAGO;461272640;22:05:52.373019;22:08:02.807205;130434186
10;100;PAGO;452879936;22:05:52.373229;22:08:03.207382;130834153
10;100;PAGO;444487232;22:05:52.373464;22:08:03.607534;131234070
10;100;PAGO;436094528;22:05:52.373655;22:08:04.007660;131634005
10;100;PAGO;427701824;22:05:52.374116;22:08:04.408180;132034064
10;100;PAGO;419309120;22:05:52.376718;22:08:04.808408;132431690
10;100;PAGO;410916416;22:05:52.376931;22:08:05.208821;132831890
10;100;PAGO;402523712;22:05:52.377235;22:08:05.609823;133232588
10;100;PAGO;394131008;22:05:52.377483;22:08:06.010187;133632704
10;100;PAGO;385738304;22:05:52.377682;22:08:06.410409;134032727
10;100;PAGO;377345600;22:05:52.377998;22:08:06.810581;134432583
10;100;PAGO;368952896;22:05:52.378204;22:08:07.210905;134832701
10;100;PAGO;360560192;22:05:52.378404;22:08:07.611906;135233502
10;100;PAGO;352167488;22:05:52.378610;22:08:08.012965;135634355
10;100;PAGO;343774784;22:05:52.378806;22:08:08.413376;136034570
10;100;PAGO;335382080;22:05:52.382249;22:08:08.813560;136431311
10;100;PAGO;326989376;22:05:52.382471;22:08:09.213736;136831265
10;100;PAGO;318596672;22:05:52.382669;22:08:09.614460;137231791
10;100;PAGO;310203968;22:05:52.382885;22:08:10.015330;137632445
10;100;PAGO;301811264;22:05:52.383078;22:08:10.415686;138032608
10;100;PAGO;293418560;22:05:52.383287;22:08:10.816373;138433086
10;100;PAGO;285025856;22:05:52.383483;22:08:11.217423;138833940
10;100;PAGO;276633152;22:05:52.383681;22:08:11.617543;139233862
10;100;PAGO;268240448;22:05:52.384121;22:08:12.017712;139633591
10;100;PAGO;259847744;22:05:52.384314;22:08:12.418159;140033845
10;100;PAGO;251455040;22:05:52.384509;22:08:12.818334;140433825
10;100;PAGO;243062336;22:05:52.384713;22:08:13.218919;140834206
10;100;PAGO;234669632;22:05:52.384952;22:08:13.619157;141234205
10;100;PAGO;226276928;22:05:52.385277;22:08:14.019380;141634103
10;100;PAGO;217884224;22:05:52.385483;22:08:14.419615;142034132
10;100;PAGO;209491520;22:05:52.385688;22:08:14.820484;142434796
10;100;PAGO;201098816;22:05:52.387214;22:08:15.221015;142833801
10;100;PAGO;192706112;22:05:52.387424;22:08:15.621618;143234194
10;100;PAGO;184313408;22:05:52.387621;22:08:16.021880;143634259
10;100;PAGO;175920704;22:05:52.387885;22:08:16.422086;144034201
10;100;PAGO;167528000;22:05:52.388121;22:08:16.823115;144434994
10;100;PAGO;159135296;22:05:52.388319;22:08:17.224170;144835851
10;100;PAGO;150742592;22:05:52.388511;22:08:17.624595;145236084
10;100;PAGO;142349888;22:05:52.391780;22:08:18.024719;145632939
10;100;PAGO;133957184;22:05:52.391995;22:08:18.424874;146032879
10;100;PAGO;125564480;22:05:52.392193;22:08:18.825103;146432910
10;100;PAGO;117171776;22:05:52.392397;22:08:19.226082;146833685
10;100;PAGO;108779072;22:05:52.394243;22:08:19.626781;147232538
10;100;PAGO;100386368;22:05:52.394469;22:08:20.027381;147632912
10;100;PAGO;91993664;22:05:52.394984;22:08:20.428124;148033140
10;100;PAGO;83600960;22:05:52.395183;22:08:20.828581;148433398
10;100;PAGO;75208256;22:05:52.395379;22:08:21.228941;148833562
10;100;PAGO;66815552;22:05:52.395606;22:08:21.629145;149233539
10;100;PAGO;58422848;22:05:52.395809;22:08:22.029393;149633584
10;100;PAGO;50030144;22:05:52.396005;22:08:22.429515;150033510
10;100;PAGO;41637440;22:05:52.396258;22:08:22.829835;150433577
10;100;PAGO;33244736;22:05:52.396457;22:08:23.229969;150833512
10;100;PAGO;24852032;22:05:52.396670;22:08:23.630677;151234007
10;100;PAGO;16459328;22:05:52.397069;22:08:24.031012;151633943
10;100;PAGO;8066624;22:05:52.397266;22:08:24.431296;152034030
10;100;PAGO;-326080;22:05:52.397473;22:08:24.831457;152433984
10;100;PAGO;-8718784;22:05:52.397783;22:08:25.231610;152833827
10;100;PAGO;-17111488;22:05:52.397985;22:08:25.632627;153234642
10;100;PAGO;-25504192;22:05:52.398183;22:08:26.033135;153634952
10;100;PAGO;-33896896;22:05:52.398390;22:08:26.433610;154035220
10;100;PAGO;-42289600;22:05:52.398660;22:08:26.833720;154435060
10;100;PAGO;-50682304;22:05:52.398853;22:08:27.234435;154835582
10;100;PAGO;-59075008;22:05:52.399049;22:08:27.635452;155236403
10;100;PAGO;-67467712;22:05:52.399243;22:08:28.036360;155637117
10;100;PAGO;-75860416;22:05:52.399458;22:08:28.437366;156037908
10;100;PAGO;-84253120;22:05:52.399655;22:08:28.837542;156437887
10;100;PAGO;-92645824;22:05:52.399845;22:08:29.237719;156837874
10;100;PAGO;-101038528;22:05:52.400035;22:08:29.637905;157237870
10;100;PAGO;-109431232;22:05:52.400234;22:08:30.038145;157637911
10;100;PAGO;-117823936;22:05:52.400441;22:08:30.438275;158037834
10;100;PAGO;-126216640;22:05:52.400635;22:08:30.838797;158438162
10;100;PAGO;-134609344;22:05:52.400818;22:08:31.239012;158838194
10;100;PAGO;-143002048;22:05:52.401081;22:08:31.639566;159238485
10;100;PAGO;-151394752;22:05:52.401259;22:08:32.040094;159638835
10;100;PAGO;-159787456;22:05:52.401451;22:08:32.440214;160038763
10;100;PAGO;-168180160;22:05:52.401787;22:08:32.840559;160438772
10;100;PAGO;-176572864;22:05:52.401958;22:08:33.240709;160838751
10;100;PAGO;836757056;22:05:51.364000;22:08:33.742177;162378177
10;100;PAGO;828364352;22:05:52.364148;22:08:34.142644;161778496
10;100;PAGO;819971648;22:05:52.364176;22:08:34.543423;162179247
10;100;PAGO;811578944;22:05:52.364199;22:08:34.943573;162579374
10;100;PAGO;803186240;22:05:52.364220;22:08:35.345087;162980867
10;100;PAGO;794793536;22:05:52.364240;22:08:35.745307;163381067
10;100;PAGO;786400832;22:05:52.364476;22:08:36.146048;163781572
10;100;PAGO;778008128;22:05:52.364714;22:08:36.546609;164181895
10;100;PAGO;769615424;22:05:52.364944;22:08:36.946741;164581797
10;100;PAGO;761222720;22:05:52.365173;22:08:37.346917;164981744
10;100;PAGO;752830016;22:05:52.365462;22:08:37.747493;165382031
10;100;PAGO;744437312;22:05:52.365719;22:08:38.148169;165782450
10;100;PAGO;736044608;22:05:52.365980;22:08:38.548358;166182378
10;100;PAGO;727651904;22:05:52.366351;22:08:38.948515;166582164
10;100;PAGO;719259200;22:05:52.366611;22:08:39.349313;166982702
10;100;PAGO;710866496;22:05:52.366881;22:08:39.749804;167382923
10;100;PAGO;702473792;22:05:52.367191;22:08:40.150547;167783356
10;100;PAGO;694081088;22:05:52.367455;22:08:40.551268;168183813
10;100;PAGO;685688384;22:05:52.367849;22:08:40.951762;168583913
10;100;PAGO;677295680;22:05:52.368120;22:08:41.352452;168984332
10;100;PAGO;668902976;22:05:52.369826;22:08:41.752820;169382994
10;100;PAGO;660510272;22:05:52.371611;22:08:42.153250;169781639
10;100;PAGO;652117568;22:05:52.371815;22:08:42.553418;170181603
10;100;PAGO;643724864;22:05:52.372006;22:08:42.953549;170581543
10;100;PAGO;635332160;22:05:52.372230;22:08:43.353774;170981544
10;100;PAGO;626939456;22:05:52.372422;22:08:43.754086;171381664
10;100;PAGO;618546752;22:05:52.372612;22:08:44.154359;171781747
10;100;PAGO;610154048;22:05:52.372808;22:08:44.554489;172181681
10;100;PAGO;601761344;22:05:52.373001;22:08:44.954928;172581927
10;100;PAGO;593368640;22:05:52.373209;22:08:45.355254;172982045
10;100;PAGO;584975936;22:05:52.373445;22:08:45.756254;173382809
10;100;PAGO;576583232;22:05:52.373637;22:08:46.156886;173783249
10;100;PAGO;568190528;22:05:52.374097;22:08:46.557051;174182954
10;100;PAGO;559797824;22:05:52.376688;22:08:46.957238;174580550
10;100;PAGO;551405120;22:05:52.376911;22:08:47.358139;174981228
10;100;PAGO;543012416;22:05:52.377214;22:08:47.759099;175381885
10;100;PAGO;534619712;22:05:52.377463;22:08:48.159222;175781759
10;100;PAGO;526227008;22:05:52.377663;22:08:48.559670;176182007
10;100;PAGO;517834304;22:05:52.377978;22:08:48.959832;176581854
10;100;PAGO;509441600;22:05:52.378186;22:08:49.360005;176981819
10;100;PAGO;501048896;22:05:52.378384;22:08:49.760594;177382210
10;100;PAGO;492656192;22:05:52.378592;22:08:50.161031;177782439
10;100;PAGO;484263488;22:05:52.378788;22:08:50.561213;178182425
10;100;PAGO;475870784;22:05:52.382225;22:08:50.961385;178579160
10;100;PAGO;467478080;22:05:52.382444;22:08:51.362127;178979683
10;100;PAGO;459085376;22:05:52.382646;22:08:51.762256;179379610
10;100;PAGO;450692672;22:05:52.382861;22:08:52.162720;179779859
10;100;PAGO;442299968;22:05:52.383057;22:08:52.563713;180180656
10;100;PAGO;433907264;22:05:52.383264;22:08:52.963886;180580622
10;100;PAGO;425514560;22:05:52.383461;22:08:53.364185;180980724
10;100;PAGO;417121856;22:05:52.383660;22:08:53.764953;181381293
10;100;PAGO;408729152;22:05:52.384098;22:08:54.165373;181781275
10;100;PAGO;400336448;22:05:52.384294;22:08:54.565483;182181189
10;100;PAGO;391943744;22:05:52.384488;22:08:54.965992;182581504
10;100;PAGO;383551040;22:05:52.384692;22:08:55.366160;182981468
10;100;PAGO;375158336;22:05:52.384927;22:08:55.766625;183381698
10;100;PAGO;366765632;22:05:52.385256;22:08:56.166880;183781624
10;100;PAGO;358372928;22:05:52.385461;22:08:56.567214;184181753
10;100;PAGO;349980224;22:05:52.385665;22:08:56.967555;184581890
10;100;PAGO;341587520;22:05:52.387194;22:08:57.367857;184980663
10;100;PAGO;333194816;22:05:52.387404;22:08:57.768340;185380936
10;100;PAGO;324802112;22:05:52.387601;22:08:58.168676;185781075
10;100;PAGO;316409408;22:05:52.387865;22:08:58.568858;186180993
10;100;PAGO;308016704;22:05:52.388103;22:08:58.969642;186581539
10;100;PAGO;299624000;22:05:52.388299;22:08:59.369764;186981465
10;100;PAGO;291231296;22:05:52.388492;22:08:59.769994;187381502
10;100;PAGO;282838592;22:05:52.391754;22:09:00.170557;187778803
10;100;PAGO;274445888;22:05:52.391976;22:09:00.570687;188178711
10;100;PAGO;266053184;22:05:52.392171;22:09:00.970812;188578641
10;100;PAGO;257660480;22:05:52.392378;22:09:01.371072;188978694
10;100;PAGO;249267776;22:05:52.394214;22:09:01.771723;189377509
10;100;PAGO;240875072;22:05:52.394447;22:09:02.171896;189777449
10;100;PAGO;232482368;22:05:52.394965;22:09:02.572792;190177827
10;100;PAGO;224089664;22:05:52.395164;22:09:02.972963;190577799
10;100;PAGO;215696960;22:05:52.395360;22:09:03.373091;190977731
10;100;PAGO;207304256;22:05:52.395586;22:09:03.773291;191377705
10;100;PAGO;198911552;22:05:52.395789;22:09:04.173708;191777919
10;100;PAGO;190518848;22:05:52.395984;22:09:04.574654;192178670
10;100;PAGO;182126144;22:05:52.396239;22:09:04.974824;192578585
10;100;PAGO;173733440;22:05:52.396438;22:09:05.375572;192979134
10;100;PAGO;165340736;22:05:52.396652;22:09:05.776139;193379487
10;100;PAGO;156948032;22:05:52.397048;22:09:06.176950;193779902
10;100;PAGO;148555328;22:05:52.397246;22:09:06.577505;194180259
10;100;PAGO;140162624;22:05:52.397439;22:09:06.977649;194580210
10;100;PAGO;131769920;22:05:52.397762;22:09:07.378222;194980460
10;100;PAGO;123377216;22:05:52.397965;22:09:07.778807;195380842
10;100;PAGO;114984512;22:05:52.398163;22:09:08.178929;195780766
10;100;PAGO;106591808;22:05:52.398372;22:09:08.579679;196181307
10;100;PAGO;98199104;22:05:52.398639;22:09:08.980533;196581894
10;100;PAGO;89806400;22:05:52.398835;22:09:09.381368;196982533
10;100;PAGO;81413696;22:05:52.399031;22:09:09.781545;197382514
10;100;PAGO;73020992;22:05:52.399225;22:09:10.181661;197782436
10;100;PAGO;64628288;22:05:52.399437;22:09:10.581856;198182419
10;100;PAGO;56235584;22:05:52.399635;22:09:10.982581;198582946
10;100;PAGO;47842880;22:05:52.399826;22:09:11.383108;198983282
10;100;PAGO;39450176;22:05:52.400018;22:09:11.783677;199383659
10;100;PAGO;31057472;22:05:52.400216;22:09:12.184115;199783899
10;100;PAGO;22664768;22:05:52.400421;22:09:12.584798;200184377
10;100;PAGO;14272064;22:05:52.400614;22:09:12.985345;200584731
10;100;PAGO;5879360;22:05:52.400799;22:09:13.385486;200984687
10;100;PAGO;-698358208;22:05:51.364137;22:09:13.886033;202521896
10;100;PAGO;-706750912;22:05:52.364554;22:09:14.286411;201921857
10;100;PAGO;-715143616;22:05:52.364791;22:09:14.688058;202323267
10;100;PAGO;-723536320;22:05:52.365022;22:09:15.088881;202723859
10;100;PAGO;-731929024;22:05:52.365308;22:09:15.490317;203125009
10;100;PAGO;-740321728;22:05:52.365565;22:09:15.890487;203524922
10;100;PAGO;-748714432;22:05:52.365823;22:09:16.290656;203924833
10;100;PAGO;-757107136;22:05:52.366079;22:09:16.691422;204325343
10;100;PAGO;-765499840;22:05:52.366457;22:09:17.092049;204725592
10;100;PAGO;-773892544;22:05:52.366723;22:09:17.492616;205125893
10;100;PAGO;-782285248;22:05:52.367006;22:09:17.892769;205525763
10;100;PAGO;-790677952;22:05:52.367295;22:09:18.292894;205925599
10;100;PAGO;-799070656;22:05:52.367555;22:09:18.693409;206325854
10;100;PAGO;-807463360;22:05:52.367960;22:09:19.093536;206725576
10;100;PAGO;-815856064;22:05:52.369663;22:09:19.494273;207124610
10;100;PAGO;-824248768;22:05:52.369933;22:09:19.894527;207524594
10;100;PAGO;-832641472;22:05:52.371694;22:09:20.295101;207923407
10;100;PAGO;-841034176;22:05:52.371890;22:09:20.695247;208323357
10;100;PAGO;-849426880;22:05:52.372104;22:09:21.096096;208723992
10;100;PAGO;-857819584;22:05:52.372307;22:09:21.496220;209123913
10;100;PAGO;-866212288;22:05:52.372497;22:09:21.896461;209523964
10;100;PAGO;-874604992;22:05:52.372686;22:09:22.297183;209924497
10;100;PAGO;-882997696;22:05:52.372881;22:09:22.697809;210324928
10;100;PAGO;-891390400;22:05:52.373093;22:09:23.097980;210724887
10;100;PAGO;-899783104;22:05:52.373287;22:09:23.498158;211124871
10;100;PAGO;-908175808;22:05:52.373519;22:09:23.898796;211525277
10;100;PAGO;-916568512;22:05:52.373711;22:09:24.299626;211925915
10;100;PAGO;-924961216;22:05:52.374174;22:09:24.700113;212325939
10;100;PAGO;-933353920;22:05:52.376784;22:09:25.100517;212723733
10;100;PAGO;-941746624;22:05:52.377019;22:09:25.500908;213123889
10;100;PAGO;-950139328;22:05:52.377335;22:09:25.901190;213523855
10;100;PAGO;-958532032;22:05:52.377543;22:09:26.301390;213923847
10;100;PAGO;-966924736;22:05:52.377796;22:09:26.701982;214324186
10;100;PAGO;-975317440;22:05:52.378041;22:09:27.102258;214724217
10;100;PAGO;-983710144;22:05:52.378244;22:09:27.502779;215124535
10;100;PAGO;-992102848;22:05:52.378444;22:09:27.902962;215524518
10;100;PAGO;-1000495552;22:05:52.378652;22:09:28.303109;215924457
10;100;PAGO;-1008888256;22:05:52.378848;22:09:28.703226;216324378
10;100;PAGO;-1017280960;22:05:52.382292;22:09:29.103691;216721399
10;100;PAGO;-1025673664;22:05:52.382510;22:09:29.504522;217122012
10;100;PAGO;-1034066368;22:05:52.382706;22:09:29.904643;217521937
10;100;PAGO;-1042459072;22:05:52.382922;22:09:30.304771;217921849
10;100;PAGO;-1050851776;22:05:52.383127;22:09:30.704931;218321804
10;100;PAGO;-1059244480;22:05:52.383324;22:09:31.105031;218721707
10;100;PAGO;-1067637184;22:05:52.383520;22:09:31.505149;219121629
10;100;PAGO;-1076029888;22:05:52.383948;22:09:31.905302;219521354
10;100;PAGO;-1084422592;22:05:52.384158;22:09:32.305793;219921635
10;100;PAGO;-1092815296;22:05:52.384353;22:09:32.706297;220321944
10;100;PAGO;-1101208000;22:05:52.384548;22:09:33.106416;220721868
10;100;PAGO;-1109600704;22:05:52.384749;22:09:33.506517;221121768
10;100;PAGO;-1117993408;22:05:52.384991;22:09:33.906641;221521650
10;100;PAGO;-1126386112;22:05:52.385317;22:09:34.306806;221921489
10;100;PAGO;-1134778816;22:05:52.385523;22:09:34.706899;222321376
10;100;PAGO;-1143171520;22:05:52.385725;22:09:35.107139;222721414
10;100;PAGO;-1151564224;22:05:52.387262;22:09:35.507478;223120216
10;100;PAGO;-1159956928;22:05:52.387463;22:09:35.907824;223520361
10;100;PAGO;-1168349632;22:05:52.387661;22:09:36.307935;223920274
10;100;PAGO;-1176742336;22:05:52.387944;22:09:36.708389;224320445
10;100;PAGO;-1185135040;22:05:52.388163;22:09:37.108583;224720420
10;100;PAGO;-1193527744;22:05:52.388357;22:09:37.509010;225120653
10;100;PAGO;-1201920448;22:05:52.388550;22:09:37.909270;225520720
10;100;PAGO;-1210313152;22:05:52.391826;22:09:38.309379;225917553
10;100;PAGO;-1218705856;22:05:52.392035;22:09:38.709546;226317511
10;100;PAGO;-1227098560;22:05:52.392238;22:09:39.109698;226717460
10;100;PAGO;-1235491264;22:05:52.392435;22:09:39.510010;227117575
10;100;PAGO;-1243883968;22:05:52.394288;22:09:39.910124;227515836
10;100;PAGO;-1252276672;22:05:52.394517;22:09:40.310291;227915774
10;100;PAGO;-1260669376;22:05:52.395027;22:09:40.710850;228315823
10;100;PAGO;-1269062080;22:05:52.395222;22:09:41.111663;228716441
10;100;PAGO;-1277454784;22:05:52.395426;22:09:41.511875;229116449
10;100;PAGO;-1285847488;22:05:52.395647;22:09:41.912666;229517019
10;100;PAGO;-1294240192;22:05:52.395848;22:09:42.313471;229917623
10;100;PAGO;-1302632896;22:05:52.396089;22:09:42.714188;230318099
10;100;PAGO;-1311025600;22:05:52.396297;22:09:43.114311;230718014
10;100;PAGO;-1319418304;22:05:52.396510;22:09:43.514462;231117952
10;100;PAGO;-1327811008;22:05:52.396854;22:09:43.914646;231517792
10;100;PAGO;-1336203712;22:05:52.397109;22:09:44.314814;231917705
10;100;PAGO;-1344596416;22:05:52.397305;22:09:44.714934;232317629
10;100;PAGO;-1352989120;22:05:52.397517;22:09:45.115069;232717552
10;100;PAGO;-1361381824;22:05:52.397826;22:09:45.515261;233117435
10;100;PAGO;-1369774528;22:05:52.398024;22:09:45.915454;233517430
10;100;PAGO;-1378167232;22:05:52.398224;22:09:46.315833;233917609
10;100;PAGO;-1386559936;22:05:52.398498;22:09:46.715951;234317453
10;100;PAGO;-1394952640;22:05:52.398701;22:09:47.116116;234717415
10;100;PAGO;-1403345344;22:05:52.398893;22:09:47.516546;235117653
10;100;PAGO;-1411738048;22:05:52.399089;22:09:47.916738;235517649
10;100;PAGO;-1420130752;22:05:52.399283;22:09:48.316861;235917578
10;100;PAGO;-1428523456;22:05:52.399496;22:09:48.717465;236317969
10;100;PAGO;-1436916160;22:05:52.399693;22:09:49.118379;236718686
10;100;PAGO;-1445308864;22:05:52.399883;22:09:49.518907;237119024
10;100;PAGO;-1453701568;22:05:52.400074;22:09:49.919837;237519763
10;100;PAGO;-1462094272;22:05:52.400270;22:09:50.320384;237920114
10;100;PAGO;-1470486976;22:05:52.400480;22:09:50.721246;238320766
10;100;PAGO;-1478879680;22:05:52.400673;22:09:51.121344;238720671
10;100;PAGO;-1487272384;22:05:52.400938;22:09:51.521666;239120728
10;100;PAGO;-1495665088;22:05:52.401120;22:09:51.922660;239521540
10;100;PAGO;-1504057792;22:05:52.401294;22:09:52.322851;239921557
10;100;PAGO;-1512450496;22:05:52.401491;22:09:52.723788;240322297
10;100;PAGO;-1520843200;22:05:52.401830;22:09:53.124116;240722286
10;100;PAGO;-1529235904;22:05:52.401985;22:09:53.524249;241122264
10;100;PAGO;1438639680;22:05:51.364183;22:09:54.024981;242660798
10;100;PAGO;1430246976;22:05:52.364609;22:09:54.426035;242061426
10;100;PAGO;1421854272;22:05:52.364841;22:09:54.826177;242461336
10;100;PAGO;1413461568;22:05:52.365070;22:09:55.226305;242861235
10;100;PAGO;1405068864;22:05:52.365358;22:09:55.627658;243262300
10;100;PAGO;1396676160;22:05:52.365614;22:09:56.027840;243662226
10;100;PAGO;1388283456;22:05:52.365873;22:09:56.427961;244062088
10;100;PAGO;1379890752;22:05:52.366128;22:09:56.828061;244461933
10;100;PAGO;1371498048;22:05:52.366508;22:09:57.228987;244862479
10;100;PAGO;1363105344;22:05:52.366774;22:09:57.630066;245263292
10;100;PAGO;1354712640;22:05:52.367056;22:09:58.030228;245663172
10;100;PAGO;1346319936;22:05:52.367345;22:09:58.430357;246063012
10;100;PAGO;1337927232;22:05:52.367666;22:09:58.831232;246463566
10;100;PAGO;1329534528;22:05:52.368009;22:09:59.231503;246863494
10;100;PAGO;1321141824;22:05:52.369719;22:09:59.632225;247262506
10;100;PAGO;1312749120;22:05:52.369984;22:10:00.032553;247662569
10;100;PAGO;1304356416;22:05:52.371736;22:10:00.432736;248061000
10;100;PAGO;1295963712;22:05:52.371929;22:10:00.833121;248461192
10;100;PAGO;1287571008;22:05:52.372145;22:10:01.233316;248861171
10;100;PAGO;1279178304;22:05:52.372347;22:10:01.633501;249261154
10;100;PAGO;1270785600;22:05:52.372536;22:10:02.034195;249661659
10;100;PAGO;1262392896;22:05:52.372724;22:10:02.435208;250062484
10;100;PAGO;1254000192;22:05:52.372921;22:10:02.835326;250462405
10;100;PAGO;1245607488;22:05:52.373132;22:10:03.236250;250863118
10;100;PAGO;1237214784;22:05:52.373358;22:10:03.636378;251263020
10;100;PAGO;1228822080;22:05:52.373560;22:10:04.037750;251664190
10;100;PAGO;1220429376;22:05:52.373751;22:10:04.438024;252064273
10;100;PAGO;1212036672;22:05:52.374213;22:10:04.839083;252464870
10;100;PAGO;1203643968;22:05:52.376826;22:10:05.239892;252863066
10;100;PAGO;1195251264;22:05:52.377114;22:10:05.640360;253263246
10;100;PAGO;1186858560;22:05:52.377377;22:10:06.040867;253663490
10;100;PAGO;1178465856;22:05:52.377581;22:10:06.441039;254063458
10;100;PAGO;1170073152;22:05:52.377856;22:10:06.841654;254463798
10;100;PAGO;1161680448;22:05:52.378084;22:10:07.241853;254863769
10;100;PAGO;1153287744;22:05:52.378283;22:10:07.642892;255264609
10;100;PAGO;1144895040;22:05:52.378490;22:10:08.043003;255664513
10;100;PAGO;1136502336;22:05:52.378689;22:10:08.443122;256064433
10;100;PAGO;1128109632;22:05:52.382114;22:10:08.843233;256461119
10;100;PAGO;1119716928;22:05:52.382333;22:10:09.243404;256861071
10;100;PAGO;1111324224;22:05:52.382547;22:10:09.644226;257261679
10;100;PAGO;1102931520;22:05:52.382744;22:10:10.044993;257662249
10;100;PAGO;1094538816;22:05:52.382959;22:10:10.445148;258062189
10;100;PAGO;1086146112;22:05:52.383166;22:10:10.845912;258462746
10;100;PAGO;1077753408;22:05:52.383362;22:10:11.246105;258862743
10;100;PAGO;1069360704;22:05:52.383559;22:10:11.647104;259263545
10;100;PAGO;1060968000;22:05:52.383996;22:10:12.047360;259663364
10;100;PAGO;1052575296;22:05:52.384195;22:10:12.447483;260063288
10;100;PAGO;1044182592;22:05:52.384391;22:10:12.847654;260463263
10;100;PAGO;1035789888;22:05:52.384593;22:10:13.247787;260863194
10;100;PAGO;1027397184;22:05:52.384804;22:10:13.647955;261263151
10;100;PAGO;1019004480;22:05:52.385030;22:10:14.048074;261663044
10;100;PAGO;1010611776;22:05:52.385355;22:10:14.448223;262062868
10;100;PAGO;1002219072;22:05:52.385563;22:10:14.848595;262463032
10;100;PAGO;993826368;22:05:52.387088;22:10:15.249343;262862255
10;100;PAGO;985433664;22:05:52.387300;22:10:15.650115;263262815
10;100;PAGO;977040960;22:05:52.387502;22:10:16.050472;263662970
10;100;PAGO;968648256;22:05:52.387844;22:10:16.450951;264063107
10;100;PAGO;960255552;22:05:52.388078;22:10:16.851232;264463154
10;100;PAGO;951862848;22:05:52.388278;22:10:17.252230;264863952
10;100;PAGO;943470144;22:05:52.388473;22:10:17.652392;265263919
10;100;PAGO;926684736;22:05:52.391954;22:10:18.052609;265660655
10;100;PAGO;918292032;22:05:52.392150;22:10:18.453189;266061039
10;100;PAGO;935077440;22:05:52.392173;22:10:18.853314;266461141
10;100;PAGO;909899328;22:05:52.392356;22:10:19.254066;266861710
10;100;PAGO;901506624;22:05:52.392555;22:10:19.654179;267261624
10;100;PAGO;893113920;22:05:52.394422;22:10:20.054292;267659870
10;100;PAGO;884721216;22:05:52.394941;22:10:20.454898;268059957
10;100;PAGO;876328512;22:05:52.395143;22:10:20.855294;268460151
10;100;PAGO;867935808;22:05:52.395339;22:10:21.255415;268860076
10;100;PAGO;859543104;22:05:52.395564;22:10:21.655584;269260020
10;100;PAGO;851150400;22:05:52.395768;22:10:22.056109;269660341
10;100;PAGO;842757696;22:05:52.395963;22:10:22.457215;270061252
10;100;PAGO;834364992;22:05:52.396216;22:10:22.857577;270461361
10;100;PAGO;825972288;22:05:52.396415;22:10:23.257976;270861561
10;100;PAGO;817579584;22:05:52.396630;22:10:23.658095;271261465
10;100;PAGO;809186880;22:05:52.397024;22:10:24.058257;271661233
10;100;PAGO;800794176;22:05:52.397224;22:10:24.458816;272061592
10;100;PAGO;792401472;22:05:52.397418;22:10:24.858945;272461527
10;100;PAGO;784008768;22:05:52.397739;22:10:25.259714;272861975
10;100;PAGO;775616064;22:05:52.397944;22:10:25.660281;273262337
10;100;PAGO;767223360;22:05:52.398142;22:10:26.061314;273663172
10;100;PAGO;758830656;22:05:52.398349;22:10:26.461613;274063264
10;100;PAGO;750437952;22:05:52.398616;22:10:26.862613;274463997
10;100;PAGO;742045248;22:05:52.398814;22:10:27.262785;274863971
10;100;PAGO;733652544;22:05:52.399010;22:10:27.662969;275263959
10;100;PAGO;725259840;22:05:52.399205;22:10:28.063137;275663932
10;100;PAGO;716867136;22:05:52.399397;22:10:28.463675;276064278
10;100;PAGO;708474432;22:05:52.399615;22:10:28.863870;276464255
10;100;PAGO;700081728;22:05:52.399805;22:10:29.264037;276864232
10;100;PAGO;691689024;22:05:52.399995;22:10:29.664225;277264230
10;100;PAGO;683296320;22:05:52.400195;22:10:30.064350;277664155
10;100;PAGO;674903616;22:05:52.400397;22:10:30.464852;278064455
10;100;PAGO;666510912;22:05:52.400594;22:10:30.865018;278464424
10;100;PAGO;658118208;22:05:52.400789;22:10:31.266005;278865216
10;100;PAGO;649725504;22:05:52.401062;22:10:31.666779;279265717
10;100;PAGO;641332800;22:05:52.401238;22:10:32.066912;279665674
10;100;PAGO;632940096;22:05:52.401431;22:10:32.467619;280066188
10;100;PAGO;624547392;22:05:52.401755;22:10:32.867950;280466195
10;100;PAGO;616154688;22:05:52.401950;22:10:33.268136;280866186
10;100;PAGO;607761984;22:05:52.402025;22:10:33.668349;281266324
10;100;PAGO;-142612928;22:05:51.364161;22:10:34.169287;282805126
10;100;PAGO;-151005632;22:05:52.364582;22:10:34.570299;282205717
10;100;PAGO;-159398336;22:05:52.364816;22:10:34.970440;282605624
10;100;PAGO;-167791040;22:05:52.365046;22:10:35.370745;283005699
10;100;PAGO;-176183744;22:05:52.365334;22:10:35.772524;283407190
10;100;PAGO;-184576448;22:05:52.365591;22:10:36.172935;283807344
10;100;PAGO;-192969152;22:05:52.365847;22:10:36.573512;284207665
10;100;PAGO;-201361856;22:05:52.366103;22:10:36.974029;284607926
10;100;PAGO;-209754560;22:05:52.366483;22:10:37.374949;285008466
10;100;PAGO;-218147264;22:05:52.366748;22:10:37.775523;285408775
10;100;PAGO;-226539968;22:05:52.367032;22:10:38.176092;285809060
10;100;PAGO;-234932672;22:05:52.367320;22:10:38.576203;286208883
10;100;PAGO;-243325376;22:05:52.367579;22:10:38.976333;286608754
10;100;PAGO;-251718080;22:05:52.367984;22:10:39.376492;287008508
10;100;PAGO;-260110784;22:05:52.369691;22:10:39.776674;287406983
10;100;PAGO;-268503488;22:05:52.369958;22:10:40.176840;287806882
10;100;PAGO;-276896192;22:05:52.371715;22:10:40.577027;288205312
10;100;PAGO;-285288896;22:05:52.371911;22:10:40.977161;288605250
10;100;PAGO;-293681600;22:05:52.372126;22:10:41.377494;289005368
10;100;PAGO;-302074304;22:05:52.372328;22:10:41.778168;289405840
10;100;PAGO;-310467008;22:05:52.372518;22:10:42.178568;289806050
10;100;PAGO;-318859712;22:05:52.372706;22:10:42.579192;290206486
10;100;PAGO;-327252416;22:05:52.372903;22:10:42.979480;290606577
10;100;PAGO;-335645120;22:05:52.373113;22:10:43.379648;291006535
10;100;PAGO;-344037824;22:05:52.373334;22:10:43.779912;291406578
10;100;PAGO;-352430528;22:05:52.373542;22:10:44.180293;291806751
10;100;PAGO;-360823232;22:05:52.373732;22:10:44.580916;292207184
10;100;PAGO;-369215936;22:05:52.374194;22:10:44.981541;292607347
10;100;PAGO;-377608640;22:05:52.376806;22:10:45.382167;293005361
10;100;PAGO;-386001344;22:05:52.377082;22:10:45.782269;293405187
10;100;PAGO;-394394048;22:05:52.377357;22:10:46.183395;293806038
10;100;PAGO;-402786752;22:05:52.377562;22:10:46.583962;294206400
10;100;PAGO;-411179456;22:05:52.377835;22:10:46.984303;294606468
10;100;PAGO;-419572160;22:05:52.378061;22:10:47.384479;295006418
10;100;PAGO;-427964864;22:05:52.378264;22:10:47.784709;295406445
10;100;PAGO;-436357568;22:05:52.378471;22:10:48.185576;295807105
10;100;PAGO;-444750272;22:05:52.378670;22:10:48.586360;296207690
10;100;PAGO;-453142976;22:05:52.378867;22:10:48.986708;296607841
10;100;PAGO;-461535680;22:05:52.382313;22:10:49.387116;297004803
10;100;PAGO;-469928384;22:05:52.382529;22:10:49.788050;297405521
10;100;PAGO;-478321088;22:05:52.382725;22:10:50.188199;297805474
10;100;PAGO;-486713792;22:05:52.382940;22:10:50.588804;298205864
10;100;PAGO;-495106496;22:05:52.383147;22:10:50.989738;298606591
10;100;PAGO;-503499200;22:05:52.383343;22:10:51.390071;299006728
10;100;PAGO;-511891904;22:05:52.383540;22:10:51.790821;299407281
10;100;PAGO;-520284608;22:05:52.383976;22:10:52.191128;299807152
10;100;PAGO;-528677312;22:05:52.384176;22:10:52.591319;300207143
10;100;PAGO;-537070016;22:05:52.384371;22:10:52.991929;300607558
10;100;PAGO;-545462720;22:05:52.384573;22:10:53.392075;301007502
10;100;PAGO;-553855424;22:05:52.384783;22:10:53.792268;301407485
10;100;PAGO;-562248128;22:05:52.385010;22:10:54.192884;301807874
10;100;PAGO;-570640832;22:05:52.385336;22:10:54.593057;302207721
10;100;PAGO;-579033536;22:05:52.385543;22:10:54.993481;302607938
10;100;PAGO;-595818944;22:05:52.387281;22:10:55.394314;303007033
10;100;PAGO;-587426240;22:05:52.387405;22:10:55.794488;303407083
10;100;PAGO;-604211648;22:05:52.387483;22:10:56.194900;303807417
10;100;PAGO;-612604352;22:05:52.387680;22:10:56.595533;304207853
10;100;PAGO;-620997056;22:05:52.387976;22:10:56.996386;304608410
10;100;PAGO;-629389760;22:05:52.388181;22:10:57.396892;305008711
10;100;PAGO;-637782464;22:05:52.388376;22:10:57.797434;305409058
10;100;PAGO;-646175168;22:05:52.388569;22:10:58.197841;305809272
10;100;PAGO;-654567872;22:05:52.391848;22:10:58.598447;306206599
10;100;PAGO;-662960576;22:05:52.392055;22:10:58.999378;306607323
10;100;PAGO;-671353280;22:05:52.392257;22:10:59.399533;307007276
10;100;PAGO;-679745984;22:05:52.392456;22:10:59.799691;307407235
10;100;PAGO;-688138688;22:05:52.394311;22:11:00.199850;307805539
10;100;PAGO;-696531392;22:05:52.394832;22:11:00.600852;308206020
10;100;PAGO;-704924096;22:05:52.395045;22:11:01.000979;308605934
10;100;PAGO;-713316800;22:05:52.395243;22:11:01.401710;309006467
10;100;PAGO;-721709504;22:05:52.395445;22:11:01.802321;309406876
10;100;PAGO;-730102208;22:05:52.395667;22:11:02.202480;309806813
10;100;PAGO;-738494912;22:05:52.395867;22:11:02.602644;310206777
10;100;PAGO;-746887616;22:05:52.396118;22:11:03.002913;310606795
10;100;PAGO;-755280320;22:05:52.396318;22:11:03.403559;311007241
10;100;PAGO;-763673024;22:05:52.396529;22:11:03.804091;311407562
10;100;PAGO;-772065728;22:05:52.396881;22:11:04.204262;311807381
10;100;PAGO;-780458432;22:05:52.397128;22:11:04.604617;312207489
10;100;PAGO;-788851136;22:05:52.397324;22:11:05.005282;312607958
10;100;PAGO;-797243840;22:05:52.397538;22:11:05.405531;313007993
10;100;PAGO;-805636544;22:05:52.397846;22:11:05.806554;313408708
10;100;PAGO;-814029248;22:05:52.398044;22:11:06.207006;313808962
10;100;PAGO;-822421952;22:05:52.398243;22:11:06.607155;314208912
10;100;PAGO;-830814656;22:05:52.398518;22:11:07.007936;314609418
10;100;PAGO;-839207360;22:05:52.398719;22:11:07.408489;315009770
10;100;PAGO;-847600064;22:05:52.398916;22:11:07.808693;315409777
10;100;PAGO;-855992768;22:05:52.399109;22:11:08.208825;315809716
10;100;PAGO;-864385472;22:05:52.399301;22:11:08.609401;316210100
10;100;PAGO;-872778176;22:05:52.399515;22:11:09.010080;316610565
10;100;PAGO;-881170880;22:05:52.399713;22:11:09.410656;317010943
10;100;PAGO;-889563584;22:05:52.399903;22:11:09.810772;317410869
10;100;PAGO;-897956288;22:05:52.400094;22:11:10.211734;317811640
10;100;PAGO;-906348992;22:05:52.400289;22:11:10.612052;318211763
10;100;PAGO;-914741696;22:05:52.400499;22:11:11.012505;318612006
10;100;PAGO;-923134400;22:05:52.400691;22:11:11.413208;319012517
10;100;PAGO;-931527104;22:05:52.400968;22:11:11.813847;319412879
10;100;PAGO;-939919808;22:05:52.401139;22:11:12.214146;319813007
10;100;PAGO;-948312512;22:05:52.401313;22:11:12.614707;320213394
10;100;PAGO;-956705216;22:05:52.401509;22:11:13.014874;320613365
10;100;PAGO;-965097920;22:05:52.401849;22:11:13.415249;321013400
10;100;PAGO;-973490624;22:05:52.401992;22:11:13.816249;321414257
10;100;PAGO;-794827200;22:05:51.364228;22:11:14.317758;322953530
10;100;PAGO;-803219904;22:05:52.364662;22:11:14.718797;322354135
10;100;PAGO;-811612608;22:05:52.364890;22:11:15.118916;322754026
10;100;PAGO;-820005312;22:05:52.365118;22:11:15.519578;323154460
10;100;PAGO;-828398016;22:05:52.365409;22:11:15.919853;323554444
10;100;PAGO;-836790720;22:05:52.365668;22:11:16.320076;323954408
10;100;PAGO;-845183424;22:05:52.365921;22:11:16.721255;324355334
10;100;PAGO;-853576128;22:05:52.366179;22:11:17.121917;324755738
10;100;PAGO;-861968832;22:05:52.366557;22:11:17.522105;325155548
10;100;PAGO;-870361536;22:05:52.366828;22:11:17.922370;325555542
10;100;PAGO;-878754240;22:05:52.367119;22:11:18.322542;325955423
10;100;PAGO;-887146944;22:05:52.367399;22:11:18.722673;326355274
10;100;PAGO;-895539648;22:05:52.367793;22:11:19.123746;326755953
10;100;PAGO;-903932352;22:05:52.368064;22:11:19.523909;327155845
10;100;PAGO;-912325056;22:05:52.369773;22:11:19.924097;327554324
10;100;PAGO;-920717760;22:05:52.370041;22:11:20.324232;327954191
10;100;PAGO;-929110464;22:05:52.371776;22:11:20.724380;328352604
10;100;PAGO;-937503168;22:05:52.371966;22:11:21.124558;328752592
10;100;PAGO;-945895872;22:05:52.372188;22:11:21.525293;329153105
10;100;PAGO;-954288576;22:05:52.372383;22:11:21.925826;329553443
10;100;PAGO;-962681280;22:05:52.372573;22:11:22.326445;329953872
10;100;PAGO;-971073984;22:05:52.372763;22:11:22.727161;330354398
10;100;PAGO;-979466688;22:05:52.372958;22:11:23.127848;330754890
10;100;PAGO;-987859392;22:05:52.373168;22:11:23.528054;331154886
10;100;PAGO;-996252096;22:05:52.373403;22:11:23.928224;331554821
10;100;PAGO;-1004644800;22:05:52.373596;22:11:24.328711;331955115
10;100;PAGO;-1013037504;22:05:52.374046;22:11:24.728911;332354865
10;100;PAGO;-1021430208;22:05:52.374255;22:11:25.129466;332755211
10;100;PAGO;-1029822912;22:05:52.376869;22:11:25.529642;333152773
10;100;PAGO;-1038215616;22:05:52.377168;22:11:25.929749;333552581
10;100;PAGO;-1046608320;22:05:52.377418;22:11:26.329947;333952529
10;100;PAGO;-1055001024;22:05:52.377623;22:11:26.730135;334352512
10;100;PAGO;-1063393728;22:05:52.377911;22:11:27.130288;334752377
10;100;PAGO;-1071786432;22:05:52.378123;22:11:27.530403;335152280
10;100;PAGO;-1080179136;22:05:52.378323;22:11:27.931002;335552679
10;100;PAGO;-1088571840;22:05:52.378529;22:11:28.331243;335952714
10;100;PAGO;-1096964544;22:05:52.378726;22:11:28.732220;336353494
10;100;PAGO;-1105357248;22:05:52.382161;22:11:29.132492;336750331
10;100;PAGO;-1113749952;22:05:52.382381;22:11:29.533192;337150811
10;100;PAGO;-1122142656;22:05:52.382587;22:11:29.933560;337550973
10;100;PAGO;-1130535360;22:05:52.382782;22:11:30.333694;337950912
10;100;PAGO;-1138928064;22:05:52.383000;22:11:30.733817;338350817
10;100;PAGO;-1147320768;22:05:52.383206;22:11:31.134020;338750814
10;100;PAGO;-1155713472;22:05:52.383403;22:11:31.534751;339151348
10;100;PAGO;-1164106176;22:05:52.383600;22:11:31.934952;339551352
10;100;PAGO;-1172498880;22:05:52.384037;22:11:32.335115;339951078
10;100;PAGO;-1180891584;22:05:52.384234;22:11:32.735280;340351046
10;100;PAGO;-1189284288;22:05:52.384430;22:11:33.135456;340751026
10;100;PAGO;-1197676992;22:05:52.384633;22:11:33.536765;341152132
10;100;PAGO;-1206069696;22:05:52.384844;22:11:33.936931;341552087
10;100;PAGO;-1214462400;22:05:52.385194;22:11:34.337104;341951910
10;100;PAGO;-1222855104;22:05:52.385401;22:11:34.737271;342351870
10;100;PAGO;-1231247808;22:05:52.385605;22:11:35.138658;342753053
10;100;PAGO;-1239640512;22:05:52.387128;22:11:35.538780;343151652
10;100;PAGO;-1248033216;22:05:52.387339;22:11:35.939556;343552217
10;100;PAGO;-1256425920;22:05:52.387539;22:11:36.339791;343952252
10;100;PAGO;-1264818624;22:05:52.387783;22:11:36.739939;344352156
10;100;PAGO;-1273211328;22:05:52.388016;22:11:37.140110;344752094
10;100;PAGO;-1281604032;22:05:52.388221;22:11:37.540615;345152394
10;100;PAGO;-1289996736;22:05:52.388413;22:11:37.940904;345552491
10;100;PAGO;-1298389440;22:05:52.388613;22:11:38.341422;345952809
10;100;PAGO;-1306782144;22:05:52.391892;22:11:38.741605;346349713
10;100;PAGO;-1315174848;22:05:52.392093;22:11:39.141757;346749664
10;100;PAGO;-1323567552;22:05:52.392295;22:11:39.543854;347151559
10;100;PAGO;-1331960256;22:05:52.392495;22:11:39.944077;347551582
10;100;PAGO;-1340352960;22:05:52.394354;22:11:40.344602;347950248
10;100;PAGO;-1348745664;22:05:52.394876;22:11:40.745337;348350461
10;100;PAGO;-1357138368;22:05:52.395085;22:11:41.145514;348750429
10;100;PAGO;-1365531072;22:05:52.395280;22:11:41.545725;349150445
10;100;PAGO;-1373923776;22:05:52.395485;22:11:41.945905;349550420
10;100;PAGO;-1382316480;22:05:52.395705;22:11:42.346067;349950362
10;100;PAGO;-1390709184;22:05:52.395904;22:11:42.746682;350350778
10;100;PAGO;-1399101888;22:05:52.396158;22:11:43.147645;350751487
10;100;PAGO;-1407494592;22:05:52.396356;22:11:43.547820;351151464
10;100;PAGO;-1415887296;22:05:52.396569;22:11:43.948162;351551593
10;100;PAGO;-1424280000;22:05:52.396961;22:11:44.348352;351951391
10;100;PAGO;-1432672704;22:05:52.397165;22:11:44.748483;352351318
10;100;PAGO;-1441065408;22:05:52.397362;22:11:45.149703;352752341
10;100;PAGO;-1449458112;22:05:52.397582;22:11:45.549885;353152303
10;100;PAGO;-1457850816;22:05:52.397886;22:11:45.950689;353552803
10;100;PAGO;-1466243520;22:05:52.398082;22:11:46.350858;353952776
10;100;PAGO;-1474636224;22:05:52.398287;22:11:46.751046;354352759
10;100;PAGO;-1483028928;22:05:52.398557;22:11:47.151238;354752681
10;100;PAGO;-1491421632;22:05:52.398756;22:11:47.551436;355152680
10;100;PAGO;-1499814336;22:05:52.398953;22:11:47.951597;355552644
10;100;PAGO;-1508207040;22:05:52.399145;22:11:48.351699;355952554
10;100;PAGO;-1516599744;22:05:52.399338;22:11:48.752274;356352936
10;100;PAGO;-1524992448;22:05:52.399557;22:11:49.152652;356753095
10;100;PAGO;-1533385152;22:05:52.399749;22:11:49.553488;357153739
10;100;PAGO;-1541777856;22:05:52.399939;22:11:49.953771;357553832
10;100;PAGO;-1550170560;22:05:52.400138;22:11:50.354449;357954311
10;100;PAGO;-1558563264;22:05:52.400326;22:11:50.755430;358355104
10;100;PAGO;-1566955968;22:05:52.400535;22:11:51.155797;358755262
10;100;PAGO;-1575348672;22:05:52.400728;22:11:51.556832;359156104
10;100;PAGO;-1583741376;22:05:52.401005;22:11:51.957035;359556030
10;100;PAGO;-1592134080;22:05:52.401179;22:11:52.357942;359956763
10;100;PAGO;-1600526784;22:05:52.401353;22:11:52.758076;360356723
10;100;PAGO;-1608919488;22:05:52.401545;22:11:53.158336;360756791
10;100;PAGO;-1617312192;22:05:52.401888;22:11:53.558493;361156605
10;100;PAGO;-1625704896;22:05:52.402005;22:11:53.958890;361556885
10;100;PAGO;790619712;22:05:51.364250;22:11:54.459546;363095296
10;100;PAGO;782227008;22:05:52.364688;22:11:54.860027;362495339
10;100;PAGO;773834304;22:05:52.364915;22:11:55.260748;362895833
10;100;PAGO;765441600;22:05:52.365144;22:11:55.660848;363295704
10;100;PAGO;757048896;22:05:52.365436;22:11:56.061357;363695921
10;100;PAGO;748656192;22:05:52.365695;22:11:56.462226;364096531
10;100;PAGO;740263488;22:05:52.365953;22:11:56.862983;364497030
10;100;PAGO;731870784;22:05:52.366321;22:11:57.263508;364897187
10;100;PAGO;723478080;22:05:52.366585;22:11:57.664535;365297950
10;100;PAGO;715085376;22:05:52.366856;22:11:58.064780;365697924
10;100;PAGO;706692672;22:05:52.367146;22:11:58.464928;366097782
10;100;PAGO;698299968;22:05:52.367426;22:11:58.865248;366497822
10;100;PAGO;689907264;22:05:52.367822;22:11:59.265375;366897553
10;100;PAGO;681514560;22:05:52.368092;22:11:59.666136;367298044
10;100;PAGO;673121856;22:05:52.369799;22:12:00.066336;367696537
10;100;PAGO;664729152;22:05:52.370072;22:12:00.466508;368096436
10;100;PAGO;656336448;22:05:52.371795;22:12:00.867210;368495415
10;100;PAGO;647943744;22:05:52.371984;22:12:01.267731;368895747
10;100;PAGO;639551040;22:05:52.372207;22:12:01.668486;369296279
10;100;PAGO;631158336;22:05:52.372401;22:12:02.069400;369696999
10;100;PAGO;622765632;22:05:52.372591;22:12:02.469560;370096969
10;100;PAGO;614372928;22:05:52.372787;22:12:02.869682;370496895
10;100;PAGO;605980224;22:05:52.372977;22:12:03.270363;370897386
10;100;PAGO;597587520;22:05:52.373186;22:12:03.671028;371297842
10;100;PAGO;589194816;22:05:52.373422;22:12:04.071454;371698032
10;100;PAGO;580802112;22:05:52.373615;22:12:04.471647;372098032
10;100;PAGO;572409408;22:05:52.374074;22:12:04.872070;372497996
10;100;PAGO;564016704;22:05:52.374275;22:12:05.272958;372898683
10;100;PAGO;555624000;22:05:52.376890;22:12:05.673415;373296525
10;100;PAGO;547231296;22:05:52.377190;22:12:06.075556;373698366
10;100;PAGO;538838592;22:05:52.377438;22:12:06.475704;374098266
10;100;PAGO;530445888;22:05:52.377642;22:12:06.876011;374498369
10;100;PAGO;522053184;22:05:52.377935;22:12:07.276807;374898872
10;100;PAGO;513660480;22:05:52.378143;22:12:07.677038;375298895
10;100;PAGO;505267776;22:05:52.378345;22:12:08.077728;375699383
10;100;PAGO;496875072;22:05:52.378550;22:12:08.478392;376099842
10;100;PAGO;488482368;22:05:52.378748;22:12:08.878497;376499749
10;100;PAGO;480089664;22:05:52.382181;22:12:09.279490;376897309
10;100;PAGO;471696960;22:05:52.382401;22:12:09.680198;377297797
10;100;PAGO;463304256;22:05:52.382608;22:12:10.080369;377697761
10;100;PAGO;454911552;22:05:52.382812;22:12:10.481315;378098503
10;100;PAGO;446518848;22:05:52.383019;22:12:10.882183;378499164
10;100;PAGO;438126144;22:05:52.383225;22:12:11.282326;378899101
10;100;PAGO;429733440;22:05:52.383423;22:12:11.682485;379299062
10;100;PAGO;421340736;22:05:52.383620;22:12:12.082621;379699001
10;100;PAGO;412948032;22:05:52.384056;22:12:12.483519;380099463
10;100;PAGO;404555328;22:05:52.384254;22:12:12.883648;380499394
10;100;PAGO;396162624;22:05:52.384449;22:12:13.284396;380899947
10;100;PAGO;387769920;22:05:52.384653;22:12:13.684919;381300266
10;100;PAGO;379377216;22:05:52.384866;22:12:14.085083;381700217
10;100;PAGO;370984512;22:05:52.385214;22:12:14.485483;382100269
10;100;PAGO;362591808;22:05:52.385420;22:12:14.885648;382500228
10;100;PAGO;354199104;22:05:52.385625;22:12:15.285980;382900355
10;100;PAGO;345806400;22:05:52.387150;22:12:15.686722;383299572
10;100;PAGO;337413696;22:05:52.387362;22:12:16.086877;383699515
10;100;PAGO;329020992;22:05:52.387560;22:12:16.487077;384099517
10;100;PAGO;320628288;22:05:52.387803;22:12:16.887689;384499886
10;100;PAGO;312235584;22:05:52.388035;22:12:17.287880;384899845
10;100;PAGO;303842880;22:05:52.388239;22:12:17.688005;385299766
10;100;PAGO;295450176;22:05:52.388433;22:12:18.088200;385699767
10;100;PAGO;287057472;22:05:52.388631;22:12:18.488403;386099772
10;100;PAGO;278664768;22:05:52.391912;22:12:18.889145;386497233
10;100;PAGO;270272064;22:05:52.392111;22:12:19.289753;386897642
10;100;PAGO;261879360;22:05:52.392314;22:12:19.689886;387297572
10;100;PAGO;253486656;22:05:52.392515;22:12:20.090112;387697597
10;100;PAGO;245093952;22:05:52.394374;22:12:20.490267;388095893
10;100;PAGO;236701248;22:05:52.394898;22:12:20.890530;388495632
10;100;PAGO;228308544;22:05:52.395104;22:12:21.290718;388895614
10;100;PAGO;219915840;22:05:52.395300;22:12:21.691122;389295822
10;100;PAGO;211523136;22:05:52.395523;22:12:22.091990;389696467
10;100;PAGO;203130432;22:05:52.395724;22:12:22.492110;390096386
10;100;PAGO;194737728;22:05:52.395924;22:12:22.892233;390496309
10;100;PAGO;186345024;22:05:52.396177;22:12:23.292384;390896207
10;100;PAGO;177952320;22:05:52.396375;22:12:23.693180;391296805
10;100;PAGO;169559616;22:05:52.396589;22:12:24.093873;391697284
10;100;PAGO;161166912;22:05:52.396982;22:12:24.494051;392097069
10;100;PAGO;152774208;22:05:52.397184;22:12:24.894590;392497406
10;100;PAGO;144381504;22:05:52.397380;22:12:25.294743;392897363
10;100;PAGO;135988800;22:05:52.397688;22:12:25.695466;393297778
10;100;PAGO;127596096;22:05:52.397904;22:12:26.095631;393697727
10;100;PAGO;119203392;22:05:52.398100;22:12:26.495768;394097668
10;100;PAGO;110810688;22:05:52.398307;22:12:26.896046;394497739
10;100;PAGO;102417984;22:05:52.398576;22:12:27.296217;394897641
10;100;PAGO;94025280;22:05:52.398774;22:12:27.696945;395298171
10;100;PAGO;85632576;22:05:52.398972;22:12:28.097133;395698161
10;100;PAGO;77239872;22:05:52.399164;22:12:28.497281;396098117
10;100;PAGO;68847168;22:05:52.399356;22:12:28.897384;396498028
10;100;PAGO;60454464;22:05:52.399576;22:12:29.300328;396900752
10;100;PAGO;52061760;22:05:52.399767;22:12:29.700457;397300690
10;100;PAGO;43669056;22:05:52.399956;22:12:30.100881;397700925
10;100;PAGO;35276352;22:05:52.400157;22:12:30.501246;398101089
10;100;PAGO;26883648;22:05:52.400345;22:12:30.901393;398501048
10;100;PAGO;18490944;22:05:52.400554;22:12:31.301919;398901365
10;100;PAGO;10098240;22:05:52.400746;22:12:31.702724;399301978
10;100;PAGO;1705536;22:05:52.401024;22:12:32.103005;399701981
10;100;PAGO;-6687168;22:05:52.401200;22:12:32.503397;400102197
10;100;PAGO;-15079872;22:05:52.401387;22:12:32.904440;400503053
10;100;PAGO;-23472576;22:05:52.401564;22:12:33.304624;400903060
10;100;PAGO;-31865280;22:05:52.401909;22:12:33.705160;401303251
10;100;PAGO;-40257984;22:05:52.402011;22:12:34.105283;401703272
