4;5;PAGO;-102767040;13:19:02.674577;13:19:02.678197;3620
4;5;PAGO;-111159744;13:19:02.675508;13:19:02.679435;3927
4;5;PAGO;-119552448;13:19:02.675658;13:19:02.680157;4499
4;5;PAGO;-127945152;13:19:02.675779;13:19:02.681134;5355
4;5;PAGO;-136337856;13:19:02.675820;13:19:02.681188;5368
4;5;PAGO;2080368192;13:19:02.674421;13:19:02.682129;7708
4;5;PAGO;2071975488;13:19:02.675376;13:19:02.682324;6948
4;5;PAGO;2063582784;13:19:02.675543;13:19:02.683119;7576
4;5;PAGO;2055190080;13:19:02.675693;13:19:02.684076;8383
4;5;PAGO;2046797376;13:19:02.675801;13:19:02.684709;8908
4;5;PAGO;1967121984;13:19:02.670671;13:19:02.686022;15351
4;5;PAGO;1958729280;13:19:02.674525;13:19:02.686348;11823
4;5;PAGO;1950336576;13:19:02.675480;13:19:02.686983;11503
4;5;PAGO;1941943872;13:19:02.675631;13:19:02.687437;11806
4;5;PAGO;1933551168;13:19:02.675754;13:19:02.687952;12198
4;5;PAGO;14673472;13:19:02.670711;13:19:02.688945;18234
4;5;PAGO;6280768;13:19:02.674550;13:19:02.689151;14601
4;5;PAGO;-2111936;13:19:02.675482;13:19:02.689954;14472
4;5;PAGO;-10504640;13:19:02.675635;13:19:02.690118;14483
4;5;PAGO;-18897344;13:19:02.675756;13:19:02.690170;14414


10;20;PAGO;266331712;13:19:23.031652;13:19:23.060538;28886
10;20;PAGO;257939008;13:19:23.034069;13:19:23.061433;27364
10;20;PAGO;249546304;13:19:23.034539;13:19:23.062215;27676
10;20;PAGO;241153600;13:19:23.037149;13:19:23.063210;26061
10;20;PAGO;232760896;13:19:23.038076;13:19:23.064169;26093
10;20;PAGO;224368192;13:19:23.038546;13:19:23.065162;26616
10;20;PAGO;215975488;13:19:23.040386;13:19:23.066124;25738
10;20;PAGO;207582784;13:19:23.041151;13:19:23.066177;25026
10;20;PAGO;199190080;13:19:23.043242;13:19:23.066225;22983
10;20;PAGO;190797376;13:19:23.043740;13:19:23.066396;22656
10;20;PAGO;182404672;13:19:23.044168;13:19:23.066663;22495
10;20;PAGO;174011968;13:19:23.045799;13:19:23.067103;21304
10;20;PAGO;165619264;13:19:23.046242;13:19:23.068081;21839
10;20;PAGO;157226560;13:19:23.046821;13:19:23.069066;22245
10;20;PAGO;148833856;13:19:23.047833;13:19:23.070024;22191
10;20;PAGO;140441152;13:19:23.049768;13:19:23.070077;20309
10;20;PAGO;132048448;13:19:23.050202;13:19:23.070125;19923
10;20;PAGO;123655744;13:19:23.051035;13:19:23.070182;19147
10;20;PAGO;115263040;13:19:23.054732;13:19:23.070232;15500
10;20;PAGO;106870336;13:19:23.055119;13:19:23.071010;15891
10;20;PAGO;-1136662976;13:19:23.031683;13:19:23.071989;40306
10;20;PAGO;-1145055680;13:19:23.034076;13:19:23.073106;39030
10;20;PAGO;-1153448384;13:19:23.034522;13:19:23.073936;39414
10;20;PAGO;-1161841088;13:19:23.037208;13:19:23.075012;37804
10;20;PAGO;-1170233792;13:19:23.038114;13:19:23.075911;37797
10;20;PAGO;-1178626496;13:19:23.038508;13:19:23.076852;38344
10;20;PAGO;-1187019200;13:19:23.040337;13:19:23.076907;36570
10;20;PAGO;-1195411904;13:19:23.042838;13:19:23.076957;34119
10;20;PAGO;-1203804608;13:19:23.043284;13:19:23.077005;33721
10;20;PAGO;-1212197312;13:19:23.043763;13:19:23.077070;33307
10;20;PAGO;-1220590016;13:19:23.044236;13:19:23.077818;33582
10;20;PAGO;-1228982720;13:19:23.045818;13:19:23.078855;33037
10;20;PAGO;-1237375424;13:19:23.046218;13:19:23.078963;32745
10;20;PAGO;-1245768128;13:19:23.046873;13:19:23.079754;32881
10;20;PAGO;-1254160832;13:19:23.047864;13:19:23.080756;32892
10;20;PAGO;-1262553536;13:19:23.049849;13:19:23.081791;31942
10;20;PAGO;-1270946240;13:19:23.050276;13:19:23.082758;32482
10;20;PAGO;-1279338944;13:19:23.051124;13:19:23.083696;32572
10;20;PAGO;-1287731648;13:19:23.054811;13:19:23.083750;28939
10;20;PAGO;-1296124352;13:19:23.055169;13:19:23.083800;28631
10;20;PAGO;-1331698112;13:19:23.031708;13:19:23.083861;52153
10;20;PAGO;-1340090816;13:19:23.034074;13:19:23.084819;50745
10;20;PAGO;-1348483520;13:19:23.034454;13:19:23.085652;51198
10;20;PAGO;-1356876224;13:19:23.037185;13:19:23.086719;49534
10;20;PAGO;-1365268928;13:19:23.038132;13:19:23.086804;48672
10;20;PAGO;-1373661632;13:19:23.038459;13:19:23.086906;48447
10;20;PAGO;-1382054336;13:19:23.040417;13:19:23.087448;47031
10;20;PAGO;-1390447040;13:19:23.042890;13:19:23.087555;44665
10;20;PAGO;-1398839744;13:19:23.043328;13:19:23.088609;45281
10;20;PAGO;-1407232448;13:19:23.043848;13:19:23.089586;45738
10;20;PAGO;-1415625152;13:19:23.044255;13:19:23.089643;45388
10;20;PAGO;-1424017856;13:19:23.045876;13:19:23.089694;43818
10;20;PAGO;-1432410560;13:19:23.046284;13:19:23.089743;43459
10;20;PAGO;-1440803264;13:19:23.046905;13:19:23.090565;43660
10;20;PAGO;-1449195968;13:19:23.047902;13:19:23.091495;43593
10;20;PAGO;-1457588672;13:19:23.049882;13:19:23.092469;42587
10;20;PAGO;-1465981376;13:19:23.050308;13:19:23.093445;43137
10;20;PAGO;-1474374080;13:19:23.051151;13:19:23.094460;43309
10;20;PAGO;-1482766784;13:19:23.054829;13:19:23.095374;40545
10;20;PAGO;-1491159488;13:19:23.055159;13:19:23.095428;40269
10;20;PAGO;2042619456;13:19:23.031745;13:19:23.095491;63746
10;20;PAGO;2034226752;13:19:23.034121;13:19:23.095704;61583
10;20;PAGO;2025834048;13:19:23.034568;13:19:23.095917;61349
10;20;PAGO;2017441344;13:19:23.037255;13:19:23.096366;59111
10;20;PAGO;2009048640;13:19:23.038160;13:19:23.097408;59248
10;20;PAGO;2000655936;13:19:23.038572;13:19:23.098049;59477
10;20;PAGO;1992263232;13:19:23.040827;13:19:23.098102;57275
10;20;PAGO;1983870528;13:19:23.042919;13:19:23.098151;55232
10;20;PAGO;1975477824;13:19:23.043355;13:19:23.098206;54851
10;20;PAGO;1967085120;13:19:23.043875;13:19:23.098314;54439
10;20;PAGO;1958692416;13:19:23.044278;13:19:23.099310;55032
10;20;PAGO;1950299712;13:19:23.045902;13:19:23.100304;54402
10;20;PAGO;1941907008;13:19:23.046323;13:19:23.100553;54230
10;20;PAGO;1933514304;13:19:23.046925;13:19:23.101266;54341
10;20;PAGO;1925121600;13:19:23.047927;13:19:23.101365;53438
10;20;PAGO;1916728896;13:19:23.049907;13:19:23.102225;52318
10;20;PAGO;1908336192;13:19:23.050336;13:19:23.103422;53086
10;20;PAGO;1899943488;13:19:23.051176;13:19:23.104171;52995
10;20;PAGO;1891550784;13:19:23.054858;13:19:23.105164;50306
10;20;PAGO;1883158080;13:19:23.055182;13:19:23.106127;50945
10;20;PAGO;698345024;13:19:23.032258;13:19:23.123739;91481
10;20;PAGO;689952320;13:19:23.034280;13:19:23.124873;90593
10;20;PAGO;681559616;13:19:23.034694;13:19:23.125659;90965
10;20;PAGO;673166912;13:19:23.037639;13:19:23.126718;89079
10;20;PAGO;664774208;13:19:23.038267;13:19:23.126774;88507
10;20;PAGO;656381504;13:19:23.038681;13:19:23.126851;88170
10;20;PAGO;647988800;13:19:23.040955;13:19:23.127612;86657
10;20;PAGO;639596096;13:19:23.043057;13:19:23.128577;85520
10;20;PAGO;631203392;13:19:23.043508;13:19:23.129581;86073
10;20;PAGO;622810688;13:19:23.043989;13:19:23.129682;85693
10;20;PAGO;614417984;13:19:23.044391;13:19:23.130639;86248
10;20;PAGO;606025280;13:19:23.046030;13:19:23.131387;85357
10;20;PAGO;597632576;13:19:23.046466;13:19:23.131474;85008
10;20;PAGO;589239872;13:19:23.047637;13:19:23.132106;84469
10;20;PAGO;580847168;13:19:23.048086;13:19:23.132489;84403
10;20;PAGO;572454464;13:19:23.050065;13:19:23.132799;82734
10;20;PAGO;564061760;13:19:23.050911;13:19:23.133450;82539
10;20;PAGO;555669056;13:19:23.054592;13:19:23.133590;78998
10;20;PAGO;547276352;13:19:23.054999;13:19:23.134487;79488
10;20;PAGO;538883648;13:19:23.055289;13:19:23.135356;80067
10;20;PAGO;-882907584;13:19:23.032344;13:19:23.136241;103897
10;20;PAGO;-891300288;13:19:23.034357;13:19:23.136579;102222
10;20;PAGO;-899692992;13:19:23.034753;13:19:23.136973;102220
10;20;PAGO;-908085696;13:19:23.037716;13:19:23.137026;99310
10;20;PAGO;-916478400;13:19:23.038346;13:19:23.138506;100160
10;20;PAGO;-924871104;13:19:23.040182;13:19:23.139329;99147
10;20;PAGO;-933263808;13:19:23.041032;13:19:23.139526;98494
10;20;PAGO;-941656512;13:19:23.043122;13:19:23.140308;97186
10;20;PAGO;-950049216;13:19:23.043564;13:19:23.140622;97058
10;20;PAGO;-958441920;13:19:23.044073;13:19:23.141264;97191
10;20;PAGO;-966834624;13:19:23.044473;13:19:23.141778;97305
10;20;PAGO;-975227328;13:19:23.046114;13:19:23.142286;96172
10;20;PAGO;-983620032;13:19:23.046703;13:19:23.142927;96224
10;20;PAGO;-992012736;13:19:23.047697;13:19:23.142990;95293
10;20;PAGO;-1000405440;13:19:23.049670;13:19:23.143200;93530
10;20;PAGO;-1008798144;13:19:23.050127;13:19:23.144198;94071
10;20;PAGO;-1017190848;13:19:23.050965;13:19:23.145159;94194
10;20;PAGO;-1025583552;13:19:23.054643;13:19:23.145997;91354
10;20;PAGO;-1033976256;13:19:23.055055;13:19:23.146125;91070
10;20;PAGO;-1042368960;13:19:23.055425;13:19:23.146176;90751
10;20;PAGO;1407182400;13:19:23.032232;13:19:23.147123;114891
10;20;PAGO;1398789696;13:19:23.034312;13:19:23.148367;114055
10;20;PAGO;1390396992;13:19:23.034727;13:19:23.148442;113715
10;20;PAGO;1382004288;13:19:23.037637;13:19:23.149080;111443
10;20;PAGO;1373611584;13:19:23.038305;13:19:23.149430;111125
10;20;PAGO;1365218880;13:19:23.038790;13:19:23.149487;110697
10;20;PAGO;1356826176;13:19:23.040981;13:19:23.149538;108557
10;20;PAGO;1348433472;13:19:23.043080;13:19:23.150073;106993
10;20;PAGO;1340040768;13:19:23.043476;13:19:23.151142;107666
10;20;PAGO;1331648064;13:19:23.044016;13:19:23.152007;107991
10;20;PAGO;1323255360;13:19:23.044422;13:19:23.152995;108573
10;20;PAGO;1314862656;13:19:23.046057;13:19:23.153964;107907
10;20;PAGO;1306469952;13:19:23.046439;13:19:23.154021;107582
10;20;PAGO;1298077248;13:19:23.047037;13:19:23.154070;107033
10;20;PAGO;1289684544;13:19:23.048040;13:19:23.154118;106078
10;20;PAGO;1281291840;13:19:23.050032;13:19:23.154172;104140
10;20;PAGO;1272899136;13:19:23.050496;13:19:23.154272;103776
10;20;PAGO;1264506432;13:19:23.054536;13:19:23.154981;100445
10;20;PAGO;1256113728;13:19:23.054951;13:19:23.155083;100132
10;20;PAGO;1247721024;13:19:23.055260;13:19:23.155880;100620
10;20;PAGO;1583343168;13:19:23.032335;13:19:23.156918;124583
10;20;PAGO;1574950464;13:19:23.034338;13:19:23.158103;123765
10;20;PAGO;1566557760;13:19:23.034772;13:19:23.158170;123398
10;20;PAGO;1558165056;13:19:23.037945;13:19:23.158222;120277
10;20;PAGO;1549772352;13:19:23.038367;13:19:23.158903;120536
10;20;PAGO;1541379648;13:19:23.040206;13:19:23.159781;119575
10;20;PAGO;1532986944;13:19:23.041052;13:19:23.160774;119722
10;20;PAGO;1524594240;13:19:23.043143;13:19:23.161752;118609
10;20;PAGO;1516201536;13:19:23.043548;13:19:23.161859;118311
10;20;PAGO;1507808832;13:19:23.044054;13:19:23.162778;118724
10;20;PAGO;1499416128;13:19:23.044451;13:19:23.162834;118383
10;20;PAGO;1491023424;13:19:23.046094;13:19:23.162883;116789
10;20;PAGO;1482630720;13:19:23.046590;13:19:23.162939;116349
10;20;PAGO;1474238016;13:19:23.047669;13:19:23.162987;115318
10;20;PAGO;1465845312;13:19:23.048114;13:19:23.163303;115189
10;20;PAGO;1457452608;13:19:23.050101;13:19:23.163718;113617
10;20;PAGO;1449059904;13:19:23.050938;13:19:23.164718;113780
10;20;PAGO;1440667200;13:19:23.054617;13:19:23.165699;111082
10;20;PAGO;1432274496;13:19:23.055031;13:19:23.166698;111667
10;20;PAGO;1423881792;13:19:23.055411;13:19:23.167651;112240
10;20;PAGO;1948247616;13:19:23.034164;13:19:23.107162;72998
10;20;PAGO;1931462208;13:19:23.037295;13:19:23.107611;70316
10;20;PAGO;1923069504;13:19:23.038195;13:19:23.108061;69866
10;20;PAGO;1914676800;13:19:23.038608;13:19:23.108170;69562
10;20;PAGO;1906284096;13:19:23.040872;13:19:23.109078;68206
10;20;PAGO;1897891392;13:19:23.042962;13:19:23.109184;66222
10;20;PAGO;1889498688;13:19:23.043392;13:19:23.110052;66660
10;20;PAGO;1881105984;13:19:23.043911;13:19:23.110106;66195
10;20;PAGO;1872713280;13:19:23.044313;13:19:23.110154;65841
10;20;PAGO;1864320576;13:19:23.045942;13:19:23.110209;64267
10;20;PAGO;1855927872;13:19:23.046359;13:19:23.111090;64731
10;20;PAGO;1847535168;13:19:23.046964;13:19:23.111998;65034
10;20;PAGO;1839142464;13:19:23.047967;13:19:23.112971;65004
10;20;PAGO;1830749760;13:19:23.049948;13:19:23.113947;63999
10;20;PAGO;1822357056;13:19:23.050373;13:19:23.118947;68574
10;20;PAGO;1813964352;13:19:23.051214;13:19:23.119805;68591
10;20;PAGO;1805571648;13:19:23.054897;13:19:23.120781;65884
10;20;PAGO;1797178944;13:19:23.055220;13:19:23.121762;66542
10;20;PAGO;1788786240;13:19:23.055448;13:19:23.121881;66433
10;20;PAGO;1939854912;13:19:23.034607;13:19:23.169647;135040
10;0;PAGO;1258284608;13:19:23.031600;13:19:23.049593;17993
10;0;PAGO;1249891904;13:19:23.034072;13:19:23.050783;16711
10;20;PAGO;1216321088;13:19:23.038527;13:19:23.054443;15916
10;20;PAGO;1207928384;13:19:23.040364;13:19:23.055378;15014
10;20;PAGO;1199535680;13:19:23.042813;13:19:23.056341;13528
10;20;PAGO;1191142976;13:19:23.043305;13:19:23.057351;14046
10;20;PAGO;1182750272;13:19:23.043832;13:19:23.057428;13596
10;20;PAGO;1174357568;13:19:23.044218;13:19:23.057480;13262
10;20;PAGO;1165964864;13:19:23.045858;13:19:23.057528;11670
10;20;PAGO;1157572160;13:19:23.046300;13:19:23.057595;11295
10;20;PAGO;1241499200;13:19:23.034506;13:19:23.058300;23794
10;20;PAGO;1233106496;13:19:23.037226;13:19:23.058403;21177
10;20;PAGO;1224713792;13:19:23.038097;13:19:23.059288;21191
10;20;PAGO;1149179456;13:19:23.046848;13:19:23.060275;13427
10;20;PAGO;1140786752;13:19:23.047804;13:19:23.060330;12526
10;20;PAGO;1132394048;13:19:23.049805;13:19:23.167724;117919
10;20;PAGO;1124001344;13:19:23.050243;13:19:23.174480;124237
10;20;PAGO;1115608640;13:19:23.051086;13:19:23.175468;124382
10;20;PAGO;1107215936;13:19:23.054768;13:19:23.176415;121647
10;20;PAGO;1098823232;13:19:23.055138;13:19:23.177389;122251


25;50;PAGO;1478485568;13:22:40.467626;13:22:40.888454;420828
25;50;PAGO;1470092864;13:22:40.475099;13:22:40.889737;414638
25;50;PAGO;1461700160;13:22:40.481307;13:22:40.890060;408753
25;50;PAGO;1453307456;13:22:40.488876;13:22:40.890405;401529
25;50;PAGO;1444914752;13:22:40.500524;13:22:40.891351;390827
25;50;PAGO;1436522048;13:22:40.513068;13:22:40.892325;379257
25;50;PAGO;1428129344;13:22:40.518551;13:22:40.893292;374741
25;50;PAGO;1419736640;13:22:40.525839;13:22:40.894268;368429
25;50;PAGO;1411343936;13:22:40.538653;13:22:40.895285;356632
25;50;PAGO;1402951232;13:22:40.540369;13:22:40.895339;354970
25;50;PAGO;1394558528;13:22:40.543799;13:22:40.895396;351597
25;50;PAGO;1386165824;13:22:40.547377;13:22:40.896225;348848
25;50;PAGO;1377773120;13:22:40.550499;13:22:40.896275;345776
25;50;PAGO;1369380416;13:22:40.557682;13:22:40.897208;339526
25;50;PAGO;1360987712;13:22:40.558893;13:22:40.898174;339281
25;50;PAGO;1352595008;13:22:40.562709;13:22:40.898230;335521
25;50;PAGO;1344202304;13:22:40.567144;13:22:40.899205;332061
25;50;PAGO;1335809600;13:22:40.571683;13:22:40.899528;327845
25;50;PAGO;1327416896;13:22:40.572893;13:22:40.899810;326917
25;50;PAGO;1319024192;13:22:40.578522;13:22:40.899913;321391
25;50;PAGO;1310631488;13:22:40.585727;13:22:40.900099;314372
25;50;PAGO;1302238784;13:22:40.589247;13:22:40.900169;310922
25;50;PAGO;1293846080;13:22:40.591115;13:22:40.900791;309676
25;50;PAGO;1285453376;13:22:40.597468;13:22:40.901112;303644
25;50;PAGO;1277060672;13:22:40.599748;13:22:40.902077;302329
25;50;PAGO;1268667968;13:22:40.602448;13:22:40.902128;299680
25;50;PAGO;1260275264;13:22:40.608757;13:22:40.902177;293420
25;50;PAGO;1251882560;13:22:40.613377;13:22:40.902231;288854
25;50;PAGO;1243489856;13:22:40.618735;13:22:40.903114;284379
25;50;PAGO;1235097152;13:22:40.623496;13:22:40.904005;280509
25;50;PAGO;1226704448;13:22:40.625741;13:22:40.904977;279236
25;50;PAGO;1218311744;13:22:40.631384;13:22:40.905960;274576
25;50;PAGO;1209919040;13:22:40.635260;13:22:40.906017;270757
25;50;PAGO;1201526336;13:22:40.646679;13:22:40.906067;259388
25;50;PAGO;1193133632;13:22:40.649148;13:22:40.906124;256976
25;50;PAGO;1184740928;13:22:40.832979;13:22:40.906181;73202
25;50;PAGO;1176348224;13:22:40.833975;13:22:40.906234;72259
25;50;PAGO;1167955520;13:22:40.837963;13:22:40.907023;69060
25;50;PAGO;1159562816;13:22:40.841303;13:22:40.907954;66651
25;50;PAGO;1151170112;13:22:40.844946;13:22:40.908909;63963
25;50;PAGO;1142777408;13:22:40.848620;13:22:40.909890;61270
25;50;PAGO;1134384704;13:22:40.850470;13:22:40.910902;60432
25;50;PAGO;1125992000;13:22:40.854720;13:22:40.911836;57116
25;50;PAGO;1117599296;13:22:40.856065;13:22:40.911887;55822
25;50;PAGO;1109206592;13:22:40.859558;13:22:40.911935;52377
25;50;PAGO;1100813888;13:22:40.866491;13:22:40.911991;45500
25;50;PAGO;1092421184;13:22:40.869301;13:22:40.912049;42748
25;50;PAGO;1084028480;13:22:40.871244;13:22:40.912811;41567
25;50;PAGO;1075635776;13:22:40.874005;13:22:40.913810;39805
25;50;PAGO;1067243072;13:22:40.875903;13:22:40.914784;38881
25;50;PAGO;-1797265856;13:22:40.462946;13:22:40.916750;453804
25;50;PAGO;-1805658560;13:22:40.468266;13:22:40.917753;449487
25;50;PAGO;-1814051264;13:22:40.475214;13:22:40.918709;443495
25;50;PAGO;-1822443968;13:22:40.483921;13:22:40.919646;435725
25;50;PAGO;-1830836672;13:22:40.491009;13:22:40.920617;429608
25;50;PAGO;-1839229376;13:22:40.500633;13:22:40.920698;420065
25;50;PAGO;-1847622080;13:22:40.513923;13:22:40.921587;407664
25;50;PAGO;-1856014784;13:22:40.518201;13:22:40.922622;404421
25;50;PAGO;-1864407488;13:22:40.519755;13:22:40.923545;403790
25;50;PAGO;-1872800192;13:22:40.539083;13:22:40.924523;385440
25;50;PAGO;-1881192896;13:22:40.540026;13:22:40.924574;384548
25;50;PAGO;-1889585600;13:22:40.544076;13:22:40.924623;380547
25;50;PAGO;-1897978304;13:22:40.547597;13:22:40.924678;377081
25;50;PAGO;-1906371008;13:22:40.551282;13:22:40.925496;374214
25;50;PAGO;-1914763712;13:22:40.558222;13:22:40.926503;368281
25;50;PAGO;-1923156416;13:22:40.562235;13:22:40.926554;364319
25;50;PAGO;-1931549120;13:22:40.566715;13:22:40.926611;359896
25;50;PAGO;-1939941824;13:22:40.567513;13:22:40.926783;359270
25;50;PAGO;-1948334528;13:22:40.571761;13:22:40.927452;355691
25;50;PAGO;-1956727232;13:22:40.575187;13:22:40.927567;352380
25;50;PAGO;-1965119936;13:22:40.578597;13:22:40.928468;349871
25;50;PAGO;-1973512640;13:22:40.585922;13:22:40.928570;342648
25;50;PAGO;-1981905344;13:22:40.589325;13:22:40.929427;340102
25;50;PAGO;-1990298048;13:22:40.591189;13:22:40.930442;339253
25;50;PAGO;-1998690752;13:22:40.597634;13:22:40.930496;332862
25;50;PAGO;-2007083456;13:22:40.599823;13:22:40.930563;330740
25;50;PAGO;-2015476160;13:22:40.606471;13:22:40.931357;324886
25;50;PAGO;-2023868864;13:22:40.608831;13:22:40.932338;323507
25;50;PAGO;-2032261568;13:22:40.614567;13:22:40.932395;317828
25;50;PAGO;-2040654272;13:22:40.619150;13:22:40.932446;313296
25;50;PAGO;-2049046976;13:22:40.624667;13:22:40.932494;307827
25;50;PAGO;-2057439680;13:22:40.626910;13:22:40.932542;305632
25;50;PAGO;-2065832384;13:22:40.631857;13:22:40.933317;301460
25;50;PAGO;-2074225088;13:22:40.638192;13:22:40.934348;296156
25;50;PAGO;-2082617792;13:22:40.647136;13:22:40.935279;288143
25;50;PAGO;-2091010496;13:22:40.649559;13:22:40.936267;286708
25;50;PAGO;-2099403200;13:22:40.833177;13:22:40.936328;103151
25;50;PAGO;-2107795904;13:22:40.837150;13:22:40.936380;99230
25;50;PAGO;-2116188608;13:22:40.839156;13:22:40.936785;97629
25;50;PAGO;-2124581312;13:22:40.842237;13:22:40.937182;94945
25;50;PAGO;-2132974016;13:22:40.844646;13:22:40.937578;92932
25;50;PAGO;-2141366720;13:22:40.847344;13:22:40.938192;90848
25;50;PAGO;2145207872;13:22:40.849658;13:22:40.939210;89552
25;50;PAGO;2136815168;13:22:40.854539;13:22:40.940162;85623
25;50;PAGO;2128422464;13:22:40.855777;13:22:40.941125;85348
25;50;PAGO;2120029760;13:22:40.858995;13:22:40.942111;83116
25;50;PAGO;2111637056;13:22:40.866318;13:22:40.942174;75856
25;50;PAGO;2103244352;13:22:40.867713;13:22:40.942231;74518
25;50;PAGO;2094851648;13:22:40.870885;13:22:40.942971;72086
25;50;PAGO;2086458944;13:22:40.873627;13:22:40.943065;69438
25;50;PAGO;1073735232;13:22:40.465474;13:22:40.947611;482137
25;50;PAGO;1065342528;13:22:40.475101;13:22:40.948123;473022
25;50;PAGO;1056949824;13:22:40.481157;13:22:40.948931;467774
25;50;PAGO;1048557120;13:22:40.486066;13:22:40.949896;463830
25;50;PAGO;1040164416;13:22:40.500571;13:22:40.950933;450362
25;50;PAGO;1031771712;13:22:40.512980;13:22:40.951848;438868
25;50;PAGO;1023379008;13:22:40.518899;13:22:40.952820;433921
25;50;PAGO;1014986304;13:22:40.525915;13:22:40.953808;427893
25;50;PAGO;1006593600;13:22:40.538766;13:22:40.954782;416016
25;50;PAGO;998200896;13:22:40.540153;13:22:40.955755;415602
25;50;PAGO;989808192;13:22:40.543703;13:22:40.956727;413024
25;50;PAGO;981415488;13:22:40.547450;13:22:40.957566;410116
25;50;PAGO;973022784;13:22:40.551241;13:22:40.957702;406461
25;50;PAGO;964630080;13:22:40.557973;13:22:40.957753;399780
25;50;PAGO;956237376;13:22:40.561899;13:22:40.957876;395977
25;50;PAGO;947844672;13:22:40.563073;13:22:40.958058;394985
25;50;PAGO;939451968;13:22:40.567641;13:22:40.958732;391091
25;50;PAGO;931059264;13:22:40.572479;13:22:40.959651;387172
25;50;PAGO;922666560;13:22:40.575843;13:22:40.960648;384805
25;50;PAGO;914273856;13:22:40.585298;13:22:40.961612;376314
25;50;PAGO;905881152;13:22:40.586628;13:22:40.962618;375990
25;50;PAGO;897488448;13:22:40.589976;13:22:40.963568;373592
25;50;PAGO;889095744;13:22:40.596964;13:22:40.964530;367566
25;50;PAGO;880703040;13:22:40.598128;13:22:40.965534;367406
25;50;PAGO;872310336;13:22:40.600262;13:22:40.965591;365329
25;50;PAGO;863917632;13:22:40.606967;13:22:40.966024;359057
25;50;PAGO;855524928;13:22:40.609095;13:22:40.966075;356980
25;50;PAGO;847132224;13:22:40.615229;13:22:40.966125;350896
25;50;PAGO;838739520;13:22:40.620558;13:22:40.966448;345890
25;50;PAGO;830346816;13:22:40.625043;13:22:40.966998;341955
25;50;PAGO;821954112;13:22:40.629614;13:22:40.967054;337440
25;50;PAGO;813561408;13:22:40.633339;13:22:40.967104;333765
25;50;PAGO;805168704;13:22:40.638227;13:22:40.967451;329224
25;50;PAGO;796776000;13:22:40.647154;13:22:40.968424;321270
25;50;PAGO;788383296;13:22:40.649590;13:22:40.969414;319824
25;50;PAGO;779990592;13:22:40.833205;13:22:40.970412;137207
25;50;PAGO;771597888;13:22:40.837279;13:22:40.971365;134086
25;50;PAGO;763205184;13:22:40.839474;13:22:40.972360;132886
25;50;PAGO;754812480;13:22:40.841939;13:22:40.973327;131388
25;50;PAGO;746419776;13:22:40.843766;13:22:40.974267;130501
25;50;PAGO;738027072;13:22:40.847124;13:22:40.975435;128311
25;50;PAGO;729634368;13:22:40.850264;13:22:40.976250;125986
25;50;PAGO;721241664;13:22:40.852511;13:22:40.977259;124748
25;50;PAGO;712848960;13:22:40.855960;13:22:40.977314;121354
25;50;PAGO;704456256;13:22:40.858876;13:22:40.977376;118500
25;50;PAGO;696063552;13:22:40.866411;13:22:40.977568;111157
25;50;PAGO;687670848;13:22:40.869209;13:22:40.978202;108993
25;50;PAGO;679278144;13:22:40.870004;13:22:40.979207;109203
25;50;PAGO;670885440;13:22:40.873429;13:22:40.980147;106718
25;50;PAGO;662492736;13:22:40.874641;13:22:40.981123;106482
25;50;PAGO;-765467072;13:22:40.465418;13:22:40.983100;517682
25;50;PAGO;-773859776;13:22:40.472072;13:22:40.983703;511631
25;50;PAGO;-782252480;13:22:40.481303;13:22:40.984065;502762
25;50;PAGO;-790645184;13:22:40.486106;13:22:40.985041;498935
25;50;PAGO;-799037888;13:22:40.499356;13:22:40.986008;486652
25;50;PAGO;-807430592;13:22:40.514285;13:22:40.986064;471779
25;50;PAGO;-815823296;13:22:40.518853;13:22:40.986121;467268
25;50;PAGO;-824216000;13:22:40.525999;13:22:40.986173;460174
25;50;PAGO;-832608704;13:22:40.538731;13:22:40.986231;447500
25;50;PAGO;-841001408;13:22:40.540262;13:22:40.986980;446718
25;50;PAGO;-849394112;13:22:40.543989;13:22:40.987962;443973
25;50;PAGO;-857786816;13:22:40.547516;13:22:40.988940;441424
25;50;PAGO;-866179520;13:22:40.551223;13:22:40.989912;438689
25;50;PAGO;-874572224;13:22:40.558095;13:22:40.990900;432805
25;50;PAGO;-882964928;13:22:40.562104;13:22:40.991861;429757
25;50;PAGO;-891357632;13:22:40.563377;13:22:40.992855;429478
25;50;PAGO;-899750336;13:22:40.568632;13:22:40.993850;425218
25;50;PAGO;-908143040;13:22:40.572283;13:22:40.994870;422587
25;50;PAGO;-916535744;13:22:40.575733;13:22:40.995787;420054
25;50;PAGO;-924928448;13:22:40.582627;13:22:40.996762;414135
25;50;PAGO;-933321152;13:22:40.586831;13:22:40.997730;410899
25;50;PAGO;-941713856;13:22:40.590128;13:22:40.998766;408638
25;50;PAGO;-950106560;13:22:40.597036;13:22:40.999721;402685
25;50;PAGO;-958499264;13:22:40.598375;13:22:41.000656;402281
25;50;PAGO;-966891968;13:22:40.602008;13:22:41.001623;399615
25;50;PAGO;-975284672;13:22:40.607250;13:22:41.002628;395378
25;50;PAGO;-983677376;13:22:40.612801;13:22:41.004641;391840
25;50;PAGO;-992070080;13:22:40.618054;13:22:41.004712;386658
25;50;PAGO;-1000462784;13:22:40.620767;13:22:41.005527;384760
25;50;PAGO;-1008855488;13:22:40.625262;13:22:41.006526;381264
25;50;PAGO;-1017248192;13:22:40.631003;13:22:41.006782;375779
25;50;PAGO;-1025640896;13:22:40.634794;13:22:41.007478;372684
25;50;PAGO;-1034033600;13:22:40.645219;13:22:41.007565;362346
25;50;PAGO;-1042426304;13:22:40.648679;13:22:41.008450;359771
25;50;PAGO;-1050819008;13:22:40.832600;13:22:41.009442;176842
25;50;PAGO;-1059211712;13:22:40.833412;13:22:41.010469;177057
25;50;PAGO;-1067604416;13:22:40.837768;13:22:41.011385;173617
25;50;PAGO;-1075997120;13:22:40.839278;13:22:41.012366;173088
25;50;PAGO;-1084389824;13:22:40.842260;13:22:41.013420;171160
25;50;PAGO;-1092782528;13:22:40.844666;13:22:41.014379;169713
25;50;PAGO;-1101175232;13:22:40.847322;13:22:41.014432;167110
25;50;PAGO;-1109567936;13:22:40.850168;13:22:41.014482;164314
25;50;PAGO;-1117960640;13:22:40.854438;13:22:41.014533;160095
25;50;PAGO;-1126353344;13:22:40.855889;13:22:41.014599;158710
25;50;PAGO;-1134746048;13:22:40.858951;13:22:41.015290;156339
25;50;PAGO;-1143138752;13:22:40.866449;13:22:41.016269;149820
25;50;PAGO;-1151531456;13:22:40.869368;13:22:41.016776;147408
25;50;PAGO;-1159924160;13:22:40.871309;13:22:41.017241;145932
25;50;PAGO;-1168316864;13:22:40.874279;13:22:41.017571;143292
25;50;PAGO;-1176709568;13:22:40.875939;13:22:41.018236;142297
25;50;PAGO;364897856;13:22:40.467264;13:22:41.020208;552944
25;50;PAGO;356505152;13:22:40.475093;13:22:41.021302;546209
25;50;PAGO;348112448;13:22:40.481256;13:22:41.022126;540870
25;50;PAGO;339719744;13:22:40.486086;13:22:41.022178;536092
25;50;PAGO;331327040;13:22:40.500532;13:22:41.022226;521694
25;50;PAGO;322934336;13:22:40.511918;13:22:41.023106;511188
25;50;PAGO;314541632;13:22:40.518600;13:22:41.024078;505478
25;50;PAGO;306148928;13:22:40.525895;13:22:41.025093;499198
25;50;PAGO;297756224;13:22:40.538304;13:22:41.026021;487717
25;50;PAGO;289363520;13:22:40.539690;13:22:41.026077;486387
25;50;PAGO;280970816;13:22:40.543464;13:22:41.026133;482669
25;50;PAGO;272578112;13:22:40.547195;13:22:41.026184;478989
25;50;PAGO;264185408;13:22:40.550258;13:22:41.026233;475975
25;50;PAGO;255792704;13:22:40.557903;13:22:41.027152;469249
25;50;PAGO;247400000;13:22:40.561708;13:22:41.027273;465565
25;50;PAGO;239007296;13:22:40.562899;13:22:41.028000;465101
25;50;PAGO;230614592;13:22:40.567397;13:22:41.028969;461572
25;50;PAGO;222221888;13:22:40.571716;13:22:41.029937;458221
25;50;PAGO;213829184;13:22:40.572924;13:22:41.030962;458038
25;50;PAGO;205436480;13:22:40.578556;13:22:41.031896;453340
25;50;PAGO;197043776;13:22:40.585761;13:22:41.032862;447101
25;50;PAGO;188651072;13:22:40.589290;13:22:41.033845;444555
25;50;PAGO;180258368;13:22:40.591148;13:22:41.034853;443705
25;50;PAGO;171865664;13:22:40.597598;13:22:41.034907;437309
25;50;PAGO;163472960;13:22:40.599790;13:22:41.034956;435166
25;50;PAGO;155080256;13:22:40.606438;13:22:41.035003;428565
25;50;PAGO;146687552;13:22:40.608802;13:22:41.035056;426254
25;50;PAGO;138294848;13:22:40.614532;13:22:41.035106;420574
25;50;PAGO;129902144;13:22:40.618787;13:22:41.035809;417022
25;50;PAGO;121509440;13:22:40.624629;13:22:41.036754;412125
25;50;PAGO;113116736;13:22:40.626877;13:22:41.037586;410709
25;50;PAGO;104724032;13:22:40.631823;13:22:41.037708;405885
25;50;PAGO;96331328;13:22:40.638169;13:22:41.038793;400624
25;50;PAGO;87938624;13:22:40.647072;13:22:41.038863;391791
25;50;PAGO;79545920;13:22:40.649529;13:22:41.039692;390163
25;50;PAGO;71153216;13:22:40.833148;13:22:41.040664;207516
25;50;PAGO;62760512;13:22:40.837445;13:22:41.041626;204181
25;50;PAGO;54367808;13:22:40.839015;13:22:41.042670;203655
25;50;PAGO;45975104;13:22:40.842185;13:22:41.043615;201430
25;50;PAGO;37582400;13:22:40.843730;13:22:41.044573;200843
25;50;PAGO;29189696;13:22:40.846886;13:22:41.045331;198445
25;50;PAGO;20796992;13:22:40.849736;13:22:41.045544;195808
25;50;PAGO;12404288;13:22:40.854416;13:22:41.045599;191183
25;50;PAGO;4011584;13:22:40.855756;13:22:41.045648;189892
25;50;PAGO;-4381120;13:22:40.859014;13:22:41.045704;186690
25;50;PAGO;-12773824;13:22:40.866388;13:22:41.045758;179370
25;50;PAGO;-21166528;13:22:40.869187;13:22:41.045825;176638
25;50;PAGO;-29559232;13:22:40.870052;13:22:41.046542;176490
25;50;PAGO;-37951936;13:22:40.873686;13:22:41.047494;173808
25;50;PAGO;-46344640;13:22:40.875805;13:22:41.047568;171763
25;0;PAGO;-308287936;13:22:40.463639;13:22:40.525542;61903
25;0;PAGO;-316680640;13:22:40.468326;13:22:40.535454;67128
25;0;PAGO;-325073344;13:22:40.475249;13:22:40.536250;61001
25;0;PAGO;-333466048;13:22:40.483961;13:22:40.538488;54527
25;0;PAGO;-341858752;13:22:40.491088;13:22:40.539170;48082
25;0;PAGO;-350251456;13:22:40.500702;13:22:40.540315;39613
25;0;PAGO;-358644160;13:22:40.514253;13:22:40.543028;28775
25;0;PAGO;-367036864;13:22:40.517927;13:22:40.544154;26227
25;0;PAGO;-375429568;13:22:40.519779;13:22:40.546367;26588
25;0;PAGO;-383822272;13:22:40.539121;13:22:40.547022;7901
25;50;PAGO;-392214976;13:22:40.540419;13:22:41.446827;906408
25;50;PAGO;-469764544;13:22:40.544193;13:22:41.446881;902688
25;50;PAGO;-545298880;13:22:40.585149;13:22:41.447591;862442
25;50;PAGO;-478157248;13:22:40.548100;13:22:41.448423;900323
25;50;PAGO;-553691584;13:22:40.586043;13:22:41.448630;862587
25;50;PAGO;-486549952;13:22:40.551182;13:22:41.449671;898489
25;50;PAGO;-562084288;13:22:40.589481;13:22:41.449772;860291
25;50;PAGO;-494942656;13:22:40.558071;13:22:41.450642;892571
25;50;PAGO;-570476992;13:22:40.591331;13:22:41.451539;860208
25;50;PAGO;-503335360;13:22:40.561975;13:22:41.452511;890536
25;50;PAGO;-578869696;13:22:40.597791;13:22:41.453489;855698
25;50;PAGO;-511728064;13:22:40.563129;13:22:41.454480;891351
25;50;PAGO;-587262400;13:22:40.599971;13:22:41.454939;854968
25;50;PAGO;-520120768;13:22:40.568072;13:22:41.455440;887368
25;50;PAGO;-595655104;13:22:40.606628;13:22:41.456419;849791
25;50;PAGO;-528513472;13:22:40.572205;13:22:41.456787;884582
25;50;PAGO;-604047808;13:22:40.608980;13:22:41.457394;848414
25;50;PAGO;-536906176;13:22:40.575555;13:22:41.457445;881890
25;50;PAGO;-612440512;13:22:40.614678;13:22:41.457494;842816
25;50;PAGO;-620833216;13:22:40.619329;13:22:41.457561;838232
25;50;PAGO;-629225920;13:22:40.624792;13:22:41.458440;833648
25;50;PAGO;-637618624;13:22:40.629432;13:22:41.459349;829917
25;50;PAGO;-646011328;13:22:40.633250;13:22:41.459439;826189
25;50;PAGO;-654404032;13:22:40.638055;13:22:41.460345;822290
25;50;PAGO;-662796736;13:22:40.646974;13:22:41.461346;814372
25;50;PAGO;-671189440;13:22:40.649406;13:22:41.461449;812043
25;50;PAGO;-679582144;13:22:40.833094;13:22:41.462338;629244
25;50;PAGO;-687974848;13:22:40.833856;13:22:41.462872;629016
25;50;PAGO;-696367552;13:22:40.837910;13:22:41.462973;625063
25;50;PAGO;-704760256;13:22:40.839635;13:22:41.463280;623645
25;50;PAGO;-713152960;13:22:40.841838;13:22:41.464247;622409
25;50;PAGO;-721545664;13:22:40.844152;13:22:41.465223;621071
25;50;PAGO;-729938368;13:22:40.847150;13:22:41.466210;619060
25;50;PAGO;-738331072;13:22:40.850204;13:22:41.466818;616614
25;50;PAGO;-746723776;13:22:40.854362;13:22:41.467143;612781
25;50;PAGO;-755116480;13:22:40.855869;13:22:41.467219;611350
25;50;PAGO;-763509184;13:22:40.858701;13:22:41.467586;608885
25;50;PAGO;-771901888;13:22:40.866366;13:22:41.468223;601857
25;50;PAGO;-780294592;13:22:40.869067;13:22:41.468278;599211
25;50;PAGO;-788687296;13:22:40.871034;13:22:41.468327;597293
25;0;PAGO;1124066880;13:22:40.459807;13:22:40.550582;90775
25;0;PAGO;1115674176;13:22:40.464679;13:22:40.553834;89155
25;0;PAGO;1082103360;13:22:40.500538;13:22:40.557861;57323
25;0;PAGO;1073710656;13:22:40.511516;13:22:40.558570;47054
25;0;PAGO;1065317952;13:22:40.518399;13:22:40.561593;43194
25;0;PAGO;1056925248;13:22:40.526232;13:22:40.562454;36222
25;0;PAGO;1048532544;13:22:40.539018;13:22:40.566625;27607
25;0;PAGO;1107281472;13:22:40.474697;13:22:40.566807;92110
25;0;PAGO;1098888768;13:22:40.478059;13:22:40.567349;89290
25;0;PAGO;1090496064;13:22:40.486041;13:22:40.567735;81694
25;0;PAGO;1040139840;13:22:40.539839;13:22:40.568586;28747
25;0;PAGO;1031747136;13:22:40.543675;13:22:40.571249;27574
25;0;PAGO;1023354432;13:22:40.547620;13:22:40.572532;24912
25;0;PAGO;1014961728;13:22:40.553930;13:22:40.575140;21210
25;50;PAGO;1006569024;13:22:40.558025;13:22:41.469190;911165
25;50;PAGO;813663808;13:22:40.618267;13:22:41.470134;851867
25;50;PAGO;805271104;13:22:40.623019;13:22:41.470196;847177
25;50;PAGO;796878400;13:22:40.625320;13:22:41.471127;845807
25;50;PAGO;788485696;13:22:40.629948;13:22:41.472066;842118
25;50;PAGO;780092992;13:22:40.633414;13:22:41.473042;839628
25;50;PAGO;771700288;13:22:40.638295;13:22:41.474015;835720
25;50;PAGO;763307584;13:22:40.647226;13:22:41.474068;826842
25;50;PAGO;754914880;13:22:40.832437;13:22:41.474122;641685
25;50;PAGO;746522176;13:22:40.833261;13:22:41.474172;640911
25;50;PAGO;738129472;13:22:40.837477;13:22:41.474221;636744
25;50;PAGO;729736768;13:22:40.839367;13:22:41.474682;635315
25;50;PAGO;721344064;13:22:40.842279;13:22:41.475001;632722
25;50;PAGO;712951360;13:22:40.844503;13:22:41.475978;631475
25;50;PAGO;704558656;13:22:40.847272;13:22:41.476791;629519
25;50;PAGO;696165952;13:22:40.850149;13:22:41.476906;626757
25;50;PAGO;687773248;13:22:40.854518;13:22:41.477645;623127
25;50;PAGO;679380544;13:22:40.855812;13:22:41.477909;622097
25;50;PAGO;670987840;13:22:40.858721;13:22:41.479030;620309
25;50;PAGO;662595136;13:22:40.865994;13:22:41.479085;613091
25;50;PAGO;654202432;13:22:40.867801;13:22:41.479134;611333
25;50;PAGO;645809728;13:22:40.870963;13:22:41.479881;608918
25;50;PAGO;637417024;13:22:40.873887;13:22:41.480842;606955
25;50;PAGO;998176320;13:22:40.562002;13:22:41.744902;1182900
25;50;PAGO;989783616;13:22:40.563030;13:22:41.767558;1204528
25;50;PAGO;981390912;13:22:40.567773;13:22:41.790248;1222475
25;50;PAGO;972998208;13:22:40.572390;13:22:41.808779;1236389
25;50;PAGO;964605504;13:22:40.575640;13:22:41.829455;1253815
25;50;PAGO;956212800;13:22:40.582603;13:22:41.848805;1266202
25;50;PAGO;872412736;13:22:40.586851;13:22:41.871346;1284495
25;50;PAGO;864020032;13:22:40.590828;13:22:41.890537;1299709
25;50;PAGO;855627328;13:22:40.596996;13:22:41.909017;1312021
25;50;PAGO;847234624;13:22:40.598352;13:22:41.932487;1334135
25;50;PAGO;838841920;13:22:40.602028;13:22:41.949080;1347052
25;50;PAGO;830449216;13:22:40.608380;13:22:41.967554;1359174
25;50;PAGO;822056512;13:22:40.611018;13:22:41.991968;1380950
25;0;PAGO;-88086976;13:22:40.459856;13:22:40.578387;118531
25;0;PAGO;-96479680;13:22:40.465470;13:22:40.584893;119423
25;0;PAGO;-130050496;13:22:40.500540;13:22:40.585887;85347
25;0;PAGO;-138443200;13:22:40.511135;13:22:40.586161;75026
25;0;PAGO;-146835904;13:22:40.519090;13:22:40.586235;67145
25;0;PAGO;-155228608;13:22:40.535655;13:22:40.588881;53226
25;0;PAGO;-163621312;13:22:40.538539;13:22:40.589767;51228
25;0;PAGO;-172014016;13:22:40.540394;13:22:40.590753;50359
25;0;PAGO;-180406720;13:22:40.544057;13:22:40.594663;50606
25;0;PAGO;-188799424;13:22:40.547545;13:22:40.596671;49126
25;0;PAGO;-197192128;13:22:40.551262;13:22:40.596919;45657
25;0;PAGO;-205584832;13:22:40.558146;13:22:40.597578;39432
25;0;PAGO;-213977536;13:22:40.561918;13:22:40.598568;36650
25;0;PAGO;-222370240;13:22:40.563219;13:22:40.598644;35425
25;0;PAGO;-104872384;13:22:40.473369;13:22:40.598716;125347
25;0;PAGO;-113265088;13:22:40.481305;13:22:40.601965;120660
25;0;PAGO;-121657792;13:22:40.486127;13:22:40.602499;116372
25;0;PAGO;-230762944;13:22:40.568211;13:22:40.606388;38177
25;0;PAGO;-239155648;13:22:40.572441;13:22:40.606905;34464
25;0;PAGO;-247548352;13:22:40.575714;13:22:40.608332;32618
25;50;PAGO;-255941056;13:22:40.578907;13:22:41.482965;904058
25;50;PAGO;-444619200;13:22:40.646721;13:22:41.483786;837065
25;50;PAGO;-453011904;13:22:40.649186;13:22:41.484757;835571
25;50;PAGO;-461404608;13:22:40.833006;13:22:41.485750;652744
25;50;PAGO;-469797312;13:22:40.837201;13:22:41.486705;649504
25;50;PAGO;-478190016;13:22:40.841339;13:22:41.486778;645439
25;50;PAGO;-486582720;13:22:40.842814;13:22:41.487572;644758
25;50;PAGO;-494975424;13:22:40.846768;13:22:41.487655;640887
25;50;PAGO;-503368128;13:22:40.849106;13:22:41.488625;639519
25;50;PAGO;-511760832;13:22:40.851898;13:22:41.489605;637707
25;50;PAGO;-520153536;13:22:40.855162;13:22:41.489657;634495
25;50;PAGO;-528546240;13:22:40.857933;13:22:41.489714;631781
25;50;PAGO;-536938944;13:22:40.860464;13:22:41.489762;629298
25;50;PAGO;-545331648;13:22:40.866722;13:22:41.489811;623089
25;50;PAGO;-553724352;13:22:40.869519;13:22:41.489858;620339
25;50;PAGO;-562117056;13:22:40.871458;13:22:41.490626;619168
25;50;PAGO;-570509760;13:22:40.874393;13:22:41.490744;616351
25;50;PAGO;-264333760;13:22:40.586066;13:22:41.746979;1160913
25;50;PAGO;-272726464;13:22:40.589425;13:22:41.770554;1181129
25;50;PAGO;-281119168;13:22:40.591300;13:22:41.794320;1203020
25;50;PAGO;-289511872;13:22:40.597726;13:22:41.811538;1213812
25;50;PAGO;-297904576;13:22:40.599889;13:22:41.831295;1231406
25;50;PAGO;-306297280;13:22:40.606547;13:22:41.855643;1249096
25;50;PAGO;-314689984;13:22:40.608895;13:22:41.875432;1266537
25;50;PAGO;-323082688;13:22:40.614624;13:22:41.894565;1279941
25;50;PAGO;-402655680;13:22:40.619241;13:22:41.913085;1293844
25;50;PAGO;-411048384;13:22:40.624739;13:22:41.936490;1311751
25;50;PAGO;-419441088;13:22:40.626964;13:22:41.958800;1331836
25;50;PAGO;-427833792;13:22:40.631899;13:22:41.982208;1350309
25;50;PAGO;-436226496;13:22:40.637908;13:22:42.002941;1365033
25;0;PAGO;-1994398144;13:22:40.464027;13:22:40.637629;173602
25;0;PAGO;-2002790848;13:22:40.468366;13:22:40.644140;175774
25;0;PAGO;2032002624;13:22:40.635051;13:22:40.644436;9385
25;0;PAGO;-2036361664;13:22:40.500778;13:22:40.646417;145639
25;0;PAGO;-2044754368;13:22:40.514331;13:22:40.646795;132464
25;0;PAGO;-2053147072;13:22:40.519131;13:22:40.647356;128225
25;0;PAGO;-2061539776;13:22:40.535744;13:22:40.648586;112842
25;0;PAGO;-2069932480;13:22:40.539272;13:22:40.649039;109767
25;0;PAGO;-2078325184;13:22:40.540496;13:22:40.649280;108784
25;0;PAGO;-2086717888;13:22:40.546480;13:22:40.832805;286325
25;0;PAGO;-2095110592;13:22:40.548266;13:22:40.833916;285650
25;0;PAGO;-2103503296;13:22:40.554150;13:22:40.837402;283252
25;0;PAGO;-2111896000;13:22:40.558418;13:22:40.837698;279280
25;0;PAGO;-2120288704;13:22:40.562342;13:22:40.838431;276089
25;0;PAGO;-2128681408;13:22:40.566883;13:22:40.838829;271946
25;0;PAGO;-2137074112;13:22:40.571425;13:22:40.839615;268190
25;0;PAGO;-2145466816;13:22:40.572658;13:22:40.841589;268931
25;0;PAGO;2141107776;13:22:40.575952;13:22:40.842333;266381
25;0;PAGO;2132715072;13:22:40.585459;13:22:40.842537;257078
25;0;PAGO;2124322368;13:22:40.588982;13:22:40.844027;255045
25;0;PAGO;2115929664;13:22:40.590875;13:22:40.844566;253691
25;0;PAGO;2107536960;13:22:40.597209;13:22:40.846690;249481
25;0;PAGO;2099144256;13:22:40.598442;13:22:40.847005;248563
25;0;PAGO;2090751552;13:22:40.602107;13:22:40.848569;246462
25;0;PAGO;2082358848;13:22:40.608498;13:22:40.849458;240960
25;0;PAGO;2073966144;13:22:40.613041;13:22:40.850378;237337
25;0;PAGO;2065573440;13:22:40.618460;13:22:40.850453;231993
25;0;PAGO;-2011183552;13:22:40.475288;13:22:40.851387;376099
25;0;PAGO;-2019576256;13:22:40.484001;13:22:40.851468;367467
25;0;PAGO;-2027968960;13:22:40.493523;13:22:40.851547;358024
25;0;PAGO;2057180736;13:22:40.623274;13:22:40.854672;231398
25;0;PAGO;2048788032;13:22:40.625555;13:22:40.855494;229939
25;0;PAGO;2040395328;13:22:40.631175;13:22:40.857812;226637
25;0;PAGO;2023609920;13:22:40.646390;13:22:40.858305;211915
25;50;PAGO;1946154560;13:22:40.648852;13:22:41.498219;849367
25;50;PAGO;1937761856;13:22:40.832838;13:22:41.749948;917110
25;50;PAGO;1929369152;13:22:40.837439;13:22:41.792371;954932
25;50;PAGO;1920976448;13:22:40.838871;13:22:41.812733;973862
25;50;PAGO;1912583744;13:22:40.842366;13:22:41.850317;1007951
25;50;PAGO;1904191040;13:22:40.844604;13:22:41.873608;1029004
25;50;PAGO;1895798336;13:22:40.847444;13:22:41.893397;1045953
25;50;PAGO;1887405632;13:22:40.849509;13:22:41.910963;1061454
25;50;PAGO;1879012928;13:22:40.852557;13:22:41.934581;1082024
25;50;PAGO;1870620224;13:22:40.855942;13:22:41.956840;1100898
25;50;PAGO;1862227520;13:22:40.858544;13:22:41.979269;1120725
25;50;PAGO;1853834816;13:22:40.866070;13:22:42.000726;1134656
25;50;PAGO;1845442112;13:22:40.867673;13:22:42.023215;1155542
25;50;PAGO;1837049408;13:22:40.870983;13:22:42.024229;1153246
25;50;PAGO;1828656704;13:22:40.873881;13:22:42.025179;1151298
25;50;PAGO;1820264000;13:22:40.875872;13:22:42.026160;1150288
25;0;PAGO;-270539200;13:22:40.464098;13:22:40.609444;145346
25;0;PAGO;-278931904;13:22:40.468404;13:22:40.610491;142087
25;0;PAGO;-312502720;13:22:40.500816;13:22:40.612727;111911
25;0;PAGO;-320895424;13:22:40.514371;13:22:40.613192;98821
25;0;PAGO;-329288128;13:22:40.519172;13:22:40.614476;95304
25;0;PAGO;-337680832;13:22:40.535778;13:22:40.615173;79395
25;0;PAGO;-346073536;13:22:40.539306;13:22:40.617804;78498
25;0;PAGO;-354466240;13:22:40.540527;13:22:40.617895;77368
25;0;PAGO;-362858944;13:22:40.546515;13:22:40.618117;71602
25;0;PAGO;-371251648;13:22:40.548296;13:22:40.618196;69900
25;0;PAGO;-379644352;13:22:40.554183;13:22:40.619094;64911
25;0;PAGO;-388037056;13:22:40.558591;13:22:40.620419;61828
25;0;PAGO;-396429760;13:22:40.562483;13:22:40.621089;58606
25;0;PAGO;-404822464;13:22:40.566925;13:22:40.621166;54241
25;0;PAGO;-413215168;13:22:40.571457;13:22:40.622965;51508
25;0;PAGO;-421607872;13:22:40.572687;13:22:40.624578;51891
25;0;PAGO;-430000576;13:22:40.575983;13:22:40.624900;48917
25;0;PAGO;-438393280;13:22:40.585496;13:22:40.626815;41319
25;0;PAGO;-446785984;13:22:40.589018;13:22:40.629229;40211
25;0;PAGO;-455178688;13:22:40.590908;13:22:40.629358;38450
25;0;PAGO;-287324608;13:22:40.475327;13:22:40.629873;154546
25;0;PAGO;-295717312;13:22:40.484040;13:22:40.630964;146924
25;0;PAGO;-304110016;13:22:40.493575;13:22:40.631764;138189
25;0;PAGO;-463571392;13:22:40.597241;13:22:40.632034;34793
25;0;PAGO;-471964096;13:22:40.598475;13:22:40.633119;34644
25;0;PAGO;-480356800;13:22:40.602140;13:22:40.634698;32558
25;0;PAGO;-488749504;13:22:40.608532;13:22:40.634848;26316
25;50;PAGO;-497142208;13:22:40.613071;13:22:41.492689;879618
25;50;PAGO;-721480128;13:22:40.865343;13:22:41.493538;628195
25;50;PAGO;-729872832;13:22:40.867693;13:22:41.494535;626842
25;50;PAGO;-738265536;13:22:40.871154;13:22:41.495489;624335
25;50;PAGO;-746658240;13:22:40.873962;13:22:41.496474;622512
25;50;PAGO;-755050944;13:22:40.875820;13:22:41.496789;620969
25;50;PAGO;-505534912;13:22:40.618481;13:22:41.747954;1129473
25;50;PAGO;-513927616;13:22:40.623250;13:22:41.773210;1149960
25;50;PAGO;-522320320;13:22:40.625529;13:22:41.810928;1185399
25;50;PAGO;-603982272;13:22:40.631139;13:22:41.833369;1202230
25;50;PAGO;-612374976;13:22:40.635011;13:22:41.857804;1222793
25;50;PAGO;-620767680;13:22:40.645354;13:22:41.876835;1231481
25;50;PAGO;-629160384;13:22:40.648813;13:22:41.896778;1247965
25;50;PAGO;-637553088;13:22:40.832719;13:22:41.918789;1086070
25;50;PAGO;-645945792;13:22:40.837254;13:22:41.940233;1102979
25;50;PAGO;-654338496;13:22:40.839428;13:22:41.960886;1121458
25;50;PAGO;-662731200;13:22:40.841968;13:22:41.984285;1142317
25;50;PAGO;-671123904;13:22:40.843651;13:22:42.005598;1161947
25;50;PAGO;-679516608;13:22:40.847240;13:22:42.026816;1179576
25;50;PAGO;-687909312;13:22:40.849678;13:22:42.027105;1177427
25;50;PAGO;-696302016;13:22:40.854563;13:22:42.028123;1173560
25;50;PAGO;-704694720;13:22:40.855908;13:22:42.029056;1173148
25;50;PAGO;-713087424;13:22:40.858675;13:22:42.030051;1171376
25;50;PAGO;-140515776;13:22:40.467251;13:22:41.049473;582222
25;50;PAGO;-148908480;13:22:40.474995;13:22:41.050626;575631
25;50;PAGO;-157301184;13:22:40.481352;13:22:41.051408;570056
25;50;PAGO;-165693888;13:22:40.488830;13:22:41.052381;563551
25;50;PAGO;-174086592;13:22:40.499298;13:22:41.053381;554083
25;50;PAGO;-182479296;13:22:40.513070;13:22:41.054331;541261
25;50;PAGO;-190872000;13:22:40.518919;13:22:41.055283;536364
25;50;PAGO;-199264704;13:22:40.525959;13:22:41.056269;530310
25;50;PAGO;-207657408;13:22:40.539062;13:22:41.057233;518171
25;50;PAGO;-216050112;13:22:40.540116;13:22:41.058205;518089
25;50;PAGO;-224442816;13:22:40.543733;13:22:41.059215;515482
25;50;PAGO;-232835520;13:22:40.547576;13:22:41.059285;511709
25;50;PAGO;-241228224;13:22:40.551138;13:22:41.060190;509052
25;50;PAGO;-249620928;13:22:40.557951;13:22:41.061249;503298
25;50;PAGO;-258013632;13:22:40.561947;13:22:41.062135;500188
25;50;PAGO;-266406336;13:22:40.563200;13:22:41.062187;498987
25;50;PAGO;-274799040;13:22:40.568171;13:22:41.062237;494066
25;50;PAGO;-283191744;13:22:40.572340;13:22:41.063130;490790
25;50;PAGO;-291584448;13:22:40.575679;13:22:41.064094;488415
25;50;PAGO;-299977152;13:22:40.585209;13:22:41.065058;479849
25;50;PAGO;-308369856;13:22:40.586806;13:22:41.066036;479230
25;50;PAGO;-316762560;13:22:40.589817;13:22:41.066087;476270
25;50;PAGO;-325155264;13:22:40.594724;13:22:41.066143;471419
25;50;PAGO;-333547968;13:22:40.597962;13:22:41.066194;468232
25;50;PAGO;-341940672;13:22:40.600148;13:22:41.066839;466691
25;50;PAGO;-350333376;13:22:40.607017;13:22:41.066985;459968
25;50;PAGO;-358726080;13:22:40.612839;13:22:41.067973;455134
25;50;PAGO;-367118784;13:22:40.617977;13:22:41.068088;450111
25;50;PAGO;-375511488;13:22:40.623084;13:22:41.068954;445870
25;50;PAGO;-383904192;13:22:40.625373;13:22:41.069941;444568
25;50;PAGO;-392296896;13:22:40.630116;13:22:41.070958;440842
25;50;PAGO;-400689600;13:22:40.633571;13:22:41.071893;438322
25;50;PAGO;-409082304;13:22:40.645108;13:22:41.072879;427771
25;50;PAGO;-417475008;13:22:40.647417;13:22:41.073864;426447
25;50;PAGO;-425867712;13:22:40.832536;13:22:41.074882;242346
25;50;PAGO;-434260416;13:22:40.833318;13:22:41.075815;242497
25;50;PAGO;-442653120;13:22:40.837541;13:22:41.076786;239245
25;50;PAGO;-451045824;13:22:40.839343;13:22:41.076859;237516
25;50;PAGO;-459438528;13:22:40.842089;13:22:41.077574;235485
25;50;PAGO;-467831232;13:22:40.843748;13:22:41.077719;233971
25;50;PAGO;-476223936;13:22:40.847078;13:22:41.078730;231652
25;50;PAGO;-484616640;13:22:40.849718;13:22:41.079688;229970
25;50;PAGO;-493009344;13:22:40.854394;13:22:41.080699;226305
25;50;PAGO;-501402048;13:22:40.855653;13:22:41.081680;226027
25;50;PAGO;-509794752;13:22:40.858753;13:22:41.082679;223926
25;50;PAGO;-518187456;13:22:40.865891;13:22:41.083617;217726
25;50;PAGO;-526580160;13:22:40.867763;13:22:41.084594;216831
25;50;PAGO;-534972864;13:22:40.870914;13:22:41.085587;214673
25;50;PAGO;-543365568;13:22:40.873907;13:22:41.085954;212047
25;50;PAGO;-551758272;13:22:40.875877;13:22:41.086009;210132
25;50;PAGO;706733632;13:22:40.467239;13:22:41.086542;619303
25;50;PAGO;698340928;13:22:40.474993;13:22:41.086946;611953
25;50;PAGO;689948224;13:22:40.481354;13:22:41.087541;606187
25;50;PAGO;681555520;13:22:40.490812;13:22:41.088474;597662
25;50;PAGO;673162816;13:22:40.500521;13:22:41.088555;588034
25;50;PAGO;664770112;13:22:40.513072;13:22:41.089483;576411
25;50;PAGO;656377408;13:22:40.518873;13:22:41.090491;571618
25;50;PAGO;647984704;13:22:40.525936;13:22:41.091425;565489
25;50;PAGO;639592000;13:22:40.538796;13:22:41.091484;552688
25;50;PAGO;631199296;13:22:40.540097;13:22:41.091534;551437
25;50;PAGO;622806592;13:22:40.543971;13:22:41.091582;547611
25;50;PAGO;614413888;13:22:40.547431;13:22:41.091640;544209
25;50;PAGO;606021184;13:22:40.551311;13:22:41.092394;541083
25;50;PAGO;597628480;13:22:40.558170;13:22:41.093377;535207
25;50;PAGO;589235776;13:22:40.561837;13:22:41.094409;532572
25;50;PAGO;580843072;13:22:40.563182;13:22:41.095302;532120
25;50;PAGO;572450368;13:22:40.568299;13:22:41.096302;528003
25;50;PAGO;564057664;13:22:40.572263;13:22:41.097286;525023
25;50;PAGO;555664960;13:22:40.575757;13:22:41.097339;521582
25;50;PAGO;547272256;13:22:40.585173;13:22:41.097394;512221
25;50;PAGO;538879552;13:22:40.586565;13:22:41.097444;510879
25;50;PAGO;530486848;13:22:40.589928;13:22:41.097493;507565
25;50;PAGO;522094144;13:22:40.596841;13:22:41.098247;501406
25;50;PAGO;513701440;13:22:40.598181;13:22:41.099258;501077
25;50;PAGO;505308736;13:22:40.600348;13:22:41.099328;498980
25;50;PAGO;496916032;13:22:40.607152;13:22:41.103281;496129
25;50;PAGO;488523328;13:22:40.610936;13:22:41.104116;493180
25;50;PAGO;480130624;13:22:40.615349;13:22:41.104236;488887
25;50;PAGO;471737920;13:22:40.620609;13:22:41.106829;486220
25;50;PAGO;463345216;13:22:40.625076;13:22:41.107027;481951
25;50;PAGO;454952512;13:22:40.629649;13:22:41.107991;478342
25;50;PAGO;446559808;13:22:40.633373;13:22:41.108995;475622
25;50;PAGO;438167104;13:22:40.638256;13:22:41.109095;470839
25;50;PAGO;429774400;13:22:40.647186;13:22:41.109973;462787
25;50;PAGO;421381696;13:22:40.649623;13:22:41.110944;461321
25;50;PAGO;412988992;13:22:40.833232;13:22:41.111921;278689
25;50;PAGO;404596288;13:22:40.837336;13:22:41.111980;274644
25;50;PAGO;396203584;13:22:40.839121;13:22:41.112030;272909
25;50;PAGO;387810880;13:22:40.842386;13:22:41.112887;270501
25;50;PAGO;379418176;13:22:40.844169;13:22:41.113878;269709
25;50;PAGO;371025472;13:22:40.847050;13:22:41.113936;266886
25;50;PAGO;362632768;13:22:40.849565;13:22:41.113987;264422
25;50;PAGO;354240064;13:22:40.854285;13:22:41.114900;260615
25;50;PAGO;345847360;13:22:40.855634;13:22:41.115824;260190
25;50;PAGO;337454656;13:22:40.858376;13:22:41.115894;257518
25;50;PAGO;329061952;13:22:40.860675;13:22:41.116792;256117
25;50;PAGO;320669248;13:22:40.866996;13:22:41.117767;250771
25;50;PAGO;312276544;13:22:40.869641;13:22:41.118825;249184
25;50;PAGO;303883840;13:22:40.873243;13:22:41.118882;245639
25;50;PAGO;295491136;13:22:40.874487;13:22:41.118931;244444
25;50;PAGO;929031744;13:22:40.467187;13:22:41.119722;652535
25;50;PAGO;920639040;13:22:40.473454;13:22:41.120835;647381
25;50;PAGO;912246336;13:22:40.481324;13:22:41.121649;640325
25;50;PAGO;903853632;13:22:40.490886;13:22:41.122713;631827
25;50;PAGO;895460928;13:22:40.500510;13:22:41.123632;623122
25;50;PAGO;887068224;13:22:40.540743;13:22:41.123688;582945
25;50;PAGO;878675520;13:22:40.546560;13:22:41.123739;577179
25;50;PAGO;870282816;13:22:40.548339;13:22:41.123795;575456
25;50;PAGO;861890112;13:22:40.554226;13:22:41.123856;569630
25;50;PAGO;853497408;13:22:40.558634;13:22:41.124603;565969
25;50;PAGO;845104704;13:22:40.562527;13:22:41.125591;563064
25;50;PAGO;836712000;13:22:40.566966;13:22:41.126604;559638
25;50;PAGO;828319296;13:22:40.571500;13:22:41.127557;556057
25;50;PAGO;819926592;13:22:40.572726;13:22:41.128580;555854
25;50;PAGO;811533888;13:22:40.576020;13:22:41.128639;552619
25;50;PAGO;803141184;13:22:40.585538;13:22:41.128701;543163
25;50;PAGO;794748480;13:22:40.589063;13:22:41.129486;540423
25;50;PAGO;786355776;13:22:40.590949;13:22:41.129556;538607
25;50;PAGO;777963072;13:22:40.597285;13:22:41.129609;532324
25;50;PAGO;769570368;13:22:40.599563;13:22:41.129658;530095
25;50;PAGO;761177664;13:22:40.602182;13:22:41.129706;527524
25;50;PAGO;752784960;13:22:40.608575;13:22:41.130535;521960
25;50;PAGO;744392256;13:22:40.613111;13:22:41.131436;518325
25;50;PAGO;735999552;13:22:40.618528;13:22:41.132416;513888
25;50;PAGO;727606848;13:22:40.623319;13:22:41.132469;509150
25;50;PAGO;719214144;13:22:40.625595;13:22:41.132523;506928
25;50;PAGO;710821440;13:22:40.631217;13:22:41.132583;501366
25;50;PAGO;702428736;13:22:40.635094;13:22:41.133388;498294
25;50;PAGO;694036032;13:22:40.646510;13:22:41.134404;487894
25;50;PAGO;685643328;13:22:40.648890;13:22:41.134460;485570
25;50;PAGO;677250624;13:22:40.832868;13:22:41.134519;301651
25;50;PAGO;668857920;13:22:40.837447;13:22:41.135341;297894
25;50;PAGO;660465216;13:22:40.839228;13:22:41.136319;297091
25;50;PAGO;652072512;13:22:40.842069;13:22:41.137344;295275
25;50;PAGO;643679808;13:22:40.844626;13:22:41.138263;293637
25;50;PAGO;635287104;13:22:40.847417;13:22:41.139271;291854
25;50;PAGO;626894400;13:22:40.850229;13:22:41.139327;289098
25;50;PAGO;618501696;13:22:40.852476;13:22:41.139390;286914
25;50;PAGO;610108992;13:22:40.855673;13:22:41.139450;283777
25;50;PAGO;601716288;13:22:40.859591;13:22:41.140194;280603
25;50;PAGO;593323584;13:22:40.866555;13:22:41.141189;274634
25;50;PAGO;584930880;13:22:40.869269;13:22:41.142150;272881
25;50;PAGO;576538176;13:22:40.871076;13:22:41.142206;271130
25;50;PAGO;568145472;13:22:40.873707;13:22:41.143155;269448
25;50;PAGO;559752768;13:22:40.875978;13:22:41.144100;268122
25;50;PAGO;551360064;13:22:40.876093;13:22:41.144157;268064
25;50;PAGO;542967360;13:22:40.876125;13:22:41.144207;268082
25;50;PAGO;534574656;13:22:40.876154;13:22:41.144267;268113
25;50;PAGO;526181952;13:22:40.876188;13:22:41.145089;268901
25;50;PAGO;517789248;13:22:40.876208;13:22:41.146060;269852
25;50;PAGO;-471865792;13:22:40.467199;13:22:41.147061;679862
25;50;PAGO;-480258496;13:22:40.475097;13:22:41.147914;672817
25;50;PAGO;-488651200;13:22:40.481159;13:22:41.148162;667003
25;50;PAGO;-497043904;13:22:40.486147;13:22:41.148979;662832
25;50;PAGO;-505436608;13:22:40.500535;13:22:41.149961;649426
25;50;PAGO;-513829312;13:22:40.513059;13:22:41.150015;636956
25;50;PAGO;-522222016;13:22:40.518579;13:22:41.150063;631484
25;50;PAGO;-530614720;13:22:40.535689;13:22:41.150220;614531
25;50;PAGO;-539007424;13:22:40.539220;13:22:41.150974;611754
25;50;PAGO;-547400128;13:22:40.540450;13:22:41.151922;611472
25;50;PAGO;-555792832;13:22:40.546419;13:22:41.152883;606464
25;50;PAGO;-564185536;13:22:40.548168;13:22:41.153855;605687
25;50;PAGO;-572578240;13:22:40.554055;13:22:41.154899;600844
25;50;PAGO;-580970944;13:22:40.558349;13:22:41.155809;597460
25;50;PAGO;-589363648;13:22:40.562266;13:22:41.155861;593595
25;50;PAGO;-597756352;13:22:40.566686;13:22:41.155916;589230
25;50;PAGO;-606149056;13:22:40.571305;13:22:41.155966;584661
25;50;PAGO;-614541760;13:22:40.572184;13:22:41.156023;583839
25;50;PAGO;-622934464;13:22:40.575516;13:22:41.156814;581298
25;50;PAGO;-631327168;13:22:40.578878;13:22:41.156868;577990
25;50;PAGO;-639719872;13:22:40.586111;13:22:41.157809;571698
25;50;PAGO;-648112576;13:22:40.589450;13:22:41.158797;569347
25;50;PAGO;-656505280;13:22:40.591269;13:22:41.159742;568473
25;50;PAGO;-664897984;13:22:40.597744;13:22:41.160714;562970
25;50;PAGO;-673290688;13:22:40.599935;13:22:41.161725;561790
25;50;PAGO;-681683392;13:22:40.606598;13:22:41.161787;555189
25;50;PAGO;-690076096;13:22:40.608958;13:22:41.161844;552886
25;50;PAGO;-698468800;13:22:40.614712;13:22:41.161892;547180
25;50;PAGO;-706861504;13:22:40.619301;13:22:41.161947;542646
25;50;PAGO;-715254208;13:22:40.624820;13:22:41.162700;537880
25;50;PAGO;-723646912;13:22:40.629456;13:22:41.163659;534203
25;50;PAGO;-732039616;13:22:40.633164;13:22:41.164630;531466
25;50;PAGO;-740432320;13:22:40.637955;13:22:41.165604;527649
25;50;PAGO;-748825024;13:22:40.646877;13:22:41.166652;519775
25;50;PAGO;-757217728;13:22:40.649361;13:22:41.166787;517426
25;50;PAGO;-765610432;13:22:40.833062;13:22:41.167553;334491
25;50;PAGO;-774003136;13:22:40.834012;13:22:41.168521;334509
25;50;PAGO;-782395840;13:22:40.837990;13:22:41.168632;330642
25;50;PAGO;-790788544;13:22:40.839669;13:22:41.168695;329026
25;50;PAGO;-799181248;13:22:40.842029;13:22:41.169475;327446
25;50;PAGO;-807573952;13:22:40.844188;13:22:41.170526;326338
25;50;PAGO;-815966656;13:22:40.847101;13:22:41.170585;323484
25;50;PAGO;-824359360;13:22:40.849543;13:22:41.171464;321921
25;50;PAGO;-832752064;13:22:40.852579;13:22:41.172439;319860
25;50;PAGO;-841144768;13:22:40.855981;13:22:41.172491;316510
25;50;PAGO;-849537472;13:22:40.858831;13:22:41.172546;313715
25;50;PAGO;-857930176;13:22:40.866511;13:22:41.172594;306083
25;50;PAGO;-866322880;13:22:40.869236;13:22:41.172641;303405
25;50;PAGO;-874715584;13:22:40.871332;13:22:41.172707;301375
25;50;PAGO;-883108288;13:22:40.874313;13:22:41.173408;299095
25;50;PAGO;-1300240832;13:22:40.467366;13:22:41.175363;707997
25;50;PAGO;-1308633536;13:22:40.474992;13:22:41.176502;701510
25;50;PAGO;-1317026240;13:22:40.481345;13:22:41.177319;695974
25;50;PAGO;-1325418944;13:22:40.490884;13:22:41.178364;687480
25;50;PAGO;-1333811648;13:22:40.494043;13:22:41.178432;684389
25;50;PAGO;-1342204352;13:22:40.511107;13:22:41.178484;667377
25;50;PAGO;-1350597056;13:22:40.517863;13:22:41.183217;665354
25;50;PAGO;-1358989760;13:22:40.519252;13:22:41.184124;664872
25;50;PAGO;-1367382464;13:22:40.536345;13:22:41.185097;648752
25;50;PAGO;-1375775168;13:22:40.539392;13:22:41.186060;646668
25;50;PAGO;-1384167872;13:22:40.543137;13:22:41.186111;642974
25;50;PAGO;-1392560576;13:22:40.546648;13:22:41.186159;639511
25;50;PAGO;-1400953280;13:22:40.548422;13:22:41.186215;637793
25;50;PAGO;-1409345984;13:22:40.554311;13:22:41.187071;632760
25;50;PAGO;-1417738688;13:22:40.558719;13:22:41.188029;629310
25;50;PAGO;-1426131392;13:22:40.562614;13:22:41.188356;625742
25;50;PAGO;-1434524096;13:22:40.567048;13:22:41.189004;621956
25;50;PAGO;-1442916800;13:22:40.571585;13:22:41.189105;617520
25;50;PAGO;-1451309504;13:22:40.572807;13:22:41.189996;617189
25;50;PAGO;-1459702208;13:22:40.576481;13:22:41.191002;614521
25;50;PAGO;-1468094912;13:22:40.585626;13:22:41.191060;605434
25;50;PAGO;-1476487616;13:22:40.589149;13:22:41.191110;601961
25;50;PAGO;-1484880320;13:22:40.591027;13:22:41.191949;600922
25;50;PAGO;-1493273024;13:22:40.597369;13:22:41.192964;595595
25;50;PAGO;-1501665728;13:22:40.599648;13:22:41.193599;593951
25;50;PAGO;-1510058432;13:22:40.602262;13:22:41.193887;591625
25;50;PAGO;-1518451136;13:22:40.608660;13:22:41.194929;586269
25;50;PAGO;-1526843840;13:22:40.613287;13:22:41.195865;582578
25;50;PAGO;-1535236544;13:22:40.618622;13:22:41.196797;578175
25;50;PAGO;-1543629248;13:22:40.623403;13:22:41.196846;573443
25;50;PAGO;-1552021952;13:22:40.625669;13:22:41.196900;571231
25;50;PAGO;-1560414656;13:22:40.631300;13:22:41.196948;565648
25;50;PAGO;-1568807360;13:22:40.635175;13:22:41.196996;561821
25;50;PAGO;-1577200064;13:22:40.646598;13:22:41.197575;550977
25;50;PAGO;-1585592768;13:22:40.649059;13:22:41.197774;548715
25;50;PAGO;-1593985472;13:22:40.832925;13:22:41.198802;365877
25;50;PAGO;-1602378176;13:22:40.837124;13:22:41.198880;361756
25;50;PAGO;-1610770880;13:22:40.839177;13:22:41.199790;360613
25;50;PAGO;-1619163584;13:22:40.842010;13:22:41.200737;358727
25;50;PAGO;-1627556288;13:22:40.844973;13:22:41.201725;356752
25;50;PAGO;-1635948992;13:22:40.848656;13:22:41.201797;353141
25;50;PAGO;-1644341696;13:22:40.850525;13:22:41.201848;351323
25;50;PAGO;-1652734400;13:22:40.854778;13:22:41.201902;347124
25;50;PAGO;-1661127104;13:22:40.856036;13:22:41.202019;345983
25;50;PAGO;-1669519808;13:22:40.858857;13:22:41.202765;343908
25;50;PAGO;-1677912512;13:22:40.866590;13:22:41.203066;336476
25;50;PAGO;-1686305216;13:22:40.869343;13:22:41.203642;334299
25;50;PAGO;-1694697920;13:22:40.871285;13:22:41.204631;333346
25;50;PAGO;-1703090624;13:22:40.874303;13:22:41.205610;331307
25;50;PAGO;-1711483328;13:22:40.875946;13:22:41.206625;330679
25;50;PAGO;-1056971200;13:22:40.467381;13:22:41.207576;740195
25;50;PAGO;-1065363904;13:22:40.474988;13:22:41.208696;733708
25;50;PAGO;-1073756608;13:22:40.481253;13:22:41.209517;728264
25;50;PAGO;-1082149312;13:22:40.490676;13:22:41.210494;719818
25;50;PAGO;-1090542016;13:22:40.500516;13:22:41.211472;710956
25;50;PAGO;-1098934720;13:22:40.508514;13:22:41.211527;703013
25;50;PAGO;-1107327424;13:22:40.518124;13:22:41.211576;693452
25;50;PAGO;-1115720128;13:22:40.535518;13:22:41.211628;676110
25;50;PAGO;-1124112832;13:22:40.538692;13:22:41.212436;673744
25;50;PAGO;-1132505536;13:22:40.539861;13:22:41.213401;673540
25;50;PAGO;-1140898240;13:22:40.543632;13:22:41.214456;670824
25;50;PAGO;-1149290944;13:22:40.547641;13:22:41.214510;666869
25;50;PAGO;-1157683648;13:22:40.551088;13:22:41.214565;663477
25;50;PAGO;-1166076352;13:22:40.558120;13:22:41.214613;656493
25;50;PAGO;-1174469056;13:22:40.562079;13:22:41.215411;653332
25;50;PAGO;-1182861760;13:22:40.563397;13:22:41.216343;652946
25;50;PAGO;-1191254464;13:22:40.568133;13:22:41.216399;648266
25;50;PAGO;-1199647168;13:22:40.572358;13:22:41.216447;644089
25;50;PAGO;-1208039872;13:22:40.575618;13:22:41.216789;641171
25;50;PAGO;-1216432576;13:22:40.585176;13:22:41.217325;632149
25;50;PAGO;-1224825280;13:22:40.586696;13:22:41.217573;630877
25;50;PAGO;-1233217984;13:22:40.590021;13:22:41.218265;628244
25;50;PAGO;-1241610688;13:22:40.597055;13:22:41.219302;622247
25;50;PAGO;-1250003392;13:22:40.598325;13:22:41.220227;621902
25;50;PAGO;-1258396096;13:22:40.600467;13:22:41.221253;620786
25;50;PAGO;-1266788800;13:22:40.608417;13:22:41.222199;613782
25;50;PAGO;-1275181504;13:22:40.612879;13:22:41.223239;610360
25;50;PAGO;-1283574208;13:22:40.617948;13:22:41.224162;606214
25;50;PAGO;-1291966912;13:22:40.623103;13:22:41.225163;602060
25;50;PAGO;-1300359616;13:22:40.625285;13:22:41.225226;599941
25;50;PAGO;-1308752320;13:22:40.630895;13:22:41.225278;594383
25;50;PAGO;-1317145024;13:22:40.633542;13:22:41.225332;591790
25;50;PAGO;-1325537728;13:22:40.645042;13:22:41.225384;580342
25;50;PAGO;-1333930432;13:22:40.647451;13:22:41.225532;578081
25;50;PAGO;-1342323136;13:22:40.832570;13:22:41.226088;393518
25;50;PAGO;-1350715840;13:22:40.833344;13:22:41.226141;392797
25;50;PAGO;-1359108544;13:22:40.837569;13:22:41.226189;388620
25;50;PAGO;-1367501248;13:22:40.839314;13:22:41.226239;386925
25;50;PAGO;-1375893952;13:22:40.841990;13:22:41.227142;385152
25;50;PAGO;-1384286656;13:22:40.844069;13:22:41.228148;384079
25;50;PAGO;-1392679360;13:22:40.847219;13:22:41.229025;381806
25;50;PAGO;-1401072064;13:22:40.850125;13:22:41.229989;379864
25;50;PAGO;-1409464768;13:22:40.854590;13:22:41.230048;375458
25;50;PAGO;-1417857472;13:22:40.855846;13:22:41.230104;374258
25;50;PAGO;-1426250176;13:22:40.859043;13:22:41.230154;371111
25;50;PAGO;-1434642880;13:22:40.866339;13:22:41.230202;363863
25;50;PAGO;-1443035584;13:22:40.867853;13:22:41.230987;363134
25;50;PAGO;-1451428288;13:22:40.871133;13:22:41.231941;360808
25;50;PAGO;-1459820992;13:22:40.873983;13:22:41.231994;358011
25;50;PAGO;-1468213696;13:22:40.875882;13:22:41.232043;356161
25;50;PAGO;-1893734848;13:22:40.465458;13:22:41.232262;766804
25;50;PAGO;-1902127552;13:22:40.474997;13:22:41.233078;758081
25;50;PAGO;-1910520256;13:22:40.481347;13:22:41.233895;752548
25;50;PAGO;-1918912960;13:22:40.490724;13:22:41.234942;744218
25;50;PAGO;-1927305664;13:22:40.500513;13:22:41.235881;735368
25;50;PAGO;-1935698368;13:22:40.513066;13:22:41.235982;722916
25;50;PAGO;-1944091072;13:22:40.518621;13:22:41.236805;718184
25;50;PAGO;-1952483776;13:22:40.525979;13:22:41.236858;710879
25;50;PAGO;-1960876480;13:22:40.538712;13:22:41.237580;698868
25;50;PAGO;-1969269184;13:22:40.540243;13:22:41.237790;697547
25;50;PAGO;-1977661888;13:22:40.544095;13:22:41.238812;694717
25;50;PAGO;-1986054592;13:22:40.547768;13:22:41.238887;691119
25;50;PAGO;-1994447296;13:22:40.551366;13:22:41.239801;688435
25;50;PAGO;-2002840000;13:22:40.558250;13:22:41.240750;682500
25;50;PAGO;-2011232704;13:22:40.562173;13:22:41.241725;679552
25;50;PAGO;-2019625408;13:22:40.563306;13:22:41.241785;678479
25;50;PAGO;-2028018112;13:22:40.567796;13:22:41.241835;674039
25;50;PAGO;-2036410816;13:22:40.572460;13:22:41.241893;669433
25;50;PAGO;-2044803520;13:22:40.575811;13:22:41.242741;666930
25;50;PAGO;-2053196224;13:22:40.585233;13:22:41.243680;658447
25;50;PAGO;-2061588928;13:22:40.586669;13:22:41.244654;657985
25;50;PAGO;-2069981632;13:22:40.590000;13:22:41.245631;655631
25;50;PAGO;-2078374336;13:22:40.597155;13:22:41.245689;648534
25;50;PAGO;-2086767040;13:22:40.598394;13:22:41.245739;647345
25;50;PAGO;-2095159744;13:22:40.602054;13:22:41.245788;643734
25;50;PAGO;-2103552448;13:22:40.608446;13:22:41.245835;637389
25;50;PAGO;-2111945152;13:22:40.612951;13:22:41.245896;632945
25;50;PAGO;-2120337856;13:22:40.618344;13:22:41.246674;628330
25;50;PAGO;-2128730560;13:22:40.623151;13:22:41.247587;624436
25;50;PAGO;-2137123264;13:22:40.625438;13:22:41.248540;623102
25;50;PAGO;-2145515968;13:22:40.631031;13:22:41.248594;617563
25;50;PAGO;2141058624;13:22:40.634962;13:22:41.248650;613688
25;50;PAGO;2132665920;13:22:40.645282;13:22:41.248710;603428
25;50;PAGO;2124273216;13:22:40.648770;13:22:41.249505;600735
25;50;PAGO;2115880512;13:22:40.832689;13:22:41.249710;417021
25;50;PAGO;2107487808;13:22:40.834031;13:22:41.250534;416503
25;50;PAGO;2099095104;13:22:40.838071;13:22:41.251484;413413
25;50;PAGO;2090702400;13:22:40.841304;13:22:41.252460;411156
25;50;PAGO;2082309696;13:22:40.843024;13:22:41.253444;410420
25;50;PAGO;2073916992;13:22:40.846628;13:22:41.254452;407824
25;50;PAGO;2065524288;13:22:40.849147;13:22:41.254505;405358
25;50;PAGO;2057131584;13:22:40.851786;13:22:41.254563;402777
25;50;PAGO;2048738880;13:22:40.855097;13:22:41.255369;400272
25;50;PAGO;2040346176;13:22:40.857989;13:22:41.256369;398380
25;50;PAGO;2031953472;13:22:40.860409;13:22:41.256422;396013
25;50;PAGO;2023560768;13:22:40.866791;13:22:41.256470;389679
25;50;PAGO;2015168064;13:22:40.869575;13:22:41.256524;386949
25;50;PAGO;2006775360;13:22:40.871513;13:22:41.256572;385059
25;50;PAGO;1998382656;13:22:40.874456;13:22:41.256624;382168
25;50;PAGO;1989989952;13:22:40.876035;13:22:41.257362;381327
25;50;PAGO;-1604327872;13:22:40.467212;13:22:41.259304;792092
25;50;PAGO;-1612720576;13:22:40.475175;13:22:41.260437;785262
25;50;PAGO;-1621113280;13:22:40.481986;13:22:41.260682;778696
25;50;PAGO;-1629505984;13:22:40.485588;13:22:41.261246;775658
25;50;PAGO;-1637898688;13:22:40.500581;13:22:41.262225;761644
25;50;PAGO;-1646291392;13:22:40.513063;13:22:41.263232;750169
25;50;PAGO;-1654684096;13:22:40.518804;13:22:41.264393;745589
25;50;PAGO;-1663076800;13:22:40.526187;13:22:41.265156;738969
25;50;PAGO;-1671469504;13:22:40.538879;13:22:41.266137;727258
25;50;PAGO;-1679862208;13:22:40.540199;13:22:41.266196;725997
25;50;PAGO;-1688254912;13:22:40.544008;13:22:41.267148;723140
25;50;PAGO;-1696647616;13:22:40.547470;13:22:41.267202;719732
25;50;PAGO;-1705040320;13:22:40.551203;13:22:41.267250;716047
25;50;PAGO;-1713433024;13:22:40.557762;13:22:41.267301;709539
25;50;PAGO;-1721825728;13:22:40.561877;13:22:41.267373;705496
25;50;PAGO;-1730218432;13:22:40.563237;13:22:41.267432;704195
25;50;PAGO;-1738611136;13:22:40.568192;13:22:41.268081;699889
25;50;PAGO;-1747003840;13:22:40.572605;13:22:41.269051;696446
25;50;PAGO;-1755396544;13:22:40.575907;13:22:41.270043;694136
25;50;PAGO;-1763789248;13:22:40.585361;13:22:41.270097;684736
25;50;PAGO;-1772181952;13:22:40.586586;13:22:41.270146;683560
25;50;PAGO;-1780574656;13:22:40.590071;13:22:41.270194;680123
25;50;PAGO;-1788967360;13:22:40.596813;13:22:41.271051;674238
25;50;PAGO;-1797360064;13:22:40.597932;13:22:41.271995;674063
25;50;PAGO;-1805752768;13:22:40.600081;13:22:41.272048;671967
25;50;PAGO;-1814145472;13:22:40.606814;13:22:41.272096;665282
25;50;PAGO;-1822538176;13:22:40.609064;13:22:41.272158;663094
25;50;PAGO;-1830930880;13:22:40.614792;13:22:41.272953;658161
25;50;PAGO;-1839323584;13:22:40.620521;13:22:41.273938;653417
25;50;PAGO;-1847716288;13:22:40.625003;13:22:41.273990;648987
25;50;PAGO;-1856108992;13:22:40.629566;13:22:41.274044;644478
25;50;PAGO;-1864501696;13:22:40.633299;13:22:41.274117;640818
25;50;PAGO;-1872894400;13:22:40.638139;13:22:41.274164;636025
25;50;PAGO;-1881287104;13:22:40.647096;13:22:41.274211;627115
25;50;PAGO;-1889679808;13:22:40.649503;13:22:41.274959;625456
25;50;PAGO;-1898072512;13:22:40.833121;13:22:41.275889;442768
25;50;PAGO;-1906465216;13:22:40.833995;13:22:41.276862;442867
25;50;PAGO;-1914857920;13:22:40.838047;13:22:41.277835;439788
25;50;PAGO;-1923250624;13:22:40.838605;13:22:41.278886;440281
25;50;PAGO;-1931643328;13:22:40.841378;13:22:41.278942;437564
25;50;PAGO;-1940036032;13:22:40.842752;13:22:41.279766;437014
25;50;PAGO;-1948428736;13:22:40.845503;13:22:41.280743;435240
25;50;PAGO;-1956821440;13:22:40.848855;13:22:41.281719;432864
25;50;PAGO;-1965214144;13:22:40.851660;13:22:41.282743;431083
25;50;PAGO;-1973606848;13:22:40.854900;13:22:41.283694;428794
25;50;PAGO;-1981999552;13:22:40.856102;13:22:41.284670;428568
25;50;PAGO;-1990392256;13:22:40.860327;13:22:41.284729;424402
25;50;PAGO;-1998784960;13:22:40.866633;13:22:41.284779;418146
25;50;PAGO;-2007177664;13:22:40.869410;13:22:41.285645;416235
25;50;PAGO;-2015570368;13:22:40.871359;13:22:41.285697;414338
25;50;PAGO;-1029708224;13:22:40.467612;13:22:41.286612;819000
25;50;PAGO;-1038100928;13:22:40.474990;13:22:41.287783;812793
25;50;PAGO;-1046493632;13:22:40.481301;13:22:41.287846;806545
25;50;PAGO;-1054886336;13:22:40.490863;13:22:41.288569;797706
25;50;PAGO;-1063279040;13:22:40.500519;13:22:41.289542;789023
25;50;PAGO;-1071671744;13:22:40.513873;13:22:41.289618;775745
25;50;PAGO;-1080064448;13:22:40.518988;13:22:41.290653;771665
25;50;PAGO;-1088457152;13:22:40.526143;13:22:41.290763;764620
25;50;PAGO;-1096849856;13:22:40.538838;13:22:41.291683;752845
25;50;PAGO;-1105242560;13:22:40.540133;13:22:41.294470;754337
25;50;PAGO;-1113635264;13:22:40.543951;13:22:41.295422;751471
25;50;PAGO;-1122027968;13:22:40.547677;13:22:41.296005;748328
25;50;PAGO;-1130420672;13:22:40.551343;13:22:41.296407;745064
25;50;PAGO;-1138813376;13:22:40.558269;13:22:41.296791;738522
25;50;PAGO;-1147206080;13:22:40.562148;13:22:41.297348;735200
25;50;PAGO;-1155598784;13:22:40.563331;13:22:41.298342;735011
25;50;PAGO;-1163991488;13:22:40.571368;13:22:41.298403;727035
25;50;PAGO;-1172384192;13:22:40.572584;13:22:41.298455;725871
25;50;PAGO;-1180776896;13:22:40.575881;13:22:41.298503;722622
25;50;PAGO;-1189169600;13:22:40.585332;13:22:41.298550;713218
25;50;PAGO;-1197562304;13:22:40.586604;13:22:41.299313;712709
25;50;PAGO;-1205955008;13:22:40.590039;13:22:41.300268;710229
25;50;PAGO;-1214347712;13:22:40.597076;13:22:41.301236;704160
25;50;PAGO;-1222740416;13:22:40.598290;13:22:41.301289;702999
25;50;PAGO;-1231133120;13:22:40.600406;13:22:41.301343;700937
25;50;PAGO;-1239525824;13:22:40.607115;13:22:41.301403;694288
25;50;PAGO;-1247918528;13:22:40.611113;13:22:41.302211;691098
25;50;PAGO;-1256311232;13:22:40.618307;13:22:41.303213;684906
25;50;PAGO;-1264703936;13:22:40.621041;13:22:41.304208;683167
25;50;PAGO;-1273096640;13:22:40.625399;13:22:41.305167;679768
25;50;PAGO;-1281489344;13:22:40.630096;13:22:41.306141;676045
25;50;PAGO;-1289882048;13:22:40.633594;13:22:41.306194;672600
25;50;PAGO;-1298274752;13:22:40.645083;13:22:41.306855;661772
25;50;PAGO;-1306667456;13:22:40.647482;13:22:41.307086;659604
25;50;PAGO;-1315060160;13:22:40.832568;13:22:41.307577;475009
25;50;PAGO;-1323452864;13:22:40.833372;13:22:41.308094;474722
25;50;PAGO;-1331845568;13:22:40.837720;13:22:41.309075;471355
25;50;PAGO;-1340238272;13:22:40.838886;13:22:41.309131;470245
25;50;PAGO;-1348630976;13:22:40.842147;13:22:41.309179;467032
25;50;PAGO;-1357023680;13:22:40.844210;13:22:41.309226;465016
25;50;PAGO;-1365416384;13:22:40.847192;13:22:41.309279;462087
25;50;PAGO;-1373809088;13:22:40.850505;13:22:41.310066;459561
25;50;PAGO;-1382201792;13:22:40.854756;13:22:41.310196;455440
25;50;PAGO;-1390594496;13:22:40.856016;13:22:41.310363;454347
25;50;PAGO;-1398987200;13:22:40.858975;13:22:41.311031;452056
25;50;PAGO;-1407379904;13:22:40.866296;13:22:41.312001;445705
25;50;PAGO;-1415772608;13:22:40.867833;13:22:41.312053;444220
25;50;PAGO;-1424165312;13:22:40.870942;13:22:41.312107;441165
25;50;PAGO;-1432558016;13:22:40.873860;13:22:41.312165;438305
25;50;PAGO;-1440950720;13:22:40.875897;13:22:41.312974;437077
25;50;PAGO;1895818816;13:22:40.467226;13:22:41.314932;847706
25;50;PAGO;1887426112;13:22:40.471899;13:22:41.316090;844191
25;50;PAGO;1879033408;13:22:40.478414;13:22:41.316796;838382
25;50;PAGO;1870640704;13:22:40.485526;13:22:41.316850;831324
25;50;PAGO;1862248000;13:22:40.495690;13:22:41.317907;822217
25;50;PAGO;1853855296;13:22:40.511525;13:22:41.317965;806440
25;50;PAGO;1845462592;13:22:40.518644;13:22:41.318015;799371
25;50;PAGO;1837069888;13:22:40.526206;13:22:41.318063;791857
25;50;PAGO;1828677184;13:22:40.538902;13:22:41.318116;779214
25;50;PAGO;1820284480;13:22:40.540217;13:22:41.318175;777958
25;50;PAGO;1811891776;13:22:40.543897;13:22:41.318226;774329
25;50;PAGO;1803499072;13:22:40.547497;13:22:41.318842;771345
25;50;PAGO;1795106368;13:22:40.551160;13:22:41.319782;768622
25;50;PAGO;1786713664;13:22:40.558005;13:22:41.320799;762794
25;50;PAGO;1778320960;13:22:40.562060;13:22:41.321760;759700
25;50;PAGO;1769928256;13:22:40.563417;13:22:41.322817;759400
25;50;PAGO;1761535552;13:22:40.568276;13:22:41.323713;755437
25;50;PAGO;1753142848;13:22:40.572320;13:22:41.323772;751452
25;50;PAGO;1744750144;13:22:40.575660;13:22:41.323821;748161
25;50;PAGO;1736357440;13:22:40.579223;13:22:41.323869;744646
25;50;PAGO;1727964736;13:22:40.588926;13:22:41.323916;734990
25;50;PAGO;1719572032;13:22:40.590798;13:22:41.324661;733863
25;50;PAGO;1711179328;13:22:40.597136;13:22:41.325680;728544
25;50;PAGO;1702786624;13:22:40.598307;13:22:41.325732;727425
25;50;PAGO;1694393920;13:22:40.601897;13:22:41.325790;723893
25;50;PAGO;1686001216;13:22:40.607219;13:22:41.326677;719458
25;50;PAGO;1677608512;13:22:40.611082;13:22:41.327593;716511
25;50;PAGO;1669215808;13:22:40.618241;13:22:41.327658;709417
25;50;PAGO;1660823104;13:22:40.623061;13:22:41.328563;705502
25;50;PAGO;1652430400;13:22:40.625338;13:22:41.328675;703337
25;50;PAGO;1644037696;13:22:40.631064;13:22:41.329569;698505
25;50;PAGO;1635644992;13:22:40.634928;13:22:41.330591;695663
25;50;PAGO;1627252288;13:22:40.645251;13:22:41.330647;685396
25;50;PAGO;1618859584;13:22:40.648744;13:22:41.330712;681968
25;50;PAGO;1610466880;13:22:40.832660;13:22:41.330761;498101
25;50;PAGO;1602074176;13:22:40.837307;13:22:41.330807;493500
25;50;PAGO;1593681472;13:22:40.839453;13:22:41.331546;492093
25;50;PAGO;1585288768;13:22:40.842215;13:22:41.332485;490270
25;50;PAGO;1576896064;13:22:40.844110;13:22:41.332543;488433
25;50;PAGO;1568503360;13:22:40.847293;13:22:41.333447;486154
25;50;PAGO;1560110656;13:22:40.849638;13:22:41.334471;484833
25;50;PAGO;1551717952;13:22:40.854495;13:22:41.335400;480905
25;50;PAGO;1543325248;13:22:40.855829;13:22:41.336380;480551
25;50;PAGO;1534932544;13:22:40.858910;13:22:41.336433;477523
25;50;PAGO;1526539840;13:22:40.866025;13:22:41.336481;470456
25;50;PAGO;1518147136;13:22:40.867318;13:22:41.336544;469226
25;50;PAGO;1509754432;13:22:40.869940;13:22:41.337412;467472
25;50;PAGO;1501361728;13:22:40.873295;13:22:41.337572;464277
25;50;PAGO;1492969024;13:22:40.874541;13:22:41.338402;463861
25;50;PAGO;1484576320;13:22:40.876057;13:22:41.338521;462464
25;50;PAGO;1197467200;13:22:40.467160;13:22:41.339417;872257
25;50;PAGO;1189074496;13:22:40.474981;13:22:41.340471;865490
25;50;PAGO;1180681792;13:22:40.481322;13:22:41.341296;859974
25;50;PAGO;1172289088;13:22:40.488785;13:22:41.341756;852971
25;50;PAGO;1163896384;13:22:40.500527;13:22:41.342256;841729
25;50;PAGO;1155503680;13:22:40.513061;13:22:41.343281;830220
25;50;PAGO;1147110976;13:22:40.518164;13:22:41.343343;825179
25;50;PAGO;1138718272;13:22:40.526167;13:22:41.343429;817262
25;50;PAGO;1130325568;13:22:40.539042;13:22:41.343627;804585
25;50;PAGO;1121932864;13:22:40.540180;13:22:41.344211;804031
25;50;PAGO;1113540160;13:22:40.544027;13:22:41.345186;801159
25;50;PAGO;1105147456;13:22:40.547340;13:22:41.346147;798807
25;50;PAGO;1096754752;13:22:40.551060;13:22:41.346206;795146
25;50;PAGO;1088362048;13:22:40.557797;13:22:41.346843;789046
25;50;PAGO;1079969344;13:22:40.561798;13:22:41.347109;785311
25;50;PAGO;1071576640;13:22:40.563273;13:22:41.347578;784305
25;50;PAGO;1063183936;13:22:40.568152;13:22:41.348098;779946
25;50;PAGO;1054791232;13:22:40.572302;13:22:41.349064;776762
25;50;PAGO;1046398528;13:22:40.575696;13:22:41.349126;773430
25;50;PAGO;1038005824;13:22:40.585403;13:22:41.349177;763774
25;50;PAGO;1029613120;13:22:40.588814;13:22:41.350055;761241
25;50;PAGO;1021220416;13:22:40.590099;13:22:41.350159;760060
25;50;PAGO;1012827712;13:22:40.596863;13:22:41.350215;753352
25;50;PAGO;1004435008;13:22:40.598065;13:22:41.351083;753018
25;50;PAGO;996042304;13:22:40.600310;13:22:41.352060;751750
25;50;PAGO;987649600;13:22:40.607087;13:22:41.352120;745033
25;50;PAGO;979256896;13:22:40.611134;13:22:41.352172;741038
25;50;PAGO;970864192;13:22:40.617710;13:22:41.352232;734522
25;50;PAGO;962471488;13:22:40.623040;13:22:41.352539;729499
25;50;PAGO;954078784;13:22:40.625356;13:22:41.352989;727633
25;50;PAGO;945686080;13:22:40.631085;13:22:41.353968;722883
25;50;PAGO;937293376;13:22:40.634900;13:22:41.355000;720100
25;50;PAGO;928900672;13:22:40.645183;13:22:41.355940;710757
25;50;PAGO;920507968;13:22:40.648719;13:22:41.356791;708072
25;50;PAGO;912115264;13:22:40.832629;13:22:41.356847;524218
25;50;PAGO;903722560;13:22:40.834049;13:22:41.356900;522851
25;50;PAGO;895329856;13:22:40.838024;13:22:41.356950;518926
25;50;PAGO;886937152;13:22:40.841278;13:22:41.357005;515727
25;50;PAGO;878544448;13:22:40.843086;13:22:41.357065;513979
25;50;PAGO;870151744;13:22:40.846465;13:22:41.357576;511111
25;50;PAGO;861759040;13:22:40.848898;13:22:41.357838;508940
25;50;PAGO;853366336;13:22:40.851738;13:22:41.358876;507138
25;50;PAGO;844973632;13:22:40.855066;13:22:41.358984;503918
25;50;PAGO;836580928;13:22:40.857965;13:22:41.359832;501867
25;50;PAGO;828188224;13:22:40.860442;13:22:41.360804;500362
25;50;PAGO;819795520;13:22:40.866771;13:22:41.361778;495007
25;50;PAGO;811402816;13:22:40.869551;13:22:41.361893;492342
25;50;PAGO;803010112;13:22:40.871493;13:22:41.361959;490466
25;50;PAGO;794617408;13:22:40.874430;13:22:41.362009;487579
25;50;PAGO;786224704;13:22:40.876033;13:22:41.362060;486027
25;50;PAGO;2006967872;13:22:40.467146;13:22:41.363723;896577
25;50;PAGO;1998575168;13:22:40.471840;13:22:41.364863;893023
25;50;PAGO;1990182464;13:22:40.475372;13:22:41.365682;890310
25;50;PAGO;1981789760;13:22:40.484079;13:22:41.365733;881654
25;50;PAGO;1973397056;13:22:40.493616;13:22:41.365788;872172
25;50;PAGO;1965004352;13:22:40.500854;13:22:41.365838;864984
25;50;PAGO;1956611648;13:22:40.517389;13:22:41.366685;849296
25;50;PAGO;1948218944;13:22:40.519214;13:22:41.367594;848380
25;50;PAGO;1939826240;13:22:40.536301;13:22:41.367670;831369
25;50;PAGO;1931433536;13:22:40.539348;13:22:41.368623;829275
25;50;PAGO;1923040832;13:22:40.543086;13:22:41.368676;825590
25;50;PAGO;1914648128;13:22:40.546604;13:22:41.368724;822120
25;50;PAGO;1906255424;13:22:40.548379;13:22:41.368779;820400
25;50;PAGO;1897862720;13:22:40.554267;13:22:41.369583;815316
25;50;PAGO;1889470016;13:22:40.558675;13:22:41.370599;811924
25;50;PAGO;1881077312;13:22:40.562570;13:22:41.370653;808083
25;50;PAGO;1872684608;13:22:40.567007;13:22:41.370718;803711
25;50;PAGO;1864291904;13:22:40.571543;13:22:41.371535;799992
25;50;PAGO;1855899200;13:22:40.572765;13:22:41.372514;799749
25;50;PAGO;1847506496;13:22:40.576410;13:22:41.372588;796178
25;50;PAGO;1839113792;13:22:40.585579;13:22:41.373517;787938
25;50;PAGO;1830721088;13:22:40.589107;13:22:41.374509;785402
25;50;PAGO;1822328384;13:22:40.590990;13:22:41.374563;783573
25;50;PAGO;1813935680;13:22:40.597327;13:22:41.374618;777291
25;50;PAGO;1805542976;13:22:40.599604;13:22:41.375440;775836
25;50;PAGO;1797150272;13:22:40.602221;13:22:41.376414;774193
25;50;PAGO;1788757568;13:22:40.608616;13:22:41.376790;768174
25;50;PAGO;1780364864;13:22:40.613245;13:22:41.377391;764146
25;50;PAGO;1771972160;13:22:40.618573;13:22:41.377572;758999
25;50;PAGO;1763579456;13:22:40.623362;13:22:41.378383;755021
25;50;PAGO;1755186752;13:22:40.625632;13:22:41.379314;753682
25;50;PAGO;1746794048;13:22:40.631259;13:22:41.379403;748144
25;50;PAGO;1738401344;13:22:40.635134;13:22:41.380329;745195
25;50;PAGO;1730008640;13:22:40.646550;13:22:41.381297;734747
25;50;PAGO;1721615936;13:22:40.648932;13:22:41.381350;732418
25;50;PAGO;1713223232;13:22:40.832898;13:22:41.381400;548502
25;50;PAGO;1704830528;13:22:40.837176;13:22:41.381465;544289
25;50;PAGO;1696437824;13:22:40.838926;13:22:41.382271;543345
25;50;PAGO;1688045120;13:22:40.842166;13:22:41.383294;541128
25;50;PAGO;1679652416;13:22:40.844090;13:22:41.383349;539259
25;50;PAGO;1671259712;13:22:40.846955;13:22:41.383404;536449
25;50;PAGO;1662867008;13:22:40.849244;13:22:41.383455;534211
25;50;PAGO;1654474304;13:22:40.852015;13:22:41.383507;531492
25;50;PAGO;1646081600;13:22:40.855134;13:22:41.384241;529107
25;50;PAGO;1637688896;13:22:40.858025;13:22:41.385202;527177
25;50;PAGO;1629296192;13:22:40.860494;13:22:41.385257;524763
25;50;PAGO;1620903488;13:22:40.866821;13:22:41.385306;518485
25;50;PAGO;1612510784;13:22:40.869600;13:22:41.385365;515765
25;50;PAGO;1604118080;13:22:40.873201;13:22:41.386193;512992
25;50;PAGO;1595725376;13:22:40.874464;13:22:41.386834;512370
25;50;PAGO;276817472;13:22:40.467597;13:22:41.387556;919959
25;50;PAGO;268424768;13:22:40.474983;13:22:41.388259;913276
25;50;PAGO;260032064;13:22:40.481356;13:22:41.389078;907722
25;50;PAGO;251639360;13:22:40.490773;13:22:41.390077;899304
25;50;PAGO;243246656;13:22:40.500529;13:22:41.390137;889608
25;50;PAGO;234853952;13:22:40.513009;13:22:41.390187;877178
25;50;PAGO;226461248;13:22:40.518967;13:22:41.390235;871268
25;50;PAGO;218068544;13:22:40.526059;13:22:41.391101;865042
25;50;PAGO;209675840;13:22:40.538673;13:22:41.392030;853357
25;50;PAGO;201283136;13:22:40.540048;13:22:41.392082;852034
25;50;PAGO;192890432;13:22:40.544217;13:22:41.392130;847913
25;50;PAGO;184497728;13:22:40.548137;13:22:41.392177;844040
25;50;PAGO;176105024;13:22:40.554013;13:22:41.392240;838227
25;50;PAGO;167712320;13:22:40.558310;13:22:41.393001;834691
25;50;PAGO;159319616;13:22:40.562210;13:22:41.393151;830941
25;50;PAGO;150926912;13:22:40.566562;13:22:41.393988;827426
25;50;PAGO;142534208;13:22:40.568528;13:22:41.395016;826488
25;50;PAGO;134141504;13:22:40.572420;13:22:41.395954;823534
25;50;PAGO;125748800;13:22:40.575790;13:22:41.396796;821006
25;50;PAGO;117356096;13:22:40.585263;13:22:41.396893;811630
25;50;PAGO;108963392;13:22:40.586649;13:22:41.397575;810926
25;50;PAGO;100570688;13:22:40.589909;13:22:41.397855;807946
25;50;PAGO;92177984;13:22:40.597110;13:22:41.398436;801326
25;50;PAGO;83785280;13:22:40.598264;13:22:41.398494;800230
25;50;PAGO;75392576;13:22:40.600495;13:22:41.398560;798065
25;50;PAGO;66999872;13:22:40.607176;13:22:41.398829;791653
25;50;PAGO;58607168;13:22:40.612985;13:22:41.399830;786845
25;50;PAGO;50214464;13:22:40.618383;13:22:41.400786;782403
25;50;PAGO;41821760;13:22:40.623186;13:22:41.401762;778576
25;50;PAGO;33429056;13:22:40.625471;13:22:41.402774;777303
25;50;PAGO;25036352;13:22:40.630000;13:22:41.402880;772880
25;50;PAGO;16643648;13:22:40.633458;13:22:41.403737;770279
25;50;PAGO;8250944;13:22:40.638341;13:22:41.404715;766374
25;50;PAGO;-141760;13:22:40.647267;13:22:41.405702;758435
25;50;PAGO;-8534464;13:22:40.832477;13:22:41.406704;574227
25;50;PAGO;-16927168;13:22:40.833290;13:22:41.406781;573491
25;50;PAGO;-25319872;13:22:40.837510;13:22:41.407574;570064
25;50;PAGO;-33712576;13:22:40.839394;13:22:41.407663;568269
25;50;PAGO;-42105280;13:22:40.842127;13:22:41.408694;566567
25;50;PAGO;-50497984;13:22:40.843711;13:22:41.409599;565888
25;50;PAGO;-58890688;13:22:40.846919;13:22:41.410609;563690
25;50;PAGO;-67283392;13:22:40.849408;13:22:41.411548;562140
25;50;PAGO;-75676096;13:22:40.852200;13:22:41.412532;560332
25;50;PAGO;-84068800;13:22:40.855432;13:22:41.413497;558065
25;50;PAGO;-92461504;13:22:40.858782;13:22:41.414505;555723
25;50;PAGO;-100854208;13:22:40.866593;13:22:41.415461;548868
25;50;PAGO;-109246912;13:22:40.867744;13:22:41.415518;547774
25;50;PAGO;-117639616;13:22:40.871179;13:22:41.415569;544390
25;50;PAGO;-126032320;13:22:40.873779;13:22:41.415618;541839
25;50;PAGO;-134425024;13:22:40.875892;13:22:41.415666;539774
25;50;PAGO;1272964672;13:22:40.467173;13:22:41.416445;949272
25;50;PAGO;1264571968;13:22:40.474985;13:22:41.416955;941970
25;50;PAGO;1256179264;13:22:40.481350;13:22:41.417376;936026
25;50;PAGO;1247786560;13:22:40.491037;13:22:41.418412;927375
25;50;PAGO;1239393856;13:22:40.500659;13:22:41.419363;918704
25;50;PAGO;1231001152;13:22:40.514082;13:22:41.420331;906249
25;50;PAGO;1222608448;13:22:40.519024;13:22:41.421308;902284
25;50;PAGO;1214215744;13:22:40.526234;13:22:41.422284;896050
25;50;PAGO;1205823040;13:22:40.538858;13:22:41.423282;884424
25;50;PAGO;1197430336;13:22:40.540072;13:22:41.423338;883266
25;50;PAGO;1189037632;13:22:40.543924;13:22:41.423388;879464
25;50;PAGO;1180644928;13:22:40.548209;13:22:41.423437;875228
25;50;PAGO;1172252224;13:22:40.554090;13:22:41.423491;869401
25;50;PAGO;1163859520;13:22:40.558368;13:22:41.423541;865173
25;50;PAGO;1155466816;13:22:40.562290;13:22:41.423605;861315
25;50;PAGO;1147074112;13:22:40.566827;13:22:41.424230;857403
25;50;PAGO;1138681408;13:22:40.571333;13:22:41.425214;853881
25;50;PAGO;1130288704;13:22:40.572116;13:22:41.426184;854068
25;50;PAGO;1121896000;13:22:40.575534;13:22:41.426235;850701
25;50;PAGO;1113503296;13:22:40.585085;13:22:41.426854;841769
25;50;PAGO;1105110592;13:22:40.586274;13:22:41.427137;840863
25;50;PAGO;1096717888;13:22:40.589510;13:22:41.428150;838640
25;50;PAGO;1088325184;13:22:40.591356;13:22:41.429131;837775
25;50;PAGO;1079932480;13:22:40.597822;13:22:41.430099;832277
25;50;PAGO;1071539776;13:22:40.599998;13:22:41.430153;830155
25;50;PAGO;1063147072;13:22:40.606657;13:22:41.430203;823546
25;50;PAGO;1054754368;13:22:40.609010;13:22:41.431118;822108
25;50;PAGO;1046361664;13:22:40.614741;13:22:41.432045;817304
25;50;PAGO;1037968960;13:22:40.620465;13:22:41.433023;812558
25;50;PAGO;1029576256;13:22:40.624942;13:22:41.433999;809057
25;50;PAGO;1021183552;13:22:40.629510;13:22:41.434053;804543
25;50;PAGO;1012790848;13:22:40.633207;13:22:41.434109;800902
25;50;PAGO;1004398144;13:22:40.638000;13:22:41.434160;796160
25;50;PAGO;996005440;13:22:40.646903;13:22:41.434210;787307
25;50;PAGO;987612736;13:22:40.649330;13:22:41.435004;785674
25;50;PAGO;979220032;13:22:40.833034;13:22:41.435955;602921
25;50;PAGO;970827328;13:22:40.837441;13:22:41.436788;599347
25;50;PAGO;962434624;13:22:40.838976;13:22:41.436870;597894
25;50;PAGO;954041920;13:22:40.842407;13:22:41.437631;595224
25;50;PAGO;945649216;13:22:40.844923;13:22:41.437899;592976
25;50;PAGO;937256512;13:22:40.847477;13:22:41.438915;591438
25;50;PAGO;928863808;13:22:40.849590;13:22:41.439864;590274
25;50;PAGO;920471104;13:22:40.854459;13:22:41.439923;585464
25;50;PAGO;912078400;13:22:40.855794;13:22:41.440827;585033
25;50;PAGO;903685696;13:22:40.858932;13:22:41.441806;582874
25;50;PAGO;895292992;13:22:40.865574;13:22:41.442983;577409
25;50;PAGO;886900288;13:22:40.867907;13:22:41.443755;575848
25;50;PAGO;878507584;13:22:40.871010;13:22:41.444736;573726
25;50;PAGO;870114880;13:22:40.873938;13:22:41.445718;571780
25;50;PAGO;861722176;13:22:40.875908;13:22:41.446709;570801
25;0;PAGO;1799349824;13:22:40.464761;13:22:40.860251;395490
25;0;PAGO;1790957120;13:22:40.475095;13:22:40.862031;386936
25;0;PAGO;1732208192;13:22:40.538592;13:22:40.862144;323552
25;0;PAGO;1673459264;13:22:40.562671;13:22:40.862240;299569
25;0;PAGO;1446856256;13:22:40.851968;13:22:40.862761;10793
25;0;PAGO;1656673856;13:22:40.571638;13:22:40.866148;294510
25;0;PAGO;1648281152;13:22:40.572852;13:22:40.866234;293382
25;0;PAGO;1639888448;13:22:40.578475;13:22:40.866969;288494
25;0;PAGO;1631495744;13:22:40.585680;13:22:40.869139;283459
25;0;PAGO;1623103040;13:22:40.589202;13:22:40.870157;280955
25;0;PAGO;1614710336;13:22:40.591075;13:22:40.870830;279755
25;0;PAGO;1606317632;13:22:40.597424;13:22:40.873053;275629
25;0;PAGO;1597924928;13:22:40.599700;13:22:40.873153;273453
25;0;PAGO;1589532224;13:22:40.602310;13:22:40.874066;271756
25;0;PAGO;1581139520;13:22:40.608714;13:22:40.874144;265430
25;0;PAGO;1572746816;13:22:40.613336;13:22:40.874223;260887
25;50;PAGO;1564354112;13:22:40.618681;13:22:40.875721;257040
25;50;PAGO;1555961408;13:22:40.623445;13:22:40.877559;254114
25;50;PAGO;1547568704;13:22:40.625705;13:22:40.877666;251961
25;50;PAGO;1539176000;13:22:40.631341;13:22:40.877886;246545
25;50;PAGO;1530783296;13:22:40.635220;13:22:40.878193;242973
25;50;PAGO;1522390592;13:22:40.646639;13:22:40.878349;231710
25;50;PAGO;1513997888;13:22:40.649101;13:22:40.878613;229512
25;50;PAGO;1505605184;13:22:40.832952;13:22:40.878750;45798
25;50;PAGO;1497212480;13:22:40.837228;13:22:40.878946;41718
25;50;PAGO;1488819776;13:22:40.839505;13:22:40.879612;40107
25;50;PAGO;1480427072;13:22:40.841882;13:22:40.879990;38108
25;50;PAGO;1472034368;13:22:40.843607;13:22:40.880584;36977
25;50;PAGO;1463641664;13:22:40.846847;13:22:40.881031;34184
25;50;PAGO;1455248960;13:22:40.849196;13:22:40.881307;32111
25;50;PAGO;1782564416;13:22:40.483900;13:22:40.881453;397553
25;50;PAGO;1774171712;13:22:40.490990;13:22:40.881556;390566
25;50;PAGO;1765779008;13:22:40.500736;13:22:40.882583;381847
25;50;PAGO;1757386304;13:22:40.514283;13:22:40.883511;369228
25;50;PAGO;1748993600;13:22:40.519071;13:22:40.883651;364580
25;50;PAGO;1740600896;13:22:40.535625;13:22:40.883703;348078
25;50;PAGO;1723815488;13:22:40.540350;13:22:40.883754;343404
25;50;PAGO;1715422784;13:22:40.543778;13:22:40.883810;340032
25;50;PAGO;1707030080;13:22:40.547308;13:22:40.883998;336690
25;50;PAGO;1698637376;13:22:40.548843;13:22:40.884485;335642
25;50;PAGO;1690244672;13:22:40.554650;13:22:40.885463;330813
25;50;PAGO;1681851968;13:22:40.558769;13:22:40.886504;327735
25;50;PAGO;1665066560;13:22:40.567101;13:22:40.886577;319476
25;50;PAGO;1438463552;13:22:40.855377;13:22:40.886632;31255
25;50;PAGO;1421678144;13:22:40.866272;13:22:40.886682;20410
25;50;PAGO;1430070848;13:22:40.859525;13:22:40.886743;27218
25;50;PAGO;1342174784;13:22:40.867654;13:22:41.499492;631838
25;50;PAGO;1333782080;13:22:40.871204;13:22:41.769516;898312
25;50;PAGO;1325389376;13:22:40.873813;13:22:41.796417;922604
25;50;PAGO;1316996672;13:22:40.875916;13:22:41.829915;953999
