4;5;PAGO;545252928;13:25:37.453902;13:25:37.457396;3494
4;5;PAGO;536860224;13:25:37.454607;13:25:37.458066;3459
4;5;PAGO;528467520;13:25:37.455018;13:25:37.458788;3770
4;5;PAGO;520074816;13:25:37.455201;13:25:37.459629;4428
4;5;PAGO;511682112;13:25:37.455386;13:25:37.459703;4317
4;5;PAGO;-685775296;13:25:37.453946;13:25:37.461630;7684
4;5;PAGO;-694168000;13:25:37.454756;13:25:37.461911;7155
4;5;PAGO;-702560704;13:25:37.455020;13:25:37.462111;7091
4;5;PAGO;-710953408;13:25:37.455226;13:25:37.462177;6951
4;5;PAGO;-719346112;13:25:37.455393;13:25:37.462240;6847
4;5;PAGO;771745344;13:25:37.454914;13:25:37.465695;10781
4;5;PAGO;763352640;13:25:37.455141;13:25:37.466656;11515
4;5;PAGO;754959936;13:25:37.455344;13:25:37.466930;11586
4;5;PAGO;746567232;13:25:37.455487;13:25:37.467402;11915
4;5;PAGO;738174528;13:25:37.455547;13:25:37.467707;12160
4;5;PAGO;1835001408;13:25:37.454858;13:25:37.464498;9640
4;5;PAGO;1826608704;13:25:37.455089;13:25:37.469396;14307
4;5;PAGO;1818216000;13:25:37.455286;13:25:37.470401;15115
4;5;PAGO;1809823296;13:25:37.455447;13:25:37.470510;15063
4;5;PAGO;1801430592;13:25:37.455525;13:25:37.470583;15058


10;20;PAGO;-2019563968;13:26:02.238965;13:26:02.262665;23700
10;20;PAGO;-2027956672;13:26:02.241550;13:26:02.263483;21933
10;20;PAGO;-2036349376;13:26:02.242021;13:26:02.263740;21719
10;20;PAGO;-2044742080;13:26:02.242766;13:26:02.264646;21880
10;20;PAGO;-2053134784;13:26:02.243514;13:26:02.265631;22117
10;20;PAGO;-2061527488;13:26:02.244817;13:26:02.266607;21790
10;20;PAGO;-2069920192;13:26:02.247599;13:26:02.266659;19060
10;20;PAGO;-2078312896;13:26:02.248537;13:26:02.266713;18176
10;20;PAGO;-2086705600;13:26:02.250400;13:26:02.266770;16370
10;20;PAGO;-2095098304;13:26:02.250819;13:26:02.266914;16095
10;20;PAGO;-2103491008;13:26:02.253111;13:26:02.267570;14459
10;20;PAGO;-2111883712;13:26:02.253520;13:26:02.267706;14186
10;20;PAGO;-2120276416;13:26:02.254002;13:26:02.268548;14546
10;20;PAGO;-2128669120;13:26:02.254394;13:26:02.269507;15113
10;20;PAGO;-2137061824;13:26:02.254781;13:26:02.270502;15721
10;20;PAGO;-2145454528;13:26:02.259079;13:26:02.270559;11480
10;20;PAGO;2141120064;13:26:02.259490;13:26:02.270608;11118
10;20;PAGO;2132727360;13:26:02.259934;13:26:02.270656;10722
10;20;PAGO;2124334656;13:26:02.260318;13:26:02.270704;10386
10;20;PAGO;2115941952;13:26:02.260647;13:26:02.270761;10114
10;20;PAGO;-2076187072;13:26:02.239034;13:26:02.272427;33393
10;20;PAGO;-2084579776;13:26:02.241591;13:26:02.273557;31966
10;20;PAGO;-2092972480;13:26:02.242050;13:26:02.273618;31568
10;20;PAGO;-2101365184;13:26:02.242730;13:26:02.273669;30939
10;20;PAGO;-2109757888;13:26:02.243455;13:26:02.274436;30981
10;20;PAGO;-2118150592;13:26:02.244778;13:26:02.274489;29711
10;20;PAGO;-2126543296;13:26:02.247560;13:26:02.275353;27793
10;20;PAGO;-2134936000;13:26:02.248493;13:26:02.275457;26964
10;20;PAGO;-2143328704;13:26:02.248895;13:26:02.276367;27472
10;20;PAGO;2143245888;13:26:02.250754;13:26:02.276947;26193
10;20;PAGO;2134853184;13:26:02.253048;13:26:02.277316;24268
10;20;PAGO;2126460480;13:26:02.253462;13:26:02.277416;23954
10;20;PAGO;2118067776;13:26:02.253933;13:26:02.278394;24461
10;20;PAGO;2109675072;13:26:02.254333;13:26:02.279264;24931
10;20;PAGO;2101282368;13:26:02.254722;13:26:02.279366;24644
10;20;PAGO;2092889664;13:26:02.259022;13:26:02.279417;20395
10;20;PAGO;2084496960;13:26:02.259447;13:26:02.279466;20019
10;20;PAGO;2076104256;13:26:02.259891;13:26:02.279516;19625
10;20;PAGO;2067711552;13:26:02.260277;13:26:02.280260;19983
10;20;PAGO;2059318848;13:26:02.260613;13:26:02.281252;20639
10;20;PAGO;408938048;13:26:02.238999;13:26:02.292967;53968
10;20;PAGO;400545344;13:26:02.241612;13:26:02.294083;52471
10;20;PAGO;392152640;13:26:02.242088;13:26:02.294144;52056
10;20;PAGO;383759936;13:26:02.242820;13:26:02.294195;51375
10;20;PAGO;375367232;13:26:02.244503;13:26:02.294958;50455
10;20;PAGO;366974528;13:26:02.247253;13:26:02.295889;48636
10;20;PAGO;358581824;13:26:02.247954;13:26:02.296859;48905
10;20;PAGO;350189120;13:26:02.248630;13:26:02.296928;48298
10;20;PAGO;341796416;13:26:02.250501;13:26:02.296986;46485
10;20;PAGO;333403712;13:26:02.251029;13:26:02.297185;46156
10;20;PAGO;325011008;13:26:02.253214;13:26:02.297810;44596
10;20;PAGO;316618304;13:26:02.253622;13:26:02.298878;45256
10;20;PAGO;308225600;13:26:02.254094;13:26:02.299807;45713
10;20;PAGO;299832896;13:26:02.254489;13:26:02.300763;46274
10;20;PAGO;291440192;13:26:02.254921;13:26:02.301733;46812
10;20;PAGO;283047488;13:26:02.259167;13:26:02.302774;43607
10;20;PAGO;274654784;13:26:02.259569;13:26:02.303686;44117
10;20;PAGO;266262080;13:26:02.260012;13:26:02.303741;43729
10;20;PAGO;257869376;13:26:02.260397;13:26:02.303791;43394
10;20;PAGO;249476672;13:26:02.260750;13:26:02.303846;43096
10;20;PAGO;-385882560;13:26:02.239060;13:26:02.315413;76353
10;20;PAGO;-394275264;13:26:02.241641;13:26:02.316543;74902
10;20;PAGO;-402667968;13:26:02.242106;13:26:02.316927;74821
10;20;PAGO;-411060672;13:26:02.242795;13:26:02.317323;74528
10;20;PAGO;-419453376;13:26:02.244443;13:26:02.317698;73255
10;20;PAGO;-427846080;13:26:02.244849;13:26:02.318384;73535
10;20;PAGO;-436238784;13:26:02.247633;13:26:02.319288;71655
10;20;PAGO;-444631488;13:26:02.248556;13:26:02.320323;71767
10;20;PAGO;-453024192;13:26:02.250423;13:26:02.320400;69977
10;20;PAGO;-461416896;13:26:02.250838;13:26:02.320450;69612
10;20;PAGO;-469809600;13:26:02.253141;13:26:02.320505;67364
10;20;PAGO;-478202304;13:26:02.253549;13:26:02.320566;67017
10;20;PAGO;-486595008;13:26:02.254023;13:26:02.321249;67226
10;20;PAGO;-494987712;13:26:02.254421;13:26:02.322212;67791
10;20;PAGO;-503380416;13:26:02.254820;13:26:02.323223;68403
10;20;PAGO;-511773120;13:26:02.259111;13:26:02.324188;65077
10;20;PAGO;-520165824;13:26:02.259521;13:26:02.325127;65606
10;20;PAGO;-528558528;13:26:02.259966;13:26:02.325526;65560
10;20;PAGO;-536951232;13:26:02.260350;13:26:02.326122;65772
10;20;PAGO;-545343936;13:26:02.260660;13:26:02.326430;65770
10;20;PAGO;517989952;13:26:02.239009;13:26:02.326950;87941
10;20;PAGO;509597248;13:26:02.241659;13:26:02.327253;85594
10;20;PAGO;501204544;13:26:02.242128;13:26:02.327708;85580
10;20;PAGO;492811840;13:26:02.242841;13:26:02.327759;84918
10;20;PAGO;484419136;13:26:02.244467;13:26:02.327807;83340
10;20;PAGO;476026432;13:26:02.244878;13:26:02.328084;83206
10;20;PAGO;467633728;13:26:02.247912;13:26:02.329043;81131
10;20;PAGO;459241024;13:26:02.248592;13:26:02.330029;81437
10;20;PAGO;450848320;13:26:02.250470;13:26:02.331034;80564
10;20;PAGO;442455616;13:26:02.250888;13:26:02.333423;82535
10;20;PAGO;434062912;13:26:02.253183;13:26:02.333551;80368
10;20;PAGO;425670208;13:26:02.253592;13:26:02.333949;80357
10;20;PAGO;417277504;13:26:02.254066;13:26:02.334992;80926
10;20;PAGO;408884800;13:26:02.254461;13:26:02.335904;81443
10;20;PAGO;400492096;13:26:02.254949;13:26:02.336865;81916
10;20;PAGO;392099392;13:26:02.259199;13:26:02.337716;78517
10;20;PAGO;383706688;13:26:02.259598;13:26:02.337809;78211
10;20;PAGO;375313984;13:26:02.260041;13:26:02.338848;78807
10;20;PAGO;366921280;13:26:02.260426;13:26:02.338957;78531
10;20;PAGO;358528576;13:26:02.260761;13:26:02.339808;79047
10;20;PAGO;476046912;13:26:02.241849;13:26:02.340861;99012
10;20;PAGO;467654208;13:26:02.242525;13:26:02.341078;98553
10;20;PAGO;459261504;13:26:02.242954;13:26:02.341276;98322
10;20;PAGO;450868800;13:26:02.244625;13:26:02.341764;97139
10;20;PAGO;442476096;13:26:02.247356;13:26:02.342767;95411
10;20;PAGO;434083392;13:26:02.248293;13:26:02.343721;95428
10;20;PAGO;425690688;13:26:02.248691;13:26:02.344683;95992
10;20;PAGO;417297984;13:26:02.250569;13:26:02.344742;94173
10;20;PAGO;408905280;13:26:02.251088;13:26:02.344794;93706
10;20;PAGO;400512576;13:26:02.253255;13:26:02.344843;91588
10;20;PAGO;392119872;13:26:02.253657;13:26:02.344891;91234
10;20;PAGO;383727168;13:26:02.254130;13:26:02.344944;90814
10;20;PAGO;375334464;13:26:02.254524;13:26:02.345690;91166
10;20;PAGO;366941760;13:26:02.254985;13:26:02.346665;91680
10;20;PAGO;358549056;13:26:02.259243;13:26:02.347659;88416
10;20;PAGO;350156352;13:26:02.259634;13:26:02.348584;88950
10;20;PAGO;341763648;13:26:02.260077;13:26:02.349532;89455
10;20;PAGO;333370944;13:26:02.260461;13:26:02.350576;90115
10;20;PAGO;324978240;13:26:02.260802;13:26:02.350637;89835
10;20;PAGO;316585536;13:26:02.260897;13:26:02.350696;89799
10;20;PAGO;-1602230720;13:26:02.241897;13:26:02.352519;110622
10;20;PAGO;-1610623424;13:26:02.242628;13:26:02.352730;110102
10;20;PAGO;-1619016128;13:26:02.243055;13:26:02.352943;109888
10;20;PAGO;-1627408832;13:26:02.244716;13:26:02.353433;108717
10;20;PAGO;-1635801536;13:26:02.247468;13:26:02.354566;107098
10;20;PAGO;-1644194240;13:26:02.248378;13:26:02.355397;107019
10;20;PAGO;-1652586944;13:26:02.248785;13:26:02.356397;107612
10;20;PAGO;-1660979648;13:26:02.250653;13:26:02.356451;105798
10;20;PAGO;-1669372352;13:26:02.251210;13:26:02.356506;105296
10;20;PAGO;-1677765056;13:26:02.253395;13:26:02.357371;103976
10;20;PAGO;-1686157760;13:26:02.253735;13:26:02.357706;103971
10;20;PAGO;-1694550464;13:26:02.254265;13:26:02.357758;103493
10;20;PAGO;-1702943168;13:26:02.254660;13:26:02.357812;103152
10;20;PAGO;-1711335872;13:26:02.258883;13:26:02.358376;99493
10;20;PAGO;-1719728576;13:26:02.259317;13:26:02.359314;99997
10;20;PAGO;-1728121280;13:26:02.259749;13:26:02.360287;100538
10;20;PAGO;-1736513984;13:26:02.260152;13:26:02.361278;101126
10;20;PAGO;-1744906688;13:26:02.260513;13:26:02.361359;100846
10;20;PAGO;-1753299392;13:26:02.260848;13:26:02.362229;101381
10;20;PAGO;-1761692096;13:26:02.260916;13:26:02.363223;102307
10;20;PAGO;-253761984;13:26:02.241816;13:26:02.363285;121469
10;20;PAGO;-262154688;13:26:02.242557;13:26:02.363492;120935
10;20;PAGO;-270547392;13:26:02.242979;13:26:02.363753;120774
10;20;PAGO;-278940096;13:26:02.244579;13:26:02.364173;119594
10;20;PAGO;-287332800;13:26:02.247389;13:26:02.365144;117755
10;20;PAGO;-295725504;13:26:02.248434;13:26:02.365752;117318
10;20;PAGO;-304118208;13:26:02.248838;13:26:02.366147;117309
10;20;PAGO;-312510912;13:26:02.250716;13:26:02.366204;115488
10;20;PAGO;-320903616;13:26:02.253006;13:26:02.366988;113982
10;20;PAGO;-329296320;13:26:02.253425;13:26:02.367129;113704
10;20;PAGO;-337689024;13:26:02.253818;13:26:02.367713;113895
10;20;PAGO;-346081728;13:26:02.254295;13:26:02.367766;113471
10;20;PAGO;-354474432;13:26:02.254687;13:26:02.367815;113128
10;20;PAGO;-362867136;13:26:02.258955;13:26:02.367872;108917
10;20;PAGO;-371259840;13:26:02.259383;13:26:02.368103;108720
10;20;PAGO;-379652544;13:26:02.259830;13:26:02.368253;108423
10;20;PAGO;-388045248;13:26:02.260180;13:26:02.369106;108926
10;20;PAGO;-396437952;13:26:02.260564;13:26:02.370062;109498
10;20;PAGO;-404830656;13:26:02.260876;13:26:02.370121;109245
10;20;PAGO;-413223360;13:26:02.260935;13:26:02.370173;109238
10;20;PAGO;241165888;13:26:02.238703;13:26:02.282219;43516
10;20;PAGO;224380480;13:26:02.241877;13:26:02.283387;41510
10;20;PAGO;215987776;13:26:02.242584;13:26:02.284185;41601
10;20;PAGO;207595072;13:26:02.243013;13:26:02.285177;42164
10;20;PAGO;199202368;13:26:02.244672;13:26:02.285282;40610
10;20;PAGO;190809664;13:26:02.247441;13:26:02.285345;37904
10;20;PAGO;182416960;13:26:02.248348;13:26:02.286115;37767
10;20;PAGO;174024256;13:26:02.248752;13:26:02.286370;37618
10;20;PAGO;165631552;13:26:02.250633;13:26:02.287118;36485
10;20;PAGO;157238848;13:26:02.251190;13:26:02.288071;36881
10;20;PAGO;148846144;13:26:02.253378;13:26:02.289044;35666
10;20;PAGO;140453440;13:26:02.253770;13:26:02.290019;36249
10;20;PAGO;132060736;13:26:02.254244;13:26:02.290071;35827
10;20;PAGO;123668032;13:26:02.254633;13:26:02.290121;35488
10;20;PAGO;115275328;13:26:02.258980;13:26:02.290169;31189
10;20;PAGO;106882624;13:26:02.259409;13:26:02.290225;30816
10;20;PAGO;98489920;13:26:02.259855;13:26:02.291034;31179
10;20;PAGO;90097216;13:26:02.260239;13:26:02.291089;30850
10;20;PAGO;81704512;13:26:02.260591;13:26:02.291138;30547
10;20;PAGO;232773184;13:26:02.239293;13:26:02.371065;131772
10;20;PAGO;-893393344;13:26:02.238638;13:26:02.304706;66068
10;20;PAGO;-910178752;13:26:02.241699;13:26:02.305865;64166
10;20;PAGO;-918571456;13:26:02.242612;13:26:02.306647;64035
10;20;PAGO;-926964160;13:26:02.243038;13:26:02.306923;63885
10;20;PAGO;-935356864;13:26:02.244699;13:26:02.307589;62890
10;20;PAGO;-943749568;13:26:02.247490;13:26:02.308590;61100
10;20;PAGO;-952142272;13:26:02.248397;13:26:02.310568;62171
10;20;PAGO;-960534976;13:26:02.248804;13:26:02.310622;61818
10;20;PAGO;-968927680;13:26:02.250685;13:26:02.310671;59986
10;20;PAGO;-977320384;13:26:02.251163;13:26:02.310724;59561
10;20;PAGO;-985713088;13:26:02.253351;13:26:02.311111;57760
10;20;PAGO;-994105792;13:26:02.253790;13:26:02.311479;57689
10;20;PAGO;-1002498496;13:26:02.254228;13:26:02.312468;58240
10;20;PAGO;-1010891200;13:26:02.254617;13:26:02.313488;58871
10;20;PAGO;-1019283904;13:26:02.258919;13:26:02.313540;54621
10;20;PAGO;-1027676608;13:26:02.259352;13:26:02.313588;54236
10;20;PAGO;-1036069312;13:26:02.259797;13:26:02.313637;53840
10;20;PAGO;-1044462016;13:26:02.260210;13:26:02.313691;53481
10;20;PAGO;-1052854720;13:26:02.260579;13:26:02.314463;53884
10;20;PAGO;-901786048;13:26:02.239153;13:26:02.372982;133829


25;50;PAGO;-260065728;13:26:41.636277;13:26:42.106082;469805
25;50;PAGO;-268458432;13:26:41.642337;13:26:42.106295;463958
25;50;PAGO;-276851136;13:26:41.646582;13:26:42.107037;460455
25;50;PAGO;-285243840;13:26:41.654278;13:26:42.107962;453684
25;50;PAGO;-293636544;13:26:41.662135;13:26:42.108967;446832
25;50;PAGO;-302029248;13:26:41.666107;13:26:42.109965;443858
25;50;PAGO;-310421952;13:26:41.674431;13:26:42.110021;435590
25;50;PAGO;-318814656;13:26:41.678874;13:26:42.110070;431196
25;50;PAGO;-327207360;13:26:41.681377;13:26:42.110117;428740
25;50;PAGO;-335600064;13:26:41.683662;13:26:42.110170;426508
25;50;PAGO;-343992768;13:26:41.685950;13:26:42.110218;424268
25;50;PAGO;-352385472;13:26:41.688230;13:26:42.110948;422718
25;50;PAGO;-360778176;13:26:41.692310;13:26:42.111893;419583
25;50;PAGO;-369170880;13:26:41.694156;13:26:42.112875;418719
25;50;PAGO;-377563584;13:26:41.697076;13:26:42.113871;416795
25;50;PAGO;-385956288;13:26:41.701102;13:26:42.114879;413777
25;50;PAGO;-394348992;13:26:41.705170;13:26:42.115769;410599
25;50;PAGO;-402741696;13:26:41.708990;13:26:42.115828;406838
25;50;PAGO;-411134400;13:26:41.711386;13:26:42.115877;404491
25;50;PAGO;-419527104;13:26:41.713746;13:26:42.115924;402178
25;50;PAGO;-427919808;13:26:41.719491;13:26:42.115971;396480
25;50;PAGO;-436312512;13:26:41.721983;13:26:42.116034;394051
25;50;PAGO;-444705216;13:26:41.725453;13:26:42.116764;391311
25;50;PAGO;-453097920;13:26:41.728920;13:26:42.117750;388830
25;50;PAGO;-461490624;13:26:41.731464;13:26:42.118742;387278
25;50;PAGO;-469883328;13:26:41.736332;13:26:42.119697;383365
25;50;PAGO;-478276032;13:26:41.741106;13:26:42.120683;379577
25;50;PAGO;-486668736;13:26:41.743042;13:26:42.121653;378611
25;50;PAGO;-495061440;13:26:41.745555;13:26:42.122646;377091
25;50;PAGO;-503454144;13:26:41.755506;13:26:42.122700;367194
25;50;PAGO;-511846848;13:26:41.757122;13:26:42.122753;365631
25;50;PAGO;-520239552;13:26:41.760159;13:26:42.122812;362653
25;50;PAGO;-528632256;13:26:41.763342;13:26:42.122868;359526
25;50;PAGO;-537024960;13:26:41.905269;13:26:42.123569;218300
25;50;PAGO;-545417664;13:26:41.908187;13:26:42.124569;216382
25;50;PAGO;-553810368;13:26:41.909392;13:26:42.124629;215237
25;50;PAGO;-562203072;13:26:41.912970;13:26:42.124678;211708
25;50;PAGO;-570595776;13:26:41.937594;13:26:42.126615;189021
25;50;PAGO;-578988480;13:26:41.943860;13:26:42.126671;182811
25;50;PAGO;-587381184;13:26:41.944621;13:26:42.126720;182099
25;50;PAGO;-595773888;13:26:41.945857;13:26:42.126767;180910
25;50;PAGO;-604166592;13:26:41.949153;13:26:42.127513;178360
25;50;PAGO;-612559296;13:26:41.955336;13:26:42.127731;172395
25;50;PAGO;-620952000;13:26:41.957257;13:26:42.128470;171213
25;50;PAGO;-629344704;13:26:41.959549;13:26:42.129467;169918
25;50;PAGO;-637737408;13:26:41.960804;13:26:42.130048;169244
25;50;PAGO;-646130112;13:26:41.964192;13:26:42.130100;165908
25;50;PAGO;-654522816;13:26:41.966315;13:26:42.130152;163837
25;50;PAGO;-662915520;13:26:41.968312;13:26:42.130206;161894
25;50;PAGO;-671308224;13:26:41.970534;13:26:42.130441;159907
25;50;PAGO;1088415296;13:26:41.636304;13:26:42.132405;496101
25;50;PAGO;1080022592;13:26:41.642341;13:26:42.133525;491184
25;50;PAGO;1071629888;13:26:41.646587;13:26:42.134381;487794
25;50;PAGO;1063237184;13:26:41.654358;13:26:42.135307;480949
25;50;PAGO;1054844480;13:26:41.662278;13:26:42.136302;474024
25;50;PAGO;1046451776;13:26:41.666150;13:26:42.136383;470233
25;50;PAGO;1038059072;13:26:41.676283;13:26:42.136941;460658
25;50;PAGO;1029666368;13:26:41.679060;13:26:42.137233;458173
25;50;PAGO;1021273664;13:26:41.681284;13:26:42.137756;456472
25;50;PAGO;1012880960;13:26:41.683739;13:26:42.138234;454495
25;50;PAGO;1004488256;13:26:41.685984;13:26:42.139242;453258
25;50;PAGO;996095552;13:26:41.688325;13:26:42.140184;451859
25;50;PAGO;987702848;13:26:41.692380;13:26:42.140251;447871
25;50;PAGO;979310144;13:26:41.694265;13:26:42.141160;446895
25;50;PAGO;970917440;13:26:41.697113;13:26:42.142142;445029
25;50;PAGO;962524736;13:26:41.700961;13:26:42.142193;441232
25;50;PAGO;954132032;13:26:41.704913;13:26:42.143265;438352
25;50;PAGO;945739328;13:26:41.707668;13:26:42.144100;436432
25;50;PAGO;937346624;13:26:41.711241;13:26:42.145068;433827
25;50;PAGO;928953920;13:26:41.713686;13:26:42.145490;431804
25;50;PAGO;920561216;13:26:41.719444;13:26:42.146031;426587
25;50;PAGO;912168512;13:26:41.721946;13:26:42.146086;424140
25;50;PAGO;903775808;13:26:41.725410;13:26:42.146144;420734
25;50;PAGO;895383104;13:26:41.728782;13:26:42.146191;417409
25;50;PAGO;886990400;13:26:41.731351;13:26:42.147019;415668
25;50;PAGO;878597696;13:26:41.736130;13:26:42.147603;411473
25;50;PAGO;870204992;13:26:41.740812;13:26:42.147723;406911
25;50;PAGO;861812288;13:26:41.742829;13:26:42.147772;404943
25;50;PAGO;853419584;13:26:41.745162;13:26:42.148005;402843
25;50;PAGO;845026880;13:26:41.755190;13:26:42.148957;393767
25;50;PAGO;836634176;13:26:41.756485;13:26:42.149837;393352
25;50;PAGO;828241472;13:26:41.759871;13:26:42.149948;390077
25;50;PAGO;819848768;13:26:41.763077;13:26:42.150986;387909
25;50;PAGO;811456064;13:26:41.768313;13:26:42.151931;383618
25;50;PAGO;803063360;13:26:41.905939;13:26:42.152875;246936
25;50;PAGO;794670656;13:26:41.907859;13:26:42.153859;246000
25;50;PAGO;786277952;13:26:41.910130;13:26:42.154868;244738
25;50;PAGO;777885248;13:26:41.937122;13:26:42.155810;218688
25;50;PAGO;769492544;13:26:41.944059;13:26:42.156784;212725
25;50;PAGO;761099840;13:26:41.945213;13:26:42.157764;212551
25;50;PAGO;752707136;13:26:41.948980;13:26:42.157819;208839
25;50;PAGO;744314432;13:26:41.950211;13:26:42.157867;207656
25;50;PAGO;735921728;13:26:41.955869;13:26:42.157926;202057
25;50;PAGO;727529024;13:26:41.956890;13:26:42.157976;201086
25;50;PAGO;719136320;13:26:41.959571;13:26:42.158769;199198
25;50;PAGO;710743616;13:26:41.960603;13:26:42.159717;199114
25;50;PAGO;702350912;13:26:41.963062;13:26:42.160665;197603
25;50;PAGO;693958208;13:26:41.966464;13:26:42.161660;195196
25;50;PAGO;685565504;13:26:41.968274;13:26:42.162699;194425
25;50;PAGO;677172800;13:26:41.970569;13:26:42.163631;193062
25;50;PAGO;1207952960;13:26:41.636553;13:26:42.165571;529018
25;50;PAGO;1199560256;13:26:41.642280;13:26:42.166212;523932
25;50;PAGO;1191167552;13:26:41.646506;13:26:42.167034;520528
25;50;PAGO;1182774848;13:26:41.654182;13:26:42.167107;512925
25;50;PAGO;1174382144;13:26:41.662140;13:26:42.167731;505591
25;50;PAGO;1165989440;13:26:41.666047;13:26:42.168003;501956
25;50;PAGO;1157596736;13:26:41.674582;13:26:42.169049;494467
25;50;PAGO;1149204032;13:26:41.678785;13:26:42.169968;491183
25;50;PAGO;1140811328;13:26:41.681416;13:26:42.170026;488610
25;50;PAGO;1132418624;13:26:41.683548;13:26:42.170074;486526
25;50;PAGO;1124025920;13:26:41.685884;13:26:42.170124;484240
25;50;PAGO;1115633216;13:26:41.689538;13:26:42.170177;480639
25;50;PAGO;1107240512;13:26:41.692460;13:26:42.170225;477765
25;50;PAGO;1098847808;13:26:41.694681;13:26:42.171099;476418
25;50;PAGO;1090455104;13:26:41.698277;13:26:42.171170;472893
25;50;PAGO;1082062400;13:26:41.700990;13:26:42.171926;470936
25;50;PAGO;1073669696;13:26:41.705089;13:26:42.172932;467843
25;50;PAGO;1065276992;13:26:41.708930;13:26:42.172984;464054
25;50;PAGO;1056884288;13:26:41.711289;13:26:42.173039;461750
25;50;PAGO;1048491584;13:26:41.713612;13:26:42.173576;459964
25;50;PAGO;1040098880;13:26:41.719204;13:26:42.173910;454706
25;50;PAGO;1031706176;13:26:41.721689;13:26:42.174897;453208
25;50;PAGO;1023313472;13:26:41.725146;13:26:42.175852;450706
25;50;PAGO;1014920768;13:26:41.728477;13:26:42.176809;448332
25;50;PAGO;1006528064;13:26:41.731022;13:26:42.176867;445845
25;50;PAGO;998135360;13:26:41.734288;13:26:42.176920;442632
25;50;PAGO;989742656;13:26:41.740700;13:26:42.176997;436297
25;50;PAGO;981349952;13:26:41.742717;13:26:42.177940;435223
25;50;PAGO;972957248;13:26:41.745038;13:26:42.178794;433756
25;50;PAGO;964564544;13:26:41.746956;13:26:42.179762;432806
25;50;PAGO;956171840;13:26:41.756381;13:26:42.180701;424320
25;50;PAGO;947779136;13:26:41.759736;13:26:42.181688;421952
25;50;PAGO;939386432;13:26:41.762014;13:26:42.182697;420683
25;50;PAGO;930993728;13:26:41.768162;13:26:42.183633;415471
25;50;PAGO;922601024;13:26:41.905850;13:26:42.184611;278761
25;50;PAGO;914208320;13:26:41.907596;13:26:42.185590;277994
25;50;PAGO;905815616;13:26:41.909462;13:26:42.186602;277140
25;50;PAGO;897422912;13:26:41.914868;13:26:42.186942;272074
25;50;PAGO;889030208;13:26:41.937922;13:26:42.187538;249616
25;50;PAGO;880637504;13:26:41.943940;13:26:42.187726;243786
25;50;PAGO;872244800;13:26:41.944707;13:26:42.188517;243810
25;50;PAGO;863852096;13:26:41.945767;13:26:42.189458;243691
25;50;PAGO;855459392;13:26:41.949377;13:26:42.189514;240137
25;50;PAGO;847066688;13:26:41.955308;13:26:42.189572;234264
25;50;PAGO;838673984;13:26:41.957153;13:26:42.189620;232467
25;50;PAGO;830281280;13:26:41.959740;13:26:42.189667;229927
25;50;PAGO;821888576;13:26:41.960870;13:26:42.189840;228970
25;50;PAGO;813495872;13:26:41.964086;13:26:42.190490;226404
25;50;PAGO;805103168;13:26:41.966553;13:26:42.191441;224888
25;50;PAGO;796710464;13:26:41.968446;13:26:42.192396;223950
25;50;PAGO;1394599488;13:26:41.635813;13:26:42.194466;558653
25;50;PAGO;1386206784;13:26:41.639718;13:26:42.195510;555792
25;50;PAGO;1377814080;13:26:41.646580;13:26:42.196333;549753
25;50;PAGO;1369421376;13:26:41.654313;13:26:42.197340;543027
25;50;PAGO;1361028672;13:26:41.662027;13:26:42.198266;536239
25;50;PAGO;1352635968;13:26:41.665961;13:26:42.199335;533374
25;50;PAGO;1344243264;13:26:41.673535;13:26:42.200256;526721
25;50;PAGO;1335850560;13:26:41.679138;13:26:42.201208;522070
25;50;PAGO;1327457856;13:26:41.681446;13:26:42.202194;520748
25;50;PAGO;1319065152;13:26:41.683679;13:26:42.203197;519518
25;50;PAGO;1310672448;13:26:41.685932;13:26:42.204146;518214
25;50;PAGO;1302279744;13:26:41.689511;13:26:42.205125;515614
25;50;PAGO;1293887040;13:26:41.692479;13:26:42.206156;513677
25;50;PAGO;1285494336;13:26:41.694701;13:26:42.206215;511514
25;50;PAGO;1277101632;13:26:41.698255;13:26:42.207131;508876
25;50;PAGO;1268708928;13:26:41.700909;13:26:42.207194;506285
25;50;PAGO;1260316224;13:26:41.704982;13:26:42.207737;502755
25;50;PAGO;1251923520;13:26:41.707631;13:26:42.208015;500384
25;50;PAGO;1243530816;13:26:41.711219;13:26:42.209008;497789
25;50;PAGO;1235138112;13:26:41.713801;13:26:42.209999;496198
25;50;PAGO;1226745408;13:26:41.719575;13:26:42.210050;490475
25;50;PAGO;1218352704;13:26:41.722999;13:26:42.210098;487099
25;50;PAGO;1209960000;13:26:41.725576;13:26:42.210144;484568
25;50;PAGO;1201567296;13:26:41.728945;13:26:42.210198;481253
25;50;PAGO;1193174592;13:26:41.731446;13:26:42.211019;479573
25;50;PAGO;1184781888;13:26:41.736397;13:26:42.211936;475539
25;50;PAGO;1176389184;13:26:41.741133;13:26:42.212896;471763
25;50;PAGO;1167996480;13:26:41.743091;13:26:42.213914;470823
25;50;PAGO;1159603776;13:26:41.745389;13:26:42.214938;469549
25;50;PAGO;1151211072;13:26:41.755372;13:26:42.215851;460479
25;50;PAGO;1142818368;13:26:41.756625;13:26:42.216833;460208
25;50;PAGO;1134425664;13:26:41.760072;13:26:42.216902;456830
25;50;PAGO;1126032960;13:26:41.763210;13:26:42.217749;454539
25;50;PAGO;1117640256;13:26:41.905127;13:26:42.217801;312674
25;50;PAGO;1109247552;13:26:41.906027;13:26:42.218796;312769
25;50;PAGO;1100854848;13:26:41.908096;13:26:42.219735;311639
25;50;PAGO;1092462144;13:26:41.909063;13:26:42.220737;311674
25;50;PAGO;1084069440;13:26:41.914220;13:26:42.220790;306570
25;50;PAGO;1075676736;13:26:41.937801;13:26:42.220843;283042
25;50;PAGO;1067284032;13:26:41.943962;13:26:42.220892;276930
25;50;PAGO;1058891328;13:26:41.945333;13:26:42.220941;275608
25;50;PAGO;1050498624;13:26:41.948773;13:26:42.220989;272216
25;50;PAGO;1042105920;13:26:41.949970;13:26:42.221076;271106
25;50;PAGO;1033713216;13:26:41.955596;13:26:42.221705;266109
25;50;PAGO;1025320512;13:26:41.956866;13:26:42.222718;265852
25;50;PAGO;1016927808;13:26:41.959608;13:26:42.226864;267256
25;50;PAGO;1008535104;13:26:41.960640;13:26:42.226947;266307
25;50;PAGO;1000142400;13:26:41.963119;13:26:42.227585;264466
25;50;PAGO;991749696;13:26:41.966431;13:26:42.228597;262166
25;50;PAGO;983356992;13:26:41.968338;13:26:42.229526;261188
25;50;PAGO;1692395072;13:26:41.636565;13:26:42.231539;594974
25;50;PAGO;1684002368;13:26:41.639634;13:26:42.232601;592967
25;50;PAGO;1675609664;13:26:41.646591;13:26:42.232667;586076
25;50;PAGO;1667216960;13:26:41.651318;13:26:42.232717;581399
25;50;PAGO;1658824256;13:26:41.662901;13:26:42.232766;569865
25;50;PAGO;1650431552;13:26:41.666131;13:26:42.232816;566685
25;50;PAGO;1642038848;13:26:41.673592;13:26:42.233389;559797
25;50;PAGO;1633646144;13:26:41.678893;13:26:42.234411;555518
25;50;PAGO;1625253440;13:26:41.681358;13:26:42.235369;554011
25;50;PAGO;1616860736;13:26:41.683718;13:26:42.236346;552628
25;50;PAGO;1608468032;13:26:41.686039;13:26:42.236447;550408
25;50;PAGO;1600075328;13:26:41.688288;13:26:42.236728;548440
25;50;PAGO;1591682624;13:26:41.692196;13:26:42.237282;545086
25;50;PAGO;1583289920;13:26:41.694111;13:26:42.238367;544256
25;50;PAGO;1574897216;13:26:41.696837;13:26:42.239287;542450
25;50;PAGO;1566504512;13:26:41.699386;13:26:42.240227;540841
25;50;PAGO;1558111808;13:26:41.704662;13:26:42.241228;536566
25;50;PAGO;1549719104;13:26:41.707325;13:26:42.242216;534891
25;50;PAGO;1541326400;13:26:41.709756;13:26:42.243215;533459
25;50;PAGO;1532933696;13:26:41.712014;13:26:42.244207;532193
25;50;PAGO;1524540992;13:26:41.715411;13:26:42.245132;529721
25;50;PAGO;1516148288;13:26:41.721450;13:26:42.245812;524362
25;50;PAGO;1507755584;13:26:41.724973;13:26:42.246112;521139
25;50;PAGO;1499362880;13:26:41.728311;13:26:42.246181;517870
25;50;PAGO;1490970176;13:26:41.730936;13:26:42.246233;515297
25;50;PAGO;1482577472;13:26:41.734175;13:26:42.246396;512221
25;50;PAGO;1474184768;13:26:41.739246;13:26:42.246539;507293
25;50;PAGO;1465792064;13:26:41.742539;13:26:42.247062;504523
25;50;PAGO;1457399360;13:26:41.744859;13:26:42.247653;502794
25;50;PAGO;1449006656;13:26:41.746782;13:26:42.248051;501269
25;50;PAGO;1440613952;13:26:41.756146;13:26:42.248921;492775
25;50;PAGO;1432221248;13:26:41.759516;13:26:42.249007;489491
25;50;PAGO;1423828544;13:26:41.760652;13:26:42.249081;488429
25;50;PAGO;1415435840;13:26:41.767880;13:26:42.250026;482146
25;50;PAGO;1407043136;13:26:41.905699;13:26:42.250974;345275
25;50;PAGO;1398650432;13:26:41.907647;13:26:42.251909;344262
25;50;PAGO;1390257728;13:26:41.909357;13:26:42.251961;342604
25;50;PAGO;1381865024;13:26:41.914175;13:26:42.252888;338713
25;50;PAGO;1373472320;13:26:41.937655;13:26:42.253787;316132
25;50;PAGO;1365079616;13:26:41.943885;13:26:42.253877;309992
25;50;PAGO;1356686912;13:26:41.944647;13:26:42.254928;310281
25;50;PAGO;1348294208;13:26:41.945824;13:26:42.255905;310081
25;50;PAGO;1339901504;13:26:41.949247;13:26:42.256056;306809
25;50;PAGO;1331508800;13:26:41.955367;13:26:42.256109;300742
25;50;PAGO;1323116096;13:26:41.957082;13:26:42.256166;299084
25;50;PAGO;1314723392;13:26:41.959665;13:26:42.256621;296956
25;50;PAGO;1306330688;13:26:41.960945;13:26:42.256811;295866
25;50;PAGO;1297937984;13:26:41.964271;13:26:42.257807;293536
25;50;PAGO;1289545280;13:26:41.966710;13:26:42.258835;292125
25;50;PAGO;1281152576;13:26:41.968457;13:26:42.259793;291336
25;0;PAGO;-383785408;13:26:41.631012;13:26:41.689434;58422
25;0;PAGO;-392178112;13:26:41.637608;13:26:41.689971;52363
25;0;PAGO;-425748928;13:26:41.665049;13:26:41.690721;25672
25;0;PAGO;-434141632;13:26:41.670842;13:26:41.691889;21047
25;0;PAGO;-442534336;13:26:41.676780;13:26:41.692647;15867
25;0;PAGO;-400570816;13:26:41.642552;13:26:41.693661;51109
25;0;PAGO;-408963520;13:26:41.649295;13:26:41.694604;45309
25;0;PAGO;-417356224;13:26:41.655458;13:26:41.695921;40463
25;0;PAGO;-450927040;13:26:41.680698;13:26:41.695998;15300
25;0;PAGO;-459319744;13:26:41.683084;13:26:41.696070;12986
25;0;PAGO;-467712448;13:26:41.685246;13:26:41.696539;11293
25;0;PAGO;-476105152;13:26:41.687538;13:26:41.696961;9423
25;0;PAGO;-484497856;13:26:41.690318;13:26:41.698214;7896
25;50;PAGO;-492890560;13:26:41.692879;13:26:42.558187;865308
25;50;PAGO;-501283264;13:26:41.696320;13:26:42.558247;861927
25;50;PAGO;-629160384;13:26:41.719826;13:26:42.559036;839210
25;50;PAGO;-509675968;13:26:41.699115;13:26:42.559150;860035
25;50;PAGO;-637553088;13:26:41.723195;13:26:42.560029;836834
25;50;PAGO;-518068672;13:26:41.701538;13:26:42.560932;859394
25;50;PAGO;-645945792;13:26:41.725892;13:26:42.561893;836001
25;50;PAGO;-526461376;13:26:41.707038;13:26:42.562947;855909
25;50;PAGO;-654338496;13:26:41.730396;13:26:42.563847;833451
25;50;PAGO;-603982272;13:26:41.709587;13:26:42.564799;855212
25;50;PAGO;-662731200;13:26:41.733496;13:26:42.565830;832334
25;50;PAGO;-612374976;13:26:41.711852;13:26:42.566502;854650
25;50;PAGO;-671123904;13:26:41.738897;13:26:42.566557;827660
25;50;PAGO;-620767680;13:26:41.714151;13:26:42.567554;853403
25;50;PAGO;-679516608;13:26:41.741325;13:26:42.568441;827116
25;50;PAGO;-687909312;13:26:41.744517;13:26:42.569496;824979
25;50;PAGO;-696302016;13:26:41.746442;13:26:42.570477;824035
25;50;PAGO;-704694720;13:26:41.755695;13:26:42.571340;815645
25;50;PAGO;-713087424;13:26:41.759195;13:26:42.572306;813111
25;50;PAGO;-721480128;13:26:41.760366;13:26:42.573292;812926
25;50;PAGO;-729872832;13:26:41.763514;13:26:42.573446;809932
25;50;PAGO;-738265536;13:26:41.905495;13:26:42.574312;668817
25;50;PAGO;-746658240;13:26:41.907880;13:26:42.575237;667357
25;50;PAGO;-755050944;13:26:41.909103;13:26:42.576215;667112
25;50;PAGO;-763443648;13:26:41.914843;13:26:42.576638;661795
25;50;PAGO;-771836352;13:26:41.937885;13:26:42.577230;639345
25;50;PAGO;-780229056;13:26:41.944035;13:26:42.578143;634108
25;50;PAGO;-788621760;13:26:41.945286;13:26:42.578198;632912
25;50;PAGO;-797014464;13:26:41.949037;13:26:42.579207;630170
25;50;PAGO;-805407168;13:26:41.950194;13:26:42.580132;629938
25;50;PAGO;-813799872;13:26:41.955836;13:26:42.581119;625283
25;50;PAGO;-822192576;13:26:41.956810;13:26:42.581753;624943
25;50;PAGO;-830585280;13:26:41.959805;13:26:42.581805;622000
25;50;PAGO;-838977984;13:26:41.962252;13:26:42.581875;619623
25;50;PAGO;-847370688;13:26:41.964296;13:26:42.582037;617741
25;50;PAGO;-855763392;13:26:41.966750;13:26:42.582285;615535
25;50;PAGO;-864156096;13:26:41.968678;13:26:42.582371;613693
25;0;PAGO;-404756928;13:26:41.630998;13:26:41.700647;69649
25;0;PAGO;-413149632;13:26:41.637576;13:26:41.702915;65339
25;0;PAGO;-446720448;13:26:41.665504;13:26:41.704210;38706
25;0;PAGO;-455113152;13:26:41.670873;13:26:41.704390;33517
25;0;PAGO;-463505856;13:26:41.676807;13:26:41.704466;27659
25;0;PAGO;-471898560;13:26:41.680747;13:26:41.705292;24545
25;0;PAGO;-480291264;13:26:41.683112;13:26:41.706558;23446
25;0;PAGO;-488683968;13:26:41.685297;13:26:41.706642;21345
25;0;PAGO;-497076672;13:26:41.687564;13:26:41.706717;19153
25;0;PAGO;-505469376;13:26:41.690272;13:26:41.706960;16688
25;0;PAGO;-421542336;13:26:41.642534;13:26:41.707262;64728
25;0;PAGO;-429935040;13:26:41.649603;13:26:41.708787;59184
25;0;PAGO;-438327744;13:26:41.657371;13:26:41.709245;51874
25;0;PAGO;-513862080;13:26:41.692947;13:26:41.711158;18211
25;0;PAGO;-522254784;13:26:41.696288;13:26:41.712235;15947
25;0;PAGO;-539040192;13:26:41.703042;13:26:41.713493;10451
25;0;PAGO;-530647488;13:26:41.699087;13:26:41.713572;14485
25;0;PAGO;-547432896;13:26:41.706980;13:26:41.714216;7236
25;50;PAGO;-555825600;13:26:41.709415;13:26:42.583055;873640
25;50;PAGO;-696269248;13:26:41.739112;13:26:42.584042;844930
25;50;PAGO;-704661952;13:26:41.741600;13:26:42.585002;843402
25;50;PAGO;-713054656;13:26:41.744719;13:26:42.585983;841264
25;50;PAGO;-721447360;13:26:41.746643;13:26:42.586934;840291
25;50;PAGO;-729840064;13:26:41.755910;13:26:42.587731;831821
25;50;PAGO;-738232768;13:26:41.759396;13:26:42.587917;828521
25;50;PAGO;-746625472;13:26:41.760517;13:26:42.588875;828358
25;50;PAGO;-755018176;13:26:41.763719;13:26:42.589876;826157
25;50;PAGO;-763410880;13:26:41.905610;13:26:42.590913;685303
25;50;PAGO;-771803584;13:26:41.908039;13:26:42.590971;682932
25;50;PAGO;-780196288;13:26:41.909165;13:26:42.591020;681855
25;50;PAGO;-788588992;13:26:41.912893;13:26:42.591068;678175
25;50;PAGO;-796981696;13:26:41.937408;13:26:42.591114;653706
25;50;PAGO;-805374400;13:26:41.943911;13:26:42.591896;647985
25;50;PAGO;-813767104;13:26:41.944674;13:26:42.591993;647319
25;50;PAGO;-822159808;13:26:41.945806;13:26:42.592805;646999
25;50;PAGO;-830552512;13:26:41.949421;13:26:42.593476;644055
25;50;PAGO;-838945216;13:26:41.955557;13:26:42.593781;638224
25;50;PAGO;-847337920;13:26:41.957235;13:26:42.594757;637522
25;50;PAGO;-855730624;13:26:41.959289;13:26:42.595799;636510
25;50;PAGO;-864123328;13:26:41.960111;13:26:42.596717;636606
25;50;PAGO;-872516032;13:26:41.962481;13:26:42.596944;634463
25;50;PAGO;-880908736;13:26:41.964528;13:26:42.597686;633158
25;50;PAGO;-889301440;13:26:41.968467;13:26:42.598719;630252
25;50;PAGO;-564218304;13:26:41.711760;13:26:42.619176;907416
25;50;PAGO;-572611008;13:26:41.714325;13:26:42.716827;1002502
25;50;PAGO;-581003712;13:26:41.721181;13:26:42.739176;1017995
25;50;PAGO;-589396416;13:26:41.723482;13:26:42.766934;1043452
25;50;PAGO;-671091136;13:26:41.726874;13:26:42.786099;1059225
25;50;PAGO;-679483840;13:26:41.730552;13:26:42.806607;1076055
25;50;PAGO;-687876544;13:26:41.733958;13:26:42.826141;1092183
25;0;PAGO;-671095232;13:26:41.631049;13:26:41.912114;281065
25;0;PAGO;-679487936;13:26:41.638440;13:26:41.914575;276135
25;0;PAGO;-713058752;13:26:41.665506;13:26:41.937185;271679
25;0;PAGO;-721451456;13:26:41.670778;13:26:41.937585;266807
25;0;PAGO;-729844160;13:26:41.676760;13:26:41.937757;260997
25;0;PAGO;-738236864;13:26:41.680720;13:26:41.944345;263625
25;0;PAGO;-746629568;13:26:41.683064;13:26:41.945439;262375
25;0;PAGO;-755022272;13:26:41.685280;13:26:41.948477;263197
25;0;PAGO;-763414976;13:26:41.687619;13:26:41.949357;261738
25;0;PAGO;-771807680;13:26:41.690404;13:26:41.955481;265077
25;0;PAGO;-780200384;13:26:41.692971;13:26:41.956349;263378
25;0;PAGO;-788593088;13:26:41.696258;13:26:41.957342;261084
25;0;PAGO;-796985792;13:26:41.699064;13:26:41.957430;258366
25;0;PAGO;-805378496;13:26:41.703070;13:26:41.959202;256132
25;0;PAGO;-813771200;13:26:41.707005;13:26:41.960062;253057
25;0;PAGO;-822163904;13:26:41.709531;13:26:41.961981;252450
25;0;PAGO;-830556608;13:26:41.711799;13:26:41.962059;250260
25;0;PAGO;-838949312;13:26:41.714352;13:26:41.962130;247778
25;0;PAGO;-847342016;13:26:41.721338;13:26:41.962209;240871
25;50;PAGO;-855734720;13:26:41.723401;13:26:41.964149;240748
25;50;PAGO;-864127424;13:26:41.726894;13:26:41.965103;238209
25;50;PAGO;-872520128;13:26:41.730790;13:26:41.966099;235309
25;50;PAGO;-880912832;13:26:41.734089;13:26:41.966179;232090
25;50;PAGO;-889305536;13:26:41.739163;13:26:41.966953;227790
25;50;PAGO;-897698240;13:26:41.741712;13:26:41.967884;226172
25;50;PAGO;-906090944;13:26:41.744780;13:26:41.968823;224043
25;50;PAGO;-914483648;13:26:41.746702;13:26:41.970026;223324
25;50;PAGO;-922876352;13:26:41.755951;13:26:41.970114;214163
25;50;PAGO;-931269056;13:26:41.759440;13:26:41.970193;210753
25;50;PAGO;-939661760;13:26:41.760582;13:26:41.970831;210249
25;50;PAGO;-948054464;13:26:41.763756;13:26:41.971776;208020
25;50;PAGO;-956447168;13:26:41.905640;13:26:41.972768;67128
25;50;PAGO;-687880640;13:26:41.644397;13:26:41.972826;328429
25;50;PAGO;-696273344;13:26:41.649544;13:26:41.972877;323333
25;50;PAGO;-704666048;13:26:41.655427;13:26:41.973715;318288
25;50;PAGO;-964839872;13:26:41.907733;13:26:41.973766;66033
25;50;PAGO;-981625280;13:26:41.914790;13:26:41.973829;59039
25;50;PAGO;-973232576;13:26:41.909270;13:26:41.974757;65487
25;50;PAGO;-990017984;13:26:41.937957;13:26:41.975684;37727
25;50;PAGO;-1073744320;13:26:41.938598;13:26:42.609118;670520
25;50;PAGO;-1082137024;13:26:41.944452;13:26:42.717929;773477
25;50;PAGO;-1090529728;13:26:41.945543;13:26:42.746145;800602
25;50;PAGO;-1098922432;13:26:41.948531;13:26:42.776301;827770
25;50;PAGO;-1107315136;13:26:41.949810;13:26:42.807083;857273
25;50;PAGO;-1115707840;13:26:41.955658;13:26:42.827017;871359
25;50;PAGO;-1124100544;13:26:41.956402;13:26:42.856501;900099
25;50;PAGO;-1132493248;13:26:41.958973;13:26:42.875515;916542
25;50;PAGO;-1140885952;13:26:41.960081;13:26:42.892334;932253
25;50;PAGO;-1149278656;13:26:41.962345;13:26:42.933097;970752
25;50;PAGO;-1157671360;13:26:41.964421;13:26:42.954576;990155
25;0;PAGO;-910170560;13:26:41.630827;13:26:41.736265;105438
25;0;PAGO;-918563264;13:26:41.637463;13:26:41.738574;101111
25;0;PAGO;-952134080;13:26:41.662984;13:26:41.739326;76342
25;0;PAGO;-960526784;13:26:41.668744;13:26:41.739484;70740
25;0;PAGO;-968919488;13:26:41.676424;13:26:41.741488;65064
25;0;PAGO;-977312192;13:26:41.679248;13:26:41.742441;63193
25;0;PAGO;-985704896;13:26:41.681570;13:26:41.744396;62826
25;0;PAGO;-994097600;13:26:41.685046;13:26:41.745446;60400
25;0;PAGO;-1002490304;13:26:41.687319;13:26:41.746374;59055
25;0;PAGO;-1010883008;13:26:41.690086;13:26:41.754975;64889
25;0;PAGO;-1019275712;13:26:41.692691;13:26:41.755167;62476
25;0;PAGO;-1027668416;13:26:41.694827;13:26:41.756071;61244
25;0;PAGO;-1036061120;13:26:41.698855;13:26:41.757026;58171
25;0;PAGO;-1044453824;13:26:41.701182;13:26:41.759003;57821
25;0;PAGO;-1052846528;13:26:41.705337;13:26:41.759136;53799
25;0;PAGO;-1061239232;13:26:41.709109;13:26:41.759978;50869
25;0;PAGO;-1069631936;13:26:41.711496;13:26:41.761956;50460
25;0;PAGO;-1078024640;13:26:41.713911;13:26:41.762941;49030
25;0;PAGO;-1086417344;13:26:41.719654;13:26:41.766866;47212
25;0;PAGO;-1094810048;13:26:41.723047;13:26:41.767858;44811
25;0;PAGO;-926955968;13:26:41.642469;13:26:41.905196;262727
25;0;PAGO;-935348672;13:26:41.646696;13:26:41.905394;258698
25;0;PAGO;-943741376;13:26:41.654489;13:26:41.906613;252124
25;0;PAGO;-1103202752;13:26:41.725620;13:26:41.906737;181117
25;0;PAGO;-1111595456;13:26:41.729014;13:26:41.907941;178927
25;0;PAGO;-1119988160;13:26:41.731508;13:26:41.908384;176876
25;50;PAGO;-1128380864;13:26:41.736370;13:26:42.607861;871491
25;50;PAGO;-1136773568;13:26:41.741037;13:26:42.715430;974393
25;50;PAGO;-1145166272;13:26:41.743017;13:26:42.741029;998012
25;50;PAGO;-1153558976;13:26:41.745524;13:26:42.768721;1023197
25;50;PAGO;-1161951680;13:26:41.755441;13:26:42.792875;1037434
25;50;PAGO;-1170344384;13:26:41.757139;13:26:42.815452;1058313
25;50;PAGO;-1178737088;13:26:41.760194;13:26:42.835322;1075128
25;50;PAGO;-1187129792;13:26:41.763300;13:26:42.857406;1094106
25;50;PAGO;-1195522496;13:26:41.905294;13:26:42.891204;985910
25;50;PAGO;-1275070912;13:26:41.908013;13:26:42.915619;1007606
25;50;PAGO;-1283463616;13:26:41.908954;13:26:42.934874;1025920
25;50;PAGO;-1291856320;13:26:41.912530;13:26:42.970652;1058122
25;50;PAGO;-1300249024;13:26:41.937228;13:26:42.971460;1034232
25;50;PAGO;-1308641728;13:26:41.944159;13:26:42.972431;1028272
25;50;PAGO;-1317034432;13:26:41.945495;13:26:42.973406;1027911
25;50;PAGO;-1325427136;13:26:41.949125;13:26:42.973459;1024334
25;50;PAGO;-1333819840;13:26:41.950364;13:26:42.973510;1023146
25;50;PAGO;-1342212544;13:26:41.956033;13:26:42.973557;1017524
25;50;PAGO;-1350605248;13:26:41.956588;13:26:42.973610;1017022
25;50;PAGO;-1358997952;13:26:41.959758;13:26:42.974392;1014634
25;50;PAGO;-1367390656;13:26:41.960519;13:26:42.975388;1014869
25;50;PAGO;-1375783360;13:26:41.963042;13:26:42.976350;1013308
25;50;PAGO;-1384176064;13:26:41.966486;13:26:42.977340;1010854
25;50;PAGO;-1392568768;13:26:41.968371;13:26:42.977735;1009364
25;0;PAGO;60810816;13:26:41.630757;13:26:41.715051;84294
25;0;PAGO;52418112;13:26:41.637424;13:26:41.717085;79661
25;0;PAGO;18847296;13:26:41.662944;13:26:41.719115;56171
25;0;PAGO;10454592;13:26:41.668123;13:26:41.721130;53007
25;0;PAGO;2061888;13:26:41.676384;13:26:41.722210;45826
25;0;PAGO;-6330816;13:26:41.679208;13:26:41.722925;43717
25;0;PAGO;-14723520;13:26:41.681531;13:26:41.724685;43154
25;0;PAGO;-23116224;13:26:41.685005;13:26:41.724880;39875
25;0;PAGO;-31508928;13:26:41.687277;13:26:41.724956;37679
25;0;PAGO;-39901632;13:26:41.689630;13:26:41.725828;36198
25;0;PAGO;-48294336;13:26:41.692549;13:26:41.726400;33851
25;0;PAGO;-56687040;13:26:41.694790;13:26:41.726529;31739
25;0;PAGO;-65079744;13:26:41.698813;13:26:41.726774;27961
25;0;PAGO;-73472448;13:26:41.701144;13:26:41.728101;26957
25;0;PAGO;-81865152;13:26:41.705211;13:26:41.729075;23864
25;0;PAGO;44025408;13:26:41.642431;13:26:41.730319;87888
25;0;PAGO;-90257856;13:26:41.709067;13:26:41.730698;21631
25;0;PAGO;-98650560;13:26:41.711458;13:26:41.733161;21703
25;0;PAGO;35632704;13:26:41.646658;13:26:41.733277;86619
25;0;PAGO;27240000;13:26:41.654450;13:26:41.733724;79274
25;0;PAGO;-107043264;13:26:41.713869;13:26:41.733850;19981
25;0;PAGO;-115435968;13:26:41.719608;13:26:41.734689;15081
25;50;PAGO;-123828672;13:26:41.722977;13:26:42.600773;877796
25;50;PAGO;-327219648;13:26:41.912853;13:26:42.601605;688752
25;50;PAGO;-335612352;13:26:41.937351;13:26:42.601669;664318
25;50;PAGO;-344005056;13:26:41.944283;13:26:42.601720;657437
25;50;PAGO;-352397760;13:26:41.945175;13:26:42.601771;656596
25;50;PAGO;-360790464;13:26:41.948503;13:26:42.601822;653319
25;50;PAGO;-369183168;13:26:41.950021;13:26:42.601880;651859
25;50;PAGO;-377575872;13:26:41.955703;13:26:42.602640;646937
25;50;PAGO;-385968576;13:26:41.957197;13:26:42.603554;646357
25;50;PAGO;-394361280;13:26:41.959471;13:26:42.604525;645054
25;50;PAGO;-402753984;13:26:41.960751;13:26:42.605493;644742
25;50;PAGO;-411146688;13:26:41.963202;13:26:42.606502;643300
25;50;PAGO;-419539392;13:26:41.966443;13:26:42.606955;640512
25;50;PAGO;-201329088;13:26:41.725549;13:26:42.628882;903333
25;50;PAGO;-209721792;13:26:41.729124;13:26:42.721377;992253
25;50;PAGO;-218114496;13:26:41.733339;13:26:42.744063;1010724
25;50;PAGO;-226507200;13:26:41.736238;13:26:42.772387;1036149
25;50;PAGO;-234899904;13:26:41.740974;13:26:42.791988;1051014
25;50;PAGO;-243292608;13:26:41.742932;13:26:42.814128;1071196
25;50;PAGO;-251685312;13:26:41.745257;13:26:42.834860;1089603
25;50;PAGO;-260078016;13:26:41.755329;13:26:42.855335;1100006
25;50;PAGO;-268470720;13:26:41.756583;13:26:42.873495;1116912
25;50;PAGO;-276863424;13:26:41.760031;13:26:42.890033;1130002
25;50;PAGO;-285256128;13:26:41.763169;13:26:42.913374;1150205
25;50;PAGO;-293648832;13:26:41.905124;13:26:42.930962;1025838
25;50;PAGO;-302041536;13:26:41.906000;13:26:42.952441;1046441
25;50;PAGO;-310434240;13:26:41.908335;13:26:42.968613;1060278
25;50;PAGO;-318826944;13:26:41.909411;13:26:42.983152;1073741
25;50;PAGO;-270539200;13:26:41.635884;13:26:41.977007;341123
25;50;PAGO;-278931904;13:26:41.642278;13:26:41.977944;335666
25;50;PAGO;-287324608;13:26:41.646550;13:26:41.978643;332093
25;50;PAGO;-295717312;13:26:41.654221;13:26:41.979579;325358
25;50;PAGO;-304110016;13:26:41.662142;13:26:41.980542;318400
25;50;PAGO;-312502720;13:26:41.665997;13:26:41.981525;315528
25;50;PAGO;-320895424;13:26:41.674473;13:26:41.982527;308054
25;50;PAGO;-329288128;13:26:41.679036;13:26:41.983447;304411
25;50;PAGO;-337680832;13:26:41.681303;13:26:41.984452;303149
25;50;PAGO;-346073536;13:26:41.683624;13:26:41.984505;300881
25;50;PAGO;-354466240;13:26:41.686005;13:26:41.984567;298562
25;50;PAGO;-362858944;13:26:41.688306;13:26:41.984616;296310
25;50;PAGO;-371251648;13:26:41.692336;13:26:41.984662;292326
25;50;PAGO;-379644352;13:26:41.694651;13:26:41.984720;290069
25;50;PAGO;-388037056;13:26:41.698296;13:26:41.985435;287139
25;50;PAGO;-396429760;13:26:41.700869;13:26:41.986432;285563
25;50;PAGO;-404822464;13:26:41.704946;13:26:41.986484;281538
25;50;PAGO;-413215168;13:26:41.707545;13:26:41.986531;278986
25;50;PAGO;-421607872;13:26:41.709971;13:26:41.986948;276977
25;50;PAGO;-430000576;13:26:41.712287;13:26:41.987385;275098
25;50;PAGO;-438393280;13:26:41.719360;13:26:41.987728;268368
25;50;PAGO;-446785984;13:26:41.722140;13:26:41.988323;266183
25;50;PAGO;-455178688;13:26:41.725520;13:26:41.988390;262870
25;50;PAGO;-463571392;13:26:41.728849;13:26:41.989107;260258
25;50;PAGO;-471964096;13:26:41.731328;13:26:41.989328;258000
25;50;PAGO;-480356800;13:26:41.736303;13:26:41.990368;254065
25;50;PAGO;-488749504;13:26:41.741083;13:26:41.990422;249339
25;50;PAGO;-497142208;13:26:41.743061;13:26:41.990996;247935
25;50;PAGO;-505534912;13:26:41.745498;13:26:41.991284;245786
25;50;PAGO;-513927616;13:26:41.755475;13:26:41.992268;236793
25;50;PAGO;-522320320;13:26:41.757090;13:26:41.993232;236142
25;50;PAGO;-530713024;13:26:41.760176;13:26:41.994208;234032
25;50;PAGO;-539105728;13:26:41.763324;13:26:41.994959;231635
25;50;PAGO;-547498432;13:26:41.905296;13:26:41.995157;89861
25;50;PAGO;-555891136;13:26:41.906060;13:26:41.996132;90072
25;50;PAGO;-564283840;13:26:41.908305;13:26:41.996183;87878
25;50;PAGO;-572676544;13:26:41.909441;13:26:41.996230;86789
25;50;PAGO;-581069248;13:26:41.912825;13:26:41.996291;83466
25;50;PAGO;-589461952;13:26:41.937316;13:26:41.996948;59632
25;50;PAGO;-597854656;13:26:41.944424;13:26:41.997105;52681
25;50;PAGO;-606247360;13:26:41.944977;13:26:41.997805;52828
25;50;PAGO;-614640064;13:26:41.948721;13:26:41.997908;49187
25;50;PAGO;-623032768;13:26:41.950072;13:26:41.998150;48078
25;50;PAGO;-631425472;13:26:41.955771;13:26:41.999156;43385
25;50;PAGO;-639818176;13:26:41.956984;13:26:42.000086;43102
25;50;PAGO;-648210880;13:26:41.959446;13:26:42.001067;41621
25;50;PAGO;-656603584;13:26:41.960841;13:26:42.002016;41175
25;50;PAGO;-664996288;13:26:41.963178;13:26:42.002074;38896
25;50;PAGO;-673388992;13:26:41.966287;13:26:42.002124;35837
25;50;PAGO;-681781696;13:26:41.968332;13:26:42.002180;33848
25;50;PAGO;1046472256;13:26:41.635916;13:26:42.003049;367133
25;50;PAGO;1038079552;13:26:41.642285;13:26:42.004130;361845
25;50;PAGO;1029686848;13:26:41.646584;13:26:42.004949;358365
25;50;PAGO;1021294144;13:26:41.654380;13:26:42.005920;351540
25;50;PAGO;1012901440;13:26:41.662283;13:26:42.006929;344646
25;50;PAGO;1004508736;13:26:41.665911;13:26:42.007128;341217
25;50;PAGO;996116032;13:26:41.674578;13:26:42.007733;333155
25;50;PAGO;987723328;13:26:41.678826;13:26:42.007841;329015
25;50;PAGO;979330624;13:26:41.681398;13:26:42.008852;327454
25;50;PAGO;970937920;13:26:41.683644;13:26:42.008912;325268
25;50;PAGO;962545216;13:26:41.686022;13:26:42.008972;322950
25;50;PAGO;954152512;13:26:41.688267;13:26:42.009829;321562
25;50;PAGO;945759808;13:26:41.692255;13:26:42.010858;318603
25;50;PAGO;937367104;13:26:41.694309;13:26:42.011779;317470
25;50;PAGO;928974400;13:26:41.697056;13:26:42.012751;315695
25;50;PAGO;920581696;13:26:41.701080;13:26:42.012802;311722
25;50;PAGO;912188992;13:26:41.705070;13:26:42.012849;307779
25;50;PAGO;903796288;13:26:41.708906;13:26:42.012925;304019
25;50;PAGO;895403584;13:26:41.709997;13:26:42.013922;303925
25;50;PAGO;887010880;13:26:41.713359;13:26:42.013978;300619
25;50;PAGO;878618176;13:26:41.719338;13:26:42.014027;294689
25;50;PAGO;870225472;13:26:41.721802;13:26:42.014758;292956
25;50;PAGO;861832768;13:26:41.725177;13:26:42.015692;290515
25;50;PAGO;853440064;13:26:41.728512;13:26:42.016658;288146
25;50;PAGO;845047360;13:26:41.731123;13:26:42.016943;285820
25;50;PAGO;836654656;13:26:41.734369;13:26:42.017635;283266
25;50;PAGO;828261952;13:26:41.740663;13:26:42.018637;277974
25;50;PAGO;819869248;13:26:41.742689;13:26:42.019585;276896
25;50;PAGO;811476544;13:26:41.745003;13:26:42.019645;274642
25;50;PAGO;803083840;13:26:41.746925;13:26:42.019698;272773
25;50;PAGO;794691136;13:26:41.756288;13:26:42.019755;263467
25;50;PAGO;786298432;13:26:41.759692;13:26:42.020560;260868
25;50;PAGO;777905728;13:26:41.760815;13:26:42.021570;260755
25;50;PAGO;769513024;13:26:41.768044;13:26:42.021628;253584
25;50;PAGO;761120320;13:26:41.905761;13:26:42.021725;115964
25;50;PAGO;752727616;13:26:41.907802;13:26:42.022548;114746
25;50;PAGO;744334912;13:26:41.909130;13:26:42.023513;114383
25;50;PAGO;735942208;13:26:41.912910;13:26:42.024531;111621
25;50;PAGO;727549504;13:26:41.937436;13:26:42.025269;87833
25;50;PAGO;719156800;13:26:41.944237;13:26:42.025441;81204
25;50;PAGO;710764096;13:26:41.945195;13:26:42.025494;80299
25;50;PAGO;702371392;13:26:41.949057;13:26:42.025547;76490
25;50;PAGO;693978688;13:26:41.950167;13:26:42.025601;75434
25;50;PAGO;685585984;13:26:41.955803;13:26:42.026116;70313
25;50;PAGO;677193280;13:26:41.957027;13:26:42.026167;69140
25;50;PAGO;668800576;13:26:41.959644;13:26:42.026221;66577
25;50;PAGO;660407872;13:26:41.960786;13:26:42.026475;65689
25;50;PAGO;652015168;13:26:41.963083;13:26:42.026948;63865
25;50;PAGO;643622464;13:26:41.966603;13:26:42.027474;60871
25;50;PAGO;635229760;13:26:41.968280;13:26:42.027575;59295
25;50;PAGO;692053568;13:26:41.635708;13:26:42.027868;392160
25;50;PAGO;683660864;13:26:41.641663;13:26:42.028517;386854
25;50;PAGO;675268160;13:26:41.646548;13:26:42.029022;382474
25;50;PAGO;666875456;13:26:41.654334;13:26:42.029105;374771
25;50;PAGO;658482752;13:26:41.662255;13:26:42.029324;367069
25;50;PAGO;650090048;13:26:41.666089;13:26:42.029645;363556
25;50;PAGO;641697344;13:26:41.674576;13:26:42.029949;355373
25;50;PAGO;633304640;13:26:41.678690;13:26:42.030075;351385
25;50;PAGO;624911936;13:26:41.681228;13:26:42.030358;349130
25;50;PAGO;616519232;13:26:41.683760;13:26:42.030649;346889
25;50;PAGO;608126528;13:26:41.686107;13:26:42.030775;344668
25;50;PAGO;599733824;13:26:41.689474;13:26:42.030929;341455
25;50;PAGO;591341120;13:26:41.692222;13:26:42.031108;338886
25;50;PAGO;582948416;13:26:41.694212;13:26:42.031307;337095
25;50;PAGO;574555712;13:26:41.698381;13:26:42.031628;333247
25;50;PAGO;566163008;13:26:41.701058;13:26:42.032178;331120
25;50;PAGO;557770304;13:26:41.705123;13:26:42.032301;327178
25;50;PAGO;549377600;13:26:41.709020;13:26:42.032568;323548
25;50;PAGO;540984896;13:26:41.711413;13:26:42.032873;321460
25;50;PAGO;532592192;13:26:41.713832;13:26:42.032973;319141
25;50;PAGO;524199488;13:26:41.719516;13:26:42.033105;313589
25;50;PAGO;515806784;13:26:41.722045;13:26:42.033335;311290
25;50;PAGO;507414080;13:26:41.725383;13:26:42.033472;308089
25;50;PAGO;499021376;13:26:41.728869;13:26:42.033716;304847
25;50;PAGO;490628672;13:26:41.731379;13:26:42.034025;302646
25;50;PAGO;482235968;13:26:41.736158;13:26:42.034121;297963
25;50;PAGO;473843264;13:26:41.740871;13:26:42.034313;293442
25;50;PAGO;465450560;13:26:41.742800;13:26:42.035046;292246
25;50;PAGO;457057856;13:26:41.745135;13:26:42.035193;290058
25;50;PAGO;448665152;13:26:41.747041;13:26:42.036183;289142
25;50;PAGO;440272448;13:26:41.756438;13:26:42.037141;280703
25;50;PAGO;431879744;13:26:41.759791;13:26:42.038152;278361
25;50;PAGO;423487040;13:26:41.763022;13:26:42.038224;275202
25;50;PAGO;415094336;13:26:41.768279;13:26:42.039118;270839
25;50;PAGO;406701632;13:26:41.905909;13:26:42.039177;133268
25;50;PAGO;398308928;13:26:41.908229;13:26:42.039227;130998
25;50;PAGO;389916224;13:26:41.909009;13:26:42.039276;130267
25;50;PAGO;381523520;13:26:41.914199;13:26:42.039328;125129
25;50;PAGO;373130816;13:26:41.937767;13:26:42.039391;101624
25;50;PAGO;364738112;13:26:41.943811;13:26:42.040082;96271
25;50;PAGO;356345408;13:26:41.944566;13:26:42.041062;96496
25;50;PAGO;347952704;13:26:41.945874;13:26:42.042059;96185
25;50;PAGO;339560000;13:26:41.949448;13:26:42.042121;92673
25;50;PAGO;331167296;13:26:41.955561;13:26:42.042171;86610
25;50;PAGO;322774592;13:26:41.958749;13:26:42.042219;83470
25;50;PAGO;314381888;13:26:41.959967;13:26:42.043115;83148
25;50;PAGO;305989184;13:26:41.962454;13:26:42.046615;84161
25;50;PAGO;297596480;13:26:41.964497;13:26:42.046926;82429
25;50;PAGO;289203776;13:26:41.967038;13:26:42.047723;80685
25;50;PAGO;280811072;13:26:41.970284;13:26:42.047861;77577
25;50;PAGO;1130358336;13:26:41.635856;13:26:42.049868;414012
25;50;PAGO;1121965632;13:26:41.642391;13:26:42.051001;408610
25;50;PAGO;1113572928;13:26:41.646617;13:26:42.051794;405177
25;50;PAGO;1105180224;13:26:41.654409;13:26:42.052886;398477
25;50;PAGO;1096787520;13:26:41.662898;13:26:42.052941;390043
25;50;PAGO;1088394816;13:26:41.666180;13:26:42.053740;387560
25;50;PAGO;1080002112;13:26:41.676341;13:26:42.054748;378407
25;50;PAGO;1071609408;13:26:41.679168;13:26:42.055700;376532
25;50;PAGO;1063216704;13:26:41.681058;13:26:42.055754;374696
25;50;PAGO;1054824000;13:26:41.683332;13:26:42.055809;372477
25;50;PAGO;1046431296;13:26:41.685533;13:26:42.055858;370325
25;50;PAGO;1038038592;13:26:41.687912;13:26:42.055905;367993
25;50;PAGO;1029645888;13:26:41.691941;13:26:42.055957;364016
25;50;PAGO;1021253184;13:26:41.693887;13:26:42.056675;362788
25;50;PAGO;1012860480;13:26:41.696660;13:26:42.056946;360286
25;50;PAGO;1004467776;13:26:41.699345;13:26:42.057628;358283
25;50;PAGO;996075072;13:26:41.704621;13:26:42.057721;353100
25;50;PAGO;987682368;13:26:41.707282;13:26:42.058648;351366
25;50;PAGO;979289664;13:26:41.709715;13:26:42.059606;349891
25;50;PAGO;970896960;13:26:41.711975;13:26:42.060642;348667
25;50;PAGO;962504256;13:26:41.714513;13:26:42.061557;347044
25;50;PAGO;954111552;13:26:41.721406;13:26:42.062582;341176
25;50;PAGO;945718848;13:26:41.723576;13:26:42.062636;339060
25;50;PAGO;937326144;13:26:41.728266;13:26:42.062689;334423
25;50;PAGO;928933440;13:26:41.730895;13:26:42.062745;331850
25;50;PAGO;920540736;13:26:41.734133;13:26:42.062803;328670
25;50;PAGO;912148032;13:26:41.739204;13:26:42.062850;323646
25;50;PAGO;903755328;13:26:41.742495;13:26:42.062903;320408
25;50;PAGO;895362624;13:26:41.744820;13:26:42.063525;318705
25;50;PAGO;886969920;13:26:41.746743;13:26:42.064482;317739
25;50;PAGO;878577216;13:26:41.756178;13:26:42.064533;308355
25;50;PAGO;870184512;13:26:41.759549;13:26:42.064587;305038
25;50;PAGO;861791808;13:26:41.760682;13:26:42.065501;304819
25;50;PAGO;853399104;13:26:41.767930;13:26:42.065984;298054
25;50;PAGO;845006400;13:26:41.905730;13:26:42.066046;160316
25;50;PAGO;836613696;13:26:41.907673;13:26:42.067075;159402
25;50;PAGO;828220992;13:26:41.909223;13:26:42.067887;158664
25;50;PAGO;819828288;13:26:41.912930;13:26:42.068952;156022
25;50;PAGO;811435584;13:26:41.937464;13:26:42.069011;131547
25;50;PAGO;803042880;13:26:41.944009;13:26:42.069065;125056
25;50;PAGO;794650176;13:26:41.945475;13:26:42.069116;123641
25;50;PAGO;786257472;13:26:41.949104;13:26:42.069184;120080
25;50;PAGO;777864768;13:26:41.950281;13:26:42.069933;119652
25;50;PAGO;769472064;13:26:41.955902;13:26:42.070914;115012
25;50;PAGO;761079360;13:26:41.956848;13:26:42.071875;115027
25;50;PAGO;752686656;13:26:41.959698;13:26:42.072676;112978
25;50;PAGO;744293952;13:26:41.960823;13:26:42.072737;111914
25;50;PAGO;735901248;13:26:41.963102;13:26:42.072812;109710
25;50;PAGO;727508544;13:26:41.966507;13:26:42.073818;107311
25;50;PAGO;719115840;13:26:41.968666;13:26:42.073870;105204
25;50;PAGO;-1193286080;13:26:41.635827;13:26:42.074847;439020
25;50;PAGO;-1201678784;13:26:41.642339;13:26:42.075945;433606
25;50;PAGO;-1210071488;13:26:41.646460;13:26:42.076736;430276
25;50;PAGO;-1218464192;13:26:41.654259;13:26:42.077697;423438
25;50;PAGO;-1226856896;13:26:41.662138;13:26:42.077772;415634
25;50;PAGO;-1235249600;13:26:41.666016;13:26:42.078742;412726
25;50;PAGO;-1243642304;13:26:41.674389;13:26:42.079679;405290
25;50;PAGO;-1252035008;13:26:41.678765;13:26:42.079730;400965
25;50;PAGO;-1260427712;13:26:41.681493;13:26:42.079784;398291
25;50;PAGO;-1268820416;13:26:41.683858;13:26:42.079833;395975
25;50;PAGO;-1277213120;13:26:41.687235;13:26:42.080636;393401
25;50;PAGO;-1285605824;13:26:41.689589;13:26:42.080734;391145
25;50;PAGO;-1293998528;13:26:41.692509;13:26:42.081647;389138
25;50;PAGO;-1302391232;13:26:41.694750;13:26:42.082646;387896
25;50;PAGO;-1310783936;13:26:41.698361;13:26:42.083580;385219
25;50;PAGO;-1319176640;13:26:41.701015;13:26:42.084581;383566
25;50;PAGO;-1327569344;13:26:41.705143;13:26:42.085532;380389
25;50;PAGO;-1335962048;13:26:41.708966;13:26:42.086545;377579
25;50;PAGO;-1344354752;13:26:41.711357;13:26:42.086599;375242
25;50;PAGO;-1352747456;13:26:41.713774;13:26:42.086665;372891
25;50;PAGO;-1361140160;13:26:41.719554;13:26:42.087471;367917
25;50;PAGO;-1369532864;13:26:41.722117;13:26:42.088486;366369
25;50;PAGO;-1377925568;13:26:41.725473;13:26:42.089446;363973
25;50;PAGO;-1386318272;13:26:41.728887;13:26:42.090462;361575
25;50;PAGO;-1394710976;13:26:41.731405;13:26:42.090518;359113
25;50;PAGO;-1403103680;13:26:41.736191;13:26:42.091393;355202
25;50;PAGO;-1411496384;13:26:41.740897;13:26:42.092366;351469
25;50;PAGO;-1419889088;13:26:41.742883;13:26:42.092423;349540
25;50;PAGO;-1428281792;13:26:41.745215;13:26:42.092474;347259
25;50;PAGO;-1436674496;13:26:41.755287;13:26:42.092531;337244
25;50;PAGO;-1445067200;13:26:41.756542;13:26:42.093311;336769
25;50;PAGO;-1453459904;13:26:41.759898;13:26:42.094319;334421
25;50;PAGO;-1461852608;13:26:41.763125;13:26:42.095313;332188
25;50;PAGO;-1470245312;13:26:41.768351;13:26:42.096265;327914
25;50;PAGO;-1478638016;13:26:41.905967;13:26:42.097218;191251
25;50;PAGO;-1487030720;13:26:41.906530;13:26:42.098224;191694
25;50;PAGO;-1495423424;13:26:41.908468;13:26:42.099255;190787
25;50;PAGO;-1503816128;13:26:41.910086;13:26:42.099310;189224
25;50;PAGO;-1512208832;13:26:41.937058;13:26:42.099368;162310
25;50;PAGO;-1520601536;13:26:41.944182;13:26:42.100196;156014
25;50;PAGO;-1528994240;13:26:41.945303;13:26:42.101149;155846
25;50;PAGO;-1537386944;13:26:41.949015;13:26:42.102120;153105
25;50;PAGO;-1545779648;13:26:41.955265;13:26:42.102178;146913
25;50;PAGO;-1554172352;13:26:41.957171;13:26:42.102233;145062
25;50;PAGO;-1562565056;13:26:41.959531;13:26:42.103134;143603
25;50;PAGO;-1570957760;13:26:41.960693;13:26:42.104074;143381
25;50;PAGO;-1579350464;13:26:41.963139;13:26:42.104126;140987
25;50;PAGO;-1587743168;13:26:41.966261;13:26:42.104182;137921
25;50;PAGO;-1596135872;13:26:41.968124;13:26:42.104234;136110
25;50;PAGO;-1604528576;13:26:41.970546;13:26:42.105045;134499
25;50;PAGO;803202624;13:26:41.636291;13:26:42.261874;625583
25;50;PAGO;794809920;13:26:41.639533;13:26:42.262114;622581
25;50;PAGO;786417216;13:26:41.646593;13:26:42.262502;615909
25;50;PAGO;778024512;13:26:41.654241;13:26:42.262674;608433
25;50;PAGO;769631808;13:26:41.662281;13:26:42.263808;601527
25;50;PAGO;761239104;13:26:41.666070;13:26:42.264663;598593
25;50;PAGO;752846400;13:26:41.674520;13:26:42.265490;590970
25;50;PAGO;744453696;13:26:41.679119;13:26:42.265572;586453
25;50;PAGO;736060992;13:26:41.681464;13:26:42.265630;584166
25;50;PAGO;727668288;13:26:41.683696;13:26:42.265702;582006
25;50;PAGO;719275584;13:26:41.686056;13:26:42.266176;580120
25;50;PAGO;710882880;13:26:41.688248;13:26:42.266233;577985
25;50;PAGO;702490176;13:26:41.692290;13:26:42.266997;574707
25;50;PAGO;694097472;13:26:41.694285;13:26:42.267085;572800
25;50;PAGO;685704768;13:26:41.697137;13:26:42.267735;570598
25;50;PAGO;677312064;13:26:41.700939;13:26:42.268214;567275
25;50;PAGO;668919360;13:26:41.705006;13:26:42.268309;563303
25;50;PAGO;660526656;13:26:41.707649;13:26:42.269056;561407
25;50;PAGO;652133952;13:26:41.711261;13:26:42.270061;558800
25;50;PAGO;643741248;13:26:41.713632;13:26:42.271131;557499
25;50;PAGO;635348544;13:26:41.719297;13:26:42.271707;552410
25;50;PAGO;626955840;13:26:41.721746;13:26:42.272006;550260
25;50;PAGO;618563136;13:26:41.725115;13:26:42.272977;547862
25;50;PAGO;610170432;13:26:41.728434;13:26:42.273960;545526
25;50;PAGO;601777728;13:26:41.731091;13:26:42.274949;543858
25;50;PAGO;593385024;13:26:41.734339;13:26:42.275257;540918
25;50;PAGO;584992320;13:26:41.740588;13:26:42.275921;535333
25;50;PAGO;576599616;13:26:41.742624;13:26:42.276906;534282
25;50;PAGO;568206912;13:26:41.744947;13:26:42.277749;532802
25;50;PAGO;559814208;13:26:41.746899;13:26:42.277811;530912
25;50;PAGO;551421504;13:26:41.756335;13:26:42.277860;521525
25;50;PAGO;543028800;13:26:41.759666;13:26:42.277908;518242
25;50;PAGO;534636096;13:26:41.760799;13:26:42.278879;518080
25;50;PAGO;526243392;13:26:41.768109;13:26:42.279804;511695
25;50;PAGO;517850688;13:26:41.905818;13:26:42.280781;374963
25;50;PAGO;509457984;13:26:41.907693;13:26:42.280833;373140
25;50;PAGO;501065280;13:26:41.909312;13:26:42.280881;371569
25;50;PAGO;492672576;13:26:41.914818;13:26:42.280944;366126
25;50;PAGO;484279872;13:26:41.937858;13:26:42.281751;343893
25;50;PAGO;475887168;13:26:41.944185;13:26:42.282781;338596
25;50;PAGO;467494464;13:26:41.944538;13:26:42.283719;339181
25;50;PAGO;459101760;13:26:41.945840;13:26:42.284703;338863
25;50;PAGO;450709056;13:26:41.949226;13:26:42.285671;336445
25;50;PAGO;442316352;13:26:41.955521;13:26:42.286674;331153
25;50;PAGO;433923648;13:26:41.957104;13:26:42.286958;329854
25;50;PAGO;425530944;13:26:41.959513;13:26:42.287613;328100
25;50;PAGO;417138240;13:26:41.960675;13:26:42.287726;327051
25;50;PAGO;408745536;13:26:41.963023;13:26:42.288583;325560
25;50;PAGO;400352832;13:26:41.966583;13:26:42.289591;323008
25;50;PAGO;391960128;13:26:41.968377;13:26:42.290586;322209
25;50;PAGO;-432019904;13:26:41.636767;13:26:42.292484;655717
25;50;PAGO;-440412608;13:26:41.642287;13:26:42.292698;650411
25;50;PAGO;-448805312;13:26:41.646589;13:26:42.292954;646365
25;50;PAGO;-457198016;13:26:41.654091;13:26:42.293464;639373
25;50;PAGO;-465590720;13:26:41.662248;13:26:42.294469;632221
25;50;PAGO;-473983424;13:26:41.665936;13:26:42.294521;628585
25;50;PAGO;-482376128;13:26:41.676285;13:26:42.294579;618294
25;50;PAGO;-490768832;13:26:41.679083;13:26:42.294632;615549
25;50;PAGO;-499161536;13:26:41.681339;13:26:42.294681;613342
25;50;PAGO;-507554240;13:26:41.683608;13:26:42.294748;611140
25;50;PAGO;-515946944;13:26:41.686090;13:26:42.295414;609324
25;50;PAGO;-524339648;13:26:41.689560;13:26:42.296363;606803
25;50;PAGO;-532732352;13:26:41.692440;13:26:42.296950;604510
25;50;PAGO;-541125056;13:26:41.694723;13:26:42.297337;602614
25;50;PAGO;-549517760;13:26:41.698339;13:26:42.297733;599394
25;50;PAGO;-557910464;13:26:41.700889;13:26:42.298394;597505
25;50;PAGO;-566303168;13:26:41.705023;13:26:42.299294;594271
25;50;PAGO;-574695872;13:26:41.707613;13:26:42.299348;591735
25;50;PAGO;-583088576;13:26:41.711310;13:26:42.299397;588087
25;50;PAGO;-591481280;13:26:41.713709;13:26:42.299450;585741
25;50;PAGO;-599873984;13:26:41.719399;13:26:42.299498;580099
25;50;PAGO;-608266688;13:26:41.721914;13:26:42.300295;578381
25;50;PAGO;-616659392;13:26:41.725500;13:26:42.301272;575772
25;50;PAGO;-625052096;13:26:41.728820;13:26:42.302358;573538
25;50;PAGO;-633444800;13:26:41.731286;13:26:42.302638;571352
25;50;PAGO;-641837504;13:26:41.734638;13:26:42.303196;568558
25;50;PAGO;-650230208;13:26:41.740850;13:26:42.304214;563364
25;50;PAGO;-658622912;13:26:41.742856;13:26:42.304272;561416
25;50;PAGO;-667015616;13:26:41.745188;13:26:42.304324;559136
25;50;PAGO;-675408320;13:26:41.755235;13:26:42.305197;549962
25;50;PAGO;-683801024;13:26:41.756512;13:26:42.306140;549628
25;50;PAGO;-692193728;13:26:41.759844;13:26:42.306196;546352
25;50;PAGO;-700586432;13:26:41.763096;13:26:42.306997;543901
25;50;PAGO;-708979136;13:26:41.768248;13:26:42.307093;538845
25;50;PAGO;-717371840;13:26:41.905879;13:26:42.307146;401267
25;50;PAGO;-725764544;13:26:41.906479;13:26:42.307735;401256
25;50;PAGO;-734157248;13:26:41.908147;13:26:42.308100;399953
25;50;PAGO;-742549952;13:26:41.909807;13:26:42.309081;399274
25;50;PAGO;-750942656;13:26:41.912874;13:26:42.309134;396260
25;50;PAGO;-759335360;13:26:41.937381;13:26:42.309188;371807
25;50;PAGO;-767728064;13:26:41.944110;13:26:42.309247;365137
25;50;PAGO;-776120768;13:26:41.945267;13:26:42.310030;364763
25;50;PAGO;-784513472;13:26:41.949077;13:26:42.311084;362007
25;50;PAGO;-792906176;13:26:41.950328;13:26:42.312006;361678
25;50;PAGO;-801298880;13:26:41.955965;13:26:42.313010;357045
25;50;PAGO;-809691584;13:26:41.957002;13:26:42.313939;356937
25;50;PAGO;-818084288;13:26:41.959779;13:26:42.314953;355174
25;50;PAGO;-826476992;13:26:41.960621;13:26:42.315008;354387
25;50;PAGO;-834869696;13:26:41.964059;13:26:42.315073;351014
25;50;PAGO;-843262400;13:26:41.966367;13:26:42.315125;348758
25;50;PAGO;171959872;13:26:41.638622;13:26:42.315897;677275
25;50;PAGO;163567168;13:26:41.642963;13:26:42.317169;674206
25;50;PAGO;155174464;13:26:41.649518;13:26:42.317843;668325
25;50;PAGO;146781760;13:26:41.655384;13:26:42.318841;663457
25;50;PAGO;138389056;13:26:41.663217;13:26:42.319817;656600
25;50;PAGO;129996352;13:26:41.670780;13:26:42.320796;650016
25;50;PAGO;121603648;13:26:41.676574;13:26:42.320851;644277
25;50;PAGO;113210944;13:26:41.680467;13:26:42.320907;640440
25;50;PAGO;104818240;13:26:41.682775;13:26:42.320966;638191
25;50;PAGO;96425536;13:26:41.685086;13:26:42.321764;636678
25;50;PAGO;88032832;13:26:41.687363;13:26:42.322733;635370
25;50;PAGO;79640128;13:26:41.690131;13:26:42.322793;632662
25;50;PAGO;71247424;13:26:41.692738;13:26:42.322843;630105
25;50;PAGO;62854720;13:26:41.696121;13:26:42.322893;626772
25;50;PAGO;54462016;13:26:41.698896;13:26:42.323720;624824
25;50;PAGO;46069312;13:26:41.701222;13:26:42.324709;623487
25;50;PAGO;37676608;13:26:41.705381;13:26:42.325671;620290
25;50;PAGO;29283904;13:26:41.709155;13:26:42.325722;616567
25;50;PAGO;20891200;13:26:41.711537;13:26:42.325770;614233
25;50;PAGO;12498496;13:26:41.713957;13:26:42.325824;611867
25;50;PAGO;4105792;13:26:41.719702;13:26:42.325872;606170
25;50;PAGO;-4286912;13:26:41.723096;13:26:42.325941;602845
25;50;PAGO;-12679616;13:26:41.725668;13:26:42.326703;601035
25;50;PAGO;-21072320;13:26:41.729170;13:26:42.326948;597778
25;50;PAGO;-29465024;13:26:41.733391;13:26:42.327623;594232
25;50;PAGO;-37857728;13:26:41.736444;13:26:42.327725;591281
25;50;PAGO;-46250432;13:26:41.741180;13:26:42.328602;587422
25;50;PAGO;-54643136;13:26:41.743132;13:26:42.329564;586432
25;50;PAGO;-63035840;13:26:41.745598;13:26:42.330610;585012
25;50;PAGO;-71428544;13:26:41.755556;13:26:42.331528;575972
25;50;PAGO;-79821248;13:26:41.757185;13:26:42.332507;575322
25;50;PAGO;-88213952;13:26:41.760234;13:26:42.332567;572333
25;50;PAGO;-96606656;13:26:41.763384;13:26:42.332617;569233
25;50;PAGO;-104999360;13:26:41.905332;13:26:42.332674;427342
25;50;PAGO;-113392064;13:26:41.906502;13:26:42.333479;426977
25;50;PAGO;-121784768;13:26:41.908439;13:26:42.334486;426047
25;50;PAGO;-130177472;13:26:41.909862;13:26:42.335431;425569
25;50;PAGO;-138570176;13:26:41.937061;13:26:42.336430;399369
25;50;PAGO;-146962880;13:26:41.944190;13:26:42.336956;392766
25;50;PAGO;-155355584;13:26:41.944482;13:26:42.337393;392911
25;50;PAGO;-163748288;13:26:41.945986;13:26:42.338417;392431
25;50;PAGO;-172140992;13:26:41.949476;13:26:42.338471;388995
25;50;PAGO;-180533696;13:26:41.955563;13:26:42.338534;382971
25;50;PAGO;-188926400;13:26:41.958814;13:26:42.339308;380494
25;50;PAGO;-197319104;13:26:41.959912;13:26:42.340311;380399
25;50;PAGO;-205711808;13:26:41.962405;13:26:42.341289;378884
25;50;PAGO;-214104512;13:26:41.964479;13:26:42.342269;377790
25;50;PAGO;-222497216;13:26:41.967064;13:26:42.343280;376216
25;50;PAGO;-230889920;13:26:41.970313;13:26:42.344216;373903
25;50;PAGO;-239282624;13:26:41.970638;13:26:42.344268;373630
25;50;PAGO;-790632896;13:26:41.636829;13:26:42.344330;707501
25;50;PAGO;-799025600;13:26:41.642283;13:26:42.344539;702256
25;50;PAGO;-807418304;13:26:41.646578;13:26:42.345074;698496
25;50;PAGO;-815811008;13:26:41.654202;13:26:42.345153;690951
25;50;PAGO;-824203712;13:26:41.662253;13:26:42.346152;683899
25;50;PAGO;-832596416;13:26:41.665978;13:26:42.346209;680231
25;50;PAGO;-840989120;13:26:41.674580;13:26:42.347005;672425
25;50;PAGO;-849381824;13:26:41.678804;13:26:42.347140;668336
25;50;PAGO;-857774528;13:26:41.681321;13:26:42.347763;666442
25;50;PAGO;-866167232;13:26:41.683526;13:26:42.348096;664570
25;50;PAGO;-874559936;13:26:41.685821;13:26:42.349074;663253
25;50;PAGO;-882952640;13:26:41.688212;13:26:42.350051;661839
25;50;PAGO;-891345344;13:26:41.692405;13:26:42.350105;657700
25;50;PAGO;-899738048;13:26:41.694245;13:26:42.350155;655910
25;50;PAGO;-908130752;13:26:41.697093;13:26:42.350214;653121
25;50;PAGO;-916523456;13:26:41.701033;13:26:42.350358;649325
25;50;PAGO;-924916160;13:26:41.705046;13:26:42.351039;645993
25;50;PAGO;-933308864;13:26:41.708867;13:26:42.351558;642691
25;50;PAGO;-941701568;13:26:41.710050;13:26:42.352000;641950
25;50;PAGO;-950094272;13:26:41.713386;13:26:42.352977;639591
25;50;PAGO;-958486976;13:26:41.717463;13:26:42.353755;636292
25;50;PAGO;-966879680;13:26:41.721616;13:26:42.353982;632366
25;50;PAGO;-975272384;13:26:41.725085;13:26:42.354985;629900
25;50;PAGO;-983665088;13:26:41.728454;13:26:42.355045;626591
25;50;PAGO;-992057792;13:26:41.731070;13:26:42.355105;624035
25;50;PAGO;-1000450496;13:26:41.734315;13:26:42.355922;621607
25;50;PAGO;-1008843200;13:26:41.740620;13:26:42.356880;616260
25;50;PAGO;-1017235904;13:26:41.742655;13:26:42.356934;614279
25;50;PAGO;-1025628608;13:26:41.744971;13:26:42.356983;612012
25;50;PAGO;-1034021312;13:26:41.746870;13:26:42.357837;610967
25;50;PAGO;-1042414016;13:26:41.756307;13:26:42.357905;601598
25;50;PAGO;-1050806720;13:26:41.759645;13:26:42.358875;599230
25;50;PAGO;-1059199424;13:26:41.760763;13:26:42.358975;598212
25;50;PAGO;-1067592128;13:26:41.768085;13:26:42.359834;591749
25;50;PAGO;-1075984832;13:26:41.905790;13:26:42.360808;455018
25;50;PAGO;-1084377536;13:26:41.907712;13:26:42.360860;453148
25;50;PAGO;-1092770240;13:26:41.909184;13:26:42.360915;451731
25;50;PAGO;-1101162944;13:26:41.912988;13:26:42.360973;447985
25;50;PAGO;-1109555648;13:26:41.937624;13:26:42.361781;424157
25;50;PAGO;-1117948352;13:26:41.944133;13:26:42.362791;418658
25;50;PAGO;-1126341056;13:26:41.945229;13:26:42.363738;418509
25;50;PAGO;-1134733760;13:26:41.948933;13:26:42.364710;415777
25;50;PAGO;-1143126464;13:26:41.950303;13:26:42.364792;414489
25;50;PAGO;-1151519168;13:26:41.955933;13:26:42.365665;409732
25;50;PAGO;-1159911872;13:26:41.956830;13:26:42.366763;409933
25;50;PAGO;-1168304576;13:26:41.959626;13:26:42.366977;407351
25;50;PAGO;-1176697280;13:26:41.960730;13:26:42.367625;406895
25;50;PAGO;-1185089984;13:26:41.963222;13:26:42.367713;404491
25;50;PAGO;-1193482688;13:26:41.966389;13:26:42.367771;401382
25;50;PAGO;-1201875392;13:26:41.968200;13:26:42.368617;400417
25;50;PAGO;1449125440;13:26:41.638583;13:26:42.370549;731966
25;50;PAGO;1440732736;13:26:41.642737;13:26:42.371678;728941
25;50;PAGO;1432340032;13:26:41.649466;13:26:42.372413;722947
25;50;PAGO;1423947328;13:26:41.655342;13:26:42.372480;717138
25;50;PAGO;1415554624;13:26:41.663245;13:26:42.373475;710230
25;50;PAGO;1407161920;13:26:41.670731;13:26:42.373529;702798
25;50;PAGO;1398769216;13:26:41.676657;13:26:42.373586;696929
25;50;PAGO;1390376512;13:26:41.680578;13:26:42.374477;693899
25;50;PAGO;1381983808;13:26:41.682963;13:26:42.375441;692478
25;50;PAGO;1373591104;13:26:41.685371;13:26:42.376422;691051
25;50;PAGO;1365198400;13:26:41.687757;13:26:42.376975;689218
25;50;PAGO;1356805696;13:26:41.690441;13:26:42.377445;687004
25;50;PAGO;1348412992;13:26:41.693743;13:26:42.377732;683989
25;50;PAGO;1340020288;13:26:41.696441;13:26:42.378417;681976
25;50;PAGO;1331627584;13:26:41.699221;13:26:42.378471;679250
25;50;PAGO;1323234880;13:26:41.704250;13:26:42.378525;674275
25;50;PAGO;1314842176;13:26:41.706840;13:26:42.378576;671736
25;50;PAGO;1306449472;13:26:41.709500;13:26:42.379345;669845
25;50;PAGO;1298056768;13:26:41.711706;13:26:42.379436;667730
25;50;PAGO;1289664064;13:26:41.714270;13:26:42.380345;666075
25;50;PAGO;1281271360;13:26:41.721213;13:26:42.381305;660092
25;50;PAGO;1272878656;13:26:41.723506;13:26:42.382281;658775
25;50;PAGO;1264485952;13:26:41.728181;13:26:42.383297;655116
25;50;PAGO;1256093248;13:26:41.730824;13:26:42.383357;652533
25;50;PAGO;1247700544;13:26:41.733996;13:26:42.383408;649412
25;50;PAGO;1239307840;13:26:41.739094;13:26:42.384229;645135
25;50;PAGO;1230915136;13:26:41.741686;13:26:42.385205;643519
25;50;PAGO;1222522432;13:26:41.744755;13:26:42.386184;641429
25;50;PAGO;1214129728;13:26:41.746682;13:26:42.386238;639556
25;50;PAGO;1205737024;13:26:41.755970;13:26:42.386988;631018
25;50;PAGO;1197344320;13:26:41.759462;13:26:42.387126;627664
25;50;PAGO;1188951616;13:26:41.760603;13:26:42.387735;627132
25;50;PAGO;1180558912;13:26:41.763777;13:26:42.388155;624378
25;50;PAGO;1172166208;13:26:41.905669;13:26:42.389145;483476
25;50;PAGO;1163773504;13:26:41.907754;13:26:42.389200;481446
25;50;PAGO;1155380800;13:26:41.909292;13:26:42.389250;479958
25;50;PAGO;1146988096;13:26:41.937089;13:26:42.389298;452209
25;50;PAGO;1138595392;13:26:41.944213;13:26:42.390139;445926
25;50;PAGO;1130202688;13:26:41.945362;13:26:42.390192;444830
25;50;PAGO;1121809984;13:26:41.948960;13:26:42.391107;442147
25;50;PAGO;1113417280;13:26:41.950347;13:26:42.392044;441697
25;50;PAGO;1105024576;13:26:41.955998;13:26:42.393025;437027
25;50;PAGO;1096631872;13:26:41.957215;13:26:42.393083;435868
25;50;PAGO;1088239168;13:26:41.959408;13:26:42.393133;433725
25;50;PAGO;1079846464;13:26:41.960902;13:26:42.393191;432289
25;50;PAGO;1071453760;13:26:41.964218;13:26:42.394000;429782
25;50;PAGO;1063061056;13:26:41.966650;13:26:42.395031;428381
25;50;PAGO;1054668352;13:26:41.968411;13:26:42.395951;427540
25;50;PAGO;1046275648;13:26:41.970564;13:26:42.396919;426355
25;50;PAGO;1037882944;13:26:41.970659;13:26:42.397884;427225
25;50;PAGO;1449125440;13:26:41.638569;13:26:42.398940;760371
25;50;PAGO;1440732736;13:26:41.643045;13:26:42.399161;756116
25;50;PAGO;1432340032;13:26:41.649485;13:26:42.399921;750436
25;50;PAGO;1423947328;13:26:41.655365;13:26:42.399977;744612
25;50;PAGO;1415554624;13:26:41.663159;13:26:42.400032;736873
25;50;PAGO;1407161920;13:26:41.670716;13:26:42.400080;729364
25;50;PAGO;1398769216;13:26:41.676720;13:26:42.400153;723433
25;50;PAGO;1390376512;13:26:41.680607;13:26:42.402564;721957
25;50;PAGO;1381983808;13:26:41.683138;13:26:42.402784;719646
25;50;PAGO;1373591104;13:26:41.685393;13:26:42.403751;718358
25;50;PAGO;1365198400;13:26:41.687779;13:26:42.404527;716748
25;50;PAGO;1356805696;13:26:41.690461;13:26:42.404692;714231
25;50;PAGO;1348412992;13:26:41.693761;13:26:42.405728;711967
25;50;PAGO;1340020288;13:26:41.696419;13:26:42.406706;710287
25;50;PAGO;1331627584;13:26:41.699199;13:26:42.406759;707560
25;50;PAGO;1323234880;13:26:41.703152;13:26:42.406807;703655
25;50;PAGO;1314842176;13:26:41.706859;13:26:42.406883;700024
25;50;PAGO;1306449472;13:26:41.709481;13:26:42.407667;698186
25;50;PAGO;1298056768;13:26:41.711726;13:26:42.410685;698959
25;50;PAGO;1289664064;13:26:41.714302;13:26:42.411555;697253
25;50;PAGO;1281271360;13:26:41.719984;13:26:42.412539;692555
25;50;PAGO;1272878656;13:26:41.723228;13:26:42.412597;689369
25;50;PAGO;1264485952;13:26:41.726590;13:26:42.412647;686057
25;50;PAGO;1256093248;13:26:41.730431;13:26:42.412694;682263
25;50;PAGO;1247700544;13:26:41.733531;13:26:42.412742;679211
25;50;PAGO;1239307840;13:26:41.738857;13:26:42.412794;673937
25;50;PAGO;1230915136;13:26:41.741275;13:26:42.413501;672226
25;50;PAGO;1222522432;13:26:41.744466;13:26:42.414531;670065
25;50;PAGO;1214129728;13:26:41.745681;13:26:42.415455;669774
25;50;PAGO;1205737024;13:26:41.755643;13:26:42.416433;660790
25;50;PAGO;1197344320;13:26:41.757259;13:26:42.416944;659685
25;50;PAGO;1188951616;13:26:41.760318;13:26:42.417414;657096
25;50;PAGO;1180558912;13:26:41.763464;13:26:42.417729;654265
25;50;PAGO;1172166208;13:26:41.905465;13:26:42.418439;512974
25;50;PAGO;1163773504;13:26:41.908210;13:26:42.418493;510283
25;50;PAGO;1155380800;13:26:41.909828;13:26:42.418550;508722
25;50;PAGO;1146988096;13:26:41.912719;13:26:42.419368;506649
25;50;PAGO;1138595392;13:26:41.937259;13:26:42.420362;483103
25;50;PAGO;1130202688;13:26:41.944398;13:26:42.420477;476079
25;50;PAGO;1121809984;13:26:41.945153;13:26:42.420530;475377
25;50;PAGO;1113417280;13:26:41.948746;13:26:42.420579;471833
25;50;PAGO;1105024576;13:26:41.950045;13:26:42.421315;471270
25;50;PAGO;1096631872;13:26:41.955738;13:26:42.422339;466601
25;50;PAGO;1088239168;13:26:41.957061;13:26:42.423245;466184
25;50;PAGO;1079846464;13:26:41.959494;13:26:42.424238;464744
25;50;PAGO;1071453760;13:26:41.960710;13:26:42.425224;464514
25;50;PAGO;1063061056;13:26:41.963158;13:26:42.425282;462124
25;50;PAGO;1054668352;13:26:41.966410;13:26:42.425342;458932
25;50;PAGO;1046275648;13:26:41.968362;13:26:42.425390;457028
25;50;PAGO;1037882944;13:26:41.970496;13:26:42.425438;454942
25;50;PAGO;-828381632;13:26:41.638735;13:26:42.426198;787463
25;50;PAGO;-836774336;13:26:41.644426;13:26:42.427438;783012
25;50;PAGO;-845167040;13:26:41.649573;13:26:42.427765;778192
25;50;PAGO;-853559744;13:26:41.655300;13:26:42.428016;772716
25;50;PAGO;-861952448;13:26:41.663132;13:26:42.428117;764985
25;50;PAGO;-870345152;13:26:41.670752;13:26:42.429119;758367
25;50;PAGO;-878737856;13:26:41.676610;13:26:42.429494;752884
25;50;PAGO;-887130560;13:26:41.680550;13:26:42.430122;749572
25;50;PAGO;-895523264;13:26:41.683032;13:26:42.430175;747143
25;50;PAGO;-903915968;13:26:41.685321;13:26:42.430226;744905
25;50;PAGO;-912308672;13:26:41.687592;13:26:42.431179;743587
25;50;PAGO;-920701376;13:26:41.690379;13:26:42.431245;740866
25;50;PAGO;-929094080;13:26:41.693706;13:26:42.431297;737591
25;50;PAGO;-937486784;13:26:41.696383;13:26:42.431834;735451
25;50;PAGO;-945879488;13:26:41.699160;13:26:42.432055;732895
25;50;PAGO;-954272192;13:26:41.704485;13:26:42.433044;728559
25;50;PAGO;-962664896;13:26:41.707062;13:26:42.433104;726042
25;50;PAGO;-971057600;13:26:41.709565;13:26:42.433157;723592
25;50;PAGO;-979450304;13:26:41.711834;13:26:42.434014;722180
25;50;PAGO;-987843008;13:26:41.714383;13:26:42.435006;720623
25;50;PAGO;-996235712;13:26:41.721251;13:26:42.435983;714732
25;50;PAGO;-1004628416;13:26:41.723462;13:26:42.436937;713475
25;50;PAGO;-1013021120;13:26:41.726927;13:26:42.437739;710812
25;50;PAGO;-1021413824;13:26:41.730769;13:26:42.437883;707114
25;50;PAGO;-1029806528;13:26:41.733914;13:26:42.438908;704994
25;50;PAGO;-1038199232;13:26:41.738935;13:26:42.438965;700030
25;50;PAGO;-1046591936;13:26:41.741355;13:26:42.439025;697670
25;50;PAGO;-1054984640;13:26:41.744549;13:26:42.439870;695321
25;50;PAGO;-1063377344;13:26:41.746476;13:26:42.440153;693677
25;50;PAGO;-1071770048;13:26:41.755729;13:26:42.440840;685111
25;50;PAGO;-1080162752;13:26:41.759227;13:26:42.441830;682603
25;50;PAGO;-1088555456;13:26:41.760392;13:26:42.442915;682523
25;50;PAGO;-1096948160;13:26:41.763544;13:26:42.443773;680229
25;50;PAGO;-1105340864;13:26:41.905524;13:26:42.444749;539225
25;50;PAGO;-1113733568;13:26:41.907991;13:26:42.444803;536812
25;50;PAGO;-1122126272;13:26:41.909330;13:26:42.444858;535528
25;50;PAGO;-1130518976;13:26:41.912948;13:26:42.444918;531970
25;50;PAGO;-1138911680;13:26:41.937493;13:26:42.445719;508226
25;50;PAGO;-1147304384;13:26:41.943986;13:26:42.446736;502750
25;50;PAGO;-1155697088;13:26:41.945518;13:26:42.447649;502131
25;50;PAGO;-1164089792;13:26:41.948803;13:26:42.448481;499678
25;50;PAGO;-1172482496;13:26:41.949920;13:26:42.448699;498779
25;50;PAGO;-1180875200;13:26:41.955627;13:26:42.449454;493827
25;50;PAGO;-1189267904;13:26:41.957276;13:26:42.449600;492324
25;50;PAGO;-1197660608;13:26:41.959427;13:26:42.450668;491241
25;50;PAGO;-1206053312;13:26:41.960920;13:26:42.451581;490661
25;50;PAGO;-1214446016;13:26:41.964239;13:26:42.451640;487401
25;50;PAGO;-1222838720;13:26:41.966687;13:26:42.451693;485006
25;50;PAGO;-1231231424;13:26:41.968039;13:26:42.451743;483704
25;50;PAGO;-1239624128;13:26:41.970562;13:26:42.451800;481238
25;50;PAGO;-1138760128;13:26:41.638635;13:26:42.453515;814880
25;50;PAGO;-1147152832;13:26:41.642758;13:26:42.454716;811958
25;50;PAGO;-1155545536;13:26:41.649433;13:26:42.456479;807046
25;50;PAGO;-1163938240;13:26:41.655407;13:26:42.457433;802026
25;50;PAGO;-1172330944;13:26:41.663280;13:26:42.458442;795162
25;50;PAGO;-1180723648;13:26:41.670812;13:26:42.459367;788555
25;50;PAGO;-1189116352;13:26:41.676696;13:26:42.460351;783655
25;50;PAGO;-1197509056;13:26:41.680657;13:26:42.461340;780683
25;50;PAGO;-1205901760;13:26:41.682988;13:26:42.462332;779344
25;50;PAGO;-1214294464;13:26:41.685353;13:26:42.463330;777977
25;50;PAGO;-1222687168;13:26:41.687645;13:26:42.463385;775740
25;50;PAGO;-1231079872;13:26:41.690341;13:26:42.463433;773092
25;50;PAGO;-1239472576;13:26:41.692921;13:26:42.463481;770560
25;50;PAGO;-1247865280;13:26:41.696348;13:26:42.463541;767193
25;50;PAGO;-1256257984;13:26:41.699132;13:26:42.463611;764479
25;50;PAGO;-1264650688;13:26:41.701339;13:26:42.464262;762923
25;50;PAGO;-1273043392;13:26:41.705419;13:26:42.465229;759810
25;50;PAGO;-1281436096;13:26:41.709361;13:26:42.466245;756884
25;50;PAGO;-1289828800;13:26:41.711656;13:26:42.466999;755343
25;50;PAGO;-1298221504;13:26:41.714116;13:26:42.467188;753072
25;50;PAGO;-1306614208;13:26:41.719746;13:26:42.467735;747989
25;50;PAGO;-1315006912;13:26:41.723140;13:26:42.468192;745052
25;50;PAGO;-1323399616;13:26:41.725711;13:26:42.468242;742531
25;50;PAGO;-1331792320;13:26:41.729213;13:26:42.468290;739077
25;50;PAGO;-1340185024;13:26:41.733440;13:26:42.468337;734897
25;50;PAGO;-1348577728;13:26:41.736485;13:26:42.468400;731915
25;50;PAGO;-1356970432;13:26:41.741223;13:26:42.469148;727925
25;50;PAGO;-1365363136;13:26:41.743168;13:26:42.470145;726977
25;50;PAGO;-1373755840;13:26:41.745636;13:26:42.470195;724559
25;50;PAGO;-1382148544;13:26:41.755601;13:26:42.471190;715589
25;50;PAGO;-1390541248;13:26:41.757222;13:26:42.472096;714874
25;50;PAGO;-1398933952;13:26:41.760273;13:26:42.472145;711872
25;50;PAGO;-1407326656;13:26:41.763424;13:26:42.472193;708769
25;50;PAGO;-1415719360;13:26:41.905431;13:26:42.472246;566815
25;50;PAGO;-1424112064;13:26:41.907857;13:26:42.472295;564438
25;50;PAGO;-1432504768;13:26:41.909086;13:26:42.472351;563265
25;50;PAGO;-1440897472;13:26:41.914270;13:26:42.473056;558786
25;50;PAGO;-1449290176;13:26:41.937829;13:26:42.474131;536302
25;50;PAGO;-1457682880;13:26:41.943836;13:26:42.474210;530374
25;50;PAGO;-1466075584;13:26:41.944592;13:26:42.475141;530549
25;50;PAGO;-1474468288;13:26:41.945788;13:26:42.475380;529592
25;50;PAGO;-1482860992;13:26:41.949401;13:26:42.476059;526658
25;50;PAGO;-1491253696;13:26:41.955397;13:26:42.477044;521647
25;50;PAGO;-1499646400;13:26:41.957293;13:26:42.477134;519841
25;50;PAGO;-1508039104;13:26:41.959716;13:26:42.477960;518244
25;50;PAGO;-1516431808;13:26:41.960658;13:26:42.479004;518346
25;50;PAGO;-1524824512;13:26:41.964316;13:26:42.479062;514746
25;50;PAGO;-1533217216;13:26:41.966781;13:26:42.479120;512339
25;50;PAGO;-1541609920;13:26:41.968714;13:26:42.479918;511204
25;50;PAGO;-1550002624;13:26:41.970585;13:26:42.480888;510303
25;50;PAGO;-1048582592;13:26:41.638595;13:26:42.495603;857008
25;50;PAGO;-1056975296;13:26:41.644469;13:26:42.496668;852199
25;50;PAGO;-1065368000;13:26:41.651099;13:26:42.496729;845630
25;50;PAGO;-1073760704;13:26:41.660998;13:26:42.496780;835782
25;50;PAGO;-1082153408;13:26:41.665576;13:26:42.496830;831254
25;50;PAGO;-1090546112;13:26:41.670938;13:26:42.496886;825948
25;50;PAGO;-1098938816;13:26:41.676874;13:26:42.497453;820579
25;50;PAGO;-1107331520;13:26:41.680818;13:26:42.497527;816709
25;50;PAGO;-1115724224;13:26:41.683205;13:26:42.498508;815303
25;50;PAGO;-1124116928;13:26:41.685459;13:26:42.499436;813977
25;50;PAGO;-1132509632;13:26:41.687852;13:26:42.500409;812557
25;50;PAGO;-1140902336;13:26:41.690528;13:26:42.501405;810877
25;50;PAGO;-1149295040;13:26:41.693847;13:26:42.502402;808555
25;50;PAGO;-1157687744;13:26:41.696619;13:26:42.502456;805837
25;50;PAGO;-1166080448;13:26:41.699306;13:26:42.502520;803214
25;50;PAGO;-1174473152;13:26:41.704576;13:26:42.503333;798757
25;50;PAGO;-1182865856;13:26:41.707154;13:26:42.504306;797152
25;50;PAGO;-1191258560;13:26:41.709676;13:26:42.505286;795610
25;50;PAGO;-1199651264;13:26:41.711936;13:26:42.506285;794349
25;50;PAGO;-1208043968;13:26:41.714471;13:26:42.507273;792802
25;50;PAGO;-1216436672;13:26:41.721359;13:26:42.508228;786869
25;50;PAGO;-1224829376;13:26:41.723531;13:26:42.509159;785628
25;50;PAGO;-1233222080;13:26:41.728215;13:26:42.510165;781950
25;50;PAGO;-1241614784;13:26:41.730849;13:26:42.510219;779370
25;50;PAGO;-1250007488;13:26:41.734058;13:26:42.511164;777106
25;50;PAGO;-1258400192;13:26:41.739035;13:26:42.512117;773082
25;50;PAGO;-1266792896;13:26:41.741659;13:26:42.513094;771435
25;50;PAGO;-1275185600;13:26:41.744655;13:26:42.513147;768492
25;50;PAGO;-1283578304;13:26:41.746596;13:26:42.513197;766601
25;50;PAGO;-1291971008;13:26:41.755832;13:26:42.513244;757412
25;50;PAGO;-1300363712;13:26:41.759364;13:26:42.514148;754784
25;50;PAGO;-1308756416;13:26:41.760547;13:26:42.514206;753659
25;50;PAGO;-1317149120;13:26:41.763687;13:26:42.515089;751402
25;50;PAGO;-1325541824;13:26:41.905579;13:26:42.516024;610445
25;50;PAGO;-1333934528;13:26:41.907775;13:26:42.516075;608300
25;50;PAGO;-1342327232;13:26:41.908987;13:26:42.517012;608025
25;50;PAGO;-1350719936;13:26:41.912738;13:26:42.517962;605224
25;50;PAGO;-1359112640;13:26:41.937287;13:26:42.518015;580728
25;50;PAGO;-1367505344;13:26:41.944083;13:26:42.518069;573986
25;50;PAGO;-1375898048;13:26:41.945248;13:26:42.518124;572876
25;50;PAGO;-1384290752;13:26:41.948911;13:26:42.518174;569263
25;50;PAGO;-1392683456;13:26:41.950392;13:26:42.518221;567829
25;50;PAGO;-1401076160;13:26:41.956073;13:26:42.518990;562917
25;50;PAGO;-1409468864;13:26:41.958773;13:26:42.519927;561154
25;50;PAGO;-1417861568;13:26:41.959950;13:26:42.520899;560949
25;50;PAGO;-1426254272;13:26:41.962434;13:26:42.521879;559445
25;50;PAGO;-1434646976;13:26:41.964446;13:26:42.522901;558455
25;50;PAGO;-1443039680;13:26:41.967010;13:26:42.523829;556819
25;50;PAGO;-1451432384;13:26:41.970275;13:26:42.524807;554532
25;50;PAGO;-1459825088;13:26:41.970631;13:26:42.525789;555158
25;50;PAGO;390063680;13:26:41.638608;13:26:42.526788;888180
25;50;PAGO;381670976;13:26:41.643006;13:26:42.527019;884013
25;50;PAGO;373278272;13:26:41.649377;13:26:42.527807;878430
25;50;PAGO;364885568;13:26:41.661045;13:26:42.528689;867644
25;50;PAGO;356492864;13:26:41.665597;13:26:42.529685;864088
25;50;PAGO;348100160;13:26:41.670959;13:26:42.530683;859724
25;50;PAGO;339707456;13:26:41.678396;13:26:42.531637;853241
25;50;PAGO;331314752;13:26:41.680836;13:26:42.532691;851855
25;50;PAGO;322922048;13:26:41.683222;13:26:42.533588;850366
25;50;PAGO;314529344;13:26:41.685479;13:26:42.534589;849110
25;50;PAGO;306136640;13:26:41.687869;13:26:42.535543;847674
25;50;PAGO;297743936;13:26:41.690546;13:26:42.536519;845973
25;50;PAGO;289351232;13:26:41.693829;13:26:42.536946;843117
25;50;PAGO;280958528;13:26:41.696593;13:26:42.537487;840894
25;50;PAGO;272565824;13:26:41.699280;13:26:42.537724;838444
25;50;PAGO;264173120;13:26:41.704551;13:26:42.537781;833230
25;50;PAGO;255780416;13:26:41.707128;13:26:42.538576;831448
25;50;PAGO;247387712;13:26:41.709646;13:26:42.539419;829773
25;50;PAGO;238995008;13:26:41.711904;13:26:42.539469;827565
25;50;PAGO;230602304;13:26:41.714437;13:26:42.539517;825080
25;50;PAGO;222209600;13:26:41.721306;13:26:42.540421;819115
25;50;PAGO;213816896;13:26:41.723429;13:26:42.541424;817995
25;50;PAGO;205424192;13:26:41.726951;13:26:42.541526;814575
25;50;PAGO;197031488;13:26:41.730725;13:26:42.542411;811686
25;50;PAGO;188638784;13:26:41.734025;13:26:42.543342;809317
25;50;PAGO;180246080;13:26:41.739131;13:26:42.544314;805183
25;50;PAGO;171853376;13:26:41.741634;13:26:42.545295;803661
25;50;PAGO;163460672;13:26:41.744691;13:26:42.546257;801566
25;50;PAGO;155067968;13:26:41.746619;13:26:42.546992;800373
25;50;PAGO;146675264;13:26:41.755882;13:26:42.547221;791339
25;50;PAGO;138282560;13:26:41.759320;13:26:42.547730;788410
25;50;PAGO;129889856;13:26:41.760490;13:26:42.548219;787729
25;50;PAGO;121497152;13:26:41.763663;13:26:42.549282;785619
25;50;PAGO;113104448;13:26:41.905552;13:26:42.549899;644347
25;50;PAGO;104711744;13:26:41.907831;13:26:42.550162;642331
25;50;PAGO;96319040;13:26:41.909148;13:26:42.550215;641067
25;50;PAGO;87926336;13:26:41.911906;13:26:42.551172;639266
25;50;PAGO;79533632;13:26:41.938002;13:26:42.552115;614113
25;50;PAGO;71140928;13:26:41.944187;13:26:42.552220;608033
25;50;PAGO;62748224;13:26:41.944510;13:26:42.553086;608576
25;50;PAGO;54355520;13:26:41.945892;13:26:42.554157;608265
25;50;PAGO;45962816;13:26:41.949207;13:26:42.554215;605008
25;50;PAGO;37570112;13:26:41.955554;13:26:42.555171;599617
25;50;PAGO;29177408;13:26:41.956961;13:26:42.556038;599077
25;50;PAGO;20784704;13:26:41.959589;13:26:42.556091;596502
25;50;PAGO;12392000;13:26:41.960769;13:26:42.556140;595371
25;50;PAGO;3999296;13:26:41.962886;13:26:42.556194;593308
25;50;PAGO;-4393408;13:26:41.966631;13:26:42.556998;590367
25;50;PAGO;-12786112;13:26:41.968432;13:26:42.558065;589633
25;50;PAGO;-21178816;13:26:41.970490;13:26:42.558124;587634
