3;0;PAGO;-2062592;13:20:10.968217;13:20:10.968614;397
3;0;PAGO;-18848000;13:20:10.968339;13:20:10.968772;433
3;5;PAGO;-27240704;13:20:10.968389;13:20:10.969006;617
3;5;PAGO;-10455296;13:20:10.968280;13:20:10.980574;12294
3;5;PAGO;-35633408;13:20:10.972843;13:20:10.980633;7790
3;5;PAGO;377263872;13:20:10.969482;13:20:10.980110;10628
3;5;PAGO;368871168;13:20:10.969686;13:20:10.980231;10545
3;5;PAGO;394049280;13:20:10.968995;13:20:10.980017;11022
3;5;PAGO;360478464;13:20:10.969767;13:20:10.980349;10582
3;5;PAGO;385656576;13:20:10.969109;13:20:10.982268;13159
3;5;PAGO;-938277120;13:20:10.968154;13:20:10.975334;7180
3;5;PAGO;-955062528;13:20:10.968430;13:20:10.975751;7321
3;5;PAGO;-971847936;13:20:10.969033;13:20:10.979672;10639
3;5;PAGO;-963455232;13:20:10.968954;13:20:10.979837;10883
3;5;PAGO;-946669824;13:20:10.968286;13:20:10.981975;13689
3;0;PAGO;-464562432;13:20:10.968181;13:20:10.969349;1168
3;5;PAGO;-481347840;13:20:10.968303;13:20:10.969668;1365
3;5;PAGO;-472955136;13:20:10.968225;13:20:10.981432;13207
3;5;PAGO;-489740544;13:20:10.969448;13:20:10.982373;12925
3;5;PAGO;-498133248;13:20:10.969834;13:20:10.982596;12762

9;20;PAGO;508425984;13:20:55.669449;13:20:55.676539;7090
9;20;PAGO;500033280;13:20:55.669711;13:20:55.684493;14782
9;20;PAGO;374142720;13:20:55.674913;13:20:55.684793;9880
9;20;PAGO;458069760;13:20:55.673844;13:20:55.685074;11230
9;20;PAGO;441284352;13:20:55.674012;13:20:55.685538;11526
9;20;PAGO;466462464;13:20:55.673719;13:20:55.685988;12269
9;20;PAGO;483247872;13:20:55.672800;13:20:55.686141;13341
9;20;PAGO;491640576;13:20:55.669896;13:20:55.687081;17185
9;20;PAGO;432891648;13:20:55.674054;13:20:55.687210;13156
9;20;PAGO;474855168;13:20:55.674335;13:20:55.687261;12926
9;20;PAGO;424498944;13:20:55.674341;13:20:55.687435;13094
9;20;PAGO;416106240;13:20:55.674427;13:20:55.687709;13282
9;20;PAGO;407713536;13:20:55.674553;13:20:55.687893;13340
9;20;PAGO;399320832;13:20:55.674627;13:20:55.688024;13397
9;20;PAGO;390928128;13:20:55.674709;13:20:55.688252;13543
9;20;PAGO;348964608;13:20:55.675153;13:20:55.688353;13200
9;20;PAGO;382535424;13:20:55.674796;13:20:55.688435;13639
9;20;PAGO;365750016;13:20:55.674999;13:20:55.688575;13576
9;20;PAGO;357357312;13:20:55.675032;13:20:55.688654;13622
9;20;PAGO;449677056;13:20:55.673844;13:20:55.688773;14929
9;20;PAGO;2131314432;13:20:55.667761;13:20:55.689652;21891
9;20;PAGO;2122921728;13:20:55.669868;13:20:55.691598;21730
9;20;PAGO;2005423872;13:20:55.675672;13:20:55.691874;16202
9;20;PAGO;1980245760;13:20:55.677202;13:20:55.692218;15016
9;20;PAGO;1971853056;13:20:55.681631;13:20:55.693461;11830
9;20;PAGO;2114529024;13:20:55.672719;13:20:55.693528;20809
9;20;PAGO;2106136320;13:20:55.673622;13:20:55.693610;19988
9;20;PAGO;2097743616;13:20:55.674736;13:20:55.693732;18996
9;20;PAGO;2089350912;13:20:55.674909;13:20:55.693873;18964
9;20;PAGO;2080958208;13:20:55.674981;13:20:55.694060;19079
9;20;PAGO;2072565504;13:20:55.675157;13:20:55.694124;18967
9;20;PAGO;2064172800;13:20:55.675295;13:20:55.694189;18894
9;20;PAGO;2055780096;13:20:55.675344;13:20:55.694250;18906
9;20;PAGO;2047387392;13:20:55.675407;13:20:55.694318;18911
9;20;PAGO;2022209280;13:20:55.675579;13:20:55.694409;18830
9;20;PAGO;2030601984;13:20:55.675523;13:20:55.694564;19041
9;20;PAGO;2013816576;13:20:55.675620;13:20:55.695403;19783
9;20;PAGO;2038994688;13:20:55.675462;13:20:55.696385;20923
9;20;PAGO;1997031168;13:20:55.675760;13:20:55.696993;21233
9;20;PAGO;1988638464;13:20:55.676121;13:20:55.701292;25171
9;20;PAGO;2034947840;13:20:55.666969;13:20:55.704687;37718
9;20;PAGO;2026555136;13:20:55.667610;13:20:55.704960;37350
9;20;PAGO;2018162432;13:20:55.672507;13:20:55.705204;32697
9;20;PAGO;1917449984;13:20:55.675386;13:20:55.705400;30014
9;20;PAGO;2001377024;13:20:55.673433;13:20:55.705545;32112
9;20;PAGO;1984591616;13:20:55.674335;13:20:55.708465;34130
9;20;PAGO;1976198912;13:20:55.674390;13:20:55.717058;42668
9;20;PAGO;1992984320;13:20:55.674240;13:20:55.721885;47645
9;20;PAGO;1967806208;13:20:55.674568;13:20:55.721980;47412
9;20;PAGO;2009769728;13:20:55.673372;13:20:55.732586;59214
9;20;PAGO;1959413504;13:20:55.674872;13:20:55.732887;58015
9;20;PAGO;1951020800;13:20:55.675006;13:20:55.734050;59044
9;20;PAGO;1934235392;13:20:55.675250;13:20:55.734332;59082
9;20;PAGO;1942628096;13:20:55.675134;13:20:55.734528;59394
9;20;PAGO;1883879168;13:20:55.675593;13:20:55.735121;59528
9;20;PAGO;1875486464;13:20:55.675645;13:20:55.735246;59601
9;20;PAGO;1925842688;13:20:55.675322;13:20:55.735533;60211
9;20;PAGO;1909057280;13:20:55.675435;13:20:55.735722;60287
9;20;PAGO;1900664576;13:20:55.675486;13:20:55.736012;60526
9;20;PAGO;1892271872;13:20:55.675536;13:20:55.736222;60686
9;20;PAGO;-977963264;13:20:55.667176;13:20:55.736559;69383
9;20;PAGO;-986355968;13:20:55.667856;13:20:55.736914;69058
9;20;PAGO;-1028319488;13:20:55.669007;13:20:55.737337;68330
9;20;PAGO;-1129031936;13:20:55.681618;13:20:55.737596;55978
9;20;PAGO;-1019926784;13:20:55.668915;13:20:55.738750;69835
9;20;PAGO;-994748672;13:20:55.668377;13:20:55.738806;70429
9;20;PAGO;-1003141376;13:20:55.668456;13:20:55.738887;70431
9;20;PAGO;-1011534080;13:20:55.668872;13:20:55.738949;70077
9;20;PAGO;-1036712192;13:20:55.669074;13:20:55.739009;69935
9;20;PAGO;-1045104896;13:20:55.669156;13:20:55.739084;69928
9;20;PAGO;-1053497600;13:20:55.669207;13:20:55.739170;69963
9;20;PAGO;-1061890304;13:20:55.669269;13:20:55.739401;70132
9;20;PAGO;-1070283008;13:20:55.669357;13:20:55.739683;70326
9;20;PAGO;-1078675712;13:20:55.669444;13:20:55.739817;70373
9;20;PAGO;-1087068416;13:20:55.669564;13:20:55.739944;70380
9;20;PAGO;-1095461120;13:20:55.672475;13:20:55.740087;67612
9;20;PAGO;-1103853824;13:20:55.672556;13:20:55.740269;67713
9;20;PAGO;-1112246528;13:20:55.672959;13:20:55.740411;67452
9;20;PAGO;-1120639232;13:20:55.673358;13:20:55.741410;68052
9;20;PAGO;-1137424640;13:20:55.681705;13:20:55.741477;59772
9;20;PAGO;-1028536576;13:20:55.667867;13:20:55.770675;102808
9;20;PAGO;-1036929280;13:20:55.668111;13:20:55.771006;102895
9;20;PAGO;-1045321984;13:20:55.668215;13:20:55.771628;103413
9;20;PAGO;-1053714688;13:20:55.668754;13:20:55.771869;103115
9;20;PAGO;-1062107392;13:20:55.672426;13:20:55.771995;99569
9;20;PAGO;-1070500096;13:20:55.672816;13:20:55.772103;99287
9;20;PAGO;-1078892800;13:20:55.673274;13:20:55.772237;98963
9;20;PAGO;-1087285504;13:20:55.679680;13:20:55.772355;92675
9;20;PAGO;-1095678208;13:20:55.679705;13:20:55.772472;92767
9;20;PAGO;-1104070912;13:20:55.679787;13:20:55.772632;92845
9;20;PAGO;-1112463616;13:20:55.679858;13:20:55.772769;92911
9;20;PAGO;-1120856320;13:20:55.679934;13:20:55.772973;93039
9;20;PAGO;-1129249024;13:20:55.680015;13:20:55.773070;93055
9;20;PAGO;-1137641728;13:20:55.680086;13:20:55.773218;93132
9;20;PAGO;-1146034432;13:20:55.680164;13:20:55.773316;93152
9;20;PAGO;-1154427136;13:20:55.680243;13:20:55.773449;93206
9;20;PAGO;-1162819840;13:20:55.680331;13:20:55.773598;93267
9;20;PAGO;-1171212544;13:20:55.680413;13:20:55.773734;93321
9;20;PAGO;-1179605248;13:20:55.680477;13:20:55.773884;93407
9;20;PAGO;-1187997952;13:20:55.680553;13:20:55.774053;93500
9;20;PAGO;763053824;13:20:55.668777;13:20:55.767873;99096
9;20;PAGO;737875712;13:20:55.673412;13:20:55.767952;94540
9;20;PAGO;712697600;13:20:55.673677;13:20:55.768075;94398
9;20;PAGO;746268416;13:20:55.673022;13:20:55.767915;94893
9;20;PAGO;603592448;13:20:55.675263;13:20:55.768175;92912
9;20;PAGO;754661120;13:20:55.679352;13:20:55.768858;89506
9;20;PAGO;729483008;13:20:55.673415;13:20:55.768951;95536
9;20;PAGO;721090304;13:20:55.673573;13:20:55.769033;95460
9;20;PAGO;704304896;13:20:55.673715;13:20:55.769108;95393
9;20;PAGO;679126784;13:20:55.674018;13:20:55.769255;95237
9;20;PAGO;662341376;13:20:55.674275;13:20:55.769645;95370
9;20;PAGO;670734080;13:20:55.674251;13:20:55.769910;95659
9;20;PAGO;653948672;13:20:55.674410;13:20:55.769988;95578
9;20;PAGO;645555968;13:20:55.674595;13:20:55.770045;95450
9;20;PAGO;637163264;13:20:55.674610;13:20:55.770107;95497
9;20;PAGO;628770560;13:20:55.674956;13:20:55.770166;95210
9;20;PAGO;687519488;13:20:55.673882;13:20:55.770224;96342
9;20;PAGO;611985152;13:20:55.675179;13:20:55.770286;95107
9;20;PAGO;620377856;13:20:55.675116;13:20:55.770342;95226
9;20;PAGO;695912192;13:20:55.673777;13:20:55.770399;96622
9;20;PAGO;2002634496;13:20:55.667655;13:20:55.743035;75380
9;20;PAGO;1985849088;13:20:55.667838;13:20:55.743124;75286
9;20;PAGO;1952278272;13:20:55.670864;13:20:55.743225;72361
9;20;PAGO;1935492864;13:20:55.670880;13:20:55.743365;72485
9;20;PAGO;1843173120;13:20:55.671765;13:20:55.743474;71709
9;20;PAGO;1943885568;13:20:55.670869;13:20:55.743725;72856
9;20;PAGO;1969063680;13:20:55.668604;13:20:55.743872;75268
9;20;PAGO;1927100160;13:20:55.670873;13:20:55.744288;73415
9;20;PAGO;1910314752;13:20:55.670880;13:20:55.744410;73530
9;20;PAGO;1918707456;13:20:55.670876;13:20:55.744474;73598
9;20;PAGO;1893529344;13:20:55.670884;13:20:55.744612;73728
9;20;PAGO;1901922048;13:20:55.670884;13:20:55.744733;73849
9;20;PAGO;1960670976;13:20:55.670886;13:20:55.744847;73961
9;20;PAGO;1876743936;13:20:55.671191;13:20:55.744893;73702
9;20;PAGO;1868351232;13:20:55.671311;13:20:55.745233;73922
9;20;PAGO;1859958528;13:20:55.671474;13:20:55.745385;73911
9;20;PAGO;1851565824;13:20:55.671643;13:20:55.745515;73872
9;20;PAGO;1885136640;13:20:55.670886;13:20:55.745593;74707
9;20;PAGO;1977456384;13:20:55.668425;13:20:55.745691;77266
9;20;PAGO;1994241792;13:20:55.667722;13:20:55.779493;111771
9;20;PAGO;-1278081280;13:20:55.673145;13:20:55.774714;101569
9;20;PAGO;-1286473984;13:20:55.674087;13:20:55.775013;100926
9;20;PAGO;-1311652096;13:20:55.682609;13:20:55.775497;92888
9;20;PAGO;-1370401024;13:20:55.683169;13:20:55.776204;93035
9;20;PAGO;-1320044800;13:20:55.682710;13:20:55.776344;93634
9;20;PAGO;-1328437504;13:20:55.682812;13:20:55.776488;93676
9;20;PAGO;-1336830208;13:20:55.682868;13:20:55.776559;93691
9;20;PAGO;-1345222912;13:20:55.682926;13:20:55.776628;93702
9;20;PAGO;-1353615616;13:20:55.682992;13:20:55.776696;93704
9;20;PAGO;-1362008320;13:20:55.683067;13:20:55.776766;93699
9;20;PAGO;-1303259392;13:20:55.682586;13:20:55.776986;94400
9;20;PAGO;-1378793728;13:20:55.683243;13:20:55.777072;93829
9;20;PAGO;-1403971840;13:20:55.683480;13:20:55.777485;94005
9;20;PAGO;-1395579136;13:20:55.683373;13:20:55.777546;94173
9;20;PAGO;-1387186432;13:20:55.683311;13:20:55.777995;94684
9;20;PAGO;-1412364544;13:20:55.683557;13:20:55.778294;94737
9;20;PAGO;-1420757248;13:20:55.683641;13:20:55.778470;94829
9;20;PAGO;-1429149952;13:20:55.683717;13:20:55.778634;94917
9;20;PAGO;-1294866688;13:20:55.684990;13:20:55.778692;93702
9;20;PAGO;-1269688576;13:20:55.673176;13:20:55.780004;106828
9;20;PAGO;-1873295616;13:20:55.667313;13:20:55.749160;81847
9;20;PAGO;-1898473728;13:20:55.668032;13:20:55.749258;81226
9;20;PAGO;-1940437248;13:20:55.669257;13:20:55.749539;80282
9;20;PAGO;-1906866432;13:20:55.668586;13:20:55.749758;81172
9;20;PAGO;-1915259136;13:20:55.669117;13:20:55.749896;80779
9;20;PAGO;-1923651840;13:20:55.669120;13:20:55.750149;81029
9;20;PAGO;-1957222656;13:20:55.672410;13:20:55.750480;78070
9;20;PAGO;-1948829952;13:20:55.669325;13:20:55.750621;81296
9;20;PAGO;-1965615360;13:20:55.672755;13:20:55.758935;86180
9;20;PAGO;-1932044544;13:20:55.669174;13:20:55.763568;94394
9;20;PAGO;-2007578880;13:20:55.674323;13:20:55.764132;89809
9;20;PAGO;-1999186176;13:20:55.673922;13:20:55.764528;90606
9;20;PAGO;-2015971584;13:20:55.674413;13:20:55.765422;91009
9;20;PAGO;-2032756992;13:20:55.674671;13:20:55.765754;91083
9;20;PAGO;-1990793472;13:20:55.673840;13:20:55.766027;92187
9;20;PAGO;-1982400768;13:20:55.673639;13:20:55.766267;92628
9;20;PAGO;-2024364288;13:20:55.674535;13:20:55.766367;91832
9;20;PAGO;-1974008064;13:20:55.673376;13:20:55.766591;93215
9;20;PAGO;-1881688320;13:20:55.667410;13:20:55.779762;112352
9;20;PAGO;-1890081024;13:20:55.667549;13:20:55.781339;113790
9;0;PAGO;-2003769600;13:20:55.666847;13:20:55.673064;6217
9;0;PAGO;-2012162304;13:20:55.667552;13:20:55.673644;6092
9;0;PAGO;-2037340416;13:20:55.669532;13:20:55.673713;4181
9;0;PAGO;-2079303936;13:20:55.673055;13:20:55.673921;866
9;0;PAGO;-2020555008;13:20:55.668042;13:20:55.674075;6033
9;0;PAGO;-2045733120;13:20:55.669622;13:20:55.674363;4741
9;0;PAGO;-2054125824;13:20:55.669688;13:20:55.674477;4789
9;0;PAGO;-2062518528;13:20:55.669790;13:20:55.674592;4802
9;0;PAGO;-2087696640;13:20:55.673766;13:20:55.674774;1008
9;0;PAGO;-2070911232;13:20:55.669821;13:20:55.674941;5120
9;20;PAGO;-2096199936;13:20:55.673964;13:20:55.675080;1116
9;20;PAGO;-2028947712;13:20:55.669404;13:20:55.675352;5948
9;20;PAGO;-2104592640;13:20:55.674013;13:20:55.779255;105242
9;20;PAGO;-2112985344;13:20:55.674173;13:20:55.780352;106179
9;20;PAGO;-2121378048;13:20:55.674321;13:20:55.781460;107139
9;20;PAGO;-2129770752;13:20:55.674676;13:20:55.781900;107224
9;20;PAGO;-2138163456;13:20:55.674946;13:20:55.782029;107083
9;20;PAGO;2080372480;13:20:55.674960;13:20:55.782192;107232
9;20;PAGO;2071979776;13:20:55.675067;13:20:55.782350;107283


24;50;PAGO;-2100001024;13:28:42.304596;13:28:42.583891;279295
24;50;PAGO;-2108393728;13:28:42.306775;13:28:42.584589;277814
24;50;PAGO;-2133571840;13:28:42.317643;13:28:42.584682;267039
24;50;PAGO;1951577856;13:28:42.346927;13:28:42.585214;238287
24;50;PAGO;-2125179136;13:28:42.316821;13:28:42.585281;268460
24;50;PAGO;-2141964544;13:28:42.317720;13:28:42.585348;267628
24;50;PAGO;2127824640;13:28:42.325761;13:28:42.585412;259651
24;50;PAGO;2136217344;13:28:42.325739;13:28:42.585515;259776
24;50;PAGO;2144610048;13:28:42.319596;13:28:42.585627;266031
24;50;PAGO;2119431936;13:28:42.326215;13:28:42.585733;259518
24;50;PAGO;2111039232;13:28:42.327394;13:28:42.585836;258442
24;50;PAGO;2102646528;13:28:42.327460;13:28:42.585939;258479
24;50;PAGO;2094253824;13:28:42.328454;13:28:42.586045;257591
24;50;PAGO;2069075712;13:28:42.330753;13:28:42.586168;255415
24;50;PAGO;2085861120;13:28:42.328580;13:28:42.586301;257721
24;50;PAGO;2077468416;13:28:42.328693;13:28:42.586414;257721
24;50;PAGO;2060683008;13:28:42.332489;13:28:42.586545;254056
24;50;PAGO;2043897600;13:28:42.333645;13:28:42.586678;253033
24;50;PAGO;2035504896;13:28:42.333745;13:28:42.586777;253032
24;50;PAGO;1943185152;13:28:42.347084;13:28:42.586900;239816
24;50;PAGO;1926399744;13:28:42.350372;13:28:42.587023;236651
24;50;PAGO;1918007040;13:28:42.350446;13:28:42.587151;236705
24;50;PAGO;1909614336;13:28:42.350776;13:28:42.587271;236495
24;50;PAGO;1901221632;13:28:42.350851;13:28:42.587458;236607
24;50;PAGO;1892828928;13:28:42.350957;13:28:42.587615;236658
24;50;PAGO;1884436224;13:28:42.351294;13:28:42.587739;236445
24;50;PAGO;1876043520;13:28:42.351924;13:28:42.587859;235935
24;50;PAGO;1867650816;13:28:42.353477;13:28:42.587970;234493
24;50;PAGO;1859258112;13:28:42.357653;13:28:42.588080;230427
24;50;PAGO;1850865408;13:28:42.357705;13:28:42.588294;230589
24;50;PAGO;1934792448;13:28:42.347165;13:28:42.588431;241266
24;50;PAGO;1834080000;13:28:42.358580;13:28:42.588548;229968
24;50;PAGO;1825687296;13:28:42.358644;13:28:42.588653;230009
24;50;PAGO;1817294592;13:28:42.358709;13:28:42.588834;230125
24;50;PAGO;1808901888;13:28:42.358762;13:28:42.588932;230170
24;50;PAGO;1800509184;13:28:42.358862;13:28:42.589043;230181
24;50;PAGO;1792116480;13:28:42.358942;13:28:42.589173;230231
24;50;PAGO;2027112192;13:28:42.334525;13:28:42.589305;254780
24;50;PAGO;1783723776;13:28:42.359014;13:28:42.589453;230439
24;50;PAGO;1842472704;13:28:42.358557;13:28:42.589601;231044
24;50;PAGO;2018719488;13:28:42.334598;13:28:42.589853;255255
24;50;PAGO;2052290304;13:28:42.333485;13:28:42.590053;256568
24;50;PAGO;2010326784;13:28:42.334712;13:28:42.590155;255443
24;50;PAGO;2001934080;13:28:42.334746;13:28:42.590214;255468
24;50;PAGO;1993541376;13:28:42.334872;13:28:42.590322;255450
24;50;PAGO;1976755968;13:28:42.345711;13:28:42.591406;245695
24;50;PAGO;1968363264;13:28:42.345771;13:28:42.591526;245755
24;50;PAGO;1959970560;13:28:42.345932;13:28:42.591610;245678
24;50;PAGO;1985148672;13:28:42.345609;13:28:42.591713;246104
24;50;PAGO;-2116786432;13:28:42.306977;13:28:42.591836;284859
24;50;PAGO;-687511808;13:28:42.299763;13:28:42.358206;58443
24;50;PAGO;-704297216;13:28:42.300885;13:28:42.358989;58104
24;50;PAGO;-721082624;13:28:42.304550;13:28:42.359217;54667
24;50;PAGO;-805009664;13:28:42.327125;13:28:42.359383;32258
24;50;PAGO;-998041856;13:28:42.353041;13:28:42.359688;6647
24;50;PAGO;-712689920;13:28:42.303483;13:28:42.360545;57062
24;50;PAGO;-729475328;13:28:42.306945;13:28:42.360619;53674
24;50;PAGO;-737868032;13:28:42.307030;13:28:42.360786;53756
24;50;PAGO;-746260736;13:28:42.309183;13:28:42.360992;51809
24;50;PAGO;-754653440;13:28:42.309284;13:28:42.361790;52506
24;50;PAGO;-763046144;13:28:42.325338;13:28:42.362488;37150
24;50;PAGO;-771438848;13:28:42.325355;13:28:42.362936;37581
24;50;PAGO;-779831552;13:28:42.326784;13:28:42.363276;36492
24;50;PAGO;-788224256;13:28:42.326790;13:28:42.364122;37332
24;50;PAGO;-796616960;13:28:42.326875;13:28:42.364450;37575
24;50;PAGO;-830187776;13:28:42.327451;13:28:42.364582;37131
24;50;PAGO;-846973184;13:28:42.329529;13:28:42.364713;35184
24;50;PAGO;-813402368;13:28:42.327259;13:28:42.364935;37676
24;50;PAGO;-821795072;13:28:42.327284;13:28:42.366215;38931
24;50;PAGO;-855365888;13:28:42.330968;13:28:42.367429;36461
24;50;PAGO;-838580480;13:28:42.329353;13:28:42.367565;38212
24;50;PAGO;-863758592;13:28:42.330979;13:28:42.368632;37653
24;50;PAGO;-880544000;13:28:42.334202;13:28:42.368708;34506
24;50;PAGO;-872151296;13:28:42.334168;13:28:42.368901;34733
24;50;PAGO;-905722112;13:28:42.335403;13:28:42.368985;33582
24;50;PAGO;-888936704;13:28:42.334279;13:28:42.369566;35287
24;50;PAGO;-897329408;13:28:42.335390;13:28:42.369632;34242
24;50;PAGO;-930900224;13:28:42.346671;13:28:42.370610;23939
24;50;PAGO;-956078336;13:28:42.351148;13:28:42.371553;20405
24;50;PAGO;-922507520;13:28:42.346665;13:28:42.372591;25926
24;50;PAGO;-939292928;13:28:42.346674;13:28:42.372767;26093
24;50;PAGO;-914114816;13:28:42.346659;13:28:42.372991;26332
24;50;PAGO;-947685632;13:28:42.349717;13:28:42.373348;23631
24;50;PAGO;-964471040;13:28:42.351220;13:28:42.373509;22289
24;50;PAGO;-981256448;13:28:42.352715;13:28:42.373763;21048
24;50;PAGO;-972863744;13:28:42.352656;13:28:42.373943;21287
24;50;PAGO;-989649152;13:28:42.352863;13:28:42.374054;21191
24;50;PAGO;-1023219968;13:28:42.353872;13:28:42.374273;20401
24;50;PAGO;-1040005376;13:28:42.354046;13:28:42.374388;20342
24;50;PAGO;-1014827264;13:28:42.353544;13:28:42.374544;21000
24;50;PAGO;-1031612672;13:28:42.354000;13:28:42.374679;20679
24;50;PAGO;-1056790784;13:28:42.354345;13:28:42.374810;20465
24;50;PAGO;-1081968896;13:28:42.355121;13:28:42.375285;20164
24;50;PAGO;-1048398080;13:28:42.354287;13:28:42.375329;21042
24;50;PAGO;-1090361600;13:28:42.355205;13:28:42.375455;20250
24;50;PAGO;-1065183488;13:28:42.354436;13:28:42.375790;21354
24;50;PAGO;-1073576192;13:28:42.355423;13:28:42.375869;20446
24;50;PAGO;-1006434560;13:28:42.353465;13:28:42.375980;22515
24;50;PAGO;-1098754304;13:28:42.355427;13:28:42.376034;20607
24;50;PAGO;-695904512;13:28:42.300321;13:28:42.675020;374699
24;50;PAGO;1398060800;13:28:42.300553;13:28:42.376741;76188
24;50;PAGO;1381275392;13:28:42.303293;13:28:42.377021;73728
24;50;PAGO;1171457792;13:28:42.347291;13:28:42.377576;30285
24;50;PAGO;1070745344;13:28:42.353318;13:28:42.377800;24482
24;50;PAGO;1045567232;13:28:42.353611;13:28:42.377988;24377
24;50;PAGO;1028781824;13:28:42.353792;13:28:42.378056;24264
24;50;PAGO;1003603712;13:28:42.354199;13:28:42.378114;23915
24;50;PAGO;986818304;13:28:42.355084;13:28:42.378149;23065
24;50;PAGO;1079138048;13:28:42.353058;13:28:42.381629;28571
24;50;PAGO;1238599424;13:28:42.333408;13:28:42.381732;48324
24;50;PAGO;1347704576;13:28:42.320711;13:28:42.381769;61058
24;50;PAGO;1221814016;13:28:42.335224;13:28:42.381847;46623
24;50;PAGO;1213421312;13:28:42.336801;13:28:42.381915;45114
24;50;PAGO;1205028608;13:28:42.336812;13:28:42.382016;45204
24;50;PAGO;1196635904;13:28:42.346629;13:28:42.382114;35485
24;50;PAGO;1297348352;13:28:42.330643;13:28:42.382248;51605
24;50;PAGO;1288955648;13:28:42.330653;13:28:42.382358;51705
24;50;PAGO;1280562944;13:28:42.331248;13:28:42.382463;51215
24;50;PAGO;1272170240;13:28:42.332172;13:28:42.382565;50393
24;50;PAGO;1263777536;13:28:42.333100;13:28:42.382668;49568
24;50;PAGO;1255384832;13:28:42.333155;13:28:42.382773;49618
24;50;PAGO;1372882688;13:28:42.306551;13:28:42.382876;76325
24;50;PAGO;1305741056;13:28:42.328130;13:28:42.382980;54850
24;50;PAGO;1364489984;13:28:42.317208;13:28:42.383084;65876
24;50;PAGO;1230206720;13:28:42.335147;13:28:42.383179;48032
24;50;PAGO;1339311872;13:28:42.323692;13:28:42.383285;59593
24;50;PAGO;1330919168;13:28:42.325560;13:28:42.383389;57829
24;50;PAGO;1322526464;13:28:42.326823;13:28:42.383504;56681
24;50;PAGO;1314133760;13:28:42.326988;13:28:42.383610;56622
24;50;PAGO;1188243200;13:28:42.346632;13:28:42.383705;37073
24;50;PAGO;1356097280;13:28:42.320692;13:28:42.383827;63135
24;50;PAGO;1146279680;13:28:42.348254;13:28:42.383935;35681
24;50;PAGO;1087530752;13:28:42.352944;13:28:42.384038;31094
24;50;PAGO;1129494272;13:28:42.349335;13:28:42.384286;34951
24;50;PAGO;1121101568;13:28:42.350652;13:28:42.384364;33712
24;50;PAGO;1163065088;13:28:42.347583;13:28:42.384424;36841
24;50;PAGO;1112708864;13:28:42.350955;13:28:42.384505;33550
24;50;PAGO;1154672384;13:28:42.347683;13:28:42.385173;37490
24;50;PAGO;1104316160;13:28:42.352341;13:28:42.385270;32929
24;50;PAGO;1095923456;13:28:42.352443;13:28:42.385371;32928
24;50;PAGO;1137886976;13:28:42.348360;13:28:42.385562;37202
24;50;PAGO;1062352640;13:28:42.353442;13:28:42.385613;32171
24;50;PAGO;1020389120;13:28:42.353954;13:28:42.385686;31732
24;50;PAGO;995211008;13:28:42.354286;13:28:42.385753;31467
24;50;PAGO;1179850496;13:28:42.346754;13:28:42.385883;39129
24;50;PAGO;1053959936;13:28:42.353478;13:28:42.385965;32487
24;50;PAGO;1037174528;13:28:42.353703;13:28:42.386109;32406
24;50;PAGO;1011996416;13:28:42.354022;13:28:42.386289;32267
24;50;PAGO;1246992128;13:28:42.333294;13:28:42.386365;53071
24;50;PAGO;1389668096;13:28:42.300844;13:28:42.675450;374606
24;50;PAGO;-599959808;13:28:42.301027;13:28:42.398489;97462
24;50;PAGO;-616745216;13:28:42.303567;13:28:42.398618;95051
24;50;PAGO;-683886848;13:28:42.316560;13:28:42.398713;82153
24;50;PAGO;-734243072;13:28:42.319649;13:28:42.398832;79183
24;50;PAGO;-868526336;13:28:42.332587;13:28:42.398941;66354
24;50;PAGO;-893704448;13:28:42.334554;13:28:42.405620;71066
24;50;PAGO;-625137920;13:28:42.304097;13:28:42.405684;101587
24;50;PAGO;-633530624;13:28:42.310510;13:28:42.406764;96254
24;50;PAGO;-641923328;13:28:42.310628;13:28:42.407387;96759
24;50;PAGO;-650316032;13:28:42.316316;13:28:42.410146;93830
24;50;PAGO;-658708736;13:28:42.316336;13:28:42.411162;94826
24;50;PAGO;-667101440;13:28:42.316447;13:28:42.414531;98084
24;50;PAGO;-675494144;13:28:42.316518;13:28:42.415131;98613
24;50;PAGO;-700672256;13:28:42.317775;13:28:42.415518;97743
24;50;PAGO;-709064960;13:28:42.317932;13:28:42.416748;98816
24;50;PAGO;-692279552;13:28:42.317600;13:28:42.417820;100220
24;50;PAGO;-717457664;13:28:42.317941;13:28:42.418196;100255
24;50;PAGO;-725850368;13:28:42.319642;13:28:42.418295;98653
24;50;PAGO;-742635776;13:28:42.319782;13:28:42.418418;98636
24;50;PAGO;-759421184;13:28:42.324568;13:28:42.418547;93979
24;50;PAGO;-776206592;13:28:42.326007;13:28:42.418627;92620
24;50;PAGO;-767813888;13:28:42.325971;13:28:42.418692;92721
24;50;PAGO;-792992000;13:28:42.326291;13:28:42.422469;96178
24;50;PAGO;-801384704;13:28:42.327743;13:28:42.426416;98673
24;50;PAGO;-809777408;13:28:42.327813;13:28:42.427221;99408
24;50;PAGO;-784599296;13:28:42.326125;13:28:42.427415;101290
24;50;PAGO;-843348224;13:28:42.330735;13:28:42.428705;97970
24;50;PAGO;-751028480;13:28:42.320037;13:28:42.428836;108799
24;50;PAGO;-902097152;13:28:42.335127;13:28:42.429261;94134
24;50;PAGO;-910489856;13:28:42.335264;13:28:42.429361;94097
24;50;PAGO;-851740928;13:28:42.330837;13:28:42.429452;98615
24;50;PAGO;-927275264;13:28:42.345041;13:28:42.429641;84600
24;50;PAGO;-834955520;13:28:42.330547;13:28:42.429834;99287
24;50;PAGO;-818170112;13:28:42.327922;13:28:42.430097;102175
24;50;PAGO;-960846080;13:28:42.345503;13:28:42.430201;84698
24;50;PAGO;-969238784;13:28:42.346895;13:28:42.430372;83477
24;50;PAGO;-935667968;13:28:42.345136;13:28:42.430577;85441
24;50;PAGO;-986024192;13:28:42.350734;13:28:42.430748;80014
24;50;PAGO;-885311744;13:28:42.333729;13:28:42.430915;97186
24;50;PAGO;-994416896;13:28:42.350852;13:28:42.431104;80252
24;50;PAGO;-1002809600;13:28:42.351001;13:28:42.431244;80243
24;50;PAGO;-1011202304;13:28:42.351265;13:28:42.431359;80094
24;50;PAGO;-977631488;13:28:42.348727;13:28:42.431568;82841
24;50;PAGO;-944060672;13:28:42.345312;13:28:42.431725;86413
24;50;PAGO;-918882560;13:28:42.336737;13:28:42.431785;95048
24;50;PAGO;-952453376;13:28:42.345452;13:28:42.431867;86415
24;50;PAGO;-876919040;13:28:42.333833;13:28:42.431945;98112
24;50;PAGO;-826562816;13:28:42.328626;13:28:42.432017;103391
24;50;PAGO;-860133632;13:28:42.331761;13:28:42.432090;100329
24;50;PAGO;-608352512;13:28:42.301086;13:28:42.675929;374843
24;50;PAGO;-86255872;13:28:42.303931;13:28:42.432380;128449
24;50;PAGO;-103041280;13:28:42.307585;13:28:42.432552;124967
24;50;PAGO;-145004800;13:28:42.319451;13:28:42.432642;113191
24;50;PAGO;-237324544;13:28:42.330500;13:28:42.433017;102517
24;50;PAGO;-497498368;13:28:42.355189;13:28:42.433563;78374
24;50;PAGO;-304466176;13:28:42.333580;13:28:42.433697;100117
24;50;PAGO;-262502656;13:28:42.331373;13:28:42.436711;105338
24;50;PAGO;-128219392;13:28:42.316712;13:28:42.436823;120111
24;50;PAGO;-119826688;13:28:42.316715;13:28:42.437019;120304
24;50;PAGO;-111433984;13:28:42.317566;13:28:42.437185;119619
24;50;PAGO;-136612096;13:28:42.319375;13:28:42.437314;117939
24;50;PAGO;-153397504;13:28:42.325755;13:28:42.437460;111705
24;50;PAGO;-170182912;13:28:42.326515;13:28:42.437571;111056
24;50;PAGO;-178575616;13:28:42.326520;13:28:42.437679;111159
24;50;PAGO;-195361024;13:28:42.327693;13:28:42.437787;110094
24;50;PAGO;-203753728;13:28:42.327714;13:28:42.437902;110188
24;50;PAGO;-161790208;13:28:42.325775;13:28:42.438040;112265
24;50;PAGO;-220539136;13:28:42.328588;13:28:42.438186;109598
24;50;PAGO;-186968320;13:28:42.327555;13:28:42.438980;111425
24;50;PAGO;-321251584;13:28:42.334707;13:28:42.439155;104448
24;50;PAGO;-329644288;13:28:42.334846;13:28:42.439295;104449
24;50;PAGO;-338036992;13:28:42.334955;13:28:42.439699;104744
24;50;PAGO;-346429696;13:28:42.335922;13:28:42.439862;103940
24;50;PAGO;-354822400;13:28:42.336030;13:28:42.440185;104155
24;50;PAGO;-363215104;13:28:42.345173;13:28:42.440290;95117
24;50;PAGO;-270895360;13:28:42.331547;13:28:42.440379;108832
24;50;PAGO;-279288064;13:28:42.331658;13:28:42.440523;108865
24;50;PAGO;-371607808;13:28:42.345392;13:28:42.441089;95697
24;50;PAGO;-380000512;13:28:42.345593;13:28:42.441759;96166
24;50;PAGO;-388393216;13:28:42.346994;13:28:42.441836;94842
24;50;PAGO;-296073472;13:28:42.333496;13:28:42.444224;110728
24;50;PAGO;-396785920;13:28:42.350209;13:28:42.444868;94659
24;50;PAGO;-405178624;13:28:42.350923;13:28:42.446364;95441
24;50;PAGO;-413571328;13:28:42.352030;13:28:42.447940;95910
24;50;PAGO;-421964032;13:28:42.352613;13:28:42.448201;95588
24;50;PAGO;-312858880;13:28:42.334545;13:28:42.449870;115325
24;50;PAGO;-430356736;13:28:42.353909;13:28:42.450046;96137
24;50;PAGO;-438749440;13:28:42.353977;13:28:42.450141;96164
24;50;PAGO;-447142144;13:28:42.354116;13:28:42.450451;96335
24;50;PAGO;-228931840;13:28:42.330504;13:28:42.450533;120029
24;50;PAGO;-463927552;13:28:42.354673;13:28:42.450626;95953
24;50;PAGO;-472320256;13:28:42.354741;13:28:42.450733;95992
24;50;PAGO;-455534848;13:28:42.354807;13:28:42.450798;95991
24;50;PAGO;-254109952;13:28:42.330623;13:28:42.450881;120258
24;50;PAGO;-480712960;13:28:42.354923;13:28:42.451018;96095
24;50;PAGO;-489105664;13:28:42.355044;13:28:42.450975;95931
24;50;PAGO;-212146432;13:28:42.328575;13:28:42.451067;122492
24;50;PAGO;-245717248;13:28:42.330504;13:28:42.451155;120651
24;50;PAGO;-287680768;13:28:42.331730;13:28:42.451235;119505
24;50;PAGO;-94648576;13:28:42.304086;13:28:42.676409;372323
24;50;PAGO;-165398784;13:28:42.300991;13:28:42.556713;255722
24;50;PAGO;-182184192;13:28:42.301863;13:28:42.556818;254955
24;50;PAGO;-207362304;13:28:42.303990;13:28:42.556948;252958
24;50;PAGO;-366823680;13:28:42.349287;13:28:42.557192;207905
24;50;PAGO;-501106944;13:28:42.355866;13:28:42.557358;201492
24;50;PAGO;-190576896;13:28:42.303590;13:28:42.557509;253919
24;50;PAGO;-232540416;13:28:42.309578;13:28:42.557663;248085
24;50;PAGO;-215755008;13:28:42.304118;13:28:42.557830;253712
24;50;PAGO;-240933120;13:28:42.309872;13:28:42.557953;248081
24;50;PAGO;-249325824;13:28:42.309978;13:28:42.558242;248264
24;50;PAGO;-257718528;13:28:42.310054;13:28:42.558625;248571
24;50;PAGO;-224147712;13:28:42.304353;13:28:42.558813;254460
24;50;PAGO;-274503936;13:28:42.310319;13:28:42.558934;248615
24;50;PAGO;-198969600;13:28:42.303660;13:28:42.559059;255399
24;50;PAGO;-308074752;13:28:42.310714;13:28:42.559181;248467
24;50;PAGO;-282896640;13:28:42.310427;13:28:42.559323;248896
24;50;PAGO;-266111232;13:28:42.310214;13:28:42.559425;249211
24;50;PAGO;-291289344;13:28:42.310526;13:28:42.559593;249067
24;50;PAGO;-316467456;13:28:42.316045;13:28:42.560718;244673
24;50;PAGO;-324860160;13:28:42.316116;13:28:42.560810;244694
24;50;PAGO;-358430976;13:28:42.348521;13:28:42.560983;212462
24;50;PAGO;-383609088;13:28:42.351132;13:28:42.561284;210152
24;50;PAGO;-341645568;13:28:42.343580;13:28:42.562053;218473
24;50;PAGO;-392001792;13:28:42.351901;13:28:42.562278;210377
24;50;PAGO;-408787200;13:28:42.352648;13:28:42.562460;209812
24;50;PAGO;-350038272;13:28:42.343663;13:28:42.562560;218897
24;50;PAGO;-425572608;13:28:42.353895;13:28:42.562642;208747
24;50;PAGO;-400394496;13:28:42.352000;13:28:42.562710;210710
24;50;PAGO;-375216384;13:28:42.350104;13:28:42.563093;212989
24;50;PAGO;-333252864;13:28:42.343397;13:28:42.563562;220165
24;50;PAGO;-417179904;13:28:42.352752;13:28:42.563638;210886
24;50;PAGO;-459143424;13:28:42.354947;13:28:42.564048;209101
24;50;PAGO;-467536128;13:28:42.355031;13:28:42.564148;209117
24;50;PAGO;-475928832;13:28:42.355119;13:28:42.565036;209917
24;50;PAGO;-450750720;13:28:42.354802;13:28:42.566318;211516
24;50;PAGO;-484321536;13:28:42.355205;13:28:42.566408;211203
24;50;PAGO;-492714240;13:28:42.355679;13:28:42.566485;210806
24;50;PAGO;-442358016;13:28:42.354762;13:28:42.566578;211816
24;50;PAGO;-433965312;13:28:42.354541;13:28:42.566714;212173
24;50;PAGO;-534677760;13:28:42.356077;13:28:42.566791;210714
24;50;PAGO;-509499648;13:28:42.355892;13:28:42.566871;210979
24;50;PAGO;-526285056;13:28:42.356015;13:28:42.567078;211063
24;50;PAGO;-543070464;13:28:42.356173;13:28:42.567211;211038
24;50;PAGO;-559855872;13:28:42.356310;13:28:42.567322;211012
24;50;PAGO;-517892352;13:28:42.355951;13:28:42.567433;211482
24;50;PAGO;-576641280;13:28:42.356515;13:28:42.567554;211039
24;50;PAGO;-568248576;13:28:42.356388;13:28:42.567672;211284
24;50;PAGO;-299682048;13:28:42.310602;13:28:42.567745;257143
24;50;PAGO;-551463168;13:28:42.356245;13:28:42.568379;212134
24;50;PAGO;-173791488;13:28:42.301051;13:28:42.678624;377573
24;50;PAGO;-369301760;13:28:42.300709;13:28:42.568667;267958
24;50;PAGO;-386087168;13:28:42.303138;13:28:42.569140;266002
24;50;PAGO;-444836096;13:28:42.327688;13:28:42.569272;241584
24;50;PAGO;-570726656;13:28:42.335572;13:28:42.569421;233849
24;50;PAGO;-663046400;13:28:42.344144;13:28:42.569661;225517
24;50;PAGO;-763758848;13:28:42.345124;13:28:42.569855;224731
24;50;PAGO;-612690176;13:28:42.343709;13:28:42.572554;228845
24;50;PAGO;-394479872;13:28:42.306790;13:28:42.576972;270182
24;50;PAGO;-402872576;13:28:42.315953;13:28:42.577133;261180
24;50;PAGO;-411265280;13:28:42.317382;13:28:42.577525;260143
24;50;PAGO;-419657984;13:28:42.325540;13:28:42.577697;252157
24;50;PAGO;-436443392;13:28:42.327690;13:28:42.577817;250127
24;50;PAGO;-478406912;13:28:42.329637;13:28:42.578031;248394
24;50;PAGO;-495192320;13:28:42.331084;13:28:42.578168;247084
24;50;PAGO;-486799616;13:28:42.330463;13:28:42.578318;247855
24;50;PAGO;-453228800;13:28:42.327846;13:28:42.578493;250647
24;50;PAGO;-503585024;13:28:42.331191;13:28:42.578615;247424
24;50;PAGO;-511977728;13:28:42.332126;13:28:42.578788;246662
24;50;PAGO;-461621504;13:28:42.328730;13:28:42.578906;250176
24;50;PAGO;-470014208;13:28:42.329511;13:28:42.579034;249523
24;50;PAGO;-528763136;13:28:42.334348;13:28:42.579169;244821
24;50;PAGO;-537155840;13:28:42.334961;13:28:42.579347;244386
24;50;PAGO;-520370432;13:28:42.334200;13:28:42.579398;245198
24;50;PAGO;-545548544;13:28:42.335179;13:28:42.579568;244389
24;50;PAGO;-553941248;13:28:42.335220;13:28:42.579725;244505
24;50;PAGO;-428050688;13:28:42.326419;13:28:42.579906;253487
24;50;PAGO;-587512064;13:28:42.336637;13:28:42.580079;243442
24;50;PAGO;-621082880;13:28:42.343770;13:28:42.580225;236455
24;50;PAGO;-604297472;13:28:42.343661;13:28:42.580379;236718
24;50;PAGO;-579119360;13:28:42.335656;13:28:42.581147;245491
24;50;PAGO;-562333952;13:28:42.335516;13:28:42.581256;245740
24;50;PAGO;-637868288;13:28:42.343852;13:28:42.581382;237530
24;50;PAGO;-595904768;13:28:42.343509;13:28:42.581479;237970
24;50;PAGO;-646260992;13:28:42.343969;13:28:42.581651;237682
24;50;PAGO;-654653696;13:28:42.344052;13:28:42.581828;237776
24;50;PAGO;-671439104;13:28:42.344241;13:28:42.581923;237682
24;50;PAGO;-688224512;13:28:42.344365;13:28:42.582057;237692
24;50;PAGO;-696617216;13:28:42.344434;13:28:42.582188;237754
24;50;PAGO;-705009920;13:28:42.344495;13:28:42.582292;237797
24;50;PAGO;-713402624;13:28:42.344558;13:28:42.582443;237885
24;50;PAGO;-721795328;13:28:42.344618;13:28:42.582587;237969
24;50;PAGO;-730188032;13:28:42.344678;13:28:42.582667;237989
24;50;PAGO;-738580736;13:28:42.344750;13:28:42.582779;238029
24;50;PAGO;-746973440;13:28:42.344817;13:28:42.583208;238391
24;50;PAGO;-755366144;13:28:42.344883;13:28:42.583274;238391
24;50;PAGO;-772151552;13:28:42.345179;13:28:42.583349;238170
24;50;PAGO;-780544256;13:28:42.345197;13:28:42.583441;238244
24;50;PAGO;-629475584;13:28:42.343823;13:28:42.583569;239746
24;50;PAGO;-679831808;13:28:42.344330;13:28:42.583666;239336
24;50;PAGO;-377694464;13:28:42.300977;13:28:42.678928;377951
24;50;PAGO;-979728640;13:28:42.301869;13:28:42.592090;290221
24;50;PAGO;-996514048;13:28:42.303435;13:28:42.592243;288808
24;50;PAGO;-1055262976;13:28:42.336769;13:28:42.592413;255644
24;50;PAGO;-1340614912;13:28:42.357084;13:28:42.592762;235678
24;50;PAGO;-1332222208;13:28:42.357105;13:28:42.592941;235836
24;50;PAGO;-1013299456;13:28:42.313438;13:28:42.593027;279589
24;50;PAGO;-1021692160;13:28:42.313548;13:28:42.593141;279593
24;50;PAGO;-1030084864;13:28:42.313624;13:28:42.593269;279645
24;50;PAGO;-1038477568;13:28:42.317462;13:28:42.593419;275957
24;50;PAGO;-1063655680;13:28:42.339548;13:28:42.593619;254071
24;50;PAGO;-1080441088;13:28:42.339635;13:28:42.593709;254074
24;50;PAGO;-1097226496;13:28:42.341157;13:28:42.593820;252663
24;50;PAGO;-1122404608;13:28:42.351084;13:28:42.593919;242835
24;50;PAGO;-1130797312;13:28:42.351115;13:28:42.594124;243009
24;50;PAGO;-1139190016;13:28:42.351873;13:28:42.594419;242546
24;50;PAGO;-1046870272;13:28:42.336609;13:28:42.594655;258046
24;50;PAGO;-1181153536;13:28:42.353686;13:28:42.596151;242465
24;50;PAGO;-1088833792;13:28:42.339732;13:28:42.596910;257178
24;50;PAGO;-1189546240;13:28:42.353777;13:28:42.597405;243628
24;50;PAGO;-1155975424;13:28:42.353350;13:28:42.597484;244134
24;50;PAGO;-1164368128;13:28:42.353395;13:28:42.597541;244146
24;50;PAGO;-1197938944;13:28:42.354110;13:28:42.597645;243535
24;50;PAGO;-1223117056;13:28:42.354767;13:28:42.597703;242936
24;50;PAGO;-1072048384;13:28:42.339564;13:28:42.597773;258209
24;50;PAGO;-1105619200;13:28:42.346204;13:28:42.597842;251638
24;50;PAGO;-1172760832;13:28:42.353986;13:28:42.597919;243933
24;50;PAGO;-1256687872;13:28:42.355808;13:28:42.597993;242185
24;50;PAGO;-1265080576;13:28:42.355934;13:28:42.598071;242137
24;50;PAGO;-1273473280;13:28:42.356039;13:28:42.598234;242195
24;50;PAGO;-1147582720;13:28:42.352307;13:28:42.598310;246003
24;50;PAGO;-1114011904;13:28:42.347343;13:28:42.598412;251069
24;50;PAGO;-1206331648;13:28:42.354135;13:28:42.598525;244390
24;50;PAGO;-1290258688;13:28:42.356531;13:28:42.598643;242112
24;50;PAGO;-1214724352;13:28:42.354431;13:28:42.598747;244316
24;50;PAGO;-1298651392;13:28:42.356602;13:28:42.599230;242628
24;50;PAGO;-1239902464;13:28:42.355533;13:28:42.599285;243752
24;50;PAGO;-1307044096;13:28:42.356645;13:28:42.599361;242716
24;50;PAGO;-1315436800;13:28:42.356711;13:28:42.599424;242713
24;50;PAGO;-1231509760;13:28:42.356217;13:28:42.599502;243285
24;50;PAGO;-1281865984;13:28:42.356447;13:28:42.599591;243144
24;50;PAGO;-1323829504;13:28:42.356761;13:28:42.599682;242921
24;50;PAGO;-1357400320;13:28:42.357247;13:28:42.599768;242521
24;50;PAGO;-1374185728;13:28:42.357387;13:28:42.599867;242480
24;50;PAGO;-1349007616;13:28:42.357258;13:28:42.599979;242721
24;50;PAGO;-1382578432;13:28:42.357453;13:28:42.600090;242637
24;50;PAGO;-1390971136;13:28:42.357508;13:28:42.600218;242710
24;50;PAGO;-1365793024;13:28:42.357299;13:28:42.600326;243027
24;50;PAGO;-1004906752;13:28:42.304785;13:28:42.600477;295692
24;50;PAGO;-1248295168;13:28:42.355717;13:28:42.600577;244860
24;50;PAGO;-988121344;13:28:42.301883;13:28:42.679666;377783
24;50;PAGO;-1671723264;13:28:42.300451;13:28:42.386575;86124
24;50;PAGO;-1696901376;13:28:42.302247;13:28:42.386912;84665
24;50;PAGO;-1713686784;13:28:42.304968;13:28:42.387951;82983
24;50;PAGO;-1839577344;13:28:42.316620;13:28:42.388159;71539
24;50;PAGO;-1923504384;13:28:42.336570;13:28:42.388312;51742
24;50;PAGO;-1948682496;13:28:42.339723;13:28:42.388617;48894
24;50;PAGO;-1730472192;13:28:42.305329;13:28:42.388725;83396
24;50;PAGO;-1705294080;13:28:42.305448;13:28:42.388795;83347
24;50;PAGO;-1738864896;13:28:42.305491;13:28:42.389388;83897
24;50;PAGO;-1747257600;13:28:42.309859;13:28:42.389452;79593
24;50;PAGO;-1755650304;13:28:42.310553;13:28:42.389518;78965
24;50;PAGO;-1780828416;13:28:42.311067;13:28:42.389575;78508
24;50;PAGO;-1764043008;13:28:42.310567;13:28:42.390094;79527
24;50;PAGO;-1772435712;13:28:42.310655;13:28:42.390726;80071
24;50;PAGO;-1789221120;13:28:42.311439;13:28:42.390941;79502
24;50;PAGO;-1797613824;13:28:42.311474;13:28:42.391018;79544
24;50;PAGO;-1806006528;13:28:42.311950;13:28:42.391150;79200
24;50;PAGO;-1822791936;13:28:42.315197;13:28:42.391211;76014
24;50;PAGO;-1847970048;13:28:42.318752;13:28:42.391316;72564
24;50;PAGO;-1856362752;13:28:42.334179;13:28:42.391387;57208
24;50;PAGO;-1814399232;13:28:42.314614;13:28:42.391480;76866
24;50;PAGO;-1831184640;13:28:42.316470;13:28:42.391652;75182
24;50;PAGO;-1873148160;13:28:42.334891;13:28:42.391760;56869
24;50;PAGO;-1864755456;13:28:42.334321;13:28:42.391828;57507
24;50;PAGO;-1898326272;13:28:42.335642;13:28:42.391929;56287
24;50;PAGO;-1915111680;13:28:42.336402;13:28:42.392080;55678
24;50;PAGO;-1906718976;13:28:42.335730;13:28:42.392245;56515
24;50;PAGO;-1931897088;13:28:42.339186;13:28:42.392351;53165
24;50;PAGO;-1881540864;13:28:42.335045;13:28:42.392452;57407
24;50;PAGO;-1957075200;13:28:42.339948;13:28:42.392553;52605
24;50;PAGO;-1940289792;13:28:42.339603;13:28:42.392655;53052
24;50;PAGO;-1965467904;13:28:42.340120;13:28:42.392759;52639
24;50;PAGO;-1973860608;13:28:42.340432;13:28:42.392879;52447
24;50;PAGO;-1990646016;13:28:42.340638;13:28:42.392992;52354
24;50;PAGO;-1999038720;13:28:42.340667;13:28:42.393110;52443
24;50;PAGO;-2015824128;13:28:42.340914;13:28:42.393221;52307
24;50;PAGO;-2024216832;13:28:42.340920;13:28:42.393322;52402
24;50;PAGO;-2032609536;13:28:42.341054;13:28:42.393460;52406
24;50;PAGO;-2049394944;13:28:42.341140;13:28:42.393613;52473
24;50;PAGO;-2041002240;13:28:42.341184;13:28:42.394068;52884
24;50;PAGO;-2057787648;13:28:42.346039;13:28:42.394228;48189
24;50;PAGO;-2066180352;13:28:42.346230;13:28:42.394379;48149
24;50;PAGO;-2007431424;13:28:42.340733;13:28:42.397071;56338
24;50;PAGO;-1982253312;13:28:42.340551;13:28:42.397239;56688
24;50;PAGO;-1889933568;13:28:42.335533;13:28:42.397304;61771
24;50;PAGO;-2082965760;13:28:42.346521;13:28:42.397368;50847
24;50;PAGO;-1722079488;13:28:42.305149;13:28:42.397418;92269
24;50;PAGO;-2074573056;13:28:42.346312;13:28:42.397492;51180
24;50;PAGO;-1680115968;13:28:42.300935;13:28:42.675651;374716
24;50;PAGO;-1688508672;13:28:42.301070;13:28:42.681589;380519
24;0;PAGO;184280832;13:28:42.300288;13:28:42.351281;50993
24;0;PAGO;175888128;13:28:42.301057;13:28:42.352735;51678
24;0;PAGO;167495424;13:28:42.303338;13:28:42.352909;49571
24;0;PAGO;159102720;13:28:42.303350;13:28:42.353404;50054
24;0;PAGO;150710016;13:28:42.303640;13:28:42.353517;49877
24;0;PAGO;142317312;13:28:42.305565;13:28:42.353692;48127
24;0;PAGO;133924608;13:28:42.306978;13:28:42.353881;46903
24;0;PAGO;117139200;13:28:42.313476;13:28:42.354082;40606
24;0;PAGO;125531904;13:28:42.313391;13:28:42.354357;40966
24;0;PAGO;100353792;13:28:42.318653;13:28:42.354504;35851
24;0;PAGO;91961088;13:28:42.324578;13:28:42.354921;30343
24;0;PAGO;83568384;13:28:42.324652;13:28:42.355134;30482
24;0;PAGO;66782976;13:28:42.327830;13:28:42.355375;27545
24;0;PAGO;58390272;13:28:42.327972;13:28:42.355567;27595
24;0;PAGO;75175680;13:28:42.328025;13:28:42.355829;27804
24;0;PAGO;108746496;13:28:42.313608;13:28:42.355966;42358
24;0;PAGO;41604864;13:28:42.329136;13:28:42.356088;26952
24;0;PAGO;24819456;13:28:42.331999;13:28:42.356344;24345
24;0;PAGO;16426752;13:28:42.334196;13:28:42.356473;22277
24;0;PAGO;8034048;13:28:42.336248;13:28:42.356610;20362
24;0;PAGO;-358656;13:28:42.336436;13:28:42.356741;20305
24;50;PAGO;-17144064;13:28:42.350604;13:28:42.356942;6338
24;50;PAGO;-8751360;13:28:42.346897;13:28:42.357382;10485
24;50;PAGO;-25536768;13:28:42.350611;13:28:42.357444;6833
24;50;PAGO;33212160;13:28:42.331176;13:28:42.357585;26409
24;50;PAGO;49997568;13:28:42.328065;13:28:42.357817;29752
24;50;PAGO;-33929472;13:28:42.351477;13:28:42.674522;323045
24;50;PAGO;-42322176;13:28:42.351482;13:28:42.681060;329578
24;50;PAGO;-50714880;13:28:42.351514;13:28:42.684553;333039
24;50;PAGO;-59107584;13:28:42.351571;13:28:42.686351;334780
24;50;PAGO;-67500288;13:28:42.352630;13:28:42.697963;345333
24;50;PAGO;-101181696;13:28:42.354352;13:28:42.698092;343740
24;50;PAGO;-117967104;13:28:42.354570;13:28:42.698150;343580
24;50;PAGO;-369117440;13:28:42.355391;13:28:42.698264;342873
24;50;PAGO;-411080960;13:28:42.356657;13:28:42.698342;341685
24;50;PAGO;-109574400;13:28:42.354380;13:28:42.698901;344521
24;50;PAGO;-84396288;13:28:42.353927;13:28:42.699490;345563
24;50;PAGO;-335546624;13:28:42.354793;13:28:42.699583;344790
24;50;PAGO;-343939328;13:28:42.355007;13:28:42.699686;344679
24;50;PAGO;-352332032;13:28:42.355071;13:28:42.699765;344694
24;50;PAGO;-360724736;13:28:42.355213;13:28:42.699859;344646
24;50;PAGO;-92788992;13:28:42.354177;13:28:42.699943;345766
24;50;PAGO;-394295552;13:28:42.355638;13:28:42.700017;344379
24;50;PAGO;-385902848;13:28:42.355514;13:28:42.700111;344597
24;50;PAGO;-377510144;13:28:42.355447;13:28:42.700253;344806
24;50;PAGO;-402688256;13:28:42.356404;13:28:42.700513;344109
24;50;PAGO;-419473664;13:28:42.356624;13:28:42.700583;343959
24;50;PAGO;-427866368;13:28:42.356768;13:28:42.700640;343872
24;50;PAGO;-436259072;13:28:42.356902;13:28:42.700860;343958
24;50;PAGO;-76003584;13:28:42.353781;13:28:42.700945;347164
24;50;PAGO;382576384;13:28:42.302380;13:28:42.451734;149354
24;50;PAGO;374183680;13:28:42.302435;13:28:42.452174;149739
24;50;PAGO;298649344;13:28:42.339387;13:28:42.452279;112892
24;50;PAGO;239900416;13:28:42.342530;13:28:42.452335;109805
24;50;PAGO;13297408;13:28:42.348328;13:28:42.452674;104346
24;50;PAGO;21690112;13:28:42.348273;13:28:42.452903;104630
24;50;PAGO;72046336;13:28:42.347644;13:28:42.453096;105452
24;50;PAGO;365790976;13:28:42.302492;13:28:42.453191;150699
24;50;PAGO;357398272;13:28:42.302566;13:28:42.453292;150726
24;50;PAGO;349005568;13:28:42.302635;13:28:42.453407;150772
24;50;PAGO;340612864;13:28:42.304095;13:28:42.453507;149412
24;50;PAGO;332220160;13:28:42.307969;13:28:42.453605;145636
24;50;PAGO;323827456;13:28:42.316619;13:28:42.453717;137098
24;50;PAGO;315434752;13:28:42.339231;13:28:42.453842;114611
24;50;PAGO;307042048;13:28:42.339269;13:28:42.454086;114817
24;50;PAGO;290256640;13:28:42.339464;13:28:42.454288;114824
24;50;PAGO;281863936;13:28:42.339540;13:28:42.454409;114869
24;50;PAGO;273471232;13:28:42.339606;13:28:42.454527;114921
24;50;PAGO;256685824;13:28:42.342288;13:28:42.454816;112528
24;50;PAGO;265078528;13:28:42.339699;13:28:42.454991;115292
24;50;PAGO;248293120;13:28:42.342439;13:28:42.455119;112680
24;50;PAGO;231507712;13:28:42.342568;13:28:42.455234;112666
24;50;PAGO;214722304;13:28:42.342720;13:28:42.455445;112725
24;50;PAGO;206329600;13:28:42.342786;13:28:42.455575;112789
24;50;PAGO;197936896;13:28:42.342851;13:28:42.455646;112795
24;50;PAGO;189544192;13:28:42.342919;13:28:42.455706;112787
24;50;PAGO;181151488;13:28:42.342985;13:28:42.455791;112806
24;50;PAGO;172758784;13:28:42.343053;13:28:42.455891;112838
24;50;PAGO;164366080;13:28:42.343125;13:28:42.455989;112864
24;50;PAGO;155973376;13:28:42.343228;13:28:42.456088;112860
24;50;PAGO;147580672;13:28:42.343318;13:28:42.456187;112869
24;50;PAGO;139187968;13:28:42.343392;13:28:42.456420;113028
24;50;PAGO;223115008;13:28:42.342648;13:28:42.456579;113931
24;50;PAGO;122402560;13:28:42.346323;13:28:42.456684;110361
24;50;PAGO;97224448;13:28:42.347289;13:28:42.456801;109512
24;50;PAGO;105617152;13:28:42.346710;13:28:42.456966;110256
24;50;PAGO;114009856;13:28:42.346604;13:28:42.457083;110479
24;50;PAGO;130795264;13:28:42.343500;13:28:42.457214;113714
24;50;PAGO;88831744;13:28:42.347310;13:28:42.457356;110046
24;50;PAGO;80439040;13:28:42.347525;13:28:42.457471;109946
24;50;PAGO;63653632;13:28:42.347729;13:28:42.457597;109868
24;50;PAGO;55260928;13:28:42.347765;13:28:42.457740;109975
24;50;PAGO;38475520;13:28:42.348053;13:28:42.457873;109820
24;50;PAGO;46868224;13:28:42.347945;13:28:42.457978;110033
24;50;PAGO;4904704;13:28:42.349149;13:28:42.458068;108919
24;50;PAGO;-3488000;13:28:42.350186;13:28:42.458165;107979
24;50;PAGO;-11880704;13:28:42.350293;13:28:42.458332;108039
24;50;PAGO;-20273408;13:28:42.350464;13:28:42.458431;107967
24;50;PAGO;30082816;13:28:42.348184;13:28:42.458573;110389
24;50;PAGO;-28666112;13:28:42.351145;13:28:42.458739;107594
24;50;PAGO;462886656;13:28:42.303779;13:28:42.485359;181580
24;50;PAGO;454493952;13:28:42.305000;13:28:42.485452;180452
24;50;PAGO;295032576;13:28:42.343580;13:28:42.485805;142225
24;50;PAGO;336996096;13:28:42.332431;13:28:42.486163;153732
24;50;PAGO;446101248;13:28:42.309184;13:28:42.486315;177131
24;50;PAGO;437708544;13:28:42.315581;13:28:42.486482;170901
24;50;PAGO;429315840;13:28:42.318937;13:28:42.486601;167664
24;50;PAGO;420923136;13:28:42.324675;13:28:42.486719;162044
24;50;PAGO;412530432;13:28:42.325068;13:28:42.486870;161802
24;50;PAGO;404137728;13:28:42.327830;13:28:42.487036;159206
24;50;PAGO;370566912;13:28:42.331105;13:28:42.487169;156064
24;50;PAGO;362174208;13:28:42.331241;13:28:42.487303;156062
24;50;PAGO;353781504;13:28:42.331256;13:28:42.487434;156178
24;50;PAGO;328603392;13:28:42.334294;13:28:42.487541;153247
24;50;PAGO;378959616;13:28:42.330444;13:28:42.487745;157301
24;50;PAGO;320210688;13:28:42.335356;13:28:42.487839;152483
24;50;PAGO;345388800;13:28:42.332347;13:28:42.488218;155871
24;50;PAGO;244676352;13:28:42.344013;13:28:42.488308;144295
24;50;PAGO;311817984;13:28:42.336014;13:28:42.488447;152433
24;50;PAGO;236283648;13:28:42.344066;13:28:42.488574;144508
24;50;PAGO;227890944;13:28:42.344189;13:28:42.488793;144604
24;50;PAGO;286639872;13:28:42.343686;13:28:42.489597;145911
24;50;PAGO;269854464;13:28:42.343774;13:28:42.489734;145960
24;50;PAGO;261461760;13:28:42.343839;13:28:42.490642;146803
24;50;PAGO;194320128;13:28:42.346610;13:28:42.490842;144232
24;50;PAGO;253069056;13:28:42.343958;13:28:42.490921;146963
24;50;PAGO;202712832;13:28:42.346342;13:28:42.490996;144654
24;50;PAGO;219498240;13:28:42.344220;13:28:42.491100;146880
24;50;PAGO;152356608;13:28:42.352123;13:28:42.491204;139081
24;50;PAGO;143963904;13:28:42.353024;13:28:42.491300;138276
24;50;PAGO;211105536;13:28:42.344299;13:28:42.491404;147105
24;50;PAGO;160749312;13:28:42.351816;13:28:42.491971;140155
24;50;PAGO;127178496;13:28:42.354473;13:28:42.492554;138081
24;50;PAGO;135571200;13:28:42.353186;13:28:42.492620;139434
24;50;PAGO;278247168;13:28:42.343713;13:28:42.492780;149067
24;50;PAGO;118785792;13:28:42.354562;13:28:42.493322;138760
24;50;PAGO;102000384;13:28:42.354736;13:28:42.494672;139936
24;50;PAGO;110393088;13:28:42.354765;13:28:42.496627;141862
24;50;PAGO;93607680;13:28:42.354846;13:28:42.496917;142071
24;50;PAGO;76822272;13:28:42.355446;13:28:42.497314;141868
24;50;PAGO;387352320;13:28:42.328007;13:28:42.497549;169542
24;50;PAGO;60036864;13:28:42.355590;13:28:42.497943;142353
24;50;PAGO;177534720;13:28:42.347190;13:28:42.498009;150819
24;50;PAGO;185927424;13:28:42.347112;13:28:42.498281;151169
24;50;PAGO;169142016;13:28:42.347293;13:28:42.498578;151285
24;50;PAGO;303425280;13:28:42.343355;13:28:42.498757;155402
24;50;PAGO;395745024;13:28:42.327904;13:28:42.498943;171039
24;50;PAGO;51644160;13:28:42.355798;13:28:42.499199;143401
24;50;PAGO;85214976;13:28:42.354940;13:28:42.499265;144325
24;50;PAGO;68429568;13:28:42.355482;13:28:42.499583;144101
24;50;PAGO;-1181591808;13:28:42.303064;13:28:42.607610;304546
24;50;PAGO;-1189984512;13:28:42.306595;13:28:42.607760;301165
24;50;PAGO;-1332660480;13:28:42.337276;13:28:42.608042;270766
24;50;PAGO;-1492121856;13:28:42.338594;13:28:42.608580;269986
24;50;PAGO;-1206769920;13:28:42.317197;13:28:42.608761;291564
24;50;PAGO;-1215162624;13:28:42.326663;13:28:42.609029;282366
24;50;PAGO;-1223555328;13:28:42.326675;13:28:42.609097;282422
24;50;PAGO;-1231948032;13:28:42.326772;13:28:42.609186;282414
24;50;PAGO;-1240340736;13:28:42.330111;13:28:42.609290;279179
24;50;PAGO;-1257126144;13:28:42.330113;13:28:42.609403;279290
24;50;PAGO;-1248733440;13:28:42.330943;13:28:42.609519;278576
24;50;PAGO;-1265518848;13:28:42.331273;13:28:42.609980;278707
24;50;PAGO;-1273911552;13:28:42.332971;13:28:42.611009;278038
24;50;PAGO;-1282304256;13:28:42.332985;13:28:42.611105;278120
24;50;PAGO;-1299089664;13:28:42.335102;13:28:42.611166;276064
24;50;PAGO;-1307482368;13:28:42.335312;13:28:42.611290;275978
24;50;PAGO;-1324267776;13:28:42.337267;13:28:42.611353;274086
24;50;PAGO;-1315875072;13:28:42.336759;13:28:42.611439;274680
24;50;PAGO;-1357838592;13:28:42.337498;13:28:42.611524;274026
24;50;PAGO;-1366231296;13:28:42.337556;13:28:42.611930;274374
24;50;PAGO;-1374624000;13:28:42.337617;13:28:42.612602;274985
24;50;PAGO;-1383016704;13:28:42.337662;13:28:42.612671;275009
24;50;PAGO;-1349445888;13:28:42.337411;13:28:42.613179;275768
24;50;PAGO;-1290696960;13:28:42.335075;13:28:42.613273;278198
24;50;PAGO;-1441765632;13:28:42.337959;13:28:42.613612;275653
24;50;PAGO;-1466943744;13:28:42.338100;13:28:42.613703;275603
24;50;PAGO;-1458551040;13:28:42.338045;13:28:42.613860;275815
24;50;PAGO;-1475336448;13:28:42.338159;13:28:42.613948;275789
24;50;PAGO;-1508907264;13:28:42.338741;13:28:42.614126;275385
24;50;PAGO;-1416587520;13:28:42.337833;13:28:42.614226;276393
24;50;PAGO;-1408194816;13:28:42.337788;13:28:42.614460;276672
24;50;PAGO;-1391409408;13:28:42.337705;13:28:42.614562;276857
24;50;PAGO;-1424980224;13:28:42.337875;13:28:42.614829;276954
24;50;PAGO;-1534085376;13:28:42.338870;13:28:42.614986;276116
24;50;PAGO;-1550870784;13:28:42.338960;13:28:42.615461;276501
24;50;PAGO;-1559263488;13:28:42.339001;13:28:42.615612;276611
24;50;PAGO;-1567656192;13:28:42.339044;13:28:42.615758;276714
24;50;PAGO;-1576048896;13:28:42.339088;13:28:42.615994;276906
24;50;PAGO;-1584441600;13:28:42.339161;13:28:42.616213;277052
24;50;PAGO;-1592834304;13:28:42.346154;13:28:42.616417;270263
24;50;PAGO;-1542478080;13:28:42.338916;13:28:42.616813;277897
24;50;PAGO;-1433372928;13:28:42.337918;13:28:42.617644;279726
24;50;PAGO;-1450158336;13:28:42.338000;13:28:42.617845;279845
24;50;PAGO;-1341053184;13:28:42.337361;13:28:42.618036;280675
24;50;PAGO;-1517299968;13:28:42.338785;13:28:42.618113;279328
24;50;PAGO;-1198377216;13:28:42.315703;13:28:42.618264;302561
24;50;PAGO;-1399802112;13:28:42.337746;13:28:42.618373;280627
24;50;PAGO;-1500514560;13:28:42.338696;13:28:42.618566;279870
24;50;PAGO;-1525692672;13:28:42.338828;13:28:42.618790;279962
24;50;PAGO;-1483729152;13:28:42.338231;13:28:42.619058;280827
24;50;PAGO;2018092800;13:28:42.303288;13:28:42.628000;324712
24;50;PAGO;2009700096;13:28:42.306713;13:28:42.628135;321422
24;50;PAGO;1992914688;13:28:42.317664;13:28:42.628196;310532
24;50;PAGO;1841846016;13:28:42.334772;13:28:42.628453;293681
24;50;PAGO;1816667904;13:28:42.335428;13:28:42.628528;293100
24;50;PAGO;2001307392;13:28:42.317550;13:28:42.629599;312049
24;50;PAGO;1984521984;13:28:42.317828;13:28:42.629734;311906
24;50;PAGO;1976129280;13:28:42.317961;13:28:42.631108;313147
24;50;PAGO;1959343872;13:28:42.318213;13:28:42.631251;313038
24;50;PAGO;1950951168;13:28:42.318281;13:28:42.631364;313083
24;50;PAGO;1942558464;13:28:42.318356;13:28:42.631458;313102
24;50;PAGO;1967736576;13:28:42.318156;13:28:42.631617;313461
24;50;PAGO;1934165760;13:28:42.318464;13:28:42.632473;314009
24;50;PAGO;1925773056;13:28:42.318642;13:28:42.632557;313915
24;50;PAGO;1908987648;13:28:42.325858;13:28:42.632814;306956
24;50;PAGO;1917380352;13:28:42.325789;13:28:42.633051;307262
24;50;PAGO;1875416832;13:28:42.331256;13:28:42.633259;302003
24;50;PAGO;1900594944;13:28:42.326288;13:28:42.633409;307121
24;50;PAGO;1892202240;13:28:42.331258;13:28:42.633563;302305
24;50;PAGO;1883809536;13:28:42.331259;13:28:42.633611;302352
24;50;PAGO;1867024128;13:28:42.331415;13:28:42.633673;302258
24;50;PAGO;1858631424;13:28:42.333182;13:28:42.633788;300606
24;50;PAGO;1825060608;13:28:42.335339;13:28:42.633865;298526
24;50;PAGO;1833453312;13:28:42.334916;13:28:42.634073;299157
24;50;PAGO;1850238720;13:28:42.334858;13:28:42.634232;299374
24;50;PAGO;1799882496;13:28:42.335653;13:28:42.634400;298747
24;50;PAGO;1791489792;13:28:42.336184;13:28:42.634609;298425
24;50;PAGO;1757918976;13:28:42.346094;13:28:42.634750;288656
24;50;PAGO;1690777344;13:28:42.347602;13:28:42.634888;287286
24;50;PAGO;1673991936;13:28:42.348350;13:28:42.635017;286667
24;50;PAGO;1665599232;13:28:42.349175;13:28:42.635165;285990
24;50;PAGO;1808275200;13:28:42.335518;13:28:42.635295;299777
24;50;PAGO;1640421120;13:28:42.351291;13:28:42.635431;284140
24;50;PAGO;1623635712;13:28:42.352478;13:28:42.635568;283090
24;50;PAGO;1741133568;13:28:42.346091;13:28:42.635679;289588
24;50;PAGO;1766311680;13:28:42.339328;13:28:42.635827;296499
24;50;PAGO;1732740864;13:28:42.346370;13:28:42.635935;289565
24;50;PAGO;1724348160;13:28:42.346560;13:28:42.636157;289597
24;50;PAGO;1715955456;13:28:42.346722;13:28:42.636318;289596
24;50;PAGO;1707562752;13:28:42.347387;13:28:42.636426;289039
24;50;PAGO;1682384640;13:28:42.347707;13:28:42.636506;288799
24;50;PAGO;1783097088;13:28:42.336679;13:28:42.636658;299979
24;50;PAGO;1699170048;13:28:42.347560;13:28:42.636821;289261
24;50;PAGO;1632028416;13:28:42.351995;13:28:42.636935;284940
24;50;PAGO;1606850304;13:28:42.353778;13:28:42.637148;283370
24;50;PAGO;1615243008;13:28:42.352550;13:28:42.637285;284735
24;50;PAGO;1774704384;13:28:42.339233;13:28:42.637418;298185
24;50;PAGO;1648813824;13:28:42.351150;13:28:42.637501;286351
24;50;PAGO;1749526272;13:28:42.346042;13:28:42.637664;291622
24;50;PAGO;1657206528;13:28:42.349838;13:28:42.637805;287967
24;50;PAGO;-1461635328;13:28:42.301665;13:28:42.638202;336537
24;50;PAGO;-1470028032;13:28:42.304260;13:28:42.638463;334203
24;50;PAGO;-1579133184;13:28:42.330815;13:28:42.638779;307964
24;50;PAGO;-1612704000;13:28:42.336253;13:28:42.639059;302806
24;50;PAGO;-1730201856;13:28:42.351081;13:28:42.639278;288197
24;50;PAGO;-1587525888;13:28:42.332396;13:28:42.639372;306976
24;50;PAGO;-1478420736;13:28:42.309490;13:28:42.639655;330165
24;50;PAGO;-1486813440;13:28:42.320349;13:28:42.639757;319408
24;50;PAGO;-1495206144;13:28:42.320534;13:28:42.639852;319318
24;50;PAGO;-1503598848;13:28:42.325234;13:28:42.639930;314696
24;50;PAGO;-1511991552;13:28:42.326262;13:28:42.640060;313798
24;50;PAGO;-1520384256;13:28:42.326865;13:28:42.640162;313297
24;50;PAGO;-1528776960;13:28:42.326977;13:28:42.640269;313292
24;50;PAGO;-1562347776;13:28:42.330195;13:28:42.640335;310140
24;50;PAGO;-1553955072;13:28:42.330005;13:28:42.640395;310390
24;50;PAGO;-1537169664;13:28:42.327005;13:28:42.641124;314119
24;50;PAGO;-1570740480;13:28:42.330149;13:28:42.641499;311350
24;50;PAGO;-1545562368;13:28:42.327205;13:28:42.642289;315084
24;50;PAGO;-1621096704;13:28:42.336535;13:28:42.642455;305920
24;50;PAGO;-1629489408;13:28:42.337055;13:28:42.642568;305513
24;50;PAGO;-1637882112;13:28:42.345394;13:28:42.642769;297375
24;50;PAGO;-1646274816;13:28:42.345563;13:28:42.642875;297312
24;50;PAGO;-1604311296;13:28:42.336478;13:28:42.643208;306730
24;50;PAGO;-1654667520;13:28:42.345608;13:28:42.643955;298347
24;50;PAGO;-1663060224;13:28:42.345804;13:28:42.644020;298216
24;50;PAGO;-1671452928;13:28:42.346309;13:28:42.644103;297794
24;50;PAGO;-1688238336;13:28:42.346676;13:28:42.644347;297671
24;50;PAGO;-1696631040;13:28:42.347367;13:28:42.644429;297062
24;50;PAGO;-1705023744;13:28:42.350161;13:28:42.644509;294348
24;50;PAGO;-1679845632;13:28:42.346535;13:28:42.644569;298034
24;50;PAGO;-1721809152;13:28:42.350976;13:28:42.644638;293662
24;50;PAGO;-1713416448;13:28:42.350893;13:28:42.644779;293886
24;50;PAGO;-1746987264;13:28:42.351925;13:28:42.644981;293056
24;50;PAGO;-1738594560;13:28:42.351772;13:28:42.645134;293362
24;50;PAGO;-1755379968;13:28:42.352022;13:28:42.645677;293655
24;50;PAGO;-1780558080;13:28:42.357108;13:28:42.645767;288659
24;50;PAGO;-1595918592;13:28:42.333315;13:28:42.645829;312514
24;50;PAGO;-1788950784;13:28:42.357125;13:28:42.645922;288797
24;50;PAGO;-1797343488;13:28:42.357174;13:28:42.646038;288864
24;50;PAGO;-1814128896;13:28:42.357411;13:28:42.646203;288792
24;50;PAGO;-1847699712;13:28:42.358128;13:28:42.646392;288264
24;50;PAGO;-1772165376;13:28:42.352656;13:28:42.646441;293785
24;50;PAGO;-1830914304;13:28:42.357541;13:28:42.646577;289036
24;50;PAGO;-1763772672;13:28:42.352069;13:28:42.646881;294812
24;50;PAGO;-1839307008;13:28:42.357643;13:28:42.647186;289543
24;50;PAGO;-1805736192;13:28:42.357256;13:28:42.647280;290024
24;50;PAGO;-1872877824;13:28:42.358465;13:28:42.648646;290181
24;50;PAGO;-1864485120;13:28:42.358442;13:28:42.648723;290281
24;50;PAGO;-1856092416;13:28:42.358199;13:28:42.648827;290628
24;50;PAGO;-1822521600;13:28:42.357486;13:28:42.648915;291429
24;50;PAGO;1742595840;13:28:42.304775;13:28:42.472749;167974
24;50;PAGO;1725810432;13:28:42.316341;13:28:42.472961;156620
24;50;PAGO;1683846912;13:28:42.316427;13:28:42.473100;156673
24;50;PAGO;1650276096;13:28:42.324210;13:28:42.473239;149029
24;50;PAGO;1448851200;13:28:42.347030;13:28:42.473529;126499
24;50;PAGO;1398494976;13:28:42.347644;13:28:42.475992;128348
24;50;PAGO;1717417728;13:28:42.316345;13:28:42.476094;159749
24;50;PAGO;1700632320;13:28:42.316347;13:28:42.476292;159945
24;50;PAGO;1709025024;13:28:42.316353;13:28:42.476558;160205
24;50;PAGO;1675454208;13:28:42.316532;13:28:42.476729;160197
24;50;PAGO;1658668800;13:28:42.318908;13:28:42.476887;157979
24;50;PAGO;1667061504;13:28:42.318991;13:28:42.477006;158015
24;50;PAGO;1692239616;13:28:42.316404;13:28:42.477109;160705
24;50;PAGO;1608312576;13:28:42.325802;13:28:42.477205;151403
24;50;PAGO;1633490688;13:28:42.324245;13:28:42.477428;153183
24;50;PAGO;1641883392;13:28:42.324213;13:28:42.477542;153329
24;50;PAGO;1591527168;13:28:42.326588;13:28:42.477639;151051
24;50;PAGO;1583134464;13:28:42.329327;13:28:42.478504;149177
24;50;PAGO;1599919872;13:28:42.325868;13:28:42.478746;152878
24;50;PAGO;1574741760;13:28:42.329350;13:28:42.479051;149701
24;50;PAGO;1625097984;13:28:42.324323;13:28:42.479246;154923
24;50;PAGO;1541170944;13:28:42.331404;13:28:42.479497;148093
24;50;PAGO;1557956352;13:28:42.330475;13:28:42.479811;149336
24;50;PAGO;1507600128;13:28:42.334469;13:28:42.480045;145576
24;50;PAGO;1499207424;13:28:42.334561;13:28:42.480221;145660
24;50;PAGO;1549563648;13:28:42.332544;13:28:42.480962;148418
24;50;PAGO;1490814720;13:28:42.335149;13:28:42.481243;146094
24;50;PAGO;1515992832;13:28:42.333636;13:28:42.481402;147766
24;50;PAGO;1532778240;13:28:42.331546;13:28:42.481691;150145
24;50;PAGO;1524385536;13:28:42.332359;13:28:42.481833;149474
24;50;PAGO;1482422016;13:28:42.336700;13:28:42.481959;145259
24;50;PAGO;1616705280;13:28:42.325675;13:28:42.482066;156391
24;50;PAGO;1465636608;13:28:42.346232;13:28:42.482181;135949
24;50;PAGO;1457243904;13:28:42.346438;13:28:42.482332;135894
24;50;PAGO;1440458496;13:28:42.347113;13:28:42.482534;135421
24;50;PAGO;1474029312;13:28:42.345800;13:28:42.482762;136962
24;50;PAGO;1415280384;13:28:42.347496;13:28:42.482874;135378
24;50;PAGO;1432065792;13:28:42.347189;13:28:42.482963;135774
24;50;PAGO;1423673088;13:28:42.347408;13:28:42.483063;135655
24;50;PAGO;1566349056;13:28:42.330347;13:28:42.483154;152807
24;50;PAGO;1356531456;13:28:42.348345;13:28:42.483250;134905
24;50;PAGO;1381709568;13:28:42.347883;13:28:42.483406;135523
24;50;PAGO;1348138752;13:28:42.349778;13:28:42.483555;133777
24;50;PAGO;1406887680;13:28:42.347581;13:28:42.483697;136116
24;50;PAGO;1364924160;13:28:42.348292;13:28:42.483824;135532
24;50;PAGO;1390102272;13:28:42.347824;13:28:42.483952;136128
24;50;PAGO;1331353344;13:28:42.351031;13:28:42.484111;133080
24;50;PAGO;1373316864;13:28:42.347938;13:28:42.484750;136812
24;50;PAGO;1339746048;13:28:42.350264;13:28:42.484909;134645
24;50;PAGO;1734203136;13:28:42.306828;13:28:42.677562;370734
24;50;PAGO;1054328576;13:28:42.306557;13:28:42.600917;294360
24;50;PAGO;962008832;13:28:42.335981;13:28:42.601675;265694
24;50;PAGO;844510976;13:28:42.354643;13:28:42.601951;247308
24;50;PAGO;743798528;13:28:42.356254;13:28:42.602036;245782
24;50;PAGO;710227712;13:28:42.356682;13:28:42.602394;245712
24;50;PAGO;1029150464;13:28:42.328226;13:28:42.602529;274303
24;50;PAGO;1037543168;13:28:42.325039;13:28:42.602625;277586
24;50;PAGO;936830720;13:28:42.351875;13:28:42.602724;250849
24;50;PAGO;928438016;13:28:42.352206;13:28:42.602826;250620
24;50;PAGO;1020757760;13:28:42.328487;13:28:42.602952;274465
24;50;PAGO;920045312;13:28:42.352315;13:28:42.603065;250750
24;50;PAGO;1003972352;13:28:42.329625;13:28:42.603195;273570
24;50;PAGO;1012365056;13:28:42.329508;13:28:42.603306;273798
24;50;PAGO;911652608;13:28:42.352342;13:28:42.603425;251083
24;50;PAGO;970401536;13:28:42.333743;13:28:42.603531;269788
24;50;PAGO;953616128;13:28:42.336017;13:28:42.603645;267628
24;50;PAGO;995579648;13:28:42.331779;13:28:42.603772;271993
24;50;PAGO;886474496;13:28:42.352808;13:28:42.603874;251066
24;50;PAGO;1045935872;13:28:42.309449;13:28:42.603998;294549
24;50;PAGO;878081792;13:28:42.353166;13:28:42.604098;250932
24;50;PAGO;978794240;13:28:42.333704;13:28:42.604226;270522
24;50;PAGO;869689088;13:28:42.353665;13:28:42.604330;250665
24;50;PAGO;861296384;13:28:42.353807;13:28:42.604450;250643
24;50;PAGO;903259904;13:28:42.352439;13:28:42.604558;252119
24;50;PAGO;852903680;13:28:42.354329;13:28:42.604679;250350
24;50;PAGO;987186944;13:28:42.332732;13:28:42.604794;272062
24;50;PAGO;894867200;13:28:42.352586;13:28:42.604990;252404
24;50;PAGO;836118272;13:28:42.354754;13:28:42.605098;250344
24;50;PAGO;827725568;13:28:42.354942;13:28:42.605249;250307
24;50;PAGO;785762048;13:28:42.355721;13:28:42.605345;249624
24;50;PAGO;777369344;13:28:42.355848;13:28:42.605453;249605
24;50;PAGO;810940160;13:28:42.355417;13:28:42.605558;250141
24;50;PAGO;701835008;13:28:42.356986;13:28:42.605665;248679
24;50;PAGO;819332864;13:28:42.355332;13:28:42.605765;250433
24;50;PAGO;718620416;13:28:42.356610;13:28:42.605872;249262
24;50;PAGO;727013120;13:28:42.356540;13:28:42.605970;249430
24;50;PAGO;685049600;13:28:42.357190;13:28:42.606084;248894
24;50;PAGO;676656896;13:28:42.357347;13:28:42.606288;248941
24;50;PAGO;768976640;13:28:42.355885;13:28:42.606445;250560
24;50;PAGO;794154752;13:28:42.355619;13:28:42.606563;250944
24;50;PAGO;760583936;13:28:42.356090;13:28:42.606643;250553
24;50;PAGO;802547456;13:28:42.355490;13:28:42.606702;251212
24;50;PAGO;735405824;13:28:42.356319;13:28:42.606766;250447
24;50;PAGO;752191232;13:28:42.356197;13:28:42.606833;250636
24;50;PAGO;945223424;13:28:42.351707;13:28:42.606937;255230
24;50;PAGO;651478784;13:28:42.357905;13:28:42.607056;249151
24;50;PAGO;668264192;13:28:42.357621;13:28:42.607174;249553
24;50;PAGO;693442304;13:28:42.357167;13:28:42.607283;250116
24;50;PAGO;659871488;13:28:42.357872;13:28:42.607381;249509
24;50;PAGO;1062721280;13:28:42.306567;13:28:42.680045;373478
24;50;PAGO;1835263744;13:28:42.306786;13:28:42.649419;342633
24;50;PAGO;1818478336;13:28:42.316253;13:28:42.649503;333250
24;50;PAGO;1768122112;13:28:42.339570;13:28:42.649658;310088
24;50;PAGO;1633838848;13:28:42.350626;13:28:42.649866;299240
24;50;PAGO;1516340992;13:28:42.354538;13:28:42.650024;295486
24;50;PAGO;1541519104;13:28:42.354411;13:28:42.650134;295723
24;50;PAGO;1449199360;13:28:42.356068;13:28:42.650217;294149
24;50;PAGO;1801692928;13:28:42.336586;13:28:42.650276;313690
24;50;PAGO;1793300224;13:28:42.336658;13:28:42.650381;313723
24;50;PAGO;1784907520;13:28:42.339309;13:28:42.650766;311457
24;50;PAGO;1776514816;13:28:42.339648;13:28:42.651313;311665
24;50;PAGO;1734551296;13:28:42.339951;13:28:42.651387;311436
24;50;PAGO;1759729408;13:28:42.339674;13:28:42.651448;311774
24;50;PAGO;1726158592;13:28:42.340040;13:28:42.651589;311549
24;50;PAGO;1742944000;13:28:42.339848;13:28:42.651797;311949
24;50;PAGO;1751336704;13:28:42.339841;13:28:42.651989;312148
24;50;PAGO;1717765888;13:28:42.340131;13:28:42.652094;311963
24;50;PAGO;1684195072;13:28:42.345869;13:28:42.652257;306388
24;50;PAGO;1692587776;13:28:42.340360;13:28:42.652384;312024
24;50;PAGO;1659016960;13:28:42.350363;13:28:42.652454;302091
24;50;PAGO;1650624256;13:28:42.350469;13:28:42.652536;302067
24;50;PAGO;1709373184;13:28:42.340212;13:28:42.652619;312407
24;50;PAGO;1642231552;13:28:42.350539;13:28:42.652714;302175
24;50;PAGO;1700980480;13:28:42.340279;13:28:42.652791;312512
24;50;PAGO;1608660736;13:28:42.351508;13:28:42.652989;301481
24;50;PAGO;1617053440;13:28:42.351298;13:28:42.653074;301776
24;50;PAGO;1667409664;13:28:42.346997;13:28:42.653203;306206
24;50;PAGO;1591875328;13:28:42.351625;13:28:42.653289;301664
24;50;PAGO;1575089920;13:28:42.352285;13:28:42.653373;301088
24;50;PAGO;1625446144;13:28:42.351188;13:28:42.653484;302296
24;50;PAGO;1675802368;13:28:42.346910;13:28:42.653581;306671
24;50;PAGO;1566697216;13:28:42.352864;13:28:42.653696;300832
24;50;PAGO;1558304512;13:28:42.353375;13:28:42.653818;300443
24;50;PAGO;1549911808;13:28:42.353492;13:28:42.653929;300437
24;50;PAGO;1583482624;13:28:42.351650;13:28:42.654035;302385
24;50;PAGO;1507948288;13:28:42.354868;13:28:42.654141;299273
24;50;PAGO;1533126400;13:28:42.354182;13:28:42.654239;300057
24;50;PAGO;1482770176;13:28:42.355243;13:28:42.654339;299096
24;50;PAGO;1474377472;13:28:42.355305;13:28:42.654911;299606
24;50;PAGO;1465984768;13:28:42.355439;13:28:42.654989;299550
24;50;PAGO;1457592064;13:28:42.355924;13:28:42.655038;299114
24;50;PAGO;1524733696;13:28:42.354306;13:28:42.655103;300797
24;50;PAGO;1432413952;13:28:42.356088;13:28:42.655171;299083
24;50;PAGO;1491162880;13:28:42.355124;13:28:42.655269;300145
24;50;PAGO;1600268032;13:28:42.351476;13:28:42.655422;303946
24;50;PAGO;1499555584;13:28:42.355012;13:28:42.655525;300513
24;50;PAGO;1810085632;13:28:42.318693;13:28:42.655703;337010
24;50;PAGO;1424021248;13:28:42.356277;13:28:42.655890;299613
24;50;PAGO;1440806656;13:28:42.356038;13:28:42.656025;299987
24;50;PAGO;1826871040;13:28:42.306859;13:28:42.680521;373662
24;50;PAGO;-1848244480;13:28:42.301328;13:28:42.460604;159276
24;50;PAGO;-1881815296;13:28:42.306212;13:28:42.460691;154479
24;50;PAGO;-1982527744;13:28:42.357369;13:28:42.461640;104271
24;50;PAGO;-2024491264;13:28:42.358125;13:28:42.461760;103635
24;50;PAGO;-2066454784;13:28:42.358658;13:28:42.461820;103162
24;50;PAGO;2035480320;13:28:42.360611;13:28:42.462045;101434
24;50;PAGO;-1890208000;13:28:42.316804;13:28:42.462417;145613
24;50;PAGO;-1898600704;13:28:42.336692;13:28:42.463168;126476
24;50;PAGO;-1906993408;13:28:42.345009;13:28:42.463852;118843
24;50;PAGO;-1915386112;13:28:42.346586;13:28:42.464170;117584
24;50;PAGO;-1923778816;13:28:42.349707;13:28:42.464288;114581
24;50;PAGO;-1932171520;13:28:42.351218;13:28:42.464391;113173
24;50;PAGO;-1940564224;13:28:42.353114;13:28:42.464529;111415
24;50;PAGO;-1948956928;13:28:42.357000;13:28:42.464757;107757
24;50;PAGO;-1957349632;13:28:42.357126;13:28:42.464855;107729
24;50;PAGO;-1965742336;13:28:42.357255;13:28:42.464992;107737
24;50;PAGO;-1974135040;13:28:42.357320;13:28:42.465100;107780
24;50;PAGO;-1999313152;13:28:42.357617;13:28:42.465189;107572
24;50;PAGO;-2007705856;13:28:42.357760;13:28:42.466996;109236
24;50;PAGO;-1990920448;13:28:42.357477;13:28:42.467319;109842
24;50;PAGO;-2032883968;13:28:42.358407;13:28:42.467498;109091
24;50;PAGO;-2041276672;13:28:42.358491;13:28:42.467566;109075
24;50;PAGO;-2058062080;13:28:42.358604;13:28:42.467650;109046
24;50;PAGO;-2016098560;13:28:42.357987;13:28:42.467728;109741
24;50;PAGO;-2074847488;13:28:42.358717;13:28:42.467797;109080
24;50;PAGO;-2083240192;13:28:42.358796;13:28:42.467865;109069
24;50;PAGO;-2049669376;13:28:42.358580;13:28:42.467946;109366
24;50;PAGO;-2108418304;13:28:42.359041;13:28:42.468006;108965
24;50;PAGO;-2091632896;13:28:42.358881;13:28:42.468071;109190
24;50;PAGO;-2100025600;13:28:42.358969;13:28:42.468161;109192
24;50;PAGO;-2116811008;13:28:42.359115;13:28:42.468273;109158
24;50;PAGO;-2125203712;13:28:42.359183;13:28:42.468468;109285
24;50;PAGO;-2133596416;13:28:42.359244;13:28:42.469281;110037
24;50;PAGO;2127800064;13:28:42.359804;13:28:42.470305;110501
24;50;PAGO;2144585472;13:28:42.359561;13:28:42.470464;110903
24;50;PAGO;2102621952;13:28:42.359977;13:28:42.470603;110626
24;50;PAGO;-2141989120;13:28:42.359332;13:28:42.470715;111383
24;50;PAGO;2085836544;13:28:42.360130;13:28:42.470776;110646
24;50;PAGO;2077443840;13:28:42.360228;13:28:42.470902;110674
24;50;PAGO;2069051136;13:28:42.360332;13:28:42.470972;110640
24;50;PAGO;2094229248;13:28:42.360032;13:28:42.471061;111029
24;50;PAGO;2060658432;13:28:42.360395;13:28:42.471205;110810
24;50;PAGO;2052265728;13:28:42.360519;13:28:42.471357;110838
24;50;PAGO;2111014656;13:28:42.359920;13:28:42.471521;111601
24;50;PAGO;2043873024;13:28:42.360540;13:28:42.471700;111160
24;50;PAGO;2136192768;13:28:42.359642;13:28:42.472203;112561
24;50;PAGO;2119407360;13:28:42.359862;13:28:42.472487;112625
24;50;PAGO;-1856637184;13:28:42.301365;13:28:42.676971;375606
24;50;PAGO;-1865029888;13:28:42.301493;13:28:42.681774;380281
24;50;PAGO;-1873422592;13:28:42.302342;13:28:42.685060;382718
24;50;PAGO;1277429504;13:28:42.318759;13:28:42.619273;300514
24;50;PAGO;1243858688;13:28:42.326743;13:28:42.619433;292690
24;50;PAGO;1193502464;13:28:42.334566;13:28:42.619541;284975
24;50;PAGO;1109575424;13:28:42.339919;13:28:42.619845;279926
24;50;PAGO;933328640;13:28:42.346676;13:28:42.620251;273575
24;50;PAGO;1227073280;13:28:42.326857;13:28:42.620337;293480
24;50;PAGO;1218680576;13:28:42.330842;13:28:42.620746;289904
24;50;PAGO;1210287872;13:28:42.330845;13:28:42.620817;289972
24;50;PAGO;1201895168;13:28:42.334557;13:28:42.620945;286388
24;50;PAGO;1168324352;13:28:42.336119;13:28:42.621038;284919
24;50;PAGO;1151538944;13:28:42.339539;13:28:42.621109;281570
24;50;PAGO;1143146240;13:28:42.339631;13:28:42.621174;281543
24;50;PAGO;1185109760;13:28:42.336113;13:28:42.621248;285135
24;50;PAGO;1159931648;13:28:42.336745;13:28:42.621317;284572
24;50;PAGO;1134753536;13:28:42.339734;13:28:42.621376;281642
24;50;PAGO;1126360832;13:28:42.339754;13:28:42.621468;281714
24;50;PAGO;1117968128;13:28:42.339864;13:28:42.621558;281694
24;50;PAGO;1176717056;13:28:42.336110;13:28:42.621672;285562
24;50;PAGO;1084397312;13:28:42.340121;13:28:42.621746;281625
24;50;PAGO;1076004608;13:28:42.340186;13:28:42.621853;281667
24;50;PAGO;1059219200;13:28:42.340320;13:28:42.622093;281773
24;50;PAGO;1050826496;13:28:42.340366;13:28:42.622225;281859
24;50;PAGO;1067611904;13:28:42.340241;13:28:42.622351;282110
24;50;PAGO;1034041088;13:28:42.340512;13:28:42.622484;281972
24;50;PAGO;1008862976;13:28:42.340773;13:28:42.622622;281849
24;50;PAGO;1000470272;13:28:42.340844;13:28:42.622739;281895
24;50;PAGO;992077568;13:28:42.340968;13:28:42.622864;281896
24;50;PAGO;1042433792;13:28:42.340443;13:28:42.622980;282537
24;50;PAGO;966899456;13:28:42.341097;13:28:42.623117;282020
24;50;PAGO;1092790016;13:28:42.340070;13:28:42.623199;283129
24;50;PAGO;941721344;13:28:42.346376;13:28:42.623336;276960
24;50;PAGO;1101182720;13:28:42.340006;13:28:42.623515;283509
24;50;PAGO;958506752;13:28:42.345892;13:28:42.623641;277749
24;50;PAGO;1017255680;13:28:42.340682;13:28:42.623737;283055
24;50;PAGO;899757824;13:28:42.347937;13:28:42.624121;276184
24;50;PAGO;950114048;13:28:42.346030;13:28:42.624194;278164
24;50;PAGO;882972416;13:28:42.350296;13:28:42.624249;273953
24;50;PAGO;874579712;13:28:42.351745;13:28:42.624306;272561
24;50;PAGO;983684864;13:28:42.340986;13:28:42.624370;283384
24;50;PAGO;866187008;13:28:42.353045;13:28:42.624458;271413
24;50;PAGO;924935936;13:28:42.347322;13:28:42.624547;277225
24;50;PAGO;916543232;13:28:42.347346;13:28:42.624613;277267
24;50;PAGO;975292160;13:28:42.341047;13:28:42.624689;283642
24;50;PAGO;1025648384;13:28:42.340586;13:28:42.624792;284206
24;50;PAGO;908150528;13:28:42.347502;13:28:42.624941;277439
24;50;PAGO;891365120;13:28:42.348254;13:28:42.625054;276800
24;50;PAGO;1235465984;13:28:42.326753;13:28:42.627561;300808
24;50;PAGO;1269036800;13:28:42.318791;13:28:42.680279;361488
24;50;PAGO;1260644096;13:28:42.318801;13:28:42.684447;365646
24;50;PAGO;1252251392;13:28:42.319050;13:28:42.686674;367624
24;50;PAGO;1921910528;13:28:42.304314;13:28:42.515403;211089
24;50;PAGO;1913517824;13:28:42.309621;13:28:42.515501;205880
24;50;PAGO;1796019968;13:28:42.330161;13:28:42.515684;185523
24;50;PAGO;1720485632;13:28:42.335696;13:28:42.515937;180241
24;50;PAGO;1527453440;13:28:42.355336;13:28:42.516145;160809
24;50;PAGO;1703700224;13:28:42.336421;13:28:42.516242;179821
24;50;PAGO;1879947008;13:28:42.319398;13:28:42.516344;196946
24;50;PAGO;1888339712;13:28:42.319444;13:28:42.516472;197028
24;50;PAGO;1871554304;13:28:42.319853;13:28:42.516583;196730
24;50;PAGO;1863161600;13:28:42.320190;13:28:42.516692;196502
24;50;PAGO;1846376192;13:28:42.324777;13:28:42.516779;192002
24;50;PAGO;1854768896;13:28:42.325006;13:28:42.516938;191932
24;50;PAGO;1837983488;13:28:42.326012;13:28:42.517000;190988
24;50;PAGO;1829590784;13:28:42.326026;13:28:42.517141;191115
24;50;PAGO;1821198080;13:28:42.327539;13:28:42.517253;189714
24;50;PAGO;1804412672;13:28:42.330011;13:28:42.517359;187348
24;50;PAGO;1779234560;13:28:42.331676;13:28:42.517462;185786
24;50;PAGO;1770841856;13:28:42.332658;13:28:42.517580;184922
24;50;PAGO;1762449152;13:28:42.332795;13:28:42.517669;184874
24;50;PAGO;1754056448;13:28:42.333653;13:28:42.517791;184138
24;50;PAGO;1812805376;13:28:42.329353;13:28:42.517945;188592
24;50;PAGO;1745663744;13:28:42.334676;13:28:42.518075;183399
24;50;PAGO;1728878336;13:28:42.334948;13:28:42.518193;183245
24;50;PAGO;1787627264;13:28:42.330812;13:28:42.518324;187512
24;50;PAGO;1678522112;13:28:42.346938;13:28:42.518427;171489
24;50;PAGO;1670129408;13:28:42.347170;13:28:42.518536;171366
24;50;PAGO;1661736704;13:28:42.347915;13:28:42.518638;170723
24;50;PAGO;1653344000;13:28:42.349284;13:28:42.518740;169456
24;50;PAGO;1712092928;13:28:42.336356;13:28:42.518871;182515
24;50;PAGO;1644951296;13:28:42.350051;13:28:42.518962;168911
24;50;PAGO;1628165888;13:28:42.351167;13:28:42.519127;167960
24;50;PAGO;1686914816;13:28:42.345899;13:28:42.519260;173361
24;50;PAGO;1619773184;13:28:42.352211;13:28:42.519360;167149
24;50;PAGO;1636558592;13:28:42.350654;13:28:42.519484;168830
24;50;PAGO;1602987776;13:28:42.352770;13:28:42.519606;166836
24;50;PAGO;1594595072;13:28:42.353295;13:28:42.519725;166430
24;50;PAGO;1586202368;13:28:42.353459;13:28:42.519809;166350
24;50;PAGO;1611380480;13:28:42.352579;13:28:42.519905;167326
24;50;PAGO;1561024256;13:28:42.354291;13:28:42.520040;165749
24;50;PAGO;1737271040;13:28:42.334836;13:28:42.521063;186227
24;50;PAGO;1569416960;13:28:42.354086;13:28:42.522057;167971
24;50;PAGO;1544238848;13:28:42.354798;13:28:42.522137;167339
24;50;PAGO;1510668032;13:28:42.356053;13:28:42.522198;166145
24;50;PAGO;1577809664;13:28:42.353803;13:28:42.522262;168459
24;50;PAGO;1535846144;13:28:42.355100;13:28:42.522331;167231
24;50;PAGO;1695307520;13:28:42.345525;13:28:42.522394;176869
24;50;PAGO;1519060736;13:28:42.356211;13:28:42.522445;166234
24;50;PAGO;1896732416;13:28:42.315952;13:28:42.522505;206553
24;50;PAGO;1552631552;13:28:42.355426;13:28:42.522565;167139
24;50;PAGO;1905125120;13:28:42.319336;13:28:42.523996;204660
24;50;PAGO;2055608064;13:28:42.303617;13:28:42.524227;220610
24;50;PAGO;2047215360;13:28:42.303794;13:28:42.524562;220768
24;50;PAGO;1996859136;13:28:42.306107;13:28:42.524719;218612
24;50;PAGO;1803826944;13:28:42.339538;13:28:42.525153;185615
24;50;PAGO;1677936384;13:28:42.352454;13:28:42.525281;172827
24;50;PAGO;2038822656;13:28:42.305506;13:28:42.526311;220805
24;50;PAGO;2022037248;13:28:42.305835;13:28:42.527494;221659
24;50;PAGO;2030429952;13:28:42.305890;13:28:42.527560;221670
24;50;PAGO;2013644544;13:28:42.305908;13:28:42.527757;221849
24;50;PAGO;2005251840;13:28:42.306014;13:28:42.527947;221933
24;50;PAGO;1971681024;13:28:42.318876;13:28:42.528310;209434
24;50;PAGO;1988466432;13:28:42.309091;13:28:42.528492;219401
24;50;PAGO;1954895616;13:28:42.320039;13:28:42.528627;208588
24;50;PAGO;1929717504;13:28:42.326352;13:28:42.528775;202423
24;50;PAGO;1963288320;13:28:42.318834;13:28:42.529003;210169
24;50;PAGO;1946502912;13:28:42.325298;13:28:42.529163;203865
24;50;PAGO;1938110208;13:28:42.325310;13:28:42.529277;203967
24;50;PAGO;1912932096;13:28:42.329960;13:28:42.529375;199415
24;50;PAGO;1921324800;13:28:42.329307;13:28:42.529437;200130
24;50;PAGO;1896146688;13:28:42.330272;13:28:42.529555;199283
24;50;PAGO;1879361280;13:28:42.333607;13:28:42.529638;196031
24;50;PAGO;1980073728;13:28:42.309105;13:28:42.530204;221099
24;50;PAGO;1870968576;13:28:42.334729;13:28:42.533860;199131
24;50;PAGO;1845790464;13:28:42.335692;13:28:42.534680;198988
24;50;PAGO;1837397760;13:28:42.336441;13:28:42.534832;198391
24;50;PAGO;1887753984;13:28:42.331820;13:28:42.535279;203459
24;50;PAGO;1904539392;13:28:42.330135;13:28:42.535816;205681
24;50;PAGO;1820612352;13:28:42.336673;13:28:42.539517;202844
24;50;PAGO;1862575872;13:28:42.334854;13:28:42.539769;204915
24;50;PAGO;1829005056;13:28:42.336529;13:28:42.539867;203338
24;50;PAGO;1812219648;13:28:42.339450;13:28:42.540652;201202
24;50;PAGO;1795434240;13:28:42.346122;13:28:42.541691;195569
24;50;PAGO;1787041536;13:28:42.346352;13:28:42.542602;196250
24;50;PAGO;1854183168;13:28:42.335620;13:28:42.543555;207935
24;50;PAGO;1778648832;13:28:42.347328;13:28:42.544525;197197
24;50;PAGO;1770256128;13:28:42.349942;13:28:42.545516;195574
24;50;PAGO;1745078016;13:28:42.351395;13:28:42.551340;199945
24;50;PAGO;1753470720;13:28:42.350915;13:28:42.551508;200593
24;50;PAGO;1719899904;13:28:42.351629;13:28:42.551561;199932
24;50;PAGO;1736685312;13:28:42.351417;13:28:42.551658;200241
24;50;PAGO;1711507200;13:28:42.351696;13:28:42.551728;200032
24;50;PAGO;1686329088;13:28:42.352037;13:28:42.551934;199897
24;50;PAGO;1728292608;13:28:42.351518;13:28:42.552714;201196
24;50;PAGO;1694721792;13:28:42.352120;13:28:42.552824;200704
24;50;PAGO;1644365568;13:28:42.352873;13:28:42.555773;202900
24;50;PAGO;1761863424;13:28:42.350039;13:28:42.555846;205807
24;50;PAGO;1661150976;13:28:42.352944;13:28:42.555981;203037
24;50;PAGO;1652758272;13:28:42.352639;13:28:42.556135;203496
24;50;PAGO;1669543680;13:28:42.352544;13:28:42.556278;203734
24;50;PAGO;1703114496;13:28:42.351811;13:28:42.556398;204587
24;50;PAGO;203560704;13:28:42.303400;13:28:42.666735;363335
24;50;PAGO;195168000;13:28:42.304594;13:28:42.667157;362563
24;50;PAGO;153204480;13:28:42.315951;13:28:42.667281;351330
24;50;PAGO;94455552;13:28:42.339956;13:28:42.667392;327436
24;50;PAGO;2135808;13:28:42.340954;13:28:42.667569;326615
24;50;PAGO;-190896384;13:28:42.351055;13:28:42.667758;316703
24;50;PAGO;-140540160;13:28:42.348237;13:28:42.667931;319694
24;50;PAGO;-148932864;13:28:42.348310;13:28:42.668014;319704
24;50;PAGO;186775296;13:28:42.306757;13:28:42.668098;361341
24;50;PAGO;178382592;13:28:42.306814;13:28:42.668225;361411
24;50;PAGO;161597184;13:28:42.309826;13:28:42.668308;358482
24;50;PAGO;144811776;13:28:42.317416;13:28:42.668413;350997
24;50;PAGO;169989888;13:28:42.315954;13:28:42.668531;352577
24;50;PAGO;136419072;13:28:42.339376;13:28:42.668710;329334
24;50;PAGO;119633664;13:28:42.339662;13:28:42.668769;329107
24;50;PAGO;128026368;13:28:42.339442;13:28:42.668881;329439
24;50;PAGO;111240960;13:28:42.339807;13:28:42.668993;329186
24;50;PAGO;86062848;13:28:42.340039;13:28:42.669106;329067
24;50;PAGO;69277440;13:28:42.340187;13:28:42.669208;329021
24;50;PAGO;52492032;13:28:42.340315;13:28:42.669327;329012
24;50;PAGO;60884736;13:28:42.340288;13:28:42.669461;329173
24;50;PAGO;35706624;13:28:42.340570;13:28:42.669588;329018
24;50;PAGO;44099328;13:28:42.340492;13:28:42.669694;329202
24;50;PAGO;27313920;13:28:42.340675;13:28:42.669814;329139
24;50;PAGO;102848256;13:28:42.339872;13:28:42.669959;330087
24;50;PAGO;10528512;13:28:42.340935;13:28:42.670138;329203
24;50;PAGO;18921216;13:28:42.340767;13:28:42.670195;329428
24;50;PAGO;-56613120;13:28:42.347475;13:28:42.671335;323860
24;50;PAGO;77670144;13:28:42.340351;13:28:42.671771;331420
24;50;PAGO;-73398528;13:28:42.347622;13:28:42.671867;324245
24;50;PAGO;-81791232;13:28:42.347686;13:28:42.671932;324246
24;50;PAGO;-31435008;13:28:42.346007;13:28:42.671991;325984
24;50;PAGO;-39827712;13:28:42.346287;13:28:42.672056;325769
24;50;PAGO;-14649600;13:28:42.341069;13:28:42.672518;331449
24;50;PAGO;-23042304;13:28:42.341131;13:28:42.672681;331550
24;50;PAGO;-65005824;13:28:42.347541;13:28:42.672749;325208
24;50;PAGO;-48220416;13:28:42.347355;13:28:42.672956;325601
24;50;PAGO;-98576640;13:28:42.347844;13:28:42.673105;325261
24;50;PAGO;-123754752;13:28:42.348087;13:28:42.673246;325159
24;50;PAGO;-115362048;13:28:42.348063;13:28:42.673318;325255
24;50;PAGO;-90183936;13:28:42.347692;13:28:42.673392;325700
24;50;PAGO;-106969344;13:28:42.347997;13:28:42.673539;325542
24;50;PAGO;-132147456;13:28:42.348147;13:28:42.673666;325519
24;50;PAGO;-6256896;13:28:42.341022;13:28:42.673746;332724
24;50;PAGO;-157325568;13:28:42.349220;13:28:42.673831;324611
24;50;PAGO;-165718272;13:28:42.349332;13:28:42.673912;324580
24;50;PAGO;-174110976;13:28:42.349764;13:28:42.674023;324259
24;50;PAGO;-199289088;13:28:42.351228;13:28:42.674137;322909
24;50;PAGO;-207681792;13:28:42.351830;13:28:42.674201;322371
24;50;PAGO;-182503680;13:28:42.349904;13:28:42.674291;324387
24;50;PAGO;-233728256;13:28:42.302925;13:28:42.500985;198060
24;50;PAGO;-250513664;13:28:42.306408;13:28:42.501065;194657
24;50;PAGO;-284084480;13:28:42.346974;13:28:42.501154;154180
24;50;PAGO;-603007232;13:28:42.356985;13:28:42.501675;144690
24;50;PAGO;-258906368;13:28:42.309788;13:28:42.501852;192064
24;50;PAGO;-267299072;13:28:42.346862;13:28:42.501915;155053
24;50;PAGO;-275691776;13:28:42.346867;13:28:42.502028;155161
24;50;PAGO;-317655296;13:28:42.351269;13:28:42.502092;150823
24;50;PAGO;-309262592;13:28:42.347303;13:28:42.502232;154929
24;50;PAGO;-300869888;13:28:42.347122;13:28:42.502283;155161
24;50;PAGO;-334440704;13:28:42.351536;13:28:42.502395;150859
24;50;PAGO;-326048000;13:28:42.351388;13:28:42.502458;151070
24;50;PAGO;-351226112;13:28:42.352160;13:28:42.503487;151327
24;50;PAGO;-342833408;13:28:42.351728;13:28:42.503567;151839
24;50;PAGO;-359618816;13:28:42.352445;13:28:42.503633;151188
24;50;PAGO;-368011520;13:28:42.353135;13:28:42.503732;150597
24;50;PAGO;-384796928;13:28:42.353452;13:28:42.503800;150348
24;50;PAGO;-393189632;13:28:42.353571;13:28:42.503878;150307
24;50;PAGO;-401582336;13:28:42.353610;13:28:42.503938;150328
24;50;PAGO;-292477184;13:28:42.347045;13:28:42.504054;157009
24;50;PAGO;-409975040;13:28:42.353707;13:28:42.504186;150479
24;50;PAGO;-426760448;13:28:42.354489;13:28:42.504288;149799
24;50;PAGO;-376404224;13:28:42.353337;13:28:42.504417;151080
24;50;PAGO;-435153152;13:28:42.354681;13:28:42.504559;149878
24;50;PAGO;-418367744;13:28:42.354740;13:28:42.504650;149910
24;50;PAGO;-443545856;13:28:42.354782;13:28:42.505454;150672
24;50;PAGO;-468723968;13:28:42.355162;13:28:42.506439;151277
24;50;PAGO;-451938560;13:28:42.354903;13:28:42.506543;151640
24;50;PAGO;-493902080;13:28:42.355574;13:28:42.506667;151093
24;50;PAGO;-485509376;13:28:42.355359;13:28:42.506815;151456
24;50;PAGO;-460331264;13:28:42.354985;13:28:42.507013;152028
24;50;PAGO;-502294784;13:28:42.355579;13:28:42.511678;156099
24;50;PAGO;-510687488;13:28:42.355811;13:28:42.511860;156049
24;50;PAGO;-519080192;13:28:42.355883;13:28:42.512264;156381
24;50;PAGO;-552651008;13:28:42.356378;13:28:42.512345;155967
24;50;PAGO;-477116672;13:28:42.355279;13:28:42.512506;157227
24;50;PAGO;-535865600;13:28:42.356520;13:28:42.512614;156094
24;50;PAGO;-569436416;13:28:42.356573;13:28:42.512727;156154
24;50;PAGO;-577829120;13:28:42.356683;13:28:42.512830;156147
24;50;PAGO;-586221824;13:28:42.356734;13:28:42.512986;156252
24;50;PAGO;-611399936;13:28:42.357050;13:28:42.513131;156081
24;50;PAGO;-544258304;13:28:42.356283;13:28:42.513331;157048
24;50;PAGO;-628185344;13:28:42.357890;13:28:42.513466;155576
24;50;PAGO;-619792640;13:28:42.357733;13:28:42.513561;155828
24;50;PAGO;-561043712;13:28:42.356961;13:28:42.513652;156691
24;50;PAGO;-594614528;13:28:42.356798;13:28:42.513770;156972
24;50;PAGO;-527472896;13:28:42.356002;13:28:42.513979;157977
24;50;PAGO;-636578048;13:28:42.357981;13:28:42.514122;156141
24;50;PAGO;-644970752;13:28:42.358092;13:28:42.514385;156293
24;50;PAGO;-242120960;13:28:42.302956;13:28:42.678273;375317
24;50;PAGO;1105405696;13:28:42.303736;13:28:42.656701;352965
24;50;PAGO;1088620288;13:28:42.313922;13:28:42.657164;343242
24;50;PAGO;1038264064;13:28:42.345270;13:28:42.657274;312004
24;50;PAGO;929158912;13:28:42.351208;13:28:42.657404;306196
24;50;PAGO;937551616;13:28:42.350692;13:28:42.657625;306933
24;50;PAGO;694163200;13:28:42.356639;13:28:42.657714;301075
24;50;PAGO;1063442176;13:28:42.336717;13:28:42.657867;321150
24;50;PAGO;1055049472;13:28:42.336826;13:28:42.657985;321159
24;50;PAGO;1046656768;13:28:42.336957;13:28:42.658135;321178
24;50;PAGO;1029871360;13:28:42.345389;13:28:42.658411;313022
24;50;PAGO;1004693248;13:28:42.346663;13:28:42.658660;311997
24;50;PAGO;996300544;13:28:42.347123;13:28:42.659550;312427
24;50;PAGO;1021478656;13:28:42.345461;13:28:42.659627;314166
24;50;PAGO;1013085952;13:28:42.345488;13:28:42.659700;314212
24;50;PAGO;987907840;13:28:42.347889;13:28:42.659792;311903
24;50;PAGO;979515136;13:28:42.349272;13:28:42.659983;310711
24;50;PAGO;971122432;13:28:42.350466;13:28:42.660057;309591
24;50;PAGO;962729728;13:28:42.350490;13:28:42.660126;309636
24;50;PAGO;954337024;13:28:42.350611;13:28:42.660257;309646
24;50;PAGO;920766208;13:28:42.351850;13:28:42.660392;308542
24;50;PAGO;895588096;13:28:42.352492;13:28:42.660504;308012
24;50;PAGO;870409984;13:28:42.352735;13:28:42.660622;307887
24;50;PAGO;887195392;13:28:42.352647;13:28:42.660734;308087
24;50;PAGO;845231872;13:28:42.353921;13:28:42.660844;306923
24;50;PAGO;912373504;13:28:42.351933;13:28:42.660990;309057
24;50;PAGO;836839168;13:28:42.354045;13:28:42.661102;307057
24;50;PAGO;811661056;13:28:42.354563;13:28:42.661206;306643
24;50;PAGO;820053760;13:28:42.354307;13:28:42.661306;306999
24;50;PAGO;853624576;13:28:42.353744;13:28:42.661410;307666
24;50;PAGO;794875648;13:28:42.354715;13:28:42.661535;306820
24;50;PAGO;903980800;13:28:42.352066;13:28:42.663621;311555
24;50;PAGO;786482944;13:28:42.354779;13:28:42.663736;308957
24;50;PAGO;828446464;13:28:42.354179;13:28:42.663833;309654
24;50;PAGO;945944320;13:28:42.350671;13:28:42.663911;313240
24;50;PAGO;752912128;13:28:42.355445;13:28:42.663973;308528
24;50;PAGO;778090240;13:28:42.354821;13:28:42.664036;309215
24;50;PAGO;803268352;13:28:42.354650;13:28:42.664109;309459
24;50;PAGO;744519424;13:28:42.355616;13:28:42.664196;308580
24;50;PAGO;727734016;13:28:42.356238;13:28:42.664704;308466
24;50;PAGO;769697536;13:28:42.355234;13:28:42.664809;309575
24;50;PAGO;1080227584;13:28:42.316734;13:28:42.665199;348465
24;50;PAGO;878802688;13:28:42.352665;13:28:42.665469;312804
24;50;PAGO;761304832;13:28:42.355333;13:28:42.665625;310292
24;50;PAGO;719341312;13:28:42.356314;13:28:42.665761;309447
24;50;PAGO;736126720;13:28:42.356208;13:28:42.665835;309627
24;50;PAGO;1071834880;13:28:42.316734;13:28:42.665902;349168
24;50;PAGO;862017280;13:28:42.353074;13:28:42.666342;313268
24;50;PAGO;702555904;13:28:42.356550;13:28:42.666407;309857
24;50;PAGO;710948608;13:28:42.356450;13:28:42.666473;310023
24;50;PAGO;1097012992;13:28:42.303911;13:28:42.680689;376778

