3;5;PAGO;-87922944;13:31:07.491895;13:31:07.493342;1447
3;5;PAGO;-96315648;13:31:07.492003;13:31:07.493468;1465
3;5;PAGO;-121493760;13:31:07.492190;13:31:07.493790;1600
3;5;PAGO;-104708352;13:31:07.492071;13:31:07.495286;3215
3;5;PAGO;-113101056;13:31:07.492129;13:31:07.496823;4694
3;5;PAGO;-1669404928;13:31:07.491773;13:31:07.492803;1030
3;5;PAGO;-1694583040;13:31:07.492109;13:31:07.493021;912
3;5;PAGO;-1702975744;13:31:07.492179;13:31:07.493241;1062
3;5;PAGO;-1677797632;13:31:07.491889;13:31:07.497595;5706
3;5;PAGO;-1686190336;13:31:07.491992;13:31:07.499788;7796
3;0;PAGO;-1589090560;13:31:07.491770;13:31:07.492404;634
3;0;PAGO;-1597483264;13:31:07.491978;13:31:07.492572;594
3;5;PAGO;-1605875968;13:31:07.493005;13:31:07.497395;4390
3;5;PAGO;-1614379264;13:31:07.493197;13:31:07.498482;5285
3;5;PAGO;-1622771968;13:31:07.493289;13:31:07.500654;7365
3;5;PAGO;754730752;13:31:07.495007;13:31:07.498230;3223
3;5;PAGO;746338048;13:31:07.495113;13:31:07.499966;4853
3;5;PAGO;737945344;13:31:07.495167;13:31:07.500855;5688
3;5;PAGO;729552640;13:31:07.495251;13:31:07.500988;5737
3;5;PAGO;721159936;13:31:07.495350;13:31:07.501114;5764



9;20;PAGO;-2119936256;13:32:39.296401;13:32:39.322428;26027
9;20;PAGO;-2128328960;13:32:39.297313;13:32:39.325626;28313
9;20;PAGO;2141460224;13:32:39.297902;13:32:39.326755;28853
9;20;PAGO;2107889408;13:32:39.305442;13:32:39.326905;21463
9;20;PAGO;-2136721664;13:32:39.297772;13:32:39.327839;30067
9;20;PAGO;-2145114368;13:32:39.297779;13:32:39.328836;31057
9;20;PAGO;2133067520;13:32:39.298012;13:32:39.330795;32783
9;20;PAGO;2124674816;13:32:39.298163;13:32:39.331766;33603
9;20;PAGO;2116282112;13:32:39.301178;13:32:39.332469;31291
9;20;PAGO;2099496704;13:32:39.306840;13:32:39.332522;25682
9;20;PAGO;2074318592;13:32:39.306899;13:32:39.332638;25739
9;20;PAGO;2091104000;13:32:39.306920;13:32:39.332995;26075
9;20;PAGO;2057533184;13:32:39.307045;13:32:39.333610;26565
9;20;PAGO;2065925888;13:32:39.306964;13:32:39.333720;26756
9;20;PAGO;2049140480;13:32:39.307152;13:32:39.333920;26768
9;20;PAGO;2040747776;13:32:39.307241;13:32:39.334020;26779
9;20;PAGO;2023962368;13:32:39.307445;13:32:39.334144;26699
9;20;PAGO;2032355072;13:32:39.307412;13:32:39.334310;26898
9;20;PAGO;2015569664;13:32:39.307545;13:32:39.334572;27027
9;20;PAGO;2082711296;13:32:39.306921;13:32:39.334693;27772
9;20;PAGO;410367744;13:32:39.295291;13:32:39.335061;39770
9;20;PAGO;401975040;13:32:39.295513;13:32:39.335314;39801
9;20;PAGO;376796928;13:32:39.296577;13:32:39.335414;38837
9;20;PAGO;301262592;13:32:39.298240;13:32:39.335541;37301
9;20;PAGO;276084480;13:32:39.298826;13:32:39.336939;38113
9;20;PAGO;326440704;13:32:39.298024;13:32:39.339741;41717
9;20;PAGO;393582336;13:32:39.296049;13:32:39.339824;43775
9;20;PAGO;368404224;13:32:39.296649;13:32:39.339962;43313
9;20;PAGO;385189632;13:32:39.296211;13:32:39.340054;43843
9;20;PAGO;360011520;13:32:39.296810;13:32:39.342383;45573
9;20;PAGO;343226112;13:32:39.297861;13:32:39.344053;46192
9;20;PAGO;351618816;13:32:39.297736;13:32:39.344099;46363
9;20;PAGO;334833408;13:32:39.297946;13:32:39.344182;46236
9;20;PAGO;318048000;13:32:39.298078;13:32:39.344264;46186
9;20;PAGO;309655296;13:32:39.298166;13:32:39.344372;46206
9;20;PAGO;292869888;13:32:39.298330;13:32:39.344716;46386
9;20;PAGO;284477184;13:32:39.298452;13:32:39.344901;46449
9;20;PAGO;267691776;13:32:39.298936;13:32:39.345101;46165
9;20;PAGO;259299072;13:32:39.298995;13:32:39.345166;46171
9;20;PAGO;250906368;13:32:39.299046;13:32:39.345385;46339
9;20;PAGO;1757476608;13:32:39.294793;13:32:39.345927;51134
9;20;PAGO;1749083904;13:32:39.295466;13:32:39.346313;50847
9;20;PAGO;1715513088;13:32:39.297558;13:32:39.346452;48894
9;20;PAGO;1648371456;13:32:39.304616;13:32:39.346688;42072
9;20;PAGO;1723905792;13:32:39.296169;13:32:39.347644;51475
9;20;PAGO;1740691200;13:32:39.295507;13:32:39.347749;52242
9;20;PAGO;1732298496;13:32:39.296075;13:32:39.348082;52007
9;20;PAGO;1707120384;13:32:39.297797;13:32:39.348609;50812
9;20;PAGO;1698727680;13:32:39.297877;13:32:39.349133;51256
9;20;PAGO;1690334976;13:32:39.297929;13:32:39.349393;51464
9;20;PAGO;1681942272;13:32:39.298003;13:32:39.349627;51624
9;20;PAGO;1665156864;13:32:39.300898;13:32:39.349835;48937
9;20;PAGO;1673549568;13:32:39.298097;13:32:39.349999;51902
9;20;PAGO;1631586048;13:32:39.305756;13:32:39.350196;44440
9;20;PAGO;1639978752;13:32:39.306048;13:32:39.350282;44234
9;20;PAGO;1623193344;13:32:39.306085;13:32:39.350375;44290
9;20;PAGO;1614800640;13:32:39.306980;13:32:39.354732;47752
9;20;PAGO;1606407936;13:32:39.307026;13:32:39.354833;47807
9;20;PAGO;1598015232;13:32:39.307121;13:32:39.355051;47930
9;20;PAGO;1656764160;13:32:39.301183;13:32:39.355549;54366
9;20;PAGO;552761088;13:32:39.295192;13:32:39.357196;62004
9;20;PAGO;544368384;13:32:39.296859;13:32:39.357557;60698
9;20;PAGO;519190272;13:32:39.297100;13:32:39.357882;60782
9;20;PAGO;485619456;13:32:39.302170;13:32:39.358032;55862
9;20;PAGO;410085120;13:32:39.307443;13:32:39.358160;50717
9;20;PAGO;494012160;13:32:39.302145;13:32:39.358746;56601
9;20;PAGO;527582976;13:32:39.297027;13:32:39.359390;62363
9;20;PAGO;535975680;13:32:39.296968;13:32:39.359484;62516
9;20;PAGO;510797568;13:32:39.297170;13:32:39.359656;62486
9;20;PAGO;502404864;13:32:39.297734;13:32:39.359774;62040
9;20;PAGO;477226752;13:32:39.302532;13:32:39.359916;57384
9;20;PAGO;468834048;13:32:39.302776;13:32:39.360044;57268
9;20;PAGO;435263232;13:32:39.307110;13:32:39.360152;53042
9;20;PAGO;426870528;13:32:39.307202;13:32:39.360252;53050
9;20;PAGO;418477824;13:32:39.307410;13:32:39.360353;52943
9;20;PAGO;460441344;13:32:39.303457;13:32:39.360464;57007
9;20;PAGO;443655936;13:32:39.307089;13:32:39.360564;53475
9;20;PAGO;452048640;13:32:39.304207;13:32:39.360661;56454
9;20;PAGO;393299712;13:32:39.307573;13:32:39.360759;53186
9;20;PAGO;401692416;13:32:39.307515;13:32:39.360851;53336
9;20;PAGO;-1423042816;13:32:39.296724;13:32:39.361299;64575
9;20;PAGO;-1431435520;13:32:39.297569;13:32:39.361651;64082
9;20;PAGO;-1448220928;13:32:39.298285;13:32:39.361803;63518
9;20;PAGO;-1515362560;13:32:39.298833;13:32:39.361913;63080
9;20;PAGO;-1548933376;13:32:39.303594;13:32:39.362234;58640
9;20;PAGO;-1456613632;13:32:39.298328;13:32:39.362276;63948
9;20;PAGO;-1465006336;13:32:39.298383;13:32:39.362353;63970
9;20;PAGO;-1473399040;13:32:39.298456;13:32:39.362464;64008
9;20;PAGO;-1481791744;13:32:39.298579;13:32:39.362597;64018
9;20;PAGO;-1490184448;13:32:39.298604;13:32:39.362751;64147
9;20;PAGO;-1498577152;13:32:39.298681;13:32:39.363210;64529
9;20;PAGO;-1439828224;13:32:39.297799;13:32:39.363384;65585
9;20;PAGO;-1523755264;13:32:39.298895;13:32:39.363540;64645
9;20;PAGO;-1540540672;13:32:39.303511;13:32:39.363753;60242
9;20;PAGO;-1532147968;13:32:39.300864;13:32:39.363978;63114
9;20;PAGO;-1506969856;13:32:39.298753;13:32:39.364077;65324
9;20;PAGO;-1565718784;13:32:39.305974;13:32:39.364169;58195
9;20;PAGO;-1574111488;13:32:39.306029;13:32:39.364638;58609
9;20;PAGO;-1557326080;13:32:39.305829;13:32:39.366452;60623
9;20;PAGO;-1582504192;13:32:39.310061;13:32:39.366518;56457
9;20;PAGO;1278781184;13:32:39.303514;13:32:39.370143;66629
9;20;PAGO;1270388480;13:32:39.303871;13:32:39.370592;66721
9;20;PAGO;1194854144;13:32:39.307666;13:32:39.370777;63111
9;20;PAGO;1136105216;13:32:39.308051;13:32:39.370886;62835
9;20;PAGO;1261995776;13:32:39.304672;13:32:39.371308;66636
9;20;PAGO;1253603072;13:32:39.304753;13:32:39.371535;66782
9;20;PAGO;1245210368;13:32:39.306998;13:32:39.371717;64719
9;20;PAGO;1236817664;13:32:39.307134;13:32:39.371856;64722
9;20;PAGO;1228424960;13:32:39.307241;13:32:39.372292;65051
9;20;PAGO;1220032256;13:32:39.307433;13:32:39.372791;65358
9;20;PAGO;1211639552;13:32:39.307511;13:32:39.374215;66704
9;20;PAGO;1186461440;13:32:39.307744;13:32:39.374403;66659
9;20;PAGO;1203246848;13:32:39.307581;13:32:39.374528;66947
9;20;PAGO;1178068736;13:32:39.307799;13:32:39.374711;66912
9;20;PAGO;1169676032;13:32:39.307848;13:32:39.374868;67020
9;20;PAGO;1152890624;13:32:39.307947;13:32:39.374990;67043
9;20;PAGO;1161283328;13:32:39.307896;13:32:39.375149;67253
9;20;PAGO;1144497920;13:32:39.307995;13:32:39.375279;67284
9;20;PAGO;1127712512;13:32:39.308099;13:32:39.375388;67289
9;20;PAGO;1119319808;13:32:39.308146;13:32:39.375711;67565
9;20;PAGO;1994630912;13:32:39.294677;13:32:39.312185;17508
9;20;PAGO;1977845504;13:32:39.295027;13:32:39.315090;20063
9;20;PAGO;1961060096;13:32:39.295343;13:32:39.315249;19906
9;20;PAGO;1910703872;13:32:39.298678;13:32:39.315649;16971
9;20;PAGO;1944274688;13:32:39.296314;13:32:39.315994;19680
9;20;PAGO;1835169536;13:32:39.305810;13:32:39.316077;10267
9;20;PAGO;1952667392;13:32:39.296024;13:32:39.316298;20274
9;20;PAGO;1885525760;13:32:39.300824;13:32:39.316348;15524
9;20;PAGO;1935881984;13:32:39.298451;13:32:39.316433;17982
9;20;PAGO;1927489280;13:32:39.298534;13:32:39.316528;17994
9;20;PAGO;1919096576;13:32:39.298605;13:32:39.316630;18025
9;20;PAGO;1902311168;13:32:39.298828;13:32:39.316770;17942
9;20;PAGO;1893918464;13:32:39.300724;13:32:39.316966;16242
9;20;PAGO;1969452800;13:32:39.295276;13:32:39.317074;21798
9;20;PAGO;1877133056;13:32:39.300863;13:32:39.317198;16335
9;20;PAGO;1868740352;13:32:39.301512;13:32:39.317328;15816
9;20;PAGO;1860347648;13:32:39.302612;13:32:39.317422;14810
9;20;PAGO;1851954944;13:32:39.303611;13:32:39.317553;13942
9;20;PAGO;1843562240;13:32:39.304029;13:32:39.318158;14129
9;20;PAGO;1986238208;13:32:39.294862;13:32:39.379921;85059
9;20;PAGO;-386955520;13:32:39.295155;13:32:39.318849;23694
9;20;PAGO;-403740928;13:32:39.295969;13:32:39.318958;22989
9;20;PAGO;-428919040;13:32:39.296804;13:32:39.319104;22300
9;20;PAGO;-487667968;13:32:39.300795;13:32:39.319262;18467
9;20;PAGO;-538024192;13:32:39.302621;13:32:39.319397;16776
9;20;PAGO;-479275264;13:32:39.300538;13:32:39.319808;19270
9;20;PAGO;-412133632;13:32:39.296071;13:32:39.320315;24244
9;20;PAGO;-470882560;13:32:39.297604;13:32:39.320401;22797
9;20;PAGO;-437311744;13:32:39.296926;13:32:39.320591;23665
9;20;PAGO;-445704448;13:32:39.296997;13:32:39.320671;23674
9;20;PAGO;-454097152;13:32:39.297077;13:32:39.320732;23655
9;20;PAGO;-462489856;13:32:39.300477;13:32:39.320798;20321
9;20;PAGO;-521238784;13:32:39.301477;13:32:39.321512;20035
9;20;PAGO;-529631488;13:32:39.302597;13:32:39.321800;19203
9;20;PAGO;-496060672;13:32:39.300982;13:32:39.321855;20873
9;20;PAGO;-546416896;13:32:39.302678;13:32:39.321953;19275
9;20;PAGO;-504453376;13:32:39.301143;13:32:39.322031;20888
9;20;PAGO;-512846080;13:32:39.301348;13:32:39.322120;20772
9;20;PAGO;-420526336;13:32:39.296569;13:32:39.322186;25617
9;20;PAGO;-395348224;13:32:39.295257;13:32:39.380119;84862
9;0;PAGO;-2064091392;13:32:39.294647;13:32:39.297418;2771
9;0;PAGO;-2072484096;13:32:39.294969;13:32:39.300822;5853
9;0;PAGO;-2080876800;13:32:39.295186;13:32:39.301338;6152
9;0;PAGO;-2089269504;13:32:39.295751;13:32:39.301500;5749
9;20;PAGO;-2097662208;13:32:39.303213;13:32:39.366681;63468
9;20;PAGO;-2114558208;13:32:39.304712;13:32:39.366780;62068
9;20;PAGO;2055194368;13:32:39.306834;13:32:39.366886;60052
9;20;PAGO;2004838144;13:32:39.307426;13:32:39.366974;59548
9;20;PAGO;-2131343616;13:32:39.306329;13:32:39.367083;60754
9;20;PAGO;2080372480;13:32:39.306546;13:32:39.367329;60783
9;20;PAGO;2071979776;13:32:39.306700;13:32:39.368958;62258
9;20;PAGO;2063587072;13:32:39.306767;13:32:39.369031;62264
9;20;PAGO;2046801664;13:32:39.307008;13:32:39.369084;62076
9;20;PAGO;-2122950912;13:32:39.307083;13:32:39.369194;62111
9;20;PAGO;2038408960;13:32:39.307029;13:32:39.369308;62279
9;20;PAGO;1996445440;13:32:39.307534;13:32:39.369449;61915
9;20;PAGO;2021623552;13:32:39.307247;13:32:39.369502;62255
9;20;PAGO;2013230848;13:32:39.307332;13:32:39.369696;62364
9;20;PAGO;2030016256;13:32:39.307237;13:32:39.369873;62636
9;20;PAGO;-2106165504;13:32:39.303383;13:32:39.380252;76869



24;50;PAGO;782386944;13:37:20.432839;13:37:20.490769;57930
24;50;PAGO;748816128;13:37:20.436072;13:37:20.491470;55398
24;50;PAGO;664889088;13:37:20.451031;13:37:20.491918;40887
24;50;PAGO;530605824;13:37:20.461277;13:37:20.492116;30839
24;50;PAGO;413107968;13:37:20.470284;13:37:20.492236;21952
24;50;PAGO;589354752;13:37:20.453918;13:37:20.492479;38561
24;50;PAGO;757208832;13:37:20.435810;13:37:20.492646;56836
24;50;PAGO;773994240;13:37:20.433243;13:37:20.492793;59550
24;50;PAGO;740423424;13:37:20.438307;13:37:20.493538;55231
24;50;PAGO;765601536;13:37:20.433404;13:37:20.493622;60218
24;50;PAGO;732030720;13:37:20.443605;13:37:20.494083;50478
24;50;PAGO;715245312;13:37:20.445950;13:37:20.494242;48292
24;50;PAGO;698459904;13:37:20.450713;13:37:20.494667;43954
24;50;PAGO;706852608;13:37:20.450715;13:37:20.494789;44074
24;50;PAGO;690067200;13:37:20.450782;13:37:20.494856;44074
24;50;PAGO;681674496;13:37:20.450840;13:37:20.494953;44113
24;50;PAGO;673281792;13:37:20.450932;13:37:20.495405;44473
24;50;PAGO;656496384;13:37:20.451159;13:37:20.495480;44321
24;50;PAGO;723638016;13:37:20.445883;13:37:20.495572;49689
24;50;PAGO;639710976;13:37:20.453262;13:37:20.495656;42394
24;50;PAGO;648103680;13:37:20.452246;13:37:20.495816;43570
24;50;PAGO;614532864;13:37:20.453504;13:37:20.495942;42438
24;50;PAGO;622925568;13:37:20.453453;13:37:20.496973;43520
24;50;PAGO;606140160;13:37:20.453678;13:37:20.497605;43927
24;50;PAGO;597747456;13:37:20.453730;13:37:20.497726;43996
24;50;PAGO;631318272;13:37:20.453343;13:37:20.497852;44509
24;50;PAGO;580962048;13:37:20.454029;13:37:20.497956;43927
24;50;PAGO;572569344;13:37:20.454105;13:37:20.498053;43948
24;50;PAGO;564176640;13:37:20.454168;13:37:20.498134;43966
24;50;PAGO;555783936;13:37:20.454244;13:37:20.498207;43963
24;50;PAGO;547391232;13:37:20.454312;13:37:20.498277;43965
24;50;PAGO;538998528;13:37:20.461285;13:37:20.498367;37082
24;50;PAGO;505427712;13:37:20.462504;13:37:20.498615;36111
24;50;PAGO;513820416;13:37:20.461552;13:37:20.500271;38719
24;50;PAGO;488642304;13:37:20.464109;13:37:20.500334;36225
24;50;PAGO;497035008;13:37:20.462612;13:37:20.500479;37867
24;50;PAGO;471856896;13:37:20.464152;13:37:20.500613;36461
24;50;PAGO;463464192;13:37:20.467023;13:37:20.500932;33909
24;50;PAGO;455071488;13:37:20.468806;13:37:20.501112;32306
24;50;PAGO;480249600;13:37:20.464111;13:37:20.501346;37235
24;50;PAGO;446678784;13:37:20.468804;13:37:20.501502;32698
24;50;PAGO;421500672;13:37:20.470191;13:37:20.501760;31569
24;50;PAGO;396322560;13:37:20.470524;13:37:20.502471;31947
24;50;PAGO;379537152;13:37:20.470766;13:37:20.502798;32032
24;50;PAGO;438286080;13:37:20.468976;13:37:20.503022;34046
24;50;PAGO;371144448;13:37:20.470819;13:37:20.504359;33540
24;50;PAGO;522213120;13:37:20.461440;13:37:20.504457;43017
24;50;PAGO;387929856;13:37:20.470551;13:37:20.504528;33977
24;50;PAGO;429893376;13:37:20.470012;13:37:20.504684;34672
24;50;PAGO;404715264;13:37:20.470417;13:37:20.504749;34332
24;50;PAGO;-662882560;13:37:20.432839;13:37:20.505167;72328
24;50;PAGO;-671275264;13:37:20.433045;13:37:20.505622;72577
24;50;PAGO;-998590720;13:37:20.483805;13:37:20.506363;22558
24;50;PAGO;-721631488;13:37:20.451433;13:37:20.506450;55017
24;50;PAGO;-696453376;13:37:20.446083;13:37:20.506651;60568
24;50;PAGO;-730024192;13:37:20.451579;13:37:20.506756;55177
24;50;PAGO;-738416896;13:37:20.451623;13:37:20.507365;55742
24;50;PAGO;-746809600;13:37:20.452667;13:37:20.508353;55686
24;50;PAGO;-755202304;13:37:20.452668;13:37:20.508422;55754
24;50;PAGO;-771987712;13:37:20.452931;13:37:20.509045;56114
24;50;PAGO;-763595008;13:37:20.453067;13:37:20.509261;56194
24;50;PAGO;-688060672;13:37:20.433733;13:37:20.509829;76096
24;50;PAGO;-797165824;13:37:20.473556;13:37:20.510005;36449
24;50;PAGO;-805558528;13:37:20.473668;13:37:20.510154;36486
24;50;PAGO;-813951232;13:37:20.473779;13:37:20.510328;36549
24;50;PAGO;-822343936;13:37:20.473859;13:37:20.511000;37141
24;50;PAGO;-788773120;13:37:20.471476;13:37:20.511273;39797
24;50;PAGO;-847522048;13:37:20.475117;13:37:20.511422;36305
24;50;PAGO;-855914752;13:37:20.475220;13:37:20.511578;36358
24;50;PAGO;-872700160;13:37:20.479593;13:37:20.511739;32146
24;50;PAGO;-881092864;13:37:20.479851;13:37:20.511986;32135
24;50;PAGO;-704846080;13:37:20.451211;13:37:20.512282;61071
24;50;PAGO;-679667968;13:37:20.433870;13:37:20.512396;78526
24;50;PAGO;-914663680;13:37:20.480369;13:37:20.512510;32141
24;50;PAGO;-780380416;13:37:20.454098;13:37:20.512621;58523
24;50;PAGO;-923056384;13:37:20.480898;13:37:20.512702;31804
24;50;PAGO;-931449088;13:37:20.481131;13:37:20.513272;32141
24;50;PAGO;-939841792;13:37:20.481383;13:37:20.513437;32054
24;50;PAGO;-839129344;13:37:20.473962;13:37:20.513565;39603
24;50;PAGO;-864307456;13:37:20.479913;13:37:20.513723;33810
24;50;PAGO;-889485568;13:37:20.479919;13:37:20.514187;34268
24;50;PAGO;-897878272;13:37:20.480186;13:37:20.514465;34279
24;50;PAGO;-906270976;13:37:20.480258;13:37:20.515210;34952
24;50;PAGO;-948234496;13:37:20.483261;13:37:20.515705;32444
24;50;PAGO;-830736640;13:37:20.473905;13:37:20.515751;41846
24;50;PAGO;-1015376128;13:37:20.484017;13:37:20.516181;32164
24;50;PAGO;-956627200;13:37:20.483435;13:37:20.517227;33792
24;50;PAGO;-1065732352;13:37:20.484478;13:37:20.518131;33653
24;50;PAGO;-1074125056;13:37:20.484576;13:37:20.518222;33646
24;50;PAGO;-981805312;13:37:20.483656;13:37:20.519112;35456
24;50;PAGO;-990198016;13:37:20.483743;13:37:20.519197;35454
24;50;PAGO;-1006983424;13:37:20.483894;13:37:20.520083;36189
24;50;PAGO;-965019904;13:37:20.483491;13:37:20.521061;37570
24;50;PAGO;-1023768832;13:37:20.484098;13:37:20.522098;38000
24;50;PAGO;-1032161536;13:37:20.484158;13:37:20.522201;38043
24;50;PAGO;-973412608;13:37:20.483584;13:37:20.522289;38705
24;50;PAGO;-1040554240;13:37:20.484233;13:37:20.522415;38182
24;50;PAGO;-1048946944;13:37:20.484331;13:37:20.522479;38148
24;50;PAGO;-1057339648;13:37:20.484411;13:37:20.522533;38122
24;50;PAGO;-713238784;13:37:20.451234;13:37:20.523006;71772
24;50;PAGO;-2016647424;13:37:20.433891;13:37:20.565692;131801
24;50;PAGO;-2025040128;13:37:20.434628;13:37:20.565833;131205
24;50;PAGO;-2117359872;13:37:20.450238;13:37:20.566033;115795
24;50;PAGO;2051716864;13:37:20.461973;13:37:20.566246;104273
24;50;PAGO;1942611712;13:37:20.470073;13:37:20.566396;96323
24;50;PAGO;-2033432832;13:37:20.435941;13:37:20.566695;130754
24;50;PAGO;-2041825536;13:37:20.438097;13:37:20.566821;128724
24;50;PAGO;-2050218240;13:37:20.442831;13:37:20.567113;124282
24;50;PAGO;-2058610944;13:37:20.442961;13:37:20.567486;124525
24;50;PAGO;-2075396352;13:37:20.443187;13:37:20.567908;124721
24;50;PAGO;-2083789056;13:37:20.443280;13:37:20.568973;125693
24;50;PAGO;-2092181760;13:37:20.443336;13:37:20.569980;126644
24;50;PAGO;-2100574464;13:37:20.443404;13:37:20.570977;127573
24;50;PAGO;-2108967168;13:37:20.445795;13:37:20.571949;126154
24;50;PAGO;2144036608;13:37:20.452726;13:37:20.572935;120209
24;50;PAGO;2135643904;13:37:20.452840;13:37:20.573026;120186
24;50;PAGO;-2067003648;13:37:20.450314;13:37:20.573114;122800
24;50;PAGO;2127251200;13:37:20.453006;13:37:20.575184;122178
24;50;PAGO;2118858496;13:37:20.453097;13:37:20.575804;122707
24;50;PAGO;-2142537984;13:37:20.452625;13:37:20.576806;124181
24;50;PAGO;-2125752576;13:37:20.452528;13:37:20.577749;125221
24;50;PAGO;-2134145280;13:37:20.452543;13:37:20.577850;125307
24;50;PAGO;2102073088;13:37:20.453702;13:37:20.577932;124230
24;50;PAGO;2093680384;13:37:20.453889;13:37:20.578714;124825
24;50;PAGO;2085287680;13:37:20.457143;13:37:20.579786;122643
24;50;PAGO;2076894976;13:37:20.460293;13:37:20.580692;120399
24;50;PAGO;2068502272;13:37:20.460355;13:37:20.580763;120408
24;50;PAGO;2060109568;13:37:20.460562;13:37:20.580881;120319
24;50;PAGO;2043324160;13:37:20.463665;13:37:20.581281;117616
24;50;PAGO;2034931456;13:37:20.463818;13:37:20.587021;123203
24;50;PAGO;2018146048;13:37:20.464288;13:37:20.592204;127916
24;50;PAGO;2009753344;13:37:20.465654;13:37:20.592341;126687
24;50;PAGO;2001360640;13:37:20.467751;13:37:20.592405;124654
24;50;PAGO;1992967936;13:37:20.467771;13:37:20.592473;124702
24;50;PAGO;2026538752;13:37:20.464039;13:37:20.592605;128566
24;50;PAGO;1984575232;13:37:20.468416;13:37:20.592691;124275
24;50;PAGO;1951004416;13:37:20.470125;13:37:20.592813;122688
24;50;PAGO;1976182528;13:37:20.468507;13:37:20.592924;124417
24;50;PAGO;1917433600;13:37:20.471039;13:37:20.593021;121982
24;50;PAGO;1959397120;13:37:20.469641;13:37:20.593131;123490
24;50;PAGO;1967789824;13:37:20.468592;13:37:20.593247;124655
24;50;PAGO;1909040896;13:37:20.471151;13:37:20.593378;122227
24;50;PAGO;1925826304;13:37:20.470269;13:37:20.593501;123232
24;50;PAGO;1892255488;13:37:20.472002;13:37:20.593622;121620
24;50;PAGO;1867077376;13:37:20.485752;13:37:20.593761;108009
24;50;PAGO;1934219008;13:37:20.470174;13:37:20.593876;123702
24;50;PAGO;1900648192;13:37:20.471288;13:37:20.593975;122687
24;50;PAGO;1883862784;13:37:20.484991;13:37:20.594082;109091
24;50;PAGO;2110465792;13:37:20.453681;13:37:20.594169;140488
24;50;PAGO;1875470080;13:37:20.485803;13:37:20.594333;108530
24;50;PAGO;-708622592;13:37:20.443946;13:37:20.594692;150746
24;50;PAGO;-717015296;13:37:20.461118;13:37:20.595020;133902
24;50;PAGO;-800942336;13:37:20.468465;13:37:20.595186;126721
24;50;PAGO;-910047488;13:37:20.473228;13:37:20.595421;122193
24;50;PAGO;-733800704;13:37:20.461167;13:37:20.595743;134576
24;50;PAGO;-725408000;13:37:20.461169;13:37:20.595916;134747
24;50;PAGO;-750586112;13:37:20.462242;13:37:20.596293;134051
24;50;PAGO;-742193408;13:37:20.462273;13:37:20.596857;134584
24;50;PAGO;-784156928;13:37:20.465235;13:37:20.596938;131703
24;50;PAGO;-792549632;13:37:20.465262;13:37:20.597116;131854
24;50;PAGO;-758978816;13:37:20.462310;13:37:20.597423;135113
24;50;PAGO;-767371520;13:37:20.464026;13:37:20.597550;133524
24;50;PAGO;-809335040;13:37:20.468474;13:37:20.598521;130047
24;50;PAGO;-826120448;13:37:20.469698;13:37:20.599782;130084
24;50;PAGO;-842905856;13:37:20.469818;13:37:20.599873;130055
24;50;PAGO;-775764224;13:37:20.464041;13:37:20.599940;135899
24;50;PAGO;-817727744;13:37:20.469520;13:37:20.600011;130491
24;50;PAGO;-834513152;13:37:20.469733;13:37:20.600147;130414
24;50;PAGO;-851298560;13:37:20.470731;13:37:20.600230;129499
24;50;PAGO;-868083968;13:37:20.470895;13:37:20.600316;129421
24;50;PAGO;-876476672;13:37:20.472383;13:37:20.600395;128012
24;50;PAGO;-859691264;13:37:20.470793;13:37:20.600460;129667
24;50;PAGO;-884869376;13:37:20.472454;13:37:20.600531;128077
24;50;PAGO;-901654784;13:37:20.472830;13:37:20.600612;127782
24;50;PAGO;-893262080;13:37:20.472551;13:37:20.600738;128187
24;50;PAGO;-960403712;13:37:20.474221;13:37:20.600850;126629
24;50;PAGO;-993974528;13:37:20.474668;13:37:20.601012;126344
24;50;PAGO;-977189120;13:37:20.474495;13:37:20.602440;127945
24;50;PAGO;-952011008;13:37:20.474116;13:37:20.602498;128382
24;50;PAGO;-1019152640;13:37:20.475028;13:37:20.602582;127554
24;50;PAGO;-1010759936;13:37:20.474811;13:37:20.602654;127843
24;50;PAGO;-1027545344;13:37:20.478760;13:37:20.602742;123982
24;50;PAGO;-1035938048;13:37:20.479068;13:37:20.602820;123752
24;50;PAGO;-1061116160;13:37:20.479824;13:37:20.602888;123064
24;50;PAGO;-1052723456;13:37:20.479742;13:37:20.602968;123226
24;50;PAGO;-1069508864;13:37:20.479891;13:37:20.603035;123144
24;50;PAGO;-1077901568;13:37:20.479980;13:37:20.603124;123144
24;50;PAGO;-935225600;13:37:20.473810;13:37:20.603201;129391
24;50;PAGO;-1103079680;13:37:20.480590;13:37:20.603356;122766
24;50;PAGO;-943618304;13:37:20.474022;13:37:20.603447;129425
24;50;PAGO;-985581824;13:37:20.474577;13:37:20.603512;128935
24;50;PAGO;-1044330752;13:37:20.479659;13:37:20.603578;123919
24;50;PAGO;-968796416;13:37:20.474326;13:37:20.603638;129312
24;50;PAGO;-1094686976;13:37:20.480531;13:37:20.603731;123200
24;50;PAGO;-926832896;13:37:20.473725;13:37:20.603805;130080
24;50;PAGO;-1002367232;13:37:20.474736;13:37:20.603893;129157
24;50;PAGO;-1111472384;13:37:20.480686;13:37:20.604036;123350
24;50;PAGO;-1086294272;13:37:20.480204;13:37:20.604161;123957
24;50;PAGO;-1119865088;13:37:20.480781;13:37:20.604254;123473
24;50;PAGO;-918440192;13:37:20.473646;13:37:20.604384;130738
24;50;PAGO;-271390976;13:37:20.437418;13:37:20.606107;168689
24;50;PAGO;-279783680;13:37:20.442090;13:37:20.606201;164111
24;50;PAGO;-380496128;13:37:20.453944;13:37:20.606435;152491
24;50;PAGO;-489601280;13:37:20.466652;13:37:20.606633;139981
24;50;PAGO;-506386688;13:37:20.468409;13:37:20.606731;138322
24;50;PAGO;-607099136;13:37:20.482283;13:37:20.607080;124797
24;50;PAGO;-288176384;13:37:20.444241;13:37:20.607732;163491
24;50;PAGO;-304961792;13:37:20.444311;13:37:20.607805;163494
24;50;PAGO;-313354496;13:37:20.444356;13:37:20.607866;163510
24;50;PAGO;-321747200;13:37:20.444700;13:37:20.607930;163230
24;50;PAGO;-338532608;13:37:20.453157;13:37:20.607989;154832
24;50;PAGO;-355318016;13:37:20.453750;13:37:20.608079;154329
24;50;PAGO;-363710720;13:37:20.453778;13:37:20.608149;154371
24;50;PAGO;-346925312;13:37:20.453817;13:37:20.608252;154435
24;50;PAGO;-372103424;13:37:20.453832;13:37:20.608382;154550
24;50;PAGO;-397281536;13:37:20.454128;13:37:20.608484;154356
24;50;PAGO;-439245056;13:37:20.461480;13:37:20.608603;147123
24;50;PAGO;-388888832;13:37:20.454039;13:37:20.608716;154677
24;50;PAGO;-447637760;13:37:20.465031;13:37:20.608820;143789
24;50;PAGO;-456030464;13:37:20.466005;13:37:20.608914;142909
24;50;PAGO;-405674240;13:37:20.454211;13:37:20.609019;154808
24;50;PAGO;-481208576;13:37:20.466537;13:37:20.609134;142597
24;50;PAGO;-330139904;13:37:20.449087;13:37:20.609251;160164
24;50;PAGO;-422459648;13:37:20.455034;13:37:20.609406;154372
24;50;PAGO;-414066944;13:37:20.454353;13:37:20.609503;155150
24;50;PAGO;-430852352;13:37:20.455129;13:37:20.612992;157863
24;50;PAGO;-472815872;13:37:20.466306;13:37:20.614767;148461
24;50;PAGO;-497993984;13:37:20.468219;13:37:20.617302;149083
24;50;PAGO;-464423168;13:37:20.466148;13:37:20.620801;154653
24;50;PAGO;-548350208;13:37:20.470640;13:37:20.621496;150856
24;50;PAGO;-523172096;13:37:20.468832;13:37:20.621698;152866
24;50;PAGO;-539957504;13:37:20.470388;13:37:20.622773;152385
24;50;PAGO;-565135616;13:37:20.481335;13:37:20.623597;142262
24;50;PAGO;-531564800;13:37:20.471549;13:37:20.623687;152138
24;50;PAGO;-573528320;13:37:20.481385;13:37:20.623886;142501
24;50;PAGO;-581921024;13:37:20.481477;13:37:20.624651;143174
24;50;PAGO;-623884544;13:37:20.482499;13:37:20.624727;142228
24;50;PAGO;-640669952;13:37:20.483264;13:37:20.625028;141764
24;50;PAGO;-598706432;13:37:20.481838;13:37:20.625642;143804
24;50;PAGO;-590313728;13:37:20.481625;13:37:20.625810;144185
24;50;PAGO;-632277248;13:37:20.482562;13:37:20.625871;143309
24;50;PAGO;-514779392;13:37:20.468680;13:37:20.627582;158902
24;50;PAGO;-649062656;13:37:20.482939;13:37:20.627830;144891
24;50;PAGO;-296569088;13:37:20.444196;13:37:20.627926;183730
24;50;PAGO;-556742912;13:37:20.472180;13:37:20.627995;155815
24;50;PAGO;-665848064;13:37:20.483199;13:37:20.628059;144860
24;50;PAGO;-674240768;13:37:20.483467;13:37:20.628131;144664
24;50;PAGO;-682633472;13:37:20.483597;13:37:20.628527;144930
24;50;PAGO;-657455360;13:37:20.483109;13:37:20.628588;145479
24;50;PAGO;-615491840;13:37:20.482636;13:37:20.628655;146019
24;50;PAGO;2111731456;13:37:20.434167;13:37:20.767558;333391
24;50;PAGO;2103338752;13:37:20.437845;13:37:20.767715;329870
24;50;PAGO;1969055488;13:37:20.453457;13:37:20.767975;314518
24;50;PAGO;1801201408;13:37:20.466224;13:37:20.768242;302018
24;50;PAGO;1708881664;13:37:20.470956;13:37:20.768427;297471
24;50;PAGO;2086553344;13:37:20.444504;13:37:20.768587;324083
24;50;PAGO;2078160640;13:37:20.444625;13:37:20.769096;324471
24;50;PAGO;2069767936;13:37:20.444954;13:37:20.769298;324344
24;50;PAGO;2061375232;13:37:20.449036;13:37:20.769376;320340
24;50;PAGO;2052982528;13:37:20.449109;13:37:20.769499;320390
24;50;PAGO;2044589824;13:37:20.449413;13:37:20.769642;320229
24;50;PAGO;2036197120;13:37:20.449517;13:37:20.769727;320210
24;50;PAGO;2027804416;13:37:20.449636;13:37:20.769787;320151
24;50;PAGO;2019411712;13:37:20.449730;13:37:20.769870;320140
24;50;PAGO;2011019008;13:37:20.449869;13:37:20.769999;320130
24;50;PAGO;2002626304;13:37:20.450617;13:37:20.770080;319463
24;50;PAGO;1994233600;13:37:20.453203;13:37:20.770177;316974
24;50;PAGO;1985840896;13:37:20.453267;13:37:20.771748;318481
24;50;PAGO;1977448192;13:37:20.453335;13:37:20.771853;318518
24;50;PAGO;1960662784;13:37:20.453535;13:37:20.771987;318452
24;50;PAGO;1943877376;13:37:20.453694;13:37:20.772180;318486
24;50;PAGO;1952270080;13:37:20.453629;13:37:20.775760;322131
24;50;PAGO;1935484672;13:37:20.453766;13:37:20.775945;322179
24;50;PAGO;1927091968;13:37:20.453817;13:37:20.776047;322230
24;50;PAGO;1918699264;13:37:20.453886;13:37:20.779074;325188
24;50;PAGO;1901913856;13:37:20.454107;13:37:20.779266;325159
24;50;PAGO;1885128448;13:37:20.454227;13:37:20.779435;325208
24;50;PAGO;1868343040;13:37:20.454318;13:37:20.779546;325228
24;50;PAGO;1876735744;13:37:20.454275;13:37:20.779734;325459
24;50;PAGO;1859950336;13:37:20.455149;13:37:20.779940;324791
24;50;PAGO;1910306560;13:37:20.454040;13:37:20.780063;326023
24;50;PAGO;1893521152;13:37:20.454163;13:37:20.780577;326414
24;50;PAGO;1851557632;13:37:20.461830;13:37:20.780826;318996
24;50;PAGO;1843164928;13:37:20.463439;13:37:20.781112;317673
24;50;PAGO;1834772224;13:37:20.463985;13:37:20.785911;321926
24;50;PAGO;1826379520;13:37:20.464131;13:37:20.786003;321872
24;50;PAGO;1809594112;13:37:20.466038;13:37:20.786075;320037
24;50;PAGO;1792808704;13:37:20.467598;13:37:20.786231;318633
24;50;PAGO;1817986816;13:37:20.464373;13:37:20.786296;321923
24;50;PAGO;1734059776;13:37:20.470480;13:37:20.786390;315910
24;50;PAGO;1767630592;13:37:20.469974;13:37:20.786454;316480
24;50;PAGO;1725667072;13:37:20.470570;13:37:20.786549;315979
24;50;PAGO;1700488960;13:37:20.470983;13:37:20.787811;316828
24;50;PAGO;1776023296;13:37:20.469523;13:37:20.787871;318348
24;50;PAGO;1784416000;13:37:20.467666;13:37:20.787939;320273
24;50;PAGO;1750845184;13:37:20.469990;13:37:20.787993;318003
24;50;PAGO;1717274368;13:37:20.470651;13:37:20.788052;317401
24;50;PAGO;2094946048;13:37:20.442625;13:37:20.788776;346151
24;50;PAGO;1759237888;13:37:20.469884;13:37:20.789118;319234
24;50;PAGO;1742452480;13:37:20.470402;13:37:20.789240;318838
24;50;PAGO;389273344;13:37:20.434157;13:37:20.789425;355268
24;50;PAGO;380880640;13:37:20.435357;13:37:20.789820;354463
24;50;PAGO;355702528;13:37:20.443568;13:37:20.789907;346339
24;50;PAGO;254990080;13:37:20.454163;13:37:20.790021;335858
24;50;PAGO;36779776;13:37:20.471744;13:37:20.790319;318575
24;50;PAGO;372487936;13:37:20.443521;13:37:20.790411;346890
24;50;PAGO;347309824;13:37:20.450168;13:37:20.790468;340300
24;50;PAGO;338917120;13:37:20.451577;13:37:20.790561;338984
24;50;PAGO;330524416;13:37:20.451513;13:37:20.791200;339687
24;50;PAGO;313739008;13:37:20.452935;13:37:20.791781;338846
24;50;PAGO;296953600;13:37:20.452950;13:37:20.791859;338909
24;50;PAGO;280168192;13:37:20.453961;13:37:20.792336;338375
24;50;PAGO;288560896;13:37:20.454037;13:37:20.792540;338503
24;50;PAGO;322131712;13:37:20.451753;13:37:20.793046;341293
24;50;PAGO;263382784;13:37:20.454072;13:37:20.793232;339160
24;50;PAGO;305346304;13:37:20.452916;13:37:20.793297;340381
24;50;PAGO;238204672;13:37:20.455412;13:37:20.793441;338029
24;50;PAGO;221419264;13:37:20.462463;13:37:20.793594;331131
24;50;PAGO;229811968;13:37:20.455492;13:37:20.793673;338181
24;50;PAGO;204633856;13:37:20.463947;13:37:20.793989;330042
24;50;PAGO;271775488;13:37:20.454108;13:37:20.794158;340050
24;50;PAGO;246597376;13:37:20.455251;13:37:20.794323;339072
24;50;PAGO;213026560;13:37:20.462616;13:37:20.794672;332056
24;50;PAGO;196241152;13:37:20.463949;13:37:20.795595;331646
24;50;PAGO;179455744;13:37:20.464132;13:37:20.795659;331527
24;50;PAGO;187848448;13:37:20.463973;13:37:20.795796;331823
24;50;PAGO;154277632;13:37:20.466975;13:37:20.795848;328873
24;50;PAGO;162670336;13:37:20.465905;13:37:20.795939;330034
24;50;PAGO;145884928;13:37:20.467220;13:37:20.796030;328810
24;50;PAGO;120706816;13:37:20.467450;13:37:20.796140;328690
24;50;PAGO;129099520;13:37:20.467367;13:37:20.796263;328896
24;50;PAGO;103921408;13:37:20.467713;13:37:20.796407;328694
24;50;PAGO;137492224;13:37:20.467304;13:37:20.796573;329269
24;50;PAGO;87136000;13:37:20.469124;13:37:20.796661;327537
24;50;PAGO;95528704;13:37:20.467793;13:37:20.796730;328937
24;50;PAGO;112314112;13:37:20.467525;13:37:20.796897;329372
24;50;PAGO;70350592;13:37:20.470830;13:37:20.796989;326159
24;50;PAGO;78743296;13:37:20.469392;13:37:20.797795;328403
24;50;PAGO;61957888;13:37:20.470923;13:37:20.797863;326940
24;50;PAGO;53565184;13:37:20.471189;13:37:20.797918;326729
24;50;PAGO;11601664;13:37:20.473804;13:37:20.797982;324178
24;50;PAGO;171063040;13:37:20.464252;13:37:20.798166;333914
24;50;PAGO;3208960;13:37:20.473919;13:37:20.798219;324300
24;50;PAGO;28387072;13:37:20.471825;13:37:20.798281;326456
24;50;PAGO;-21969152;13:37:20.475963;13:37:20.798443;322480
24;50;PAGO;-13576448;13:37:20.475364;13:37:20.798635;323271
24;50;PAGO;19994368;13:37:20.473789;13:37:20.798742;324953
24;50;PAGO;-5183744;13:37:20.475167;13:37:20.798853;323686
24;50;PAGO;45172480;13:37:20.471668;13:37:20.798989;327321
24;50;PAGO;364095232;13:37:20.436560;13:37:20.799057;362497
24;50;PAGO;-18213120;13:37:20.443112;13:37:20.826240;383128
24;50;PAGO;-26605824;13:37:20.450166;13:37:20.826496;376330
24;50;PAGO;-177674496;13:37:20.467958;13:37:20.826965;359007
24;50;PAGO;-219638016;13:37:20.469143;13:37:20.827056;357913
24;50;PAGO;-244816128;13:37:20.470271;13:37:20.827106;356835
24;50;PAGO;-295172352;13:37:20.471032;13:37:20.827170;356138
24;50;PAGO;-169281792;13:37:20.467841;13:37:20.827574;359733
24;50;PAGO;-34998528;13:37:20.450737;13:37:20.827643;376906
24;50;PAGO;-43391232;13:37:20.453386;13:37:20.827762;374376
24;50;PAGO;-51783936;13:37:20.453483;13:37:20.828063;374580
24;50;PAGO;-60176640;13:37:20.457034;13:37:20.828124;371090
24;50;PAGO;-68569344;13:37:20.457129;13:37:20.828232;371103
24;50;PAGO;-76962048;13:37:20.457159;13:37:20.828356;371197
24;50;PAGO;-85354752;13:37:20.457238;13:37:20.828559;371321
24;50;PAGO;-93747456;13:37:20.457314;13:37:20.828741;371427
24;50;PAGO;-102140160;13:37:20.457386;13:37:20.829972;372586
24;50;PAGO;-110532864;13:37:20.457492;13:37:20.830153;372661
24;50;PAGO;-118925568;13:37:20.461920;13:37:20.830302;368382
24;50;PAGO;-127318272;13:37:20.463178;13:37:20.830512;367334
24;50;PAGO;-135710976;13:37:20.463786;13:37:20.830644;366858
24;50;PAGO;-144103680;13:37:20.463902;13:37:20.830808;366906
24;50;PAGO;-152496384;13:37:20.465576;13:37:20.830890;365314
24;50;PAGO;-160889088;13:37:20.465664;13:37:20.831050;365386
24;50;PAGO;-186067200;13:37:20.468655;13:37:20.831183;362528
24;50;PAGO;-194459904;13:37:20.468698;13:37:20.831835;363137
24;50;PAGO;-202852608;13:37:20.468788;13:37:20.832247;363459
24;50;PAGO;-211245312;13:37:20.469028;13:37:20.832399;363371
24;50;PAGO;-228030720;13:37:20.469331;13:37:20.832592;363261
24;50;PAGO;-236423424;13:37:20.470251;13:37:20.832906;362655
24;50;PAGO;-253208832;13:37:20.470452;13:37:20.833780;363328
24;50;PAGO;-261601536;13:37:20.470550;13:37:20.834720;364170
24;50;PAGO;-278386944;13:37:20.470809;13:37:20.835358;364549
24;50;PAGO;-286779648;13:37:20.470933;13:37:20.835486;364553
24;50;PAGO;-328743168;13:37:20.473598;13:37:20.835829;362231
24;50;PAGO;-320350464;13:37:20.473487;13:37:20.835922;362435
24;50;PAGO;-269994240;13:37:20.470706;13:37:20.836147;365441
24;50;PAGO;-337135872;13:37:20.473611;13:37:20.836245;362634
24;50;PAGO;-353921280;13:37:20.473818;13:37:20.836316;362498
24;50;PAGO;-311957760;13:37:20.471975;13:37:20.836440;364465
24;50;PAGO;-345528576;13:37:20.473725;13:37:20.836541;362816
24;50;PAGO;-303565056;13:37:20.471289;13:37:20.836646;365357
24;50;PAGO;-370706688;13:37:20.474031;13:37:20.836752;362721
24;50;PAGO;-395884800;13:37:20.476301;13:37:20.836909;360608
24;50;PAGO;-412670208;13:37:20.476413;13:37:20.837067;360654
24;50;PAGO;-421062912;13:37:20.477959;13:37:20.837296;359337
24;50;PAGO;-387492096;13:37:20.476223;13:37:20.837606;361383
24;50;PAGO;-362313984;13:37:20.473956;13:37:20.837746;363790
24;50;PAGO;-404277504;13:37:20.476371;13:37:20.838307;361936
24;50;PAGO;-379099392;13:37:20.475188;13:37:20.838395;363207
24;50;PAGO;-429455616;13:37:20.479440;13:37:20.838610;359170
24;50;PAGO;-700070144;13:37:20.434749;13:37:20.539671;104922
24;50;PAGO;-708462848;13:37:20.442205;13:37:20.540042;97837
24;50;PAGO;-783997184;13:37:20.453381;13:37:20.540237;86856
24;50;PAGO;-884709632;13:37:20.466731;13:37:20.540577;73846
24;50;PAGO;-951851264;13:37:20.470792;13:37:20.540663;69871
24;50;PAGO;-1010600192;13:37:20.475337;13:37:20.540764;65427
24;50;PAGO;-909887744;13:37:20.467686;13:37:20.541920;74234
24;50;PAGO;-775604480;13:37:20.453331;13:37:20.545490;92159
24;50;PAGO;-716855552;13:37:20.450367;13:37:20.545664;95297
24;50;PAGO;-725248256;13:37:20.452745;13:37:20.545812;93067
24;50;PAGO;-733640960;13:37:20.452857;13:37:20.546073;93216
24;50;PAGO;-742033664;13:37:20.452924;13:37:20.546207;93283
24;50;PAGO;-750426368;13:37:20.452981;13:37:20.546307;93326
24;50;PAGO;-758819072;13:37:20.453040;13:37:20.546431;93391
24;50;PAGO;-767211776;13:37:20.453122;13:37:20.546614;93492
24;50;PAGO;-792389888;13:37:20.453444;13:37:20.546743;93299
24;50;PAGO;-809175296;13:37:20.455475;13:37:20.547368;91893
24;50;PAGO;-800782592;13:37:20.455558;13:37:20.547431;91873
24;50;PAGO;-817568000;13:37:20.461672;13:37:20.547506;85834
24;50;PAGO;-825960704;13:37:20.461688;13:37:20.547643;85955
24;50;PAGO;-834353408;13:37:20.462916;13:37:20.547820;84904
24;50;PAGO;-842746112;13:37:20.462931;13:37:20.548034;85103
24;50;PAGO;-851138816;13:37:20.463012;13:37:20.548152;85140
24;50;PAGO;-859531520;13:37:20.464501;13:37:20.548414;83913
24;50;PAGO;-867924224;13:37:20.465997;13:37:20.548577;82580
24;50;PAGO;-876316928;13:37:20.466097;13:37:20.548766;82669
24;50;PAGO;-893102336;13:37:20.466611;13:37:20.549156;82545
24;50;PAGO;-901495040;13:37:20.466749;13:37:20.549321;82572
24;50;PAGO;-918280448;13:37:20.467709;13:37:20.550383;82674
24;50;PAGO;-935065856;13:37:20.468308;13:37:20.550700;82392
24;50;PAGO;-960243968;13:37:20.471218;13:37:20.550774;79556
24;50;PAGO;-977029376;13:37:20.472173;13:37:20.551074;78901
24;50;PAGO;-985422080;13:37:20.472263;13:37:20.551191;78928
24;50;PAGO;-968636672;13:37:20.471938;13:37:20.551328;79390
24;50;PAGO;-993814784;13:37:20.472393;13:37:20.551489;79096
24;50;PAGO;-926673152;13:37:20.470020;13:37:20.551562;81542
24;50;PAGO;-1018992896;13:37:20.475406;13:37:20.551723;76317
24;50;PAGO;-943458560;13:37:20.470014;13:37:20.551874;81860
24;50;PAGO;-1027385600;13:37:20.475473;13:37:20.552084;76611
24;50;PAGO;-1035778304;13:37:20.475544;13:37:20.552211;76667
24;50;PAGO;-1044171008;13:37:20.475596;13:37:20.552326;76730
24;50;PAGO;-1077741824;13:37:20.477283;13:37:20.552761;75478
24;50;PAGO;-1069349120;13:37:20.477211;13:37:20.553006;75795
24;50;PAGO;-1094527232;13:37:20.479228;13:37:20.553158;73930
24;50;PAGO;-1086134528;13:37:20.477389;13:37:20.553301;75912
24;50;PAGO;-1111312640;13:37:20.479664;13:37:20.553413;73749
24;50;PAGO;-1102919936;13:37:20.479573;13:37:20.553580;74007
24;50;PAGO;-1060956416;13:37:20.477140;13:37:20.553776;76636
24;50;PAGO;-1052563712;13:37:20.475635;13:37:20.553989;78354
24;50;PAGO;-1002207488;13:37:20.475209;13:37:20.554276;79067
24;50;PAGO;264259328;13:37:20.433966;13:37:20.628830;194864
24;50;PAGO;255866624;13:37:20.435068;13:37:20.628969;193901
24;50;PAGO;213903104;13:37:20.466445;13:37:20.629118;162673
24;50;PAGO;79619840;13:37:20.472173;13:37:20.629305;157132
24;50;PAGO;12478208;13:37:20.477251;13:37:20.629433;152182
24;50;PAGO;247473920;13:37:20.442284;13:37:20.629925;187641
24;50;PAGO;239081216;13:37:20.453155;13:37:20.631189;178034
24;50;PAGO;230688512;13:37:20.453216;13:37:20.631590;178374
24;50;PAGO;205510400;13:37:20.466613;13:37:20.631758;165145
24;50;PAGO;197117696;13:37:20.469218;13:37:20.631963;162745
24;50;PAGO;222295808;13:37:20.461741;13:37:20.632470;170729
24;50;PAGO;188724992;13:37:20.469315;13:37:20.633436;164121
24;50;PAGO;180332288;13:37:20.470015;13:37:20.635444;165429
24;50;PAGO;163546880;13:37:20.470243;13:37:20.635559;165316
24;50;PAGO;171939584;13:37:20.470146;13:37:20.635642;165496
24;50;PAGO;146761472;13:37:20.470379;13:37:20.635754;165375
24;50;PAGO;138368768;13:37:20.470472;13:37:20.635823;165351
24;50;PAGO;155154176;13:37:20.470312;13:37:20.635888;165576
24;50;PAGO;121583360;13:37:20.470704;13:37:20.636361;165657
24;50;PAGO;129976064;13:37:20.470589;13:37:20.636421;165832
24;50;PAGO;62834432;13:37:20.472367;13:37:20.636497;164130
24;50;PAGO;71227136;13:37:20.474378;13:37:20.637343;162965
24;50;PAGO;54441728;13:37:20.474916;13:37:20.638305;163389
24;50;PAGO;46049024;13:37:20.475026;13:37:20.638365;163339
24;50;PAGO;29263616;13:37:20.475346;13:37:20.638440;163094
24;50;PAGO;4085504;13:37:20.477313;13:37:20.638534;161221
24;50;PAGO;113190656;13:37:20.470797;13:37:20.638641;167844
24;50;PAGO;20870912;13:37:20.477115;13:37:20.638694;161579
24;50;PAGO;37656320;13:37:20.475117;13:37:20.638781;163664
24;50;PAGO;88012544;13:37:20.472082;13:37:20.638860;166778
24;50;PAGO;-54663424;13:37:20.480234;13:37:20.638926;158692
24;50;PAGO;-29485312;13:37:20.479763;13:37:20.638999;159236
24;50;PAGO;-37878016;13:37:20.479876;13:37:20.639124;159248
24;50;PAGO;-79841536;13:37:20.481298;13:37:20.639287;157989
24;50;PAGO;-46270720;13:37:20.479940;13:37:20.639482;159542
24;50;PAGO;104797952;13:37:20.470897;13:37:20.639605;168708
24;50;PAGO;96405248;13:37:20.472021;13:37:20.639679;167658
24;50;PAGO;-63056128;13:37:20.480353;13:37:20.639769;159416
24;50;PAGO;-12699904;13:37:20.479460;13:37:20.640000;160540
24;50;PAGO;-71448832;13:37:20.480409;13:37:20.640082;159673
24;50;PAGO;-21092608;13:37:20.479667;13:37:20.640148;160481
24;50;PAGO;-96626944;13:37:20.482864;13:37:20.640218;157354
24;50;PAGO;-88234240;13:37:20.482780;13:37:20.640286;157506
24;50;PAGO;-105019648;13:37:20.482955;13:37:20.640465;157510
24;50;PAGO;-4307200;13:37:20.479215;13:37:20.640559;161344
24;50;PAGO;-146983168;13:37:20.483523;13:37:20.641146;157623
24;50;PAGO;-130197760;13:37:20.483200;13:37:20.641273;158073
24;50;PAGO;-138590464;13:37:20.483408;13:37:20.641442;158034
24;50;PAGO;-113412352;13:37:20.483042;13:37:20.641814;158772
24;50;PAGO;-121805056;13:37:20.483124;13:37:20.641987;158863
24;50;PAGO;-806168832;13:37:20.435813;13:37:20.676639;240826
24;50;PAGO;-814561536;13:37:20.444116;13:37:20.677030;232914
24;50;PAGO;-822954240;13:37:20.444744;13:37:20.677288;232544
24;50;PAGO;-915273984;13:37:20.460765;13:37:20.677400;216635
24;50;PAGO;-1158662400;13:37:20.480495;13:37:20.677675;197180
24;50;PAGO;-797776128;13:37:20.444199;13:37:20.677808;233609
24;50;PAGO;-831346944;13:37:20.451770;13:37:20.678223;226453
24;50;PAGO;-839739648;13:37:20.452644;13:37:20.678357;225713
24;50;PAGO;-848132352;13:37:20.452770;13:37:20.678466;225696
24;50;PAGO;-864917760;13:37:20.453137;13:37:20.678581;225444
24;50;PAGO;-881703168;13:37:20.453904;13:37:20.678701;224797
24;50;PAGO;-856525056;13:37:20.452994;13:37:20.678824;225830
24;50;PAGO;-890095872;13:37:20.453961;13:37:20.678940;224979
24;50;PAGO;-873310464;13:37:20.453860;13:37:20.679112;225252
24;50;PAGO;-898488576;13:37:20.454004;13:37:20.679343;225339
24;50;PAGO;-906881280;13:37:20.457220;13:37:20.680331;223111
24;50;PAGO;-932059392;13:37:20.460823;13:37:20.680476;219653
24;50;PAGO;-974022912;13:37:20.466440;13:37:20.681016;214576
24;50;PAGO;-965630208;13:37:20.461264;13:37:20.681756;220492
24;50;PAGO;-1007593728;13:37:20.475026;13:37:20.681862;206836
24;50;PAGO;-940452096;13:37:20.460849;13:37:20.682086;221237
24;50;PAGO;-982415616;13:37:20.466464;13:37:20.682228;215764
24;50;PAGO;-1049557248;13:37:20.476820;13:37:20.682343;205523
24;50;PAGO;-1041164544;13:37:20.476534;13:37:20.682781;206247
24;50;PAGO;-1032771840;13:37:20.476343;13:37:20.683011;206668
24;50;PAGO;-1074735360;13:37:20.478015;13:37:20.683182;205167
24;50;PAGO;-990808320;13:37:20.466584;13:37:20.684220;217636
24;50;PAGO;-1099913472;13:37:20.478825;13:37:20.685245;206420
24;50;PAGO;-1125091584;13:37:20.479927;13:37:20.685821;205894
24;50;PAGO;-1024379136;13:37:20.475877;13:37:20.686236;210359
24;50;PAGO;-1133484288;13:37:20.479982;13:37:20.686359;206377
24;50;PAGO;-1150269696;13:37:20.480431;13:37:20.686500;206069
24;50;PAGO;-1167055104;13:37:20.480562;13:37:20.686611;206049
24;50;PAGO;-948844800;13:37:20.460962;13:37:20.686715;225753
24;50;PAGO;-999201024;13:37:20.466706;13:37:20.686873;220167
24;50;PAGO;-957237504;13:37:20.461061;13:37:20.686948;225887
24;50;PAGO;-1175447808;13:37:20.480659;13:37:20.687031;206372
24;50;PAGO;-1192233216;13:37:20.480999;13:37:20.687183;206184
24;50;PAGO;-1209018624;13:37:20.481275;13:37:20.687268;205993
24;50;PAGO;-923666688;13:37:20.460455;13:37:20.687367;226912
24;50;PAGO;-1066342656;13:37:20.477601;13:37:20.687455;209854
24;50;PAGO;-1091520768;13:37:20.478559;13:37:20.687572;209013
24;50;PAGO;-1108306176;13:37:20.479318;13:37:20.687719;208401
24;50;PAGO;-1116698880;13:37:20.479440;13:37:20.687905;208465
24;50;PAGO;-1015986432;13:37:20.475729;13:37:20.687959;212230
24;50;PAGO;-1141876992;13:37:20.480309;13:37:20.688163;207854
24;50;PAGO;-1200625920;13:37:20.481134;13:37:20.688641;207507
24;50;PAGO;-1057949952;13:37:20.477482;13:37:20.688711;211229
24;50;PAGO;-1183840512;13:37:20.480833;13:37:20.688792;207959
24;50;PAGO;-1083128064;13:37:20.478184;13:37:20.688924;210740
24;50;PAGO;-16812288;13:37:20.436053;13:37:20.689164;253111
24;50;PAGO;-25204992;13:37:20.436134;13:37:20.689459;253325
24;50;PAGO;-58775808;13:37:20.452900;13:37:20.689528;236628
24;50;PAGO;-125917440;13:37:20.463869;13:37:20.689640;225771
24;50;PAGO;-142702848;13:37:20.464393;13:37:20.689885;225492
24;50;PAGO;-344127744;13:37:20.475290;13:37:20.690126;214836
24;50;PAGO;-159488256;13:37:20.466124;13:37:20.693115;226991
24;50;PAGO;-33597696;13:37:20.436184;13:37:20.693255;257071
24;50;PAGO;-41990400;13:37:20.442444;13:37:20.693452;251008
24;50;PAGO;-50383104;13:37:20.452902;13:37:20.693655;240753
24;50;PAGO;-83953920;13:37:20.460720;13:37:20.693783;233063
24;50;PAGO;-67168512;13:37:20.453002;13:37:20.694091;241089
24;50;PAGO;-92346624;13:37:20.460804;13:37:20.694327;233523
24;50;PAGO;-117524736;13:37:20.463164;13:37:20.694439;231275
24;50;PAGO;-100739328;13:37:20.460879;13:37:20.694996;234117
24;50;PAGO;-134310144;13:37:20.464383;13:37:20.695541;231158
24;50;PAGO;-109132032;13:37:20.463166;13:37:20.695623;232457
24;50;PAGO;-75561216;13:37:20.463973;13:37:20.695691;231718
24;50;PAGO;-151095552;13:37:20.466124;13:37:20.695765;229641
24;50;PAGO;-201451776;13:37:20.466617;13:37:20.695823;229206
24;50;PAGO;-176273664;13:37:20.466237;13:37:20.695972;229735
24;50;PAGO;-209844480;13:37:20.466694;13:37:20.696063;229369
24;50;PAGO;-184666368;13:37:20.466449;13:37:20.696137;229688
24;50;PAGO;-167880960;13:37:20.466224;13:37:20.696195;229971
24;50;PAGO;-226629888;13:37:20.469002;13:37:20.696258;227256
24;50;PAGO;-235022592;13:37:20.470173;13:37:20.696359;226186
24;50;PAGO;-268593408;13:37:20.470896;13:37:20.696456;225560
24;50;PAGO;-251808000;13:37:20.471359;13:37:20.696524;225165
24;50;PAGO;-218237184;13:37:20.469011;13:37:20.696646;227635
24;50;PAGO;-243415296;13:37:20.471360;13:37:20.696741;225381
24;50;PAGO;-276986112;13:37:20.472155;13:37:20.696847;224692
24;50;PAGO;-285378816;13:37:20.472228;13:37:20.697012;224784
24;50;PAGO;-293771520;13:37:20.473510;13:37:20.697198;223688
24;50;PAGO;-302164224;13:37:20.473585;13:37:20.697329;223744
24;50;PAGO;-318949632;13:37:20.473823;13:37:20.697457;223634
24;50;PAGO;-327342336;13:37:20.473898;13:37:20.697607;223709
24;50;PAGO;-310556928;13:37:20.473947;13:37:20.697698;223751
24;50;PAGO;-335735040;13:37:20.475098;13:37:20.697815;222717
24;50;PAGO;-352520448;13:37:20.484887;13:37:20.697993;213106
24;50;PAGO;-360913152;13:37:20.485053;13:37:20.698125;213072
24;50;PAGO;-369305856;13:37:20.485111;13:37:20.698260;213149
24;50;PAGO;-386091264;13:37:20.485425;13:37:20.698362;212937
24;50;PAGO;-402876672;13:37:20.485635;13:37:20.698479;212844
24;50;PAGO;-394483968;13:37:20.485582;13:37:20.698601;213019
24;50;PAGO;-411269376;13:37:20.485719;13:37:20.698681;212962
24;50;PAGO;-419662080;13:37:20.485883;13:37:20.698819;212936
24;50;PAGO;-377698560;13:37:20.485211;13:37:20.698995;213784
24;50;PAGO;-428054784;13:37:20.485902;13:37:20.700275;214373
24;50;PAGO;-193059072;13:37:20.466550;13:37:20.700360;233810
24;50;PAGO;-260200704;13:37:20.470649;13:37:20.700615;229966
24;50;PAGO;507623168;13:37:20.435202;13:37:20.700995;265793
24;50;PAGO;499230464;13:37:20.442354;13:37:20.701357;259003
24;50;PAGO;239056640;13:37:20.481011;13:37:20.701981;220970
24;50;PAGO;348161792;13:37:20.466526;13:37:20.702158;235632
24;50;PAGO;339769088;13:37:20.466597;13:37:20.702227;235630
24;50;PAGO;331376384;13:37:20.466661;13:37:20.702294;235633
24;50;PAGO;490837760;13:37:20.442394;13:37:20.702361;259967
24;50;PAGO;474052352;13:37:20.450009;13:37:20.702428;252419
24;50;PAGO;322983680;13:37:20.468129;13:37:20.702481;234352
24;50;PAGO;314590976;13:37:20.468185;13:37:20.702593;234408
24;50;PAGO;457266944;13:37:20.453808;13:37:20.702718;248910
24;50;PAGO;440481536;13:37:20.460573;13:37:20.702985;242412
24;50;PAGO;432088832;13:37:20.460676;13:37:20.703091;242415
24;50;PAGO;448874240;13:37:20.460762;13:37:20.703229;242467
24;50;PAGO;423696128;13:37:20.460782;13:37:20.703423;242641
24;50;PAGO;415303424;13:37:20.460954;13:37:20.703597;242643
24;50;PAGO;406910720;13:37:20.462201;13:37:20.703707;241506
24;50;PAGO;398518016;13:37:20.462318;13:37:20.703875;241557
24;50;PAGO;390125312;13:37:20.466006;13:37:20.703970;237964
24;50;PAGO;255842048;13:37:20.473346;13:37:20.704182;230836
24;50;PAGO;247449344;13:37:20.473399;13:37:20.704409;231010
24;50;PAGO;364947200;13:37:20.466422;13:37:20.704750;238328
24;50;PAGO;197093120;13:37:20.481924;13:37:20.704949;223025
24;50;PAGO;180307712;13:37:20.481960;13:37:20.705315;223355
24;50;PAGO;171915008;13:37:20.482009;13:37:20.705420;223411
24;50;PAGO;163522304;13:37:20.482063;13:37:20.705489;223426
24;50;PAGO;155129600;13:37:20.482124;13:37:20.705563;223439
24;50;PAGO;146736896;13:37:20.482258;13:37:20.705634;223376
24;50;PAGO;138344192;13:37:20.482262;13:37:20.705713;223451
24;50;PAGO;465659648;13:37:20.452221;13:37:20.705918;253697
24;50;PAGO;129951488;13:37:20.482345;13:37:20.706028;223683
24;50;PAGO;113166080;13:37:20.482674;13:37:20.706102;223428
24;50;PAGO;121558784;13:37:20.482411;13:37:20.706182;223771
24;50;PAGO;281020160;13:37:20.472548;13:37:20.706278;233730
24;50;PAGO;96380672;13:37:20.483023;13:37:20.706424;223401
24;50;PAGO;264234752;13:37:20.473135;13:37:20.706531;233396
24;50;PAGO;381732608;13:37:20.466330;13:37:20.706610;240280
24;50;PAGO;356554496;13:37:20.466479;13:37:20.706733;240254
24;50;PAGO;230663936;13:37:20.481027;13:37:20.706841;225814
24;50;PAGO;222271232;13:37:20.481100;13:37:20.706924;225824
24;50;PAGO;205485824;13:37:20.481412;13:37:20.707046;225634
24;50;PAGO;213878528;13:37:20.481554;13:37:20.707167;225613
24;50;PAGO;188700416;13:37:20.481880;13:37:20.707266;225386
24;50;PAGO;373339904;13:37:20.466347;13:37:20.707380;241033
24;50;PAGO;482445056;13:37:20.442358;13:37:20.707482;265124
24;50;PAGO;297805568;13:37:20.472387;13:37:20.707589;235202
24;50;PAGO;289412864;13:37:20.472485;13:37:20.707701;235216
24;50;PAGO;104773376;13:37:20.482824;13:37:20.707859;225035
24;50;PAGO;272627456;13:37:20.473055;13:37:20.707967;234912
24;50;PAGO;306198272;13:37:20.471545;13:37:20.708091;236546
24;50;PAGO;925058816;13:37:20.442416;13:37:20.708878;266462
24;50;PAGO;908273408;13:37:20.445922;13:37:20.709940;264018
24;50;PAGO;891488000;13:37:20.451668;13:37:20.710663;258995
24;50;PAGO;815953664;13:37:20.454196;13:37:20.711272;257076
24;50;PAGO;723633920;13:37:20.466356;13:37:20.711416;245060
24;50;PAGO;715241216;13:37:20.466446;13:37:20.711508;245062
24;50;PAGO;522209024;13:37:20.482468;13:37:20.711621;229153
24;50;PAGO;799168256;13:37:20.454293;13:37:20.711768;257475
24;50;PAGO;564172544;13:37:20.481740;13:37:20.711884;230144
24;50;PAGO;883095296;13:37:20.452827;13:37:20.712017;259190
24;50;PAGO;874702592;13:37:20.452890;13:37:20.712110;259220
24;50;PAGO;866309888;13:37:20.453012;13:37:20.712178;259166
24;50;PAGO;857917184;13:37:20.453135;13:37:20.712246;259111
24;50;PAGO;849524480;13:37:20.454086;13:37:20.712302;258216
24;50;PAGO;832739072;13:37:20.454092;13:37:20.712359;258267
24;50;PAGO;841131776;13:37:20.454099;13:37:20.712435;258336
24;50;PAGO;824346368;13:37:20.454151;13:37:20.712569;258418
24;50;PAGO;807560960;13:37:20.454249;13:37:20.713657;259408
24;50;PAGO;790775552;13:37:20.454341;13:37:20.713874;259533
24;50;PAGO;916666112;13:37:20.451541;13:37:20.713999;262458
24;50;PAGO;782382848;13:37:20.455381;13:37:20.714165;258784
24;50;PAGO;748812032;13:37:20.465826;13:37:20.714374;248548
24;50;PAGO;757204736;13:37:20.465139;13:37:20.714568;249429
24;50;PAGO;765597440;13:37:20.462458;13:37:20.714682;252224
24;50;PAGO;740419328;13:37:20.465948;13:37:20.714778;248830
24;50;PAGO;690063104;13:37:20.469114;13:37:20.714858;245744
24;50;PAGO;673277696;13:37:20.469871;13:37:20.715538;245667
24;50;PAGO;773990144;13:37:20.456987;13:37:20.715650;258663
24;50;PAGO;698455808;13:37:20.468968;13:37:20.715770;246802
24;50;PAGO;706848512;13:37:20.466504;13:37:20.715831;249327
24;50;PAGO;648099584;13:37:20.470646;13:37:20.715946;245300
24;50;PAGO;664884992;13:37:20.470034;13:37:20.716190;246156
24;50;PAGO;732026624;13:37:20.466247;13:37:20.716278;250031
24;50;PAGO;614528768;13:37:20.479325;13:37:20.716453;237128
24;50;PAGO;656492288;13:37:20.471356;13:37:20.716540;245184
24;50;PAGO;597743360;13:37:20.479621;13:37:20.716691;237070
24;50;PAGO;622921472;13:37:20.472101;13:37:20.716926;244825
24;50;PAGO;580957952;13:37:20.479941;13:37:20.717034;237093
24;50;PAGO;606136064;13:37:20.479482;13:37:20.717127;237645
24;50;PAGO;572565248;13:37:20.480256;13:37:20.717295;237039
24;50;PAGO;547387136;13:37:20.481719;13:37:20.717486;235767
24;50;PAGO;555779840;13:37:20.481670;13:37:20.717681;236011
24;50;PAGO;538994432;13:37:20.481773;13:37:20.718116;236343
24;50;PAGO;530601728;13:37:20.482450;13:37:20.718654;236204
24;50;PAGO;513816320;13:37:20.482534;13:37:20.718795;236261
24;50;PAGO;639706880;13:37:20.471162;13:37:20.718975;247813
24;50;PAGO;681670400;13:37:20.469971;13:37:20.719135;249164
24;50;PAGO;589350656;13:37:20.479722;13:37:20.719297;239575
24;50;PAGO;631314176;13:37:20.471961;13:37:20.719390;247429
24;50;PAGO;899880704;13:37:20.446120;13:37:20.719538;273418
24;50;PAGO;599422720;13:37:20.434130;13:37:20.526258;92128
24;50;PAGO;582637312;13:37:20.443572;13:37:20.526385;82813
24;50;PAGO;523888384;13:37:20.465418;13:37:20.526668;61250
24;50;PAGO;372819712;13:37:20.478695;13:37:20.526874;48179
24;50;PAGO;574244608;13:37:20.461763;13:37:20.527921;66158
24;50;PAGO;557459200;13:37:20.463506;13:37:20.528005;64499
24;50;PAGO;549066496;13:37:20.463591;13:37:20.528149;64558
24;50;PAGO;540673792;13:37:20.463663;13:37:20.528240;64577
24;50;PAGO;532281088;13:37:20.463768;13:37:20.528685;64917
24;50;PAGO;515495680;13:37:20.468993;13:37:20.529121;60128
24;50;PAGO;507102976;13:37:20.469024;13:37:20.529261;60237
24;50;PAGO;473532160;13:37:20.474433;13:37:20.529487;55054
24;50;PAGO;490317568;13:37:20.471033;13:37:20.529883;58850
24;50;PAGO;565851904;13:37:20.463178;13:37:20.530094;66916
24;50;PAGO;465139456;13:37:20.474530;13:37:20.530223;55693
24;50;PAGO;448354048;13:37:20.474708;13:37:20.530422;55714
24;50;PAGO;498710272;13:37:20.470958;13:37:20.530726;59768
24;50;PAGO;423175936;13:37:20.476830;13:37:20.530838;54008
24;50;PAGO;414783232;13:37:20.477370;13:37:20.531232;53862
24;50;PAGO;456746752;13:37:20.474632;13:37:20.531778;57146
24;50;PAGO;397997824;13:37:20.477777;13:37:20.531913;54136
24;50;PAGO;389605120;13:37:20.478085;13:37:20.531963;53878
24;50;PAGO;406390528;13:37:20.477550;13:37:20.532250;54700
24;50;PAGO;431568640;13:37:20.475791;13:37:20.532280;56489
24;50;PAGO;439961344;13:37:20.474758;13:37:20.532335;57577
24;50;PAGO;381212416;13:37:20.478364;13:37:20.532786;54422
24;50;PAGO;364427008;13:37:20.479091;13:37:20.532969;53878
24;50;PAGO;356034304;13:37:20.479366;13:37:20.533216;53850
24;50;PAGO;322463488;13:37:20.480430;13:37:20.533764;53334
24;50;PAGO;330856192;13:37:20.480347;13:37:20.534538;54191
24;50;PAGO;339248896;13:37:20.480272;13:37:20.535540;55268
24;50;PAGO;481924864;13:37:20.480727;13:37:20.535748;55021
24;50;PAGO;347641600;13:37:20.479574;13:37:20.535870;56296
24;50;PAGO;305678080;13:37:20.480971;13:37:20.536224;55253
24;50;PAGO;272107264;13:37:20.481994;13:37:20.536304;54310
24;50;PAGO;314070784;13:37:20.480515;13:37:20.536403;55888
24;50;PAGO;255321856;13:37:20.482347;13:37:20.536492;54145
24;50;PAGO;246929152;13:37:20.482430;13:37:20.536574;54144
24;50;PAGO;221751040;13:37:20.482802;13:37:20.536665;53863
24;50;PAGO;213358336;13:37:20.482893;13:37:20.536762;53869
24;50;PAGO;280499968;13:37:20.481490;13:37:20.537138;55648
24;50;PAGO;196572928;13:37:20.483294;13:37:20.537223;53929
24;50;PAGO;263714560;13:37:20.482180;13:37:20.537354;55174
24;50;PAGO;188180224;13:37:20.483369;13:37:20.537489;54120
24;50;PAGO;297285376;13:37:20.481025;13:37:20.537674;56649
24;50;PAGO;204965632;13:37:20.482969;13:37:20.537819;54850
24;50;PAGO;238536448;13:37:20.482660;13:37:20.537905;55245
24;50;PAGO;230143744;13:37:20.482742;13:37:20.538045;55303
24;50;PAGO;288892672;13:37:20.481439;13:37:20.538164;56725
24;50;PAGO;591030016;13:37:20.435796;13:37:20.839654;403858
24;50;PAGO;1111312128;13:37:20.444553;13:37:20.653113;208560
24;50;PAGO;1094526720;13:37:20.444642;13:37:20.653193;208551
24;50;PAGO;951850752;13:37:20.463551;13:37:20.653593;190042
24;50;PAGO;893101824;13:37:20.469079;13:37:20.653757;184678
24;50;PAGO;750425856;13:37:20.478883;13:37:20.654451;175568
24;50;PAGO;792389376;13:37:20.476957;13:37:20.654516;177559
24;50;PAGO;1052563200;13:37:20.452242;13:37:20.654593;202351
24;50;PAGO;1044170496;13:37:20.453125;13:37:20.654698;201573
24;50;PAGO;1060955904;13:37:20.452168;13:37:20.654822;202654
24;50;PAGO;1035777792;13:37:20.453188;13:37:20.654906;201718
24;50;PAGO;1027385088;13:37:20.453279;13:37:20.655060;201781
24;50;PAGO;1069348608;13:37:20.452182;13:37:20.655200;203018
24;50;PAGO;1002206976;13:37:20.461145;13:37:20.655312;194167
24;50;PAGO;993814272;13:37:20.461210;13:37:20.655434;194224
24;50;PAGO;1018992384;13:37:20.460991;13:37:20.655553;194562
24;50;PAGO;985421568;13:37:20.461262;13:37:20.655615;194353
24;50;PAGO;977028864;13:37:20.461409;13:37:20.655696;194287
24;50;PAGO;1010599680;13:37:20.461051;13:37:20.655819;194768
24;50;PAGO;968636160;13:37:20.462574;13:37:20.656463;193889
24;50;PAGO;960243456;13:37:20.462634;13:37:20.656605;193971
24;50;PAGO;943458048;13:37:20.463650;13:37:20.656896;193246
24;50;PAGO;935065344;13:37:20.467505;13:37:20.657935;190430
24;50;PAGO;918279936;13:37:20.468137;13:37:20.658284;190147
24;50;PAGO;909887232;13:37:20.468243;13:37:20.658388;190145
24;50;PAGO;884709120;13:37:20.469585;13:37:20.658502;188917
24;50;PAGO;876316416;13:37:20.470628;13:37:20.658680;188052
24;50;PAGO;867923712;13:37:20.472192;13:37:20.658828;186636
24;50;PAGO;851138304;13:37:20.475092;13:37:20.658932;183840
24;50;PAGO;859531008;13:37:20.473503;13:37:20.659037;185534
24;50;PAGO;809174784;13:37:20.476156;13:37:20.659157;183001
24;50;PAGO;901494528;13:37:20.468991;13:37:20.660324;191333
24;50;PAGO;708462336;13:37:20.480477;13:37:20.660443;179966
24;50;PAGO;700069632;13:37:20.480590;13:37:20.660587;179997
24;50;PAGO;725247744;13:37:20.480075;13:37:20.660831;180756
24;50;PAGO;842745600;13:37:20.475268;13:37:20.660914;185646
24;50;PAGO;817567488;13:37:20.475954;13:37:20.661115;185161
24;50;PAGO;926672640;13:37:20.468061;13:37:20.661235;193174
24;50;PAGO;800782080;13:37:20.476725;13:37:20.661404;184679
24;50;PAGO;716855040;13:37:20.480309;13:37:20.661767;181458
24;50;PAGO;783996672;13:37:20.477455;13:37:20.662744;185289
24;50;PAGO;767211264;13:37:20.478292;13:37:20.663275;184983
24;50;PAGO;758818560;13:37:20.478542;13:37:20.663347;184805
24;50;PAGO;775603968;13:37:20.477724;13:37:20.663465;185741
24;50;PAGO;742033152;13:37:20.479311;13:37:20.663734;184423
24;50;PAGO;825960192;13:37:20.475552;13:37:20.663839;188287
24;50;PAGO;733640448;13:37:20.479701;13:37:20.664689;184988
24;50;PAGO;1086134016;13:37:20.445087;13:37:20.664917;219830
24;50;PAGO;834352896;13:37:20.475452;13:37:20.665056;189604
24;50;PAGO;1077741312;13:37:20.445124;13:37:20.665121;219997
24;50;PAGO;1102919424;13:37:20.444553;13:37:20.840094;395541
24;50;PAGO;530503424;13:37:20.453180;13:37:20.665318;212138
24;50;PAGO;513718016;13:37:20.453834;13:37:20.665743;211909
24;50;PAGO;446576384;13:37:20.462962;13:37:20.665878;202916
24;50;PAGO;505325312;13:37:20.453901;13:37:20.666292;212391
24;50;PAGO;496932608;13:37:20.453978;13:37:20.666859;212881
24;50;PAGO;488539904;13:37:20.454056;13:37:20.667007;212951
24;50;PAGO;480147200;13:37:20.461146;13:37:20.668592;207446
24;50;PAGO;463361792;13:37:20.462666;13:37:20.668920;206254
24;50;PAGO;471754496;13:37:20.462153;13:37:20.670604;208451
24;50;PAGO;454969088;13:37:20.462717;13:37:20.670663;207946
24;50;PAGO;421398272;13:37:20.465665;13:37:20.670715;205050
24;50;PAGO;438183680;13:37:20.462977;13:37:20.670791;207814
24;50;PAGO;404612864;13:37:20.467145;13:37:20.670876;203731
24;50;PAGO;396220160;13:37:20.467222;13:37:20.670954;203732
24;50;PAGO;429790976;13:37:20.464293;13:37:20.671040;206747
24;50;PAGO;371042048;13:37:20.468720;13:37:20.671108;202388
24;50;PAGO;413005568;13:37:20.467148;13:37:20.671188;204040
24;50;PAGO;362649344;13:37:20.468809;13:37:20.671321;202512
24;50;PAGO;345863936;13:37:20.469135;13:37:20.671393;202258
24;50;PAGO;354256640;13:37:20.469151;13:37:20.671481;202330
24;50;PAGO;379434752;13:37:20.467436;13:37:20.671639;204203
24;50;PAGO;329078528;13:37:20.470343;13:37:20.671731;201388
24;50;PAGO;320685824;13:37:20.470355;13:37:20.671860;201505
24;50;PAGO;337471232;13:37:20.469273;13:37:20.671941;202668
24;50;PAGO;312293120;13:37:20.471492;13:37:20.672011;200519
24;50;PAGO;303900416;13:37:20.471495;13:37:20.672094;200599
24;50;PAGO;287115008;13:37:20.474844;13:37:20.672205;197361
24;50;PAGO;295507712;13:37:20.474998;13:37:20.672300;197302
24;50;PAGO;278722304;13:37:20.474910;13:37:20.672411;197501
24;50;PAGO;270329600;13:37:20.475236;13:37:20.672533;197297
24;50;PAGO;245151488;13:37:20.475627;13:37:20.672670;197043
24;50;PAGO;236758784;13:37:20.475854;13:37:20.672822;196968
24;50;PAGO;211580672;13:37:20.476734;13:37:20.672901;196167
24;50;PAGO;219973376;13:37:20.476452;13:37:20.673042;196590
24;50;PAGO;261936896;13:37:20.475349;13:37:20.673159;197810
24;50;PAGO;228366080;13:37:20.476146;13:37:20.673252;197106
24;50;PAGO;203187968;13:37:20.477042;13:37:20.673353;196311
24;50;PAGO;253544192;13:37:20.475433;13:37:20.674270;198837
24;50;PAGO;387827456;13:37:20.467364;13:37:20.674457;207093
24;50;PAGO;186402560;13:37:20.478378;13:37:20.674570;196192
24;50;PAGO;194795264;13:37:20.478268;13:37:20.674678;196410
24;50;PAGO;161224448;13:37:20.479499;13:37:20.674815;195316
24;50;PAGO;169617152;13:37:20.478949;13:37:20.675417;196468
24;50;PAGO;152831744;13:37:20.480230;13:37:20.675561;195331
24;50;PAGO;178009856;13:37:20.478611;13:37:20.675653;197042
24;50;PAGO;136046336;13:37:20.480917;13:37:20.675757;194840
24;50;PAGO;127653632;13:37:20.481441;13:37:20.675945;194504
24;50;PAGO;144439040;13:37:20.480761;13:37:20.676021;195260
24;50;PAGO;119260928;13:37:20.481455;13:37:20.676128;194673
24;50;PAGO;522110720;13:37:20.453181;13:37:20.840318;387137
24;50;PAGO;-2119108864;13:37:20.451431;13:37:20.642448;191017
24;50;PAGO;-2144286976;13:37:20.453363;13:37:20.642918;189555
24;50;PAGO;1966040832;13:37:20.472702;13:37:20.643247;170545
24;50;PAGO;1781401344;13:37:20.483165;13:37:20.643918;160753
24;50;PAGO;2142287616;13:37:20.453380;13:37:20.644029;190649
24;50;PAGO;2133894912;13:37:20.453477;13:37:20.644126;190649
24;50;PAGO;2125502208;13:37:20.453550;13:37:20.644263;190713
24;50;PAGO;2117109504;13:37:20.453703;13:37:20.644385;190682
24;50;PAGO;2108716800;13:37:20.453770;13:37:20.644504;190734
24;50;PAGO;2100324096;13:37:20.453840;13:37:20.644622;190782
24;50;PAGO;2091931392;13:37:20.454010;13:37:20.644733;190723
24;50;PAGO;2083538688;13:37:20.454204;13:37:20.644975;190771
24;50;PAGO;2075145984;13:37:20.454247;13:37:20.645058;190811
24;50;PAGO;2066753280;13:37:20.454319;13:37:20.645169;190850
24;50;PAGO;2058360576;13:37:20.464088;13:37:20.645269;181181
24;50;PAGO;2049967872;13:37:20.464879;13:37:20.645359;180480
24;50;PAGO;2033182464;13:37:20.466351;13:37:20.645432;179081
24;50;PAGO;2041575168;13:37:20.466353;13:37:20.645551;179198
24;50;PAGO;2024789760;13:37:20.466513;13:37:20.645631;179118
24;50;PAGO;2016397056;13:37:20.468632;13:37:20.645699;177067
24;50;PAGO;2008004352;13:37:20.468695;13:37:20.645837;177142
24;50;PAGO;1999611648;13:37:20.469314;13:37:20.645980;176666
24;50;PAGO;1991218944;13:37:20.469871;13:37:20.646108;176237
24;50;PAGO;1982826240;13:37:20.470849;13:37:20.646216;175367
24;50;PAGO;1974433536;13:37:20.470915;13:37:20.646333;175418
24;50;PAGO;1957648128;13:37:20.471243;13:37:20.646709;175466
24;50;PAGO;1949255424;13:37:20.472721;13:37:20.647022;174301
24;50;PAGO;1932470016;13:37:20.472738;13:37:20.647087;174349
24;50;PAGO;1924077312;13:37:20.472796;13:37:20.647180;174384
24;50;PAGO;1915684608;13:37:20.472885;13:37:20.647260;174375
24;50;PAGO;1907291904;13:37:20.472970;13:37:20.648100;175130
24;50;PAGO;1890506496;13:37:20.475731;13:37:20.649075;173344
24;50;PAGO;1882113792;13:37:20.476068;13:37:20.649824;173756
24;50;PAGO;1873721088;13:37:20.476259;13:37:20.649899;173640
24;50;PAGO;1865328384;13:37:20.476642;13:37:20.649958;173316
24;50;PAGO;1856935680;13:37:20.477410;13:37:20.650073;172663
24;50;PAGO;1848542976;13:37:20.477632;13:37:20.650215;172583
24;50;PAGO;1840150272;13:37:20.477809;13:37:20.650316;172507
24;50;PAGO;1831757568;13:37:20.478468;13:37:20.650426;171958
24;50;PAGO;1823364864;13:37:20.478651;13:37:20.650518;171867
24;50;PAGO;1814972160;13:37:20.479051;13:37:20.650615;171564
24;50;PAGO;1806579456;13:37:20.479411;13:37:20.650762;171351
24;50;PAGO;1898899200;13:37:20.475741;13:37:20.650845;175104
24;50;PAGO;1940862720;13:37:20.480731;13:37:20.650925;170194
24;50;PAGO;1798186752;13:37:20.482643;13:37:20.651028;168385
24;50;PAGO;1789794048;13:37:20.482691;13:37:20.652007;169316
24;50;PAGO;1773008640;13:37:20.483395;13:37:20.652174;168779
24;50;PAGO;1764615936;13:37:20.483553;13:37:20.652644;169091
24;50;PAGO;-2127501568;13:37:20.451460;13:37:20.839925;388465
24;50;PAGO;-2135894272;13:37:20.451472;13:37:20.843225;391753
24;50;PAGO;-1745467648;13:37:20.436585;13:37:20.555998;119413
24;50;PAGO;-1753860352;13:37:20.445688;13:37:20.556413;110725
24;50;PAGO;-1779038464;13:37:20.453439;13:37:20.556478;103039
24;50;PAGO;-1854572800;13:37:20.454336;13:37:20.556594;102258
24;50;PAGO;-1871358208;13:37:20.455393;13:37:20.556657;101264
24;50;PAGO;-1829394688;13:37:20.454387;13:37:20.557499;103112
24;50;PAGO;-2064390400;13:37:20.464147;13:37:20.557560;93413
24;50;PAGO;-2106353920;13:37:20.467864;13:37:20.558181;90317
24;50;PAGO;-2131532032;13:37:20.468214;13:37:20.558231;90017
24;50;PAGO;-2114746624;13:37:20.468056;13:37:20.558487;90431
24;50;PAGO;-2005641472;13:37:20.456646;13:37:20.558887;102241
24;50;PAGO;-1770645760;13:37:20.451103;13:37:20.559300;108197
24;50;PAGO;-1762253056;13:37:20.451103;13:37:20.559435;108332
24;50;PAGO;-1787431168;13:37:20.453437;13:37:20.559543;106106
24;50;PAGO;-1795823872;13:37:20.453488;13:37:20.559954;106466
24;50;PAGO;-1812609280;13:37:20.453975;13:37:20.560167;106192
24;50;PAGO;-1804216576;13:37:20.453537;13:37:20.560521;106984
24;50;PAGO;-1846180096;13:37:20.454278;13:37:20.560880;106602
24;50;PAGO;-1821001984;13:37:20.454015;13:37:20.561137;107122
24;50;PAGO;-1862965504;13:37:20.455319;13:37:20.561416;106097
24;50;PAGO;-1888143616;13:37:20.455721;13:37:20.561615;105894
24;50;PAGO;-1879750912;13:37:20.455662;13:37:20.562003;106341
24;50;PAGO;-1896536320;13:37:20.455828;13:37:20.562090;106262
24;50;PAGO;-1904929024;13:37:20.455894;13:37:20.562411;106517
24;50;PAGO;-1921714432;13:37:20.456005;13:37:20.562540;106535
24;50;PAGO;-1938499840;13:37:20.456124;13:37:20.562654;106530
24;50;PAGO;-1946892544;13:37:20.456176;13:37:20.562731;106555
24;50;PAGO;-1955285248;13:37:20.456224;13:37:20.562806;106582
24;50;PAGO;-1988856064;13:37:20.456531;13:37:20.562872;106341
24;50;PAGO;-1972070656;13:37:20.456325;13:37:20.562934;106609
24;50;PAGO;-1997248768;13:37:20.456591;13:37:20.563004;106413
24;50;PAGO;-1913321728;13:37:20.455943;13:37:20.563144;107201
24;50;PAGO;-1837787392;13:37:20.454217;13:37:20.563251;109034
24;50;PAGO;-1963677952;13:37:20.456283;13:37:20.563367;107084
24;50;PAGO;-1930107136;13:37:20.456074;13:37:20.563489;107415
24;50;PAGO;-1980463360;13:37:20.456423;13:37:20.563617;107194
24;50;PAGO;-2022426880;13:37:20.456737;13:37:20.563732;106995
24;50;PAGO;-2047604992;13:37:20.457024;13:37:20.563810;106786
24;50;PAGO;-2081175808;13:37:20.465095;13:37:20.563975;98880
24;50;PAGO;-2072783104;13:37:20.465317;13:37:20.564125;98808
24;50;PAGO;-2089568512;13:37:20.466117;13:37:20.564237;98120
24;50;PAGO;-2097961216;13:37:20.467776;13:37:20.564365;96589
24;50;PAGO;-2123139328;13:37:20.468137;13:37:20.564471;96334
24;50;PAGO;2146649856;13:37:20.469451;13:37:20.564583;95132
24;50;PAGO;2138257152;13:37:20.469624;13:37:20.564660;95036
24;50;PAGO;-2139924736;13:37:20.468302;13:37:20.564722;96420
24;50;PAGO;-2014034176;13:37:20.456684;13:37:20.564826;108142
24;50;PAGO;-2030819584;13:37:20.456795;13:37:20.565016;108221
24;50;PAGO;-2039212288;13:37:20.456922;13:37:20.565139;108217
24;50;PAGO;-2055997696;13:37:20.464144;13:37:20.565251;101107
24;50;PAGO;-599890176;13:37:20.438536;13:37:20.721130;282594
24;50;PAGO;-608282880;13:37:20.438611;13:37:20.721544;282933
24;50;PAGO;-667031808;13:37:20.439127;13:37:20.721605;282478
24;50;PAGO;-1002739968;13:37:20.467268;13:37:20.721909;254641
24;50;PAGO;-943991040;13:37:20.461410;13:37:20.723542;262132
24;50;PAGO;-616675584;13:37:20.438671;13:37:20.723723;285052
24;50;PAGO;-625068288;13:37:20.438763;13:37:20.723849;285086
24;50;PAGO;-633460992;13:37:20.438797;13:37:20.723992;285195
24;50;PAGO;-641853696;13:37:20.438960;13:37:20.724111;285151
24;50;PAGO;-650246400;13:37:20.439012;13:37:20.724285;285273
24;50;PAGO;-658639104;13:37:20.439079;13:37:20.724388;285309
24;50;PAGO;-683817216;13:37:20.439242;13:37:20.724538;285296
24;50;PAGO;-675424512;13:37:20.439215;13:37:20.724678;285463
24;50;PAGO;-692209920;13:37:20.439327;13:37:20.724797;285470
24;50;PAGO;-700602624;13:37:20.439384;13:37:20.724935;285551
24;50;PAGO;-708995328;13:37:20.439462;13:37:20.725208;285746
24;50;PAGO;-717388032;13:37:20.439538;13:37:20.725295;285757
24;50;PAGO;-734173440;13:37:20.439717;13:37:20.725357;285640
24;50;PAGO;-742566144;13:37:20.439800;13:37:20.725474;285674
24;50;PAGO;-750958848;13:37:20.439863;13:37:20.725618;285755
24;50;PAGO;-759351552;13:37:20.439961;13:37:20.725723;285762
24;50;PAGO;-767744256;13:37:20.440050;13:37:20.725814;285764
24;50;PAGO;-776136960;13:37:20.440137;13:37:20.725879;285742
24;50;PAGO;-784529664;13:37:20.440194;13:37:20.726051;285857
24;50;PAGO;-725780736;13:37:20.439604;13:37:20.726127;286523
24;50;PAGO;-801315072;13:37:20.440324;13:37:20.726215;285891
24;50;PAGO;-792922368;13:37:20.440254;13:37:20.726313;286059
24;50;PAGO;-826493184;13:37:20.440562;13:37:20.726431;285869
24;50;PAGO;-809707776;13:37:20.440410;13:37:20.726547;286137
24;50;PAGO;-818100480;13:37:20.440487;13:37:20.726632;286145
24;50;PAGO;-834885888;13:37:20.440647;13:37:20.726778;286131
24;50;PAGO;-843278592;13:37:20.440740;13:37:20.726866;286126
24;50;PAGO;-851671296;13:37:20.443947;13:37:20.726954;283007
24;50;PAGO;-860064000;13:37:20.449929;13:37:20.727046;277117
24;50;PAGO;-885242112;13:37:20.452554;13:37:20.727140;274586
24;50;PAGO;-893634816;13:37:20.452671;13:37:20.727239;274568
24;50;PAGO;-902027520;13:37:20.452744;13:37:20.727298;274554
24;50;PAGO;-910420224;13:37:20.452829;13:37:20.727389;274560
24;50;PAGO;-918812928;13:37:20.452903;13:37:20.727461;274558
24;50;PAGO;-927205632;13:37:20.452986;13:37:20.727568;274582
24;50;PAGO;-935598336;13:37:20.453166;13:37:20.727668;274502
24;50;PAGO;-876849408;13:37:20.452515;13:37:20.727812;275297
24;50;PAGO;-868456704;13:37:20.451308;13:37:20.728195;276887
24;50;PAGO;-952383744;13:37:20.461483;13:37:20.728255;266772
24;50;PAGO;-960776448;13:37:20.461818;13:37:20.728326;266508
24;50;PAGO;-969169152;13:37:20.461822;13:37:20.728382;266560
24;50;PAGO;-985954560;13:37:20.466938;13:37:20.728471;261533
24;50;PAGO;-994347264;13:37:20.467191;13:37:20.728928;261737
24;50;PAGO;-977561856;13:37:20.466048;13:37:20.729256;263208
24;50;PAGO;-1011132672;13:37:20.467348;13:37:20.729962;262614
24;50;PAGO;-183929088;13:37:20.444214;13:37:20.799281;355067
24;50;PAGO;-192321792;13:37:20.446361;13:37:20.799396;353035
24;50;PAGO;-276248832;13:37:20.447403;13:37:20.799569;352166
24;50;PAGO;-477673728;13:37:20.450122;13:37:20.799789;349667
24;50;PAGO;-502851840;13:37:20.453041;13:37:20.799854;346813
24;50;PAGO;-569993472;13:37:20.472539;13:37:20.799956;327417
24;50;PAGO;-578386176;13:37:20.472624;13:37:20.800067;327443
24;50;PAGO;-217499904;13:37:20.446723;13:37:20.800170;353447
24;50;PAGO;-225892608;13:37:20.446932;13:37:20.800527;353595
24;50;PAGO;-200714496;13:37:20.446516;13:37:20.801533;355017
24;50;PAGO;-234285312;13:37:20.447131;13:37:20.802524;355393
24;50;PAGO;-242678016;13:37:20.447192;13:37:20.803446;356254
24;50;PAGO;-251070720;13:37:20.447247;13:37:20.803542;356295
24;50;PAGO;-259463424;13:37:20.447292;13:37:20.804451;357159
24;50;PAGO;-267856128;13:37:20.447342;13:37:20.805327;357985
24;50;PAGO;-309819648;13:37:20.447639;13:37:20.805541;357902
24;50;PAGO;-301426944;13:37:20.447555;13:37:20.805620;358065
24;50;PAGO;-334997760;13:37:20.448108;13:37:20.805760;357652
24;50;PAGO;-318212352;13:37:20.447887;13:37:20.805922;358035
24;50;PAGO;-368568576;13:37:20.448529;13:37:20.806045;357516
24;50;PAGO;-293034240;13:37:20.447490;13:37:20.806176;358686
24;50;PAGO;-326605056;13:37:20.447999;13:37:20.806371;358372
24;50;PAGO;-376961280;13:37:20.448584;13:37:20.806525;357941
24;50;PAGO;-385353984;13:37:20.448675;13:37:20.806660;357985
24;50;PAGO;-393746688;13:37:20.448787;13:37:20.806865;358078
24;50;PAGO;-402139392;13:37:20.448960;13:37:20.806929;357969
24;50;PAGO;-410532096;13:37:20.449246;13:37:20.807132;357886
24;50;PAGO;-351783168;13:37:20.448316;13:37:20.807249;358933
24;50;PAGO;-343390464;13:37:20.448212;13:37:20.807368;359156
24;50;PAGO;-360175872;13:37:20.448421;13:37:20.807453;359032
24;50;PAGO;-418924800;13:37:20.449421;13:37:20.807598;358177
24;50;PAGO;-435710208;13:37:20.449640;13:37:20.807755;358115
24;50;PAGO;-427317504;13:37:20.449538;13:37:20.807832;358294
24;50;PAGO;-284641536;13:37:20.447448;13:37:20.807963;360515
24;50;PAGO;-444102912;13:37:20.449739;13:37:20.808081;358342
24;50;PAGO;-452495616;13:37:20.449909;13:37:20.808211;358302
24;50;PAGO;-460888320;13:37:20.449949;13:37:20.808328;358379
24;50;PAGO;-486066432;13:37:20.450262;13:37:20.808459;358197
24;50;PAGO;-494459136;13:37:20.450317;13:37:20.808516;358199
24;50;PAGO;-528029952;13:37:20.461337;13:37:20.808565;347228
24;50;PAGO;-536422656;13:37:20.461469;13:37:20.808640;347171
24;50;PAGO;-519637248;13:37:20.461377;13:37:20.808790;347413
24;50;PAGO;-469281024;13:37:20.450189;13:37:20.808923;358734
24;50;PAGO;-544815360;13:37:20.461804;13:37:20.808984;347180
24;50;PAGO;-553208064;13:37:20.471510;13:37:20.809064;337554
24;50;PAGO;-511244544;13:37:20.453265;13:37:20.809318;356053
24;50;PAGO;-586778880;13:37:20.472713;13:37:20.809760;337047
24;50;PAGO;-595171584;13:37:20.472760;13:37:20.810114;337354
24;50;PAGO;-561600768;13:37:20.471646;13:37:20.810284;338638
24;50;PAGO;-209107200;13:37:20.446606;13:37:20.810412;363806
24;50;PAGO;-840009984;13:37:20.451214;13:37:20.810651;359437
24;50;PAGO;-856795392;13:37:20.453363;13:37:20.811120;357757
24;50;PAGO;-915544320;13:37:20.462954;13:37:20.811274;348320
24;50;PAGO;-957507840;13:37:20.469597;13:37:20.811369;341772
24;50;PAGO;-848402688;13:37:20.453393;13:37:20.812263;358870
24;50;PAGO;-865188096;13:37:20.453399;13:37:20.812348;358949
24;50;PAGO;-873580800;13:37:20.453501;13:37:20.813306;359805
24;50;PAGO;-890366208;13:37:20.460466;13:37:20.813381;352915
24;50;PAGO;-881973504;13:37:20.460587;13:37:20.815220;354633
24;50;PAGO;-898758912;13:37:20.460607;13:37:20.815278;354671
24;50;PAGO;-907151616;13:37:20.460707;13:37:20.815406;354699
24;50;PAGO;-932329728;13:37:20.463062;13:37:20.815453;352391
24;50;PAGO;-940722432;13:37:20.463121;13:37:20.815540;352419
24;50;PAGO;-949115136;13:37:20.468445;13:37:20.815638;347193
24;50;PAGO;-923937024;13:37:20.462937;13:37:20.815701;352764
24;50;PAGO;-965900544;13:37:20.479402;13:37:20.815800;336398
24;50;PAGO;-982685952;13:37:20.481634;13:37:20.815869;334235
24;50;PAGO;-999471360;13:37:20.481751;13:37:20.815955;334204
24;50;PAGO;-1007864064;13:37:20.481838;13:37:20.816139;334301
24;50;PAGO;-1016256768;13:37:20.481929;13:37:20.816373;334444
24;50;PAGO;-974293248;13:37:20.481536;13:37:20.817139;335603
24;50;PAGO;-991078656;13:37:20.481690;13:37:20.818162;336472
24;50;PAGO;-1024649472;13:37:20.481981;13:37:20.819073;337092
24;50;PAGO;-1033042176;13:37:20.482038;13:37:20.820076;338038
24;50;PAGO;-1058220288;13:37:20.482213;13:37:20.820237;338024
24;50;PAGO;-1049827584;13:37:20.482169;13:37:20.820323;338154
24;50;PAGO;-1066612992;13:37:20.482842;13:37:20.820404;337562
24;50;PAGO;-1075005696;13:37:20.482991;13:37:20.820523;337532
24;50;PAGO;-1083398400;13:37:20.483189;13:37:20.820626;337437
24;50;PAGO;-1100183808;13:37:20.483449;13:37:20.820699;337250
24;50;PAGO;-1091791104;13:37:20.483306;13:37:20.820780;337474
24;50;PAGO;-1041434880;13:37:20.482104;13:37:20.820902;338798
24;50;PAGO;-1116969216;13:37:20.483709;13:37:20.821016;337307
24;50;PAGO;-1125361920;13:37:20.483776;13:37:20.821106;337330
24;50;PAGO;-1142147328;13:37:20.484005;13:37:20.821253;337248
24;50;PAGO;-1108576512;13:37:20.483564;13:37:20.821338;337774
24;50;PAGO;-1150540032;13:37:20.484119;13:37:20.821463;337344
24;50;PAGO;-1158932736;13:37:20.484222;13:37:20.822013;337791
24;50;PAGO;-1184110848;13:37:20.484378;13:37:20.822246;337868
24;50;PAGO;-1175718144;13:37:20.484302;13:37:20.822398;338096
24;50;PAGO;-1192503552;13:37:20.484436;13:37:20.822541;338105
24;50;PAGO;-1133754624;13:37:20.483892;13:37:20.822640;338748
24;50;PAGO;-1200896256;13:37:20.484512;13:37:20.822762;338250
24;50;PAGO;-1217681664;13:37:20.484651;13:37:20.822821;338170
24;50;PAGO;-1167325440;13:37:20.484239;13:37:20.822890;338651
24;50;PAGO;-1226074368;13:37:20.484710;13:37:20.822938;338228
24;50;PAGO;-1234467072;13:37:20.484805;13:37:20.823001;338196
24;50;PAGO;-1251252480;13:37:20.485190;13:37:20.823573;338383
24;50;PAGO;-1209288960;13:37:20.484577;13:37:20.823952;339375
24;50;PAGO;-1242859776;13:37:20.485160;13:37:20.824966;339806
24;50;PAGO;806430464;13:37:20.444100;13:37:20.523905;79805
24;50;PAGO;479115008;13:37:20.473632;13:37:20.524011;50379
24;50;PAGO;470722304;13:37:20.473743;13:37:20.524225;50482
24;50;PAGO;462329600;13:37:20.473857;13:37:20.524372;50515
24;50;PAGO;445544192;13:37:20.474189;13:37:20.524557;50368
24;50;PAGO;453936896;13:37:20.474333;13:37:20.524683;50350
24;50;PAGO;437151488;13:37:20.474341;13:37:20.524965;50624
24;50;PAGO;428758784;13:37:20.474402;13:37:20.525191;50789
24;50;PAGO;420366080;13:37:20.474477;13:37:20.525341;50864
24;50;PAGO;411973376;13:37:20.474579;13:37:20.525452;50873
24;50;PAGO;403580672;13:37:20.474634;13:37:20.525638;51004
24;50;PAGO;395187968;13:37:20.474712;13:37:20.525743;51031
24;50;PAGO;798037760;13:37:20.446090;13:37:20.839248;393158
24;50;PAGO;789645056;13:37:20.446155;13:37:20.842762;396607
24;50;PAGO;781252352;13:37:20.446225;13:37:20.846420;400195
24;50;PAGO;772859648;13:37:20.451912;13:37:32.740799;12288887
24;50;PAGO;764466944;13:37:20.451981;13:37:32.765578;12313597
24;50;PAGO;756074240;13:37:20.453138;13:37:32.765725;12312587
24;50;PAGO;747681536;13:37:20.453444;13:37:32.765920;12312476
24;50;PAGO;739288832;13:37:20.461987;13:37:32.766085;12304098
24;50;PAGO;730896128;13:37:20.462065;13:37:32.766238;12304173
24;50;PAGO;722503424;13:37:20.462112;13:37:32.766391;12304279
24;50;PAGO;714110720;13:37:20.462179;13:37:32.766561;12304382
24;50;PAGO;705718016;13:37:20.462265;13:37:32.766716;12304451
24;50;PAGO;697325312;13:37:20.462328;13:37:32.766898;12304570
24;50;PAGO;688932608;13:37:20.462484;13:37:32.767069;12304585
24;50;PAGO;680539904;13:37:20.462626;13:37:32.767248;12304622
24;50;PAGO;672147200;13:37:20.462658;13:37:32.767483;12304825
24;50;PAGO;663754496;13:37:20.463252;13:37:32.767655;12304403
24;50;PAGO;655361792;13:37:20.463888;13:37:32.853623;12389735
24;50;PAGO;646969088;13:37:20.464054;13:37:32.853760;12389706
24;50;PAGO;638576384;13:37:20.464185;13:37:32.853915;12389730
24;50;PAGO;630183680;13:37:20.465400;13:37:32.854063;12388663
24;50;PAGO;621790976;13:37:20.465461;13:37:32.854456;12388995
24;50;PAGO;613398272;13:37:20.465628;13:37:32.854607;12388979
24;50;PAGO;605005568;13:37:20.467774;13:37:32.854746;12386972
24;50;PAGO;596612864;13:37:20.468429;13:37:32.854936;12386507
24;50;PAGO;588220160;13:37:20.468561;13:37:32.855150;12386589
24;50;PAGO;579827456;13:37:20.468626;13:37:32.855523;12386897
24;50;PAGO;563042048;13:37:20.468759;13:37:32.855692;12386933
24;50;PAGO;554649344;13:37:20.468848;13:37:32.855909;12387061
24;50;PAGO;571434752;13:37:20.468685;13:37:32.856157;12387472
24;50;PAGO;546256640;13:37:20.469149;13:37:32.856343;12387194
24;50;PAGO;537863936;13:37:20.469238;13:37:32.856495;12387257
24;50;PAGO;529471232;13:37:20.469335;13:37:32.856573;12387238
24;50;PAGO;521078528;13:37:20.470854;13:37:32.856730;12385876
24;50;PAGO;512685824;13:37:20.471002;13:37:32.856967;12385965
24;50;PAGO;495900416;13:37:20.471923;13:37:32.857154;12385231
24;50;PAGO;504293120;13:37:20.471214;13:37:32.857330;12386116
24;50;PAGO;487507712;13:37:20.471960;13:37:32.857480;12385520
24;50;PAGO;1699436288;13:37:20.437403;13:37:20.730711;293308
24;50;PAGO;1674258176;13:37:20.443581;13:37:20.731055;287474
24;50;PAGO;1598723840;13:37:20.453556;13:37:20.731453;277897
24;50;PAGO;1422477056;13:37:20.458939;13:37:20.731795;272856
24;50;PAGO;1665865472;13:37:20.450125;13:37:20.731985;281860
24;50;PAGO;1657472768;13:37:20.451124;13:37:20.732153;281029
24;50;PAGO;1649080064;13:37:20.451142;13:37:20.733448;282306
24;50;PAGO;1640687360;13:37:20.451216;13:37:20.734159;282943
24;50;PAGO;1632294656;13:37:20.452363;13:37:20.734273;281910
24;50;PAGO;1623901952;13:37:20.453309;13:37:20.734335;281026
24;50;PAGO;1615509248;13:37:20.453353;13:37:20.734452;281099
24;50;PAGO;1607116544;13:37:20.453533;13:37:20.735138;281605
24;50;PAGO;1590331136;13:37:20.457037;13:37:20.735808;278771
24;50;PAGO;1548367616;13:37:20.457447;13:37:20.737086;279639
24;50;PAGO;1556760320;13:37:20.457356;13:37:20.737158;279802
24;50;PAGO;1539974912;13:37:20.457562;13:37:20.738178;280616
24;50;PAGO;1514796800;13:37:20.457821;13:37:20.742051;284230
24;50;PAGO;1531582208;13:37:20.457670;13:37:20.746884;289214
24;50;PAGO;1565153024;13:37:20.457230;13:37:20.747321;290091
24;50;PAGO;1523189504;13:37:20.457754;13:37:20.749013;291259
24;50;PAGO;1581938432;13:37:20.457074;13:37:20.751452;294378
24;50;PAGO;1498011392;13:37:20.458022;13:37:20.751881;293859
24;50;PAGO;1573545728;13:37:20.457159;13:37:20.757181;300022
24;50;PAGO;1481225984;13:37:20.458215;13:37:20.757260;299045
24;50;PAGO;1506404096;13:37:20.457923;13:37:20.758349;300426
24;50;PAGO;1472833280;13:37:20.458299;13:37:20.761584;303285
24;50;PAGO;1464440576;13:37:20.458472;13:37:20.763865;305393
24;50;PAGO;1447655168;13:37:20.458667;13:37:20.763932;305265
24;50;PAGO;1439262464;13:37:20.458770;13:37:20.764195;305425
24;50;PAGO;1430869760;13:37:20.458850;13:37:20.764354;305504
24;50;PAGO;1456047872;13:37:20.458574;13:37:20.764611;306037
24;50;PAGO;1414084352;13:37:20.459017;13:37:20.764758;305741
24;50;PAGO;1489618688;13:37:20.458116;13:37:20.764877;306761
24;50;PAGO;1405691648;13:37:20.459077;13:37:20.764982;305905
24;50;PAGO;1388906240;13:37:20.459207;13:37:20.765126;305919
24;50;PAGO;1380513536;13:37:20.459281;13:37:20.765312;306031
24;50;PAGO;1372120832;13:37:20.459343;13:37:20.765624;306281
24;50;PAGO;1397298944;13:37:20.459145;13:37:20.765806;306661
24;50;PAGO;1346942720;13:37:20.459565;13:37:20.766119;306554
24;50;PAGO;1363728128;13:37:20.459413;13:37:20.766216;306803
24;50;PAGO;1355335424;13:37:20.459503;13:37:20.766311;306808
24;50;PAGO;1313371904;13:37:20.459863;13:37:20.766490;306627
24;50;PAGO;1296586496;13:37:20.460006;13:37:20.766780;306774
24;50;PAGO;1321764608;13:37:20.459766;13:37:20.766889;307123
24;50;PAGO;1304979200;13:37:20.459945;13:37:20.767057;307112
24;50;PAGO;1330157312;13:37:20.459706;13:37:20.767201;307495
24;50;PAGO;1338550016;13:37:20.459629;13:37:20.767296;307667
24;50;PAGO;1707828992;13:37:20.437436;13:37:20.840541;403105
24;50;PAGO;1691043584;13:37:20.437468;13:37:20.843897;406429
24;50;PAGO;1682650880;13:37:20.437567;13:37:32.727478;12289911
24;50;PAGO;-372119808;13:37:32.715953;13:37:38.937537;6221584
24;50;PAGO;-380512512;13:37:32.717651;13:37:38.938636;6220985
24;50;PAGO;-405690624;13:37:32.726916;13:37:38.938703;6211787
24;50;PAGO;-481224960;13:37:32.749933;13:37:38.938884;6188951
24;50;PAGO;-388905216;13:37:32.723154;13:37:38.946867;6223713
24;50;PAGO;-397297920;13:37:32.726903;13:37:38.948049;6221146
24;50;PAGO;-422476032;13:37:32.730808;13:37:38.948250;6217442
24;50;PAGO;-439261440;13:37:32.735086;13:37:38.948349;6213263
24;50;PAGO;-414083328;13:37:32.730752;13:37:38.948541;6217789
24;50;PAGO;-447654144;13:37:32.740017;13:37:38.948655;6208638
24;50;PAGO;-464439552;13:37:32.749596;13:37:38.948768;6199172
24;50;PAGO;-430868736;13:37:32.730993;13:37:38.949526;6218533
24;50;PAGO;-456046848;13:37:32.741798;13:37:38.949691;6207893
24;50;PAGO;-523188480;13:37:32.752049;13:37:38.949908;6197859
24;50;PAGO;-498010368;13:37:32.750306;13:37:38.950070;6199764
24;50;PAGO;-539973888;13:37:32.753014;13:37:38.950208;6197194
24;50;PAGO;-514795776;13:37:32.751715;13:37:38.950402;6198687
24;50;PAGO;-565152000;13:37:32.753348;13:37:38.950541;6197193
24;50;PAGO;-472832256;13:37:32.749857;13:37:38.950679;6200822
24;50;PAGO;-573544704;13:37:32.753434;13:37:38.950805;6197371
24;50;PAGO;-548366592;13:37:32.753241;13:37:38.950970;6197729
24;50;PAGO;-556759296;13:37:32.753347;13:37:38.951076;6197729
24;50;PAGO;-598722816;13:37:32.753587;13:37:38.963204;6209617
24;50;PAGO;-607115520;13:37:32.753675;13:37:38.964126;6210451
24;50;PAGO;-531581184;13:37:32.752575;13:37:38.964263;6211688
24;50;PAGO;-506403072;13:37:32.751253;13:37:38.964364;6213111
24;50;PAGO;-581937408;13:37:32.753494;13:37:38.964496;6211002
24;50;PAGO;-590330112;13:37:32.753572;13:37:38.964605;6211033
24;50;PAGO;-615508224;13:37:32.753780;13:37:38.964799;6211019
24;50;PAGO;-640686336;13:37:32.754013;13:37:38.965100;6211087
24;50;PAGO;-649079040;13:37:32.754052;13:37:38.965273;6211221
24;50;PAGO;-623900928;13:37:32.753866;13:37:38.965498;6211632
24;50;PAGO;-632293632;13:37:32.753931;13:37:38.966141;6212210
24;50;PAGO;-674257152;13:37:32.754232;13:37:38.966608;6212376
24;50;PAGO;-657471744;13:37:32.754196;13:37:38.966887;6212691
24;50;PAGO;-665864448;13:37:32.754207;13:37:38.967034;6212827
24;50;PAGO;-699435264;13:37:32.754692;13:37:38.967902;6213210
24;50;PAGO;-707827968;13:37:32.754862;13:37:38.968417;6213555
24;50;PAGO;-691042560;13:37:32.754651;13:37:38.968697;6214046
24;50;PAGO;-724613376;13:37:32.754957;13:37:38.968799;6213842
24;50;PAGO;-716220672;13:37:32.754894;13:37:38.969111;6214217
24;50;PAGO;-741398784;13:37:32.755586;13:37:38.969208;6213622
24;50;PAGO;-733006080;13:37:32.755035;13:37:38.969403;6214368
24;50;PAGO;-749791488;13:37:32.755667;13:37:38.969983;6214316
24;50;PAGO;-682649856;13:37:32.754355;13:37:38.970738;6216383
24;50;PAGO;-766576896;13:37:32.755836;13:37:38.970833;6214997
24;50;PAGO;-774969600;13:37:32.755936;13:37:38.972046;6216110
24;50;PAGO;-758184192;13:37:32.755759;13:37:38.972659;6216900
24;50;PAGO;-783362304;13:37:32.756235;13:37:39.014085;6257850
24;50;PAGO;-489617664;13:37:32.750075;13:37:39.014195;6264120
24;50;PAGO;2028812032;13:37:32.712044;13:37:38.909116;6197072
24;50;PAGO;2020419328;13:37:32.720918;13:37:38.909829;6188911
24;50;PAGO;1760245504;13:37:32.753414;13:37:38.933658;6180244
24;50;PAGO;2003633920;13:37:32.726129;13:37:38.933851;6207722
24;50;PAGO;1995241216;13:37:32.726213;13:37:38.941379;6215166
24;50;PAGO;1986848512;13:37:32.726365;13:37:38.941473;6215108
24;50;PAGO;1978455808;13:37:32.730345;13:37:38.945342;6214997
24;50;PAGO;1970063104;13:37:32.736130;13:37:38.945525;6209395
24;50;PAGO;1961670400;13:37:32.738529;13:37:38.945776;6207247
24;50;PAGO;1953277696;13:37:32.742238;13:37:38.946260;6204022
24;50;PAGO;1944884992;13:37:32.742380;13:37:38.946630;6204250
24;50;PAGO;1936492288;13:37:32.742526;13:37:38.948195;6205669
24;50;PAGO;1928099584;13:37:32.742772;13:37:38.948328;6205556
24;50;PAGO;1919706880;13:37:32.742942;13:37:38.948669;6205727
24;50;PAGO;1911314176;13:37:32.743025;13:37:38.948809;6205784
24;50;PAGO;1902921472;13:37:32.743219;13:37:38.949556;6206337
24;50;PAGO;1894528768;13:37:32.743276;13:37:38.963183;6219907
24;50;PAGO;1886136064;13:37:32.743433;13:37:38.964176;6220743
24;50;PAGO;1877743360;13:37:32.748599;13:37:38.964372;6215773
24;50;PAGO;1869350656;13:37:32.749063;13:37:38.964631;6215568
24;50;PAGO;1860957952;13:37:32.750175;13:37:38.964834;6214659
