5;10;RESERVA/ADMINISTRACIÓN;-2061507008;18:47:54.562184;18:47:55.364989;802805
5;10;RESERVA/ADMINISTRACIÓN;-2069899712;18:47:54.562336;18:47:57.869469;3307133
5;10;RESERVA/ADMINISTRACIÓN;-2078292416;18:47:54.562464;18:48:00.373343;5810879
5;10;RESERVA/ADMINISTRACIÓN;-2086685120;18:47:54.562589;18:48:02.877113;8314524
5;10;RESERVA/ADMINISTRACIÓN;-2095077824;18:47:54.562714;18:48:05.379995;10817281
5;10;RESERVA/ADMINISTRACIÓN;-2103470528;18:47:54.562911;18:48:07.884134;13321223
5;10;RESERVA/ADMINISTRACIÓN;-2111863232;18:47:54.563037;18:48:10.388208;15825171
5;10;RESERVA/ADMINISTRACIÓN;-2120255936;18:47:54.563160;18:48:12.890979;18327819
5;10;RESERVA/ADMINISTRACIÓN;-2128648640;18:47:54.563270;18:48:15.394998;20831728
5;10;PAGO;-2137041344;18:47:55.563976;18:48:17.899612;22335636
5;10;RESERVA/ADMINISTRACIÓN;-908073408;18:47:54.562107;18:47:55.866739;1304632
5;10;RESERVA/ADMINISTRACIÓN;-916466112;18:47:54.562283;18:47:58.369941;3807658
5;10;RESERVA/ADMINISTRACIÓN;-924858816;18:47:54.562412;18:48:00.874691;6312279
5;10;RESERVA/ADMINISTRACIÓN;-933251520;18:47:54.562541;18:48:03.377504;8814963
5;10;RESERVA/ADMINISTRACIÓN;-941644224;18:47:54.562664;18:48:05.880593;11317929
5;10;RESERVA/ADMINISTRACIÓN;-950036928;18:47:54.562791;18:48:08.385254;13822463
5;10;RESERVA/ADMINISTRACIÓN;-958429632;18:47:54.562990;18:48:10.888971;16325981
5;10;RESERVA/ADMINISTRACIÓN;-966822336;18:47:54.563112;18:48:13.391215;18828103
5;10;RESERVA/ADMINISTRACIÓN;-975215040;18:47:54.563233;18:48:15.895854;21332621
5;10;RESERVA/ADMINISTRACIÓN;-983607744;18:47:54.563297;18:48:18.400758;23837461
5;10;RESERVA/ADMINISTRACIÓN;-329259456;18:47:54.562146;18:47:56.367236;1805090
5;10;RESERVA/ADMINISTRACIÓN;-337652160;18:47:54.562309;18:47:58.870353;4308044
5;10;RESERVA/ADMINISTRACIÓN;-346044864;18:47:54.562438;18:48:01.375014;6812576
5;10;RESERVA/ADMINISTRACIÓN;-354437568;18:47:54.562565;18:48:03.878184;9315619
5;10;RESERVA/ADMINISTRACIÓN;-362830272;18:47:54.562689;18:48:06.380934;11818245
5;10;RESERVA/ADMINISTRACIÓN;-371222976;18:47:54.562884;18:48:08.885898;14323014
5;10;RESERVA/ADMINISTRACIÓN;-379615680;18:47:54.563013;18:48:11.389285;16826272
5;10;RESERVA/ADMINISTRACIÓN;-388008384;18:47:54.563136;18:48:13.891529;19328393
5;10;RESERVA/ADMINISTRACIÓN;-396401088;18:47:54.563259;18:48:16.396924;21833665
5;10;RESERVA/ADMINISTRACIÓN;-404793792;18:47:54.563307;18:48:18.901940;24338633
5;10;RESERVA/ADMINISTRACIÓN;931128896;18:47:54.561966;18:47:56.867686;2305720
5;10;RESERVA/ADMINISTRACIÓN;922736192;18:47:54.562232;18:47:59.371175;4808943
5;10;RESERVA/ADMINISTRACIÓN;914343488;18:47:54.562362;18:48:01.875635;7313273
5;10;RESERVA/ADMINISTRACIÓN;905950784;18:47:54.562490;18:48:04.378614;9816124
5;10;RESERVA/ADMINISTRACIÓN;897558080;18:47:54.562614;18:48:06.882129;12319515
5;10;RESERVA/ADMINISTRACIÓN;889165376;18:47:54.562741;18:48:09.386405;14823664
5;10;RESERVA/ADMINISTRACIÓN;880772672;18:47:54.562941;18:48:11.889517;17326576
5;10;RESERVA/ADMINISTRACIÓN;872379968;18:47:54.563062;18:48:14.391766;19828704
5;10;RESERVA/ADMINISTRACIÓN;863987264;18:47:54.563186;18:48:16.897310;22334124
5;10;RESERVA/ADMINISTRACIÓN;855594560;18:47:54.563279;18:48:19.402575;24839296
5;10;RESERVA/ADMINISTRACIÓN;404743744;18:47:54.562053;18:47:57.368301;2806248
5;10;RESERVA/ADMINISTRACIÓN;396351040;18:47:54.562259;18:47:59.872961;5310702
5;10;RESERVA/ADMINISTRACIÓN;387958336;18:47:54.562386;18:48:02.376281;7813895
5;10;RESERVA/ADMINISTRACIÓN;379565632;18:47:54.562516;18:48:04.879699;10317183
5;10;RESERVA/ADMINISTRACIÓN;371172928;18:47:54.562640;18:48:07.382779;12820139
5;10;RESERVA/ADMINISTRACIÓN;362780224;18:47:54.562766;18:48:09.886733;15323967
5;10;RESERVA/ADMINISTRACIÓN;354387520;18:47:54.562965;18:48:12.390224;17827259
5;10;RESERVA/ADMINISTRACIÓN;345994816;18:47:54.563088;18:48:14.893321;20330233
5;10;RESERVA/ADMINISTRACIÓN;337602112;18:47:54.563210;18:48:17.398649;22835439
5;10;RESERVA/ADMINISTRACIÓN;329209408;18:47:54.563288;18:48:19.903331;25340043


10;10;RESERVA/ADMINISTRACIÓN;1275061824;18:48:55.030395;18:48:56.833141;1802746
10;10;PAGO;1199527488;18:48:56.035509;18:48:57.233873;1198364
10;10;RESERVA/ADMINISTRACIÓN;1266669120;18:48:55.030675;18:49:02.242748;7212073
10;10;RESERVA/ADMINISTRACIÓN;1258276416;18:48:55.030980;18:49:07.251130;12220150
10;10;RESERVA/ADMINISTRACIÓN;1249883712;18:48:55.034021;18:49:12.262130;17228109
10;10;RESERVA/ADMINISTRACIÓN;1241491008;18:48:55.034300;18:49:17.269051;22234751
10;10;RESERVA/ADMINISTRACIÓN;1233098304;18:48:55.034559;18:49:22.279768;27245209
10;10;RESERVA/ADMINISTRACIÓN;1224705600;18:48:55.034859;18:49:27.287900;32253041
10;10;RESERVA/ADMINISTRACIÓN;1216312896;18:48:55.035109;18:49:32.295189;37260080
10;10;RESERVA/ADMINISTRACIÓN;1207920192;18:48:55.035348;18:49:37.302742;42267394
10;10;RESERVA/ADMINISTRACIÓN;62907968;18:48:55.030315;18:48:57.734145;2703830
10;10;RESERVA/ADMINISTRACIÓN;54515264;18:48:55.030627;18:49:02.743792;7713165
10;10;RESERVA/ADMINISTRACIÓN;46122560;18:48:55.030930;18:49:07.751976;12721046
10;10;RESERVA/ADMINISTRACIÓN;37729856;18:48:55.033958;18:49:12.763248;17729290
10;10;RESERVA/ADMINISTRACIÓN;29337152;18:48:55.034246;18:49:17.770215;22735969
10;10;RESERVA/ADMINISTRACIÓN;20944448;18:48:55.034509;18:49:22.780435;27745926
10;10;RESERVA/ADMINISTRACIÓN;12551744;18:48:55.034806;18:49:27.788644;32753838
10;10;RESERVA/ADMINISTRACIÓN;4159040;18:48:55.035062;18:49:32.796535;37761473
10;10;RESERVA/ADMINISTRACIÓN;-4233664;18:48:55.035312;18:49:37.803286;42767974
10;10;RESERVA/ADMINISTRACIÓN;-12626368;18:48:55.035424;18:49:42.312232;47276808
10;10;RESERVA/ADMINISTRACIÓN;1310713408;18:48:55.030145;18:48:58.234595;3204450
10;10;RESERVA/ADMINISTRACIÓN;1302320704;18:48:55.030524;18:49:03.244073;8213549
10;10;RESERVA/ADMINISTRACIÓN;1293928000;18:48:55.030822;18:49:08.252668;13221846
10;10;RESERVA/ADMINISTRACIÓN;1285535296;18:48:55.033826;18:49:13.263579;18229753
10;10;RESERVA/ADMINISTRACIÓN;1277142592;18:48:55.034138;18:49:18.271288;23237150
10;10;RESERVA/ADMINISTRACIÓN;1268749888;18:48:55.034405;18:49:23.281088;28246683
10;10;RESERVA/ADMINISTRACIÓN;1260357184;18:48:55.034664;18:49:28.289463;33254799
10;10;RESERVA/ADMINISTRACIÓN;1251964480;18:48:55.034961;18:49:33.297066;38262105
10;10;RESERVA/ADMINISTRACIÓN;1243571776;18:48:55.035211;18:49:38.304257;43269046
10;10;RESERVA/ADMINISTRACIÓN;1235179072;18:48:55.035388;18:49:42.813118;47777730
10;10;RESERVA/ADMINISTRACIÓN;-608180672;18:48:55.029944;18:48:58.736276;3706332
10;10;RESERVA/ADMINISTRACIÓN;-616573376;18:48:55.030445;18:49:03.745043;8714598
10;10;RESERVA/ADMINISTRACIÓN;-624966080;18:48:55.030703;18:49:08.753561;13722858
10;10;RESERVA/ADMINISTRACIÓN;-633358784;18:48:55.031005;18:49:13.763952;18732947
10;10;RESERVA/ADMINISTRACIÓN;-641751488;18:48:55.034052;18:49:18.772186;23738134
10;10;RESERVA/ADMINISTRACIÓN;-650144192;18:48:55.034327;18:49:23.782679;28748352
10;10;RESERVA/ADMINISTRACIÓN;-658536896;18:48:55.034584;18:49:28.790311;33755727
10;10;RESERVA/ADMINISTRACIÓN;-666929600;18:48:55.034884;18:49:33.797505;38762621
10;10;RESERVA/ADMINISTRACIÓN;-675322304;18:48:55.035133;18:49:38.805758;43770625
10;10;RESERVA/ADMINISTRACIÓN;-683715008;18:48:55.035358;18:49:43.313432;48278074
10;10;RESERVA/ADMINISTRACIÓN;-100669888;18:48:55.030041;18:48:59.237063;4207022
10;10;RESERVA/ADMINISTRACIÓN;-109062592;18:48:55.030470;18:49:04.245743;9215273
10;10;RESERVA/ADMINISTRACIÓN;-117455296;18:48:55.030749;18:49:09.255321;14224572
10;10;RESERVA/ADMINISTRACIÓN;-125848000;18:48:55.031030;18:49:14.264732;19233702
10;10;RESERVA/ADMINISTRACIÓN;-134240704;18:48:55.034081;18:49:19.273334;24239253
10;10;RESERVA/ADMINISTRACIÓN;-142633408;18:48:55.034353;18:49:24.282959;29248606
10;10;RESERVA/ADMINISTRACIÓN;-151026112;18:48:55.034612;18:49:29.290972;34256360
10;10;RESERVA/ADMINISTRACIÓN;-159418816;18:48:55.034909;18:49:34.297778;39262869
10;10;RESERVA/ADMINISTRACIÓN;-167811520;18:48:55.035159;18:49:39.306955;44271796
10;10;RESERVA/ADMINISTRACIÓN;-176204224;18:48:55.035368;18:49:43.814790;48779422
10;10;RESERVA/ADMINISTRACIÓN;-717232576;18:48:55.030092;18:48:59.737867;4707775
10;10;RESERVA/ADMINISTRACIÓN;-725625280;18:48:55.030499;18:49:04.747310;9716811
10;10;RESERVA/ADMINISTRACIÓN;-734017984;18:48:55.030780;18:49:09.756986;14726206
10;10;RESERVA/ADMINISTRACIÓN;-742410688;18:48:55.031059;18:49:14.765332;19734273
10;10;RESERVA/ADMINISTRACIÓN;-750803392;18:48:55.034113;18:49:19.774476;24740363
10;10;RESERVA/ADMINISTRACIÓN;-759196096;18:48:55.034380;18:49:24.784632;29750252
10;10;RESERVA/ADMINISTRACIÓN;-767588800;18:48:55.034640;18:49:29.791416;34756776
10;10;RESERVA/ADMINISTRACIÓN;-775981504;18:48:55.034937;18:49:34.798478;39763541
10;10;RESERVA/ADMINISTRACIÓN;-784374208;18:48:55.035185;18:49:39.807257;44772072
10;10;RESERVA/ADMINISTRACIÓN;-792766912;18:48:55.035377;18:49:44.316041;49280664
10;10;RESERVA/ADMINISTRACIÓN;1390405184;18:48:55.030186;18:49:00.239077;5208891
10;10;RESERVA/ADMINISTRACIÓN;1382012480;18:48:55.030549;18:49:05.247860;10217311
10;10;RESERVA/ADMINISTRACIÓN;1373619776;18:48:55.030851;18:49:10.257352;15226501
10;10;RESERVA/ADMINISTRACIÓN;1365227072;18:48:55.033861;18:49:15.266381;20232520
10;10;RESERVA/ADMINISTRACIÓN;1356834368;18:48:55.034166;18:49:20.275470;25241304
10;10;RESERVA/ADMINISTRACIÓN;1348441664;18:48:55.034432;18:49:25.285409;30250977
10;10;RESERVA/ADMINISTRACIÓN;1340048960;18:48:55.034688;18:49:30.291819;35257131
10;10;RESERVA/ADMINISTRACIÓN;1331656256;18:48:55.034986;18:49:35.299574;40264588
10;10;RESERVA/ADMINISTRACIÓN;1323263552;18:48:55.035236;18:49:40.308385;45273149
10;10;RESERVA/ADMINISTRACIÓN;1314870848;18:48:55.035397;18:49:44.817045;49781648
10;10;RESERVA/ADMINISTRACIÓN;-1140857280;18:48:55.030237;18:49:00.739775;5709538
10;10;RESERVA/ADMINISTRACIÓN;-1149249984;18:48:55.030574;18:49:05.748602;10718028
10;10;RESERVA/ADMINISTRACIÓN;-1157642688;18:48:55.030877;18:49:10.758664;15727787
10;10;RESERVA/ADMINISTRACIÓN;-1166035392;18:48:55.033893;18:49:15.767222;20733329
10;10;RESERVA/ADMINISTRACIÓN;-1174428096;18:48:55.034191;18:49:20.776702;25742511
10;10;RESERVA/ADMINISTRACIÓN;-1182820800;18:48:55.034457;18:49:25.786812;30752355
10;10;RESERVA/ADMINISTRACIÓN;-1191213504;18:48:55.034748;18:49:30.792157;35757409
10;10;RESERVA/ADMINISTRACIÓN;-1199606208;18:48:55.035010;18:49:35.799978;40764968
10;10;RESERVA/ADMINISTRACIÓN;-1207998912;18:48:55.035259;18:49:40.808958;45773699
10;10;RESERVA/ADMINISTRACIÓN;-1216391616;18:48:55.035406;18:49:45.318415;50283009
10;10;RESERVA/ADMINISTRACIÓN;-715135424;18:48:55.030276;18:49:01.240916;6210640
10;10;RESERVA/ADMINISTRACIÓN;-723528128;18:48:55.030599;18:49:06.249765;11219166
10;10;RESERVA/ADMINISTRACIÓN;-731920832;18:48:55.030901;18:49:11.259603;16228702
10;10;RESERVA/ADMINISTRACIÓN;-740313536;18:48:55.033925;18:49:16.267538;21233613
10;10;RESERVA/ADMINISTRACIÓN;-748706240;18:48:55.034218;18:49:21.278325;26244107
10;10;RESERVA/ADMINISTRACIÓN;-757098944;18:48:55.034482;18:49:26.287155;31252673
10;10;RESERVA/ADMINISTRACIÓN;-765491648;18:48:55.034777;18:49:31.293073;36258296
10;10;RESERVA/ADMINISTRACIÓN;-773884352;18:48:55.035035;18:49:36.300565;41265530
10;10;RESERVA/ADMINISTRACIÓN;-782277056;18:48:55.035284;18:49:41.310943;46275659
10;10;RESERVA/ADMINISTRACIÓN;-790669760;18:48:55.035415;18:49:45.819840;50784425
10;10;RESERVA/ADMINISTRACIÓN;1679812160;18:48:55.030356;18:49:01.741864;6711508
10;10;RESERVA/ADMINISTRACIÓN;1671419456;18:48:55.030651;18:49:06.750137;11719486
10;10;RESERVA/ADMINISTRACIÓN;1663026752;18:48:55.030955;18:49:11.761151;16730196
10;10;RESERVA/ADMINISTRACIÓN;1654634048;18:48:55.033990;18:49:16.768244;21734254
10;10;RESERVA/ADMINISTRACIÓN;1646241344;18:48:55.034272;18:49:21.778629;26744357
10;10;RESERVA/ADMINISTRACIÓN;1637848640;18:48:55.034534;18:49:26.787462;31752928
10;10;RESERVA/ADMINISTRACIÓN;1629455936;18:48:55.034834;18:49:31.794467;36759633
10;10;RESERVA/ADMINISTRACIÓN;1621063232;18:48:55.035086;18:49:36.802118;41767032
10;10;RESERVA/ADMINISTRACIÓN;1612670528;18:48:55.035337;18:49:41.811780;46776443
10;10;RESERVA/ADMINISTRACIÓN;1604277824;18:48:55.035433;18:49:46.320098;51284665


15;10;RESERVA/ADMINISTRACIÓN;-1835014592;18:50:19.317295;18:50:22.124426;2807131
15;10;PAGO;-1910548928;18:50:20.323690;18:50:22.525581;2201891
15;10;RESERVA/ADMINISTRACIÓN;-1843407296;18:50:19.317792;18:50:30.040381;10722589
15;10;RESERVA/ADMINISTRACIÓN;-1851800000;18:50:19.318246;18:50:37.552581;18234335
15;10;RESERVA/ADMINISTRACIÓN;-1860192704;18:50:19.318625;18:50:45.064176;25745551
15;10;RESERVA/ADMINISTRACIÓN;-1868585408;18:50:19.322045;18:50:52.576667;33254622
15;10;RESERVA/ADMINISTRACIÓN;-1876978112;18:50:19.322451;18:51:00.089237;40766786
15;10;RESERVA/ADMINISTRACIÓN;-1885370816;18:50:19.322872;18:51:07.600433;48277561
15;10;RESERVA/ADMINISTRACIÓN;-1893763520;18:50:19.323253;18:51:15.111572;55788319
15;10;RESERVA/ADMINISTRACIÓN;-1902156224;18:50:19.323611;18:51:22.623555;63299944
15;10;RESERVA/ADMINISTRACIÓN;1008723520;18:50:19.317165;18:50:23.025754;3708589
15;10;RESERVA/ADMINISTRACIÓN;1000330816;18:50:19.317714;18:50:30.540936;11223222
15;10;RESERVA/ADMINISTRACIÓN;991938112;18:50:19.318168;18:50:38.052946;18734778
15;10;RESERVA/ADMINISTRACIÓN;983545408;18:50:19.318550;18:50:45.564506;26245956
15;10;RESERVA/ADMINISTRACIÓN;975152704;18:50:19.321956;18:50:53.077138;33755182
15;10;RESERVA/ADMINISTRACIÓN;966760000;18:50:19.322375;18:51:00.590135;41267760
15;10;RESERVA/ADMINISTRACIÓN;958367296;18:50:19.322762;18:51:08.101209;48778447
15;10;RESERVA/ADMINISTRACIÓN;949974592;18:50:19.323176;18:51:15.612765;56289589
15;10;RESERVA/ADMINISTRACIÓN;941581888;18:50:19.323549;18:51:23.126876;63803327
15;10;RESERVA/ADMINISTRACIÓN;933189184;18:50:19.323839;18:51:30.140534;70816695
15;10;RESERVA/ADMINISTRACIÓN;-587209152;18:50:19.317043;18:50:23.526294;4209251
15;10;RESERVA/ADMINISTRACIÓN;-595601856;18:50:19.317641;18:50:31.041146;11723505
15;10;RESERVA/ADMINISTRACIÓN;-603994560;18:50:19.318093;18:50:38.553256;19235163
15;10;RESERVA/ADMINISTRACIÓN;-612387264;18:50:19.318477;18:50:46.065507;26747030
15;10;RESERVA/ADMINISTRACIÓN;-620779968;18:50:19.318855;18:50:53.578220;34259365
15;10;RESERVA/ADMINISTRACIÓN;-629172672;18:50:19.322300;18:51:01.090809;41768509
15;10;RESERVA/ADMINISTRACIÓN;-637565376;18:50:19.322685;18:51:08.602228;49279543
15;10;RESERVA/ADMINISTRACIÓN;-645958080;18:50:19.323101;18:51:16.113044;56789943
15;10;RESERVA/ADMINISTRACIÓN;-654350784;18:50:19.323478;18:51:23.627960;64304482
15;10;RESERVA/ADMINISTRACIÓN;-662743488;18:50:19.323811;18:51:30.640822;71317011
15;10;RESERVA/ADMINISTRACIÓN;274720320;18:50:19.316933;18:50:24.026828;4709895
15;10;RESERVA/ADMINISTRACIÓN;266327616;18:50:19.317573;18:50:31.542362;12224789
15;10;RESERVA/ADMINISTRACIÓN;257934912;18:50:19.318040;18:50:39.054166;19736126
15;10;RESERVA/ADMINISTRACIÓN;249542208;18:50:19.318426;18:50:46.565993;27247567
15;10;RESERVA/ADMINISTRACIÓN;241149504;18:50:19.318804;18:50:54.078973;34760169
15;10;RESERVA/ADMINISTRACIÓN;232756800;18:50:19.322241;18:51:01.591473;42269232
15;10;RESERVA/ADMINISTRACIÓN;224364096;18:50:19.322631;18:51:09.102646;49780015
15;10;RESERVA/ADMINISTRACIÓN;215971392;18:50:19.323047;18:51:16.613892;57290845
15;10;RESERVA/ADMINISTRACIÓN;207578688;18:50:19.323427;18:51:24.129851;64806424
15;10;RESERVA/ADMINISTRACIÓN;199185984;18:50:19.323754;18:51:31.141239;71817485
15;10;RESERVA/ADMINISTRACIÓN;1992287808;18:50:19.317085;18:50:24.528019;5210934
15;10;RESERVA/ADMINISTRACIÓN;1983895104;18:50:19.317665;18:50:32.043319;12725654
15;10;RESERVA/ADMINISTRACIÓN;1975502400;18:50:19.318119;18:50:39.554536;20236417
15;10;RESERVA/ADMINISTRACIÓN;1967109696;18:50:19.318502;18:50:47.066902;27748400
15;10;RESERVA/ADMINISTRACIÓN;1958716992;18:50:19.321873;18:50:54.579677;35257804
15;10;RESERVA/ADMINISTRACIÓN;1950324288;18:50:19.322326;18:51:02.091902;42769576
15;10;RESERVA/ADMINISTRACIÓN;1941931584;18:50:19.322712;18:51:09.603090;50280378
15;10;RESERVA/ADMINISTRACIÓN;1933538880;18:50:19.323128;18:51:17.114721;57791593
15;10;RESERVA/ADMINISTRACIÓN;1925146176;18:50:19.323501;18:51:24.630173;65306672
15;10;RESERVA/ADMINISTRACIÓN;1916753472;18:50:19.323821;18:51:31.642043;72318222
15;10;RESERVA/ADMINISTRACIÓN;-566237632;18:50:19.317126;18:50:25.028661;5711535
15;10;RESERVA/ADMINISTRACIÓN;-574630336;18:50:19.317690;18:50:32.544321;13226631
15;10;RESERVA/ADMINISTRACIÓN;-583023040;18:50:19.318143;18:50:40.055918;20737775
15;10;RESERVA/ADMINISTRACIÓN;-591415744;18:50:19.318526;18:50:47.567506;28248980
15;10;RESERVA/ADMINISTRACIÓN;-599808448;18:50:19.321924;18:50:55.080982;35759058
15;10;RESERVA/ADMINISTRACIÓN;-608201152;18:50:19.322351;18:51:02.592464;43270113
15;10;RESERVA/ADMINISTRACIÓN;-616593856;18:50:19.322737;18:51:10.104029;50781292
15;10;RESERVA/ADMINISTRACIÓN;-624986560;18:50:19.323152;18:51:17.615267;58292115
15;10;RESERVA/ADMINISTRACIÓN;-633379264;18:50:19.323525;18:51:25.132580;65809055
15;10;RESERVA/ADMINISTRACIÓN;-641771968;18:50:19.323830;18:51:32.143011;72819181
15;10;RESERVA/ADMINISTRACIÓN;-601889216;18:50:19.317205;18:50:25.529647;6212442
15;10;RESERVA/ADMINISTRACIÓN;-610281920;18:50:19.317742;18:50:33.045277;13727535
15;10;RESERVA/ADMINISTRACIÓN;-618674624;18:50:19.318195;18:50:40.556504;21238309
15;10;RESERVA/ADMINISTRACIÓN;-627067328;18:50:19.318576;18:50:48.068311;28749735
15;10;RESERVA/ADMINISTRACIÓN;-635460032;18:50:19.321987;18:50:55.582491;36260504
15;10;RESERVA/ADMINISTRACIÓN;-643852736;18:50:19.322402;18:51:03.093134;43770732
15;10;RESERVA/ADMINISTRACIÓN;-652245440;18:50:19.322788;18:51:10.604814;51282026
15;10;RESERVA/ADMINISTRACIÓN;-660638144;18:50:19.323203;18:51:18.115892;58792689
15;10;RESERVA/ADMINISTRACIÓN;-669030848;18:50:19.323575;18:51:25.633328;66309753
15;10;RESERVA/ADMINISTRACIÓN;-677423552;18:50:19.323849;18:51:32.644029;73320180
15;10;RESERVA/ADMINISTRACIÓN;1342170688;18:50:19.317246;18:50:26.030271;6713025
15;10;RESERVA/ADMINISTRACIÓN;1333777984;18:50:19.317767;18:50:33.546276;14228509
15;10;RESERVA/ADMINISTRACIÓN;1325385280;18:50:19.318221;18:50:41.057718;21739497
15;10;RESERVA/ADMINISTRACIÓN;1316992576;18:50:19.318601;18:50:48.569072;29250471
15;10;RESERVA/ADMINISTRACIÓN;1308599872;18:50:19.322014;18:50:56.084005;36761991
15;10;RESERVA/ADMINISTRACIÓN;1300207168;18:50:19.322426;18:51:03.593771;44271345
15;10;RESERVA/ADMINISTRACIÓN;1291814464;18:50:19.322843;18:51:11.105092;51782249
15;10;RESERVA/ADMINISTRACIÓN;1283421760;18:50:19.323227;18:51:18.617492;59294265
15;10;RESERVA/ADMINISTRACIÓN;1275029056;18:50:19.323599;18:51:26.134409;66810810
15;10;RESERVA/ADMINISTRACIÓN;1266636352;18:50:19.323884;18:51:33.145402;73821518
15;10;RESERVA/ADMINISTRACIÓN;-981473728;18:50:19.317380;18:50:26.531142;7213762
15;10;RESERVA/ADMINISTRACIÓN;-989866432;18:50:19.317840;18:50:34.047326;14729486
15;10;RESERVA/ADMINISTRACIÓN;-998259136;18:50:19.318296;18:50:41.558145;22239849
15;10;RESERVA/ADMINISTRACIÓN;-1006651840;18:50:19.318674;18:50:49.069683;29751009
15;10;RESERVA/ADMINISTRACIÓN;-1015044544;18:50:19.322099;18:50:56.584334;37262235
15;10;RESERVA/ADMINISTRACIÓN;-1023437248;18:50:19.322500;18:51:04.094535;44772035
15;10;RESERVA/ADMINISTRACIÓN;-1031829952;18:50:19.322920;18:51:11.605755;52282835
15;10;RESERVA/ADMINISTRACIÓN;-1040222656;18:50:19.323301;18:51:19.118412;59795111
15;10;RESERVA/ADMINISTRACIÓN;-1048615360;18:50:19.323659;18:51:26.635189;67311530
15;10;RESERVA/ADMINISTRACIÓN;-1057008064;18:50:19.323905;18:51:33.646628;74322723
15;10;RESERVA/ADMINISTRACIÓN;2092951104;18:50:19.317332;18:50:27.031690;7714358
15;10;RESERVA/ADMINISTRACIÓN;2084558400;18:50:19.317816;18:50:34.548192;15230376
15;10;RESERVA/ADMINISTRACIÓN;2076165696;18:50:19.318272;18:50:42.059270;22740998
15;10;RESERVA/ADMINISTRACIÓN;2067772992;18:50:19.318649;18:50:49.570672;30252023
15;10;RESERVA/ADMINISTRACIÓN;2059380288;18:50:19.322073;18:50:57.084705;37762632
15;10;RESERVA/ADMINISTRACIÓN;2050987584;18:50:19.322476;18:51:04.594832;45272356
15;10;RESERVA/ADMINISTRACIÓN;2042594880;18:50:19.322896;18:51:12.106381;52783485
15;10;RESERVA/ADMINISTRACIÓN;2034202176;18:50:19.323276;18:51:19.619184;60295908
15;10;RESERVA/ADMINISTRACIÓN;2025809472;18:50:19.323635;18:51:27.136453;67812818
15;10;RESERVA/ADMINISTRACIÓN;2017416768;18:50:19.323896;18:51:34.147074;74823178
15;10;RESERVA/ADMINISTRACIÓN;2103436864;18:50:19.317608;18:50:27.533059;8215451
15;10;RESERVA/ADMINISTRACIÓN;2095044160;18:50:19.318068;18:50:35.049401;15731333
15;10;RESERVA/ADMINISTRACIÓN;2086651456;18:50:19.318452;18:50:42.560250;23241798
15;10;RESERVA/ADMINISTRACIÓN;2078258752;18:50:19.318831;18:50:50.071979;30753148
15;10;RESERVA/ADMINISTRACIÓN;2069866048;18:50:19.322273;18:50:57.585207;38262934
15;10;RESERVA/ADMINISTRACIÓN;2061473344;18:50:19.322659;18:51:05.095380;45772721
15;10;RESERVA/ADMINISTRACIÓN;2053080640;18:50:19.323077;18:51:12.607104;53284027
15;10;RESERVA/ADMINISTRACIÓN;2044687936;18:50:19.323454;18:51:20.120008;60796554
15;10;RESERVA/ADMINISTRACIÓN;2036295232;18:50:19.323797;18:51:27.636936;68313139
15;10;RESERVA/ADMINISTRACIÓN;2027902528;18:50:19.323943;18:51:34.648474;75324531
15;10;RESERVA/ADMINISTRACIÓN;1983899200;18:50:19.316527;18:50:28.034355;8717828
15;10;RESERVA/ADMINISTRACIÓN;1975506496;18:50:19.317529;18:50:35.549751;16232222
15;10;RESERVA/ADMINISTRACIÓN;1967113792;18:50:19.318014;18:50:43.060518;23742504
15;10;RESERVA/ADMINISTRACIÓN;1958721088;18:50:19.318401;18:50:50.572313;31253912
15;10;RESERVA/ADMINISTRACIÓN;1950328384;18:50:19.318778;18:50:58.086351;38767573
15;10;RESERVA/ADMINISTRACIÓN;1941935680;18:50:19.322212;18:51:05.596290;46274078
15;10;RESERVA/ADMINISTRACIÓN;1933542976;18:50:19.322604;18:51:13.107915;53785311
15;10;RESERVA/ADMINISTRACIÓN;1925150272;18:50:19.323021;18:51:20.621396;61298375
15;10;RESERVA/ADMINISTRACIÓN;1916757568;18:50:19.323401;18:51:28.137429;68814028
15;10;RESERVA/ADMINISTRACIÓN;1908364864;18:50:19.323745;18:51:35.149714;75825969
15;10;RESERVA/ADMINISTRACIÓN;-786438592;18:50:19.317418;18:50:28.536382;9218964
15;10;RESERVA/ADMINISTRACIÓN;-794831296;18:50:19.317868;18:50:36.050210;16732342
15;10;RESERVA/ADMINISTRACIÓN;-803224000;18:50:19.318323;18:50:43.560981;24242658
15;10;RESERVA/ADMINISTRACIÓN;-811616704;18:50:19.318702;18:50:51.073017;31754315
15;10;RESERVA/ADMINISTRACIÓN;-820009408;18:50:19.322129;18:50:58.587470;39265341
15;10;RESERVA/ADMINISTRACIÓN;-828402112;18:50:19.322528;18:51:06.097404;46774876
15;10;RESERVA/ADMINISTRACIÓN;-836794816;18:50:19.322947;18:51:13.608812;54285865
15;10;RESERVA/ADMINISTRACIÓN;-845187520;18:50:19.323327;18:51:21.121873;61798546
15;10;RESERVA/ADMINISTRACIÓN;-853580224;18:50:19.323685;18:51:28.638201;69314516
15;10;RESERVA/ADMINISTRACIÓN;-861972928;18:50:19.323915;18:51:35.650823;76326908
15;10;RESERVA/ADMINISTRACIÓN;689956416;18:50:19.317459;18:50:29.038275;9720816
15;10;RESERVA/ADMINISTRACIÓN;681563712;18:50:19.317893;18:50:36.550828;17232935
15;10;RESERVA/ADMINISTRACIÓN;673171008;18:50:19.318348;18:50:44.062613;24744265
15;10;RESERVA/ADMINISTRACIÓN;664778304;18:50:19.318727;18:50:51.574043;32255316
15;10;RESERVA/ADMINISTRACIÓN;656385600;18:50:19.322156;18:50:59.087873;39765717
15;10;RESERVA/ADMINISTRACIÓN;647992896;18:50:19.322553;18:51:06.598184;47275631
15;10;RESERVA/ADMINISTRACIÓN;639600192;18:50:19.322971;18:51:14.109573;54786602
15;10;RESERVA/ADMINISTRACIÓN;631207488;18:50:19.323352;18:51:21.622639;62299287
15;10;RESERVA/ADMINISTRACIÓN;622814784;18:50:19.323711;18:51:29.138909;69815198
15;10;RESERVA/ADMINISTRACIÓN;614422080;18:50:19.323924;18:51:36.152250;76828326
15;10;RESERVA/ADMINISTRACIÓN;-465574336;18:50:19.317498;18:50:29.539209;10221711
15;10;RESERVA/ADMINISTRACIÓN;-473967040;18:50:19.317979;18:50:37.051734;17733755
15;10;RESERVA/ADMINISTRACIÓN;-482359744;18:50:19.318374;18:50:44.563831;25245457
15;10;RESERVA/ADMINISTRACIÓN;-490752448;18:50:19.318751;18:50:52.075476;32756725
15;10;RESERVA/ADMINISTRACIÓN;-499145152;18:50:19.322183;18:50:59.588889;40266706
15;10;RESERVA/ADMINISTRACIÓN;-507537856;18:50:19.322578;18:51:07.099337;47776759
15;10;RESERVA/ADMINISTRACIÓN;-515930560;18:50:19.322996;18:51:14.610699;55287703
15;10;RESERVA/ADMINISTRACIÓN;-524323264;18:50:19.323377;18:51:22.122998;62799621
15;10;RESERVA/ADMINISTRACIÓN;-532715968;18:50:19.323735;18:51:29.639980;70316245
15;10;RESERVA/ADMINISTRACIÓN;-541108672;18:50:19.323934;18:51:36.653163;77329229


20;10;RESERVA/ADMINISTRACIÓN;-266344896;19:01:33.387644;19:01:37.198524;3810880
20;10;PAGO;-341879232;19:01:34.398103;19:01:37.598874;3200771
20;10;RESERVA/ADMINISTRACIÓN;-274737600;19:01:33.390040;19:01:47.622994;14232954
20;10;RESERVA/ADMINISTRACIÓN;-283130304;19:01:33.390627;19:01:57.643105;24252478
20;10;RESERVA/ADMINISTRACIÓN;-291523008;19:01:33.391133;19:02:07.663386;34272253
20;10;RESERVA/ADMINISTRACIÓN;-299915712;19:01:33.393798;19:02:17.682234;44288436
20;10;RESERVA/ADMINISTRACIÓN;-308308416;19:01:33.394321;19:02:27.699461;54305140
20;10;RESERVA/ADMINISTRACIÓN;-316701120;19:01:33.394892;19:02:37.713985;64319093
20;10;RESERVA/ADMINISTRACIÓN;-325093824;19:01:33.397489;19:02:47.733944;74336455
20;10;RESERVA/ADMINISTRACIÓN;-333486528;19:01:33.397992;19:02:57.750612;84352620
20;10;RESERVA/ADMINISTRACIÓN;-511711680;19:01:33.387255;19:01:38.099897;4712642
20;10;RESERVA/ADMINISTRACIÓN;-520104384;19:01:33.389822;19:01:48.124224;14734402
20;10;RESERVA/ADMINISTRACIÓN;-528497088;19:01:33.390355;19:01:58.143493;24753138
20;10;RESERVA/ADMINISTRACIÓN;-536889792;19:01:33.390929;19:02:08.163795;34772866
20;10;RESERVA/ADMINISTRACIÓN;-545282496;19:01:33.393580;19:02:18.183766;44790186
20;10;RESERVA/ADMINISTRACIÓN;-553675200;19:01:33.394112;19:02:28.199988;54805876
20;10;RESERVA/ADMINISTRACIÓN;-562067904;19:01:33.394689;19:02:38.214868;64820179
20;10;RESERVA/ADMINISTRACIÓN;-570460608;19:01:33.395200;19:02:48.235169;74839969
20;10;RESERVA/ADMINISTRACIÓN;-578853312;19:01:33.397804;19:02:58.251200;84853396
20;10;RESERVA/ADMINISTRACIÓN;-587246016;19:01:33.398175;19:03:07.767866;94369691
20;10;RESERVA/ADMINISTRACIÓN;287303232;19:01:33.387047;19:01:38.601154;5214107
20;10;RESERVA/ADMINISTRACIÓN;278910528;19:01:33.389710;19:01:48.625895;15236185
20;10;RESERVA/ADMINISTRACIÓN;270517824;19:01:33.390251;19:01:58.645520;25255269
20;10;RESERVA/ADMINISTRACIÓN;262125120;19:01:33.390829;19:02:08.664311;35273482
20;10;RESERVA/ADMINISTRACIÓN;253732416;19:01:33.393456;19:02:18.684904;45291448
20;10;RESERVA/ADMINISTRACIÓN;245339712;19:01:33.394009;19:02:28.700418;55306409
20;10;RESERVA/ADMINISTRACIÓN;236947008;19:01:33.394584;19:02:38.715306;65320722
20;10;RESERVA/ADMINISTRACIÓN;228554304;19:01:33.395099;19:02:48.735669;75340570
20;10;RESERVA/ADMINISTRACIÓN;220161600;19:01:33.397701;19:02:58.751935;85354234
20;10;RESERVA/ADMINISTRACIÓN;211768896;19:01:33.398137;19:03:08.269234;94871097
20;10;RESERVA/ADMINISTRACIÓN;394257984;19:01:33.386793;19:01:39.102077;5715284
20;10;RESERVA/ADMINISTRACIÓN;385865280;19:01:33.389627;19:01:49.127224;15737597
20;10;RESERVA/ADMINISTRACIÓN;377472576;19:01:33.390175;19:01:59.146873;25756698
20;10;RESERVA/ADMINISTRACIÓN;369079872;19:01:33.390752;19:02:09.165606;35774854
20;10;RESERVA/ADMINISTRACIÓN;360687168;19:01:33.393274;19:02:19.185648;45792374
20;10;RESERVA/ADMINISTRACIÓN;352294464;19:01:33.393930;19:02:29.201477;55807547
20;10;RESERVA/ADMINISTRACIÓN;343901760;19:01:33.394506;19:02:39.216518;65822012
20;10;RESERVA/ADMINISTRACIÓN;335509056;19:01:33.395023;19:02:49.236104;75841081
20;10;RESERVA/ADMINISTRACIÓN;327116352;19:01:33.397621;19:02:59.252813;85855192
20;10;RESERVA/ADMINISTRACIÓN;318723648;19:01:33.398107;19:03:08.770058;95371951
20;10;RESERVA/ADMINISTRACIÓN;-1293949376;19:01:33.386937;19:01:39.602897;6215960
20;10;RESERVA/ADMINISTRACIÓN;-1302342080;19:01:33.389654;19:01:49.627776;16238122
20;10;RESERVA/ADMINISTRACIÓN;-1310734784;19:01:33.390200;19:01:59.648193;26257993
20;10;RESERVA/ADMINISTRACIÓN;-1319127488;19:01:33.390777;19:02:09.666467;36275690
20;10;RESERVA/ADMINISTRACIÓN;-1327520192;19:01:33.393312;19:02:19.686459;46293147
20;10;RESERVA/ADMINISTRACIÓN;-1335912896;19:01:33.393959;19:02:29.702011;56308052
20;10;RESERVA/ADMINISTRACIÓN;-1344305600;19:01:33.394532;19:02:39.718351;66323819
20;10;RESERVA/ADMINISTRACIÓN;-1352698304;19:01:33.395047;19:02:49.736548;76341501
20;10;RESERVA/ADMINISTRACIÓN;-1361091008;19:01:33.397646;19:02:59.753508;86355862
20;10;RESERVA/ADMINISTRACIÓN;-1369483712;19:01:33.398118;19:03:09.270708;95872590
20;10;RESERVA/ADMINISTRACIÓN;-1231034816;19:01:33.386992;19:01:40.104918;6717926
20;10;RESERVA/ADMINISTRACIÓN;-1239427520;19:01:33.389681;19:01:50.128415;16738734
20;10;RESERVA/ADMINISTRACIÓN;-1247820224;19:01:33.390225;19:02:00.150322;26760097
20;10;RESERVA/ADMINISTRACIÓN;-1256212928;19:01:33.390802;19:02:10.167343;36776541
20;10;RESERVA/ADMINISTRACIÓN;-1264605632;19:01:33.393340;19:02:20.186868;46793528
20;10;RESERVA/ADMINISTRACIÓN;-1272998336;19:01:33.393983;19:02:30.202387;56808404
20;10;RESERVA/ADMINISTRACIÓN;-1281391040;19:01:33.394558;19:02:40.219289;66824731
20;10;RESERVA/ADMINISTRACIÓN;-1289783744;19:01:33.395073;19:02:50.238225;76843152
20;10;RESERVA/ADMINISTRACIÓN;-1298176448;19:01:33.397672;19:03:00.256095;86858423
20;10;RESERVA/ADMINISTRACIÓN;-1306569152;19:01:33.398128;19:03:09.771779;96373651
20;10;RESERVA/ADMINISTRACIÓN;-1459624384;19:01:33.387212;19:01:40.605541;7218329
20;10;RESERVA/ADMINISTRACIÓN;-1468017088;19:01:33.389796;19:01:50.629281;17239485
20;10;RESERVA/ADMINISTRACIÓN;-1476409792;19:01:33.390331;19:02:00.651163;27260832
20;10;RESERVA/ADMINISTRACIÓN;-1484802496;19:01:33.390904;19:02:10.668433;37277529
20;10;RESERVA/ADMINISTRACIÓN;-1493195200;19:01:33.393554;19:02:20.687478;47293924
20;10;RESERVA/ADMINISTRACIÓN;-1501587904;19:01:33.394087;19:02:30.702687;57308600
20;10;RESERVA/ADMINISTRACIÓN;-1509980608;19:01:33.394662;19:02:40.720192;67325530
20;10;RESERVA/ADMINISTRACIÓN;-1518373312;19:01:33.395176;19:02:50.738758;77343582
20;10;RESERVA/ADMINISTRACIÓN;-1526766016;19:01:33.397779;19:03:00.756581;87358802
20;10;RESERVA/ADMINISTRACIÓN;-1535158720;19:01:33.398166;19:03:10.272923;96874757
20;10;RESERVA/ADMINISTRACIÓN;-2084575680;19:01:33.387166;19:01:41.106692;7719526
20;10;RESERVA/ADMINISTRACIÓN;-2092968384;19:01:33.389768;19:01:51.130294;17740526
20;10;RESERVA/ADMINISTRACIÓN;-2101361088;19:01:33.390304;19:02:01.152003;27761699
20;10;RESERVA/ADMINISTRACIÓN;-2109753792;19:01:33.390879;19:02:11.169439;37778560
20;10;RESERVA/ADMINISTRACIÓN;-2118146496;19:01:33.393527;19:02:21.188601;47795074
20;10;RESERVA/ADMINISTRACIÓN;-2126539200;19:01:33.394061;19:02:31.203088;57809027
20;10;RESERVA/ADMINISTRACIÓN;-2134931904;19:01:33.394636;19:02:41.221375;67826739
20;10;RESERVA/ADMINISTRACIÓN;-2143324608;19:01:33.395151;19:02:51.239492;77844341
20;10;RESERVA/ADMINISTRACIÓN;2143249984;19:01:33.397754;19:03:01.257035;87859281
20;10;RESERVA/ADMINISTRACIÓN;2134857280;19:01:33.398156;19:03:10.774103;97375947
20;10;RESERVA/ADMINISTRACIÓN;-788535744;19:01:33.387341;19:01:41.607284;8219943
20;10;RESERVA/ADMINISTRACIÓN;-796928448;19:01:33.389877;19:01:51.631341;18241464
20;10;RESERVA/ADMINISTRACIÓN;-805321152;19:01:33.390406;19:02:01.653274;28262868
20;10;RESERVA/ADMINISTRACIÓN;-813713856;19:01:33.390980;19:02:11.670386;38279406
20;10;RESERVA/ADMINISTRACIÓN;-822106560;19:01:33.393636;19:02:21.689042;48295406
20;10;RESERVA/ADMINISTRACIÓN;-830499264;19:01:33.394163;19:02:31.704041;58309878
20;10;RESERVA/ADMINISTRACIÓN;-838891968;19:01:33.394740;19:02:41.721674;68326934
20;10;RESERVA/ADMINISTRACIÓN;-847284672;19:01:33.395248;19:02:51.741008;78345760
20;10;RESERVA/ADMINISTRACIÓN;-855677376;19:01:33.397853;19:03:01.757535;88359682
20;10;RESERVA/ADMINISTRACIÓN;-864070080;19:01:33.398194;19:03:11.274706;97876512
20;10;RESERVA/ADMINISTRACIÓN;-1763711424;19:01:33.387299;19:01:42.109078;8721779
20;10;RESERVA/ADMINISTRACIÓN;-1772104128;19:01:33.389851;19:01:52.132532;18742681
20;10;RESERVA/ADMINISTRACIÓN;-1780496832;19:01:33.390381;19:02:02.154653;28764272
20;10;RESERVA/ADMINISTRACIÓN;-1788889536;19:01:33.390956;19:02:12.170840;38779884
20;10;RESERVA/ADMINISTRACIÓN;-1797282240;19:01:33.393609;19:02:22.189904;48796295
20;10;RESERVA/ADMINISTRACIÓN;-1805674944;19:01:33.394137;19:02:32.204452;58810315
20;10;RESERVA/ADMINISTRACIÓN;-1814067648;19:01:33.394716;19:02:42.222197;68827481
20;10;RESERVA/ADMINISTRACIÓN;-1822460352;19:01:33.395224;19:02:52.241879;78846655
20;10;RESERVA/ADMINISTRACIÓN;-1830853056;19:01:33.397828;19:03:02.257902;88860074
20;10;RESERVA/ADMINISTRACIÓN;-1839245760;19:01:33.398184;19:03:11.775704;98377520
20;10;RESERVA/ADMINISTRACIÓN;-1457527232;19:01:33.387390;19:01:42.609959;9222569
20;10;RESERVA/ADMINISTRACIÓN;-1465919936;19:01:33.389905;19:01:52.633630;19243725
20;10;RESERVA/ADMINISTRACIÓN;-1474312640;19:01:33.390436;19:02:02.655139;29264703
20;10;RESERVA/ADMINISTRACIÓN;-1482705344;19:01:33.391007;19:02:12.671728;39280721
20;10;RESERVA/ADMINISTRACIÓN;-1491098048;19:01:33.393665;19:02:22.691707;49298042
20;10;RESERVA/ADMINISTRACIÓN;-1499490752;19:01:33.394190;19:02:32.705410;59311220
20;10;RESERVA/ADMINISTRACIÓN;-1507883456;19:01:33.394767;19:02:42.723317;69328550
20;10;RESERVA/ADMINISTRACIÓN;-1516276160;19:01:33.395278;19:02:52.742289;79347011
20;10;RESERVA/ADMINISTRACIÓN;-1524668864;19:01:33.397880;19:03:02.759160;89361280
20;10;RESERVA/ADMINISTRACIÓN;-1533061568;19:01:33.398203;19:03:12.276231;98878028
20;10;RESERVA/ADMINISTRACIÓN;2030036544;19:01:33.387435;19:01:43.113955;9726520
20;10;RESERVA/ADMINISTRACIÓN;2021643840;19:01:33.389933;19:01:53.134644;19744711
20;10;RESERVA/ADMINISTRACIÓN;2013251136;19:01:33.390509;19:02:03.155904;29765395
20;10;RESERVA/ADMINISTRACIÓN;2004858432;19:01:33.391031;19:02:13.173397;39782366
20;10;RESERVA/ADMINISTRACIÓN;1996465728;19:01:33.393693;19:02:23.192944;49799251
20;10;RESERVA/ADMINISTRACIÓN;1988073024;19:01:33.394215;19:02:33.206882;59812667
20;10;RESERVA/ADMINISTRACIÓN;1979680320;19:01:33.394792;19:02:43.223728;69828936
20;10;RESERVA/ADMINISTRACIÓN;1971287616;19:01:33.397381;19:02:53.242589;79845208
20;10;RESERVA/ADMINISTRACIÓN;1962894912;19:01:33.397905;19:03:03.260347;89862442
20;10;RESERVA/ADMINISTRACIÓN;1954502208;19:01:33.398212;19:03:12.776722;99378510
20;10;RESERVA/ADMINISTRACIÓN;113239616;19:01:33.387478;19:01:43.615363;10227885
20;10;RESERVA/ADMINISTRACIÓN;104846912;19:01:33.389960;19:01:53.635329;20245369
20;10;RESERVA/ADMINISTRACIÓN;96454208;19:01:33.390545;19:02:03.656610;30266065
20;10;RESERVA/ADMINISTRACIÓN;88061504;19:01:33.391057;19:02:13.674179;40283122
20;10;RESERVA/ADMINISTRACIÓN;79668800;19:01:33.393719;19:02:23.694073;50300354
20;10;RESERVA/ADMINISTRACIÓN;71276096;19:01:33.394239;19:02:33.707835;60313596
20;10;RESERVA/ADMINISTRACIÓN;62883392;19:01:33.394816;19:02:43.724529;70329713
20;10;RESERVA/ADMINISTRACIÓN;54490688;19:01:33.397409;19:02:53.743534;80346125
20;10;RESERVA/ADMINISTRACIÓN;46097984;19:01:33.397930;19:03:03.760638;90362708
20;10;RESERVA/ADMINISTRACIÓN;37705280;19:01:33.398222;19:03:13.277587;99879365
20;10;RESERVA/ADMINISTRACIÓN;-908073408;19:01:33.387519;19:01:44.116455;10728936
20;10;RESERVA/ADMINISTRACIÓN;-916466112;19:01:33.389985;19:01:54.135707;20745722
20;10;RESERVA/ADMINISTRACIÓN;-924858816;19:01:33.390572;19:02:04.157011;30766439
20;10;RESERVA/ADMINISTRACIÓN;-933251520;19:01:33.391081;19:02:14.174580;40783499
20;10;RESERVA/ADMINISTRACIÓN;-941644224;19:01:33.393745;19:02:24.194505;50800760
20;10;RESERVA/ADMINISTRACIÓN;-950036928;19:01:33.394268;19:02:34.209200;60814932
20;10;RESERVA/ADMINISTRACIÓN;-958429632;19:01:33.394841;19:02:44.225005;70830164
20;10;RESERVA/ADMINISTRACIÓN;-966822336;19:01:33.397436;19:02:54.244104;80846668
20;10;RESERVA/ADMINISTRACIÓN;-975215040;19:01:33.397955;19:03:04.262020;90864065
20;10;RESERVA/ADMINISTRACIÓN;-983607744;19:01:33.398231;19:03:13.777927;100379696
20;10;RESERVA/ADMINISTRACIÓN;2069882432;19:01:33.387603;19:01:44.617471;11229868
20;10;RESERVA/ADMINISTRACIÓN;2061489728;19:01:33.390011;19:01:54.636450;21246439
20;10;RESERVA/ADMINISTRACIÓN;2053097024;19:01:33.390599;19:02:04.657466;31266867
20;10;RESERVA/ADMINISTRACIÓN;2044704320;19:01:33.391105;19:02:14.676005;41284900
20;10;RESERVA/ADMINISTRACIÓN;2036311616;19:01:33.393770;19:02:24.695761;51301991
20;10;RESERVA/ADMINISTRACIÓN;2027918912;19:01:33.394293;19:02:34.709561;61315268
20;10;RESERVA/ADMINISTRACIÓN;2019526208;19:01:33.394866;19:02:44.726361;71331495
20;10;RESERVA/ADMINISTRACIÓN;2011133504;19:01:33.397461;19:02:54.745110;81347649
20;10;RESERVA/ADMINISTRACIÓN;2002740800;19:01:33.397981;19:03:04.762916;91364935
20;10;RESERVA/ADMINISTRACIÓN;1994348096;19:01:33.398241;19:03:14.281106;100882865
20;10;RESERVA/ADMINISTRACIÓN;1472194112;19:01:33.387687;19:01:45.118041;11730354
20;10;RESERVA/ADMINISTRACIÓN;1463801408;19:01:33.390067;19:01:55.137353;21747286
20;10;RESERVA/ADMINISTRACIÓN;1455408704;19:01:33.390652;19:02:05.157842;31767190
20;10;RESERVA/ADMINISTRACIÓN;1447016000;19:01:33.391159;19:02:15.176920;41785761
20;10;RESERVA/ADMINISTRACIÓN;1438623296;19:01:33.393823;19:02:25.196493;51802670
20;10;RESERVA/ADMINISTRACIÓN;1430230592;19:01:33.394346;19:02:35.210597;61816251
20;10;RESERVA/ADMINISTRACIÓN;1421837888;19:01:33.394919;19:02:45.227938;71833019
20;10;RESERVA/ADMINISTRACIÓN;1413445184;19:01:33.397514;19:02:55.245872;81848358
20;10;RESERVA/ADMINISTRACIÓN;1405052480;19:01:33.398022;19:03:05.263936;91865914
20;10;RESERVA/ADMINISTRACIÓN;1396659776;19:01:33.398250;19:03:14.781508;101383258
20;10;RESERVA/ADMINISTRACIÓN;616556096;19:01:33.387107;19:01:45.618998;12231891
20;10;RESERVA/ADMINISTRACIÓN;608163392;19:01:33.389719;19:01:55.638406;22248687
20;10;RESERVA/ADMINISTRACIÓN;599770688;19:01:33.390275;19:02:05.658732;32268457
20;10;RESERVA/ADMINISTRACIÓN;591377984;19:01:33.390852;19:02:15.678246;42287394
20;10;RESERVA/ADMINISTRACIÓN;582985280;19:01:33.393494;19:02:25.697297;52303803
20;10;RESERVA/ADMINISTRACIÓN;574592576;19:01:33.394033;19:02:35.711338;62317305
20;10;RESERVA/ADMINISTRACIÓN;566199872;19:01:33.394609;19:02:45.728449;72333840
20;10;RESERVA/ADMINISTRACIÓN;557807168;19:01:33.395123;19:02:55.746489;82351366
20;10;RESERVA/ADMINISTRACIÓN;549414464;19:01:33.397726;19:03:05.764699;92366973
20;10;RESERVA/ADMINISTRACIÓN;541021760;19:01:33.398147;19:03:15.282106;101883959
20;10;RESERVA/ADMINISTRACIÓN;-736106944;19:01:33.387727;19:01:46.119605;12731878
20;10;RESERVA/ADMINISTRACIÓN;-744499648;19:01:33.390092;19:01:56.139682;22749590
20;10;RESERVA/ADMINISTRACIÓN;-752892352;19:01:33.390677;19:02:06.160202;32769525
20;10;RESERVA/ADMINISTRACIÓN;-761285056;19:01:33.391183;19:02:16.179517;42788334
20;10;RESERVA/ADMINISTRACIÓN;-769677760;19:01:33.393849;19:02:26.197900;52804051
20;10;RESERVA/ADMINISTRACIÓN;-778070464;19:01:33.394421;19:02:36.211706;62817285
20;10;RESERVA/ADMINISTRACIÓN;-786463168;19:01:33.394943;19:02:46.229516;72834573
20;10;RESERVA/ADMINISTRACIÓN;-794855872;19:01:33.397542;19:02:56.248175;82850633
20;10;RESERVA/ADMINISTRACIÓN;-803248576;19:01:33.398047;19:03:06.265339;92867292
20;10;RESERVA/ADMINISTRACIÓN;-811641280;19:01:33.398260;19:03:15.783192;102384932
20;10;RESERVA/ADMINISTRACIÓN;-794827200;19:01:33.389564;19:01:46.621531;13231967
20;10;RESERVA/ADMINISTRACIÓN;-803219904;19:01:33.390147;19:01:56.640790;23250643
20;10;RESERVA/ADMINISTRACIÓN;-811612608;19:01:33.390725;19:02:06.660992;33270267
20;10;RESERVA/ADMINISTRACIÓN;-820005312;19:01:33.391233;19:02:16.680610;43289377
20;10;RESERVA/ADMINISTRACIÓN;-828398016;19:01:33.393902;19:02:26.698647;53304745
20;10;RESERVA/ADMINISTRACIÓN;-836790720;19:01:33.394476;19:02:36.712297;63317821
20;10;RESERVA/ADMINISTRACIÓN;-845183424;19:01:33.394996;19:02:46.730957;73335961
20;10;RESERVA/ADMINISTRACIÓN;-853576128;19:01:33.397593;19:02:56.749785;83352192
20;10;RESERVA/ADMINISTRACIÓN;-861968832;19:01:33.398096;19:03:06.766754;93368658
20;10;RESERVA/ADMINISTRACIÓN;-870361536;19:01:33.398330;19:03:16.284282;102885952
20;10;RESERVA/ADMINISTRACIÓN;555738688;19:01:33.387767;19:01:47.122344;13734577
20;10;RESERVA/ADMINISTRACIÓN;547345984;19:01:33.390121;19:01:57.142115;23751994
20;10;RESERVA/ADMINISTRACIÓN;538953280;19:01:33.390701;19:02:07.162330;33771629
20;10;RESERVA/ADMINISTRACIÓN;530560576;19:01:33.391207;19:02:17.181467;43790260
20;10;RESERVA/ADMINISTRACIÓN;522167872;19:01:33.393876;19:02:27.198931;53805055
20;10;RESERVA/ADMINISTRACIÓN;513775168;19:01:33.394450;19:02:37.213650;63819200
20;10;RESERVA/ADMINISTRACIÓN;505382464;19:01:33.394970;19:02:47.233037;73838067
20;10;RESERVA/ADMINISTRACIÓN;496989760;19:01:33.397567;19:02:57.250321;83852754
20;10;RESERVA/ADMINISTRACIÓN;488597056;19:01:33.398072;19:03:07.267384;93869312
20;10;RESERVA/ADMINISTRACIÓN;480204352;19:01:33.398332;19:03:16.785441;103387109
